[2024-09-03T11:28:16.507+0000] {local_task_job_runner.py:123} INFO - ::group::Pre task execution logs
[2024-09-03T11:28:16.526+0000] {taskinstance.py:2603} INFO - Dependencies all met for dep_context=non-requeueable deps ti=<TaskInstance: ETL_apache_airflow.export_to_json manual__2024-09-03T11:27:55.662121+00:00 [queued]>
[2024-09-03T11:28:16.536+0000] {taskinstance.py:2603} INFO - Dependencies all met for dep_context=requeueable deps ti=<TaskInstance: ETL_apache_airflow.export_to_json manual__2024-09-03T11:27:55.662121+00:00 [queued]>
[2024-09-03T11:28:16.538+0000] {taskinstance.py:2856} INFO - Starting attempt 1 of 2
[2024-09-03T11:28:16.554+0000] {taskinstance.py:2879} INFO - Executing <Task(PythonOperator): export_to_json> on 2024-09-03 11:27:55.662121+00:00
[2024-09-03T11:28:16.563+0000] {warnings.py:112} WARNING - /home/***/.local/lib/python3.12/site-packages/***/task/task_runner/standard_task_runner.py:70: DeprecationWarning: This process (pid=105) is multi-threaded, use of fork() may lead to deadlocks in the child.
  pid = os.fork()

[2024-09-03T11:28:16.565+0000] {standard_task_runner.py:72} INFO - Started process 109 to run task
[2024-09-03T11:28:16.566+0000] {standard_task_runner.py:104} INFO - Running: ['***', 'tasks', 'run', 'ETL_apache_***', 'export_to_json', 'manual__2024-09-03T11:27:55.662121+00:00', '--job-id', '141', '--raw', '--subdir', 'DAGS_FOLDER/ETL.py', '--cfg-path', '/tmp/tmp_fd85ycg']
[2024-09-03T11:28:16.567+0000] {standard_task_runner.py:105} INFO - Job 141: Subtask export_to_json
[2024-09-03T11:28:16.621+0000] {task_command.py:467} INFO - Running <TaskInstance: ETL_apache_airflow.export_to_json manual__2024-09-03T11:27:55.662121+00:00 [running]> on host 8abab1ccc371
[2024-09-03T11:28:16.723+0000] {taskinstance.py:3122} INFO - Exporting env vars: AIRFLOW_CTX_DAG_EMAIL='buitiensang191@gmail.com' AIRFLOW_CTX_DAG_OWNER='Bui Tien Sang' AIRFLOW_CTX_DAG_ID='ETL_apache_***' AIRFLOW_CTX_TASK_ID='export_to_json' AIRFLOW_CTX_EXECUTION_DATE='2024-09-03T11:27:55.662121+00:00' AIRFLOW_CTX_TRY_NUMBER='1' AIRFLOW_CTX_DAG_RUN_ID='manual__2024-09-03T11:27:55.662121+00:00'
[2024-09-03T11:28:16.725+0000] {logging_mixin.py:190} INFO - Task instance is in running state
[2024-09-03T11:28:16.725+0000] {logging_mixin.py:190} INFO -  Previous state of the Task instance: queued
[2024-09-03T11:28:16.726+0000] {logging_mixin.py:190} INFO - Current task name:export_to_json state:running start_date:2024-09-03 11:28:16.526835+00:00
[2024-09-03T11:28:16.727+0000] {logging_mixin.py:190} INFO - Dag name:ETL_apache_*** and current dag run status:running
[2024-09-03T11:28:16.727+0000] {taskinstance.py:731} INFO - ::endgroup::
[2024-09-03T11:28:16.997+0000] {logging_mixin.py:190} INFO - Data exported to JSON format in /opt/***/dags/staging/transformed_data.json
[2024-09-03T11:28:17.001+0000] {python.py:240} INFO - Done. Returned value was: None
[2024-09-03T11:28:17.014+0000] {taskinstance.py:340} INFO - ::group::Post task execution logs
[2024-09-03T11:28:17.015+0000] {taskinstance.py:352} INFO - Marking task as SUCCESS. dag_id=ETL_apache_***, task_id=export_to_json, run_id=manual__2024-09-03T11:27:55.662121+00:00, execution_date=20240903T112755, start_date=20240903T112816, end_date=20240903T112817
[2024-09-03T11:28:17.027+0000] {logging_mixin.py:190} INFO - Task instance in success state
[2024-09-03T11:28:17.028+0000] {logging_mixin.py:190} INFO -  Previous state of the Task instance: running
[2024-09-03T11:28:17.030+0000] {logging_mixin.py:190} INFO - Dag name:ETL_apache_*** queued_at:2024-09-03 11:27:55.685289+00:00
[2024-09-03T11:28:17.031+0000] {logging_mixin.py:190} INFO - Task hostname:8abab1ccc371 operator:PythonOperator
[2024-09-03T11:28:17.062+0000] {local_task_job_runner.py:261} INFO - Task exited with return code 0
[2024-09-03T11:28:17.087+0000] {taskinstance.py:3891} INFO - 1 downstream tasks scheduled from follow-on schedule check
[2024-09-03T11:28:17.090+0000] {local_task_job_runner.py:240} INFO - ::endgroup::
