[2024-09-03T11:28:14.071+0000] {local_task_job_runner.py:123} INFO - ::group::Pre task execution logs
[2024-09-03T11:28:14.109+0000] {taskinstance.py:2603} INFO - Dependencies all met for dep_context=non-requeueable deps ti=<TaskInstance: ETL_apache_airflow.check_data_rows manual__2024-09-03T11:27:55.662121+00:00 [queued]>
[2024-09-03T11:28:14.128+0000] {taskinstance.py:2603} INFO - Dependencies all met for dep_context=requeueable deps ti=<TaskInstance: ETL_apache_airflow.check_data_rows manual__2024-09-03T11:27:55.662121+00:00 [queued]>
[2024-09-03T11:28:14.130+0000] {taskinstance.py:2856} INFO - Starting attempt 1 of 2
[2024-09-03T11:28:14.161+0000] {taskinstance.py:2879} INFO - Executing <Task(PythonOperator): check_data_rows> on 2024-09-03 11:27:55.662121+00:00
[2024-09-03T11:28:14.181+0000] {warnings.py:112} WARNING - /home/***/.local/lib/python3.12/site-packages/***/task/task_runner/standard_task_runner.py:70: DeprecationWarning: This process (pid=101) is multi-threaded, use of fork() may lead to deadlocks in the child.
  pid = os.fork()

[2024-09-03T11:28:14.184+0000] {standard_task_runner.py:104} INFO - Running: ['***', 'tasks', 'run', 'ETL_apache_***', 'check_data_rows', 'manual__2024-09-03T11:27:55.662121+00:00', '--job-id', '140', '--raw', '--subdir', 'DAGS_FOLDER/ETL.py', '--cfg-path', '/tmp/tmp50ohx_f7']
[2024-09-03T11:28:14.187+0000] {standard_task_runner.py:105} INFO - Job 140: Subtask check_data_rows
[2024-09-03T11:28:14.186+0000] {standard_task_runner.py:72} INFO - Started process 103 to run task
[2024-09-03T11:28:14.327+0000] {task_command.py:467} INFO - Running <TaskInstance: ETL_apache_airflow.check_data_rows manual__2024-09-03T11:27:55.662121+00:00 [running]> on host 8abab1ccc371
[2024-09-03T11:28:14.529+0000] {taskinstance.py:3122} INFO - Exporting env vars: AIRFLOW_CTX_DAG_EMAIL='buitiensang191@gmail.com' AIRFLOW_CTX_DAG_OWNER='Bui Tien Sang' AIRFLOW_CTX_DAG_ID='ETL_apache_***' AIRFLOW_CTX_TASK_ID='check_data_rows' AIRFLOW_CTX_EXECUTION_DATE='2024-09-03T11:27:55.662121+00:00' AIRFLOW_CTX_TRY_NUMBER='1' AIRFLOW_CTX_DAG_RUN_ID='manual__2024-09-03T11:27:55.662121+00:00'
[2024-09-03T11:28:14.558+0000] {logging_mixin.py:190} INFO - Task instance is in running state
[2024-09-03T11:28:14.577+0000] {logging_mixin.py:190} INFO -  Previous state of the Task instance: queued
[2024-09-03T11:28:14.597+0000] {logging_mixin.py:190} INFO - Current task name:check_data_rows state:running start_date:2024-09-03 11:28:14.111130+00:00
[2024-09-03T11:28:14.599+0000] {logging_mixin.py:190} INFO - Dag name:ETL_apache_*** and current dag run status:running
[2024-09-03T11:28:14.600+0000] {taskinstance.py:731} INFO - ::endgroup::
[2024-09-03T11:28:14.738+0000] {logging_mixin.py:190} INFO - Transformed data file contains 9999 rows of data.
[2024-09-03T11:28:14.739+0000] {python.py:240} INFO - Done. Returned value was: None
[2024-09-03T11:28:14.763+0000] {taskinstance.py:340} INFO - ::group::Post task execution logs
[2024-09-03T11:28:14.764+0000] {taskinstance.py:352} INFO - Marking task as SUCCESS. dag_id=ETL_apache_***, task_id=check_data_rows, run_id=manual__2024-09-03T11:27:55.662121+00:00, execution_date=20240903T112755, start_date=20240903T112814, end_date=20240903T112814
[2024-09-03T11:28:14.797+0000] {logging_mixin.py:190} INFO - Task instance in success state
[2024-09-03T11:28:14.800+0000] {logging_mixin.py:190} INFO -  Previous state of the Task instance: running
[2024-09-03T11:28:14.802+0000] {logging_mixin.py:190} INFO - Dag name:ETL_apache_*** queued_at:2024-09-03 11:27:55.685289+00:00
[2024-09-03T11:28:14.804+0000] {logging_mixin.py:190} INFO - Task hostname:8abab1ccc371 operator:PythonOperator
[2024-09-03T11:28:14.852+0000] {local_task_job_runner.py:261} INFO - Task exited with return code 0
[2024-09-03T11:28:14.890+0000] {taskinstance.py:3891} INFO - 2 downstream tasks scheduled from follow-on schedule check
[2024-09-03T11:28:14.894+0000] {local_task_job_runner.py:240} INFO - ::endgroup::
