[2024-09-03T11:28:08.953+0000] {local_task_job_runner.py:123} INFO - ::group::Pre task execution logs
[2024-09-03T11:28:08.975+0000] {taskinstance.py:2603} INFO - Dependencies all met for dep_context=non-requeueable deps ti=<TaskInstance: ETL_apache_airflow.consolidate_data manual__2024-09-03T11:27:55.662121+00:00 [queued]>
[2024-09-03T11:28:08.985+0000] {taskinstance.py:2603} INFO - Dependencies all met for dep_context=requeueable deps ti=<TaskInstance: ETL_apache_airflow.consolidate_data manual__2024-09-03T11:27:55.662121+00:00 [queued]>
[2024-09-03T11:28:08.986+0000] {taskinstance.py:2856} INFO - Starting attempt 1 of 2
[2024-09-03T11:28:09.002+0000] {taskinstance.py:2879} INFO - Executing <Task(PythonOperator): consolidate_data> on 2024-09-03 11:27:55.662121+00:00
[2024-09-03T11:28:09.012+0000] {warnings.py:112} WARNING - /home/***/.local/lib/python3.12/site-packages/***/task/task_runner/standard_task_runner.py:70: DeprecationWarning: This process (pid=93) is multi-threaded, use of fork() may lead to deadlocks in the child.
  pid = os.fork()

[2024-09-03T11:28:09.013+0000] {standard_task_runner.py:104} INFO - Running: ['***', 'tasks', 'run', 'ETL_apache_***', 'consolidate_data', 'manual__2024-09-03T11:27:55.662121+00:00', '--job-id', '138', '--raw', '--subdir', 'DAGS_FOLDER/ETL.py', '--cfg-path', '/tmp/tmp34fbp_rg']
[2024-09-03T11:28:09.014+0000] {standard_task_runner.py:72} INFO - Started process 95 to run task
[2024-09-03T11:28:09.015+0000] {standard_task_runner.py:105} INFO - Job 138: Subtask consolidate_data
[2024-09-03T11:28:09.073+0000] {task_command.py:467} INFO - Running <TaskInstance: ETL_apache_airflow.consolidate_data manual__2024-09-03T11:27:55.662121+00:00 [running]> on host 8abab1ccc371
[2024-09-03T11:28:09.170+0000] {taskinstance.py:3122} INFO - Exporting env vars: AIRFLOW_CTX_DAG_EMAIL='buitiensang191@gmail.com' AIRFLOW_CTX_DAG_OWNER='Bui Tien Sang' AIRFLOW_CTX_DAG_ID='ETL_apache_***' AIRFLOW_CTX_TASK_ID='consolidate_data' AIRFLOW_CTX_EXECUTION_DATE='2024-09-03T11:27:55.662121+00:00' AIRFLOW_CTX_TRY_NUMBER='1' AIRFLOW_CTX_DAG_RUN_ID='manual__2024-09-03T11:27:55.662121+00:00'
[2024-09-03T11:28:09.172+0000] {logging_mixin.py:190} INFO - Task instance is in running state
[2024-09-03T11:28:09.173+0000] {logging_mixin.py:190} INFO -  Previous state of the Task instance: queued
[2024-09-03T11:28:09.173+0000] {logging_mixin.py:190} INFO - Current task name:consolidate_data state:running start_date:2024-09-03 11:28:08.976125+00:00
[2024-09-03T11:28:09.174+0000] {logging_mixin.py:190} INFO - Dag name:ETL_apache_*** and current dag run status:running
[2024-09-03T11:28:09.175+0000] {taskinstance.py:731} INFO - ::endgroup::
[2024-09-03T11:28:09.255+0000] {logging_mixin.py:190} INFO - Data consolidated into /opt/***/dags/staging/extracted_data.csv
[2024-09-03T11:28:09.256+0000] {python.py:240} INFO - Done. Returned value was: None
[2024-09-03T11:28:09.267+0000] {taskinstance.py:340} INFO - ::group::Post task execution logs
[2024-09-03T11:28:09.268+0000] {taskinstance.py:352} INFO - Marking task as SUCCESS. dag_id=ETL_apache_***, task_id=consolidate_data, run_id=manual__2024-09-03T11:27:55.662121+00:00, execution_date=20240903T112755, start_date=20240903T112808, end_date=20240903T112809
[2024-09-03T11:28:09.281+0000] {logging_mixin.py:190} INFO - Task instance in success state
[2024-09-03T11:28:09.282+0000] {logging_mixin.py:190} INFO -  Previous state of the Task instance: running
[2024-09-03T11:28:09.283+0000] {logging_mixin.py:190} INFO - Dag name:ETL_apache_*** queued_at:2024-09-03 11:27:55.685289+00:00
[2024-09-03T11:28:09.284+0000] {logging_mixin.py:190} INFO - Task hostname:8abab1ccc371 operator:PythonOperator
[2024-09-03T11:28:09.312+0000] {local_task_job_runner.py:261} INFO - Task exited with return code 0
[2024-09-03T11:28:09.343+0000] {taskinstance.py:3891} INFO - 1 downstream tasks scheduled from follow-on schedule check
[2024-09-03T11:28:09.347+0000] {local_task_job_runner.py:240} INFO - ::endgroup::
