[2024-09-03T11:28:06.335+0000] {local_task_job_runner.py:123} INFO - ::group::Pre task execution logs
[2024-09-03T11:28:06.360+0000] {taskinstance.py:2603} INFO - Dependencies all met for dep_context=non-requeueable deps ti=<TaskInstance: ETL_apache_airflow.extract_data_from_csv manual__2024-09-03T11:27:55.662121+00:00 [queued]>
[2024-09-03T11:28:06.377+0000] {taskinstance.py:2603} INFO - Dependencies all met for dep_context=requeueable deps ti=<TaskInstance: ETL_apache_airflow.extract_data_from_csv manual__2024-09-03T11:27:55.662121+00:00 [queued]>
[2024-09-03T11:28:06.379+0000] {taskinstance.py:2856} INFO - Starting attempt 1 of 2
[2024-09-03T11:28:06.402+0000] {taskinstance.py:2879} INFO - Executing <Task(PythonOperator): extract_data_from_csv> on 2024-09-03 11:27:55.662121+00:00
[2024-09-03T11:28:06.414+0000] {warnings.py:112} WARNING - /home/***/.local/lib/python3.12/site-packages/***/task/task_runner/standard_task_runner.py:70: DeprecationWarning: This process (pid=78) is multi-threaded, use of fork() may lead to deadlocks in the child.
  pid = os.fork()

[2024-09-03T11:28:06.416+0000] {standard_task_runner.py:72} INFO - Started process 89 to run task
[2024-09-03T11:28:06.417+0000] {standard_task_runner.py:104} INFO - Running: ['***', 'tasks', 'run', 'ETL_apache_***', 'extract_data_from_csv', 'manual__2024-09-03T11:27:55.662121+00:00', '--job-id', '136', '--raw', '--subdir', 'DAGS_FOLDER/ETL.py', '--cfg-path', '/tmp/tmp1eiyn1hx']
[2024-09-03T11:28:06.419+0000] {standard_task_runner.py:105} INFO - Job 136: Subtask extract_data_from_csv
[2024-09-03T11:28:06.489+0000] {task_command.py:467} INFO - Running <TaskInstance: ETL_apache_airflow.extract_data_from_csv manual__2024-09-03T11:27:55.662121+00:00 [running]> on host 8abab1ccc371
[2024-09-03T11:28:06.615+0000] {taskinstance.py:3122} INFO - Exporting env vars: AIRFLOW_CTX_DAG_EMAIL='buitiensang191@gmail.com' AIRFLOW_CTX_DAG_OWNER='Bui Tien Sang' AIRFLOW_CTX_DAG_ID='ETL_apache_***' AIRFLOW_CTX_TASK_ID='extract_data_from_csv' AIRFLOW_CTX_EXECUTION_DATE='2024-09-03T11:27:55.662121+00:00' AIRFLOW_CTX_TRY_NUMBER='1' AIRFLOW_CTX_DAG_RUN_ID='manual__2024-09-03T11:27:55.662121+00:00'
[2024-09-03T11:28:06.617+0000] {logging_mixin.py:190} INFO - Task instance is in running state
[2024-09-03T11:28:06.618+0000] {logging_mixin.py:190} INFO -  Previous state of the Task instance: queued
[2024-09-03T11:28:06.619+0000] {logging_mixin.py:190} INFO - Current task name:extract_data_from_csv state:running start_date:2024-09-03 11:28:06.361698+00:00
[2024-09-03T11:28:06.620+0000] {logging_mixin.py:190} INFO - Dag name:ETL_apache_*** and current dag run status:running
[2024-09-03T11:28:06.621+0000] {taskinstance.py:731} INFO - ::endgroup::
[2024-09-03T11:28:06.714+0000] {logging_mixin.py:190} INFO - CSV data extracted to /opt/***/dags/staging/csv_data.csv
[2024-09-03T11:28:06.715+0000] {python.py:240} INFO - Done. Returned value was: None
[2024-09-03T11:28:06.729+0000] {taskinstance.py:340} INFO - ::group::Post task execution logs
[2024-09-03T11:28:06.731+0000] {taskinstance.py:352} INFO - Marking task as SUCCESS. dag_id=ETL_apache_***, task_id=extract_data_from_csv, run_id=manual__2024-09-03T11:27:55.662121+00:00, execution_date=20240903T112755, start_date=20240903T112806, end_date=20240903T112806
[2024-09-03T11:28:06.745+0000] {logging_mixin.py:190} INFO - Task instance in success state
[2024-09-03T11:28:06.746+0000] {logging_mixin.py:190} INFO -  Previous state of the Task instance: running
[2024-09-03T11:28:06.747+0000] {logging_mixin.py:190} INFO - Dag name:ETL_apache_*** queued_at:2024-09-03 11:27:55.685289+00:00
[2024-09-03T11:28:06.748+0000] {logging_mixin.py:190} INFO - Task hostname:8abab1ccc371 operator:PythonOperator
[2024-09-03T11:28:06.794+0000] {local_task_job_runner.py:261} INFO - Task exited with return code 0
[2024-09-03T11:28:06.827+0000] {taskinstance.py:3891} INFO - 0 downstream tasks scheduled from follow-on schedule check
[2024-09-03T11:28:06.831+0000] {local_task_job_runner.py:240} INFO - ::endgroup::
