[2024-09-03T11:27:32.229+0000] {processor.py:186} INFO - Started process (PID=81) to work on /home/airflow/.local/lib/python3.12/site-packages/airflow/example_dags/example_task_group_decorator.py
[2024-09-03T11:27:32.232+0000] {processor.py:914} INFO - Processing file /home/airflow/.local/lib/python3.12/site-packages/airflow/example_dags/example_task_group_decorator.py for tasks to queue
[2024-09-03T11:27:32.236+0000] {logging_mixin.py:190} INFO - [2024-09-03T11:27:32.236+0000] {dagbag.py:587} INFO - Filling up the DagBag from /home/airflow/.local/lib/python3.12/site-packages/airflow/example_dags/example_task_group_decorator.py
[2024-09-03T11:27:32.277+0000] {processor.py:925} INFO - DAG(s) 'example_task_group_decorator' retrieved from /home/airflow/.local/lib/python3.12/site-packages/airflow/example_dags/example_task_group_decorator.py
[2024-09-03T11:27:32.348+0000] {logging_mixin.py:190} INFO - [2024-09-03T11:27:32.347+0000] {dag.py:3211} INFO - Sync 1 DAGs
[2024-09-03T11:27:32.386+0000] {logging_mixin.py:190} INFO - [2024-09-03T11:27:32.386+0000] {dag.py:4138} INFO - Setting next_dagrun for example_task_group_decorator to 2024-09-02 00:00:00+00:00, run_after=2024-09-03 00:00:00+00:00
[2024-09-03T11:27:32.423+0000] {processor.py:208} INFO - Processing /home/airflow/.local/lib/python3.12/site-packages/airflow/example_dags/example_task_group_decorator.py took 0.201 seconds
[2024-09-03T11:28:02.718+0000] {processor.py:186} INFO - Started process (PID=144) to work on /home/airflow/.local/lib/python3.12/site-packages/airflow/example_dags/example_task_group_decorator.py
[2024-09-03T11:28:02.719+0000] {processor.py:914} INFO - Processing file /home/airflow/.local/lib/python3.12/site-packages/airflow/example_dags/example_task_group_decorator.py for tasks to queue
[2024-09-03T11:28:02.721+0000] {logging_mixin.py:190} INFO - [2024-09-03T11:28:02.721+0000] {dagbag.py:587} INFO - Filling up the DagBag from /home/airflow/.local/lib/python3.12/site-packages/airflow/example_dags/example_task_group_decorator.py
[2024-09-03T11:28:02.737+0000] {processor.py:925} INFO - DAG(s) 'example_task_group_decorator' retrieved from /home/airflow/.local/lib/python3.12/site-packages/airflow/example_dags/example_task_group_decorator.py
[2024-09-03T11:28:02.768+0000] {logging_mixin.py:190} INFO - [2024-09-03T11:28:02.768+0000] {dag.py:3211} INFO - Sync 1 DAGs
[2024-09-03T11:28:02.794+0000] {logging_mixin.py:190} INFO - [2024-09-03T11:28:02.794+0000] {dag.py:4138} INFO - Setting next_dagrun for example_task_group_decorator to 2024-09-02 00:00:00+00:00, run_after=2024-09-03 00:00:00+00:00
[2024-09-03T11:28:02.823+0000] {processor.py:208} INFO - Processing /home/airflow/.local/lib/python3.12/site-packages/airflow/example_dags/example_task_group_decorator.py took 0.112 seconds
[2024-09-03T11:28:33.127+0000] {processor.py:186} INFO - Started process (PID=215) to work on /home/airflow/.local/lib/python3.12/site-packages/airflow/example_dags/example_task_group_decorator.py
[2024-09-03T11:28:33.128+0000] {processor.py:914} INFO - Processing file /home/airflow/.local/lib/python3.12/site-packages/airflow/example_dags/example_task_group_decorator.py for tasks to queue
[2024-09-03T11:28:33.131+0000] {logging_mixin.py:190} INFO - [2024-09-03T11:28:33.130+0000] {dagbag.py:587} INFO - Filling up the DagBag from /home/airflow/.local/lib/python3.12/site-packages/airflow/example_dags/example_task_group_decorator.py
[2024-09-03T11:28:33.146+0000] {processor.py:925} INFO - DAG(s) 'example_task_group_decorator' retrieved from /home/airflow/.local/lib/python3.12/site-packages/airflow/example_dags/example_task_group_decorator.py
[2024-09-03T11:28:33.174+0000] {logging_mixin.py:190} INFO - [2024-09-03T11:28:33.173+0000] {dag.py:3211} INFO - Sync 1 DAGs
[2024-09-03T11:28:33.197+0000] {logging_mixin.py:190} INFO - [2024-09-03T11:28:33.197+0000] {dag.py:4138} INFO - Setting next_dagrun for example_task_group_decorator to 2024-09-02 00:00:00+00:00, run_after=2024-09-03 00:00:00+00:00
[2024-09-03T11:28:33.222+0000] {processor.py:208} INFO - Processing /home/airflow/.local/lib/python3.12/site-packages/airflow/example_dags/example_task_group_decorator.py took 0.100 seconds
[2024-09-03T11:29:03.645+0000] {processor.py:186} INFO - Started process (PID=278) to work on /home/airflow/.local/lib/python3.12/site-packages/airflow/example_dags/example_task_group_decorator.py
[2024-09-03T11:29:03.647+0000] {processor.py:914} INFO - Processing file /home/airflow/.local/lib/python3.12/site-packages/airflow/example_dags/example_task_group_decorator.py for tasks to queue
[2024-09-03T11:29:03.651+0000] {logging_mixin.py:190} INFO - [2024-09-03T11:29:03.650+0000] {dagbag.py:587} INFO - Filling up the DagBag from /home/airflow/.local/lib/python3.12/site-packages/airflow/example_dags/example_task_group_decorator.py
[2024-09-03T11:29:03.675+0000] {processor.py:925} INFO - DAG(s) 'example_task_group_decorator' retrieved from /home/airflow/.local/lib/python3.12/site-packages/airflow/example_dags/example_task_group_decorator.py
[2024-09-03T11:29:03.718+0000] {logging_mixin.py:190} INFO - [2024-09-03T11:29:03.717+0000] {dag.py:3211} INFO - Sync 1 DAGs
[2024-09-03T11:29:03.753+0000] {logging_mixin.py:190} INFO - [2024-09-03T11:29:03.752+0000] {dag.py:4138} INFO - Setting next_dagrun for example_task_group_decorator to 2024-09-02 00:00:00+00:00, run_after=2024-09-03 00:00:00+00:00
[2024-09-03T11:29:03.783+0000] {processor.py:208} INFO - Processing /home/airflow/.local/lib/python3.12/site-packages/airflow/example_dags/example_task_group_decorator.py took 0.144 seconds
[2024-09-03T11:29:34.362+0000] {processor.py:186} INFO - Started process (PID=341) to work on /home/airflow/.local/lib/python3.12/site-packages/airflow/example_dags/example_task_group_decorator.py
[2024-09-03T11:29:34.364+0000] {processor.py:914} INFO - Processing file /home/airflow/.local/lib/python3.12/site-packages/airflow/example_dags/example_task_group_decorator.py for tasks to queue
[2024-09-03T11:29:34.367+0000] {logging_mixin.py:190} INFO - [2024-09-03T11:29:34.367+0000] {dagbag.py:587} INFO - Filling up the DagBag from /home/airflow/.local/lib/python3.12/site-packages/airflow/example_dags/example_task_group_decorator.py
[2024-09-03T11:29:34.384+0000] {processor.py:925} INFO - DAG(s) 'example_task_group_decorator' retrieved from /home/airflow/.local/lib/python3.12/site-packages/airflow/example_dags/example_task_group_decorator.py
[2024-09-03T11:29:34.413+0000] {logging_mixin.py:190} INFO - [2024-09-03T11:29:34.413+0000] {dag.py:3211} INFO - Sync 1 DAGs
[2024-09-03T11:29:34.439+0000] {logging_mixin.py:190} INFO - [2024-09-03T11:29:34.439+0000] {dag.py:4138} INFO - Setting next_dagrun for example_task_group_decorator to 2024-09-02 00:00:00+00:00, run_after=2024-09-03 00:00:00+00:00
[2024-09-03T11:29:34.467+0000] {processor.py:208} INFO - Processing /home/airflow/.local/lib/python3.12/site-packages/airflow/example_dags/example_task_group_decorator.py took 0.114 seconds
[2024-09-03T11:30:05.099+0000] {processor.py:186} INFO - Started process (PID=404) to work on /home/airflow/.local/lib/python3.12/site-packages/airflow/example_dags/example_task_group_decorator.py
[2024-09-03T11:30:05.101+0000] {processor.py:914} INFO - Processing file /home/airflow/.local/lib/python3.12/site-packages/airflow/example_dags/example_task_group_decorator.py for tasks to queue
[2024-09-03T11:30:05.104+0000] {logging_mixin.py:190} INFO - [2024-09-03T11:30:05.103+0000] {dagbag.py:587} INFO - Filling up the DagBag from /home/airflow/.local/lib/python3.12/site-packages/airflow/example_dags/example_task_group_decorator.py
[2024-09-03T11:30:05.119+0000] {processor.py:925} INFO - DAG(s) 'example_task_group_decorator' retrieved from /home/airflow/.local/lib/python3.12/site-packages/airflow/example_dags/example_task_group_decorator.py
[2024-09-03T11:30:05.146+0000] {logging_mixin.py:190} INFO - [2024-09-03T11:30:05.146+0000] {dag.py:3211} INFO - Sync 1 DAGs
[2024-09-03T11:30:05.169+0000] {logging_mixin.py:190} INFO - [2024-09-03T11:30:05.169+0000] {dag.py:4138} INFO - Setting next_dagrun for example_task_group_decorator to 2024-09-02 00:00:00+00:00, run_after=2024-09-03 00:00:00+00:00
[2024-09-03T11:30:05.194+0000] {processor.py:208} INFO - Processing /home/airflow/.local/lib/python3.12/site-packages/airflow/example_dags/example_task_group_decorator.py took 0.100 seconds
[2024-09-03T11:30:35.527+0000] {processor.py:186} INFO - Started process (PID=467) to work on /home/airflow/.local/lib/python3.12/site-packages/airflow/example_dags/example_task_group_decorator.py
[2024-09-03T11:30:35.529+0000] {processor.py:914} INFO - Processing file /home/airflow/.local/lib/python3.12/site-packages/airflow/example_dags/example_task_group_decorator.py for tasks to queue
[2024-09-03T11:30:35.532+0000] {logging_mixin.py:190} INFO - [2024-09-03T11:30:35.532+0000] {dagbag.py:587} INFO - Filling up the DagBag from /home/airflow/.local/lib/python3.12/site-packages/airflow/example_dags/example_task_group_decorator.py
[2024-09-03T11:30:35.549+0000] {processor.py:925} INFO - DAG(s) 'example_task_group_decorator' retrieved from /home/airflow/.local/lib/python3.12/site-packages/airflow/example_dags/example_task_group_decorator.py
[2024-09-03T11:30:35.576+0000] {logging_mixin.py:190} INFO - [2024-09-03T11:30:35.576+0000] {dag.py:3211} INFO - Sync 1 DAGs
[2024-09-03T11:30:35.601+0000] {logging_mixin.py:190} INFO - [2024-09-03T11:30:35.600+0000] {dag.py:4138} INFO - Setting next_dagrun for example_task_group_decorator to 2024-09-02 00:00:00+00:00, run_after=2024-09-03 00:00:00+00:00
[2024-09-03T11:30:35.628+0000] {processor.py:208} INFO - Processing /home/airflow/.local/lib/python3.12/site-packages/airflow/example_dags/example_task_group_decorator.py took 0.107 seconds
[2024-09-03T11:31:05.848+0000] {processor.py:186} INFO - Started process (PID=531) to work on /home/airflow/.local/lib/python3.12/site-packages/airflow/example_dags/example_task_group_decorator.py
[2024-09-03T11:31:05.850+0000] {processor.py:914} INFO - Processing file /home/airflow/.local/lib/python3.12/site-packages/airflow/example_dags/example_task_group_decorator.py for tasks to queue
[2024-09-03T11:31:05.855+0000] {logging_mixin.py:190} INFO - [2024-09-03T11:31:05.855+0000] {dagbag.py:587} INFO - Filling up the DagBag from /home/airflow/.local/lib/python3.12/site-packages/airflow/example_dags/example_task_group_decorator.py
[2024-09-03T11:31:05.882+0000] {processor.py:925} INFO - DAG(s) 'example_task_group_decorator' retrieved from /home/airflow/.local/lib/python3.12/site-packages/airflow/example_dags/example_task_group_decorator.py
[2024-09-03T11:31:05.909+0000] {logging_mixin.py:190} INFO - [2024-09-03T11:31:05.908+0000] {dag.py:3211} INFO - Sync 1 DAGs
[2024-09-03T11:31:05.935+0000] {logging_mixin.py:190} INFO - [2024-09-03T11:31:05.935+0000] {dag.py:4138} INFO - Setting next_dagrun for example_task_group_decorator to 2024-09-02 00:00:00+00:00, run_after=2024-09-03 00:00:00+00:00
[2024-09-03T11:31:05.960+0000] {processor.py:208} INFO - Processing /home/airflow/.local/lib/python3.12/site-packages/airflow/example_dags/example_task_group_decorator.py took 0.121 seconds
[2024-09-03T11:31:36.203+0000] {processor.py:186} INFO - Started process (PID=594) to work on /home/airflow/.local/lib/python3.12/site-packages/airflow/example_dags/example_task_group_decorator.py
[2024-09-03T11:31:36.204+0000] {processor.py:914} INFO - Processing file /home/airflow/.local/lib/python3.12/site-packages/airflow/example_dags/example_task_group_decorator.py for tasks to queue
[2024-09-03T11:31:36.208+0000] {logging_mixin.py:190} INFO - [2024-09-03T11:31:36.207+0000] {dagbag.py:587} INFO - Filling up the DagBag from /home/airflow/.local/lib/python3.12/site-packages/airflow/example_dags/example_task_group_decorator.py
[2024-09-03T11:31:36.226+0000] {processor.py:925} INFO - DAG(s) 'example_task_group_decorator' retrieved from /home/airflow/.local/lib/python3.12/site-packages/airflow/example_dags/example_task_group_decorator.py
[2024-09-03T11:31:36.266+0000] {logging_mixin.py:190} INFO - [2024-09-03T11:31:36.266+0000] {dag.py:3211} INFO - Sync 1 DAGs
[2024-09-03T11:31:36.292+0000] {logging_mixin.py:190} INFO - [2024-09-03T11:31:36.292+0000] {dag.py:4138} INFO - Setting next_dagrun for example_task_group_decorator to 2024-09-02 00:00:00+00:00, run_after=2024-09-03 00:00:00+00:00
[2024-09-03T11:31:36.320+0000] {processor.py:208} INFO - Processing /home/airflow/.local/lib/python3.12/site-packages/airflow/example_dags/example_task_group_decorator.py took 0.122 seconds
[2024-09-03T11:32:06.577+0000] {processor.py:186} INFO - Started process (PID=657) to work on /home/airflow/.local/lib/python3.12/site-packages/airflow/example_dags/example_task_group_decorator.py
[2024-09-03T11:32:06.579+0000] {processor.py:914} INFO - Processing file /home/airflow/.local/lib/python3.12/site-packages/airflow/example_dags/example_task_group_decorator.py for tasks to queue
[2024-09-03T11:32:06.582+0000] {logging_mixin.py:190} INFO - [2024-09-03T11:32:06.581+0000] {dagbag.py:587} INFO - Filling up the DagBag from /home/airflow/.local/lib/python3.12/site-packages/airflow/example_dags/example_task_group_decorator.py
[2024-09-03T11:32:06.599+0000] {processor.py:925} INFO - DAG(s) 'example_task_group_decorator' retrieved from /home/airflow/.local/lib/python3.12/site-packages/airflow/example_dags/example_task_group_decorator.py
[2024-09-03T11:32:06.626+0000] {logging_mixin.py:190} INFO - [2024-09-03T11:32:06.626+0000] {dag.py:3211} INFO - Sync 1 DAGs
[2024-09-03T11:32:06.649+0000] {logging_mixin.py:190} INFO - [2024-09-03T11:32:06.649+0000] {dag.py:4138} INFO - Setting next_dagrun for example_task_group_decorator to 2024-09-02 00:00:00+00:00, run_after=2024-09-03 00:00:00+00:00
[2024-09-03T11:32:06.674+0000] {processor.py:208} INFO - Processing /home/airflow/.local/lib/python3.12/site-packages/airflow/example_dags/example_task_group_decorator.py took 0.103 seconds
[2024-09-03T11:32:37.692+0000] {processor.py:186} INFO - Started process (PID=720) to work on /home/airflow/.local/lib/python3.12/site-packages/airflow/example_dags/example_task_group_decorator.py
[2024-09-03T11:32:37.694+0000] {processor.py:914} INFO - Processing file /home/airflow/.local/lib/python3.12/site-packages/airflow/example_dags/example_task_group_decorator.py for tasks to queue
[2024-09-03T11:32:37.697+0000] {logging_mixin.py:190} INFO - [2024-09-03T11:32:37.697+0000] {dagbag.py:587} INFO - Filling up the DagBag from /home/airflow/.local/lib/python3.12/site-packages/airflow/example_dags/example_task_group_decorator.py
[2024-09-03T11:32:37.719+0000] {processor.py:925} INFO - DAG(s) 'example_task_group_decorator' retrieved from /home/airflow/.local/lib/python3.12/site-packages/airflow/example_dags/example_task_group_decorator.py
[2024-09-03T11:32:37.757+0000] {logging_mixin.py:190} INFO - [2024-09-03T11:32:37.756+0000] {dag.py:3211} INFO - Sync 1 DAGs
[2024-09-03T11:32:37.800+0000] {logging_mixin.py:190} INFO - [2024-09-03T11:32:37.800+0000] {dag.py:4138} INFO - Setting next_dagrun for example_task_group_decorator to 2024-09-02 00:00:00+00:00, run_after=2024-09-03 00:00:00+00:00
[2024-09-03T11:32:37.835+0000] {processor.py:208} INFO - Processing /home/airflow/.local/lib/python3.12/site-packages/airflow/example_dags/example_task_group_decorator.py took 0.152 seconds
[2024-09-03T11:33:08.686+0000] {processor.py:186} INFO - Started process (PID=783) to work on /home/airflow/.local/lib/python3.12/site-packages/airflow/example_dags/example_task_group_decorator.py
[2024-09-03T11:33:08.688+0000] {processor.py:914} INFO - Processing file /home/airflow/.local/lib/python3.12/site-packages/airflow/example_dags/example_task_group_decorator.py for tasks to queue
[2024-09-03T11:33:08.691+0000] {logging_mixin.py:190} INFO - [2024-09-03T11:33:08.690+0000] {dagbag.py:587} INFO - Filling up the DagBag from /home/airflow/.local/lib/python3.12/site-packages/airflow/example_dags/example_task_group_decorator.py
[2024-09-03T11:33:08.706+0000] {processor.py:925} INFO - DAG(s) 'example_task_group_decorator' retrieved from /home/airflow/.local/lib/python3.12/site-packages/airflow/example_dags/example_task_group_decorator.py
[2024-09-03T11:33:08.734+0000] {logging_mixin.py:190} INFO - [2024-09-03T11:33:08.734+0000] {dag.py:3211} INFO - Sync 1 DAGs
[2024-09-03T11:33:08.759+0000] {logging_mixin.py:190} INFO - [2024-09-03T11:33:08.759+0000] {dag.py:4138} INFO - Setting next_dagrun for example_task_group_decorator to 2024-09-02 00:00:00+00:00, run_after=2024-09-03 00:00:00+00:00
[2024-09-03T11:33:08.784+0000] {processor.py:208} INFO - Processing /home/airflow/.local/lib/python3.12/site-packages/airflow/example_dags/example_task_group_decorator.py took 0.104 seconds
[2024-09-03T11:33:38.946+0000] {processor.py:186} INFO - Started process (PID=846) to work on /home/airflow/.local/lib/python3.12/site-packages/airflow/example_dags/example_task_group_decorator.py
[2024-09-03T11:33:38.948+0000] {processor.py:914} INFO - Processing file /home/airflow/.local/lib/python3.12/site-packages/airflow/example_dags/example_task_group_decorator.py for tasks to queue
[2024-09-03T11:33:38.951+0000] {logging_mixin.py:190} INFO - [2024-09-03T11:33:38.950+0000] {dagbag.py:587} INFO - Filling up the DagBag from /home/airflow/.local/lib/python3.12/site-packages/airflow/example_dags/example_task_group_decorator.py
[2024-09-03T11:33:38.970+0000] {processor.py:925} INFO - DAG(s) 'example_task_group_decorator' retrieved from /home/airflow/.local/lib/python3.12/site-packages/airflow/example_dags/example_task_group_decorator.py
[2024-09-03T11:33:39.001+0000] {logging_mixin.py:190} INFO - [2024-09-03T11:33:39.001+0000] {dag.py:3211} INFO - Sync 1 DAGs
[2024-09-03T11:33:39.029+0000] {logging_mixin.py:190} INFO - [2024-09-03T11:33:39.029+0000] {dag.py:4138} INFO - Setting next_dagrun for example_task_group_decorator to 2024-09-02 00:00:00+00:00, run_after=2024-09-03 00:00:00+00:00
[2024-09-03T11:33:39.062+0000] {processor.py:208} INFO - Processing /home/airflow/.local/lib/python3.12/site-packages/airflow/example_dags/example_task_group_decorator.py took 0.124 seconds
[2024-09-03T11:34:09.689+0000] {processor.py:186} INFO - Started process (PID=909) to work on /home/airflow/.local/lib/python3.12/site-packages/airflow/example_dags/example_task_group_decorator.py
[2024-09-03T11:34:09.691+0000] {processor.py:914} INFO - Processing file /home/airflow/.local/lib/python3.12/site-packages/airflow/example_dags/example_task_group_decorator.py for tasks to queue
[2024-09-03T11:34:09.694+0000] {logging_mixin.py:190} INFO - [2024-09-03T11:34:09.693+0000] {dagbag.py:587} INFO - Filling up the DagBag from /home/airflow/.local/lib/python3.12/site-packages/airflow/example_dags/example_task_group_decorator.py
[2024-09-03T11:34:09.721+0000] {processor.py:925} INFO - DAG(s) 'example_task_group_decorator' retrieved from /home/airflow/.local/lib/python3.12/site-packages/airflow/example_dags/example_task_group_decorator.py
[2024-09-03T11:34:09.755+0000] {logging_mixin.py:190} INFO - [2024-09-03T11:34:09.755+0000] {dag.py:3211} INFO - Sync 1 DAGs
[2024-09-03T11:34:09.782+0000] {logging_mixin.py:190} INFO - [2024-09-03T11:34:09.781+0000] {dag.py:4138} INFO - Setting next_dagrun for example_task_group_decorator to 2024-09-02 00:00:00+00:00, run_after=2024-09-03 00:00:00+00:00
[2024-09-03T11:34:09.809+0000] {processor.py:208} INFO - Processing /home/airflow/.local/lib/python3.12/site-packages/airflow/example_dags/example_task_group_decorator.py took 0.127 seconds
[2024-09-03T11:34:40.395+0000] {processor.py:186} INFO - Started process (PID=972) to work on /home/airflow/.local/lib/python3.12/site-packages/airflow/example_dags/example_task_group_decorator.py
[2024-09-03T11:34:40.397+0000] {processor.py:914} INFO - Processing file /home/airflow/.local/lib/python3.12/site-packages/airflow/example_dags/example_task_group_decorator.py for tasks to queue
[2024-09-03T11:34:40.400+0000] {logging_mixin.py:190} INFO - [2024-09-03T11:34:40.399+0000] {dagbag.py:587} INFO - Filling up the DagBag from /home/airflow/.local/lib/python3.12/site-packages/airflow/example_dags/example_task_group_decorator.py
[2024-09-03T11:34:40.423+0000] {processor.py:925} INFO - DAG(s) 'example_task_group_decorator' retrieved from /home/airflow/.local/lib/python3.12/site-packages/airflow/example_dags/example_task_group_decorator.py
[2024-09-03T11:34:40.457+0000] {logging_mixin.py:190} INFO - [2024-09-03T11:34:40.457+0000] {dag.py:3211} INFO - Sync 1 DAGs
[2024-09-03T11:34:40.491+0000] {logging_mixin.py:190} INFO - [2024-09-03T11:34:40.491+0000] {dag.py:4138} INFO - Setting next_dagrun for example_task_group_decorator to 2024-09-02 00:00:00+00:00, run_after=2024-09-03 00:00:00+00:00
[2024-09-03T11:34:40.522+0000] {processor.py:208} INFO - Processing /home/airflow/.local/lib/python3.12/site-packages/airflow/example_dags/example_task_group_decorator.py took 0.134 seconds
[2024-09-03T11:35:10.659+0000] {processor.py:186} INFO - Started process (PID=1035) to work on /home/airflow/.local/lib/python3.12/site-packages/airflow/example_dags/example_task_group_decorator.py
[2024-09-03T11:35:10.660+0000] {processor.py:914} INFO - Processing file /home/airflow/.local/lib/python3.12/site-packages/airflow/example_dags/example_task_group_decorator.py for tasks to queue
[2024-09-03T11:35:10.664+0000] {logging_mixin.py:190} INFO - [2024-09-03T11:35:10.663+0000] {dagbag.py:587} INFO - Filling up the DagBag from /home/airflow/.local/lib/python3.12/site-packages/airflow/example_dags/example_task_group_decorator.py
[2024-09-03T11:35:10.684+0000] {processor.py:925} INFO - DAG(s) 'example_task_group_decorator' retrieved from /home/airflow/.local/lib/python3.12/site-packages/airflow/example_dags/example_task_group_decorator.py
[2024-09-03T11:35:10.727+0000] {logging_mixin.py:190} INFO - [2024-09-03T11:35:10.726+0000] {dag.py:3211} INFO - Sync 1 DAGs
[2024-09-03T11:35:10.768+0000] {logging_mixin.py:190} INFO - [2024-09-03T11:35:10.767+0000] {dag.py:4138} INFO - Setting next_dagrun for example_task_group_decorator to 2024-09-02 00:00:00+00:00, run_after=2024-09-03 00:00:00+00:00
[2024-09-03T11:35:10.798+0000] {processor.py:208} INFO - Processing /home/airflow/.local/lib/python3.12/site-packages/airflow/example_dags/example_task_group_decorator.py took 0.147 seconds
[2024-09-03T11:35:41.328+0000] {processor.py:186} INFO - Started process (PID=1098) to work on /home/airflow/.local/lib/python3.12/site-packages/airflow/example_dags/example_task_group_decorator.py
[2024-09-03T11:35:41.329+0000] {processor.py:914} INFO - Processing file /home/airflow/.local/lib/python3.12/site-packages/airflow/example_dags/example_task_group_decorator.py for tasks to queue
[2024-09-03T11:35:41.333+0000] {logging_mixin.py:190} INFO - [2024-09-03T11:35:41.332+0000] {dagbag.py:587} INFO - Filling up the DagBag from /home/airflow/.local/lib/python3.12/site-packages/airflow/example_dags/example_task_group_decorator.py
[2024-09-03T11:35:41.346+0000] {processor.py:925} INFO - DAG(s) 'example_task_group_decorator' retrieved from /home/airflow/.local/lib/python3.12/site-packages/airflow/example_dags/example_task_group_decorator.py
[2024-09-03T11:35:41.380+0000] {logging_mixin.py:190} INFO - [2024-09-03T11:35:41.380+0000] {dag.py:3211} INFO - Sync 1 DAGs
[2024-09-03T11:35:41.407+0000] {logging_mixin.py:190} INFO - [2024-09-03T11:35:41.406+0000] {dag.py:4138} INFO - Setting next_dagrun for example_task_group_decorator to 2024-09-02 00:00:00+00:00, run_after=2024-09-03 00:00:00+00:00
[2024-09-03T11:35:41.433+0000] {processor.py:208} INFO - Processing /home/airflow/.local/lib/python3.12/site-packages/airflow/example_dags/example_task_group_decorator.py took 0.111 seconds
[2024-09-03T11:36:12.307+0000] {processor.py:186} INFO - Started process (PID=1161) to work on /home/airflow/.local/lib/python3.12/site-packages/airflow/example_dags/example_task_group_decorator.py
[2024-09-03T11:36:12.308+0000] {processor.py:914} INFO - Processing file /home/airflow/.local/lib/python3.12/site-packages/airflow/example_dags/example_task_group_decorator.py for tasks to queue
[2024-09-03T11:36:12.311+0000] {logging_mixin.py:190} INFO - [2024-09-03T11:36:12.311+0000] {dagbag.py:587} INFO - Filling up the DagBag from /home/airflow/.local/lib/python3.12/site-packages/airflow/example_dags/example_task_group_decorator.py
[2024-09-03T11:36:12.326+0000] {processor.py:925} INFO - DAG(s) 'example_task_group_decorator' retrieved from /home/airflow/.local/lib/python3.12/site-packages/airflow/example_dags/example_task_group_decorator.py
[2024-09-03T11:36:12.352+0000] {logging_mixin.py:190} INFO - [2024-09-03T11:36:12.352+0000] {dag.py:3211} INFO - Sync 1 DAGs
[2024-09-03T11:36:12.378+0000] {logging_mixin.py:190} INFO - [2024-09-03T11:36:12.378+0000] {dag.py:4138} INFO - Setting next_dagrun for example_task_group_decorator to 2024-09-02 00:00:00+00:00, run_after=2024-09-03 00:00:00+00:00
[2024-09-03T11:36:12.403+0000] {processor.py:208} INFO - Processing /home/airflow/.local/lib/python3.12/site-packages/airflow/example_dags/example_task_group_decorator.py took 0.102 seconds
[2024-09-03T11:36:43.489+0000] {processor.py:186} INFO - Started process (PID=1224) to work on /home/airflow/.local/lib/python3.12/site-packages/airflow/example_dags/example_task_group_decorator.py
[2024-09-03T11:36:43.491+0000] {processor.py:914} INFO - Processing file /home/airflow/.local/lib/python3.12/site-packages/airflow/example_dags/example_task_group_decorator.py for tasks to queue
[2024-09-03T11:36:43.495+0000] {logging_mixin.py:190} INFO - [2024-09-03T11:36:43.494+0000] {dagbag.py:587} INFO - Filling up the DagBag from /home/airflow/.local/lib/python3.12/site-packages/airflow/example_dags/example_task_group_decorator.py
[2024-09-03T11:36:43.518+0000] {processor.py:925} INFO - DAG(s) 'example_task_group_decorator' retrieved from /home/airflow/.local/lib/python3.12/site-packages/airflow/example_dags/example_task_group_decorator.py
[2024-09-03T11:36:43.562+0000] {logging_mixin.py:190} INFO - [2024-09-03T11:36:43.562+0000] {dag.py:3211} INFO - Sync 1 DAGs
[2024-09-03T11:36:43.600+0000] {logging_mixin.py:190} INFO - [2024-09-03T11:36:43.599+0000] {dag.py:4138} INFO - Setting next_dagrun for example_task_group_decorator to 2024-09-02 00:00:00+00:00, run_after=2024-09-03 00:00:00+00:00
[2024-09-03T11:36:43.638+0000] {processor.py:208} INFO - Processing /home/airflow/.local/lib/python3.12/site-packages/airflow/example_dags/example_task_group_decorator.py took 0.154 seconds
[2024-09-03T11:37:15.028+0000] {processor.py:186} INFO - Started process (PID=1287) to work on /home/airflow/.local/lib/python3.12/site-packages/airflow/example_dags/example_task_group_decorator.py
[2024-09-03T11:37:15.030+0000] {processor.py:914} INFO - Processing file /home/airflow/.local/lib/python3.12/site-packages/airflow/example_dags/example_task_group_decorator.py for tasks to queue
[2024-09-03T11:37:15.034+0000] {logging_mixin.py:190} INFO - [2024-09-03T11:37:15.033+0000] {dagbag.py:587} INFO - Filling up the DagBag from /home/airflow/.local/lib/python3.12/site-packages/airflow/example_dags/example_task_group_decorator.py
[2024-09-03T11:37:15.068+0000] {processor.py:925} INFO - DAG(s) 'example_task_group_decorator' retrieved from /home/airflow/.local/lib/python3.12/site-packages/airflow/example_dags/example_task_group_decorator.py
[2024-09-03T11:37:15.121+0000] {logging_mixin.py:190} INFO - [2024-09-03T11:37:15.120+0000] {dag.py:3211} INFO - Sync 1 DAGs
[2024-09-03T11:37:15.177+0000] {logging_mixin.py:190} INFO - [2024-09-03T11:37:15.176+0000] {dag.py:4138} INFO - Setting next_dagrun for example_task_group_decorator to 2024-09-02 00:00:00+00:00, run_after=2024-09-03 00:00:00+00:00
[2024-09-03T11:37:15.374+0000] {processor.py:208} INFO - Processing /home/airflow/.local/lib/python3.12/site-packages/airflow/example_dags/example_task_group_decorator.py took 0.352 seconds
[2024-09-03T11:37:45.796+0000] {processor.py:186} INFO - Started process (PID=1351) to work on /home/airflow/.local/lib/python3.12/site-packages/airflow/example_dags/example_task_group_decorator.py
[2024-09-03T11:37:45.797+0000] {processor.py:914} INFO - Processing file /home/airflow/.local/lib/python3.12/site-packages/airflow/example_dags/example_task_group_decorator.py for tasks to queue
[2024-09-03T11:37:45.801+0000] {logging_mixin.py:190} INFO - [2024-09-03T11:37:45.801+0000] {dagbag.py:587} INFO - Filling up the DagBag from /home/airflow/.local/lib/python3.12/site-packages/airflow/example_dags/example_task_group_decorator.py
[2024-09-03T11:37:45.821+0000] {processor.py:925} INFO - DAG(s) 'example_task_group_decorator' retrieved from /home/airflow/.local/lib/python3.12/site-packages/airflow/example_dags/example_task_group_decorator.py
[2024-09-03T11:37:45.856+0000] {logging_mixin.py:190} INFO - [2024-09-03T11:37:45.856+0000] {dag.py:3211} INFO - Sync 1 DAGs
[2024-09-03T11:37:45.886+0000] {logging_mixin.py:190} INFO - [2024-09-03T11:37:45.886+0000] {dag.py:4138} INFO - Setting next_dagrun for example_task_group_decorator to 2024-09-02 00:00:00+00:00, run_after=2024-09-03 00:00:00+00:00
[2024-09-03T11:37:45.924+0000] {processor.py:208} INFO - Processing /home/airflow/.local/lib/python3.12/site-packages/airflow/example_dags/example_task_group_decorator.py took 0.135 seconds
[2024-09-03T11:38:16.460+0000] {processor.py:186} INFO - Started process (PID=1413) to work on /home/airflow/.local/lib/python3.12/site-packages/airflow/example_dags/example_task_group_decorator.py
[2024-09-03T11:38:16.462+0000] {processor.py:914} INFO - Processing file /home/airflow/.local/lib/python3.12/site-packages/airflow/example_dags/example_task_group_decorator.py for tasks to queue
[2024-09-03T11:38:16.469+0000] {logging_mixin.py:190} INFO - [2024-09-03T11:38:16.468+0000] {dagbag.py:587} INFO - Filling up the DagBag from /home/airflow/.local/lib/python3.12/site-packages/airflow/example_dags/example_task_group_decorator.py
[2024-09-03T11:38:16.505+0000] {processor.py:925} INFO - DAG(s) 'example_task_group_decorator' retrieved from /home/airflow/.local/lib/python3.12/site-packages/airflow/example_dags/example_task_group_decorator.py
[2024-09-03T11:38:16.558+0000] {logging_mixin.py:190} INFO - [2024-09-03T11:38:16.558+0000] {dag.py:3211} INFO - Sync 1 DAGs
[2024-09-03T11:38:16.605+0000] {logging_mixin.py:190} INFO - [2024-09-03T11:38:16.604+0000] {dag.py:4138} INFO - Setting next_dagrun for example_task_group_decorator to 2024-09-02 00:00:00+00:00, run_after=2024-09-03 00:00:00+00:00
[2024-09-03T11:38:16.645+0000] {processor.py:208} INFO - Processing /home/airflow/.local/lib/python3.12/site-packages/airflow/example_dags/example_task_group_decorator.py took 0.203 seconds
[2024-09-03T11:38:47.349+0000] {processor.py:186} INFO - Started process (PID=1476) to work on /home/airflow/.local/lib/python3.12/site-packages/airflow/example_dags/example_task_group_decorator.py
[2024-09-03T11:38:47.351+0000] {processor.py:914} INFO - Processing file /home/airflow/.local/lib/python3.12/site-packages/airflow/example_dags/example_task_group_decorator.py for tasks to queue
[2024-09-03T11:38:47.356+0000] {logging_mixin.py:190} INFO - [2024-09-03T11:38:47.355+0000] {dagbag.py:587} INFO - Filling up the DagBag from /home/airflow/.local/lib/python3.12/site-packages/airflow/example_dags/example_task_group_decorator.py
[2024-09-03T11:38:47.387+0000] {processor.py:925} INFO - DAG(s) 'example_task_group_decorator' retrieved from /home/airflow/.local/lib/python3.12/site-packages/airflow/example_dags/example_task_group_decorator.py
[2024-09-03T11:38:47.432+0000] {logging_mixin.py:190} INFO - [2024-09-03T11:38:47.432+0000] {dag.py:3211} INFO - Sync 1 DAGs
[2024-09-03T11:38:47.471+0000] {logging_mixin.py:190} INFO - [2024-09-03T11:38:47.470+0000] {dag.py:4138} INFO - Setting next_dagrun for example_task_group_decorator to 2024-09-02 00:00:00+00:00, run_after=2024-09-03 00:00:00+00:00
[2024-09-03T11:38:47.516+0000] {processor.py:208} INFO - Processing /home/airflow/.local/lib/python3.12/site-packages/airflow/example_dags/example_task_group_decorator.py took 0.181 seconds
[2024-09-03T11:39:17.772+0000] {processor.py:186} INFO - Started process (PID=1539) to work on /home/airflow/.local/lib/python3.12/site-packages/airflow/example_dags/example_task_group_decorator.py
[2024-09-03T11:39:17.774+0000] {processor.py:914} INFO - Processing file /home/airflow/.local/lib/python3.12/site-packages/airflow/example_dags/example_task_group_decorator.py for tasks to queue
[2024-09-03T11:39:17.778+0000] {logging_mixin.py:190} INFO - [2024-09-03T11:39:17.777+0000] {dagbag.py:587} INFO - Filling up the DagBag from /home/airflow/.local/lib/python3.12/site-packages/airflow/example_dags/example_task_group_decorator.py
[2024-09-03T11:39:17.810+0000] {processor.py:925} INFO - DAG(s) 'example_task_group_decorator' retrieved from /home/airflow/.local/lib/python3.12/site-packages/airflow/example_dags/example_task_group_decorator.py
[2024-09-03T11:39:17.860+0000] {logging_mixin.py:190} INFO - [2024-09-03T11:39:17.859+0000] {dag.py:3211} INFO - Sync 1 DAGs
[2024-09-03T11:39:17.898+0000] {logging_mixin.py:190} INFO - [2024-09-03T11:39:17.898+0000] {dag.py:4138} INFO - Setting next_dagrun for example_task_group_decorator to 2024-09-02 00:00:00+00:00, run_after=2024-09-03 00:00:00+00:00
[2024-09-03T11:39:17.935+0000] {processor.py:208} INFO - Processing /home/airflow/.local/lib/python3.12/site-packages/airflow/example_dags/example_task_group_decorator.py took 0.174 seconds
[2024-09-03T11:39:48.177+0000] {processor.py:186} INFO - Started process (PID=1602) to work on /home/airflow/.local/lib/python3.12/site-packages/airflow/example_dags/example_task_group_decorator.py
[2024-09-03T11:39:48.180+0000] {processor.py:914} INFO - Processing file /home/airflow/.local/lib/python3.12/site-packages/airflow/example_dags/example_task_group_decorator.py for tasks to queue
[2024-09-03T11:39:48.185+0000] {logging_mixin.py:190} INFO - [2024-09-03T11:39:48.185+0000] {dagbag.py:587} INFO - Filling up the DagBag from /home/airflow/.local/lib/python3.12/site-packages/airflow/example_dags/example_task_group_decorator.py
[2024-09-03T11:39:48.215+0000] {processor.py:925} INFO - DAG(s) 'example_task_group_decorator' retrieved from /home/airflow/.local/lib/python3.12/site-packages/airflow/example_dags/example_task_group_decorator.py
[2024-09-03T11:39:48.271+0000] {logging_mixin.py:190} INFO - [2024-09-03T11:39:48.270+0000] {dag.py:3211} INFO - Sync 1 DAGs
[2024-09-03T11:39:48.313+0000] {logging_mixin.py:190} INFO - [2024-09-03T11:39:48.312+0000] {dag.py:4138} INFO - Setting next_dagrun for example_task_group_decorator to 2024-09-02 00:00:00+00:00, run_after=2024-09-03 00:00:00+00:00
[2024-09-03T11:39:48.351+0000] {processor.py:208} INFO - Processing /home/airflow/.local/lib/python3.12/site-packages/airflow/example_dags/example_task_group_decorator.py took 0.184 seconds
[2024-09-03T11:40:18.532+0000] {processor.py:186} INFO - Started process (PID=1665) to work on /home/airflow/.local/lib/python3.12/site-packages/airflow/example_dags/example_task_group_decorator.py
[2024-09-03T11:40:18.533+0000] {processor.py:914} INFO - Processing file /home/airflow/.local/lib/python3.12/site-packages/airflow/example_dags/example_task_group_decorator.py for tasks to queue
[2024-09-03T11:40:18.536+0000] {logging_mixin.py:190} INFO - [2024-09-03T11:40:18.536+0000] {dagbag.py:587} INFO - Filling up the DagBag from /home/airflow/.local/lib/python3.12/site-packages/airflow/example_dags/example_task_group_decorator.py
[2024-09-03T11:40:18.561+0000] {processor.py:925} INFO - DAG(s) 'example_task_group_decorator' retrieved from /home/airflow/.local/lib/python3.12/site-packages/airflow/example_dags/example_task_group_decorator.py
[2024-09-03T11:40:18.594+0000] {logging_mixin.py:190} INFO - [2024-09-03T11:40:18.593+0000] {dag.py:3211} INFO - Sync 1 DAGs
[2024-09-03T11:40:18.623+0000] {logging_mixin.py:190} INFO - [2024-09-03T11:40:18.623+0000] {dag.py:4138} INFO - Setting next_dagrun for example_task_group_decorator to 2024-09-02 00:00:00+00:00, run_after=2024-09-03 00:00:00+00:00
[2024-09-03T11:40:18.654+0000] {processor.py:208} INFO - Processing /home/airflow/.local/lib/python3.12/site-packages/airflow/example_dags/example_task_group_decorator.py took 0.129 seconds
[2024-09-03T11:40:49.393+0000] {processor.py:186} INFO - Started process (PID=1729) to work on /home/airflow/.local/lib/python3.12/site-packages/airflow/example_dags/example_task_group_decorator.py
[2024-09-03T11:40:49.396+0000] {processor.py:914} INFO - Processing file /home/airflow/.local/lib/python3.12/site-packages/airflow/example_dags/example_task_group_decorator.py for tasks to queue
[2024-09-03T11:40:49.402+0000] {logging_mixin.py:190} INFO - [2024-09-03T11:40:49.401+0000] {dagbag.py:587} INFO - Filling up the DagBag from /home/airflow/.local/lib/python3.12/site-packages/airflow/example_dags/example_task_group_decorator.py
[2024-09-03T11:40:49.436+0000] {processor.py:925} INFO - DAG(s) 'example_task_group_decorator' retrieved from /home/airflow/.local/lib/python3.12/site-packages/airflow/example_dags/example_task_group_decorator.py
[2024-09-03T11:40:49.518+0000] {logging_mixin.py:190} INFO - [2024-09-03T11:40:49.516+0000] {dag.py:3211} INFO - Sync 1 DAGs
[2024-09-03T11:40:49.598+0000] {logging_mixin.py:190} INFO - [2024-09-03T11:40:49.597+0000] {dag.py:4138} INFO - Setting next_dagrun for example_task_group_decorator to 2024-09-02 00:00:00+00:00, run_after=2024-09-03 00:00:00+00:00
[2024-09-03T11:40:49.657+0000] {processor.py:208} INFO - Processing /home/airflow/.local/lib/python3.12/site-packages/airflow/example_dags/example_task_group_decorator.py took 0.276 seconds
[2024-09-03T11:41:19.880+0000] {processor.py:186} INFO - Started process (PID=1792) to work on /home/airflow/.local/lib/python3.12/site-packages/airflow/example_dags/example_task_group_decorator.py
[2024-09-03T11:41:19.882+0000] {processor.py:914} INFO - Processing file /home/airflow/.local/lib/python3.12/site-packages/airflow/example_dags/example_task_group_decorator.py for tasks to queue
[2024-09-03T11:41:19.886+0000] {logging_mixin.py:190} INFO - [2024-09-03T11:41:19.886+0000] {dagbag.py:587} INFO - Filling up the DagBag from /home/airflow/.local/lib/python3.12/site-packages/airflow/example_dags/example_task_group_decorator.py
[2024-09-03T11:41:19.911+0000] {processor.py:925} INFO - DAG(s) 'example_task_group_decorator' retrieved from /home/airflow/.local/lib/python3.12/site-packages/airflow/example_dags/example_task_group_decorator.py
[2024-09-03T11:41:19.975+0000] {logging_mixin.py:190} INFO - [2024-09-03T11:41:19.975+0000] {dag.py:3211} INFO - Sync 1 DAGs
[2024-09-03T11:41:20.031+0000] {logging_mixin.py:190} INFO - [2024-09-03T11:41:20.031+0000] {dag.py:4138} INFO - Setting next_dagrun for example_task_group_decorator to 2024-09-02 00:00:00+00:00, run_after=2024-09-03 00:00:00+00:00
[2024-09-03T11:41:20.090+0000] {processor.py:208} INFO - Processing /home/airflow/.local/lib/python3.12/site-packages/airflow/example_dags/example_task_group_decorator.py took 0.219 seconds
[2024-09-03T11:41:50.479+0000] {processor.py:186} INFO - Started process (PID=1855) to work on /home/airflow/.local/lib/python3.12/site-packages/airflow/example_dags/example_task_group_decorator.py
[2024-09-03T11:41:50.481+0000] {processor.py:914} INFO - Processing file /home/airflow/.local/lib/python3.12/site-packages/airflow/example_dags/example_task_group_decorator.py for tasks to queue
[2024-09-03T11:41:50.484+0000] {logging_mixin.py:190} INFO - [2024-09-03T11:41:50.484+0000] {dagbag.py:587} INFO - Filling up the DagBag from /home/airflow/.local/lib/python3.12/site-packages/airflow/example_dags/example_task_group_decorator.py
[2024-09-03T11:41:50.516+0000] {processor.py:925} INFO - DAG(s) 'example_task_group_decorator' retrieved from /home/airflow/.local/lib/python3.12/site-packages/airflow/example_dags/example_task_group_decorator.py
[2024-09-03T11:41:50.568+0000] {logging_mixin.py:190} INFO - [2024-09-03T11:41:50.568+0000] {dag.py:3211} INFO - Sync 1 DAGs
[2024-09-03T11:41:50.615+0000] {logging_mixin.py:190} INFO - [2024-09-03T11:41:50.615+0000] {dag.py:4138} INFO - Setting next_dagrun for example_task_group_decorator to 2024-09-02 00:00:00+00:00, run_after=2024-09-03 00:00:00+00:00
[2024-09-03T11:41:50.656+0000] {processor.py:208} INFO - Processing /home/airflow/.local/lib/python3.12/site-packages/airflow/example_dags/example_task_group_decorator.py took 0.187 seconds
[2024-09-03T11:42:21.351+0000] {processor.py:186} INFO - Started process (PID=1918) to work on /home/airflow/.local/lib/python3.12/site-packages/airflow/example_dags/example_task_group_decorator.py
[2024-09-03T11:42:21.354+0000] {processor.py:914} INFO - Processing file /home/airflow/.local/lib/python3.12/site-packages/airflow/example_dags/example_task_group_decorator.py for tasks to queue
[2024-09-03T11:42:21.359+0000] {logging_mixin.py:190} INFO - [2024-09-03T11:42:21.359+0000] {dagbag.py:587} INFO - Filling up the DagBag from /home/airflow/.local/lib/python3.12/site-packages/airflow/example_dags/example_task_group_decorator.py
[2024-09-03T11:42:21.409+0000] {processor.py:925} INFO - DAG(s) 'example_task_group_decorator' retrieved from /home/airflow/.local/lib/python3.12/site-packages/airflow/example_dags/example_task_group_decorator.py
[2024-09-03T11:42:21.475+0000] {logging_mixin.py:190} INFO - [2024-09-03T11:42:21.474+0000] {dag.py:3211} INFO - Sync 1 DAGs
[2024-09-03T11:42:21.532+0000] {logging_mixin.py:190} INFO - [2024-09-03T11:42:21.531+0000] {dag.py:4138} INFO - Setting next_dagrun for example_task_group_decorator to 2024-09-02 00:00:00+00:00, run_after=2024-09-03 00:00:00+00:00
[2024-09-03T11:42:21.582+0000] {processor.py:208} INFO - Processing /home/airflow/.local/lib/python3.12/site-packages/airflow/example_dags/example_task_group_decorator.py took 0.243 seconds
[2024-09-03T11:42:52.231+0000] {processor.py:186} INFO - Started process (PID=1981) to work on /home/airflow/.local/lib/python3.12/site-packages/airflow/example_dags/example_task_group_decorator.py
[2024-09-03T11:42:52.233+0000] {processor.py:914} INFO - Processing file /home/airflow/.local/lib/python3.12/site-packages/airflow/example_dags/example_task_group_decorator.py for tasks to queue
[2024-09-03T11:42:52.237+0000] {logging_mixin.py:190} INFO - [2024-09-03T11:42:52.236+0000] {dagbag.py:587} INFO - Filling up the DagBag from /home/airflow/.local/lib/python3.12/site-packages/airflow/example_dags/example_task_group_decorator.py
[2024-09-03T11:42:52.286+0000] {processor.py:925} INFO - DAG(s) 'example_task_group_decorator' retrieved from /home/airflow/.local/lib/python3.12/site-packages/airflow/example_dags/example_task_group_decorator.py
[2024-09-03T11:42:52.343+0000] {logging_mixin.py:190} INFO - [2024-09-03T11:42:52.343+0000] {dag.py:3211} INFO - Sync 1 DAGs
[2024-09-03T11:42:52.382+0000] {logging_mixin.py:190} INFO - [2024-09-03T11:42:52.382+0000] {dag.py:4138} INFO - Setting next_dagrun for example_task_group_decorator to 2024-09-02 00:00:00+00:00, run_after=2024-09-03 00:00:00+00:00
[2024-09-03T11:42:52.418+0000] {processor.py:208} INFO - Processing /home/airflow/.local/lib/python3.12/site-packages/airflow/example_dags/example_task_group_decorator.py took 0.197 seconds
[2024-09-03T11:43:22.903+0000] {processor.py:186} INFO - Started process (PID=2044) to work on /home/airflow/.local/lib/python3.12/site-packages/airflow/example_dags/example_task_group_decorator.py
[2024-09-03T11:43:22.905+0000] {processor.py:914} INFO - Processing file /home/airflow/.local/lib/python3.12/site-packages/airflow/example_dags/example_task_group_decorator.py for tasks to queue
[2024-09-03T11:43:22.911+0000] {logging_mixin.py:190} INFO - [2024-09-03T11:43:22.910+0000] {dagbag.py:587} INFO - Filling up the DagBag from /home/airflow/.local/lib/python3.12/site-packages/airflow/example_dags/example_task_group_decorator.py
[2024-09-03T11:43:22.945+0000] {processor.py:925} INFO - DAG(s) 'example_task_group_decorator' retrieved from /home/airflow/.local/lib/python3.12/site-packages/airflow/example_dags/example_task_group_decorator.py
[2024-09-03T11:43:23.041+0000] {logging_mixin.py:190} INFO - [2024-09-03T11:43:23.040+0000] {dag.py:3211} INFO - Sync 1 DAGs
[2024-09-03T11:43:23.101+0000] {logging_mixin.py:190} INFO - [2024-09-03T11:43:23.100+0000] {dag.py:4138} INFO - Setting next_dagrun for example_task_group_decorator to 2024-09-02 00:00:00+00:00, run_after=2024-09-03 00:00:00+00:00
[2024-09-03T11:43:23.151+0000] {processor.py:208} INFO - Processing /home/airflow/.local/lib/python3.12/site-packages/airflow/example_dags/example_task_group_decorator.py took 0.257 seconds
[2024-09-03T11:43:53.528+0000] {processor.py:186} INFO - Started process (PID=2107) to work on /home/airflow/.local/lib/python3.12/site-packages/airflow/example_dags/example_task_group_decorator.py
[2024-09-03T11:43:53.531+0000] {processor.py:914} INFO - Processing file /home/airflow/.local/lib/python3.12/site-packages/airflow/example_dags/example_task_group_decorator.py for tasks to queue
[2024-09-03T11:43:53.536+0000] {logging_mixin.py:190} INFO - [2024-09-03T11:43:53.536+0000] {dagbag.py:587} INFO - Filling up the DagBag from /home/airflow/.local/lib/python3.12/site-packages/airflow/example_dags/example_task_group_decorator.py
[2024-09-03T11:43:53.556+0000] {processor.py:925} INFO - DAG(s) 'example_task_group_decorator' retrieved from /home/airflow/.local/lib/python3.12/site-packages/airflow/example_dags/example_task_group_decorator.py
[2024-09-03T11:43:53.596+0000] {logging_mixin.py:190} INFO - [2024-09-03T11:43:53.595+0000] {dag.py:3211} INFO - Sync 1 DAGs
[2024-09-03T11:43:53.628+0000] {logging_mixin.py:190} INFO - [2024-09-03T11:43:53.627+0000] {dag.py:4138} INFO - Setting next_dagrun for example_task_group_decorator to 2024-09-02 00:00:00+00:00, run_after=2024-09-03 00:00:00+00:00
[2024-09-03T11:43:53.657+0000] {processor.py:208} INFO - Processing /home/airflow/.local/lib/python3.12/site-packages/airflow/example_dags/example_task_group_decorator.py took 0.143 seconds
[2024-09-03T11:44:23.845+0000] {processor.py:186} INFO - Started process (PID=2170) to work on /home/airflow/.local/lib/python3.12/site-packages/airflow/example_dags/example_task_group_decorator.py
[2024-09-03T11:44:23.846+0000] {processor.py:914} INFO - Processing file /home/airflow/.local/lib/python3.12/site-packages/airflow/example_dags/example_task_group_decorator.py for tasks to queue
[2024-09-03T11:44:23.850+0000] {logging_mixin.py:190} INFO - [2024-09-03T11:44:23.849+0000] {dagbag.py:587} INFO - Filling up the DagBag from /home/airflow/.local/lib/python3.12/site-packages/airflow/example_dags/example_task_group_decorator.py
[2024-09-03T11:44:23.866+0000] {processor.py:925} INFO - DAG(s) 'example_task_group_decorator' retrieved from /home/airflow/.local/lib/python3.12/site-packages/airflow/example_dags/example_task_group_decorator.py
[2024-09-03T11:44:23.896+0000] {logging_mixin.py:190} INFO - [2024-09-03T11:44:23.896+0000] {dag.py:3211} INFO - Sync 1 DAGs
[2024-09-03T11:44:23.921+0000] {logging_mixin.py:190} INFO - [2024-09-03T11:44:23.921+0000] {dag.py:4138} INFO - Setting next_dagrun for example_task_group_decorator to 2024-09-02 00:00:00+00:00, run_after=2024-09-03 00:00:00+00:00
[2024-09-03T11:44:23.947+0000] {processor.py:208} INFO - Processing /home/airflow/.local/lib/python3.12/site-packages/airflow/example_dags/example_task_group_decorator.py took 0.108 seconds
[2024-09-03T11:44:54.083+0000] {processor.py:186} INFO - Started process (PID=2233) to work on /home/airflow/.local/lib/python3.12/site-packages/airflow/example_dags/example_task_group_decorator.py
[2024-09-03T11:44:54.084+0000] {processor.py:914} INFO - Processing file /home/airflow/.local/lib/python3.12/site-packages/airflow/example_dags/example_task_group_decorator.py for tasks to queue
[2024-09-03T11:44:54.088+0000] {logging_mixin.py:190} INFO - [2024-09-03T11:44:54.087+0000] {dagbag.py:587} INFO - Filling up the DagBag from /home/airflow/.local/lib/python3.12/site-packages/airflow/example_dags/example_task_group_decorator.py
[2024-09-03T11:44:54.103+0000] {processor.py:925} INFO - DAG(s) 'example_task_group_decorator' retrieved from /home/airflow/.local/lib/python3.12/site-packages/airflow/example_dags/example_task_group_decorator.py
[2024-09-03T11:44:54.131+0000] {logging_mixin.py:190} INFO - [2024-09-03T11:44:54.130+0000] {dag.py:3211} INFO - Sync 1 DAGs
[2024-09-03T11:44:54.159+0000] {logging_mixin.py:190} INFO - [2024-09-03T11:44:54.158+0000] {dag.py:4138} INFO - Setting next_dagrun for example_task_group_decorator to 2024-09-02 00:00:00+00:00, run_after=2024-09-03 00:00:00+00:00
[2024-09-03T11:44:54.186+0000] {processor.py:208} INFO - Processing /home/airflow/.local/lib/python3.12/site-packages/airflow/example_dags/example_task_group_decorator.py took 0.108 seconds
[2024-09-03T11:45:24.320+0000] {processor.py:186} INFO - Started process (PID=2296) to work on /home/airflow/.local/lib/python3.12/site-packages/airflow/example_dags/example_task_group_decorator.py
[2024-09-03T11:45:24.322+0000] {processor.py:914} INFO - Processing file /home/airflow/.local/lib/python3.12/site-packages/airflow/example_dags/example_task_group_decorator.py for tasks to queue
[2024-09-03T11:45:24.327+0000] {logging_mixin.py:190} INFO - [2024-09-03T11:45:24.326+0000] {dagbag.py:587} INFO - Filling up the DagBag from /home/airflow/.local/lib/python3.12/site-packages/airflow/example_dags/example_task_group_decorator.py
[2024-09-03T11:45:24.345+0000] {processor.py:925} INFO - DAG(s) 'example_task_group_decorator' retrieved from /home/airflow/.local/lib/python3.12/site-packages/airflow/example_dags/example_task_group_decorator.py
[2024-09-03T11:45:24.377+0000] {logging_mixin.py:190} INFO - [2024-09-03T11:45:24.376+0000] {dag.py:3211} INFO - Sync 1 DAGs
[2024-09-03T11:45:24.405+0000] {logging_mixin.py:190} INFO - [2024-09-03T11:45:24.405+0000] {dag.py:4138} INFO - Setting next_dagrun for example_task_group_decorator to 2024-09-02 00:00:00+00:00, run_after=2024-09-03 00:00:00+00:00
[2024-09-03T11:45:24.436+0000] {processor.py:208} INFO - Processing /home/airflow/.local/lib/python3.12/site-packages/airflow/example_dags/example_task_group_decorator.py took 0.124 seconds
[2024-09-03T11:45:54.638+0000] {processor.py:186} INFO - Started process (PID=2359) to work on /home/airflow/.local/lib/python3.12/site-packages/airflow/example_dags/example_task_group_decorator.py
[2024-09-03T11:45:54.639+0000] {processor.py:914} INFO - Processing file /home/airflow/.local/lib/python3.12/site-packages/airflow/example_dags/example_task_group_decorator.py for tasks to queue
[2024-09-03T11:45:54.643+0000] {logging_mixin.py:190} INFO - [2024-09-03T11:45:54.642+0000] {dagbag.py:587} INFO - Filling up the DagBag from /home/airflow/.local/lib/python3.12/site-packages/airflow/example_dags/example_task_group_decorator.py
[2024-09-03T11:45:54.660+0000] {processor.py:925} INFO - DAG(s) 'example_task_group_decorator' retrieved from /home/airflow/.local/lib/python3.12/site-packages/airflow/example_dags/example_task_group_decorator.py
[2024-09-03T11:45:54.688+0000] {logging_mixin.py:190} INFO - [2024-09-03T11:45:54.687+0000] {dag.py:3211} INFO - Sync 1 DAGs
[2024-09-03T11:45:54.711+0000] {logging_mixin.py:190} INFO - [2024-09-03T11:45:54.711+0000] {dag.py:4138} INFO - Setting next_dagrun for example_task_group_decorator to 2024-09-02 00:00:00+00:00, run_after=2024-09-03 00:00:00+00:00
[2024-09-03T11:45:54.738+0000] {processor.py:208} INFO - Processing /home/airflow/.local/lib/python3.12/site-packages/airflow/example_dags/example_task_group_decorator.py took 0.107 seconds
[2024-09-03T11:46:25.038+0000] {processor.py:186} INFO - Started process (PID=2422) to work on /home/airflow/.local/lib/python3.12/site-packages/airflow/example_dags/example_task_group_decorator.py
[2024-09-03T11:46:25.039+0000] {processor.py:914} INFO - Processing file /home/airflow/.local/lib/python3.12/site-packages/airflow/example_dags/example_task_group_decorator.py for tasks to queue
[2024-09-03T11:46:25.042+0000] {logging_mixin.py:190} INFO - [2024-09-03T11:46:25.041+0000] {dagbag.py:587} INFO - Filling up the DagBag from /home/airflow/.local/lib/python3.12/site-packages/airflow/example_dags/example_task_group_decorator.py
[2024-09-03T11:46:25.058+0000] {processor.py:925} INFO - DAG(s) 'example_task_group_decorator' retrieved from /home/airflow/.local/lib/python3.12/site-packages/airflow/example_dags/example_task_group_decorator.py
[2024-09-03T11:46:25.087+0000] {logging_mixin.py:190} INFO - [2024-09-03T11:46:25.087+0000] {dag.py:3211} INFO - Sync 1 DAGs
[2024-09-03T11:46:25.112+0000] {logging_mixin.py:190} INFO - [2024-09-03T11:46:25.111+0000] {dag.py:4138} INFO - Setting next_dagrun for example_task_group_decorator to 2024-09-02 00:00:00+00:00, run_after=2024-09-03 00:00:00+00:00
[2024-09-03T11:46:25.138+0000] {processor.py:208} INFO - Processing /home/airflow/.local/lib/python3.12/site-packages/airflow/example_dags/example_task_group_decorator.py took 0.106 seconds
[2024-09-03T11:46:55.993+0000] {processor.py:186} INFO - Started process (PID=2486) to work on /home/airflow/.local/lib/python3.12/site-packages/airflow/example_dags/example_task_group_decorator.py
[2024-09-03T11:46:55.995+0000] {processor.py:914} INFO - Processing file /home/airflow/.local/lib/python3.12/site-packages/airflow/example_dags/example_task_group_decorator.py for tasks to queue
[2024-09-03T11:46:55.998+0000] {logging_mixin.py:190} INFO - [2024-09-03T11:46:55.998+0000] {dagbag.py:587} INFO - Filling up the DagBag from /home/airflow/.local/lib/python3.12/site-packages/airflow/example_dags/example_task_group_decorator.py
[2024-09-03T11:46:56.024+0000] {processor.py:925} INFO - DAG(s) 'example_task_group_decorator' retrieved from /home/airflow/.local/lib/python3.12/site-packages/airflow/example_dags/example_task_group_decorator.py
[2024-09-03T11:46:56.067+0000] {logging_mixin.py:190} INFO - [2024-09-03T11:46:56.066+0000] {dag.py:3211} INFO - Sync 1 DAGs
[2024-09-03T11:46:56.104+0000] {logging_mixin.py:190} INFO - [2024-09-03T11:46:56.104+0000] {dag.py:4138} INFO - Setting next_dagrun for example_task_group_decorator to 2024-09-02 00:00:00+00:00, run_after=2024-09-03 00:00:00+00:00
[2024-09-03T11:46:56.142+0000] {processor.py:208} INFO - Processing /home/airflow/.local/lib/python3.12/site-packages/airflow/example_dags/example_task_group_decorator.py took 0.157 seconds
[2024-09-03T11:47:27.187+0000] {processor.py:186} INFO - Started process (PID=2549) to work on /home/airflow/.local/lib/python3.12/site-packages/airflow/example_dags/example_task_group_decorator.py
[2024-09-03T11:47:27.189+0000] {processor.py:914} INFO - Processing file /home/airflow/.local/lib/python3.12/site-packages/airflow/example_dags/example_task_group_decorator.py for tasks to queue
[2024-09-03T11:47:27.195+0000] {logging_mixin.py:190} INFO - [2024-09-03T11:47:27.194+0000] {dagbag.py:587} INFO - Filling up the DagBag from /home/airflow/.local/lib/python3.12/site-packages/airflow/example_dags/example_task_group_decorator.py
[2024-09-03T11:47:27.235+0000] {processor.py:925} INFO - DAG(s) 'example_task_group_decorator' retrieved from /home/airflow/.local/lib/python3.12/site-packages/airflow/example_dags/example_task_group_decorator.py
[2024-09-03T11:47:27.290+0000] {logging_mixin.py:190} INFO - [2024-09-03T11:47:27.290+0000] {dag.py:3211} INFO - Sync 1 DAGs
[2024-09-03T11:47:27.345+0000] {logging_mixin.py:190} INFO - [2024-09-03T11:47:27.345+0000] {dag.py:4138} INFO - Setting next_dagrun for example_task_group_decorator to 2024-09-02 00:00:00+00:00, run_after=2024-09-03 00:00:00+00:00
[2024-09-03T11:47:27.397+0000] {processor.py:208} INFO - Processing /home/airflow/.local/lib/python3.12/site-packages/airflow/example_dags/example_task_group_decorator.py took 0.220 seconds
[2024-09-03T11:47:58.211+0000] {processor.py:186} INFO - Started process (PID=2612) to work on /home/airflow/.local/lib/python3.12/site-packages/airflow/example_dags/example_task_group_decorator.py
[2024-09-03T11:47:58.214+0000] {processor.py:914} INFO - Processing file /home/airflow/.local/lib/python3.12/site-packages/airflow/example_dags/example_task_group_decorator.py for tasks to queue
[2024-09-03T11:47:58.218+0000] {logging_mixin.py:190} INFO - [2024-09-03T11:47:58.218+0000] {dagbag.py:587} INFO - Filling up the DagBag from /home/airflow/.local/lib/python3.12/site-packages/airflow/example_dags/example_task_group_decorator.py
[2024-09-03T11:47:58.257+0000] {processor.py:925} INFO - DAG(s) 'example_task_group_decorator' retrieved from /home/airflow/.local/lib/python3.12/site-packages/airflow/example_dags/example_task_group_decorator.py
[2024-09-03T11:47:58.329+0000] {logging_mixin.py:190} INFO - [2024-09-03T11:47:58.328+0000] {dag.py:3211} INFO - Sync 1 DAGs
[2024-09-03T11:47:58.387+0000] {logging_mixin.py:190} INFO - [2024-09-03T11:47:58.386+0000] {dag.py:4138} INFO - Setting next_dagrun for example_task_group_decorator to 2024-09-02 00:00:00+00:00, run_after=2024-09-03 00:00:00+00:00
[2024-09-03T11:47:58.441+0000] {processor.py:208} INFO - Processing /home/airflow/.local/lib/python3.12/site-packages/airflow/example_dags/example_task_group_decorator.py took 0.240 seconds
[2024-09-03T11:48:28.700+0000] {processor.py:186} INFO - Started process (PID=2675) to work on /home/airflow/.local/lib/python3.12/site-packages/airflow/example_dags/example_task_group_decorator.py
[2024-09-03T11:48:28.702+0000] {processor.py:914} INFO - Processing file /home/airflow/.local/lib/python3.12/site-packages/airflow/example_dags/example_task_group_decorator.py for tasks to queue
[2024-09-03T11:48:28.706+0000] {logging_mixin.py:190} INFO - [2024-09-03T11:48:28.706+0000] {dagbag.py:587} INFO - Filling up the DagBag from /home/airflow/.local/lib/python3.12/site-packages/airflow/example_dags/example_task_group_decorator.py
[2024-09-03T11:48:28.731+0000] {processor.py:925} INFO - DAG(s) 'example_task_group_decorator' retrieved from /home/airflow/.local/lib/python3.12/site-packages/airflow/example_dags/example_task_group_decorator.py
[2024-09-03T11:48:28.773+0000] {logging_mixin.py:190} INFO - [2024-09-03T11:48:28.772+0000] {dag.py:3211} INFO - Sync 1 DAGs
[2024-09-03T11:48:28.806+0000] {logging_mixin.py:190} INFO - [2024-09-03T11:48:28.806+0000] {dag.py:4138} INFO - Setting next_dagrun for example_task_group_decorator to 2024-09-02 00:00:00+00:00, run_after=2024-09-03 00:00:00+00:00
[2024-09-03T11:48:28.845+0000] {processor.py:208} INFO - Processing /home/airflow/.local/lib/python3.12/site-packages/airflow/example_dags/example_task_group_decorator.py took 0.156 seconds
[2024-09-03T11:48:59.109+0000] {processor.py:186} INFO - Started process (PID=2738) to work on /home/airflow/.local/lib/python3.12/site-packages/airflow/example_dags/example_task_group_decorator.py
[2024-09-03T11:48:59.111+0000] {processor.py:914} INFO - Processing file /home/airflow/.local/lib/python3.12/site-packages/airflow/example_dags/example_task_group_decorator.py for tasks to queue
[2024-09-03T11:48:59.116+0000] {logging_mixin.py:190} INFO - [2024-09-03T11:48:59.115+0000] {dagbag.py:587} INFO - Filling up the DagBag from /home/airflow/.local/lib/python3.12/site-packages/airflow/example_dags/example_task_group_decorator.py
[2024-09-03T11:48:59.155+0000] {processor.py:925} INFO - DAG(s) 'example_task_group_decorator' retrieved from /home/airflow/.local/lib/python3.12/site-packages/airflow/example_dags/example_task_group_decorator.py
[2024-09-03T11:48:59.222+0000] {logging_mixin.py:190} INFO - [2024-09-03T11:48:59.221+0000] {dag.py:3211} INFO - Sync 1 DAGs
[2024-09-03T11:48:59.282+0000] {logging_mixin.py:190} INFO - [2024-09-03T11:48:59.281+0000] {dag.py:4138} INFO - Setting next_dagrun for example_task_group_decorator to 2024-09-02 00:00:00+00:00, run_after=2024-09-03 00:00:00+00:00
[2024-09-03T11:48:59.336+0000] {processor.py:208} INFO - Processing /home/airflow/.local/lib/python3.12/site-packages/airflow/example_dags/example_task_group_decorator.py took 0.237 seconds
[2024-09-03T11:49:30.360+0000] {processor.py:186} INFO - Started process (PID=2801) to work on /home/airflow/.local/lib/python3.12/site-packages/airflow/example_dags/example_task_group_decorator.py
[2024-09-03T11:49:30.363+0000] {processor.py:914} INFO - Processing file /home/airflow/.local/lib/python3.12/site-packages/airflow/example_dags/example_task_group_decorator.py for tasks to queue
[2024-09-03T11:49:30.367+0000] {logging_mixin.py:190} INFO - [2024-09-03T11:49:30.366+0000] {dagbag.py:587} INFO - Filling up the DagBag from /home/airflow/.local/lib/python3.12/site-packages/airflow/example_dags/example_task_group_decorator.py
[2024-09-03T11:49:30.417+0000] {processor.py:925} INFO - DAG(s) 'example_task_group_decorator' retrieved from /home/airflow/.local/lib/python3.12/site-packages/airflow/example_dags/example_task_group_decorator.py
[2024-09-03T11:49:30.489+0000] {logging_mixin.py:190} INFO - [2024-09-03T11:49:30.489+0000] {dag.py:3211} INFO - Sync 1 DAGs
[2024-09-03T11:49:30.538+0000] {logging_mixin.py:190} INFO - [2024-09-03T11:49:30.538+0000] {dag.py:4138} INFO - Setting next_dagrun for example_task_group_decorator to 2024-09-02 00:00:00+00:00, run_after=2024-09-03 00:00:00+00:00
[2024-09-03T11:49:30.579+0000] {processor.py:208} INFO - Processing /home/airflow/.local/lib/python3.12/site-packages/airflow/example_dags/example_task_group_decorator.py took 0.235 seconds
[2024-09-03T11:50:00.851+0000] {processor.py:186} INFO - Started process (PID=2864) to work on /home/airflow/.local/lib/python3.12/site-packages/airflow/example_dags/example_task_group_decorator.py
[2024-09-03T11:50:00.856+0000] {processor.py:914} INFO - Processing file /home/airflow/.local/lib/python3.12/site-packages/airflow/example_dags/example_task_group_decorator.py for tasks to queue
[2024-09-03T11:50:00.860+0000] {logging_mixin.py:190} INFO - [2024-09-03T11:50:00.860+0000] {dagbag.py:587} INFO - Filling up the DagBag from /home/airflow/.local/lib/python3.12/site-packages/airflow/example_dags/example_task_group_decorator.py
[2024-09-03T11:50:00.900+0000] {processor.py:925} INFO - DAG(s) 'example_task_group_decorator' retrieved from /home/airflow/.local/lib/python3.12/site-packages/airflow/example_dags/example_task_group_decorator.py
[2024-09-03T11:50:00.957+0000] {logging_mixin.py:190} INFO - [2024-09-03T11:50:00.957+0000] {dag.py:3211} INFO - Sync 1 DAGs
[2024-09-03T11:50:01.023+0000] {logging_mixin.py:190} INFO - [2024-09-03T11:50:01.023+0000] {dag.py:4138} INFO - Setting next_dagrun for example_task_group_decorator to 2024-09-02 00:00:00+00:00, run_after=2024-09-03 00:00:00+00:00
[2024-09-03T11:50:01.096+0000] {processor.py:208} INFO - Processing /home/airflow/.local/lib/python3.12/site-packages/airflow/example_dags/example_task_group_decorator.py took 0.255 seconds
