[2024-09-03T11:27:34.479+0000] {processor.py:186} INFO - Started process (PID=95) to work on /home/airflow/.local/lib/python3.12/site-packages/airflow/example_dags/example_skip_dag.py
[2024-09-03T11:27:34.482+0000] {processor.py:914} INFO - Processing file /home/airflow/.local/lib/python3.12/site-packages/airflow/example_dags/example_skip_dag.py for tasks to queue
[2024-09-03T11:27:34.485+0000] {logging_mixin.py:190} INFO - [2024-09-03T11:27:34.485+0000] {dagbag.py:587} INFO - Filling up the DagBag from /home/airflow/.local/lib/python3.12/site-packages/airflow/example_dags/example_skip_dag.py
[2024-09-03T11:27:34.495+0000] {processor.py:925} INFO - DAG(s) 'example_skip_dag' retrieved from /home/airflow/.local/lib/python3.12/site-packages/airflow/example_dags/example_skip_dag.py
[2024-09-03T11:27:34.532+0000] {logging_mixin.py:190} INFO - [2024-09-03T11:27:34.531+0000] {dag.py:3211} INFO - Sync 1 DAGs
[2024-09-03T11:27:34.570+0000] {logging_mixin.py:190} INFO - [2024-09-03T11:27:34.569+0000] {dag.py:4138} INFO - Setting next_dagrun for example_skip_dag to 2024-09-02 00:00:00+00:00, run_after=2024-09-03 00:00:00+00:00
[2024-09-03T11:27:34.615+0000] {processor.py:208} INFO - Processing /home/airflow/.local/lib/python3.12/site-packages/airflow/example_dags/example_skip_dag.py took 0.142 seconds
[2024-09-03T11:28:05.123+0000] {processor.py:186} INFO - Started process (PID=162) to work on /home/airflow/.local/lib/python3.12/site-packages/airflow/example_dags/example_skip_dag.py
[2024-09-03T11:28:05.124+0000] {processor.py:914} INFO - Processing file /home/airflow/.local/lib/python3.12/site-packages/airflow/example_dags/example_skip_dag.py for tasks to queue
[2024-09-03T11:28:05.126+0000] {logging_mixin.py:190} INFO - [2024-09-03T11:28:05.126+0000] {dagbag.py:587} INFO - Filling up the DagBag from /home/airflow/.local/lib/python3.12/site-packages/airflow/example_dags/example_skip_dag.py
[2024-09-03T11:28:05.135+0000] {processor.py:925} INFO - DAG(s) 'example_skip_dag' retrieved from /home/airflow/.local/lib/python3.12/site-packages/airflow/example_dags/example_skip_dag.py
[2024-09-03T11:28:05.160+0000] {logging_mixin.py:190} INFO - [2024-09-03T11:28:05.160+0000] {dag.py:3211} INFO - Sync 1 DAGs
[2024-09-03T11:28:05.191+0000] {logging_mixin.py:190} INFO - [2024-09-03T11:28:05.191+0000] {dag.py:4138} INFO - Setting next_dagrun for example_skip_dag to 2024-09-02 00:00:00+00:00, run_after=2024-09-03 00:00:00+00:00
[2024-09-03T11:28:05.220+0000] {processor.py:208} INFO - Processing /home/airflow/.local/lib/python3.12/site-packages/airflow/example_dags/example_skip_dag.py took 0.102 seconds
[2024-09-03T11:28:35.577+0000] {processor.py:186} INFO - Started process (PID=229) to work on /home/airflow/.local/lib/python3.12/site-packages/airflow/example_dags/example_skip_dag.py
[2024-09-03T11:28:35.578+0000] {processor.py:914} INFO - Processing file /home/airflow/.local/lib/python3.12/site-packages/airflow/example_dags/example_skip_dag.py for tasks to queue
[2024-09-03T11:28:35.581+0000] {logging_mixin.py:190} INFO - [2024-09-03T11:28:35.581+0000] {dagbag.py:587} INFO - Filling up the DagBag from /home/airflow/.local/lib/python3.12/site-packages/airflow/example_dags/example_skip_dag.py
[2024-09-03T11:28:35.589+0000] {processor.py:925} INFO - DAG(s) 'example_skip_dag' retrieved from /home/airflow/.local/lib/python3.12/site-packages/airflow/example_dags/example_skip_dag.py
[2024-09-03T11:28:35.611+0000] {logging_mixin.py:190} INFO - [2024-09-03T11:28:35.611+0000] {dag.py:3211} INFO - Sync 1 DAGs
[2024-09-03T11:28:35.635+0000] {logging_mixin.py:190} INFO - [2024-09-03T11:28:35.635+0000] {dag.py:4138} INFO - Setting next_dagrun for example_skip_dag to 2024-09-02 00:00:00+00:00, run_after=2024-09-03 00:00:00+00:00
[2024-09-03T11:28:35.661+0000] {processor.py:208} INFO - Processing /home/airflow/.local/lib/python3.12/site-packages/airflow/example_dags/example_skip_dag.py took 0.089 seconds
[2024-09-03T11:29:06.667+0000] {processor.py:186} INFO - Started process (PID=292) to work on /home/airflow/.local/lib/python3.12/site-packages/airflow/example_dags/example_skip_dag.py
[2024-09-03T11:29:06.672+0000] {processor.py:914} INFO - Processing file /home/airflow/.local/lib/python3.12/site-packages/airflow/example_dags/example_skip_dag.py for tasks to queue
[2024-09-03T11:29:06.676+0000] {logging_mixin.py:190} INFO - [2024-09-03T11:29:06.676+0000] {dagbag.py:587} INFO - Filling up the DagBag from /home/airflow/.local/lib/python3.12/site-packages/airflow/example_dags/example_skip_dag.py
[2024-09-03T11:29:06.696+0000] {processor.py:925} INFO - DAG(s) 'example_skip_dag' retrieved from /home/airflow/.local/lib/python3.12/site-packages/airflow/example_dags/example_skip_dag.py
[2024-09-03T11:29:06.759+0000] {logging_mixin.py:190} INFO - [2024-09-03T11:29:06.759+0000] {dag.py:3211} INFO - Sync 1 DAGs
[2024-09-03T11:29:06.814+0000] {logging_mixin.py:190} INFO - [2024-09-03T11:29:06.813+0000] {dag.py:4138} INFO - Setting next_dagrun for example_skip_dag to 2024-09-02 00:00:00+00:00, run_after=2024-09-03 00:00:00+00:00
[2024-09-03T11:29:06.847+0000] {processor.py:208} INFO - Processing /home/airflow/.local/lib/python3.12/site-packages/airflow/example_dags/example_skip_dag.py took 0.193 seconds
[2024-09-03T11:29:37.645+0000] {processor.py:186} INFO - Started process (PID=355) to work on /home/airflow/.local/lib/python3.12/site-packages/airflow/example_dags/example_skip_dag.py
[2024-09-03T11:29:37.646+0000] {processor.py:914} INFO - Processing file /home/airflow/.local/lib/python3.12/site-packages/airflow/example_dags/example_skip_dag.py for tasks to queue
[2024-09-03T11:29:37.649+0000] {logging_mixin.py:190} INFO - [2024-09-03T11:29:37.648+0000] {dagbag.py:587} INFO - Filling up the DagBag from /home/airflow/.local/lib/python3.12/site-packages/airflow/example_dags/example_skip_dag.py
[2024-09-03T11:29:37.657+0000] {processor.py:925} INFO - DAG(s) 'example_skip_dag' retrieved from /home/airflow/.local/lib/python3.12/site-packages/airflow/example_dags/example_skip_dag.py
[2024-09-03T11:29:37.681+0000] {logging_mixin.py:190} INFO - [2024-09-03T11:29:37.681+0000] {dag.py:3211} INFO - Sync 1 DAGs
[2024-09-03T11:29:37.709+0000] {logging_mixin.py:190} INFO - [2024-09-03T11:29:37.708+0000] {dag.py:4138} INFO - Setting next_dagrun for example_skip_dag to 2024-09-02 00:00:00+00:00, run_after=2024-09-03 00:00:00+00:00
[2024-09-03T11:29:37.742+0000] {processor.py:208} INFO - Processing /home/airflow/.local/lib/python3.12/site-packages/airflow/example_dags/example_skip_dag.py took 0.105 seconds
[2024-09-03T11:30:08.186+0000] {processor.py:186} INFO - Started process (PID=418) to work on /home/airflow/.local/lib/python3.12/site-packages/airflow/example_dags/example_skip_dag.py
[2024-09-03T11:30:08.205+0000] {processor.py:914} INFO - Processing file /home/airflow/.local/lib/python3.12/site-packages/airflow/example_dags/example_skip_dag.py for tasks to queue
[2024-09-03T11:30:08.209+0000] {logging_mixin.py:190} INFO - [2024-09-03T11:30:08.208+0000] {dagbag.py:587} INFO - Filling up the DagBag from /home/airflow/.local/lib/python3.12/site-packages/airflow/example_dags/example_skip_dag.py
[2024-09-03T11:30:08.219+0000] {processor.py:925} INFO - DAG(s) 'example_skip_dag' retrieved from /home/airflow/.local/lib/python3.12/site-packages/airflow/example_dags/example_skip_dag.py
[2024-09-03T11:30:08.251+0000] {logging_mixin.py:190} INFO - [2024-09-03T11:30:08.251+0000] {dag.py:3211} INFO - Sync 1 DAGs
[2024-09-03T11:30:08.322+0000] {logging_mixin.py:190} INFO - [2024-09-03T11:30:08.322+0000] {dag.py:4138} INFO - Setting next_dagrun for example_skip_dag to 2024-09-02 00:00:00+00:00, run_after=2024-09-03 00:00:00+00:00
[2024-09-03T11:30:08.449+0000] {processor.py:208} INFO - Processing /home/airflow/.local/lib/python3.12/site-packages/airflow/example_dags/example_skip_dag.py took 0.272 seconds
[2024-09-03T11:30:38.673+0000] {processor.py:186} INFO - Started process (PID=481) to work on /home/airflow/.local/lib/python3.12/site-packages/airflow/example_dags/example_skip_dag.py
[2024-09-03T11:30:38.675+0000] {processor.py:914} INFO - Processing file /home/airflow/.local/lib/python3.12/site-packages/airflow/example_dags/example_skip_dag.py for tasks to queue
[2024-09-03T11:30:38.677+0000] {logging_mixin.py:190} INFO - [2024-09-03T11:30:38.677+0000] {dagbag.py:587} INFO - Filling up the DagBag from /home/airflow/.local/lib/python3.12/site-packages/airflow/example_dags/example_skip_dag.py
[2024-09-03T11:30:38.691+0000] {processor.py:925} INFO - DAG(s) 'example_skip_dag' retrieved from /home/airflow/.local/lib/python3.12/site-packages/airflow/example_dags/example_skip_dag.py
[2024-09-03T11:30:38.727+0000] {logging_mixin.py:190} INFO - [2024-09-03T11:30:38.727+0000] {dag.py:3211} INFO - Sync 1 DAGs
[2024-09-03T11:30:38.752+0000] {logging_mixin.py:190} INFO - [2024-09-03T11:30:38.751+0000] {dag.py:4138} INFO - Setting next_dagrun for example_skip_dag to 2024-09-02 00:00:00+00:00, run_after=2024-09-03 00:00:00+00:00
[2024-09-03T11:30:38.776+0000] {processor.py:208} INFO - Processing /home/airflow/.local/lib/python3.12/site-packages/airflow/example_dags/example_skip_dag.py took 0.108 seconds
[2024-09-03T11:31:08.881+0000] {processor.py:186} INFO - Started process (PID=545) to work on /home/airflow/.local/lib/python3.12/site-packages/airflow/example_dags/example_skip_dag.py
[2024-09-03T11:31:08.883+0000] {processor.py:914} INFO - Processing file /home/airflow/.local/lib/python3.12/site-packages/airflow/example_dags/example_skip_dag.py for tasks to queue
[2024-09-03T11:31:08.890+0000] {logging_mixin.py:190} INFO - [2024-09-03T11:31:08.889+0000] {dagbag.py:587} INFO - Filling up the DagBag from /home/airflow/.local/lib/python3.12/site-packages/airflow/example_dags/example_skip_dag.py
[2024-09-03T11:31:08.904+0000] {processor.py:925} INFO - DAG(s) 'example_skip_dag' retrieved from /home/airflow/.local/lib/python3.12/site-packages/airflow/example_dags/example_skip_dag.py
[2024-09-03T11:31:08.960+0000] {logging_mixin.py:190} INFO - [2024-09-03T11:31:08.960+0000] {dag.py:3211} INFO - Sync 1 DAGs
[2024-09-03T11:31:09.004+0000] {logging_mixin.py:190} INFO - [2024-09-03T11:31:09.004+0000] {dag.py:4138} INFO - Setting next_dagrun for example_skip_dag to 2024-09-02 00:00:00+00:00, run_after=2024-09-03 00:00:00+00:00
[2024-09-03T11:31:09.032+0000] {processor.py:208} INFO - Processing /home/airflow/.local/lib/python3.12/site-packages/airflow/example_dags/example_skip_dag.py took 0.159 seconds
[2024-09-03T11:31:39.550+0000] {processor.py:186} INFO - Started process (PID=608) to work on /home/airflow/.local/lib/python3.12/site-packages/airflow/example_dags/example_skip_dag.py
[2024-09-03T11:31:39.551+0000] {processor.py:914} INFO - Processing file /home/airflow/.local/lib/python3.12/site-packages/airflow/example_dags/example_skip_dag.py for tasks to queue
[2024-09-03T11:31:39.554+0000] {logging_mixin.py:190} INFO - [2024-09-03T11:31:39.553+0000] {dagbag.py:587} INFO - Filling up the DagBag from /home/airflow/.local/lib/python3.12/site-packages/airflow/example_dags/example_skip_dag.py
[2024-09-03T11:31:39.562+0000] {processor.py:925} INFO - DAG(s) 'example_skip_dag' retrieved from /home/airflow/.local/lib/python3.12/site-packages/airflow/example_dags/example_skip_dag.py
[2024-09-03T11:31:39.591+0000] {logging_mixin.py:190} INFO - [2024-09-03T11:31:39.591+0000] {dag.py:3211} INFO - Sync 1 DAGs
[2024-09-03T11:31:39.621+0000] {logging_mixin.py:190} INFO - [2024-09-03T11:31:39.620+0000] {dag.py:4138} INFO - Setting next_dagrun for example_skip_dag to 2024-09-02 00:00:00+00:00, run_after=2024-09-03 00:00:00+00:00
[2024-09-03T11:31:39.649+0000] {processor.py:208} INFO - Processing /home/airflow/.local/lib/python3.12/site-packages/airflow/example_dags/example_skip_dag.py took 0.105 seconds
[2024-09-03T11:32:10.245+0000] {processor.py:186} INFO - Started process (PID=671) to work on /home/airflow/.local/lib/python3.12/site-packages/airflow/example_dags/example_skip_dag.py
[2024-09-03T11:32:10.246+0000] {processor.py:914} INFO - Processing file /home/airflow/.local/lib/python3.12/site-packages/airflow/example_dags/example_skip_dag.py for tasks to queue
[2024-09-03T11:32:10.249+0000] {logging_mixin.py:190} INFO - [2024-09-03T11:32:10.249+0000] {dagbag.py:587} INFO - Filling up the DagBag from /home/airflow/.local/lib/python3.12/site-packages/airflow/example_dags/example_skip_dag.py
[2024-09-03T11:32:10.259+0000] {processor.py:925} INFO - DAG(s) 'example_skip_dag' retrieved from /home/airflow/.local/lib/python3.12/site-packages/airflow/example_dags/example_skip_dag.py
[2024-09-03T11:32:10.286+0000] {logging_mixin.py:190} INFO - [2024-09-03T11:32:10.286+0000] {dag.py:3211} INFO - Sync 1 DAGs
[2024-09-03T11:32:10.319+0000] {logging_mixin.py:190} INFO - [2024-09-03T11:32:10.319+0000] {dag.py:4138} INFO - Setting next_dagrun for example_skip_dag to 2024-09-02 00:00:00+00:00, run_after=2024-09-03 00:00:00+00:00
[2024-09-03T11:32:10.344+0000] {processor.py:208} INFO - Processing /home/airflow/.local/lib/python3.12/site-packages/airflow/example_dags/example_skip_dag.py took 0.105 seconds
[2024-09-03T11:32:40.460+0000] {processor.py:186} INFO - Started process (PID=734) to work on /home/airflow/.local/lib/python3.12/site-packages/airflow/example_dags/example_skip_dag.py
[2024-09-03T11:32:40.462+0000] {processor.py:914} INFO - Processing file /home/airflow/.local/lib/python3.12/site-packages/airflow/example_dags/example_skip_dag.py for tasks to queue
[2024-09-03T11:32:40.465+0000] {logging_mixin.py:190} INFO - [2024-09-03T11:32:40.465+0000] {dagbag.py:587} INFO - Filling up the DagBag from /home/airflow/.local/lib/python3.12/site-packages/airflow/example_dags/example_skip_dag.py
[2024-09-03T11:32:40.473+0000] {processor.py:925} INFO - DAG(s) 'example_skip_dag' retrieved from /home/airflow/.local/lib/python3.12/site-packages/airflow/example_dags/example_skip_dag.py
[2024-09-03T11:32:40.503+0000] {logging_mixin.py:190} INFO - [2024-09-03T11:32:40.502+0000] {dag.py:3211} INFO - Sync 1 DAGs
[2024-09-03T11:32:40.539+0000] {logging_mixin.py:190} INFO - [2024-09-03T11:32:40.538+0000] {dag.py:4138} INFO - Setting next_dagrun for example_skip_dag to 2024-09-02 00:00:00+00:00, run_after=2024-09-03 00:00:00+00:00
[2024-09-03T11:32:40.569+0000] {processor.py:208} INFO - Processing /home/airflow/.local/lib/python3.12/site-packages/airflow/example_dags/example_skip_dag.py took 0.114 seconds
[2024-09-03T11:33:11.145+0000] {processor.py:186} INFO - Started process (PID=797) to work on /home/airflow/.local/lib/python3.12/site-packages/airflow/example_dags/example_skip_dag.py
[2024-09-03T11:33:11.146+0000] {processor.py:914} INFO - Processing file /home/airflow/.local/lib/python3.12/site-packages/airflow/example_dags/example_skip_dag.py for tasks to queue
[2024-09-03T11:33:11.149+0000] {logging_mixin.py:190} INFO - [2024-09-03T11:33:11.148+0000] {dagbag.py:587} INFO - Filling up the DagBag from /home/airflow/.local/lib/python3.12/site-packages/airflow/example_dags/example_skip_dag.py
[2024-09-03T11:33:11.157+0000] {processor.py:925} INFO - DAG(s) 'example_skip_dag' retrieved from /home/airflow/.local/lib/python3.12/site-packages/airflow/example_dags/example_skip_dag.py
[2024-09-03T11:33:11.186+0000] {logging_mixin.py:190} INFO - [2024-09-03T11:33:11.185+0000] {dag.py:3211} INFO - Sync 1 DAGs
[2024-09-03T11:33:11.213+0000] {logging_mixin.py:190} INFO - [2024-09-03T11:33:11.213+0000] {dag.py:4138} INFO - Setting next_dagrun for example_skip_dag to 2024-09-02 00:00:00+00:00, run_after=2024-09-03 00:00:00+00:00
[2024-09-03T11:33:11.242+0000] {processor.py:208} INFO - Processing /home/airflow/.local/lib/python3.12/site-packages/airflow/example_dags/example_skip_dag.py took 0.104 seconds
[2024-09-03T11:33:41.385+0000] {processor.py:186} INFO - Started process (PID=860) to work on /home/airflow/.local/lib/python3.12/site-packages/airflow/example_dags/example_skip_dag.py
[2024-09-03T11:33:41.387+0000] {processor.py:914} INFO - Processing file /home/airflow/.local/lib/python3.12/site-packages/airflow/example_dags/example_skip_dag.py for tasks to queue
[2024-09-03T11:33:41.390+0000] {logging_mixin.py:190} INFO - [2024-09-03T11:33:41.389+0000] {dagbag.py:587} INFO - Filling up the DagBag from /home/airflow/.local/lib/python3.12/site-packages/airflow/example_dags/example_skip_dag.py
[2024-09-03T11:33:41.398+0000] {processor.py:925} INFO - DAG(s) 'example_skip_dag' retrieved from /home/airflow/.local/lib/python3.12/site-packages/airflow/example_dags/example_skip_dag.py
[2024-09-03T11:33:41.423+0000] {logging_mixin.py:190} INFO - [2024-09-03T11:33:41.423+0000] {dag.py:3211} INFO - Sync 1 DAGs
[2024-09-03T11:33:41.450+0000] {logging_mixin.py:190} INFO - [2024-09-03T11:33:41.449+0000] {dag.py:4138} INFO - Setting next_dagrun for example_skip_dag to 2024-09-02 00:00:00+00:00, run_after=2024-09-03 00:00:00+00:00
[2024-09-03T11:33:41.479+0000] {processor.py:208} INFO - Processing /home/airflow/.local/lib/python3.12/site-packages/airflow/example_dags/example_skip_dag.py took 0.099 seconds
[2024-09-03T11:34:12.037+0000] {processor.py:186} INFO - Started process (PID=923) to work on /home/airflow/.local/lib/python3.12/site-packages/airflow/example_dags/example_skip_dag.py
[2024-09-03T11:34:12.039+0000] {processor.py:914} INFO - Processing file /home/airflow/.local/lib/python3.12/site-packages/airflow/example_dags/example_skip_dag.py for tasks to queue
[2024-09-03T11:34:12.043+0000] {logging_mixin.py:190} INFO - [2024-09-03T11:34:12.043+0000] {dagbag.py:587} INFO - Filling up the DagBag from /home/airflow/.local/lib/python3.12/site-packages/airflow/example_dags/example_skip_dag.py
[2024-09-03T11:34:12.054+0000] {processor.py:925} INFO - DAG(s) 'example_skip_dag' retrieved from /home/airflow/.local/lib/python3.12/site-packages/airflow/example_dags/example_skip_dag.py
[2024-09-03T11:34:12.081+0000] {logging_mixin.py:190} INFO - [2024-09-03T11:34:12.081+0000] {dag.py:3211} INFO - Sync 1 DAGs
[2024-09-03T11:34:12.106+0000] {logging_mixin.py:190} INFO - [2024-09-03T11:34:12.106+0000] {dag.py:4138} INFO - Setting next_dagrun for example_skip_dag to 2024-09-02 00:00:00+00:00, run_after=2024-09-03 00:00:00+00:00
[2024-09-03T11:34:12.133+0000] {processor.py:208} INFO - Processing /home/airflow/.local/lib/python3.12/site-packages/airflow/example_dags/example_skip_dag.py took 0.105 seconds
[2024-09-03T11:34:43.933+0000] {processor.py:186} INFO - Started process (PID=986) to work on /home/airflow/.local/lib/python3.12/site-packages/airflow/example_dags/example_skip_dag.py
[2024-09-03T11:34:43.972+0000] {processor.py:914} INFO - Processing file /home/airflow/.local/lib/python3.12/site-packages/airflow/example_dags/example_skip_dag.py for tasks to queue
[2024-09-03T11:34:43.977+0000] {logging_mixin.py:190} INFO - [2024-09-03T11:34:43.976+0000] {dagbag.py:587} INFO - Filling up the DagBag from /home/airflow/.local/lib/python3.12/site-packages/airflow/example_dags/example_skip_dag.py
[2024-09-03T11:34:44.003+0000] {processor.py:925} INFO - DAG(s) 'example_skip_dag' retrieved from /home/airflow/.local/lib/python3.12/site-packages/airflow/example_dags/example_skip_dag.py
[2024-09-03T11:34:44.072+0000] {logging_mixin.py:190} INFO - [2024-09-03T11:34:44.072+0000] {dag.py:3211} INFO - Sync 1 DAGs
[2024-09-03T11:34:44.152+0000] {logging_mixin.py:190} INFO - [2024-09-03T11:34:44.152+0000] {dag.py:4138} INFO - Setting next_dagrun for example_skip_dag to 2024-09-02 00:00:00+00:00, run_after=2024-09-03 00:00:00+00:00
[2024-09-03T11:34:44.272+0000] {processor.py:208} INFO - Processing /home/airflow/.local/lib/python3.12/site-packages/airflow/example_dags/example_skip_dag.py took 0.349 seconds
[2024-09-03T11:35:14.494+0000] {processor.py:186} INFO - Started process (PID=1050) to work on /home/airflow/.local/lib/python3.12/site-packages/airflow/example_dags/example_skip_dag.py
[2024-09-03T11:35:14.496+0000] {processor.py:914} INFO - Processing file /home/airflow/.local/lib/python3.12/site-packages/airflow/example_dags/example_skip_dag.py for tasks to queue
[2024-09-03T11:35:14.500+0000] {logging_mixin.py:190} INFO - [2024-09-03T11:35:14.499+0000] {dagbag.py:587} INFO - Filling up the DagBag from /home/airflow/.local/lib/python3.12/site-packages/airflow/example_dags/example_skip_dag.py
[2024-09-03T11:35:14.512+0000] {processor.py:925} INFO - DAG(s) 'example_skip_dag' retrieved from /home/airflow/.local/lib/python3.12/site-packages/airflow/example_dags/example_skip_dag.py
[2024-09-03T11:35:14.547+0000] {logging_mixin.py:190} INFO - [2024-09-03T11:35:14.547+0000] {dag.py:3211} INFO - Sync 1 DAGs
[2024-09-03T11:35:14.584+0000] {logging_mixin.py:190} INFO - [2024-09-03T11:35:14.584+0000] {dag.py:4138} INFO - Setting next_dagrun for example_skip_dag to 2024-09-02 00:00:00+00:00, run_after=2024-09-03 00:00:00+00:00
[2024-09-03T11:35:14.613+0000] {processor.py:208} INFO - Processing /home/airflow/.local/lib/python3.12/site-packages/airflow/example_dags/example_skip_dag.py took 0.126 seconds
[2024-09-03T11:35:44.667+0000] {processor.py:186} INFO - Started process (PID=1113) to work on /home/airflow/.local/lib/python3.12/site-packages/airflow/example_dags/example_skip_dag.py
[2024-09-03T11:35:44.668+0000] {processor.py:914} INFO - Processing file /home/airflow/.local/lib/python3.12/site-packages/airflow/example_dags/example_skip_dag.py for tasks to queue
[2024-09-03T11:35:44.672+0000] {logging_mixin.py:190} INFO - [2024-09-03T11:35:44.671+0000] {dagbag.py:587} INFO - Filling up the DagBag from /home/airflow/.local/lib/python3.12/site-packages/airflow/example_dags/example_skip_dag.py
[2024-09-03T11:35:44.679+0000] {processor.py:925} INFO - DAG(s) 'example_skip_dag' retrieved from /home/airflow/.local/lib/python3.12/site-packages/airflow/example_dags/example_skip_dag.py
[2024-09-03T11:35:44.703+0000] {logging_mixin.py:190} INFO - [2024-09-03T11:35:44.702+0000] {dag.py:3211} INFO - Sync 1 DAGs
[2024-09-03T11:35:44.727+0000] {logging_mixin.py:190} INFO - [2024-09-03T11:35:44.727+0000] {dag.py:4138} INFO - Setting next_dagrun for example_skip_dag to 2024-09-02 00:00:00+00:00, run_after=2024-09-03 00:00:00+00:00
[2024-09-03T11:35:44.753+0000] {processor.py:208} INFO - Processing /home/airflow/.local/lib/python3.12/site-packages/airflow/example_dags/example_skip_dag.py took 0.091 seconds
[2024-09-03T11:36:15.421+0000] {processor.py:186} INFO - Started process (PID=1176) to work on /home/airflow/.local/lib/python3.12/site-packages/airflow/example_dags/example_skip_dag.py
[2024-09-03T11:36:15.422+0000] {processor.py:914} INFO - Processing file /home/airflow/.local/lib/python3.12/site-packages/airflow/example_dags/example_skip_dag.py for tasks to queue
[2024-09-03T11:36:15.425+0000] {logging_mixin.py:190} INFO - [2024-09-03T11:36:15.425+0000] {dagbag.py:587} INFO - Filling up the DagBag from /home/airflow/.local/lib/python3.12/site-packages/airflow/example_dags/example_skip_dag.py
[2024-09-03T11:36:15.433+0000] {processor.py:925} INFO - DAG(s) 'example_skip_dag' retrieved from /home/airflow/.local/lib/python3.12/site-packages/airflow/example_dags/example_skip_dag.py
[2024-09-03T11:36:15.457+0000] {logging_mixin.py:190} INFO - [2024-09-03T11:36:15.457+0000] {dag.py:3211} INFO - Sync 1 DAGs
[2024-09-03T11:36:15.482+0000] {logging_mixin.py:190} INFO - [2024-09-03T11:36:15.482+0000] {dag.py:4138} INFO - Setting next_dagrun for example_skip_dag to 2024-09-02 00:00:00+00:00, run_after=2024-09-03 00:00:00+00:00
[2024-09-03T11:36:15.507+0000] {processor.py:208} INFO - Processing /home/airflow/.local/lib/python3.12/site-packages/airflow/example_dags/example_skip_dag.py took 0.091 seconds
[2024-09-03T11:36:46.252+0000] {processor.py:186} INFO - Started process (PID=1238) to work on /home/airflow/.local/lib/python3.12/site-packages/airflow/example_dags/example_skip_dag.py
[2024-09-03T11:36:46.253+0000] {processor.py:914} INFO - Processing file /home/airflow/.local/lib/python3.12/site-packages/airflow/example_dags/example_skip_dag.py for tasks to queue
[2024-09-03T11:36:46.258+0000] {logging_mixin.py:190} INFO - [2024-09-03T11:36:46.257+0000] {dagbag.py:587} INFO - Filling up the DagBag from /home/airflow/.local/lib/python3.12/site-packages/airflow/example_dags/example_skip_dag.py
[2024-09-03T11:36:46.271+0000] {processor.py:925} INFO - DAG(s) 'example_skip_dag' retrieved from /home/airflow/.local/lib/python3.12/site-packages/airflow/example_dags/example_skip_dag.py
[2024-09-03T11:36:46.313+0000] {logging_mixin.py:190} INFO - [2024-09-03T11:36:46.312+0000] {dag.py:3211} INFO - Sync 1 DAGs
[2024-09-03T11:36:46.373+0000] {logging_mixin.py:190} INFO - [2024-09-03T11:36:46.373+0000] {dag.py:4138} INFO - Setting next_dagrun for example_skip_dag to 2024-09-02 00:00:00+00:00, run_after=2024-09-03 00:00:00+00:00
[2024-09-03T11:36:46.437+0000] {processor.py:208} INFO - Processing /home/airflow/.local/lib/python3.12/site-packages/airflow/example_dags/example_skip_dag.py took 0.193 seconds
[2024-09-03T11:37:17.091+0000] {processor.py:186} INFO - Started process (PID=1301) to work on /home/airflow/.local/lib/python3.12/site-packages/airflow/example_dags/example_skip_dag.py
[2024-09-03T11:37:17.093+0000] {processor.py:914} INFO - Processing file /home/airflow/.local/lib/python3.12/site-packages/airflow/example_dags/example_skip_dag.py for tasks to queue
[2024-09-03T11:37:17.098+0000] {logging_mixin.py:190} INFO - [2024-09-03T11:37:17.097+0000] {dagbag.py:587} INFO - Filling up the DagBag from /home/airflow/.local/lib/python3.12/site-packages/airflow/example_dags/example_skip_dag.py
[2024-09-03T11:37:17.113+0000] {processor.py:925} INFO - DAG(s) 'example_skip_dag' retrieved from /home/airflow/.local/lib/python3.12/site-packages/airflow/example_dags/example_skip_dag.py
[2024-09-03T11:37:17.156+0000] {logging_mixin.py:190} INFO - [2024-09-03T11:37:17.156+0000] {dag.py:3211} INFO - Sync 1 DAGs
[2024-09-03T11:37:17.201+0000] {logging_mixin.py:190} INFO - [2024-09-03T11:37:17.201+0000] {dag.py:4138} INFO - Setting next_dagrun for example_skip_dag to 2024-09-02 00:00:00+00:00, run_after=2024-09-03 00:00:00+00:00
[2024-09-03T11:37:17.233+0000] {processor.py:208} INFO - Processing /home/airflow/.local/lib/python3.12/site-packages/airflow/example_dags/example_skip_dag.py took 0.153 seconds
[2024-09-03T11:37:48.184+0000] {processor.py:186} INFO - Started process (PID=1364) to work on /home/airflow/.local/lib/python3.12/site-packages/airflow/example_dags/example_skip_dag.py
[2024-09-03T11:37:48.186+0000] {processor.py:914} INFO - Processing file /home/airflow/.local/lib/python3.12/site-packages/airflow/example_dags/example_skip_dag.py for tasks to queue
[2024-09-03T11:37:48.189+0000] {logging_mixin.py:190} INFO - [2024-09-03T11:37:48.189+0000] {dagbag.py:587} INFO - Filling up the DagBag from /home/airflow/.local/lib/python3.12/site-packages/airflow/example_dags/example_skip_dag.py
[2024-09-03T11:37:48.198+0000] {processor.py:925} INFO - DAG(s) 'example_skip_dag' retrieved from /home/airflow/.local/lib/python3.12/site-packages/airflow/example_dags/example_skip_dag.py
[2024-09-03T11:37:48.228+0000] {logging_mixin.py:190} INFO - [2024-09-03T11:37:48.227+0000] {dag.py:3211} INFO - Sync 1 DAGs
[2024-09-03T11:37:48.263+0000] {logging_mixin.py:190} INFO - [2024-09-03T11:37:48.262+0000] {dag.py:4138} INFO - Setting next_dagrun for example_skip_dag to 2024-09-02 00:00:00+00:00, run_after=2024-09-03 00:00:00+00:00
[2024-09-03T11:37:48.296+0000] {processor.py:208} INFO - Processing /home/airflow/.local/lib/python3.12/site-packages/airflow/example_dags/example_skip_dag.py took 0.120 seconds
[2024-09-03T11:38:19.258+0000] {processor.py:186} INFO - Started process (PID=1427) to work on /home/airflow/.local/lib/python3.12/site-packages/airflow/example_dags/example_skip_dag.py
[2024-09-03T11:38:19.260+0000] {processor.py:914} INFO - Processing file /home/airflow/.local/lib/python3.12/site-packages/airflow/example_dags/example_skip_dag.py for tasks to queue
[2024-09-03T11:38:19.264+0000] {logging_mixin.py:190} INFO - [2024-09-03T11:38:19.264+0000] {dagbag.py:587} INFO - Filling up the DagBag from /home/airflow/.local/lib/python3.12/site-packages/airflow/example_dags/example_skip_dag.py
[2024-09-03T11:38:19.277+0000] {processor.py:925} INFO - DAG(s) 'example_skip_dag' retrieved from /home/airflow/.local/lib/python3.12/site-packages/airflow/example_dags/example_skip_dag.py
[2024-09-03T11:38:19.311+0000] {logging_mixin.py:190} INFO - [2024-09-03T11:38:19.310+0000] {dag.py:3211} INFO - Sync 1 DAGs
[2024-09-03T11:38:19.356+0000] {logging_mixin.py:190} INFO - [2024-09-03T11:38:19.356+0000] {dag.py:4138} INFO - Setting next_dagrun for example_skip_dag to 2024-09-02 00:00:00+00:00, run_after=2024-09-03 00:00:00+00:00
[2024-09-03T11:38:19.396+0000] {processor.py:208} INFO - Processing /home/airflow/.local/lib/python3.12/site-packages/airflow/example_dags/example_skip_dag.py took 0.147 seconds
[2024-09-03T11:38:50.113+0000] {processor.py:186} INFO - Started process (PID=1490) to work on /home/airflow/.local/lib/python3.12/site-packages/airflow/example_dags/example_skip_dag.py
[2024-09-03T11:38:50.115+0000] {processor.py:914} INFO - Processing file /home/airflow/.local/lib/python3.12/site-packages/airflow/example_dags/example_skip_dag.py for tasks to queue
[2024-09-03T11:38:50.119+0000] {logging_mixin.py:190} INFO - [2024-09-03T11:38:50.118+0000] {dagbag.py:587} INFO - Filling up the DagBag from /home/airflow/.local/lib/python3.12/site-packages/airflow/example_dags/example_skip_dag.py
[2024-09-03T11:38:50.134+0000] {processor.py:925} INFO - DAG(s) 'example_skip_dag' retrieved from /home/airflow/.local/lib/python3.12/site-packages/airflow/example_dags/example_skip_dag.py
[2024-09-03T11:38:50.173+0000] {logging_mixin.py:190} INFO - [2024-09-03T11:38:50.172+0000] {dag.py:3211} INFO - Sync 1 DAGs
[2024-09-03T11:38:50.217+0000] {logging_mixin.py:190} INFO - [2024-09-03T11:38:50.217+0000] {dag.py:4138} INFO - Setting next_dagrun for example_skip_dag to 2024-09-02 00:00:00+00:00, run_after=2024-09-03 00:00:00+00:00
[2024-09-03T11:38:50.263+0000] {processor.py:208} INFO - Processing /home/airflow/.local/lib/python3.12/site-packages/airflow/example_dags/example_skip_dag.py took 0.160 seconds
[2024-09-03T11:39:20.743+0000] {processor.py:186} INFO - Started process (PID=1553) to work on /home/airflow/.local/lib/python3.12/site-packages/airflow/example_dags/example_skip_dag.py
[2024-09-03T11:39:20.745+0000] {processor.py:914} INFO - Processing file /home/airflow/.local/lib/python3.12/site-packages/airflow/example_dags/example_skip_dag.py for tasks to queue
[2024-09-03T11:39:20.749+0000] {logging_mixin.py:190} INFO - [2024-09-03T11:39:20.748+0000] {dagbag.py:587} INFO - Filling up the DagBag from /home/airflow/.local/lib/python3.12/site-packages/airflow/example_dags/example_skip_dag.py
[2024-09-03T11:39:20.762+0000] {processor.py:925} INFO - DAG(s) 'example_skip_dag' retrieved from /home/airflow/.local/lib/python3.12/site-packages/airflow/example_dags/example_skip_dag.py
[2024-09-03T11:39:20.794+0000] {logging_mixin.py:190} INFO - [2024-09-03T11:39:20.794+0000] {dag.py:3211} INFO - Sync 1 DAGs
[2024-09-03T11:39:20.834+0000] {logging_mixin.py:190} INFO - [2024-09-03T11:39:20.834+0000] {dag.py:4138} INFO - Setting next_dagrun for example_skip_dag to 2024-09-02 00:00:00+00:00, run_after=2024-09-03 00:00:00+00:00
[2024-09-03T11:39:20.872+0000] {processor.py:208} INFO - Processing /home/airflow/.local/lib/python3.12/site-packages/airflow/example_dags/example_skip_dag.py took 0.138 seconds
[2024-09-03T11:39:51.067+0000] {processor.py:186} INFO - Started process (PID=1616) to work on /home/airflow/.local/lib/python3.12/site-packages/airflow/example_dags/example_skip_dag.py
[2024-09-03T11:39:51.068+0000] {processor.py:914} INFO - Processing file /home/airflow/.local/lib/python3.12/site-packages/airflow/example_dags/example_skip_dag.py for tasks to queue
[2024-09-03T11:39:51.072+0000] {logging_mixin.py:190} INFO - [2024-09-03T11:39:51.071+0000] {dagbag.py:587} INFO - Filling up the DagBag from /home/airflow/.local/lib/python3.12/site-packages/airflow/example_dags/example_skip_dag.py
[2024-09-03T11:39:51.080+0000] {processor.py:925} INFO - DAG(s) 'example_skip_dag' retrieved from /home/airflow/.local/lib/python3.12/site-packages/airflow/example_dags/example_skip_dag.py
[2024-09-03T11:39:51.118+0000] {logging_mixin.py:190} INFO - [2024-09-03T11:39:51.117+0000] {dag.py:3211} INFO - Sync 1 DAGs
[2024-09-03T11:39:51.159+0000] {logging_mixin.py:190} INFO - [2024-09-03T11:39:51.159+0000] {dag.py:4138} INFO - Setting next_dagrun for example_skip_dag to 2024-09-02 00:00:00+00:00, run_after=2024-09-03 00:00:00+00:00
[2024-09-03T11:39:51.193+0000] {processor.py:208} INFO - Processing /home/airflow/.local/lib/python3.12/site-packages/airflow/example_dags/example_skip_dag.py took 0.132 seconds
[2024-09-03T11:40:21.431+0000] {processor.py:186} INFO - Started process (PID=1679) to work on /home/airflow/.local/lib/python3.12/site-packages/airflow/example_dags/example_skip_dag.py
[2024-09-03T11:40:21.432+0000] {processor.py:914} INFO - Processing file /home/airflow/.local/lib/python3.12/site-packages/airflow/example_dags/example_skip_dag.py for tasks to queue
[2024-09-03T11:40:21.436+0000] {logging_mixin.py:190} INFO - [2024-09-03T11:40:21.435+0000] {dagbag.py:587} INFO - Filling up the DagBag from /home/airflow/.local/lib/python3.12/site-packages/airflow/example_dags/example_skip_dag.py
[2024-09-03T11:40:21.446+0000] {processor.py:925} INFO - DAG(s) 'example_skip_dag' retrieved from /home/airflow/.local/lib/python3.12/site-packages/airflow/example_dags/example_skip_dag.py
[2024-09-03T11:40:21.476+0000] {logging_mixin.py:190} INFO - [2024-09-03T11:40:21.476+0000] {dag.py:3211} INFO - Sync 1 DAGs
[2024-09-03T11:40:21.511+0000] {logging_mixin.py:190} INFO - [2024-09-03T11:40:21.511+0000] {dag.py:4138} INFO - Setting next_dagrun for example_skip_dag to 2024-09-02 00:00:00+00:00, run_after=2024-09-03 00:00:00+00:00
[2024-09-03T11:40:21.545+0000] {processor.py:208} INFO - Processing /home/airflow/.local/lib/python3.12/site-packages/airflow/example_dags/example_skip_dag.py took 0.123 seconds
[2024-09-03T11:40:52.794+0000] {processor.py:186} INFO - Started process (PID=1743) to work on /home/airflow/.local/lib/python3.12/site-packages/airflow/example_dags/example_skip_dag.py
[2024-09-03T11:40:52.802+0000] {processor.py:914} INFO - Processing file /home/airflow/.local/lib/python3.12/site-packages/airflow/example_dags/example_skip_dag.py for tasks to queue
[2024-09-03T11:40:52.807+0000] {logging_mixin.py:190} INFO - [2024-09-03T11:40:52.806+0000] {dagbag.py:587} INFO - Filling up the DagBag from /home/airflow/.local/lib/python3.12/site-packages/airflow/example_dags/example_skip_dag.py
[2024-09-03T11:40:52.827+0000] {processor.py:925} INFO - DAG(s) 'example_skip_dag' retrieved from /home/airflow/.local/lib/python3.12/site-packages/airflow/example_dags/example_skip_dag.py
[2024-09-03T11:40:52.910+0000] {logging_mixin.py:190} INFO - [2024-09-03T11:40:52.909+0000] {dag.py:3211} INFO - Sync 1 DAGs
[2024-09-03T11:40:52.996+0000] {logging_mixin.py:190} INFO - [2024-09-03T11:40:52.995+0000] {dag.py:4138} INFO - Setting next_dagrun for example_skip_dag to 2024-09-02 00:00:00+00:00, run_after=2024-09-03 00:00:00+00:00
[2024-09-03T11:40:53.083+0000] {processor.py:208} INFO - Processing /home/airflow/.local/lib/python3.12/site-packages/airflow/example_dags/example_skip_dag.py took 0.307 seconds
[2024-09-03T11:41:23.662+0000] {processor.py:186} INFO - Started process (PID=1806) to work on /home/airflow/.local/lib/python3.12/site-packages/airflow/example_dags/example_skip_dag.py
[2024-09-03T11:41:23.666+0000] {processor.py:914} INFO - Processing file /home/airflow/.local/lib/python3.12/site-packages/airflow/example_dags/example_skip_dag.py for tasks to queue
[2024-09-03T11:41:23.671+0000] {logging_mixin.py:190} INFO - [2024-09-03T11:41:23.670+0000] {dagbag.py:587} INFO - Filling up the DagBag from /home/airflow/.local/lib/python3.12/site-packages/airflow/example_dags/example_skip_dag.py
[2024-09-03T11:41:23.688+0000] {processor.py:925} INFO - DAG(s) 'example_skip_dag' retrieved from /home/airflow/.local/lib/python3.12/site-packages/airflow/example_dags/example_skip_dag.py
[2024-09-03T11:41:23.733+0000] {logging_mixin.py:190} INFO - [2024-09-03T11:41:23.732+0000] {dag.py:3211} INFO - Sync 1 DAGs
[2024-09-03T11:41:23.775+0000] {logging_mixin.py:190} INFO - [2024-09-03T11:41:23.774+0000] {dag.py:4138} INFO - Setting next_dagrun for example_skip_dag to 2024-09-02 00:00:00+00:00, run_after=2024-09-03 00:00:00+00:00
[2024-09-03T11:41:23.816+0000] {processor.py:208} INFO - Processing /home/airflow/.local/lib/python3.12/site-packages/airflow/example_dags/example_skip_dag.py took 0.164 seconds
[2024-09-03T11:41:54.630+0000] {processor.py:186} INFO - Started process (PID=1869) to work on /home/airflow/.local/lib/python3.12/site-packages/airflow/example_dags/example_skip_dag.py
[2024-09-03T11:41:54.632+0000] {processor.py:914} INFO - Processing file /home/airflow/.local/lib/python3.12/site-packages/airflow/example_dags/example_skip_dag.py for tasks to queue
[2024-09-03T11:41:54.636+0000] {logging_mixin.py:190} INFO - [2024-09-03T11:41:54.635+0000] {dagbag.py:587} INFO - Filling up the DagBag from /home/airflow/.local/lib/python3.12/site-packages/airflow/example_dags/example_skip_dag.py
[2024-09-03T11:41:54.649+0000] {processor.py:925} INFO - DAG(s) 'example_skip_dag' retrieved from /home/airflow/.local/lib/python3.12/site-packages/airflow/example_dags/example_skip_dag.py
[2024-09-03T11:41:54.689+0000] {logging_mixin.py:190} INFO - [2024-09-03T11:41:54.688+0000] {dag.py:3211} INFO - Sync 1 DAGs
[2024-09-03T11:41:54.731+0000] {logging_mixin.py:190} INFO - [2024-09-03T11:41:54.731+0000] {dag.py:4138} INFO - Setting next_dagrun for example_skip_dag to 2024-09-02 00:00:00+00:00, run_after=2024-09-03 00:00:00+00:00
[2024-09-03T11:41:54.777+0000] {processor.py:208} INFO - Processing /home/airflow/.local/lib/python3.12/site-packages/airflow/example_dags/example_skip_dag.py took 0.159 seconds
[2024-09-03T11:42:25.674+0000] {processor.py:186} INFO - Started process (PID=1932) to work on /home/airflow/.local/lib/python3.12/site-packages/airflow/example_dags/example_skip_dag.py
[2024-09-03T11:42:25.676+0000] {processor.py:914} INFO - Processing file /home/airflow/.local/lib/python3.12/site-packages/airflow/example_dags/example_skip_dag.py for tasks to queue
[2024-09-03T11:42:25.681+0000] {logging_mixin.py:190} INFO - [2024-09-03T11:42:25.680+0000] {dagbag.py:587} INFO - Filling up the DagBag from /home/airflow/.local/lib/python3.12/site-packages/airflow/example_dags/example_skip_dag.py
[2024-09-03T11:42:25.695+0000] {processor.py:925} INFO - DAG(s) 'example_skip_dag' retrieved from /home/airflow/.local/lib/python3.12/site-packages/airflow/example_dags/example_skip_dag.py
[2024-09-03T11:42:25.742+0000] {logging_mixin.py:190} INFO - [2024-09-03T11:42:25.742+0000] {dag.py:3211} INFO - Sync 1 DAGs
[2024-09-03T11:42:25.794+0000] {logging_mixin.py:190} INFO - [2024-09-03T11:42:25.793+0000] {dag.py:4138} INFO - Setting next_dagrun for example_skip_dag to 2024-09-02 00:00:00+00:00, run_after=2024-09-03 00:00:00+00:00
[2024-09-03T11:42:25.861+0000] {processor.py:208} INFO - Processing /home/airflow/.local/lib/python3.12/site-packages/airflow/example_dags/example_skip_dag.py took 0.196 seconds
[2024-09-03T11:42:56.506+0000] {processor.py:186} INFO - Started process (PID=1995) to work on /home/airflow/.local/lib/python3.12/site-packages/airflow/example_dags/example_skip_dag.py
[2024-09-03T11:42:56.508+0000] {processor.py:914} INFO - Processing file /home/airflow/.local/lib/python3.12/site-packages/airflow/example_dags/example_skip_dag.py for tasks to queue
[2024-09-03T11:42:56.513+0000] {logging_mixin.py:190} INFO - [2024-09-03T11:42:56.512+0000] {dagbag.py:587} INFO - Filling up the DagBag from /home/airflow/.local/lib/python3.12/site-packages/airflow/example_dags/example_skip_dag.py
[2024-09-03T11:42:56.524+0000] {processor.py:925} INFO - DAG(s) 'example_skip_dag' retrieved from /home/airflow/.local/lib/python3.12/site-packages/airflow/example_dags/example_skip_dag.py
[2024-09-03T11:42:56.566+0000] {logging_mixin.py:190} INFO - [2024-09-03T11:42:56.565+0000] {dag.py:3211} INFO - Sync 1 DAGs
[2024-09-03T11:42:56.605+0000] {logging_mixin.py:190} INFO - [2024-09-03T11:42:56.604+0000] {dag.py:4138} INFO - Setting next_dagrun for example_skip_dag to 2024-09-02 00:00:00+00:00, run_after=2024-09-03 00:00:00+00:00
[2024-09-03T11:42:56.655+0000] {processor.py:208} INFO - Processing /home/airflow/.local/lib/python3.12/site-packages/airflow/example_dags/example_skip_dag.py took 0.160 seconds
[2024-09-03T11:43:26.743+0000] {processor.py:186} INFO - Started process (PID=2057) to work on /home/airflow/.local/lib/python3.12/site-packages/airflow/example_dags/example_skip_dag.py
[2024-09-03T11:43:26.744+0000] {processor.py:914} INFO - Processing file /home/airflow/.local/lib/python3.12/site-packages/airflow/example_dags/example_skip_dag.py for tasks to queue
[2024-09-03T11:43:26.749+0000] {logging_mixin.py:190} INFO - [2024-09-03T11:43:26.748+0000] {dagbag.py:587} INFO - Filling up the DagBag from /home/airflow/.local/lib/python3.12/site-packages/airflow/example_dags/example_skip_dag.py
[2024-09-03T11:43:26.763+0000] {processor.py:925} INFO - DAG(s) 'example_skip_dag' retrieved from /home/airflow/.local/lib/python3.12/site-packages/airflow/example_dags/example_skip_dag.py
[2024-09-03T11:43:26.809+0000] {logging_mixin.py:190} INFO - [2024-09-03T11:43:26.809+0000] {dag.py:3211} INFO - Sync 1 DAGs
[2024-09-03T11:43:26.850+0000] {logging_mixin.py:190} INFO - [2024-09-03T11:43:26.850+0000] {dag.py:4138} INFO - Setting next_dagrun for example_skip_dag to 2024-09-02 00:00:00+00:00, run_after=2024-09-03 00:00:00+00:00
[2024-09-03T11:43:26.889+0000] {processor.py:208} INFO - Processing /home/airflow/.local/lib/python3.12/site-packages/airflow/example_dags/example_skip_dag.py took 0.155 seconds
[2024-09-03T11:43:57.782+0000] {processor.py:186} INFO - Started process (PID=2121) to work on /home/airflow/.local/lib/python3.12/site-packages/airflow/example_dags/example_skip_dag.py
[2024-09-03T11:43:57.784+0000] {processor.py:914} INFO - Processing file /home/airflow/.local/lib/python3.12/site-packages/airflow/example_dags/example_skip_dag.py for tasks to queue
[2024-09-03T11:43:57.788+0000] {logging_mixin.py:190} INFO - [2024-09-03T11:43:57.787+0000] {dagbag.py:587} INFO - Filling up the DagBag from /home/airflow/.local/lib/python3.12/site-packages/airflow/example_dags/example_skip_dag.py
[2024-09-03T11:43:57.800+0000] {processor.py:925} INFO - DAG(s) 'example_skip_dag' retrieved from /home/airflow/.local/lib/python3.12/site-packages/airflow/example_dags/example_skip_dag.py
[2024-09-03T11:43:57.831+0000] {logging_mixin.py:190} INFO - [2024-09-03T11:43:57.831+0000] {dag.py:3211} INFO - Sync 1 DAGs
[2024-09-03T11:43:57.857+0000] {logging_mixin.py:190} INFO - [2024-09-03T11:43:57.857+0000] {dag.py:4138} INFO - Setting next_dagrun for example_skip_dag to 2024-09-02 00:00:00+00:00, run_after=2024-09-03 00:00:00+00:00
[2024-09-03T11:43:57.885+0000] {processor.py:208} INFO - Processing /home/airflow/.local/lib/python3.12/site-packages/airflow/example_dags/example_skip_dag.py took 0.110 seconds
[2024-09-03T11:44:28.003+0000] {processor.py:186} INFO - Started process (PID=2183) to work on /home/airflow/.local/lib/python3.12/site-packages/airflow/example_dags/example_skip_dag.py
[2024-09-03T11:44:28.004+0000] {processor.py:914} INFO - Processing file /home/airflow/.local/lib/python3.12/site-packages/airflow/example_dags/example_skip_dag.py for tasks to queue
[2024-09-03T11:44:28.008+0000] {logging_mixin.py:190} INFO - [2024-09-03T11:44:28.008+0000] {dagbag.py:587} INFO - Filling up the DagBag from /home/airflow/.local/lib/python3.12/site-packages/airflow/example_dags/example_skip_dag.py
[2024-09-03T11:44:28.017+0000] {processor.py:925} INFO - DAG(s) 'example_skip_dag' retrieved from /home/airflow/.local/lib/python3.12/site-packages/airflow/example_dags/example_skip_dag.py
[2024-09-03T11:44:28.047+0000] {logging_mixin.py:190} INFO - [2024-09-03T11:44:28.046+0000] {dag.py:3211} INFO - Sync 1 DAGs
[2024-09-03T11:44:28.073+0000] {logging_mixin.py:190} INFO - [2024-09-03T11:44:28.073+0000] {dag.py:4138} INFO - Setting next_dagrun for example_skip_dag to 2024-09-02 00:00:00+00:00, run_after=2024-09-03 00:00:00+00:00
[2024-09-03T11:44:28.101+0000] {processor.py:208} INFO - Processing /home/airflow/.local/lib/python3.12/site-packages/airflow/example_dags/example_skip_dag.py took 0.104 seconds
[2024-09-03T11:44:58.192+0000] {processor.py:186} INFO - Started process (PID=2246) to work on /home/airflow/.local/lib/python3.12/site-packages/airflow/example_dags/example_skip_dag.py
[2024-09-03T11:44:58.193+0000] {processor.py:914} INFO - Processing file /home/airflow/.local/lib/python3.12/site-packages/airflow/example_dags/example_skip_dag.py for tasks to queue
[2024-09-03T11:44:58.198+0000] {logging_mixin.py:190} INFO - [2024-09-03T11:44:58.197+0000] {dagbag.py:587} INFO - Filling up the DagBag from /home/airflow/.local/lib/python3.12/site-packages/airflow/example_dags/example_skip_dag.py
[2024-09-03T11:44:58.210+0000] {processor.py:925} INFO - DAG(s) 'example_skip_dag' retrieved from /home/airflow/.local/lib/python3.12/site-packages/airflow/example_dags/example_skip_dag.py
[2024-09-03T11:44:58.247+0000] {logging_mixin.py:190} INFO - [2024-09-03T11:44:58.246+0000] {dag.py:3211} INFO - Sync 1 DAGs
[2024-09-03T11:44:58.275+0000] {logging_mixin.py:190} INFO - [2024-09-03T11:44:58.274+0000] {dag.py:4138} INFO - Setting next_dagrun for example_skip_dag to 2024-09-02 00:00:00+00:00, run_after=2024-09-03 00:00:00+00:00
[2024-09-03T11:44:58.314+0000] {processor.py:208} INFO - Processing /home/airflow/.local/lib/python3.12/site-packages/airflow/example_dags/example_skip_dag.py took 0.134 seconds
[2024-09-03T11:45:28.418+0000] {processor.py:186} INFO - Started process (PID=2309) to work on /home/airflow/.local/lib/python3.12/site-packages/airflow/example_dags/example_skip_dag.py
[2024-09-03T11:45:28.420+0000] {processor.py:914} INFO - Processing file /home/airflow/.local/lib/python3.12/site-packages/airflow/example_dags/example_skip_dag.py for tasks to queue
[2024-09-03T11:45:28.423+0000] {logging_mixin.py:190} INFO - [2024-09-03T11:45:28.423+0000] {dagbag.py:587} INFO - Filling up the DagBag from /home/airflow/.local/lib/python3.12/site-packages/airflow/example_dags/example_skip_dag.py
[2024-09-03T11:45:28.431+0000] {processor.py:925} INFO - DAG(s) 'example_skip_dag' retrieved from /home/airflow/.local/lib/python3.12/site-packages/airflow/example_dags/example_skip_dag.py
[2024-09-03T11:45:28.460+0000] {logging_mixin.py:190} INFO - [2024-09-03T11:45:28.460+0000] {dag.py:3211} INFO - Sync 1 DAGs
[2024-09-03T11:45:28.486+0000] {logging_mixin.py:190} INFO - [2024-09-03T11:45:28.486+0000] {dag.py:4138} INFO - Setting next_dagrun for example_skip_dag to 2024-09-02 00:00:00+00:00, run_after=2024-09-03 00:00:00+00:00
[2024-09-03T11:45:28.512+0000] {processor.py:208} INFO - Processing /home/airflow/.local/lib/python3.12/site-packages/airflow/example_dags/example_skip_dag.py took 0.099 seconds
[2024-09-03T11:45:58.981+0000] {processor.py:186} INFO - Started process (PID=2372) to work on /home/airflow/.local/lib/python3.12/site-packages/airflow/example_dags/example_skip_dag.py
[2024-09-03T11:45:58.983+0000] {processor.py:914} INFO - Processing file /home/airflow/.local/lib/python3.12/site-packages/airflow/example_dags/example_skip_dag.py for tasks to queue
[2024-09-03T11:45:58.986+0000] {logging_mixin.py:190} INFO - [2024-09-03T11:45:58.985+0000] {dagbag.py:587} INFO - Filling up the DagBag from /home/airflow/.local/lib/python3.12/site-packages/airflow/example_dags/example_skip_dag.py
[2024-09-03T11:45:58.995+0000] {processor.py:925} INFO - DAG(s) 'example_skip_dag' retrieved from /home/airflow/.local/lib/python3.12/site-packages/airflow/example_dags/example_skip_dag.py
[2024-09-03T11:45:59.024+0000] {logging_mixin.py:190} INFO - [2024-09-03T11:45:59.023+0000] {dag.py:3211} INFO - Sync 1 DAGs
[2024-09-03T11:45:59.052+0000] {logging_mixin.py:190} INFO - [2024-09-03T11:45:59.052+0000] {dag.py:4138} INFO - Setting next_dagrun for example_skip_dag to 2024-09-02 00:00:00+00:00, run_after=2024-09-03 00:00:00+00:00
[2024-09-03T11:45:59.075+0000] {processor.py:208} INFO - Processing /home/airflow/.local/lib/python3.12/site-packages/airflow/example_dags/example_skip_dag.py took 0.099 seconds
[2024-09-03T11:46:29.351+0000] {processor.py:186} INFO - Started process (PID=2435) to work on /home/airflow/.local/lib/python3.12/site-packages/airflow/example_dags/example_skip_dag.py
[2024-09-03T11:46:29.353+0000] {processor.py:914} INFO - Processing file /home/airflow/.local/lib/python3.12/site-packages/airflow/example_dags/example_skip_dag.py for tasks to queue
[2024-09-03T11:46:29.356+0000] {logging_mixin.py:190} INFO - [2024-09-03T11:46:29.356+0000] {dagbag.py:587} INFO - Filling up the DagBag from /home/airflow/.local/lib/python3.12/site-packages/airflow/example_dags/example_skip_dag.py
[2024-09-03T11:46:29.368+0000] {processor.py:925} INFO - DAG(s) 'example_skip_dag' retrieved from /home/airflow/.local/lib/python3.12/site-packages/airflow/example_dags/example_skip_dag.py
[2024-09-03T11:46:29.397+0000] {logging_mixin.py:190} INFO - [2024-09-03T11:46:29.397+0000] {dag.py:3211} INFO - Sync 1 DAGs
[2024-09-03T11:46:29.429+0000] {logging_mixin.py:190} INFO - [2024-09-03T11:46:29.429+0000] {dag.py:4138} INFO - Setting next_dagrun for example_skip_dag to 2024-09-02 00:00:00+00:00, run_after=2024-09-03 00:00:00+00:00
[2024-09-03T11:46:29.458+0000] {processor.py:208} INFO - Processing /home/airflow/.local/lib/python3.12/site-packages/airflow/example_dags/example_skip_dag.py took 0.113 seconds
[2024-09-03T11:47:00.113+0000] {processor.py:186} INFO - Started process (PID=2499) to work on /home/airflow/.local/lib/python3.12/site-packages/airflow/example_dags/example_skip_dag.py
[2024-09-03T11:47:00.115+0000] {processor.py:914} INFO - Processing file /home/airflow/.local/lib/python3.12/site-packages/airflow/example_dags/example_skip_dag.py for tasks to queue
[2024-09-03T11:47:00.121+0000] {logging_mixin.py:190} INFO - [2024-09-03T11:47:00.120+0000] {dagbag.py:587} INFO - Filling up the DagBag from /home/airflow/.local/lib/python3.12/site-packages/airflow/example_dags/example_skip_dag.py
[2024-09-03T11:47:00.154+0000] {processor.py:925} INFO - DAG(s) 'example_skip_dag' retrieved from /home/airflow/.local/lib/python3.12/site-packages/airflow/example_dags/example_skip_dag.py
[2024-09-03T11:47:00.221+0000] {logging_mixin.py:190} INFO - [2024-09-03T11:47:00.221+0000] {dag.py:3211} INFO - Sync 1 DAGs
[2024-09-03T11:47:00.303+0000] {logging_mixin.py:190} INFO - [2024-09-03T11:47:00.302+0000] {dag.py:4138} INFO - Setting next_dagrun for example_skip_dag to 2024-09-02 00:00:00+00:00, run_after=2024-09-03 00:00:00+00:00
[2024-09-03T11:47:00.401+0000] {processor.py:208} INFO - Processing /home/airflow/.local/lib/python3.12/site-packages/airflow/example_dags/example_skip_dag.py took 0.307 seconds
[2024-09-03T11:47:31.022+0000] {processor.py:186} INFO - Started process (PID=2562) to work on /home/airflow/.local/lib/python3.12/site-packages/airflow/example_dags/example_skip_dag.py
[2024-09-03T11:47:31.024+0000] {processor.py:914} INFO - Processing file /home/airflow/.local/lib/python3.12/site-packages/airflow/example_dags/example_skip_dag.py for tasks to queue
[2024-09-03T11:47:31.028+0000] {logging_mixin.py:190} INFO - [2024-09-03T11:47:31.028+0000] {dagbag.py:587} INFO - Filling up the DagBag from /home/airflow/.local/lib/python3.12/site-packages/airflow/example_dags/example_skip_dag.py
[2024-09-03T11:47:31.045+0000] {processor.py:925} INFO - DAG(s) 'example_skip_dag' retrieved from /home/airflow/.local/lib/python3.12/site-packages/airflow/example_dags/example_skip_dag.py
[2024-09-03T11:47:31.086+0000] {logging_mixin.py:190} INFO - [2024-09-03T11:47:31.086+0000] {dag.py:3211} INFO - Sync 1 DAGs
[2024-09-03T11:47:31.143+0000] {logging_mixin.py:190} INFO - [2024-09-03T11:47:31.143+0000] {dag.py:4138} INFO - Setting next_dagrun for example_skip_dag to 2024-09-02 00:00:00+00:00, run_after=2024-09-03 00:00:00+00:00
[2024-09-03T11:47:31.203+0000] {processor.py:208} INFO - Processing /home/airflow/.local/lib/python3.12/site-packages/airflow/example_dags/example_skip_dag.py took 0.194 seconds
[2024-09-03T11:48:01.634+0000] {processor.py:186} INFO - Started process (PID=2625) to work on /home/airflow/.local/lib/python3.12/site-packages/airflow/example_dags/example_skip_dag.py
[2024-09-03T11:48:01.636+0000] {processor.py:914} INFO - Processing file /home/airflow/.local/lib/python3.12/site-packages/airflow/example_dags/example_skip_dag.py for tasks to queue
[2024-09-03T11:48:01.640+0000] {logging_mixin.py:190} INFO - [2024-09-03T11:48:01.639+0000] {dagbag.py:587} INFO - Filling up the DagBag from /home/airflow/.local/lib/python3.12/site-packages/airflow/example_dags/example_skip_dag.py
[2024-09-03T11:48:01.654+0000] {processor.py:925} INFO - DAG(s) 'example_skip_dag' retrieved from /home/airflow/.local/lib/python3.12/site-packages/airflow/example_dags/example_skip_dag.py
[2024-09-03T11:48:01.694+0000] {logging_mixin.py:190} INFO - [2024-09-03T11:48:01.694+0000] {dag.py:3211} INFO - Sync 1 DAGs
[2024-09-03T11:48:01.732+0000] {logging_mixin.py:190} INFO - [2024-09-03T11:48:01.732+0000] {dag.py:4138} INFO - Setting next_dagrun for example_skip_dag to 2024-09-02 00:00:00+00:00, run_after=2024-09-03 00:00:00+00:00
[2024-09-03T11:48:01.781+0000] {processor.py:208} INFO - Processing /home/airflow/.local/lib/python3.12/site-packages/airflow/example_dags/example_skip_dag.py took 0.157 seconds
[2024-09-03T11:48:32.769+0000] {processor.py:186} INFO - Started process (PID=2694) to work on /home/airflow/.local/lib/python3.12/site-packages/airflow/example_dags/example_skip_dag.py
[2024-09-03T11:48:32.771+0000] {processor.py:914} INFO - Processing file /home/airflow/.local/lib/python3.12/site-packages/airflow/example_dags/example_skip_dag.py for tasks to queue
[2024-09-03T11:48:32.775+0000] {logging_mixin.py:190} INFO - [2024-09-03T11:48:32.774+0000] {dagbag.py:587} INFO - Filling up the DagBag from /home/airflow/.local/lib/python3.12/site-packages/airflow/example_dags/example_skip_dag.py
[2024-09-03T11:48:32.788+0000] {processor.py:925} INFO - DAG(s) 'example_skip_dag' retrieved from /home/airflow/.local/lib/python3.12/site-packages/airflow/example_dags/example_skip_dag.py
[2024-09-03T11:48:32.824+0000] {logging_mixin.py:190} INFO - [2024-09-03T11:48:32.824+0000] {dag.py:3211} INFO - Sync 1 DAGs
[2024-09-03T11:48:32.863+0000] {logging_mixin.py:190} INFO - [2024-09-03T11:48:32.863+0000] {dag.py:4138} INFO - Setting next_dagrun for example_skip_dag to 2024-09-02 00:00:00+00:00, run_after=2024-09-03 00:00:00+00:00
[2024-09-03T11:48:32.901+0000] {processor.py:208} INFO - Processing /home/airflow/.local/lib/python3.12/site-packages/airflow/example_dags/example_skip_dag.py took 0.140 seconds
[2024-09-03T11:49:03.002+0000] {processor.py:186} INFO - Started process (PID=2757) to work on /home/airflow/.local/lib/python3.12/site-packages/airflow/example_dags/example_skip_dag.py
[2024-09-03T11:49:03.004+0000] {processor.py:914} INFO - Processing file /home/airflow/.local/lib/python3.12/site-packages/airflow/example_dags/example_skip_dag.py for tasks to queue
[2024-09-03T11:49:03.009+0000] {logging_mixin.py:190} INFO - [2024-09-03T11:49:03.008+0000] {dagbag.py:587} INFO - Filling up the DagBag from /home/airflow/.local/lib/python3.12/site-packages/airflow/example_dags/example_skip_dag.py
[2024-09-03T11:49:03.041+0000] {processor.py:925} INFO - DAG(s) 'example_skip_dag' retrieved from /home/airflow/.local/lib/python3.12/site-packages/airflow/example_dags/example_skip_dag.py
[2024-09-03T11:49:03.093+0000] {logging_mixin.py:190} INFO - [2024-09-03T11:49:03.092+0000] {dag.py:3211} INFO - Sync 1 DAGs
[2024-09-03T11:49:03.165+0000] {logging_mixin.py:190} INFO - [2024-09-03T11:49:03.165+0000] {dag.py:4138} INFO - Setting next_dagrun for example_skip_dag to 2024-09-02 00:00:00+00:00, run_after=2024-09-03 00:00:00+00:00
[2024-09-03T11:49:03.219+0000] {processor.py:208} INFO - Processing /home/airflow/.local/lib/python3.12/site-packages/airflow/example_dags/example_skip_dag.py took 0.237 seconds
[2024-09-03T11:49:34.476+0000] {processor.py:186} INFO - Started process (PID=2820) to work on /home/airflow/.local/lib/python3.12/site-packages/airflow/example_dags/example_skip_dag.py
[2024-09-03T11:49:34.479+0000] {processor.py:914} INFO - Processing file /home/airflow/.local/lib/python3.12/site-packages/airflow/example_dags/example_skip_dag.py for tasks to queue
[2024-09-03T11:49:34.495+0000] {logging_mixin.py:190} INFO - [2024-09-03T11:49:34.493+0000] {dagbag.py:587} INFO - Filling up the DagBag from /home/airflow/.local/lib/python3.12/site-packages/airflow/example_dags/example_skip_dag.py
[2024-09-03T11:49:34.524+0000] {processor.py:925} INFO - DAG(s) 'example_skip_dag' retrieved from /home/airflow/.local/lib/python3.12/site-packages/airflow/example_dags/example_skip_dag.py
[2024-09-03T11:49:34.601+0000] {logging_mixin.py:190} INFO - [2024-09-03T11:49:34.601+0000] {dag.py:3211} INFO - Sync 1 DAGs
[2024-09-03T11:49:34.677+0000] {logging_mixin.py:190} INFO - [2024-09-03T11:49:34.676+0000] {dag.py:4138} INFO - Setting next_dagrun for example_skip_dag to 2024-09-02 00:00:00+00:00, run_after=2024-09-03 00:00:00+00:00
[2024-09-03T11:49:34.732+0000] {processor.py:208} INFO - Processing /home/airflow/.local/lib/python3.12/site-packages/airflow/example_dags/example_skip_dag.py took 0.274 seconds
[2024-09-03T11:50:05.206+0000] {processor.py:186} INFO - Started process (PID=2883) to work on /home/airflow/.local/lib/python3.12/site-packages/airflow/example_dags/example_skip_dag.py
[2024-09-03T11:50:05.208+0000] {processor.py:914} INFO - Processing file /home/airflow/.local/lib/python3.12/site-packages/airflow/example_dags/example_skip_dag.py for tasks to queue
[2024-09-03T11:50:05.214+0000] {logging_mixin.py:190} INFO - [2024-09-03T11:50:05.213+0000] {dagbag.py:587} INFO - Filling up the DagBag from /home/airflow/.local/lib/python3.12/site-packages/airflow/example_dags/example_skip_dag.py
[2024-09-03T11:50:05.233+0000] {processor.py:925} INFO - DAG(s) 'example_skip_dag' retrieved from /home/airflow/.local/lib/python3.12/site-packages/airflow/example_dags/example_skip_dag.py
[2024-09-03T11:50:05.284+0000] {logging_mixin.py:190} INFO - [2024-09-03T11:50:05.281+0000] {dag.py:3211} INFO - Sync 1 DAGs
[2024-09-03T11:50:05.363+0000] {logging_mixin.py:190} INFO - [2024-09-03T11:50:05.362+0000] {dag.py:4138} INFO - Setting next_dagrun for example_skip_dag to 2024-09-02 00:00:00+00:00, run_after=2024-09-03 00:00:00+00:00
[2024-09-03T11:50:05.457+0000] {processor.py:208} INFO - Processing /home/airflow/.local/lib/python3.12/site-packages/airflow/example_dags/example_skip_dag.py took 0.263 seconds
