[2024-09-03T11:27:36.914+0000] {processor.py:186} INFO - Started process (PID=119) to work on /home/airflow/.local/lib/python3.12/site-packages/airflow/example_dags/example_xcomargs.py
[2024-09-03T11:27:36.915+0000] {processor.py:914} INFO - Processing file /home/airflow/.local/lib/python3.12/site-packages/airflow/example_dags/example_xcomargs.py for tasks to queue
[2024-09-03T11:27:36.919+0000] {logging_mixin.py:190} INFO - [2024-09-03T11:27:36.919+0000] {dagbag.py:587} INFO - Filling up the DagBag from /home/airflow/.local/lib/python3.12/site-packages/airflow/example_dags/example_xcomargs.py
[2024-09-03T11:27:36.929+0000] {processor.py:925} INFO - DAG(s) 'example_xcom_args_with_operators', 'example_xcom_args' retrieved from /home/airflow/.local/lib/python3.12/site-packages/airflow/example_dags/example_xcomargs.py
[2024-09-03T11:27:36.957+0000] {logging_mixin.py:190} INFO - [2024-09-03T11:27:36.956+0000] {dag.py:3211} INFO - Sync 2 DAGs
[2024-09-03T11:27:36.972+0000] {logging_mixin.py:190} INFO - [2024-09-03T11:27:36.972+0000] {dag.py:4138} INFO - Setting next_dagrun for example_xcom_args to None, run_after=None
[2024-09-03T11:27:36.978+0000] {logging_mixin.py:190} INFO - [2024-09-03T11:27:36.977+0000] {dag.py:4138} INFO - Setting next_dagrun for example_xcom_args_with_operators to None, run_after=None
[2024-09-03T11:27:37.001+0000] {processor.py:208} INFO - Processing /home/airflow/.local/lib/python3.12/site-packages/airflow/example_dags/example_xcomargs.py took 0.094 seconds
[2024-09-03T11:28:07.621+0000] {processor.py:186} INFO - Started process (PID=186) to work on /home/airflow/.local/lib/python3.12/site-packages/airflow/example_dags/example_xcomargs.py
[2024-09-03T11:28:07.622+0000] {processor.py:914} INFO - Processing file /home/airflow/.local/lib/python3.12/site-packages/airflow/example_dags/example_xcomargs.py for tasks to queue
[2024-09-03T11:28:07.625+0000] {logging_mixin.py:190} INFO - [2024-09-03T11:28:07.625+0000] {dagbag.py:587} INFO - Filling up the DagBag from /home/airflow/.local/lib/python3.12/site-packages/airflow/example_dags/example_xcomargs.py
[2024-09-03T11:28:07.636+0000] {processor.py:925} INFO - DAG(s) 'example_xcom_args_with_operators', 'example_xcom_args' retrieved from /home/airflow/.local/lib/python3.12/site-packages/airflow/example_dags/example_xcomargs.py
[2024-09-03T11:28:07.667+0000] {logging_mixin.py:190} INFO - [2024-09-03T11:28:07.667+0000] {dag.py:3211} INFO - Sync 2 DAGs
[2024-09-03T11:28:07.689+0000] {logging_mixin.py:190} INFO - [2024-09-03T11:28:07.688+0000] {dag.py:4138} INFO - Setting next_dagrun for example_xcom_args to None, run_after=None
[2024-09-03T11:28:07.694+0000] {logging_mixin.py:190} INFO - [2024-09-03T11:28:07.693+0000] {dag.py:4138} INFO - Setting next_dagrun for example_xcom_args_with_operators to None, run_after=None
[2024-09-03T11:28:07.722+0000] {processor.py:208} INFO - Processing /home/airflow/.local/lib/python3.12/site-packages/airflow/example_dags/example_xcomargs.py took 0.107 seconds
[2024-09-03T11:28:37.927+0000] {processor.py:186} INFO - Started process (PID=253) to work on /home/airflow/.local/lib/python3.12/site-packages/airflow/example_dags/example_xcomargs.py
[2024-09-03T11:28:37.928+0000] {processor.py:914} INFO - Processing file /home/airflow/.local/lib/python3.12/site-packages/airflow/example_dags/example_xcomargs.py for tasks to queue
[2024-09-03T11:28:37.931+0000] {logging_mixin.py:190} INFO - [2024-09-03T11:28:37.931+0000] {dagbag.py:587} INFO - Filling up the DagBag from /home/airflow/.local/lib/python3.12/site-packages/airflow/example_dags/example_xcomargs.py
[2024-09-03T11:28:37.943+0000] {processor.py:925} INFO - DAG(s) 'example_xcom_args', 'example_xcom_args_with_operators' retrieved from /home/airflow/.local/lib/python3.12/site-packages/airflow/example_dags/example_xcomargs.py
[2024-09-03T11:28:37.972+0000] {logging_mixin.py:190} INFO - [2024-09-03T11:28:37.971+0000] {dag.py:3211} INFO - Sync 2 DAGs
[2024-09-03T11:28:37.987+0000] {logging_mixin.py:190} INFO - [2024-09-03T11:28:37.987+0000] {dag.py:4138} INFO - Setting next_dagrun for example_xcom_args to None, run_after=None
[2024-09-03T11:28:37.993+0000] {logging_mixin.py:190} INFO - [2024-09-03T11:28:37.993+0000] {dag.py:4138} INFO - Setting next_dagrun for example_xcom_args_with_operators to None, run_after=None
[2024-09-03T11:28:38.014+0000] {processor.py:208} INFO - Processing /home/airflow/.local/lib/python3.12/site-packages/airflow/example_dags/example_xcomargs.py took 0.092 seconds
[2024-09-03T11:29:09.706+0000] {processor.py:186} INFO - Started process (PID=316) to work on /home/airflow/.local/lib/python3.12/site-packages/airflow/example_dags/example_xcomargs.py
[2024-09-03T11:29:09.707+0000] {processor.py:914} INFO - Processing file /home/airflow/.local/lib/python3.12/site-packages/airflow/example_dags/example_xcomargs.py for tasks to queue
[2024-09-03T11:29:09.711+0000] {logging_mixin.py:190} INFO - [2024-09-03T11:29:09.710+0000] {dagbag.py:587} INFO - Filling up the DagBag from /home/airflow/.local/lib/python3.12/site-packages/airflow/example_dags/example_xcomargs.py
[2024-09-03T11:29:09.722+0000] {processor.py:925} INFO - DAG(s) 'example_xcom_args', 'example_xcom_args_with_operators' retrieved from /home/airflow/.local/lib/python3.12/site-packages/airflow/example_dags/example_xcomargs.py
[2024-09-03T11:29:09.752+0000] {logging_mixin.py:190} INFO - [2024-09-03T11:29:09.752+0000] {dag.py:3211} INFO - Sync 2 DAGs
[2024-09-03T11:29:09.777+0000] {logging_mixin.py:190} INFO - [2024-09-03T11:29:09.777+0000] {dag.py:4138} INFO - Setting next_dagrun for example_xcom_args to None, run_after=None
[2024-09-03T11:29:09.783+0000] {logging_mixin.py:190} INFO - [2024-09-03T11:29:09.783+0000] {dag.py:4138} INFO - Setting next_dagrun for example_xcom_args_with_operators to None, run_after=None
[2024-09-03T11:29:09.813+0000] {processor.py:208} INFO - Processing /home/airflow/.local/lib/python3.12/site-packages/airflow/example_dags/example_xcomargs.py took 0.112 seconds
[2024-09-03T11:29:41.494+0000] {processor.py:186} INFO - Started process (PID=379) to work on /home/airflow/.local/lib/python3.12/site-packages/airflow/example_dags/example_xcomargs.py
[2024-09-03T11:29:41.495+0000] {processor.py:914} INFO - Processing file /home/airflow/.local/lib/python3.12/site-packages/airflow/example_dags/example_xcomargs.py for tasks to queue
[2024-09-03T11:29:41.499+0000] {logging_mixin.py:190} INFO - [2024-09-03T11:29:41.499+0000] {dagbag.py:587} INFO - Filling up the DagBag from /home/airflow/.local/lib/python3.12/site-packages/airflow/example_dags/example_xcomargs.py
[2024-09-03T11:29:41.510+0000] {processor.py:925} INFO - DAG(s) 'example_xcom_args', 'example_xcom_args_with_operators' retrieved from /home/airflow/.local/lib/python3.12/site-packages/airflow/example_dags/example_xcomargs.py
[2024-09-03T11:29:41.547+0000] {logging_mixin.py:190} INFO - [2024-09-03T11:29:41.547+0000] {dag.py:3211} INFO - Sync 2 DAGs
[2024-09-03T11:29:41.569+0000] {logging_mixin.py:190} INFO - [2024-09-03T11:29:41.569+0000] {dag.py:4138} INFO - Setting next_dagrun for example_xcom_args to None, run_after=None
[2024-09-03T11:29:41.574+0000] {logging_mixin.py:190} INFO - [2024-09-03T11:29:41.574+0000] {dag.py:4138} INFO - Setting next_dagrun for example_xcom_args_with_operators to None, run_after=None
[2024-09-03T11:29:41.598+0000] {processor.py:208} INFO - Processing /home/airflow/.local/lib/python3.12/site-packages/airflow/example_dags/example_xcomargs.py took 0.110 seconds
[2024-09-03T11:30:12.601+0000] {processor.py:186} INFO - Started process (PID=442) to work on /home/airflow/.local/lib/python3.12/site-packages/airflow/example_dags/example_xcomargs.py
[2024-09-03T11:30:12.602+0000] {processor.py:914} INFO - Processing file /home/airflow/.local/lib/python3.12/site-packages/airflow/example_dags/example_xcomargs.py for tasks to queue
[2024-09-03T11:30:12.606+0000] {logging_mixin.py:190} INFO - [2024-09-03T11:30:12.605+0000] {dagbag.py:587} INFO - Filling up the DagBag from /home/airflow/.local/lib/python3.12/site-packages/airflow/example_dags/example_xcomargs.py
[2024-09-03T11:30:12.616+0000] {processor.py:925} INFO - DAG(s) 'example_xcom_args', 'example_xcom_args_with_operators' retrieved from /home/airflow/.local/lib/python3.12/site-packages/airflow/example_dags/example_xcomargs.py
[2024-09-03T11:30:12.646+0000] {logging_mixin.py:190} INFO - [2024-09-03T11:30:12.646+0000] {dag.py:3211} INFO - Sync 2 DAGs
[2024-09-03T11:30:12.662+0000] {logging_mixin.py:190} INFO - [2024-09-03T11:30:12.662+0000] {dag.py:4138} INFO - Setting next_dagrun for example_xcom_args to None, run_after=None
[2024-09-03T11:30:12.668+0000] {logging_mixin.py:190} INFO - [2024-09-03T11:30:12.668+0000] {dag.py:4138} INFO - Setting next_dagrun for example_xcom_args_with_operators to None, run_after=None
[2024-09-03T11:30:12.694+0000] {processor.py:208} INFO - Processing /home/airflow/.local/lib/python3.12/site-packages/airflow/example_dags/example_xcomargs.py took 0.099 seconds
[2024-09-03T11:30:43.786+0000] {processor.py:186} INFO - Started process (PID=505) to work on /home/airflow/.local/lib/python3.12/site-packages/airflow/example_dags/example_xcomargs.py
[2024-09-03T11:30:43.788+0000] {processor.py:914} INFO - Processing file /home/airflow/.local/lib/python3.12/site-packages/airflow/example_dags/example_xcomargs.py for tasks to queue
[2024-09-03T11:30:43.791+0000] {logging_mixin.py:190} INFO - [2024-09-03T11:30:43.790+0000] {dagbag.py:587} INFO - Filling up the DagBag from /home/airflow/.local/lib/python3.12/site-packages/airflow/example_dags/example_xcomargs.py
[2024-09-03T11:30:43.802+0000] {processor.py:925} INFO - DAG(s) 'example_xcom_args_with_operators', 'example_xcom_args' retrieved from /home/airflow/.local/lib/python3.12/site-packages/airflow/example_dags/example_xcomargs.py
[2024-09-03T11:30:43.831+0000] {logging_mixin.py:190} INFO - [2024-09-03T11:30:43.830+0000] {dag.py:3211} INFO - Sync 2 DAGs
[2024-09-03T11:30:43.846+0000] {logging_mixin.py:190} INFO - [2024-09-03T11:30:43.846+0000] {dag.py:4138} INFO - Setting next_dagrun for example_xcom_args to None, run_after=None
[2024-09-03T11:30:43.851+0000] {logging_mixin.py:190} INFO - [2024-09-03T11:30:43.850+0000] {dag.py:4138} INFO - Setting next_dagrun for example_xcom_args_with_operators to None, run_after=None
[2024-09-03T11:30:43.874+0000] {processor.py:208} INFO - Processing /home/airflow/.local/lib/python3.12/site-packages/airflow/example_dags/example_xcomargs.py took 0.094 seconds
[2024-09-03T11:31:15.131+0000] {processor.py:186} INFO - Started process (PID=569) to work on /home/airflow/.local/lib/python3.12/site-packages/airflow/example_dags/example_xcomargs.py
[2024-09-03T11:31:15.135+0000] {processor.py:914} INFO - Processing file /home/airflow/.local/lib/python3.12/site-packages/airflow/example_dags/example_xcomargs.py for tasks to queue
[2024-09-03T11:31:15.141+0000] {logging_mixin.py:190} INFO - [2024-09-03T11:31:15.140+0000] {dagbag.py:587} INFO - Filling up the DagBag from /home/airflow/.local/lib/python3.12/site-packages/airflow/example_dags/example_xcomargs.py
[2024-09-03T11:31:15.164+0000] {processor.py:925} INFO - DAG(s) 'example_xcom_args', 'example_xcom_args_with_operators' retrieved from /home/airflow/.local/lib/python3.12/site-packages/airflow/example_dags/example_xcomargs.py
[2024-09-03T11:31:15.237+0000] {logging_mixin.py:190} INFO - [2024-09-03T11:31:15.236+0000] {dag.py:3211} INFO - Sync 2 DAGs
[2024-09-03T11:31:15.285+0000] {logging_mixin.py:190} INFO - [2024-09-03T11:31:15.284+0000] {dag.py:4138} INFO - Setting next_dagrun for example_xcom_args to None, run_after=None
[2024-09-03T11:31:15.299+0000] {logging_mixin.py:190} INFO - [2024-09-03T11:31:15.299+0000] {dag.py:4138} INFO - Setting next_dagrun for example_xcom_args_with_operators to None, run_after=None
[2024-09-03T11:31:15.327+0000] {processor.py:208} INFO - Processing /home/airflow/.local/lib/python3.12/site-packages/airflow/example_dags/example_xcomargs.py took 0.203 seconds
[2024-09-03T11:31:46.029+0000] {processor.py:186} INFO - Started process (PID=632) to work on /home/airflow/.local/lib/python3.12/site-packages/airflow/example_dags/example_xcomargs.py
[2024-09-03T11:31:46.031+0000] {processor.py:914} INFO - Processing file /home/airflow/.local/lib/python3.12/site-packages/airflow/example_dags/example_xcomargs.py for tasks to queue
[2024-09-03T11:31:46.034+0000] {logging_mixin.py:190} INFO - [2024-09-03T11:31:46.033+0000] {dagbag.py:587} INFO - Filling up the DagBag from /home/airflow/.local/lib/python3.12/site-packages/airflow/example_dags/example_xcomargs.py
[2024-09-03T11:31:46.043+0000] {processor.py:925} INFO - DAG(s) 'example_xcom_args_with_operators', 'example_xcom_args' retrieved from /home/airflow/.local/lib/python3.12/site-packages/airflow/example_dags/example_xcomargs.py
[2024-09-03T11:31:46.071+0000] {logging_mixin.py:190} INFO - [2024-09-03T11:31:46.070+0000] {dag.py:3211} INFO - Sync 2 DAGs
[2024-09-03T11:31:46.085+0000] {logging_mixin.py:190} INFO - [2024-09-03T11:31:46.085+0000] {dag.py:4138} INFO - Setting next_dagrun for example_xcom_args to None, run_after=None
[2024-09-03T11:31:46.091+0000] {logging_mixin.py:190} INFO - [2024-09-03T11:31:46.090+0000] {dag.py:4138} INFO - Setting next_dagrun for example_xcom_args_with_operators to None, run_after=None
[2024-09-03T11:31:46.114+0000] {processor.py:208} INFO - Processing /home/airflow/.local/lib/python3.12/site-packages/airflow/example_dags/example_xcomargs.py took 0.090 seconds
[2024-09-03T11:32:17.366+0000] {processor.py:186} INFO - Started process (PID=695) to work on /home/airflow/.local/lib/python3.12/site-packages/airflow/example_dags/example_xcomargs.py
[2024-09-03T11:32:17.367+0000] {processor.py:914} INFO - Processing file /home/airflow/.local/lib/python3.12/site-packages/airflow/example_dags/example_xcomargs.py for tasks to queue
[2024-09-03T11:32:17.371+0000] {logging_mixin.py:190} INFO - [2024-09-03T11:32:17.370+0000] {dagbag.py:587} INFO - Filling up the DagBag from /home/airflow/.local/lib/python3.12/site-packages/airflow/example_dags/example_xcomargs.py
[2024-09-03T11:32:17.382+0000] {processor.py:925} INFO - DAG(s) 'example_xcom_args_with_operators', 'example_xcom_args' retrieved from /home/airflow/.local/lib/python3.12/site-packages/airflow/example_dags/example_xcomargs.py
[2024-09-03T11:32:17.415+0000] {logging_mixin.py:190} INFO - [2024-09-03T11:32:17.415+0000] {dag.py:3211} INFO - Sync 2 DAGs
[2024-09-03T11:32:17.449+0000] {logging_mixin.py:190} INFO - [2024-09-03T11:32:17.449+0000] {dag.py:4138} INFO - Setting next_dagrun for example_xcom_args to None, run_after=None
[2024-09-03T11:32:17.456+0000] {logging_mixin.py:190} INFO - [2024-09-03T11:32:17.456+0000] {dag.py:4138} INFO - Setting next_dagrun for example_xcom_args_with_operators to None, run_after=None
[2024-09-03T11:32:17.487+0000] {processor.py:208} INFO - Processing /home/airflow/.local/lib/python3.12/site-packages/airflow/example_dags/example_xcomargs.py took 0.128 seconds
[2024-09-03T11:32:47.833+0000] {processor.py:186} INFO - Started process (PID=758) to work on /home/airflow/.local/lib/python3.12/site-packages/airflow/example_dags/example_xcomargs.py
[2024-09-03T11:32:47.834+0000] {processor.py:914} INFO - Processing file /home/airflow/.local/lib/python3.12/site-packages/airflow/example_dags/example_xcomargs.py for tasks to queue
[2024-09-03T11:32:47.838+0000] {logging_mixin.py:190} INFO - [2024-09-03T11:32:47.837+0000] {dagbag.py:587} INFO - Filling up the DagBag from /home/airflow/.local/lib/python3.12/site-packages/airflow/example_dags/example_xcomargs.py
[2024-09-03T11:32:47.847+0000] {processor.py:925} INFO - DAG(s) 'example_xcom_args', 'example_xcom_args_with_operators' retrieved from /home/airflow/.local/lib/python3.12/site-packages/airflow/example_dags/example_xcomargs.py
[2024-09-03T11:32:47.876+0000] {logging_mixin.py:190} INFO - [2024-09-03T11:32:47.876+0000] {dag.py:3211} INFO - Sync 2 DAGs
[2024-09-03T11:32:47.892+0000] {logging_mixin.py:190} INFO - [2024-09-03T11:32:47.892+0000] {dag.py:4138} INFO - Setting next_dagrun for example_xcom_args to None, run_after=None
[2024-09-03T11:32:47.897+0000] {logging_mixin.py:190} INFO - [2024-09-03T11:32:47.897+0000] {dag.py:4138} INFO - Setting next_dagrun for example_xcom_args_with_operators to None, run_after=None
[2024-09-03T11:32:47.920+0000] {processor.py:208} INFO - Processing /home/airflow/.local/lib/python3.12/site-packages/airflow/example_dags/example_xcomargs.py took 0.093 seconds
[2024-09-03T11:33:18.286+0000] {processor.py:186} INFO - Started process (PID=821) to work on /home/airflow/.local/lib/python3.12/site-packages/airflow/example_dags/example_xcomargs.py
[2024-09-03T11:33:18.288+0000] {processor.py:914} INFO - Processing file /home/airflow/.local/lib/python3.12/site-packages/airflow/example_dags/example_xcomargs.py for tasks to queue
[2024-09-03T11:33:18.291+0000] {logging_mixin.py:190} INFO - [2024-09-03T11:33:18.291+0000] {dagbag.py:587} INFO - Filling up the DagBag from /home/airflow/.local/lib/python3.12/site-packages/airflow/example_dags/example_xcomargs.py
[2024-09-03T11:33:18.302+0000] {processor.py:925} INFO - DAG(s) 'example_xcom_args', 'example_xcom_args_with_operators' retrieved from /home/airflow/.local/lib/python3.12/site-packages/airflow/example_dags/example_xcomargs.py
[2024-09-03T11:33:18.334+0000] {logging_mixin.py:190} INFO - [2024-09-03T11:33:18.334+0000] {dag.py:3211} INFO - Sync 2 DAGs
[2024-09-03T11:33:18.357+0000] {logging_mixin.py:190} INFO - [2024-09-03T11:33:18.357+0000] {dag.py:4138} INFO - Setting next_dagrun for example_xcom_args to None, run_after=None
[2024-09-03T11:33:18.362+0000] {logging_mixin.py:190} INFO - [2024-09-03T11:33:18.362+0000] {dag.py:4138} INFO - Setting next_dagrun for example_xcom_args_with_operators to None, run_after=None
[2024-09-03T11:33:18.387+0000] {processor.py:208} INFO - Processing /home/airflow/.local/lib/python3.12/site-packages/airflow/example_dags/example_xcomargs.py took 0.108 seconds
[2024-09-03T11:33:49.805+0000] {processor.py:186} INFO - Started process (PID=884) to work on /home/airflow/.local/lib/python3.12/site-packages/airflow/example_dags/example_xcomargs.py
[2024-09-03T11:33:49.806+0000] {processor.py:914} INFO - Processing file /home/airflow/.local/lib/python3.12/site-packages/airflow/example_dags/example_xcomargs.py for tasks to queue
[2024-09-03T11:33:49.811+0000] {logging_mixin.py:190} INFO - [2024-09-03T11:33:49.811+0000] {dagbag.py:587} INFO - Filling up the DagBag from /home/airflow/.local/lib/python3.12/site-packages/airflow/example_dags/example_xcomargs.py
[2024-09-03T11:33:49.824+0000] {processor.py:925} INFO - DAG(s) 'example_xcom_args', 'example_xcom_args_with_operators' retrieved from /home/airflow/.local/lib/python3.12/site-packages/airflow/example_dags/example_xcomargs.py
[2024-09-03T11:33:49.860+0000] {logging_mixin.py:190} INFO - [2024-09-03T11:33:49.859+0000] {dag.py:3211} INFO - Sync 2 DAGs
[2024-09-03T11:33:49.878+0000] {logging_mixin.py:190} INFO - [2024-09-03T11:33:49.878+0000] {dag.py:4138} INFO - Setting next_dagrun for example_xcom_args to None, run_after=None
[2024-09-03T11:33:49.883+0000] {logging_mixin.py:190} INFO - [2024-09-03T11:33:49.883+0000] {dag.py:4138} INFO - Setting next_dagrun for example_xcom_args_with_operators to None, run_after=None
[2024-09-03T11:33:49.917+0000] {processor.py:208} INFO - Processing /home/airflow/.local/lib/python3.12/site-packages/airflow/example_dags/example_xcomargs.py took 0.120 seconds
[2024-09-03T11:34:21.225+0000] {processor.py:186} INFO - Started process (PID=947) to work on /home/airflow/.local/lib/python3.12/site-packages/airflow/example_dags/example_xcomargs.py
[2024-09-03T11:34:21.226+0000] {processor.py:914} INFO - Processing file /home/airflow/.local/lib/python3.12/site-packages/airflow/example_dags/example_xcomargs.py for tasks to queue
[2024-09-03T11:34:21.229+0000] {logging_mixin.py:190} INFO - [2024-09-03T11:34:21.229+0000] {dagbag.py:587} INFO - Filling up the DagBag from /home/airflow/.local/lib/python3.12/site-packages/airflow/example_dags/example_xcomargs.py
[2024-09-03T11:34:21.239+0000] {processor.py:925} INFO - DAG(s) 'example_xcom_args_with_operators', 'example_xcom_args' retrieved from /home/airflow/.local/lib/python3.12/site-packages/airflow/example_dags/example_xcomargs.py
[2024-09-03T11:34:21.277+0000] {logging_mixin.py:190} INFO - [2024-09-03T11:34:21.277+0000] {dag.py:3211} INFO - Sync 2 DAGs
[2024-09-03T11:34:21.297+0000] {logging_mixin.py:190} INFO - [2024-09-03T11:34:21.297+0000] {dag.py:4138} INFO - Setting next_dagrun for example_xcom_args to None, run_after=None
[2024-09-03T11:34:21.304+0000] {logging_mixin.py:190} INFO - [2024-09-03T11:34:21.303+0000] {dag.py:4138} INFO - Setting next_dagrun for example_xcom_args_with_operators to None, run_after=None
[2024-09-03T11:34:21.334+0000] {processor.py:208} INFO - Processing /home/airflow/.local/lib/python3.12/site-packages/airflow/example_dags/example_xcomargs.py took 0.115 seconds
[2024-09-03T11:34:51.613+0000] {processor.py:186} INFO - Started process (PID=1010) to work on /home/airflow/.local/lib/python3.12/site-packages/airflow/example_dags/example_xcomargs.py
[2024-09-03T11:34:51.618+0000] {processor.py:914} INFO - Processing file /home/airflow/.local/lib/python3.12/site-packages/airflow/example_dags/example_xcomargs.py for tasks to queue
[2024-09-03T11:34:51.622+0000] {logging_mixin.py:190} INFO - [2024-09-03T11:34:51.621+0000] {dagbag.py:587} INFO - Filling up the DagBag from /home/airflow/.local/lib/python3.12/site-packages/airflow/example_dags/example_xcomargs.py
[2024-09-03T11:34:51.642+0000] {processor.py:925} INFO - DAG(s) 'example_xcom_args', 'example_xcom_args_with_operators' retrieved from /home/airflow/.local/lib/python3.12/site-packages/airflow/example_dags/example_xcomargs.py
[2024-09-03T11:34:51.688+0000] {logging_mixin.py:190} INFO - [2024-09-03T11:34:51.688+0000] {dag.py:3211} INFO - Sync 2 DAGs
[2024-09-03T11:34:51.719+0000] {logging_mixin.py:190} INFO - [2024-09-03T11:34:51.719+0000] {dag.py:4138} INFO - Setting next_dagrun for example_xcom_args to None, run_after=None
[2024-09-03T11:34:51.727+0000] {logging_mixin.py:190} INFO - [2024-09-03T11:34:51.727+0000] {dag.py:4138} INFO - Setting next_dagrun for example_xcom_args_with_operators to None, run_after=None
[2024-09-03T11:34:51.773+0000] {processor.py:208} INFO - Processing /home/airflow/.local/lib/python3.12/site-packages/airflow/example_dags/example_xcomargs.py took 0.169 seconds
[2024-09-03T11:35:22.698+0000] {processor.py:186} INFO - Started process (PID=1072) to work on /home/airflow/.local/lib/python3.12/site-packages/airflow/example_dags/example_xcomargs.py
[2024-09-03T11:35:22.700+0000] {processor.py:914} INFO - Processing file /home/airflow/.local/lib/python3.12/site-packages/airflow/example_dags/example_xcomargs.py for tasks to queue
[2024-09-03T11:35:22.703+0000] {logging_mixin.py:190} INFO - [2024-09-03T11:35:22.703+0000] {dagbag.py:587} INFO - Filling up the DagBag from /home/airflow/.local/lib/python3.12/site-packages/airflow/example_dags/example_xcomargs.py
[2024-09-03T11:35:22.713+0000] {processor.py:925} INFO - DAG(s) 'example_xcom_args_with_operators', 'example_xcom_args' retrieved from /home/airflow/.local/lib/python3.12/site-packages/airflow/example_dags/example_xcomargs.py
[2024-09-03T11:35:22.742+0000] {logging_mixin.py:190} INFO - [2024-09-03T11:35:22.741+0000] {dag.py:3211} INFO - Sync 2 DAGs
[2024-09-03T11:35:22.758+0000] {logging_mixin.py:190} INFO - [2024-09-03T11:35:22.757+0000] {dag.py:4138} INFO - Setting next_dagrun for example_xcom_args to None, run_after=None
[2024-09-03T11:35:22.764+0000] {logging_mixin.py:190} INFO - [2024-09-03T11:35:22.764+0000] {dag.py:4138} INFO - Setting next_dagrun for example_xcom_args_with_operators to None, run_after=None
[2024-09-03T11:35:22.788+0000] {processor.py:208} INFO - Processing /home/airflow/.local/lib/python3.12/site-packages/airflow/example_dags/example_xcomargs.py took 0.096 seconds
[2024-09-03T11:35:53.572+0000] {processor.py:186} INFO - Started process (PID=1135) to work on /home/airflow/.local/lib/python3.12/site-packages/airflow/example_dags/example_xcomargs.py
[2024-09-03T11:35:53.574+0000] {processor.py:914} INFO - Processing file /home/airflow/.local/lib/python3.12/site-packages/airflow/example_dags/example_xcomargs.py for tasks to queue
[2024-09-03T11:35:53.577+0000] {logging_mixin.py:190} INFO - [2024-09-03T11:35:53.576+0000] {dagbag.py:587} INFO - Filling up the DagBag from /home/airflow/.local/lib/python3.12/site-packages/airflow/example_dags/example_xcomargs.py
[2024-09-03T11:35:53.587+0000] {processor.py:925} INFO - DAG(s) 'example_xcom_args', 'example_xcom_args_with_operators' retrieved from /home/airflow/.local/lib/python3.12/site-packages/airflow/example_dags/example_xcomargs.py
[2024-09-03T11:35:53.625+0000] {logging_mixin.py:190} INFO - [2024-09-03T11:35:53.624+0000] {dag.py:3211} INFO - Sync 2 DAGs
[2024-09-03T11:35:53.645+0000] {logging_mixin.py:190} INFO - [2024-09-03T11:35:53.645+0000] {dag.py:4138} INFO - Setting next_dagrun for example_xcom_args to None, run_after=None
[2024-09-03T11:35:53.650+0000] {logging_mixin.py:190} INFO - [2024-09-03T11:35:53.650+0000] {dag.py:4138} INFO - Setting next_dagrun for example_xcom_args_with_operators to None, run_after=None
[2024-09-03T11:35:53.671+0000] {processor.py:208} INFO - Processing /home/airflow/.local/lib/python3.12/site-packages/airflow/example_dags/example_xcomargs.py took 0.104 seconds
[2024-09-03T11:36:24.531+0000] {processor.py:186} INFO - Started process (PID=1198) to work on /home/airflow/.local/lib/python3.12/site-packages/airflow/example_dags/example_xcomargs.py
[2024-09-03T11:36:24.532+0000] {processor.py:914} INFO - Processing file /home/airflow/.local/lib/python3.12/site-packages/airflow/example_dags/example_xcomargs.py for tasks to queue
[2024-09-03T11:36:24.535+0000] {logging_mixin.py:190} INFO - [2024-09-03T11:36:24.535+0000] {dagbag.py:587} INFO - Filling up the DagBag from /home/airflow/.local/lib/python3.12/site-packages/airflow/example_dags/example_xcomargs.py
[2024-09-03T11:36:24.545+0000] {processor.py:925} INFO - DAG(s) 'example_xcom_args_with_operators', 'example_xcom_args' retrieved from /home/airflow/.local/lib/python3.12/site-packages/airflow/example_dags/example_xcomargs.py
[2024-09-03T11:36:24.573+0000] {logging_mixin.py:190} INFO - [2024-09-03T11:36:24.572+0000] {dag.py:3211} INFO - Sync 2 DAGs
[2024-09-03T11:36:24.587+0000] {logging_mixin.py:190} INFO - [2024-09-03T11:36:24.587+0000] {dag.py:4138} INFO - Setting next_dagrun for example_xcom_args to None, run_after=None
[2024-09-03T11:36:24.593+0000] {logging_mixin.py:190} INFO - [2024-09-03T11:36:24.592+0000] {dag.py:4138} INFO - Setting next_dagrun for example_xcom_args_with_operators to None, run_after=None
[2024-09-03T11:36:24.615+0000] {processor.py:208} INFO - Processing /home/airflow/.local/lib/python3.12/site-packages/airflow/example_dags/example_xcomargs.py took 0.089 seconds
[2024-09-03T11:36:56.275+0000] {processor.py:186} INFO - Started process (PID=1262) to work on /home/airflow/.local/lib/python3.12/site-packages/airflow/example_dags/example_xcomargs.py
[2024-09-03T11:36:56.276+0000] {processor.py:914} INFO - Processing file /home/airflow/.local/lib/python3.12/site-packages/airflow/example_dags/example_xcomargs.py for tasks to queue
[2024-09-03T11:36:56.281+0000] {logging_mixin.py:190} INFO - [2024-09-03T11:36:56.281+0000] {dagbag.py:587} INFO - Filling up the DagBag from /home/airflow/.local/lib/python3.12/site-packages/airflow/example_dags/example_xcomargs.py
[2024-09-03T11:36:56.298+0000] {processor.py:925} INFO - DAG(s) 'example_xcom_args_with_operators', 'example_xcom_args' retrieved from /home/airflow/.local/lib/python3.12/site-packages/airflow/example_dags/example_xcomargs.py
[2024-09-03T11:36:56.333+0000] {logging_mixin.py:190} INFO - [2024-09-03T11:36:56.332+0000] {dag.py:3211} INFO - Sync 2 DAGs
[2024-09-03T11:36:56.358+0000] {logging_mixin.py:190} INFO - [2024-09-03T11:36:56.358+0000] {dag.py:4138} INFO - Setting next_dagrun for example_xcom_args to None, run_after=None
[2024-09-03T11:36:56.368+0000] {logging_mixin.py:190} INFO - [2024-09-03T11:36:56.368+0000] {dag.py:4138} INFO - Setting next_dagrun for example_xcom_args_with_operators to None, run_after=None
[2024-09-03T11:36:56.405+0000] {processor.py:208} INFO - Processing /home/airflow/.local/lib/python3.12/site-packages/airflow/example_dags/example_xcomargs.py took 0.138 seconds
[2024-09-03T11:37:27.783+0000] {processor.py:186} INFO - Started process (PID=1325) to work on /home/airflow/.local/lib/python3.12/site-packages/airflow/example_dags/example_xcomargs.py
[2024-09-03T11:37:27.821+0000] {processor.py:914} INFO - Processing file /home/airflow/.local/lib/python3.12/site-packages/airflow/example_dags/example_xcomargs.py for tasks to queue
[2024-09-03T11:37:27.827+0000] {logging_mixin.py:190} INFO - [2024-09-03T11:37:27.826+0000] {dagbag.py:587} INFO - Filling up the DagBag from /home/airflow/.local/lib/python3.12/site-packages/airflow/example_dags/example_xcomargs.py
[2024-09-03T11:37:27.861+0000] {processor.py:925} INFO - DAG(s) 'example_xcom_args_with_operators', 'example_xcom_args' retrieved from /home/airflow/.local/lib/python3.12/site-packages/airflow/example_dags/example_xcomargs.py
[2024-09-03T11:37:27.930+0000] {logging_mixin.py:190} INFO - [2024-09-03T11:37:27.929+0000] {dag.py:3211} INFO - Sync 2 DAGs
[2024-09-03T11:37:28.004+0000] {logging_mixin.py:190} INFO - [2024-09-03T11:37:28.004+0000] {dag.py:4138} INFO - Setting next_dagrun for example_xcom_args to None, run_after=None
[2024-09-03T11:37:28.013+0000] {logging_mixin.py:190} INFO - [2024-09-03T11:37:28.012+0000] {dag.py:4138} INFO - Setting next_dagrun for example_xcom_args_with_operators to None, run_after=None
[2024-09-03T11:37:28.057+0000] {processor.py:208} INFO - Processing /home/airflow/.local/lib/python3.12/site-packages/airflow/example_dags/example_xcomargs.py took 0.293 seconds
[2024-09-03T11:37:58.816+0000] {processor.py:186} INFO - Started process (PID=1388) to work on /home/airflow/.local/lib/python3.12/site-packages/airflow/example_dags/example_xcomargs.py
[2024-09-03T11:37:58.818+0000] {processor.py:914} INFO - Processing file /home/airflow/.local/lib/python3.12/site-packages/airflow/example_dags/example_xcomargs.py for tasks to queue
[2024-09-03T11:37:58.821+0000] {logging_mixin.py:190} INFO - [2024-09-03T11:37:58.820+0000] {dagbag.py:587} INFO - Filling up the DagBag from /home/airflow/.local/lib/python3.12/site-packages/airflow/example_dags/example_xcomargs.py
[2024-09-03T11:37:58.832+0000] {processor.py:925} INFO - DAG(s) 'example_xcom_args', 'example_xcom_args_with_operators' retrieved from /home/airflow/.local/lib/python3.12/site-packages/airflow/example_dags/example_xcomargs.py
[2024-09-03T11:37:58.869+0000] {logging_mixin.py:190} INFO - [2024-09-03T11:37:58.869+0000] {dag.py:3211} INFO - Sync 2 DAGs
[2024-09-03T11:37:58.889+0000] {logging_mixin.py:190} INFO - [2024-09-03T11:37:58.888+0000] {dag.py:4138} INFO - Setting next_dagrun for example_xcom_args to None, run_after=None
[2024-09-03T11:37:58.895+0000] {logging_mixin.py:190} INFO - [2024-09-03T11:37:58.894+0000] {dag.py:4138} INFO - Setting next_dagrun for example_xcom_args_with_operators to None, run_after=None
[2024-09-03T11:37:58.936+0000] {processor.py:208} INFO - Processing /home/airflow/.local/lib/python3.12/site-packages/airflow/example_dags/example_xcomargs.py took 0.127 seconds
[2024-09-03T11:38:29.787+0000] {processor.py:186} INFO - Started process (PID=1451) to work on /home/airflow/.local/lib/python3.12/site-packages/airflow/example_dags/example_xcomargs.py
[2024-09-03T11:38:29.790+0000] {processor.py:914} INFO - Processing file /home/airflow/.local/lib/python3.12/site-packages/airflow/example_dags/example_xcomargs.py for tasks to queue
[2024-09-03T11:38:29.796+0000] {logging_mixin.py:190} INFO - [2024-09-03T11:38:29.795+0000] {dagbag.py:587} INFO - Filling up the DagBag from /home/airflow/.local/lib/python3.12/site-packages/airflow/example_dags/example_xcomargs.py
[2024-09-03T11:38:29.817+0000] {processor.py:925} INFO - DAG(s) 'example_xcom_args', 'example_xcom_args_with_operators' retrieved from /home/airflow/.local/lib/python3.12/site-packages/airflow/example_dags/example_xcomargs.py
[2024-09-03T11:38:29.880+0000] {logging_mixin.py:190} INFO - [2024-09-03T11:38:29.879+0000] {dag.py:3211} INFO - Sync 2 DAGs
[2024-09-03T11:38:29.913+0000] {logging_mixin.py:190} INFO - [2024-09-03T11:38:29.912+0000] {dag.py:4138} INFO - Setting next_dagrun for example_xcom_args to None, run_after=None
[2024-09-03T11:38:29.923+0000] {logging_mixin.py:190} INFO - [2024-09-03T11:38:29.923+0000] {dag.py:4138} INFO - Setting next_dagrun for example_xcom_args_with_operators to None, run_after=None
[2024-09-03T11:38:29.970+0000] {processor.py:208} INFO - Processing /home/airflow/.local/lib/python3.12/site-packages/airflow/example_dags/example_xcomargs.py took 0.196 seconds
[2024-09-03T11:39:00.775+0000] {processor.py:186} INFO - Started process (PID=1514) to work on /home/airflow/.local/lib/python3.12/site-packages/airflow/example_dags/example_xcomargs.py
[2024-09-03T11:39:00.777+0000] {processor.py:914} INFO - Processing file /home/airflow/.local/lib/python3.12/site-packages/airflow/example_dags/example_xcomargs.py for tasks to queue
[2024-09-03T11:39:00.781+0000] {logging_mixin.py:190} INFO - [2024-09-03T11:39:00.780+0000] {dagbag.py:587} INFO - Filling up the DagBag from /home/airflow/.local/lib/python3.12/site-packages/airflow/example_dags/example_xcomargs.py
[2024-09-03T11:39:00.795+0000] {processor.py:925} INFO - DAG(s) 'example_xcom_args', 'example_xcom_args_with_operators' retrieved from /home/airflow/.local/lib/python3.12/site-packages/airflow/example_dags/example_xcomargs.py
[2024-09-03T11:39:00.833+0000] {logging_mixin.py:190} INFO - [2024-09-03T11:39:00.832+0000] {dag.py:3211} INFO - Sync 2 DAGs
[2024-09-03T11:39:00.854+0000] {logging_mixin.py:190} INFO - [2024-09-03T11:39:00.854+0000] {dag.py:4138} INFO - Setting next_dagrun for example_xcom_args to None, run_after=None
[2024-09-03T11:39:00.862+0000] {logging_mixin.py:190} INFO - [2024-09-03T11:39:00.862+0000] {dag.py:4138} INFO - Setting next_dagrun for example_xcom_args_with_operators to None, run_after=None
[2024-09-03T11:39:00.895+0000] {processor.py:208} INFO - Processing /home/airflow/.local/lib/python3.12/site-packages/airflow/example_dags/example_xcomargs.py took 0.129 seconds
[2024-09-03T11:39:31.767+0000] {processor.py:186} INFO - Started process (PID=1583) to work on /home/airflow/.local/lib/python3.12/site-packages/airflow/example_dags/example_xcomargs.py
[2024-09-03T11:39:31.770+0000] {processor.py:914} INFO - Processing file /home/airflow/.local/lib/python3.12/site-packages/airflow/example_dags/example_xcomargs.py for tasks to queue
[2024-09-03T11:39:31.777+0000] {logging_mixin.py:190} INFO - [2024-09-03T11:39:31.776+0000] {dagbag.py:587} INFO - Filling up the DagBag from /home/airflow/.local/lib/python3.12/site-packages/airflow/example_dags/example_xcomargs.py
[2024-09-03T11:39:31.803+0000] {processor.py:925} INFO - DAG(s) 'example_xcom_args_with_operators', 'example_xcom_args' retrieved from /home/airflow/.local/lib/python3.12/site-packages/airflow/example_dags/example_xcomargs.py
[2024-09-03T11:39:31.864+0000] {logging_mixin.py:190} INFO - [2024-09-03T11:39:31.864+0000] {dag.py:3211} INFO - Sync 2 DAGs
[2024-09-03T11:39:31.899+0000] {logging_mixin.py:190} INFO - [2024-09-03T11:39:31.898+0000] {dag.py:4138} INFO - Setting next_dagrun for example_xcom_args to None, run_after=None
[2024-09-03T11:39:31.910+0000] {logging_mixin.py:190} INFO - [2024-09-03T11:39:31.909+0000] {dag.py:4138} INFO - Setting next_dagrun for example_xcom_args_with_operators to None, run_after=None
[2024-09-03T11:39:31.953+0000] {processor.py:208} INFO - Processing /home/airflow/.local/lib/python3.12/site-packages/airflow/example_dags/example_xcomargs.py took 0.195 seconds
[2024-09-03T11:40:02.413+0000] {processor.py:186} INFO - Started process (PID=1646) to work on /home/airflow/.local/lib/python3.12/site-packages/airflow/example_dags/example_xcomargs.py
[2024-09-03T11:40:02.414+0000] {processor.py:914} INFO - Processing file /home/airflow/.local/lib/python3.12/site-packages/airflow/example_dags/example_xcomargs.py for tasks to queue
[2024-09-03T11:40:02.419+0000] {logging_mixin.py:190} INFO - [2024-09-03T11:40:02.419+0000] {dagbag.py:587} INFO - Filling up the DagBag from /home/airflow/.local/lib/python3.12/site-packages/airflow/example_dags/example_xcomargs.py
[2024-09-03T11:40:02.436+0000] {processor.py:925} INFO - DAG(s) 'example_xcom_args', 'example_xcom_args_with_operators' retrieved from /home/airflow/.local/lib/python3.12/site-packages/airflow/example_dags/example_xcomargs.py
[2024-09-03T11:40:02.476+0000] {logging_mixin.py:190} INFO - [2024-09-03T11:40:02.476+0000] {dag.py:3211} INFO - Sync 2 DAGs
[2024-09-03T11:40:02.497+0000] {logging_mixin.py:190} INFO - [2024-09-03T11:40:02.497+0000] {dag.py:4138} INFO - Setting next_dagrun for example_xcom_args to None, run_after=None
[2024-09-03T11:40:02.506+0000] {logging_mixin.py:190} INFO - [2024-09-03T11:40:02.505+0000] {dag.py:4138} INFO - Setting next_dagrun for example_xcom_args_with_operators to None, run_after=None
[2024-09-03T11:40:02.546+0000] {processor.py:208} INFO - Processing /home/airflow/.local/lib/python3.12/site-packages/airflow/example_dags/example_xcomargs.py took 0.143 seconds
[2024-09-03T11:40:34.603+0000] {processor.py:186} INFO - Started process (PID=1710) to work on /home/airflow/.local/lib/python3.12/site-packages/airflow/example_dags/example_xcomargs.py
[2024-09-03T11:40:34.605+0000] {processor.py:914} INFO - Processing file /home/airflow/.local/lib/python3.12/site-packages/airflow/example_dags/example_xcomargs.py for tasks to queue
[2024-09-03T11:40:34.609+0000] {logging_mixin.py:190} INFO - [2024-09-03T11:40:34.609+0000] {dagbag.py:587} INFO - Filling up the DagBag from /home/airflow/.local/lib/python3.12/site-packages/airflow/example_dags/example_xcomargs.py
[2024-09-03T11:40:34.620+0000] {processor.py:925} INFO - DAG(s) 'example_xcom_args', 'example_xcom_args_with_operators' retrieved from /home/airflow/.local/lib/python3.12/site-packages/airflow/example_dags/example_xcomargs.py
[2024-09-03T11:40:34.658+0000] {logging_mixin.py:190} INFO - [2024-09-03T11:40:34.658+0000] {dag.py:3211} INFO - Sync 2 DAGs
[2024-09-03T11:40:34.683+0000] {logging_mixin.py:190} INFO - [2024-09-03T11:40:34.683+0000] {dag.py:4138} INFO - Setting next_dagrun for example_xcom_args to None, run_after=None
[2024-09-03T11:40:34.693+0000] {logging_mixin.py:190} INFO - [2024-09-03T11:40:34.693+0000] {dag.py:4138} INFO - Setting next_dagrun for example_xcom_args_with_operators to None, run_after=None
[2024-09-03T11:40:34.725+0000] {processor.py:208} INFO - Processing /home/airflow/.local/lib/python3.12/site-packages/airflow/example_dags/example_xcomargs.py took 0.128 seconds
[2024-09-03T11:41:06.947+0000] {processor.py:186} INFO - Started process (PID=1773) to work on /home/airflow/.local/lib/python3.12/site-packages/airflow/example_dags/example_xcomargs.py
[2024-09-03T11:41:06.948+0000] {processor.py:914} INFO - Processing file /home/airflow/.local/lib/python3.12/site-packages/airflow/example_dags/example_xcomargs.py for tasks to queue
[2024-09-03T11:41:06.953+0000] {logging_mixin.py:190} INFO - [2024-09-03T11:41:06.952+0000] {dagbag.py:587} INFO - Filling up the DagBag from /home/airflow/.local/lib/python3.12/site-packages/airflow/example_dags/example_xcomargs.py
[2024-09-03T11:41:06.972+0000] {processor.py:925} INFO - DAG(s) 'example_xcom_args_with_operators', 'example_xcom_args' retrieved from /home/airflow/.local/lib/python3.12/site-packages/airflow/example_dags/example_xcomargs.py
[2024-09-03T11:41:07.040+0000] {logging_mixin.py:190} INFO - [2024-09-03T11:41:07.039+0000] {dag.py:3211} INFO - Sync 2 DAGs
[2024-09-03T11:41:07.082+0000] {logging_mixin.py:190} INFO - [2024-09-03T11:41:07.081+0000] {dag.py:4138} INFO - Setting next_dagrun for example_xcom_args to None, run_after=None
[2024-09-03T11:41:07.091+0000] {logging_mixin.py:190} INFO - [2024-09-03T11:41:07.090+0000] {dag.py:4138} INFO - Setting next_dagrun for example_xcom_args_with_operators to None, run_after=None
[2024-09-03T11:41:07.143+0000] {processor.py:208} INFO - Processing /home/airflow/.local/lib/python3.12/site-packages/airflow/example_dags/example_xcomargs.py took 0.208 seconds
[2024-09-03T11:41:38.011+0000] {processor.py:186} INFO - Started process (PID=1836) to work on /home/airflow/.local/lib/python3.12/site-packages/airflow/example_dags/example_xcomargs.py
[2024-09-03T11:41:38.015+0000] {processor.py:914} INFO - Processing file /home/airflow/.local/lib/python3.12/site-packages/airflow/example_dags/example_xcomargs.py for tasks to queue
[2024-09-03T11:41:38.024+0000] {logging_mixin.py:190} INFO - [2024-09-03T11:41:38.021+0000] {dagbag.py:587} INFO - Filling up the DagBag from /home/airflow/.local/lib/python3.12/site-packages/airflow/example_dags/example_xcomargs.py
[2024-09-03T11:41:38.055+0000] {processor.py:925} INFO - DAG(s) 'example_xcom_args_with_operators', 'example_xcom_args' retrieved from /home/airflow/.local/lib/python3.12/site-packages/airflow/example_dags/example_xcomargs.py
[2024-09-03T11:41:38.144+0000] {logging_mixin.py:190} INFO - [2024-09-03T11:41:38.143+0000] {dag.py:3211} INFO - Sync 2 DAGs
[2024-09-03T11:41:38.215+0000] {logging_mixin.py:190} INFO - [2024-09-03T11:41:38.214+0000] {dag.py:4138} INFO - Setting next_dagrun for example_xcom_args to None, run_after=None
[2024-09-03T11:41:38.235+0000] {logging_mixin.py:190} INFO - [2024-09-03T11:41:38.235+0000] {dag.py:4138} INFO - Setting next_dagrun for example_xcom_args_with_operators to None, run_after=None
[2024-09-03T11:41:38.295+0000] {processor.py:208} INFO - Processing /home/airflow/.local/lib/python3.12/site-packages/airflow/example_dags/example_xcomargs.py took 0.300 seconds
[2024-09-03T11:42:08.575+0000] {processor.py:186} INFO - Started process (PID=1898) to work on /home/airflow/.local/lib/python3.12/site-packages/airflow/example_dags/example_xcomargs.py
[2024-09-03T11:42:08.578+0000] {processor.py:914} INFO - Processing file /home/airflow/.local/lib/python3.12/site-packages/airflow/example_dags/example_xcomargs.py for tasks to queue
[2024-09-03T11:42:08.585+0000] {logging_mixin.py:190} INFO - [2024-09-03T11:42:08.585+0000] {dagbag.py:587} INFO - Filling up the DagBag from /home/airflow/.local/lib/python3.12/site-packages/airflow/example_dags/example_xcomargs.py
[2024-09-03T11:42:08.608+0000] {processor.py:925} INFO - DAG(s) 'example_xcom_args', 'example_xcom_args_with_operators' retrieved from /home/airflow/.local/lib/python3.12/site-packages/airflow/example_dags/example_xcomargs.py
[2024-09-03T11:42:08.671+0000] {logging_mixin.py:190} INFO - [2024-09-03T11:42:08.670+0000] {dag.py:3211} INFO - Sync 2 DAGs
[2024-09-03T11:42:08.707+0000] {logging_mixin.py:190} INFO - [2024-09-03T11:42:08.707+0000] {dag.py:4138} INFO - Setting next_dagrun for example_xcom_args to None, run_after=None
[2024-09-03T11:42:08.719+0000] {logging_mixin.py:190} INFO - [2024-09-03T11:42:08.719+0000] {dag.py:4138} INFO - Setting next_dagrun for example_xcom_args_with_operators to None, run_after=None
[2024-09-03T11:42:08.770+0000] {processor.py:208} INFO - Processing /home/airflow/.local/lib/python3.12/site-packages/airflow/example_dags/example_xcomargs.py took 0.205 seconds
[2024-09-03T11:42:38.847+0000] {processor.py:186} INFO - Started process (PID=1960) to work on /home/airflow/.local/lib/python3.12/site-packages/airflow/example_dags/example_xcomargs.py
[2024-09-03T11:42:38.850+0000] {processor.py:914} INFO - Processing file /home/airflow/.local/lib/python3.12/site-packages/airflow/example_dags/example_xcomargs.py for tasks to queue
[2024-09-03T11:42:38.863+0000] {logging_mixin.py:190} INFO - [2024-09-03T11:42:38.861+0000] {dagbag.py:587} INFO - Filling up the DagBag from /home/airflow/.local/lib/python3.12/site-packages/airflow/example_dags/example_xcomargs.py
[2024-09-03T11:42:38.879+0000] {processor.py:925} INFO - DAG(s) 'example_xcom_args_with_operators', 'example_xcom_args' retrieved from /home/airflow/.local/lib/python3.12/site-packages/airflow/example_dags/example_xcomargs.py
[2024-09-03T11:42:38.924+0000] {logging_mixin.py:190} INFO - [2024-09-03T11:42:38.924+0000] {dag.py:3211} INFO - Sync 2 DAGs
[2024-09-03T11:42:38.947+0000] {logging_mixin.py:190} INFO - [2024-09-03T11:42:38.947+0000] {dag.py:4138} INFO - Setting next_dagrun for example_xcom_args to None, run_after=None
[2024-09-03T11:42:38.958+0000] {logging_mixin.py:190} INFO - [2024-09-03T11:42:38.958+0000] {dag.py:4138} INFO - Setting next_dagrun for example_xcom_args_with_operators to None, run_after=None
[2024-09-03T11:42:38.999+0000] {processor.py:208} INFO - Processing /home/airflow/.local/lib/python3.12/site-packages/airflow/example_dags/example_xcomargs.py took 0.162 seconds
[2024-09-03T11:43:10.179+0000] {processor.py:186} INFO - Started process (PID=2023) to work on /home/airflow/.local/lib/python3.12/site-packages/airflow/example_dags/example_xcomargs.py
[2024-09-03T11:43:10.181+0000] {processor.py:914} INFO - Processing file /home/airflow/.local/lib/python3.12/site-packages/airflow/example_dags/example_xcomargs.py for tasks to queue
[2024-09-03T11:43:10.187+0000] {logging_mixin.py:190} INFO - [2024-09-03T11:43:10.186+0000] {dagbag.py:587} INFO - Filling up the DagBag from /home/airflow/.local/lib/python3.12/site-packages/airflow/example_dags/example_xcomargs.py
[2024-09-03T11:43:10.207+0000] {processor.py:925} INFO - DAG(s) 'example_xcom_args', 'example_xcom_args_with_operators' retrieved from /home/airflow/.local/lib/python3.12/site-packages/airflow/example_dags/example_xcomargs.py
[2024-09-03T11:43:10.260+0000] {logging_mixin.py:190} INFO - [2024-09-03T11:43:10.259+0000] {dag.py:3211} INFO - Sync 2 DAGs
[2024-09-03T11:43:10.290+0000] {logging_mixin.py:190} INFO - [2024-09-03T11:43:10.289+0000] {dag.py:4138} INFO - Setting next_dagrun for example_xcom_args to None, run_after=None
[2024-09-03T11:43:10.299+0000] {logging_mixin.py:190} INFO - [2024-09-03T11:43:10.298+0000] {dag.py:4138} INFO - Setting next_dagrun for example_xcom_args_with_operators to None, run_after=None
[2024-09-03T11:43:10.339+0000] {processor.py:208} INFO - Processing /home/airflow/.local/lib/python3.12/site-packages/airflow/example_dags/example_xcomargs.py took 0.170 seconds
[2024-09-03T11:43:41.445+0000] {processor.py:186} INFO - Started process (PID=2087) to work on /home/airflow/.local/lib/python3.12/site-packages/airflow/example_dags/example_xcomargs.py
[2024-09-03T11:43:41.446+0000] {processor.py:914} INFO - Processing file /home/airflow/.local/lib/python3.12/site-packages/airflow/example_dags/example_xcomargs.py for tasks to queue
[2024-09-03T11:43:41.450+0000] {logging_mixin.py:190} INFO - [2024-09-03T11:43:41.449+0000] {dagbag.py:587} INFO - Filling up the DagBag from /home/airflow/.local/lib/python3.12/site-packages/airflow/example_dags/example_xcomargs.py
[2024-09-03T11:43:41.462+0000] {processor.py:925} INFO - DAG(s) 'example_xcom_args', 'example_xcom_args_with_operators' retrieved from /home/airflow/.local/lib/python3.12/site-packages/airflow/example_dags/example_xcomargs.py
[2024-09-03T11:43:41.492+0000] {logging_mixin.py:190} INFO - [2024-09-03T11:43:41.492+0000] {dag.py:3211} INFO - Sync 2 DAGs
[2024-09-03T11:43:41.508+0000] {logging_mixin.py:190} INFO - [2024-09-03T11:43:41.508+0000] {dag.py:4138} INFO - Setting next_dagrun for example_xcom_args to None, run_after=None
[2024-09-03T11:43:41.514+0000] {logging_mixin.py:190} INFO - [2024-09-03T11:43:41.514+0000] {dag.py:4138} INFO - Setting next_dagrun for example_xcom_args_with_operators to None, run_after=None
[2024-09-03T11:43:41.537+0000] {processor.py:208} INFO - Processing /home/airflow/.local/lib/python3.12/site-packages/airflow/example_dags/example_xcomargs.py took 0.097 seconds
[2024-09-03T11:44:11.914+0000] {processor.py:186} INFO - Started process (PID=2150) to work on /home/airflow/.local/lib/python3.12/site-packages/airflow/example_dags/example_xcomargs.py
[2024-09-03T11:44:11.916+0000] {processor.py:914} INFO - Processing file /home/airflow/.local/lib/python3.12/site-packages/airflow/example_dags/example_xcomargs.py for tasks to queue
[2024-09-03T11:44:11.921+0000] {logging_mixin.py:190} INFO - [2024-09-03T11:44:11.920+0000] {dagbag.py:587} INFO - Filling up the DagBag from /home/airflow/.local/lib/python3.12/site-packages/airflow/example_dags/example_xcomargs.py
[2024-09-03T11:44:11.937+0000] {processor.py:925} INFO - DAG(s) 'example_xcom_args_with_operators', 'example_xcom_args' retrieved from /home/airflow/.local/lib/python3.12/site-packages/airflow/example_dags/example_xcomargs.py
[2024-09-03T11:44:11.973+0000] {logging_mixin.py:190} INFO - [2024-09-03T11:44:11.973+0000] {dag.py:3211} INFO - Sync 2 DAGs
[2024-09-03T11:44:11.994+0000] {logging_mixin.py:190} INFO - [2024-09-03T11:44:11.993+0000] {dag.py:4138} INFO - Setting next_dagrun for example_xcom_args to None, run_after=None
[2024-09-03T11:44:12.001+0000] {logging_mixin.py:190} INFO - [2024-09-03T11:44:12.001+0000] {dag.py:4138} INFO - Setting next_dagrun for example_xcom_args_with_operators to None, run_after=None
[2024-09-03T11:44:12.027+0000] {processor.py:208} INFO - Processing /home/airflow/.local/lib/python3.12/site-packages/airflow/example_dags/example_xcomargs.py took 0.121 seconds
[2024-09-03T11:44:43.568+0000] {processor.py:186} INFO - Started process (PID=2214) to work on /home/airflow/.local/lib/python3.12/site-packages/airflow/example_dags/example_xcomargs.py
[2024-09-03T11:44:43.569+0000] {processor.py:914} INFO - Processing file /home/airflow/.local/lib/python3.12/site-packages/airflow/example_dags/example_xcomargs.py for tasks to queue
[2024-09-03T11:44:43.572+0000] {logging_mixin.py:190} INFO - [2024-09-03T11:44:43.571+0000] {dagbag.py:587} INFO - Filling up the DagBag from /home/airflow/.local/lib/python3.12/site-packages/airflow/example_dags/example_xcomargs.py
[2024-09-03T11:44:43.582+0000] {processor.py:925} INFO - DAG(s) 'example_xcom_args', 'example_xcom_args_with_operators' retrieved from /home/airflow/.local/lib/python3.12/site-packages/airflow/example_dags/example_xcomargs.py
[2024-09-03T11:44:43.612+0000] {logging_mixin.py:190} INFO - [2024-09-03T11:44:43.611+0000] {dag.py:3211} INFO - Sync 2 DAGs
[2024-09-03T11:44:43.627+0000] {logging_mixin.py:190} INFO - [2024-09-03T11:44:43.626+0000] {dag.py:4138} INFO - Setting next_dagrun for example_xcom_args to None, run_after=None
[2024-09-03T11:44:43.632+0000] {logging_mixin.py:190} INFO - [2024-09-03T11:44:43.631+0000] {dag.py:4138} INFO - Setting next_dagrun for example_xcom_args_with_operators to None, run_after=None
[2024-09-03T11:44:43.656+0000] {processor.py:208} INFO - Processing /home/airflow/.local/lib/python3.12/site-packages/airflow/example_dags/example_xcomargs.py took 0.093 seconds
[2024-09-03T11:45:14.141+0000] {processor.py:186} INFO - Started process (PID=2277) to work on /home/airflow/.local/lib/python3.12/site-packages/airflow/example_dags/example_xcomargs.py
[2024-09-03T11:45:14.143+0000] {processor.py:914} INFO - Processing file /home/airflow/.local/lib/python3.12/site-packages/airflow/example_dags/example_xcomargs.py for tasks to queue
[2024-09-03T11:45:14.146+0000] {logging_mixin.py:190} INFO - [2024-09-03T11:45:14.146+0000] {dagbag.py:587} INFO - Filling up the DagBag from /home/airflow/.local/lib/python3.12/site-packages/airflow/example_dags/example_xcomargs.py
[2024-09-03T11:45:14.155+0000] {processor.py:925} INFO - DAG(s) 'example_xcom_args', 'example_xcom_args_with_operators' retrieved from /home/airflow/.local/lib/python3.12/site-packages/airflow/example_dags/example_xcomargs.py
[2024-09-03T11:45:14.186+0000] {logging_mixin.py:190} INFO - [2024-09-03T11:45:14.186+0000] {dag.py:3211} INFO - Sync 2 DAGs
[2024-09-03T11:45:14.203+0000] {logging_mixin.py:190} INFO - [2024-09-03T11:45:14.203+0000] {dag.py:4138} INFO - Setting next_dagrun for example_xcom_args to None, run_after=None
[2024-09-03T11:45:14.208+0000] {logging_mixin.py:190} INFO - [2024-09-03T11:45:14.208+0000] {dag.py:4138} INFO - Setting next_dagrun for example_xcom_args_with_operators to None, run_after=None
[2024-09-03T11:45:14.249+0000] {processor.py:208} INFO - Processing /home/airflow/.local/lib/python3.12/site-packages/airflow/example_dags/example_xcomargs.py took 0.114 seconds
[2024-09-03T11:45:44.789+0000] {processor.py:186} INFO - Started process (PID=2339) to work on /home/airflow/.local/lib/python3.12/site-packages/airflow/example_dags/example_xcomargs.py
[2024-09-03T11:45:44.791+0000] {processor.py:914} INFO - Processing file /home/airflow/.local/lib/python3.12/site-packages/airflow/example_dags/example_xcomargs.py for tasks to queue
[2024-09-03T11:45:44.794+0000] {logging_mixin.py:190} INFO - [2024-09-03T11:45:44.793+0000] {dagbag.py:587} INFO - Filling up the DagBag from /home/airflow/.local/lib/python3.12/site-packages/airflow/example_dags/example_xcomargs.py
[2024-09-03T11:45:44.804+0000] {processor.py:925} INFO - DAG(s) 'example_xcom_args', 'example_xcom_args_with_operators' retrieved from /home/airflow/.local/lib/python3.12/site-packages/airflow/example_dags/example_xcomargs.py
[2024-09-03T11:45:44.833+0000] {logging_mixin.py:190} INFO - [2024-09-03T11:45:44.832+0000] {dag.py:3211} INFO - Sync 2 DAGs
[2024-09-03T11:45:44.848+0000] {logging_mixin.py:190} INFO - [2024-09-03T11:45:44.848+0000] {dag.py:4138} INFO - Setting next_dagrun for example_xcom_args to None, run_after=None
[2024-09-03T11:45:44.853+0000] {logging_mixin.py:190} INFO - [2024-09-03T11:45:44.852+0000] {dag.py:4138} INFO - Setting next_dagrun for example_xcom_args_with_operators to None, run_after=None
[2024-09-03T11:45:44.877+0000] {processor.py:208} INFO - Processing /home/airflow/.local/lib/python3.12/site-packages/airflow/example_dags/example_xcomargs.py took 0.093 seconds
[2024-09-03T11:46:15.545+0000] {processor.py:186} INFO - Started process (PID=2402) to work on /home/airflow/.local/lib/python3.12/site-packages/airflow/example_dags/example_xcomargs.py
[2024-09-03T11:46:15.546+0000] {processor.py:914} INFO - Processing file /home/airflow/.local/lib/python3.12/site-packages/airflow/example_dags/example_xcomargs.py for tasks to queue
[2024-09-03T11:46:15.549+0000] {logging_mixin.py:190} INFO - [2024-09-03T11:46:15.548+0000] {dagbag.py:587} INFO - Filling up the DagBag from /home/airflow/.local/lib/python3.12/site-packages/airflow/example_dags/example_xcomargs.py
[2024-09-03T11:46:15.560+0000] {processor.py:925} INFO - DAG(s) 'example_xcom_args_with_operators', 'example_xcom_args' retrieved from /home/airflow/.local/lib/python3.12/site-packages/airflow/example_dags/example_xcomargs.py
[2024-09-03T11:46:15.588+0000] {logging_mixin.py:190} INFO - [2024-09-03T11:46:15.588+0000] {dag.py:3211} INFO - Sync 2 DAGs
[2024-09-03T11:46:15.606+0000] {logging_mixin.py:190} INFO - [2024-09-03T11:46:15.606+0000] {dag.py:4138} INFO - Setting next_dagrun for example_xcom_args to None, run_after=None
[2024-09-03T11:46:15.611+0000] {logging_mixin.py:190} INFO - [2024-09-03T11:46:15.610+0000] {dag.py:4138} INFO - Setting next_dagrun for example_xcom_args_with_operators to None, run_after=None
[2024-09-03T11:46:15.636+0000] {processor.py:208} INFO - Processing /home/airflow/.local/lib/python3.12/site-packages/airflow/example_dags/example_xcomargs.py took 0.098 seconds
[2024-09-03T11:46:47.534+0000] {processor.py:186} INFO - Started process (PID=2467) to work on /home/airflow/.local/lib/python3.12/site-packages/airflow/example_dags/example_xcomargs.py
[2024-09-03T11:46:47.536+0000] {processor.py:914} INFO - Processing file /home/airflow/.local/lib/python3.12/site-packages/airflow/example_dags/example_xcomargs.py for tasks to queue
[2024-09-03T11:46:47.541+0000] {logging_mixin.py:190} INFO - [2024-09-03T11:46:47.540+0000] {dagbag.py:587} INFO - Filling up the DagBag from /home/airflow/.local/lib/python3.12/site-packages/airflow/example_dags/example_xcomargs.py
[2024-09-03T11:46:47.558+0000] {processor.py:925} INFO - DAG(s) 'example_xcom_args', 'example_xcom_args_with_operators' retrieved from /home/airflow/.local/lib/python3.12/site-packages/airflow/example_dags/example_xcomargs.py
[2024-09-03T11:46:47.610+0000] {logging_mixin.py:190} INFO - [2024-09-03T11:46:47.610+0000] {dag.py:3211} INFO - Sync 2 DAGs
[2024-09-03T11:46:47.659+0000] {logging_mixin.py:190} INFO - [2024-09-03T11:46:47.658+0000] {dag.py:4138} INFO - Setting next_dagrun for example_xcom_args to None, run_after=None
[2024-09-03T11:46:47.670+0000] {logging_mixin.py:190} INFO - [2024-09-03T11:46:47.669+0000] {dag.py:4138} INFO - Setting next_dagrun for example_xcom_args_with_operators to None, run_after=None
[2024-09-03T11:46:47.721+0000] {processor.py:208} INFO - Processing /home/airflow/.local/lib/python3.12/site-packages/airflow/example_dags/example_xcomargs.py took 0.199 seconds
[2024-09-03T11:47:19.605+0000] {processor.py:186} INFO - Started process (PID=2530) to work on /home/airflow/.local/lib/python3.12/site-packages/airflow/example_dags/example_xcomargs.py
[2024-09-03T11:47:19.607+0000] {processor.py:914} INFO - Processing file /home/airflow/.local/lib/python3.12/site-packages/airflow/example_dags/example_xcomargs.py for tasks to queue
[2024-09-03T11:47:19.613+0000] {logging_mixin.py:190} INFO - [2024-09-03T11:47:19.612+0000] {dagbag.py:587} INFO - Filling up the DagBag from /home/airflow/.local/lib/python3.12/site-packages/airflow/example_dags/example_xcomargs.py
[2024-09-03T11:47:19.639+0000] {processor.py:925} INFO - DAG(s) 'example_xcom_args', 'example_xcom_args_with_operators' retrieved from /home/airflow/.local/lib/python3.12/site-packages/airflow/example_dags/example_xcomargs.py
[2024-09-03T11:47:19.695+0000] {logging_mixin.py:190} INFO - [2024-09-03T11:47:19.694+0000] {dag.py:3211} INFO - Sync 2 DAGs
[2024-09-03T11:47:19.737+0000] {logging_mixin.py:190} INFO - [2024-09-03T11:47:19.737+0000] {dag.py:4138} INFO - Setting next_dagrun for example_xcom_args to None, run_after=None
[2024-09-03T11:47:19.748+0000] {logging_mixin.py:190} INFO - [2024-09-03T11:47:19.748+0000] {dag.py:4138} INFO - Setting next_dagrun for example_xcom_args_with_operators to None, run_after=None
[2024-09-03T11:47:19.807+0000] {processor.py:208} INFO - Processing /home/airflow/.local/lib/python3.12/site-packages/airflow/example_dags/example_xcomargs.py took 0.212 seconds
[2024-09-03T11:47:50.209+0000] {processor.py:186} INFO - Started process (PID=2593) to work on /home/airflow/.local/lib/python3.12/site-packages/airflow/example_dags/example_xcomargs.py
[2024-09-03T11:47:50.211+0000] {processor.py:914} INFO - Processing file /home/airflow/.local/lib/python3.12/site-packages/airflow/example_dags/example_xcomargs.py for tasks to queue
[2024-09-03T11:47:50.218+0000] {logging_mixin.py:190} INFO - [2024-09-03T11:47:50.217+0000] {dagbag.py:587} INFO - Filling up the DagBag from /home/airflow/.local/lib/python3.12/site-packages/airflow/example_dags/example_xcomargs.py
[2024-09-03T11:47:50.239+0000] {processor.py:925} INFO - DAG(s) 'example_xcom_args_with_operators', 'example_xcom_args' retrieved from /home/airflow/.local/lib/python3.12/site-packages/airflow/example_dags/example_xcomargs.py
[2024-09-03T11:47:50.293+0000] {logging_mixin.py:190} INFO - [2024-09-03T11:47:50.292+0000] {dag.py:3211} INFO - Sync 2 DAGs
[2024-09-03T11:47:50.322+0000] {logging_mixin.py:190} INFO - [2024-09-03T11:47:50.322+0000] {dag.py:4138} INFO - Setting next_dagrun for example_xcom_args to None, run_after=None
[2024-09-03T11:47:50.331+0000] {logging_mixin.py:190} INFO - [2024-09-03T11:47:50.331+0000] {dag.py:4138} INFO - Setting next_dagrun for example_xcom_args_with_operators to None, run_after=None
[2024-09-03T11:47:50.380+0000] {processor.py:208} INFO - Processing /home/airflow/.local/lib/python3.12/site-packages/airflow/example_dags/example_xcomargs.py took 0.185 seconds
[2024-09-03T11:48:20.808+0000] {processor.py:186} INFO - Started process (PID=2655) to work on /home/airflow/.local/lib/python3.12/site-packages/airflow/example_dags/example_xcomargs.py
[2024-09-03T11:48:20.811+0000] {processor.py:914} INFO - Processing file /home/airflow/.local/lib/python3.12/site-packages/airflow/example_dags/example_xcomargs.py for tasks to queue
[2024-09-03T11:48:20.815+0000] {logging_mixin.py:190} INFO - [2024-09-03T11:48:20.815+0000] {dagbag.py:587} INFO - Filling up the DagBag from /home/airflow/.local/lib/python3.12/site-packages/airflow/example_dags/example_xcomargs.py
[2024-09-03T11:48:20.833+0000] {processor.py:925} INFO - DAG(s) 'example_xcom_args', 'example_xcom_args_with_operators' retrieved from /home/airflow/.local/lib/python3.12/site-packages/airflow/example_dags/example_xcomargs.py
[2024-09-03T11:48:20.878+0000] {logging_mixin.py:190} INFO - [2024-09-03T11:48:20.878+0000] {dag.py:3211} INFO - Sync 2 DAGs
[2024-09-03T11:48:20.903+0000] {logging_mixin.py:190} INFO - [2024-09-03T11:48:20.902+0000] {dag.py:4138} INFO - Setting next_dagrun for example_xcom_args to None, run_after=None
[2024-09-03T11:48:20.911+0000] {logging_mixin.py:190} INFO - [2024-09-03T11:48:20.910+0000] {dag.py:4138} INFO - Setting next_dagrun for example_xcom_args_with_operators to None, run_after=None
[2024-09-03T11:48:20.949+0000] {processor.py:208} INFO - Processing /home/airflow/.local/lib/python3.12/site-packages/airflow/example_dags/example_xcomargs.py took 0.151 seconds
[2024-09-03T11:48:52.797+0000] {processor.py:186} INFO - Started process (PID=2718) to work on /home/airflow/.local/lib/python3.12/site-packages/airflow/example_dags/example_xcomargs.py
[2024-09-03T11:48:52.799+0000] {processor.py:914} INFO - Processing file /home/airflow/.local/lib/python3.12/site-packages/airflow/example_dags/example_xcomargs.py for tasks to queue
[2024-09-03T11:48:52.806+0000] {logging_mixin.py:190} INFO - [2024-09-03T11:48:52.805+0000] {dagbag.py:587} INFO - Filling up the DagBag from /home/airflow/.local/lib/python3.12/site-packages/airflow/example_dags/example_xcomargs.py
[2024-09-03T11:48:52.830+0000] {processor.py:925} INFO - DAG(s) 'example_xcom_args_with_operators', 'example_xcom_args' retrieved from /home/airflow/.local/lib/python3.12/site-packages/airflow/example_dags/example_xcomargs.py
[2024-09-03T11:48:52.888+0000] {logging_mixin.py:190} INFO - [2024-09-03T11:48:52.887+0000] {dag.py:3211} INFO - Sync 2 DAGs
[2024-09-03T11:48:52.918+0000] {logging_mixin.py:190} INFO - [2024-09-03T11:48:52.917+0000] {dag.py:4138} INFO - Setting next_dagrun for example_xcom_args to None, run_after=None
[2024-09-03T11:48:52.927+0000] {logging_mixin.py:190} INFO - [2024-09-03T11:48:52.927+0000] {dag.py:4138} INFO - Setting next_dagrun for example_xcom_args_with_operators to None, run_after=None
[2024-09-03T11:48:52.969+0000] {processor.py:208} INFO - Processing /home/airflow/.local/lib/python3.12/site-packages/airflow/example_dags/example_xcomargs.py took 0.187 seconds
[2024-09-03T11:49:23.669+0000] {processor.py:186} INFO - Started process (PID=2781) to work on /home/airflow/.local/lib/python3.12/site-packages/airflow/example_dags/example_xcomargs.py
[2024-09-03T11:49:23.671+0000] {processor.py:914} INFO - Processing file /home/airflow/.local/lib/python3.12/site-packages/airflow/example_dags/example_xcomargs.py for tasks to queue
[2024-09-03T11:49:23.676+0000] {logging_mixin.py:190} INFO - [2024-09-03T11:49:23.675+0000] {dagbag.py:587} INFO - Filling up the DagBag from /home/airflow/.local/lib/python3.12/site-packages/airflow/example_dags/example_xcomargs.py
[2024-09-03T11:49:23.690+0000] {processor.py:925} INFO - DAG(s) 'example_xcom_args_with_operators', 'example_xcom_args' retrieved from /home/airflow/.local/lib/python3.12/site-packages/airflow/example_dags/example_xcomargs.py
[2024-09-03T11:49:23.732+0000] {logging_mixin.py:190} INFO - [2024-09-03T11:49:23.732+0000] {dag.py:3211} INFO - Sync 2 DAGs
[2024-09-03T11:49:23.757+0000] {logging_mixin.py:190} INFO - [2024-09-03T11:49:23.756+0000] {dag.py:4138} INFO - Setting next_dagrun for example_xcom_args to None, run_after=None
[2024-09-03T11:49:23.765+0000] {logging_mixin.py:190} INFO - [2024-09-03T11:49:23.765+0000] {dag.py:4138} INFO - Setting next_dagrun for example_xcom_args_with_operators to None, run_after=None
[2024-09-03T11:49:23.809+0000] {processor.py:208} INFO - Processing /home/airflow/.local/lib/python3.12/site-packages/airflow/example_dags/example_xcomargs.py took 0.149 seconds
[2024-09-03T11:49:55.471+0000] {processor.py:186} INFO - Started process (PID=2844) to work on /home/airflow/.local/lib/python3.12/site-packages/airflow/example_dags/example_xcomargs.py
[2024-09-03T11:49:55.477+0000] {processor.py:914} INFO - Processing file /home/airflow/.local/lib/python3.12/site-packages/airflow/example_dags/example_xcomargs.py for tasks to queue
[2024-09-03T11:49:55.483+0000] {logging_mixin.py:190} INFO - [2024-09-03T11:49:55.482+0000] {dagbag.py:587} INFO - Filling up the DagBag from /home/airflow/.local/lib/python3.12/site-packages/airflow/example_dags/example_xcomargs.py
[2024-09-03T11:49:55.501+0000] {processor.py:925} INFO - DAG(s) 'example_xcom_args_with_operators', 'example_xcom_args' retrieved from /home/airflow/.local/lib/python3.12/site-packages/airflow/example_dags/example_xcomargs.py
[2024-09-03T11:49:55.552+0000] {logging_mixin.py:190} INFO - [2024-09-03T11:49:55.552+0000] {dag.py:3211} INFO - Sync 2 DAGs
[2024-09-03T11:49:55.585+0000] {logging_mixin.py:190} INFO - [2024-09-03T11:49:55.585+0000] {dag.py:4138} INFO - Setting next_dagrun for example_xcom_args to None, run_after=None
[2024-09-03T11:49:55.599+0000] {logging_mixin.py:190} INFO - [2024-09-03T11:49:55.598+0000] {dag.py:4138} INFO - Setting next_dagrun for example_xcom_args_with_operators to None, run_after=None
[2024-09-03T11:49:55.651+0000] {processor.py:208} INFO - Processing /home/airflow/.local/lib/python3.12/site-packages/airflow/example_dags/example_xcomargs.py took 0.190 seconds
[2024-09-03T11:50:27.619+0000] {processor.py:186} INFO - Started process (PID=2907) to work on /home/airflow/.local/lib/python3.12/site-packages/airflow/example_dags/example_xcomargs.py
[2024-09-03T11:50:27.621+0000] {processor.py:914} INFO - Processing file /home/airflow/.local/lib/python3.12/site-packages/airflow/example_dags/example_xcomargs.py for tasks to queue
[2024-09-03T11:50:27.626+0000] {logging_mixin.py:190} INFO - [2024-09-03T11:50:27.625+0000] {dagbag.py:587} INFO - Filling up the DagBag from /home/airflow/.local/lib/python3.12/site-packages/airflow/example_dags/example_xcomargs.py
[2024-09-03T11:50:27.657+0000] {processor.py:925} INFO - DAG(s) 'example_xcom_args_with_operators', 'example_xcom_args' retrieved from /home/airflow/.local/lib/python3.12/site-packages/airflow/example_dags/example_xcomargs.py
[2024-09-03T11:50:28.142+0000] {logging_mixin.py:190} INFO - [2024-09-03T11:50:28.141+0000] {dag.py:3211} INFO - Sync 2 DAGs
[2024-09-03T11:50:28.169+0000] {logging_mixin.py:190} INFO - [2024-09-03T11:50:28.169+0000] {dag.py:4138} INFO - Setting next_dagrun for example_xcom_args to None, run_after=None
[2024-09-03T11:50:28.179+0000] {logging_mixin.py:190} INFO - [2024-09-03T11:50:28.179+0000] {dag.py:4138} INFO - Setting next_dagrun for example_xcom_args_with_operators to None, run_after=None
[2024-09-03T11:50:28.222+0000] {processor.py:208} INFO - Processing /home/airflow/.local/lib/python3.12/site-packages/airflow/example_dags/example_xcomargs.py took 0.612 seconds
