[2024-09-03T11:27:31.202+0000] {processor.py:186} INFO - Started process (PID=75) to work on /home/airflow/.local/lib/python3.12/site-packages/airflow/example_dags/example_branch_day_of_week_operator.py
[2024-09-03T11:27:31.209+0000] {processor.py:914} INFO - Processing file /home/airflow/.local/lib/python3.12/site-packages/airflow/example_dags/example_branch_day_of_week_operator.py for tasks to queue
[2024-09-03T11:27:31.219+0000] {logging_mixin.py:190} INFO - [2024-09-03T11:27:31.217+0000] {dagbag.py:587} INFO - Filling up the DagBag from /home/airflow/.local/lib/python3.12/site-packages/airflow/example_dags/example_branch_day_of_week_operator.py
[2024-09-03T11:27:31.275+0000] {processor.py:925} INFO - DAG(s) 'example_weekday_branch_operator' retrieved from /home/airflow/.local/lib/python3.12/site-packages/airflow/example_dags/example_branch_day_of_week_operator.py
[2024-09-03T11:27:31.402+0000] {logging_mixin.py:190} INFO - [2024-09-03T11:27:31.401+0000] {dag.py:3211} INFO - Sync 1 DAGs
[2024-09-03T11:27:31.475+0000] {logging_mixin.py:190} INFO - [2024-09-03T11:27:31.475+0000] {dag.py:4138} INFO - Setting next_dagrun for example_weekday_branch_operator to 2024-09-02 00:00:00+00:00, run_after=2024-09-03 00:00:00+00:00
[2024-09-03T11:27:31.518+0000] {processor.py:208} INFO - Processing /home/airflow/.local/lib/python3.12/site-packages/airflow/example_dags/example_branch_day_of_week_operator.py took 0.336 seconds
[2024-09-03T11:28:02.111+0000] {processor.py:186} INFO - Started process (PID=138) to work on /home/airflow/.local/lib/python3.12/site-packages/airflow/example_dags/example_branch_day_of_week_operator.py
[2024-09-03T11:28:02.113+0000] {processor.py:914} INFO - Processing file /home/airflow/.local/lib/python3.12/site-packages/airflow/example_dags/example_branch_day_of_week_operator.py for tasks to queue
[2024-09-03T11:28:02.116+0000] {logging_mixin.py:190} INFO - [2024-09-03T11:28:02.116+0000] {dagbag.py:587} INFO - Filling up the DagBag from /home/airflow/.local/lib/python3.12/site-packages/airflow/example_dags/example_branch_day_of_week_operator.py
[2024-09-03T11:28:02.125+0000] {processor.py:925} INFO - DAG(s) 'example_weekday_branch_operator' retrieved from /home/airflow/.local/lib/python3.12/site-packages/airflow/example_dags/example_branch_day_of_week_operator.py
[2024-09-03T11:28:02.149+0000] {logging_mixin.py:190} INFO - [2024-09-03T11:28:02.149+0000] {dag.py:3211} INFO - Sync 1 DAGs
[2024-09-03T11:28:02.174+0000] {logging_mixin.py:190} INFO - [2024-09-03T11:28:02.174+0000] {dag.py:4138} INFO - Setting next_dagrun for example_weekday_branch_operator to 2024-09-02 00:00:00+00:00, run_after=2024-09-03 00:00:00+00:00
[2024-09-03T11:28:02.200+0000] {processor.py:208} INFO - Processing /home/airflow/.local/lib/python3.12/site-packages/airflow/example_dags/example_branch_day_of_week_operator.py took 0.093 seconds
[2024-09-03T11:28:32.699+0000] {processor.py:186} INFO - Started process (PID=209) to work on /home/airflow/.local/lib/python3.12/site-packages/airflow/example_dags/example_branch_day_of_week_operator.py
[2024-09-03T11:28:32.701+0000] {processor.py:914} INFO - Processing file /home/airflow/.local/lib/python3.12/site-packages/airflow/example_dags/example_branch_day_of_week_operator.py for tasks to queue
[2024-09-03T11:28:32.704+0000] {logging_mixin.py:190} INFO - [2024-09-03T11:28:32.703+0000] {dagbag.py:587} INFO - Filling up the DagBag from /home/airflow/.local/lib/python3.12/site-packages/airflow/example_dags/example_branch_day_of_week_operator.py
[2024-09-03T11:28:32.712+0000] {processor.py:925} INFO - DAG(s) 'example_weekday_branch_operator' retrieved from /home/airflow/.local/lib/python3.12/site-packages/airflow/example_dags/example_branch_day_of_week_operator.py
[2024-09-03T11:28:32.741+0000] {logging_mixin.py:190} INFO - [2024-09-03T11:28:32.741+0000] {dag.py:3211} INFO - Sync 1 DAGs
[2024-09-03T11:28:32.770+0000] {logging_mixin.py:190} INFO - [2024-09-03T11:28:32.769+0000] {dag.py:4138} INFO - Setting next_dagrun for example_weekday_branch_operator to 2024-09-02 00:00:00+00:00, run_after=2024-09-03 00:00:00+00:00
[2024-09-03T11:28:32.800+0000] {processor.py:208} INFO - Processing /home/airflow/.local/lib/python3.12/site-packages/airflow/example_dags/example_branch_day_of_week_operator.py took 0.106 seconds
[2024-09-03T11:29:03.055+0000] {processor.py:186} INFO - Started process (PID=272) to work on /home/airflow/.local/lib/python3.12/site-packages/airflow/example_dags/example_branch_day_of_week_operator.py
[2024-09-03T11:29:03.056+0000] {processor.py:914} INFO - Processing file /home/airflow/.local/lib/python3.12/site-packages/airflow/example_dags/example_branch_day_of_week_operator.py for tasks to queue
[2024-09-03T11:29:03.059+0000] {logging_mixin.py:190} INFO - [2024-09-03T11:29:03.058+0000] {dagbag.py:587} INFO - Filling up the DagBag from /home/airflow/.local/lib/python3.12/site-packages/airflow/example_dags/example_branch_day_of_week_operator.py
[2024-09-03T11:29:03.067+0000] {processor.py:925} INFO - DAG(s) 'example_weekday_branch_operator' retrieved from /home/airflow/.local/lib/python3.12/site-packages/airflow/example_dags/example_branch_day_of_week_operator.py
[2024-09-03T11:29:03.093+0000] {logging_mixin.py:190} INFO - [2024-09-03T11:29:03.092+0000] {dag.py:3211} INFO - Sync 1 DAGs
[2024-09-03T11:29:03.123+0000] {logging_mixin.py:190} INFO - [2024-09-03T11:29:03.123+0000] {dag.py:4138} INFO - Setting next_dagrun for example_weekday_branch_operator to 2024-09-02 00:00:00+00:00, run_after=2024-09-03 00:00:00+00:00
[2024-09-03T11:29:03.153+0000] {processor.py:208} INFO - Processing /home/airflow/.local/lib/python3.12/site-packages/airflow/example_dags/example_branch_day_of_week_operator.py took 0.103 seconds
[2024-09-03T11:29:33.801+0000] {processor.py:186} INFO - Started process (PID=335) to work on /home/airflow/.local/lib/python3.12/site-packages/airflow/example_dags/example_branch_day_of_week_operator.py
[2024-09-03T11:29:33.803+0000] {processor.py:914} INFO - Processing file /home/airflow/.local/lib/python3.12/site-packages/airflow/example_dags/example_branch_day_of_week_operator.py for tasks to queue
[2024-09-03T11:29:33.806+0000] {logging_mixin.py:190} INFO - [2024-09-03T11:29:33.806+0000] {dagbag.py:587} INFO - Filling up the DagBag from /home/airflow/.local/lib/python3.12/site-packages/airflow/example_dags/example_branch_day_of_week_operator.py
[2024-09-03T11:29:33.818+0000] {processor.py:925} INFO - DAG(s) 'example_weekday_branch_operator' retrieved from /home/airflow/.local/lib/python3.12/site-packages/airflow/example_dags/example_branch_day_of_week_operator.py
[2024-09-03T11:29:33.842+0000] {logging_mixin.py:190} INFO - [2024-09-03T11:29:33.842+0000] {dag.py:3211} INFO - Sync 1 DAGs
[2024-09-03T11:29:33.870+0000] {logging_mixin.py:190} INFO - [2024-09-03T11:29:33.870+0000] {dag.py:4138} INFO - Setting next_dagrun for example_weekday_branch_operator to 2024-09-02 00:00:00+00:00, run_after=2024-09-03 00:00:00+00:00
[2024-09-03T11:29:33.899+0000] {processor.py:208} INFO - Processing /home/airflow/.local/lib/python3.12/site-packages/airflow/example_dags/example_branch_day_of_week_operator.py took 0.103 seconds
[2024-09-03T11:30:04.552+0000] {processor.py:186} INFO - Started process (PID=398) to work on /home/airflow/.local/lib/python3.12/site-packages/airflow/example_dags/example_branch_day_of_week_operator.py
[2024-09-03T11:30:04.553+0000] {processor.py:914} INFO - Processing file /home/airflow/.local/lib/python3.12/site-packages/airflow/example_dags/example_branch_day_of_week_operator.py for tasks to queue
[2024-09-03T11:30:04.556+0000] {logging_mixin.py:190} INFO - [2024-09-03T11:30:04.555+0000] {dagbag.py:587} INFO - Filling up the DagBag from /home/airflow/.local/lib/python3.12/site-packages/airflow/example_dags/example_branch_day_of_week_operator.py
[2024-09-03T11:30:04.565+0000] {processor.py:925} INFO - DAG(s) 'example_weekday_branch_operator' retrieved from /home/airflow/.local/lib/python3.12/site-packages/airflow/example_dags/example_branch_day_of_week_operator.py
[2024-09-03T11:30:04.588+0000] {logging_mixin.py:190} INFO - [2024-09-03T11:30:04.588+0000] {dag.py:3211} INFO - Sync 1 DAGs
[2024-09-03T11:30:04.613+0000] {logging_mixin.py:190} INFO - [2024-09-03T11:30:04.612+0000] {dag.py:4138} INFO - Setting next_dagrun for example_weekday_branch_operator to 2024-09-02 00:00:00+00:00, run_after=2024-09-03 00:00:00+00:00
[2024-09-03T11:30:04.641+0000] {processor.py:208} INFO - Processing /home/airflow/.local/lib/python3.12/site-packages/airflow/example_dags/example_branch_day_of_week_operator.py took 0.094 seconds
[2024-09-03T11:30:34.852+0000] {processor.py:186} INFO - Started process (PID=461) to work on /home/airflow/.local/lib/python3.12/site-packages/airflow/example_dags/example_branch_day_of_week_operator.py
[2024-09-03T11:30:34.854+0000] {processor.py:914} INFO - Processing file /home/airflow/.local/lib/python3.12/site-packages/airflow/example_dags/example_branch_day_of_week_operator.py for tasks to queue
[2024-09-03T11:30:34.857+0000] {logging_mixin.py:190} INFO - [2024-09-03T11:30:34.857+0000] {dagbag.py:587} INFO - Filling up the DagBag from /home/airflow/.local/lib/python3.12/site-packages/airflow/example_dags/example_branch_day_of_week_operator.py
[2024-09-03T11:30:34.882+0000] {processor.py:925} INFO - DAG(s) 'example_weekday_branch_operator' retrieved from /home/airflow/.local/lib/python3.12/site-packages/airflow/example_dags/example_branch_day_of_week_operator.py
[2024-09-03T11:30:34.916+0000] {logging_mixin.py:190} INFO - [2024-09-03T11:30:34.916+0000] {dag.py:3211} INFO - Sync 1 DAGs
[2024-09-03T11:30:34.959+0000] {logging_mixin.py:190} INFO - [2024-09-03T11:30:34.958+0000] {dag.py:4138} INFO - Setting next_dagrun for example_weekday_branch_operator to 2024-09-02 00:00:00+00:00, run_after=2024-09-03 00:00:00+00:00
[2024-09-03T11:30:35.007+0000] {processor.py:208} INFO - Processing /home/airflow/.local/lib/python3.12/site-packages/airflow/example_dags/example_branch_day_of_week_operator.py took 0.165 seconds
[2024-09-03T11:31:05.135+0000] {processor.py:186} INFO - Started process (PID=524) to work on /home/airflow/.local/lib/python3.12/site-packages/airflow/example_dags/example_branch_day_of_week_operator.py
[2024-09-03T11:31:05.138+0000] {processor.py:914} INFO - Processing file /home/airflow/.local/lib/python3.12/site-packages/airflow/example_dags/example_branch_day_of_week_operator.py for tasks to queue
[2024-09-03T11:31:05.141+0000] {logging_mixin.py:190} INFO - [2024-09-03T11:31:05.140+0000] {dagbag.py:587} INFO - Filling up the DagBag from /home/airflow/.local/lib/python3.12/site-packages/airflow/example_dags/example_branch_day_of_week_operator.py
[2024-09-03T11:31:05.160+0000] {processor.py:925} INFO - DAG(s) 'example_weekday_branch_operator' retrieved from /home/airflow/.local/lib/python3.12/site-packages/airflow/example_dags/example_branch_day_of_week_operator.py
[2024-09-03T11:31:05.212+0000] {logging_mixin.py:190} INFO - [2024-09-03T11:31:05.211+0000] {dag.py:3211} INFO - Sync 1 DAGs
[2024-09-03T11:31:05.305+0000] {logging_mixin.py:190} INFO - [2024-09-03T11:31:05.305+0000] {dag.py:4138} INFO - Setting next_dagrun for example_weekday_branch_operator to 2024-09-02 00:00:00+00:00, run_after=2024-09-03 00:00:00+00:00
[2024-09-03T11:31:05.346+0000] {processor.py:208} INFO - Processing /home/airflow/.local/lib/python3.12/site-packages/airflow/example_dags/example_branch_day_of_week_operator.py took 0.220 seconds
[2024-09-03T11:31:35.560+0000] {processor.py:186} INFO - Started process (PID=588) to work on /home/airflow/.local/lib/python3.12/site-packages/airflow/example_dags/example_branch_day_of_week_operator.py
[2024-09-03T11:31:35.562+0000] {processor.py:914} INFO - Processing file /home/airflow/.local/lib/python3.12/site-packages/airflow/example_dags/example_branch_day_of_week_operator.py for tasks to queue
[2024-09-03T11:31:35.565+0000] {logging_mixin.py:190} INFO - [2024-09-03T11:31:35.565+0000] {dagbag.py:587} INFO - Filling up the DagBag from /home/airflow/.local/lib/python3.12/site-packages/airflow/example_dags/example_branch_day_of_week_operator.py
[2024-09-03T11:31:35.578+0000] {processor.py:925} INFO - DAG(s) 'example_weekday_branch_operator' retrieved from /home/airflow/.local/lib/python3.12/site-packages/airflow/example_dags/example_branch_day_of_week_operator.py
[2024-09-03T11:31:35.612+0000] {logging_mixin.py:190} INFO - [2024-09-03T11:31:35.612+0000] {dag.py:3211} INFO - Sync 1 DAGs
[2024-09-03T11:31:35.646+0000] {logging_mixin.py:190} INFO - [2024-09-03T11:31:35.646+0000] {dag.py:4138} INFO - Setting next_dagrun for example_weekday_branch_operator to 2024-09-02 00:00:00+00:00, run_after=2024-09-03 00:00:00+00:00
[2024-09-03T11:31:35.673+0000] {processor.py:208} INFO - Processing /home/airflow/.local/lib/python3.12/site-packages/airflow/example_dags/example_branch_day_of_week_operator.py took 0.122 seconds
[2024-09-03T11:32:06.028+0000] {processor.py:186} INFO - Started process (PID=651) to work on /home/airflow/.local/lib/python3.12/site-packages/airflow/example_dags/example_branch_day_of_week_operator.py
[2024-09-03T11:32:06.029+0000] {processor.py:914} INFO - Processing file /home/airflow/.local/lib/python3.12/site-packages/airflow/example_dags/example_branch_day_of_week_operator.py for tasks to queue
[2024-09-03T11:32:06.032+0000] {logging_mixin.py:190} INFO - [2024-09-03T11:32:06.031+0000] {dagbag.py:587} INFO - Filling up the DagBag from /home/airflow/.local/lib/python3.12/site-packages/airflow/example_dags/example_branch_day_of_week_operator.py
[2024-09-03T11:32:06.041+0000] {processor.py:925} INFO - DAG(s) 'example_weekday_branch_operator' retrieved from /home/airflow/.local/lib/python3.12/site-packages/airflow/example_dags/example_branch_day_of_week_operator.py
[2024-09-03T11:32:06.065+0000] {logging_mixin.py:190} INFO - [2024-09-03T11:32:06.065+0000] {dag.py:3211} INFO - Sync 1 DAGs
[2024-09-03T11:32:06.090+0000] {logging_mixin.py:190} INFO - [2024-09-03T11:32:06.090+0000] {dag.py:4138} INFO - Setting next_dagrun for example_weekday_branch_operator to 2024-09-02 00:00:00+00:00, run_after=2024-09-03 00:00:00+00:00
[2024-09-03T11:32:06.114+0000] {processor.py:208} INFO - Processing /home/airflow/.local/lib/python3.12/site-packages/airflow/example_dags/example_branch_day_of_week_operator.py took 0.091 seconds
[2024-09-03T11:32:37.171+0000] {processor.py:186} INFO - Started process (PID=714) to work on /home/airflow/.local/lib/python3.12/site-packages/airflow/example_dags/example_branch_day_of_week_operator.py
[2024-09-03T11:32:37.173+0000] {processor.py:914} INFO - Processing file /home/airflow/.local/lib/python3.12/site-packages/airflow/example_dags/example_branch_day_of_week_operator.py for tasks to queue
[2024-09-03T11:32:37.176+0000] {logging_mixin.py:190} INFO - [2024-09-03T11:32:37.176+0000] {dagbag.py:587} INFO - Filling up the DagBag from /home/airflow/.local/lib/python3.12/site-packages/airflow/example_dags/example_branch_day_of_week_operator.py
[2024-09-03T11:32:37.189+0000] {processor.py:925} INFO - DAG(s) 'example_weekday_branch_operator' retrieved from /home/airflow/.local/lib/python3.12/site-packages/airflow/example_dags/example_branch_day_of_week_operator.py
[2024-09-03T11:32:37.218+0000] {logging_mixin.py:190} INFO - [2024-09-03T11:32:37.218+0000] {dag.py:3211} INFO - Sync 1 DAGs
[2024-09-03T11:32:37.253+0000] {logging_mixin.py:190} INFO - [2024-09-03T11:32:37.252+0000] {dag.py:4138} INFO - Setting next_dagrun for example_weekday_branch_operator to 2024-09-02 00:00:00+00:00, run_after=2024-09-03 00:00:00+00:00
[2024-09-03T11:32:37.285+0000] {processor.py:208} INFO - Processing /home/airflow/.local/lib/python3.12/site-packages/airflow/example_dags/example_branch_day_of_week_operator.py took 0.121 seconds
[2024-09-03T11:33:08.077+0000] {processor.py:186} INFO - Started process (PID=777) to work on /home/airflow/.local/lib/python3.12/site-packages/airflow/example_dags/example_branch_day_of_week_operator.py
[2024-09-03T11:33:08.079+0000] {processor.py:914} INFO - Processing file /home/airflow/.local/lib/python3.12/site-packages/airflow/example_dags/example_branch_day_of_week_operator.py for tasks to queue
[2024-09-03T11:33:08.081+0000] {logging_mixin.py:190} INFO - [2024-09-03T11:33:08.081+0000] {dagbag.py:587} INFO - Filling up the DagBag from /home/airflow/.local/lib/python3.12/site-packages/airflow/example_dags/example_branch_day_of_week_operator.py
[2024-09-03T11:33:08.092+0000] {processor.py:925} INFO - DAG(s) 'example_weekday_branch_operator' retrieved from /home/airflow/.local/lib/python3.12/site-packages/airflow/example_dags/example_branch_day_of_week_operator.py
[2024-09-03T11:33:08.120+0000] {logging_mixin.py:190} INFO - [2024-09-03T11:33:08.120+0000] {dag.py:3211} INFO - Sync 1 DAGs
[2024-09-03T11:33:08.152+0000] {logging_mixin.py:190} INFO - [2024-09-03T11:33:08.152+0000] {dag.py:4138} INFO - Setting next_dagrun for example_weekday_branch_operator to 2024-09-02 00:00:00+00:00, run_after=2024-09-03 00:00:00+00:00
[2024-09-03T11:33:08.182+0000] {processor.py:208} INFO - Processing /home/airflow/.local/lib/python3.12/site-packages/airflow/example_dags/example_branch_day_of_week_operator.py took 0.112 seconds
[2024-09-03T11:33:38.359+0000] {processor.py:186} INFO - Started process (PID=840) to work on /home/airflow/.local/lib/python3.12/site-packages/airflow/example_dags/example_branch_day_of_week_operator.py
[2024-09-03T11:33:38.360+0000] {processor.py:914} INFO - Processing file /home/airflow/.local/lib/python3.12/site-packages/airflow/example_dags/example_branch_day_of_week_operator.py for tasks to queue
[2024-09-03T11:33:38.363+0000] {logging_mixin.py:190} INFO - [2024-09-03T11:33:38.363+0000] {dagbag.py:587} INFO - Filling up the DagBag from /home/airflow/.local/lib/python3.12/site-packages/airflow/example_dags/example_branch_day_of_week_operator.py
[2024-09-03T11:33:38.372+0000] {processor.py:925} INFO - DAG(s) 'example_weekday_branch_operator' retrieved from /home/airflow/.local/lib/python3.12/site-packages/airflow/example_dags/example_branch_day_of_week_operator.py
[2024-09-03T11:33:38.396+0000] {logging_mixin.py:190} INFO - [2024-09-03T11:33:38.396+0000] {dag.py:3211} INFO - Sync 1 DAGs
[2024-09-03T11:33:38.420+0000] {logging_mixin.py:190} INFO - [2024-09-03T11:33:38.420+0000] {dag.py:4138} INFO - Setting next_dagrun for example_weekday_branch_operator to 2024-09-02 00:00:00+00:00, run_after=2024-09-03 00:00:00+00:00
[2024-09-03T11:33:38.447+0000] {processor.py:208} INFO - Processing /home/airflow/.local/lib/python3.12/site-packages/airflow/example_dags/example_branch_day_of_week_operator.py took 0.094 seconds
[2024-09-03T11:34:09.045+0000] {processor.py:186} INFO - Started process (PID=903) to work on /home/airflow/.local/lib/python3.12/site-packages/airflow/example_dags/example_branch_day_of_week_operator.py
[2024-09-03T11:34:09.046+0000] {processor.py:914} INFO - Processing file /home/airflow/.local/lib/python3.12/site-packages/airflow/example_dags/example_branch_day_of_week_operator.py for tasks to queue
[2024-09-03T11:34:09.049+0000] {logging_mixin.py:190} INFO - [2024-09-03T11:34:09.049+0000] {dagbag.py:587} INFO - Filling up the DagBag from /home/airflow/.local/lib/python3.12/site-packages/airflow/example_dags/example_branch_day_of_week_operator.py
[2024-09-03T11:34:09.060+0000] {processor.py:925} INFO - DAG(s) 'example_weekday_branch_operator' retrieved from /home/airflow/.local/lib/python3.12/site-packages/airflow/example_dags/example_branch_day_of_week_operator.py
[2024-09-03T11:34:09.086+0000] {logging_mixin.py:190} INFO - [2024-09-03T11:34:09.085+0000] {dag.py:3211} INFO - Sync 1 DAGs
[2024-09-03T11:34:09.116+0000] {logging_mixin.py:190} INFO - [2024-09-03T11:34:09.116+0000] {dag.py:4138} INFO - Setting next_dagrun for example_weekday_branch_operator to 2024-09-02 00:00:00+00:00, run_after=2024-09-03 00:00:00+00:00
[2024-09-03T11:34:09.142+0000] {processor.py:208} INFO - Processing /home/airflow/.local/lib/python3.12/site-packages/airflow/example_dags/example_branch_day_of_week_operator.py took 0.103 seconds
[2024-09-03T11:34:39.704+0000] {processor.py:186} INFO - Started process (PID=965) to work on /home/airflow/.local/lib/python3.12/site-packages/airflow/example_dags/example_branch_day_of_week_operator.py
[2024-09-03T11:34:39.705+0000] {processor.py:914} INFO - Processing file /home/airflow/.local/lib/python3.12/site-packages/airflow/example_dags/example_branch_day_of_week_operator.py for tasks to queue
[2024-09-03T11:34:39.710+0000] {logging_mixin.py:190} INFO - [2024-09-03T11:34:39.709+0000] {dagbag.py:587} INFO - Filling up the DagBag from /home/airflow/.local/lib/python3.12/site-packages/airflow/example_dags/example_branch_day_of_week_operator.py
[2024-09-03T11:34:39.721+0000] {processor.py:925} INFO - DAG(s) 'example_weekday_branch_operator' retrieved from /home/airflow/.local/lib/python3.12/site-packages/airflow/example_dags/example_branch_day_of_week_operator.py
[2024-09-03T11:34:39.748+0000] {logging_mixin.py:190} INFO - [2024-09-03T11:34:39.747+0000] {dag.py:3211} INFO - Sync 1 DAGs
[2024-09-03T11:34:39.780+0000] {logging_mixin.py:190} INFO - [2024-09-03T11:34:39.780+0000] {dag.py:4138} INFO - Setting next_dagrun for example_weekday_branch_operator to 2024-09-02 00:00:00+00:00, run_after=2024-09-03 00:00:00+00:00
[2024-09-03T11:34:39.811+0000] {processor.py:208} INFO - Processing /home/airflow/.local/lib/python3.12/site-packages/airflow/example_dags/example_branch_day_of_week_operator.py took 0.114 seconds
[2024-09-03T11:35:10.104+0000] {processor.py:186} INFO - Started process (PID=1029) to work on /home/airflow/.local/lib/python3.12/site-packages/airflow/example_dags/example_branch_day_of_week_operator.py
[2024-09-03T11:35:10.105+0000] {processor.py:914} INFO - Processing file /home/airflow/.local/lib/python3.12/site-packages/airflow/example_dags/example_branch_day_of_week_operator.py for tasks to queue
[2024-09-03T11:35:10.109+0000] {logging_mixin.py:190} INFO - [2024-09-03T11:35:10.108+0000] {dagbag.py:587} INFO - Filling up the DagBag from /home/airflow/.local/lib/python3.12/site-packages/airflow/example_dags/example_branch_day_of_week_operator.py
[2024-09-03T11:35:10.118+0000] {processor.py:925} INFO - DAG(s) 'example_weekday_branch_operator' retrieved from /home/airflow/.local/lib/python3.12/site-packages/airflow/example_dags/example_branch_day_of_week_operator.py
[2024-09-03T11:35:10.144+0000] {logging_mixin.py:190} INFO - [2024-09-03T11:35:10.144+0000] {dag.py:3211} INFO - Sync 1 DAGs
[2024-09-03T11:35:10.172+0000] {logging_mixin.py:190} INFO - [2024-09-03T11:35:10.172+0000] {dag.py:4138} INFO - Setting next_dagrun for example_weekday_branch_operator to 2024-09-02 00:00:00+00:00, run_after=2024-09-03 00:00:00+00:00
[2024-09-03T11:35:10.197+0000] {processor.py:208} INFO - Processing /home/airflow/.local/lib/python3.12/site-packages/airflow/example_dags/example_branch_day_of_week_operator.py took 0.098 seconds
[2024-09-03T11:35:40.803+0000] {processor.py:186} INFO - Started process (PID=1092) to work on /home/airflow/.local/lib/python3.12/site-packages/airflow/example_dags/example_branch_day_of_week_operator.py
[2024-09-03T11:35:40.804+0000] {processor.py:914} INFO - Processing file /home/airflow/.local/lib/python3.12/site-packages/airflow/example_dags/example_branch_day_of_week_operator.py for tasks to queue
[2024-09-03T11:35:40.808+0000] {logging_mixin.py:190} INFO - [2024-09-03T11:35:40.807+0000] {dagbag.py:587} INFO - Filling up the DagBag from /home/airflow/.local/lib/python3.12/site-packages/airflow/example_dags/example_branch_day_of_week_operator.py
[2024-09-03T11:35:40.817+0000] {processor.py:925} INFO - DAG(s) 'example_weekday_branch_operator' retrieved from /home/airflow/.local/lib/python3.12/site-packages/airflow/example_dags/example_branch_day_of_week_operator.py
[2024-09-03T11:35:40.840+0000] {logging_mixin.py:190} INFO - [2024-09-03T11:35:40.839+0000] {dag.py:3211} INFO - Sync 1 DAGs
[2024-09-03T11:35:40.864+0000] {logging_mixin.py:190} INFO - [2024-09-03T11:35:40.864+0000] {dag.py:4138} INFO - Setting next_dagrun for example_weekday_branch_operator to 2024-09-02 00:00:00+00:00, run_after=2024-09-03 00:00:00+00:00
[2024-09-03T11:35:40.889+0000] {processor.py:208} INFO - Processing /home/airflow/.local/lib/python3.12/site-packages/airflow/example_dags/example_branch_day_of_week_operator.py took 0.091 seconds
[2024-09-03T11:36:11.782+0000] {processor.py:186} INFO - Started process (PID=1155) to work on /home/airflow/.local/lib/python3.12/site-packages/airflow/example_dags/example_branch_day_of_week_operator.py
[2024-09-03T11:36:11.784+0000] {processor.py:914} INFO - Processing file /home/airflow/.local/lib/python3.12/site-packages/airflow/example_dags/example_branch_day_of_week_operator.py for tasks to queue
[2024-09-03T11:36:11.787+0000] {logging_mixin.py:190} INFO - [2024-09-03T11:36:11.787+0000] {dagbag.py:587} INFO - Filling up the DagBag from /home/airflow/.local/lib/python3.12/site-packages/airflow/example_dags/example_branch_day_of_week_operator.py
[2024-09-03T11:36:11.796+0000] {processor.py:925} INFO - DAG(s) 'example_weekday_branch_operator' retrieved from /home/airflow/.local/lib/python3.12/site-packages/airflow/example_dags/example_branch_day_of_week_operator.py
[2024-09-03T11:36:11.821+0000] {logging_mixin.py:190} INFO - [2024-09-03T11:36:11.821+0000] {dag.py:3211} INFO - Sync 1 DAGs
[2024-09-03T11:36:11.850+0000] {logging_mixin.py:190} INFO - [2024-09-03T11:36:11.850+0000] {dag.py:4138} INFO - Setting next_dagrun for example_weekday_branch_operator to 2024-09-02 00:00:00+00:00, run_after=2024-09-03 00:00:00+00:00
[2024-09-03T11:36:11.874+0000] {processor.py:208} INFO - Processing /home/airflow/.local/lib/python3.12/site-packages/airflow/example_dags/example_branch_day_of_week_operator.py took 0.097 seconds
[2024-09-03T11:36:42.784+0000] {processor.py:186} INFO - Started process (PID=1218) to work on /home/airflow/.local/lib/python3.12/site-packages/airflow/example_dags/example_branch_day_of_week_operator.py
[2024-09-03T11:36:42.785+0000] {processor.py:914} INFO - Processing file /home/airflow/.local/lib/python3.12/site-packages/airflow/example_dags/example_branch_day_of_week_operator.py for tasks to queue
[2024-09-03T11:36:42.789+0000] {logging_mixin.py:190} INFO - [2024-09-03T11:36:42.789+0000] {dagbag.py:587} INFO - Filling up the DagBag from /home/airflow/.local/lib/python3.12/site-packages/airflow/example_dags/example_branch_day_of_week_operator.py
[2024-09-03T11:36:42.801+0000] {processor.py:925} INFO - DAG(s) 'example_weekday_branch_operator' retrieved from /home/airflow/.local/lib/python3.12/site-packages/airflow/example_dags/example_branch_day_of_week_operator.py
[2024-09-03T11:36:42.836+0000] {logging_mixin.py:190} INFO - [2024-09-03T11:36:42.836+0000] {dag.py:3211} INFO - Sync 1 DAGs
[2024-09-03T11:36:42.869+0000] {logging_mixin.py:190} INFO - [2024-09-03T11:36:42.869+0000] {dag.py:4138} INFO - Setting next_dagrun for example_weekday_branch_operator to 2024-09-02 00:00:00+00:00, run_after=2024-09-03 00:00:00+00:00
[2024-09-03T11:36:42.904+0000] {processor.py:208} INFO - Processing /home/airflow/.local/lib/python3.12/site-packages/airflow/example_dags/example_branch_day_of_week_operator.py took 0.126 seconds
[2024-09-03T11:37:13.718+0000] {processor.py:186} INFO - Started process (PID=1281) to work on /home/airflow/.local/lib/python3.12/site-packages/airflow/example_dags/example_branch_day_of_week_operator.py
[2024-09-03T11:37:13.720+0000] {processor.py:914} INFO - Processing file /home/airflow/.local/lib/python3.12/site-packages/airflow/example_dags/example_branch_day_of_week_operator.py for tasks to queue
[2024-09-03T11:37:13.724+0000] {logging_mixin.py:190} INFO - [2024-09-03T11:37:13.723+0000] {dagbag.py:587} INFO - Filling up the DagBag from /home/airflow/.local/lib/python3.12/site-packages/airflow/example_dags/example_branch_day_of_week_operator.py
[2024-09-03T11:37:13.742+0000] {processor.py:925} INFO - DAG(s) 'example_weekday_branch_operator' retrieved from /home/airflow/.local/lib/python3.12/site-packages/airflow/example_dags/example_branch_day_of_week_operator.py
[2024-09-03T11:37:13.776+0000] {logging_mixin.py:190} INFO - [2024-09-03T11:37:13.775+0000] {dag.py:3211} INFO - Sync 1 DAGs
[2024-09-03T11:37:13.808+0000] {logging_mixin.py:190} INFO - [2024-09-03T11:37:13.807+0000] {dag.py:4138} INFO - Setting next_dagrun for example_weekday_branch_operator to 2024-09-02 00:00:00+00:00, run_after=2024-09-03 00:00:00+00:00
[2024-09-03T11:37:13.919+0000] {processor.py:208} INFO - Processing /home/airflow/.local/lib/python3.12/site-packages/airflow/example_dags/example_branch_day_of_week_operator.py took 0.208 seconds
[2024-09-03T11:37:44.831+0000] {processor.py:186} INFO - Started process (PID=1344) to work on /home/airflow/.local/lib/python3.12/site-packages/airflow/example_dags/example_branch_day_of_week_operator.py
[2024-09-03T11:37:44.833+0000] {processor.py:914} INFO - Processing file /home/airflow/.local/lib/python3.12/site-packages/airflow/example_dags/example_branch_day_of_week_operator.py for tasks to queue
[2024-09-03T11:37:44.836+0000] {logging_mixin.py:190} INFO - [2024-09-03T11:37:44.836+0000] {dagbag.py:587} INFO - Filling up the DagBag from /home/airflow/.local/lib/python3.12/site-packages/airflow/example_dags/example_branch_day_of_week_operator.py
[2024-09-03T11:37:44.850+0000] {processor.py:925} INFO - DAG(s) 'example_weekday_branch_operator' retrieved from /home/airflow/.local/lib/python3.12/site-packages/airflow/example_dags/example_branch_day_of_week_operator.py
[2024-09-03T11:37:44.884+0000] {logging_mixin.py:190} INFO - [2024-09-03T11:37:44.884+0000] {dag.py:3211} INFO - Sync 1 DAGs
[2024-09-03T11:37:44.922+0000] {logging_mixin.py:190} INFO - [2024-09-03T11:37:44.921+0000] {dag.py:4138} INFO - Setting next_dagrun for example_weekday_branch_operator to 2024-09-02 00:00:00+00:00, run_after=2024-09-03 00:00:00+00:00
[2024-09-03T11:37:44.956+0000] {processor.py:208} INFO - Processing /home/airflow/.local/lib/python3.12/site-packages/airflow/example_dags/example_branch_day_of_week_operator.py took 0.131 seconds
[2024-09-03T11:38:15.209+0000] {processor.py:186} INFO - Started process (PID=1407) to work on /home/airflow/.local/lib/python3.12/site-packages/airflow/example_dags/example_branch_day_of_week_operator.py
[2024-09-03T11:38:15.212+0000] {processor.py:914} INFO - Processing file /home/airflow/.local/lib/python3.12/site-packages/airflow/example_dags/example_branch_day_of_week_operator.py for tasks to queue
[2024-09-03T11:38:15.216+0000] {logging_mixin.py:190} INFO - [2024-09-03T11:38:15.216+0000] {dagbag.py:587} INFO - Filling up the DagBag from /home/airflow/.local/lib/python3.12/site-packages/airflow/example_dags/example_branch_day_of_week_operator.py
[2024-09-03T11:38:15.232+0000] {processor.py:925} INFO - DAG(s) 'example_weekday_branch_operator' retrieved from /home/airflow/.local/lib/python3.12/site-packages/airflow/example_dags/example_branch_day_of_week_operator.py
[2024-09-03T11:38:15.271+0000] {logging_mixin.py:190} INFO - [2024-09-03T11:38:15.271+0000] {dag.py:3211} INFO - Sync 1 DAGs
[2024-09-03T11:38:15.315+0000] {logging_mixin.py:190} INFO - [2024-09-03T11:38:15.314+0000] {dag.py:4138} INFO - Setting next_dagrun for example_weekday_branch_operator to 2024-09-02 00:00:00+00:00, run_after=2024-09-03 00:00:00+00:00
[2024-09-03T11:38:15.354+0000] {processor.py:208} INFO - Processing /home/airflow/.local/lib/python3.12/site-packages/airflow/example_dags/example_branch_day_of_week_operator.py took 0.151 seconds
[2024-09-03T11:38:45.613+0000] {processor.py:186} INFO - Started process (PID=1470) to work on /home/airflow/.local/lib/python3.12/site-packages/airflow/example_dags/example_branch_day_of_week_operator.py
[2024-09-03T11:38:45.615+0000] {processor.py:914} INFO - Processing file /home/airflow/.local/lib/python3.12/site-packages/airflow/example_dags/example_branch_day_of_week_operator.py for tasks to queue
[2024-09-03T11:38:45.619+0000] {logging_mixin.py:190} INFO - [2024-09-03T11:38:45.619+0000] {dagbag.py:587} INFO - Filling up the DagBag from /home/airflow/.local/lib/python3.12/site-packages/airflow/example_dags/example_branch_day_of_week_operator.py
[2024-09-03T11:38:45.634+0000] {processor.py:925} INFO - DAG(s) 'example_weekday_branch_operator' retrieved from /home/airflow/.local/lib/python3.12/site-packages/airflow/example_dags/example_branch_day_of_week_operator.py
[2024-09-03T11:38:45.670+0000] {logging_mixin.py:190} INFO - [2024-09-03T11:38:45.669+0000] {dag.py:3211} INFO - Sync 1 DAGs
[2024-09-03T11:38:45.713+0000] {logging_mixin.py:190} INFO - [2024-09-03T11:38:45.712+0000] {dag.py:4138} INFO - Setting next_dagrun for example_weekday_branch_operator to 2024-09-02 00:00:00+00:00, run_after=2024-09-03 00:00:00+00:00
[2024-09-03T11:38:45.759+0000] {processor.py:208} INFO - Processing /home/airflow/.local/lib/python3.12/site-packages/airflow/example_dags/example_branch_day_of_week_operator.py took 0.153 seconds
[2024-09-03T11:39:16.157+0000] {processor.py:186} INFO - Started process (PID=1533) to work on /home/airflow/.local/lib/python3.12/site-packages/airflow/example_dags/example_branch_day_of_week_operator.py
[2024-09-03T11:39:16.159+0000] {processor.py:914} INFO - Processing file /home/airflow/.local/lib/python3.12/site-packages/airflow/example_dags/example_branch_day_of_week_operator.py for tasks to queue
[2024-09-03T11:39:16.162+0000] {logging_mixin.py:190} INFO - [2024-09-03T11:39:16.161+0000] {dagbag.py:587} INFO - Filling up the DagBag from /home/airflow/.local/lib/python3.12/site-packages/airflow/example_dags/example_branch_day_of_week_operator.py
[2024-09-03T11:39:16.174+0000] {processor.py:925} INFO - DAG(s) 'example_weekday_branch_operator' retrieved from /home/airflow/.local/lib/python3.12/site-packages/airflow/example_dags/example_branch_day_of_week_operator.py
[2024-09-03T11:39:16.206+0000] {logging_mixin.py:190} INFO - [2024-09-03T11:39:16.206+0000] {dag.py:3211} INFO - Sync 1 DAGs
[2024-09-03T11:39:16.248+0000] {logging_mixin.py:190} INFO - [2024-09-03T11:39:16.248+0000] {dag.py:4138} INFO - Setting next_dagrun for example_weekday_branch_operator to 2024-09-02 00:00:00+00:00, run_after=2024-09-03 00:00:00+00:00
[2024-09-03T11:39:16.284+0000] {processor.py:208} INFO - Processing /home/airflow/.local/lib/python3.12/site-packages/airflow/example_dags/example_branch_day_of_week_operator.py took 0.136 seconds
[2024-09-03T11:39:46.532+0000] {processor.py:186} INFO - Started process (PID=1596) to work on /home/airflow/.local/lib/python3.12/site-packages/airflow/example_dags/example_branch_day_of_week_operator.py
[2024-09-03T11:39:46.534+0000] {processor.py:914} INFO - Processing file /home/airflow/.local/lib/python3.12/site-packages/airflow/example_dags/example_branch_day_of_week_operator.py for tasks to queue
[2024-09-03T11:39:46.537+0000] {logging_mixin.py:190} INFO - [2024-09-03T11:39:46.537+0000] {dagbag.py:587} INFO - Filling up the DagBag from /home/airflow/.local/lib/python3.12/site-packages/airflow/example_dags/example_branch_day_of_week_operator.py
[2024-09-03T11:39:46.550+0000] {processor.py:925} INFO - DAG(s) 'example_weekday_branch_operator' retrieved from /home/airflow/.local/lib/python3.12/site-packages/airflow/example_dags/example_branch_day_of_week_operator.py
[2024-09-03T11:39:46.580+0000] {logging_mixin.py:190} INFO - [2024-09-03T11:39:46.580+0000] {dag.py:3211} INFO - Sync 1 DAGs
[2024-09-03T11:39:46.615+0000] {logging_mixin.py:190} INFO - [2024-09-03T11:39:46.615+0000] {dag.py:4138} INFO - Setting next_dagrun for example_weekday_branch_operator to 2024-09-02 00:00:00+00:00, run_after=2024-09-03 00:00:00+00:00
[2024-09-03T11:39:46.646+0000] {processor.py:208} INFO - Processing /home/airflow/.local/lib/python3.12/site-packages/airflow/example_dags/example_branch_day_of_week_operator.py took 0.120 seconds
[2024-09-03T11:40:16.897+0000] {processor.py:186} INFO - Started process (PID=1659) to work on /home/airflow/.local/lib/python3.12/site-packages/airflow/example_dags/example_branch_day_of_week_operator.py
[2024-09-03T11:40:16.900+0000] {processor.py:914} INFO - Processing file /home/airflow/.local/lib/python3.12/site-packages/airflow/example_dags/example_branch_day_of_week_operator.py for tasks to queue
[2024-09-03T11:40:16.904+0000] {logging_mixin.py:190} INFO - [2024-09-03T11:40:16.903+0000] {dagbag.py:587} INFO - Filling up the DagBag from /home/airflow/.local/lib/python3.12/site-packages/airflow/example_dags/example_branch_day_of_week_operator.py
[2024-09-03T11:40:16.922+0000] {processor.py:925} INFO - DAG(s) 'example_weekday_branch_operator' retrieved from /home/airflow/.local/lib/python3.12/site-packages/airflow/example_dags/example_branch_day_of_week_operator.py
[2024-09-03T11:40:16.958+0000] {logging_mixin.py:190} INFO - [2024-09-03T11:40:16.958+0000] {dag.py:3211} INFO - Sync 1 DAGs
[2024-09-03T11:40:17.000+0000] {logging_mixin.py:190} INFO - [2024-09-03T11:40:16.999+0000] {dag.py:4138} INFO - Setting next_dagrun for example_weekday_branch_operator to 2024-09-02 00:00:00+00:00, run_after=2024-09-03 00:00:00+00:00
[2024-09-03T11:40:17.038+0000] {processor.py:208} INFO - Processing /home/airflow/.local/lib/python3.12/site-packages/airflow/example_dags/example_branch_day_of_week_operator.py took 0.151 seconds
[2024-09-03T11:40:47.273+0000] {processor.py:186} INFO - Started process (PID=1723) to work on /home/airflow/.local/lib/python3.12/site-packages/airflow/example_dags/example_branch_day_of_week_operator.py
[2024-09-03T11:40:47.276+0000] {processor.py:914} INFO - Processing file /home/airflow/.local/lib/python3.12/site-packages/airflow/example_dags/example_branch_day_of_week_operator.py for tasks to queue
[2024-09-03T11:40:47.281+0000] {logging_mixin.py:190} INFO - [2024-09-03T11:40:47.280+0000] {dagbag.py:587} INFO - Filling up the DagBag from /home/airflow/.local/lib/python3.12/site-packages/airflow/example_dags/example_branch_day_of_week_operator.py
[2024-09-03T11:40:47.314+0000] {processor.py:925} INFO - DAG(s) 'example_weekday_branch_operator' retrieved from /home/airflow/.local/lib/python3.12/site-packages/airflow/example_dags/example_branch_day_of_week_operator.py
[2024-09-03T11:40:47.364+0000] {logging_mixin.py:190} INFO - [2024-09-03T11:40:47.364+0000] {dag.py:3211} INFO - Sync 1 DAGs
[2024-09-03T11:40:47.412+0000] {logging_mixin.py:190} INFO - [2024-09-03T11:40:47.412+0000] {dag.py:4138} INFO - Setting next_dagrun for example_weekday_branch_operator to 2024-09-02 00:00:00+00:00, run_after=2024-09-03 00:00:00+00:00
[2024-09-03T11:40:47.455+0000] {processor.py:208} INFO - Processing /home/airflow/.local/lib/python3.12/site-packages/airflow/example_dags/example_branch_day_of_week_operator.py took 0.191 seconds
[2024-09-03T11:41:18.089+0000] {processor.py:186} INFO - Started process (PID=1786) to work on /home/airflow/.local/lib/python3.12/site-packages/airflow/example_dags/example_branch_day_of_week_operator.py
[2024-09-03T11:41:18.092+0000] {processor.py:914} INFO - Processing file /home/airflow/.local/lib/python3.12/site-packages/airflow/example_dags/example_branch_day_of_week_operator.py for tasks to queue
[2024-09-03T11:41:18.097+0000] {logging_mixin.py:190} INFO - [2024-09-03T11:41:18.096+0000] {dagbag.py:587} INFO - Filling up the DagBag from /home/airflow/.local/lib/python3.12/site-packages/airflow/example_dags/example_branch_day_of_week_operator.py
[2024-09-03T11:41:18.121+0000] {processor.py:925} INFO - DAG(s) 'example_weekday_branch_operator' retrieved from /home/airflow/.local/lib/python3.12/site-packages/airflow/example_dags/example_branch_day_of_week_operator.py
[2024-09-03T11:41:18.182+0000] {logging_mixin.py:190} INFO - [2024-09-03T11:41:18.182+0000] {dag.py:3211} INFO - Sync 1 DAGs
[2024-09-03T11:41:18.238+0000] {logging_mixin.py:190} INFO - [2024-09-03T11:41:18.238+0000] {dag.py:4138} INFO - Setting next_dagrun for example_weekday_branch_operator to 2024-09-02 00:00:00+00:00, run_after=2024-09-03 00:00:00+00:00
[2024-09-03T11:41:18.283+0000] {processor.py:208} INFO - Processing /home/airflow/.local/lib/python3.12/site-packages/airflow/example_dags/example_branch_day_of_week_operator.py took 0.208 seconds
[2024-09-03T11:41:49.386+0000] {processor.py:186} INFO - Started process (PID=1849) to work on /home/airflow/.local/lib/python3.12/site-packages/airflow/example_dags/example_branch_day_of_week_operator.py
[2024-09-03T11:41:49.392+0000] {processor.py:914} INFO - Processing file /home/airflow/.local/lib/python3.12/site-packages/airflow/example_dags/example_branch_day_of_week_operator.py for tasks to queue
[2024-09-03T11:41:49.397+0000] {logging_mixin.py:190} INFO - [2024-09-03T11:41:49.396+0000] {dagbag.py:587} INFO - Filling up the DagBag from /home/airflow/.local/lib/python3.12/site-packages/airflow/example_dags/example_branch_day_of_week_operator.py
[2024-09-03T11:41:49.430+0000] {processor.py:925} INFO - DAG(s) 'example_weekday_branch_operator' retrieved from /home/airflow/.local/lib/python3.12/site-packages/airflow/example_dags/example_branch_day_of_week_operator.py
[2024-09-03T11:41:49.482+0000] {logging_mixin.py:190} INFO - [2024-09-03T11:41:49.482+0000] {dag.py:3211} INFO - Sync 1 DAGs
[2024-09-03T11:41:49.526+0000] {logging_mixin.py:190} INFO - [2024-09-03T11:41:49.525+0000] {dag.py:4138} INFO - Setting next_dagrun for example_weekday_branch_operator to 2024-09-02 00:00:00+00:00, run_after=2024-09-03 00:00:00+00:00
[2024-09-03T11:41:49.572+0000] {processor.py:208} INFO - Processing /home/airflow/.local/lib/python3.12/site-packages/airflow/example_dags/example_branch_day_of_week_operator.py took 0.201 seconds
[2024-09-03T11:42:20.170+0000] {processor.py:186} INFO - Started process (PID=1912) to work on /home/airflow/.local/lib/python3.12/site-packages/airflow/example_dags/example_branch_day_of_week_operator.py
[2024-09-03T11:42:20.172+0000] {processor.py:914} INFO - Processing file /home/airflow/.local/lib/python3.12/site-packages/airflow/example_dags/example_branch_day_of_week_operator.py for tasks to queue
[2024-09-03T11:42:20.177+0000] {logging_mixin.py:190} INFO - [2024-09-03T11:42:20.176+0000] {dagbag.py:587} INFO - Filling up the DagBag from /home/airflow/.local/lib/python3.12/site-packages/airflow/example_dags/example_branch_day_of_week_operator.py
[2024-09-03T11:42:20.202+0000] {processor.py:925} INFO - DAG(s) 'example_weekday_branch_operator' retrieved from /home/airflow/.local/lib/python3.12/site-packages/airflow/example_dags/example_branch_day_of_week_operator.py
[2024-09-03T11:42:20.249+0000] {logging_mixin.py:190} INFO - [2024-09-03T11:42:20.248+0000] {dag.py:3211} INFO - Sync 1 DAGs
[2024-09-03T11:42:20.307+0000] {logging_mixin.py:190} INFO - [2024-09-03T11:42:20.306+0000] {dag.py:4138} INFO - Setting next_dagrun for example_weekday_branch_operator to 2024-09-02 00:00:00+00:00, run_after=2024-09-03 00:00:00+00:00
[2024-09-03T11:42:20.361+0000] {processor.py:208} INFO - Processing /home/airflow/.local/lib/python3.12/site-packages/airflow/example_dags/example_branch_day_of_week_operator.py took 0.202 seconds
[2024-09-03T11:42:50.543+0000] {processor.py:186} INFO - Started process (PID=1975) to work on /home/airflow/.local/lib/python3.12/site-packages/airflow/example_dags/example_branch_day_of_week_operator.py
[2024-09-03T11:42:50.545+0000] {processor.py:914} INFO - Processing file /home/airflow/.local/lib/python3.12/site-packages/airflow/example_dags/example_branch_day_of_week_operator.py for tasks to queue
[2024-09-03T11:42:50.548+0000] {logging_mixin.py:190} INFO - [2024-09-03T11:42:50.548+0000] {dagbag.py:587} INFO - Filling up the DagBag from /home/airflow/.local/lib/python3.12/site-packages/airflow/example_dags/example_branch_day_of_week_operator.py
[2024-09-03T11:42:50.564+0000] {processor.py:925} INFO - DAG(s) 'example_weekday_branch_operator' retrieved from /home/airflow/.local/lib/python3.12/site-packages/airflow/example_dags/example_branch_day_of_week_operator.py
[2024-09-03T11:42:50.606+0000] {logging_mixin.py:190} INFO - [2024-09-03T11:42:50.605+0000] {dag.py:3211} INFO - Sync 1 DAGs
[2024-09-03T11:42:50.650+0000] {logging_mixin.py:190} INFO - [2024-09-03T11:42:50.650+0000] {dag.py:4138} INFO - Setting next_dagrun for example_weekday_branch_operator to 2024-09-02 00:00:00+00:00, run_after=2024-09-03 00:00:00+00:00
[2024-09-03T11:42:50.691+0000] {processor.py:208} INFO - Processing /home/airflow/.local/lib/python3.12/site-packages/airflow/example_dags/example_branch_day_of_week_operator.py took 0.155 seconds
[2024-09-03T11:43:21.062+0000] {processor.py:186} INFO - Started process (PID=2038) to work on /home/airflow/.local/lib/python3.12/site-packages/airflow/example_dags/example_branch_day_of_week_operator.py
[2024-09-03T11:43:21.064+0000] {processor.py:914} INFO - Processing file /home/airflow/.local/lib/python3.12/site-packages/airflow/example_dags/example_branch_day_of_week_operator.py for tasks to queue
[2024-09-03T11:43:21.068+0000] {logging_mixin.py:190} INFO - [2024-09-03T11:43:21.068+0000] {dagbag.py:587} INFO - Filling up the DagBag from /home/airflow/.local/lib/python3.12/site-packages/airflow/example_dags/example_branch_day_of_week_operator.py
[2024-09-03T11:43:21.085+0000] {processor.py:925} INFO - DAG(s) 'example_weekday_branch_operator' retrieved from /home/airflow/.local/lib/python3.12/site-packages/airflow/example_dags/example_branch_day_of_week_operator.py
[2024-09-03T11:43:21.118+0000] {logging_mixin.py:190} INFO - [2024-09-03T11:43:21.117+0000] {dag.py:3211} INFO - Sync 1 DAGs
[2024-09-03T11:43:21.164+0000] {logging_mixin.py:190} INFO - [2024-09-03T11:43:21.164+0000] {dag.py:4138} INFO - Setting next_dagrun for example_weekday_branch_operator to 2024-09-02 00:00:00+00:00, run_after=2024-09-03 00:00:00+00:00
[2024-09-03T11:43:21.209+0000] {processor.py:208} INFO - Processing /home/airflow/.local/lib/python3.12/site-packages/airflow/example_dags/example_branch_day_of_week_operator.py took 0.154 seconds
[2024-09-03T11:43:51.908+0000] {processor.py:186} INFO - Started process (PID=2101) to work on /home/airflow/.local/lib/python3.12/site-packages/airflow/example_dags/example_branch_day_of_week_operator.py
[2024-09-03T11:43:51.910+0000] {processor.py:914} INFO - Processing file /home/airflow/.local/lib/python3.12/site-packages/airflow/example_dags/example_branch_day_of_week_operator.py for tasks to queue
[2024-09-03T11:43:51.914+0000] {logging_mixin.py:190} INFO - [2024-09-03T11:43:51.913+0000] {dagbag.py:587} INFO - Filling up the DagBag from /home/airflow/.local/lib/python3.12/site-packages/airflow/example_dags/example_branch_day_of_week_operator.py
[2024-09-03T11:43:51.925+0000] {processor.py:925} INFO - DAG(s) 'example_weekday_branch_operator' retrieved from /home/airflow/.local/lib/python3.12/site-packages/airflow/example_dags/example_branch_day_of_week_operator.py
[2024-09-03T11:43:51.952+0000] {logging_mixin.py:190} INFO - [2024-09-03T11:43:51.951+0000] {dag.py:3211} INFO - Sync 1 DAGs
[2024-09-03T11:43:51.979+0000] {logging_mixin.py:190} INFO - [2024-09-03T11:43:51.979+0000] {dag.py:4138} INFO - Setting next_dagrun for example_weekday_branch_operator to 2024-09-02 00:00:00+00:00, run_after=2024-09-03 00:00:00+00:00
[2024-09-03T11:43:52.006+0000] {processor.py:208} INFO - Processing /home/airflow/.local/lib/python3.12/site-packages/airflow/example_dags/example_branch_day_of_week_operator.py took 0.105 seconds
[2024-09-03T11:44:22.225+0000] {processor.py:186} INFO - Started process (PID=2164) to work on /home/airflow/.local/lib/python3.12/site-packages/airflow/example_dags/example_branch_day_of_week_operator.py
[2024-09-03T11:44:22.227+0000] {processor.py:914} INFO - Processing file /home/airflow/.local/lib/python3.12/site-packages/airflow/example_dags/example_branch_day_of_week_operator.py for tasks to queue
[2024-09-03T11:44:22.230+0000] {logging_mixin.py:190} INFO - [2024-09-03T11:44:22.230+0000] {dagbag.py:587} INFO - Filling up the DagBag from /home/airflow/.local/lib/python3.12/site-packages/airflow/example_dags/example_branch_day_of_week_operator.py
[2024-09-03T11:44:22.243+0000] {processor.py:925} INFO - DAG(s) 'example_weekday_branch_operator' retrieved from /home/airflow/.local/lib/python3.12/site-packages/airflow/example_dags/example_branch_day_of_week_operator.py
[2024-09-03T11:44:22.271+0000] {logging_mixin.py:190} INFO - [2024-09-03T11:44:22.271+0000] {dag.py:3211} INFO - Sync 1 DAGs
[2024-09-03T11:44:22.301+0000] {logging_mixin.py:190} INFO - [2024-09-03T11:44:22.301+0000] {dag.py:4138} INFO - Setting next_dagrun for example_weekday_branch_operator to 2024-09-02 00:00:00+00:00, run_after=2024-09-03 00:00:00+00:00
[2024-09-03T11:44:22.333+0000] {processor.py:208} INFO - Processing /home/airflow/.local/lib/python3.12/site-packages/airflow/example_dags/example_branch_day_of_week_operator.py took 0.114 seconds
[2024-09-03T11:44:52.509+0000] {processor.py:186} INFO - Started process (PID=2227) to work on /home/airflow/.local/lib/python3.12/site-packages/airflow/example_dags/example_branch_day_of_week_operator.py
[2024-09-03T11:44:52.511+0000] {processor.py:914} INFO - Processing file /home/airflow/.local/lib/python3.12/site-packages/airflow/example_dags/example_branch_day_of_week_operator.py for tasks to queue
[2024-09-03T11:44:52.515+0000] {logging_mixin.py:190} INFO - [2024-09-03T11:44:52.515+0000] {dagbag.py:587} INFO - Filling up the DagBag from /home/airflow/.local/lib/python3.12/site-packages/airflow/example_dags/example_branch_day_of_week_operator.py
[2024-09-03T11:44:52.525+0000] {processor.py:925} INFO - DAG(s) 'example_weekday_branch_operator' retrieved from /home/airflow/.local/lib/python3.12/site-packages/airflow/example_dags/example_branch_day_of_week_operator.py
[2024-09-03T11:44:52.551+0000] {logging_mixin.py:190} INFO - [2024-09-03T11:44:52.551+0000] {dag.py:3211} INFO - Sync 1 DAGs
[2024-09-03T11:44:52.577+0000] {logging_mixin.py:190} INFO - [2024-09-03T11:44:52.577+0000] {dag.py:4138} INFO - Setting next_dagrun for example_weekday_branch_operator to 2024-09-02 00:00:00+00:00, run_after=2024-09-03 00:00:00+00:00
[2024-09-03T11:44:52.603+0000] {processor.py:208} INFO - Processing /home/airflow/.local/lib/python3.12/site-packages/airflow/example_dags/example_branch_day_of_week_operator.py took 0.099 seconds
[2024-09-03T11:45:23.628+0000] {processor.py:186} INFO - Started process (PID=2290) to work on /home/airflow/.local/lib/python3.12/site-packages/airflow/example_dags/example_branch_day_of_week_operator.py
[2024-09-03T11:45:23.630+0000] {processor.py:914} INFO - Processing file /home/airflow/.local/lib/python3.12/site-packages/airflow/example_dags/example_branch_day_of_week_operator.py for tasks to queue
[2024-09-03T11:45:23.634+0000] {logging_mixin.py:190} INFO - [2024-09-03T11:45:23.633+0000] {dagbag.py:587} INFO - Filling up the DagBag from /home/airflow/.local/lib/python3.12/site-packages/airflow/example_dags/example_branch_day_of_week_operator.py
[2024-09-03T11:45:23.646+0000] {processor.py:925} INFO - DAG(s) 'example_weekday_branch_operator' retrieved from /home/airflow/.local/lib/python3.12/site-packages/airflow/example_dags/example_branch_day_of_week_operator.py
[2024-09-03T11:45:23.674+0000] {logging_mixin.py:190} INFO - [2024-09-03T11:45:23.674+0000] {dag.py:3211} INFO - Sync 1 DAGs
[2024-09-03T11:45:23.715+0000] {logging_mixin.py:190} INFO - [2024-09-03T11:45:23.715+0000] {dag.py:4138} INFO - Setting next_dagrun for example_weekday_branch_operator to 2024-09-02 00:00:00+00:00, run_after=2024-09-03 00:00:00+00:00
[2024-09-03T11:45:23.746+0000] {processor.py:208} INFO - Processing /home/airflow/.local/lib/python3.12/site-packages/airflow/example_dags/example_branch_day_of_week_operator.py took 0.127 seconds
[2024-09-03T11:45:54.199+0000] {processor.py:186} INFO - Started process (PID=2353) to work on /home/airflow/.local/lib/python3.12/site-packages/airflow/example_dags/example_branch_day_of_week_operator.py
[2024-09-03T11:45:54.200+0000] {processor.py:914} INFO - Processing file /home/airflow/.local/lib/python3.12/site-packages/airflow/example_dags/example_branch_day_of_week_operator.py for tasks to queue
[2024-09-03T11:45:54.202+0000] {logging_mixin.py:190} INFO - [2024-09-03T11:45:54.202+0000] {dagbag.py:587} INFO - Filling up the DagBag from /home/airflow/.local/lib/python3.12/site-packages/airflow/example_dags/example_branch_day_of_week_operator.py
[2024-09-03T11:45:54.212+0000] {processor.py:925} INFO - DAG(s) 'example_weekday_branch_operator' retrieved from /home/airflow/.local/lib/python3.12/site-packages/airflow/example_dags/example_branch_day_of_week_operator.py
[2024-09-03T11:45:54.237+0000] {logging_mixin.py:190} INFO - [2024-09-03T11:45:54.236+0000] {dag.py:3211} INFO - Sync 1 DAGs
[2024-09-03T11:45:54.264+0000] {logging_mixin.py:190} INFO - [2024-09-03T11:45:54.264+0000] {dag.py:4138} INFO - Setting next_dagrun for example_weekday_branch_operator to 2024-09-02 00:00:00+00:00, run_after=2024-09-03 00:00:00+00:00
[2024-09-03T11:45:54.289+0000] {processor.py:208} INFO - Processing /home/airflow/.local/lib/python3.12/site-packages/airflow/example_dags/example_branch_day_of_week_operator.py took 0.096 seconds
[2024-09-03T11:46:24.636+0000] {processor.py:186} INFO - Started process (PID=2416) to work on /home/airflow/.local/lib/python3.12/site-packages/airflow/example_dags/example_branch_day_of_week_operator.py
[2024-09-03T11:46:24.638+0000] {processor.py:914} INFO - Processing file /home/airflow/.local/lib/python3.12/site-packages/airflow/example_dags/example_branch_day_of_week_operator.py for tasks to queue
[2024-09-03T11:46:24.641+0000] {logging_mixin.py:190} INFO - [2024-09-03T11:46:24.640+0000] {dagbag.py:587} INFO - Filling up the DagBag from /home/airflow/.local/lib/python3.12/site-packages/airflow/example_dags/example_branch_day_of_week_operator.py
[2024-09-03T11:46:24.653+0000] {processor.py:925} INFO - DAG(s) 'example_weekday_branch_operator' retrieved from /home/airflow/.local/lib/python3.12/site-packages/airflow/example_dags/example_branch_day_of_week_operator.py
[2024-09-03T11:46:24.680+0000] {logging_mixin.py:190} INFO - [2024-09-03T11:46:24.679+0000] {dag.py:3211} INFO - Sync 1 DAGs
[2024-09-03T11:46:24.711+0000] {logging_mixin.py:190} INFO - [2024-09-03T11:46:24.711+0000] {dag.py:4138} INFO - Setting next_dagrun for example_weekday_branch_operator to 2024-09-02 00:00:00+00:00, run_after=2024-09-03 00:00:00+00:00
[2024-09-03T11:46:24.736+0000] {processor.py:208} INFO - Processing /home/airflow/.local/lib/python3.12/site-packages/airflow/example_dags/example_branch_day_of_week_operator.py took 0.106 seconds
[2024-09-03T11:46:55.355+0000] {processor.py:186} INFO - Started process (PID=2480) to work on /home/airflow/.local/lib/python3.12/site-packages/airflow/example_dags/example_branch_day_of_week_operator.py
[2024-09-03T11:46:55.357+0000] {processor.py:914} INFO - Processing file /home/airflow/.local/lib/python3.12/site-packages/airflow/example_dags/example_branch_day_of_week_operator.py for tasks to queue
[2024-09-03T11:46:55.361+0000] {logging_mixin.py:190} INFO - [2024-09-03T11:46:55.360+0000] {dagbag.py:587} INFO - Filling up the DagBag from /home/airflow/.local/lib/python3.12/site-packages/airflow/example_dags/example_branch_day_of_week_operator.py
[2024-09-03T11:46:55.377+0000] {processor.py:925} INFO - DAG(s) 'example_weekday_branch_operator' retrieved from /home/airflow/.local/lib/python3.12/site-packages/airflow/example_dags/example_branch_day_of_week_operator.py
[2024-09-03T11:46:55.411+0000] {logging_mixin.py:190} INFO - [2024-09-03T11:46:55.411+0000] {dag.py:3211} INFO - Sync 1 DAGs
[2024-09-03T11:46:55.447+0000] {logging_mixin.py:190} INFO - [2024-09-03T11:46:55.446+0000] {dag.py:4138} INFO - Setting next_dagrun for example_weekday_branch_operator to 2024-09-02 00:00:00+00:00, run_after=2024-09-03 00:00:00+00:00
[2024-09-03T11:46:55.493+0000] {processor.py:208} INFO - Processing /home/airflow/.local/lib/python3.12/site-packages/airflow/example_dags/example_branch_day_of_week_operator.py took 0.147 seconds
[2024-09-03T11:47:26.010+0000] {processor.py:186} INFO - Started process (PID=2543) to work on /home/airflow/.local/lib/python3.12/site-packages/airflow/example_dags/example_branch_day_of_week_operator.py
[2024-09-03T11:47:26.012+0000] {processor.py:914} INFO - Processing file /home/airflow/.local/lib/python3.12/site-packages/airflow/example_dags/example_branch_day_of_week_operator.py for tasks to queue
[2024-09-03T11:47:26.017+0000] {logging_mixin.py:190} INFO - [2024-09-03T11:47:26.016+0000] {dagbag.py:587} INFO - Filling up the DagBag from /home/airflow/.local/lib/python3.12/site-packages/airflow/example_dags/example_branch_day_of_week_operator.py
[2024-09-03T11:47:26.054+0000] {processor.py:925} INFO - DAG(s) 'example_weekday_branch_operator' retrieved from /home/airflow/.local/lib/python3.12/site-packages/airflow/example_dags/example_branch_day_of_week_operator.py
[2024-09-03T11:47:26.110+0000] {logging_mixin.py:190} INFO - [2024-09-03T11:47:26.110+0000] {dag.py:3211} INFO - Sync 1 DAGs
[2024-09-03T11:47:26.178+0000] {logging_mixin.py:190} INFO - [2024-09-03T11:47:26.178+0000] {dag.py:4138} INFO - Setting next_dagrun for example_weekday_branch_operator to 2024-09-02 00:00:00+00:00, run_after=2024-09-03 00:00:00+00:00
[2024-09-03T11:47:26.226+0000] {processor.py:208} INFO - Processing /home/airflow/.local/lib/python3.12/site-packages/airflow/example_dags/example_branch_day_of_week_operator.py took 0.241 seconds
[2024-09-03T11:47:57.035+0000] {processor.py:186} INFO - Started process (PID=2606) to work on /home/airflow/.local/lib/python3.12/site-packages/airflow/example_dags/example_branch_day_of_week_operator.py
[2024-09-03T11:47:57.038+0000] {processor.py:914} INFO - Processing file /home/airflow/.local/lib/python3.12/site-packages/airflow/example_dags/example_branch_day_of_week_operator.py for tasks to queue
[2024-09-03T11:47:57.044+0000] {logging_mixin.py:190} INFO - [2024-09-03T11:47:57.043+0000] {dagbag.py:587} INFO - Filling up the DagBag from /home/airflow/.local/lib/python3.12/site-packages/airflow/example_dags/example_branch_day_of_week_operator.py
[2024-09-03T11:47:57.071+0000] {processor.py:925} INFO - DAG(s) 'example_weekday_branch_operator' retrieved from /home/airflow/.local/lib/python3.12/site-packages/airflow/example_dags/example_branch_day_of_week_operator.py
[2024-09-03T11:47:57.124+0000] {logging_mixin.py:190} INFO - [2024-09-03T11:47:57.123+0000] {dag.py:3211} INFO - Sync 1 DAGs
[2024-09-03T11:47:57.180+0000] {logging_mixin.py:190} INFO - [2024-09-03T11:47:57.180+0000] {dag.py:4138} INFO - Setting next_dagrun for example_weekday_branch_operator to 2024-09-02 00:00:00+00:00, run_after=2024-09-03 00:00:00+00:00
[2024-09-03T11:47:57.225+0000] {processor.py:208} INFO - Processing /home/airflow/.local/lib/python3.12/site-packages/airflow/example_dags/example_branch_day_of_week_operator.py took 0.201 seconds
[2024-09-03T11:48:27.551+0000] {processor.py:186} INFO - Started process (PID=2669) to work on /home/airflow/.local/lib/python3.12/site-packages/airflow/example_dags/example_branch_day_of_week_operator.py
[2024-09-03T11:48:27.553+0000] {processor.py:914} INFO - Processing file /home/airflow/.local/lib/python3.12/site-packages/airflow/example_dags/example_branch_day_of_week_operator.py for tasks to queue
[2024-09-03T11:48:27.557+0000] {logging_mixin.py:190} INFO - [2024-09-03T11:48:27.556+0000] {dagbag.py:587} INFO - Filling up the DagBag from /home/airflow/.local/lib/python3.12/site-packages/airflow/example_dags/example_branch_day_of_week_operator.py
[2024-09-03T11:48:27.574+0000] {processor.py:925} INFO - DAG(s) 'example_weekday_branch_operator' retrieved from /home/airflow/.local/lib/python3.12/site-packages/airflow/example_dags/example_branch_day_of_week_operator.py
[2024-09-03T11:48:27.616+0000] {logging_mixin.py:190} INFO - [2024-09-03T11:48:27.616+0000] {dag.py:3211} INFO - Sync 1 DAGs
[2024-09-03T11:48:27.665+0000] {logging_mixin.py:190} INFO - [2024-09-03T11:48:27.665+0000] {dag.py:4138} INFO - Setting next_dagrun for example_weekday_branch_operator to 2024-09-02 00:00:00+00:00, run_after=2024-09-03 00:00:00+00:00
[2024-09-03T11:48:27.704+0000] {processor.py:208} INFO - Processing /home/airflow/.local/lib/python3.12/site-packages/airflow/example_dags/example_branch_day_of_week_operator.py took 0.162 seconds
[2024-09-03T11:48:57.897+0000] {processor.py:186} INFO - Started process (PID=2732) to work on /home/airflow/.local/lib/python3.12/site-packages/airflow/example_dags/example_branch_day_of_week_operator.py
[2024-09-03T11:48:57.900+0000] {processor.py:914} INFO - Processing file /home/airflow/.local/lib/python3.12/site-packages/airflow/example_dags/example_branch_day_of_week_operator.py for tasks to queue
[2024-09-03T11:48:57.907+0000] {logging_mixin.py:190} INFO - [2024-09-03T11:48:57.906+0000] {dagbag.py:587} INFO - Filling up the DagBag from /home/airflow/.local/lib/python3.12/site-packages/airflow/example_dags/example_branch_day_of_week_operator.py
[2024-09-03T11:48:57.935+0000] {processor.py:925} INFO - DAG(s) 'example_weekday_branch_operator' retrieved from /home/airflow/.local/lib/python3.12/site-packages/airflow/example_dags/example_branch_day_of_week_operator.py
[2024-09-03T11:48:57.981+0000] {logging_mixin.py:190} INFO - [2024-09-03T11:48:57.980+0000] {dag.py:3211} INFO - Sync 1 DAGs
[2024-09-03T11:48:58.030+0000] {logging_mixin.py:190} INFO - [2024-09-03T11:48:58.030+0000] {dag.py:4138} INFO - Setting next_dagrun for example_weekday_branch_operator to 2024-09-02 00:00:00+00:00, run_after=2024-09-03 00:00:00+00:00
[2024-09-03T11:48:58.080+0000] {processor.py:208} INFO - Processing /home/airflow/.local/lib/python3.12/site-packages/airflow/example_dags/example_branch_day_of_week_operator.py took 0.192 seconds
[2024-09-03T11:49:28.906+0000] {processor.py:186} INFO - Started process (PID=2795) to work on /home/airflow/.local/lib/python3.12/site-packages/airflow/example_dags/example_branch_day_of_week_operator.py
[2024-09-03T11:49:28.908+0000] {processor.py:914} INFO - Processing file /home/airflow/.local/lib/python3.12/site-packages/airflow/example_dags/example_branch_day_of_week_operator.py for tasks to queue
[2024-09-03T11:49:28.914+0000] {logging_mixin.py:190} INFO - [2024-09-03T11:49:28.913+0000] {dagbag.py:587} INFO - Filling up the DagBag from /home/airflow/.local/lib/python3.12/site-packages/airflow/example_dags/example_branch_day_of_week_operator.py
[2024-09-03T11:49:28.952+0000] {processor.py:925} INFO - DAG(s) 'example_weekday_branch_operator' retrieved from /home/airflow/.local/lib/python3.12/site-packages/airflow/example_dags/example_branch_day_of_week_operator.py
[2024-09-03T11:49:29.049+0000] {logging_mixin.py:190} INFO - [2024-09-03T11:49:29.049+0000] {dag.py:3211} INFO - Sync 1 DAGs
[2024-09-03T11:49:29.158+0000] {logging_mixin.py:190} INFO - [2024-09-03T11:49:29.150+0000] {dag.py:4138} INFO - Setting next_dagrun for example_weekday_branch_operator to 2024-09-02 00:00:00+00:00, run_after=2024-09-03 00:00:00+00:00
[2024-09-03T11:49:29.236+0000] {processor.py:208} INFO - Processing /home/airflow/.local/lib/python3.12/site-packages/airflow/example_dags/example_branch_day_of_week_operator.py took 0.349 seconds
[2024-09-03T11:49:59.336+0000] {processor.py:186} INFO - Started process (PID=2857) to work on /home/airflow/.local/lib/python3.12/site-packages/airflow/example_dags/example_branch_day_of_week_operator.py
[2024-09-03T11:49:59.340+0000] {processor.py:914} INFO - Processing file /home/airflow/.local/lib/python3.12/site-packages/airflow/example_dags/example_branch_day_of_week_operator.py for tasks to queue
[2024-09-03T11:49:59.345+0000] {logging_mixin.py:190} INFO - [2024-09-03T11:49:59.344+0000] {dagbag.py:587} INFO - Filling up the DagBag from /home/airflow/.local/lib/python3.12/site-packages/airflow/example_dags/example_branch_day_of_week_operator.py
[2024-09-03T11:49:59.365+0000] {processor.py:925} INFO - DAG(s) 'example_weekday_branch_operator' retrieved from /home/airflow/.local/lib/python3.12/site-packages/airflow/example_dags/example_branch_day_of_week_operator.py
[2024-09-03T11:49:59.405+0000] {logging_mixin.py:190} INFO - [2024-09-03T11:49:59.405+0000] {dag.py:3211} INFO - Sync 1 DAGs
[2024-09-03T11:49:59.457+0000] {logging_mixin.py:190} INFO - [2024-09-03T11:49:59.457+0000] {dag.py:4138} INFO - Setting next_dagrun for example_weekday_branch_operator to 2024-09-02 00:00:00+00:00, run_after=2024-09-03 00:00:00+00:00
[2024-09-03T11:49:59.532+0000] {processor.py:208} INFO - Processing /home/airflow/.local/lib/python3.12/site-packages/airflow/example_dags/example_branch_day_of_week_operator.py took 0.207 seconds
[2024-09-03T11:50:29.998+0000] {processor.py:186} INFO - Started process (PID=2920) to work on /home/airflow/.local/lib/python3.12/site-packages/airflow/example_dags/example_branch_day_of_week_operator.py
[2024-09-03T11:50:30.001+0000] {processor.py:914} INFO - Processing file /home/airflow/.local/lib/python3.12/site-packages/airflow/example_dags/example_branch_day_of_week_operator.py for tasks to queue
[2024-09-03T11:50:30.007+0000] {logging_mixin.py:190} INFO - [2024-09-03T11:50:30.005+0000] {dagbag.py:587} INFO - Filling up the DagBag from /home/airflow/.local/lib/python3.12/site-packages/airflow/example_dags/example_branch_day_of_week_operator.py
[2024-09-03T11:50:30.024+0000] {processor.py:925} INFO - DAG(s) 'example_weekday_branch_operator' retrieved from /home/airflow/.local/lib/python3.12/site-packages/airflow/example_dags/example_branch_day_of_week_operator.py
[2024-09-03T11:50:30.070+0000] {logging_mixin.py:190} INFO - [2024-09-03T11:50:30.069+0000] {dag.py:3211} INFO - Sync 1 DAGs
[2024-09-03T11:50:30.126+0000] {logging_mixin.py:190} INFO - [2024-09-03T11:50:30.126+0000] {dag.py:4138} INFO - Setting next_dagrun for example_weekday_branch_operator to 2024-09-02 00:00:00+00:00, run_after=2024-09-03 00:00:00+00:00
[2024-09-03T11:50:30.171+0000] {processor.py:208} INFO - Processing /home/airflow/.local/lib/python3.12/site-packages/airflow/example_dags/example_branch_day_of_week_operator.py took 0.184 seconds
