[2024-09-03T11:27:32.479+0000] {processor.py:186} INFO - Started process (PID=83) to work on /home/airflow/.local/lib/python3.12/site-packages/airflow/example_dags/example_xcom.py
[2024-09-03T11:27:32.481+0000] {processor.py:914} INFO - Processing file /home/airflow/.local/lib/python3.12/site-packages/airflow/example_dags/example_xcom.py for tasks to queue
[2024-09-03T11:27:32.485+0000] {logging_mixin.py:190} INFO - [2024-09-03T11:27:32.485+0000] {dagbag.py:587} INFO - Filling up the DagBag from /home/airflow/.local/lib/python3.12/site-packages/airflow/example_dags/example_xcom.py
[2024-09-03T11:27:32.500+0000] {processor.py:925} INFO - DAG(s) 'example_xcom' retrieved from /home/airflow/.local/lib/python3.12/site-packages/airflow/example_dags/example_xcom.py
[2024-09-03T11:27:32.567+0000] {logging_mixin.py:190} INFO - [2024-09-03T11:27:32.566+0000] {dag.py:3211} INFO - Sync 1 DAGs
[2024-09-03T11:27:32.662+0000] {logging_mixin.py:190} INFO - [2024-09-03T11:27:32.661+0000] {dag.py:4138} INFO - Setting next_dagrun for example_xcom to 2021-01-01 00:00:00+00:00, run_after=2021-01-01 00:00:00+00:00
[2024-09-03T11:27:32.721+0000] {processor.py:208} INFO - Processing /home/airflow/.local/lib/python3.12/site-packages/airflow/example_dags/example_xcom.py took 0.249 seconds
[2024-09-03T11:28:03.009+0000] {processor.py:186} INFO - Started process (PID=146) to work on /home/airflow/.local/lib/python3.12/site-packages/airflow/example_dags/example_xcom.py
[2024-09-03T11:28:03.010+0000] {processor.py:914} INFO - Processing file /home/airflow/.local/lib/python3.12/site-packages/airflow/example_dags/example_xcom.py for tasks to queue
[2024-09-03T11:28:03.014+0000] {logging_mixin.py:190} INFO - [2024-09-03T11:28:03.013+0000] {dagbag.py:587} INFO - Filling up the DagBag from /home/airflow/.local/lib/python3.12/site-packages/airflow/example_dags/example_xcom.py
[2024-09-03T11:28:03.023+0000] {processor.py:925} INFO - DAG(s) 'example_xcom' retrieved from /home/airflow/.local/lib/python3.12/site-packages/airflow/example_dags/example_xcom.py
[2024-09-03T11:28:03.051+0000] {logging_mixin.py:190} INFO - [2024-09-03T11:28:03.050+0000] {dag.py:3211} INFO - Sync 1 DAGs
[2024-09-03T11:28:03.074+0000] {logging_mixin.py:190} INFO - [2024-09-03T11:28:03.074+0000] {dag.py:4138} INFO - Setting next_dagrun for example_xcom to 2021-01-01 00:00:00+00:00, run_after=2021-01-01 00:00:00+00:00
[2024-09-03T11:28:03.104+0000] {processor.py:208} INFO - Processing /home/airflow/.local/lib/python3.12/site-packages/airflow/example_dags/example_xcom.py took 0.100 seconds
[2024-09-03T11:28:33.267+0000] {processor.py:186} INFO - Started process (PID=217) to work on /home/airflow/.local/lib/python3.12/site-packages/airflow/example_dags/example_xcom.py
[2024-09-03T11:28:33.268+0000] {processor.py:914} INFO - Processing file /home/airflow/.local/lib/python3.12/site-packages/airflow/example_dags/example_xcom.py for tasks to queue
[2024-09-03T11:28:33.270+0000] {logging_mixin.py:190} INFO - [2024-09-03T11:28:33.270+0000] {dagbag.py:587} INFO - Filling up the DagBag from /home/airflow/.local/lib/python3.12/site-packages/airflow/example_dags/example_xcom.py
[2024-09-03T11:28:33.279+0000] {processor.py:925} INFO - DAG(s) 'example_xcom' retrieved from /home/airflow/.local/lib/python3.12/site-packages/airflow/example_dags/example_xcom.py
[2024-09-03T11:28:33.304+0000] {logging_mixin.py:190} INFO - [2024-09-03T11:28:33.304+0000] {dag.py:3211} INFO - Sync 1 DAGs
[2024-09-03T11:28:33.329+0000] {logging_mixin.py:190} INFO - [2024-09-03T11:28:33.328+0000] {dag.py:4138} INFO - Setting next_dagrun for example_xcom to 2021-01-01 00:00:00+00:00, run_after=2021-01-01 00:00:00+00:00
[2024-09-03T11:28:33.353+0000] {processor.py:208} INFO - Processing /home/airflow/.local/lib/python3.12/site-packages/airflow/example_dags/example_xcom.py took 0.092 seconds
[2024-09-03T11:29:03.838+0000] {processor.py:186} INFO - Started process (PID=280) to work on /home/airflow/.local/lib/python3.12/site-packages/airflow/example_dags/example_xcom.py
[2024-09-03T11:29:03.839+0000] {processor.py:914} INFO - Processing file /home/airflow/.local/lib/python3.12/site-packages/airflow/example_dags/example_xcom.py for tasks to queue
[2024-09-03T11:29:03.842+0000] {logging_mixin.py:190} INFO - [2024-09-03T11:29:03.842+0000] {dagbag.py:587} INFO - Filling up the DagBag from /home/airflow/.local/lib/python3.12/site-packages/airflow/example_dags/example_xcom.py
[2024-09-03T11:29:03.852+0000] {processor.py:925} INFO - DAG(s) 'example_xcom' retrieved from /home/airflow/.local/lib/python3.12/site-packages/airflow/example_dags/example_xcom.py
[2024-09-03T11:29:03.884+0000] {logging_mixin.py:190} INFO - [2024-09-03T11:29:03.883+0000] {dag.py:3211} INFO - Sync 1 DAGs
[2024-09-03T11:29:03.916+0000] {logging_mixin.py:190} INFO - [2024-09-03T11:29:03.915+0000] {dag.py:4138} INFO - Setting next_dagrun for example_xcom to 2021-01-01 00:00:00+00:00, run_after=2021-01-01 00:00:00+00:00
[2024-09-03T11:29:03.943+0000] {processor.py:208} INFO - Processing /home/airflow/.local/lib/python3.12/site-packages/airflow/example_dags/example_xcom.py took 0.111 seconds
[2024-09-03T11:29:34.501+0000] {processor.py:186} INFO - Started process (PID=343) to work on /home/airflow/.local/lib/python3.12/site-packages/airflow/example_dags/example_xcom.py
[2024-09-03T11:29:34.502+0000] {processor.py:914} INFO - Processing file /home/airflow/.local/lib/python3.12/site-packages/airflow/example_dags/example_xcom.py for tasks to queue
[2024-09-03T11:29:34.505+0000] {logging_mixin.py:190} INFO - [2024-09-03T11:29:34.505+0000] {dagbag.py:587} INFO - Filling up the DagBag from /home/airflow/.local/lib/python3.12/site-packages/airflow/example_dags/example_xcom.py
[2024-09-03T11:29:34.514+0000] {processor.py:925} INFO - DAG(s) 'example_xcom' retrieved from /home/airflow/.local/lib/python3.12/site-packages/airflow/example_dags/example_xcom.py
[2024-09-03T11:29:34.538+0000] {logging_mixin.py:190} INFO - [2024-09-03T11:29:34.538+0000] {dag.py:3211} INFO - Sync 1 DAGs
[2024-09-03T11:29:34.566+0000] {logging_mixin.py:190} INFO - [2024-09-03T11:29:34.566+0000] {dag.py:4138} INFO - Setting next_dagrun for example_xcom to 2021-01-01 00:00:00+00:00, run_after=2021-01-01 00:00:00+00:00
[2024-09-03T11:29:34.595+0000] {processor.py:208} INFO - Processing /home/airflow/.local/lib/python3.12/site-packages/airflow/example_dags/example_xcom.py took 0.098 seconds
[2024-09-03T11:30:05.372+0000] {processor.py:186} INFO - Started process (PID=406) to work on /home/airflow/.local/lib/python3.12/site-packages/airflow/example_dags/example_xcom.py
[2024-09-03T11:30:05.373+0000] {processor.py:914} INFO - Processing file /home/airflow/.local/lib/python3.12/site-packages/airflow/example_dags/example_xcom.py for tasks to queue
[2024-09-03T11:30:05.376+0000] {logging_mixin.py:190} INFO - [2024-09-03T11:30:05.376+0000] {dagbag.py:587} INFO - Filling up the DagBag from /home/airflow/.local/lib/python3.12/site-packages/airflow/example_dags/example_xcom.py
[2024-09-03T11:30:05.385+0000] {processor.py:925} INFO - DAG(s) 'example_xcom' retrieved from /home/airflow/.local/lib/python3.12/site-packages/airflow/example_dags/example_xcom.py
[2024-09-03T11:30:05.409+0000] {logging_mixin.py:190} INFO - [2024-09-03T11:30:05.409+0000] {dag.py:3211} INFO - Sync 1 DAGs
[2024-09-03T11:30:05.436+0000] {logging_mixin.py:190} INFO - [2024-09-03T11:30:05.436+0000] {dag.py:4138} INFO - Setting next_dagrun for example_xcom to 2021-01-01 00:00:00+00:00, run_after=2021-01-01 00:00:00+00:00
[2024-09-03T11:30:05.463+0000] {processor.py:208} INFO - Processing /home/airflow/.local/lib/python3.12/site-packages/airflow/example_dags/example_xcom.py took 0.097 seconds
[2024-09-03T11:30:35.683+0000] {processor.py:186} INFO - Started process (PID=469) to work on /home/airflow/.local/lib/python3.12/site-packages/airflow/example_dags/example_xcom.py
[2024-09-03T11:30:35.684+0000] {processor.py:914} INFO - Processing file /home/airflow/.local/lib/python3.12/site-packages/airflow/example_dags/example_xcom.py for tasks to queue
[2024-09-03T11:30:35.687+0000] {logging_mixin.py:190} INFO - [2024-09-03T11:30:35.686+0000] {dagbag.py:587} INFO - Filling up the DagBag from /home/airflow/.local/lib/python3.12/site-packages/airflow/example_dags/example_xcom.py
[2024-09-03T11:30:35.695+0000] {processor.py:925} INFO - DAG(s) 'example_xcom' retrieved from /home/airflow/.local/lib/python3.12/site-packages/airflow/example_dags/example_xcom.py
[2024-09-03T11:30:35.722+0000] {logging_mixin.py:190} INFO - [2024-09-03T11:30:35.722+0000] {dag.py:3211} INFO - Sync 1 DAGs
[2024-09-03T11:30:35.754+0000] {logging_mixin.py:190} INFO - [2024-09-03T11:30:35.754+0000] {dag.py:4138} INFO - Setting next_dagrun for example_xcom to 2021-01-01 00:00:00+00:00, run_after=2021-01-01 00:00:00+00:00
[2024-09-03T11:30:35.779+0000] {processor.py:208} INFO - Processing /home/airflow/.local/lib/python3.12/site-packages/airflow/example_dags/example_xcom.py took 0.103 seconds
[2024-09-03T11:31:06.003+0000] {processor.py:186} INFO - Started process (PID=533) to work on /home/airflow/.local/lib/python3.12/site-packages/airflow/example_dags/example_xcom.py
[2024-09-03T11:31:06.005+0000] {processor.py:914} INFO - Processing file /home/airflow/.local/lib/python3.12/site-packages/airflow/example_dags/example_xcom.py for tasks to queue
[2024-09-03T11:31:06.007+0000] {logging_mixin.py:190} INFO - [2024-09-03T11:31:06.007+0000] {dagbag.py:587} INFO - Filling up the DagBag from /home/airflow/.local/lib/python3.12/site-packages/airflow/example_dags/example_xcom.py
[2024-09-03T11:31:06.017+0000] {processor.py:925} INFO - DAG(s) 'example_xcom' retrieved from /home/airflow/.local/lib/python3.12/site-packages/airflow/example_dags/example_xcom.py
[2024-09-03T11:31:06.045+0000] {logging_mixin.py:190} INFO - [2024-09-03T11:31:06.045+0000] {dag.py:3211} INFO - Sync 1 DAGs
[2024-09-03T11:31:06.078+0000] {logging_mixin.py:190} INFO - [2024-09-03T11:31:06.077+0000] {dag.py:4138} INFO - Setting next_dagrun for example_xcom to 2021-01-01 00:00:00+00:00, run_after=2021-01-01 00:00:00+00:00
[2024-09-03T11:31:06.104+0000] {processor.py:208} INFO - Processing /home/airflow/.local/lib/python3.12/site-packages/airflow/example_dags/example_xcom.py took 0.107 seconds
[2024-09-03T11:31:36.523+0000] {processor.py:186} INFO - Started process (PID=596) to work on /home/airflow/.local/lib/python3.12/site-packages/airflow/example_dags/example_xcom.py
[2024-09-03T11:31:36.524+0000] {processor.py:914} INFO - Processing file /home/airflow/.local/lib/python3.12/site-packages/airflow/example_dags/example_xcom.py for tasks to queue
[2024-09-03T11:31:36.527+0000] {logging_mixin.py:190} INFO - [2024-09-03T11:31:36.527+0000] {dagbag.py:587} INFO - Filling up the DagBag from /home/airflow/.local/lib/python3.12/site-packages/airflow/example_dags/example_xcom.py
[2024-09-03T11:31:36.536+0000] {processor.py:925} INFO - DAG(s) 'example_xcom' retrieved from /home/airflow/.local/lib/python3.12/site-packages/airflow/example_dags/example_xcom.py
[2024-09-03T11:31:36.559+0000] {logging_mixin.py:190} INFO - [2024-09-03T11:31:36.559+0000] {dag.py:3211} INFO - Sync 1 DAGs
[2024-09-03T11:31:36.584+0000] {logging_mixin.py:190} INFO - [2024-09-03T11:31:36.583+0000] {dag.py:4138} INFO - Setting next_dagrun for example_xcom to 2021-01-01 00:00:00+00:00, run_after=2021-01-01 00:00:00+00:00
[2024-09-03T11:31:36.612+0000] {processor.py:208} INFO - Processing /home/airflow/.local/lib/python3.12/site-packages/airflow/example_dags/example_xcom.py took 0.094 seconds
[2024-09-03T11:32:06.855+0000] {processor.py:186} INFO - Started process (PID=659) to work on /home/airflow/.local/lib/python3.12/site-packages/airflow/example_dags/example_xcom.py
[2024-09-03T11:32:06.857+0000] {processor.py:914} INFO - Processing file /home/airflow/.local/lib/python3.12/site-packages/airflow/example_dags/example_xcom.py for tasks to queue
[2024-09-03T11:32:06.861+0000] {logging_mixin.py:190} INFO - [2024-09-03T11:32:06.860+0000] {dagbag.py:587} INFO - Filling up the DagBag from /home/airflow/.local/lib/python3.12/site-packages/airflow/example_dags/example_xcom.py
[2024-09-03T11:32:06.868+0000] {processor.py:925} INFO - DAG(s) 'example_xcom' retrieved from /home/airflow/.local/lib/python3.12/site-packages/airflow/example_dags/example_xcom.py
[2024-09-03T11:32:06.894+0000] {logging_mixin.py:190} INFO - [2024-09-03T11:32:06.893+0000] {dag.py:3211} INFO - Sync 1 DAGs
[2024-09-03T11:32:06.920+0000] {logging_mixin.py:190} INFO - [2024-09-03T11:32:06.920+0000] {dag.py:4138} INFO - Setting next_dagrun for example_xcom to 2021-01-01 00:00:00+00:00, run_after=2021-01-01 00:00:00+00:00
[2024-09-03T11:32:06.948+0000] {processor.py:208} INFO - Processing /home/airflow/.local/lib/python3.12/site-packages/airflow/example_dags/example_xcom.py took 0.098 seconds
[2024-09-03T11:32:37.892+0000] {processor.py:186} INFO - Started process (PID=722) to work on /home/airflow/.local/lib/python3.12/site-packages/airflow/example_dags/example_xcom.py
[2024-09-03T11:32:37.893+0000] {processor.py:914} INFO - Processing file /home/airflow/.local/lib/python3.12/site-packages/airflow/example_dags/example_xcom.py for tasks to queue
[2024-09-03T11:32:37.897+0000] {logging_mixin.py:190} INFO - [2024-09-03T11:32:37.896+0000] {dagbag.py:587} INFO - Filling up the DagBag from /home/airflow/.local/lib/python3.12/site-packages/airflow/example_dags/example_xcom.py
[2024-09-03T11:32:37.908+0000] {processor.py:925} INFO - DAG(s) 'example_xcom' retrieved from /home/airflow/.local/lib/python3.12/site-packages/airflow/example_dags/example_xcom.py
[2024-09-03T11:32:37.935+0000] {logging_mixin.py:190} INFO - [2024-09-03T11:32:37.934+0000] {dag.py:3211} INFO - Sync 1 DAGs
[2024-09-03T11:32:37.966+0000] {logging_mixin.py:190} INFO - [2024-09-03T11:32:37.966+0000] {dag.py:4138} INFO - Setting next_dagrun for example_xcom to 2021-01-01 00:00:00+00:00, run_after=2021-01-01 00:00:00+00:00
[2024-09-03T11:32:37.992+0000] {processor.py:208} INFO - Processing /home/airflow/.local/lib/python3.12/site-packages/airflow/example_dags/example_xcom.py took 0.109 seconds
[2024-09-03T11:33:08.977+0000] {processor.py:186} INFO - Started process (PID=785) to work on /home/airflow/.local/lib/python3.12/site-packages/airflow/example_dags/example_xcom.py
[2024-09-03T11:33:08.978+0000] {processor.py:914} INFO - Processing file /home/airflow/.local/lib/python3.12/site-packages/airflow/example_dags/example_xcom.py for tasks to queue
[2024-09-03T11:33:08.981+0000] {logging_mixin.py:190} INFO - [2024-09-03T11:33:08.981+0000] {dagbag.py:587} INFO - Filling up the DagBag from /home/airflow/.local/lib/python3.12/site-packages/airflow/example_dags/example_xcom.py
[2024-09-03T11:33:08.998+0000] {processor.py:925} INFO - DAG(s) 'example_xcom' retrieved from /home/airflow/.local/lib/python3.12/site-packages/airflow/example_dags/example_xcom.py
[2024-09-03T11:33:09.037+0000] {logging_mixin.py:190} INFO - [2024-09-03T11:33:09.036+0000] {dag.py:3211} INFO - Sync 1 DAGs
[2024-09-03T11:33:09.080+0000] {logging_mixin.py:190} INFO - [2024-09-03T11:33:09.079+0000] {dag.py:4138} INFO - Setting next_dagrun for example_xcom to 2021-01-01 00:00:00+00:00, run_after=2021-01-01 00:00:00+00:00
[2024-09-03T11:33:09.125+0000] {processor.py:208} INFO - Processing /home/airflow/.local/lib/python3.12/site-packages/airflow/example_dags/example_xcom.py took 0.157 seconds
[2024-09-03T11:33:39.270+0000] {processor.py:186} INFO - Started process (PID=848) to work on /home/airflow/.local/lib/python3.12/site-packages/airflow/example_dags/example_xcom.py
[2024-09-03T11:33:39.272+0000] {processor.py:914} INFO - Processing file /home/airflow/.local/lib/python3.12/site-packages/airflow/example_dags/example_xcom.py for tasks to queue
[2024-09-03T11:33:39.276+0000] {logging_mixin.py:190} INFO - [2024-09-03T11:33:39.276+0000] {dagbag.py:587} INFO - Filling up the DagBag from /home/airflow/.local/lib/python3.12/site-packages/airflow/example_dags/example_xcom.py
[2024-09-03T11:33:39.285+0000] {processor.py:925} INFO - DAG(s) 'example_xcom' retrieved from /home/airflow/.local/lib/python3.12/site-packages/airflow/example_dags/example_xcom.py
[2024-09-03T11:33:39.310+0000] {logging_mixin.py:190} INFO - [2024-09-03T11:33:39.310+0000] {dag.py:3211} INFO - Sync 1 DAGs
[2024-09-03T11:33:39.334+0000] {logging_mixin.py:190} INFO - [2024-09-03T11:33:39.334+0000] {dag.py:4138} INFO - Setting next_dagrun for example_xcom to 2021-01-01 00:00:00+00:00, run_after=2021-01-01 00:00:00+00:00
[2024-09-03T11:33:39.364+0000] {processor.py:208} INFO - Processing /home/airflow/.local/lib/python3.12/site-packages/airflow/example_dags/example_xcom.py took 0.099 seconds
[2024-09-03T11:34:09.856+0000] {processor.py:186} INFO - Started process (PID=911) to work on /home/airflow/.local/lib/python3.12/site-packages/airflow/example_dags/example_xcom.py
[2024-09-03T11:34:09.858+0000] {processor.py:914} INFO - Processing file /home/airflow/.local/lib/python3.12/site-packages/airflow/example_dags/example_xcom.py for tasks to queue
[2024-09-03T11:34:09.861+0000] {logging_mixin.py:190} INFO - [2024-09-03T11:34:09.861+0000] {dagbag.py:587} INFO - Filling up the DagBag from /home/airflow/.local/lib/python3.12/site-packages/airflow/example_dags/example_xcom.py
[2024-09-03T11:34:09.882+0000] {processor.py:925} INFO - DAG(s) 'example_xcom' retrieved from /home/airflow/.local/lib/python3.12/site-packages/airflow/example_dags/example_xcom.py
[2024-09-03T11:34:09.921+0000] {logging_mixin.py:190} INFO - [2024-09-03T11:34:09.920+0000] {dag.py:3211} INFO - Sync 1 DAGs
[2024-09-03T11:34:09.968+0000] {logging_mixin.py:190} INFO - [2024-09-03T11:34:09.967+0000] {dag.py:4138} INFO - Setting next_dagrun for example_xcom to 2021-01-01 00:00:00+00:00, run_after=2021-01-01 00:00:00+00:00
[2024-09-03T11:34:10.040+0000] {processor.py:208} INFO - Processing /home/airflow/.local/lib/python3.12/site-packages/airflow/example_dags/example_xcom.py took 0.190 seconds
[2024-09-03T11:34:40.576+0000] {processor.py:186} INFO - Started process (PID=974) to work on /home/airflow/.local/lib/python3.12/site-packages/airflow/example_dags/example_xcom.py
[2024-09-03T11:34:40.578+0000] {processor.py:914} INFO - Processing file /home/airflow/.local/lib/python3.12/site-packages/airflow/example_dags/example_xcom.py for tasks to queue
[2024-09-03T11:34:40.581+0000] {logging_mixin.py:190} INFO - [2024-09-03T11:34:40.581+0000] {dagbag.py:587} INFO - Filling up the DagBag from /home/airflow/.local/lib/python3.12/site-packages/airflow/example_dags/example_xcom.py
[2024-09-03T11:34:40.597+0000] {processor.py:925} INFO - DAG(s) 'example_xcom' retrieved from /home/airflow/.local/lib/python3.12/site-packages/airflow/example_dags/example_xcom.py
[2024-09-03T11:34:40.633+0000] {logging_mixin.py:190} INFO - [2024-09-03T11:34:40.633+0000] {dag.py:3211} INFO - Sync 1 DAGs
[2024-09-03T11:34:40.677+0000] {logging_mixin.py:190} INFO - [2024-09-03T11:34:40.676+0000] {dag.py:4138} INFO - Setting next_dagrun for example_xcom to 2021-01-01 00:00:00+00:00, run_after=2021-01-01 00:00:00+00:00
[2024-09-03T11:34:40.729+0000] {processor.py:208} INFO - Processing /home/airflow/.local/lib/python3.12/site-packages/airflow/example_dags/example_xcom.py took 0.161 seconds
[2024-09-03T11:35:10.846+0000] {processor.py:186} INFO - Started process (PID=1037) to work on /home/airflow/.local/lib/python3.12/site-packages/airflow/example_dags/example_xcom.py
[2024-09-03T11:35:10.847+0000] {processor.py:914} INFO - Processing file /home/airflow/.local/lib/python3.12/site-packages/airflow/example_dags/example_xcom.py for tasks to queue
[2024-09-03T11:35:10.850+0000] {logging_mixin.py:190} INFO - [2024-09-03T11:35:10.850+0000] {dagbag.py:587} INFO - Filling up the DagBag from /home/airflow/.local/lib/python3.12/site-packages/airflow/example_dags/example_xcom.py
[2024-09-03T11:35:10.859+0000] {processor.py:925} INFO - DAG(s) 'example_xcom' retrieved from /home/airflow/.local/lib/python3.12/site-packages/airflow/example_dags/example_xcom.py
[2024-09-03T11:35:10.883+0000] {logging_mixin.py:190} INFO - [2024-09-03T11:35:10.883+0000] {dag.py:3211} INFO - Sync 1 DAGs
[2024-09-03T11:35:10.912+0000] {logging_mixin.py:190} INFO - [2024-09-03T11:35:10.912+0000] {dag.py:4138} INFO - Setting next_dagrun for example_xcom to 2021-01-01 00:00:00+00:00, run_after=2021-01-01 00:00:00+00:00
[2024-09-03T11:35:10.938+0000] {processor.py:208} INFO - Processing /home/airflow/.local/lib/python3.12/site-packages/airflow/example_dags/example_xcom.py took 0.097 seconds
[2024-09-03T11:35:41.481+0000] {processor.py:186} INFO - Started process (PID=1100) to work on /home/airflow/.local/lib/python3.12/site-packages/airflow/example_dags/example_xcom.py
[2024-09-03T11:35:41.482+0000] {processor.py:914} INFO - Processing file /home/airflow/.local/lib/python3.12/site-packages/airflow/example_dags/example_xcom.py for tasks to queue
[2024-09-03T11:35:41.485+0000] {logging_mixin.py:190} INFO - [2024-09-03T11:35:41.484+0000] {dagbag.py:587} INFO - Filling up the DagBag from /home/airflow/.local/lib/python3.12/site-packages/airflow/example_dags/example_xcom.py
[2024-09-03T11:35:41.493+0000] {processor.py:925} INFO - DAG(s) 'example_xcom' retrieved from /home/airflow/.local/lib/python3.12/site-packages/airflow/example_dags/example_xcom.py
[2024-09-03T11:35:41.518+0000] {logging_mixin.py:190} INFO - [2024-09-03T11:35:41.518+0000] {dag.py:3211} INFO - Sync 1 DAGs
[2024-09-03T11:35:41.542+0000] {logging_mixin.py:190} INFO - [2024-09-03T11:35:41.542+0000] {dag.py:4138} INFO - Setting next_dagrun for example_xcom to 2021-01-01 00:00:00+00:00, run_after=2021-01-01 00:00:00+00:00
[2024-09-03T11:35:41.566+0000] {processor.py:208} INFO - Processing /home/airflow/.local/lib/python3.12/site-packages/airflow/example_dags/example_xcom.py took 0.091 seconds
[2024-09-03T11:36:12.452+0000] {processor.py:186} INFO - Started process (PID=1163) to work on /home/airflow/.local/lib/python3.12/site-packages/airflow/example_dags/example_xcom.py
[2024-09-03T11:36:12.453+0000] {processor.py:914} INFO - Processing file /home/airflow/.local/lib/python3.12/site-packages/airflow/example_dags/example_xcom.py for tasks to queue
[2024-09-03T11:36:12.456+0000] {logging_mixin.py:190} INFO - [2024-09-03T11:36:12.455+0000] {dagbag.py:587} INFO - Filling up the DagBag from /home/airflow/.local/lib/python3.12/site-packages/airflow/example_dags/example_xcom.py
[2024-09-03T11:36:12.464+0000] {processor.py:925} INFO - DAG(s) 'example_xcom' retrieved from /home/airflow/.local/lib/python3.12/site-packages/airflow/example_dags/example_xcom.py
[2024-09-03T11:36:12.488+0000] {logging_mixin.py:190} INFO - [2024-09-03T11:36:12.488+0000] {dag.py:3211} INFO - Sync 1 DAGs
[2024-09-03T11:36:12.513+0000] {logging_mixin.py:190} INFO - [2024-09-03T11:36:12.513+0000] {dag.py:4138} INFO - Setting next_dagrun for example_xcom to 2021-01-01 00:00:00+00:00, run_after=2021-01-01 00:00:00+00:00
[2024-09-03T11:36:12.538+0000] {processor.py:208} INFO - Processing /home/airflow/.local/lib/python3.12/site-packages/airflow/example_dags/example_xcom.py took 0.091 seconds
[2024-09-03T11:36:43.665+0000] {processor.py:186} INFO - Started process (PID=1226) to work on /home/airflow/.local/lib/python3.12/site-packages/airflow/example_dags/example_xcom.py
[2024-09-03T11:36:43.667+0000] {processor.py:914} INFO - Processing file /home/airflow/.local/lib/python3.12/site-packages/airflow/example_dags/example_xcom.py for tasks to queue
[2024-09-03T11:36:43.670+0000] {logging_mixin.py:190} INFO - [2024-09-03T11:36:43.670+0000] {dagbag.py:587} INFO - Filling up the DagBag from /home/airflow/.local/lib/python3.12/site-packages/airflow/example_dags/example_xcom.py
[2024-09-03T11:36:43.682+0000] {processor.py:925} INFO - DAG(s) 'example_xcom' retrieved from /home/airflow/.local/lib/python3.12/site-packages/airflow/example_dags/example_xcom.py
[2024-09-03T11:36:43.713+0000] {logging_mixin.py:190} INFO - [2024-09-03T11:36:43.712+0000] {dag.py:3211} INFO - Sync 1 DAGs
[2024-09-03T11:36:43.754+0000] {logging_mixin.py:190} INFO - [2024-09-03T11:36:43.753+0000] {dag.py:4138} INFO - Setting next_dagrun for example_xcom to 2021-01-01 00:00:00+00:00, run_after=2021-01-01 00:00:00+00:00
[2024-09-03T11:36:43.790+0000] {processor.py:208} INFO - Processing /home/airflow/.local/lib/python3.12/site-packages/airflow/example_dags/example_xcom.py took 0.132 seconds
[2024-09-03T11:37:15.491+0000] {processor.py:186} INFO - Started process (PID=1289) to work on /home/airflow/.local/lib/python3.12/site-packages/airflow/example_dags/example_xcom.py
[2024-09-03T11:37:15.494+0000] {processor.py:914} INFO - Processing file /home/airflow/.local/lib/python3.12/site-packages/airflow/example_dags/example_xcom.py for tasks to queue
[2024-09-03T11:37:15.498+0000] {logging_mixin.py:190} INFO - [2024-09-03T11:37:15.498+0000] {dagbag.py:587} INFO - Filling up the DagBag from /home/airflow/.local/lib/python3.12/site-packages/airflow/example_dags/example_xcom.py
[2024-09-03T11:37:15.516+0000] {processor.py:925} INFO - DAG(s) 'example_xcom' retrieved from /home/airflow/.local/lib/python3.12/site-packages/airflow/example_dags/example_xcom.py
[2024-09-03T11:37:15.556+0000] {logging_mixin.py:190} INFO - [2024-09-03T11:37:15.556+0000] {dag.py:3211} INFO - Sync 1 DAGs
[2024-09-03T11:37:15.599+0000] {logging_mixin.py:190} INFO - [2024-09-03T11:37:15.598+0000] {dag.py:4138} INFO - Setting next_dagrun for example_xcom to 2021-01-01 00:00:00+00:00, run_after=2021-01-01 00:00:00+00:00
[2024-09-03T11:37:15.637+0000] {processor.py:208} INFO - Processing /home/airflow/.local/lib/python3.12/site-packages/airflow/example_dags/example_xcom.py took 0.159 seconds
[2024-09-03T11:37:45.829+0000] {processor.py:186} INFO - Started process (PID=1352) to work on /home/airflow/.local/lib/python3.12/site-packages/airflow/example_dags/example_xcom.py
[2024-09-03T11:37:45.831+0000] {processor.py:914} INFO - Processing file /home/airflow/.local/lib/python3.12/site-packages/airflow/example_dags/example_xcom.py for tasks to queue
[2024-09-03T11:37:45.835+0000] {logging_mixin.py:190} INFO - [2024-09-03T11:37:45.834+0000] {dagbag.py:587} INFO - Filling up the DagBag from /home/airflow/.local/lib/python3.12/site-packages/airflow/example_dags/example_xcom.py
[2024-09-03T11:37:45.849+0000] {processor.py:925} INFO - DAG(s) 'example_xcom' retrieved from /home/airflow/.local/lib/python3.12/site-packages/airflow/example_dags/example_xcom.py
[2024-09-03T11:37:45.885+0000] {logging_mixin.py:190} INFO - [2024-09-03T11:37:45.885+0000] {dag.py:3211} INFO - Sync 1 DAGs
[2024-09-03T11:37:45.921+0000] {logging_mixin.py:190} INFO - [2024-09-03T11:37:45.920+0000] {dag.py:4138} INFO - Setting next_dagrun for example_xcom to 2021-01-01 00:00:00+00:00, run_after=2021-01-01 00:00:00+00:00
[2024-09-03T11:37:45.959+0000] {processor.py:208} INFO - Processing /home/airflow/.local/lib/python3.12/site-packages/airflow/example_dags/example_xcom.py took 0.138 seconds
[2024-09-03T11:38:16.725+0000] {processor.py:186} INFO - Started process (PID=1415) to work on /home/airflow/.local/lib/python3.12/site-packages/airflow/example_dags/example_xcom.py
[2024-09-03T11:38:16.728+0000] {processor.py:914} INFO - Processing file /home/airflow/.local/lib/python3.12/site-packages/airflow/example_dags/example_xcom.py for tasks to queue
[2024-09-03T11:38:16.732+0000] {logging_mixin.py:190} INFO - [2024-09-03T11:38:16.731+0000] {dagbag.py:587} INFO - Filling up the DagBag from /home/airflow/.local/lib/python3.12/site-packages/airflow/example_dags/example_xcom.py
[2024-09-03T11:38:16.750+0000] {processor.py:925} INFO - DAG(s) 'example_xcom' retrieved from /home/airflow/.local/lib/python3.12/site-packages/airflow/example_dags/example_xcom.py
[2024-09-03T11:38:16.791+0000] {logging_mixin.py:190} INFO - [2024-09-03T11:38:16.790+0000] {dag.py:3211} INFO - Sync 1 DAGs
[2024-09-03T11:38:16.829+0000] {logging_mixin.py:190} INFO - [2024-09-03T11:38:16.828+0000] {dag.py:4138} INFO - Setting next_dagrun for example_xcom to 2021-01-01 00:00:00+00:00, run_after=2021-01-01 00:00:00+00:00
[2024-09-03T11:38:16.867+0000] {processor.py:208} INFO - Processing /home/airflow/.local/lib/python3.12/site-packages/airflow/example_dags/example_xcom.py took 0.154 seconds
[2024-09-03T11:38:47.596+0000] {processor.py:186} INFO - Started process (PID=1478) to work on /home/airflow/.local/lib/python3.12/site-packages/airflow/example_dags/example_xcom.py
[2024-09-03T11:38:47.598+0000] {processor.py:914} INFO - Processing file /home/airflow/.local/lib/python3.12/site-packages/airflow/example_dags/example_xcom.py for tasks to queue
[2024-09-03T11:38:47.602+0000] {logging_mixin.py:190} INFO - [2024-09-03T11:38:47.601+0000] {dagbag.py:587} INFO - Filling up the DagBag from /home/airflow/.local/lib/python3.12/site-packages/airflow/example_dags/example_xcom.py
[2024-09-03T11:38:47.617+0000] {processor.py:925} INFO - DAG(s) 'example_xcom' retrieved from /home/airflow/.local/lib/python3.12/site-packages/airflow/example_dags/example_xcom.py
[2024-09-03T11:38:47.657+0000] {logging_mixin.py:190} INFO - [2024-09-03T11:38:47.656+0000] {dag.py:3211} INFO - Sync 1 DAGs
[2024-09-03T11:38:47.697+0000] {logging_mixin.py:190} INFO - [2024-09-03T11:38:47.696+0000] {dag.py:4138} INFO - Setting next_dagrun for example_xcom to 2021-01-01 00:00:00+00:00, run_after=2021-01-01 00:00:00+00:00
[2024-09-03T11:38:47.739+0000] {processor.py:208} INFO - Processing /home/airflow/.local/lib/python3.12/site-packages/airflow/example_dags/example_xcom.py took 0.152 seconds
[2024-09-03T11:39:18.030+0000] {processor.py:186} INFO - Started process (PID=1541) to work on /home/airflow/.local/lib/python3.12/site-packages/airflow/example_dags/example_xcom.py
[2024-09-03T11:39:18.032+0000] {processor.py:914} INFO - Processing file /home/airflow/.local/lib/python3.12/site-packages/airflow/example_dags/example_xcom.py for tasks to queue
[2024-09-03T11:39:18.038+0000] {logging_mixin.py:190} INFO - [2024-09-03T11:39:18.037+0000] {dagbag.py:587} INFO - Filling up the DagBag from /home/airflow/.local/lib/python3.12/site-packages/airflow/example_dags/example_xcom.py
[2024-09-03T11:39:18.054+0000] {processor.py:925} INFO - DAG(s) 'example_xcom' retrieved from /home/airflow/.local/lib/python3.12/site-packages/airflow/example_dags/example_xcom.py
[2024-09-03T11:39:18.091+0000] {logging_mixin.py:190} INFO - [2024-09-03T11:39:18.090+0000] {dag.py:3211} INFO - Sync 1 DAGs
[2024-09-03T11:39:18.132+0000] {logging_mixin.py:190} INFO - [2024-09-03T11:39:18.132+0000] {dag.py:4138} INFO - Setting next_dagrun for example_xcom to 2021-01-01 00:00:00+00:00, run_after=2021-01-01 00:00:00+00:00
[2024-09-03T11:39:18.163+0000] {processor.py:208} INFO - Processing /home/airflow/.local/lib/python3.12/site-packages/airflow/example_dags/example_xcom.py took 0.141 seconds
[2024-09-03T11:39:48.416+0000] {processor.py:186} INFO - Started process (PID=1604) to work on /home/airflow/.local/lib/python3.12/site-packages/airflow/example_dags/example_xcom.py
[2024-09-03T11:39:48.417+0000] {processor.py:914} INFO - Processing file /home/airflow/.local/lib/python3.12/site-packages/airflow/example_dags/example_xcom.py for tasks to queue
[2024-09-03T11:39:48.422+0000] {logging_mixin.py:190} INFO - [2024-09-03T11:39:48.421+0000] {dagbag.py:587} INFO - Filling up the DagBag from /home/airflow/.local/lib/python3.12/site-packages/airflow/example_dags/example_xcom.py
[2024-09-03T11:39:48.437+0000] {processor.py:925} INFO - DAG(s) 'example_xcom' retrieved from /home/airflow/.local/lib/python3.12/site-packages/airflow/example_dags/example_xcom.py
[2024-09-03T11:39:48.487+0000] {logging_mixin.py:190} INFO - [2024-09-03T11:39:48.486+0000] {dag.py:3211} INFO - Sync 1 DAGs
[2024-09-03T11:39:48.535+0000] {logging_mixin.py:190} INFO - [2024-09-03T11:39:48.535+0000] {dag.py:4138} INFO - Setting next_dagrun for example_xcom to 2021-01-01 00:00:00+00:00, run_after=2021-01-01 00:00:00+00:00
[2024-09-03T11:39:48.583+0000] {processor.py:208} INFO - Processing /home/airflow/.local/lib/python3.12/site-packages/airflow/example_dags/example_xcom.py took 0.176 seconds
[2024-09-03T11:40:18.719+0000] {processor.py:186} INFO - Started process (PID=1667) to work on /home/airflow/.local/lib/python3.12/site-packages/airflow/example_dags/example_xcom.py
[2024-09-03T11:40:18.721+0000] {processor.py:914} INFO - Processing file /home/airflow/.local/lib/python3.12/site-packages/airflow/example_dags/example_xcom.py for tasks to queue
[2024-09-03T11:40:18.724+0000] {logging_mixin.py:190} INFO - [2024-09-03T11:40:18.723+0000] {dagbag.py:587} INFO - Filling up the DagBag from /home/airflow/.local/lib/python3.12/site-packages/airflow/example_dags/example_xcom.py
[2024-09-03T11:40:18.735+0000] {processor.py:925} INFO - DAG(s) 'example_xcom' retrieved from /home/airflow/.local/lib/python3.12/site-packages/airflow/example_dags/example_xcom.py
[2024-09-03T11:40:18.769+0000] {logging_mixin.py:190} INFO - [2024-09-03T11:40:18.769+0000] {dag.py:3211} INFO - Sync 1 DAGs
[2024-09-03T11:40:18.800+0000] {logging_mixin.py:190} INFO - [2024-09-03T11:40:18.800+0000] {dag.py:4138} INFO - Setting next_dagrun for example_xcom to 2021-01-01 00:00:00+00:00, run_after=2021-01-01 00:00:00+00:00
[2024-09-03T11:40:18.838+0000] {processor.py:208} INFO - Processing /home/airflow/.local/lib/python3.12/site-packages/airflow/example_dags/example_xcom.py took 0.125 seconds
[2024-09-03T11:40:49.810+0000] {processor.py:186} INFO - Started process (PID=1731) to work on /home/airflow/.local/lib/python3.12/site-packages/airflow/example_dags/example_xcom.py
[2024-09-03T11:40:49.819+0000] {processor.py:914} INFO - Processing file /home/airflow/.local/lib/python3.12/site-packages/airflow/example_dags/example_xcom.py for tasks to queue
[2024-09-03T11:40:49.838+0000] {logging_mixin.py:190} INFO - [2024-09-03T11:40:49.833+0000] {dagbag.py:587} INFO - Filling up the DagBag from /home/airflow/.local/lib/python3.12/site-packages/airflow/example_dags/example_xcom.py
[2024-09-03T11:40:49.866+0000] {processor.py:925} INFO - DAG(s) 'example_xcom' retrieved from /home/airflow/.local/lib/python3.12/site-packages/airflow/example_dags/example_xcom.py
[2024-09-03T11:40:49.922+0000] {logging_mixin.py:190} INFO - [2024-09-03T11:40:49.921+0000] {dag.py:3211} INFO - Sync 1 DAGs
[2024-09-03T11:40:49.986+0000] {logging_mixin.py:190} INFO - [2024-09-03T11:40:49.984+0000] {dag.py:4138} INFO - Setting next_dagrun for example_xcom to 2021-01-01 00:00:00+00:00, run_after=2021-01-01 00:00:00+00:00
[2024-09-03T11:40:50.088+0000] {processor.py:208} INFO - Processing /home/airflow/.local/lib/python3.12/site-packages/airflow/example_dags/example_xcom.py took 0.316 seconds
[2024-09-03T11:41:20.481+0000] {processor.py:186} INFO - Started process (PID=1794) to work on /home/airflow/.local/lib/python3.12/site-packages/airflow/example_dags/example_xcom.py
[2024-09-03T11:41:20.484+0000] {processor.py:914} INFO - Processing file /home/airflow/.local/lib/python3.12/site-packages/airflow/example_dags/example_xcom.py for tasks to queue
[2024-09-03T11:41:20.488+0000] {logging_mixin.py:190} INFO - [2024-09-03T11:41:20.487+0000] {dagbag.py:587} INFO - Filling up the DagBag from /home/airflow/.local/lib/python3.12/site-packages/airflow/example_dags/example_xcom.py
[2024-09-03T11:41:20.507+0000] {processor.py:925} INFO - DAG(s) 'example_xcom' retrieved from /home/airflow/.local/lib/python3.12/site-packages/airflow/example_dags/example_xcom.py
[2024-09-03T11:41:20.552+0000] {logging_mixin.py:190} INFO - [2024-09-03T11:41:20.551+0000] {dag.py:3211} INFO - Sync 1 DAGs
[2024-09-03T11:41:20.596+0000] {logging_mixin.py:190} INFO - [2024-09-03T11:41:20.596+0000] {dag.py:4138} INFO - Setting next_dagrun for example_xcom to 2021-01-01 00:00:00+00:00, run_after=2021-01-01 00:00:00+00:00
[2024-09-03T11:41:20.642+0000] {processor.py:208} INFO - Processing /home/airflow/.local/lib/python3.12/site-packages/airflow/example_dags/example_xcom.py took 0.169 seconds
[2024-09-03T11:41:50.749+0000] {processor.py:186} INFO - Started process (PID=1857) to work on /home/airflow/.local/lib/python3.12/site-packages/airflow/example_dags/example_xcom.py
[2024-09-03T11:41:50.750+0000] {processor.py:914} INFO - Processing file /home/airflow/.local/lib/python3.12/site-packages/airflow/example_dags/example_xcom.py for tasks to queue
[2024-09-03T11:41:50.755+0000] {logging_mixin.py:190} INFO - [2024-09-03T11:41:50.754+0000] {dagbag.py:587} INFO - Filling up the DagBag from /home/airflow/.local/lib/python3.12/site-packages/airflow/example_dags/example_xcom.py
[2024-09-03T11:41:50.769+0000] {processor.py:925} INFO - DAG(s) 'example_xcom' retrieved from /home/airflow/.local/lib/python3.12/site-packages/airflow/example_dags/example_xcom.py
[2024-09-03T11:41:50.808+0000] {logging_mixin.py:190} INFO - [2024-09-03T11:41:50.807+0000] {dag.py:3211} INFO - Sync 1 DAGs
[2024-09-03T11:41:50.850+0000] {logging_mixin.py:190} INFO - [2024-09-03T11:41:50.850+0000] {dag.py:4138} INFO - Setting next_dagrun for example_xcom to 2021-01-01 00:00:00+00:00, run_after=2021-01-01 00:00:00+00:00
[2024-09-03T11:41:50.892+0000] {processor.py:208} INFO - Processing /home/airflow/.local/lib/python3.12/site-packages/airflow/example_dags/example_xcom.py took 0.152 seconds
[2024-09-03T11:42:21.672+0000] {processor.py:186} INFO - Started process (PID=1920) to work on /home/airflow/.local/lib/python3.12/site-packages/airflow/example_dags/example_xcom.py
[2024-09-03T11:42:21.676+0000] {processor.py:914} INFO - Processing file /home/airflow/.local/lib/python3.12/site-packages/airflow/example_dags/example_xcom.py for tasks to queue
[2024-09-03T11:42:21.683+0000] {logging_mixin.py:190} INFO - [2024-09-03T11:42:21.682+0000] {dagbag.py:587} INFO - Filling up the DagBag from /home/airflow/.local/lib/python3.12/site-packages/airflow/example_dags/example_xcom.py
[2024-09-03T11:42:21.707+0000] {processor.py:925} INFO - DAG(s) 'example_xcom' retrieved from /home/airflow/.local/lib/python3.12/site-packages/airflow/example_dags/example_xcom.py
[2024-09-03T11:42:21.769+0000] {logging_mixin.py:190} INFO - [2024-09-03T11:42:21.768+0000] {dag.py:3211} INFO - Sync 1 DAGs
[2024-09-03T11:42:21.821+0000] {logging_mixin.py:190} INFO - [2024-09-03T11:42:21.821+0000] {dag.py:4138} INFO - Setting next_dagrun for example_xcom to 2021-01-01 00:00:00+00:00, run_after=2021-01-01 00:00:00+00:00
[2024-09-03T11:42:21.866+0000] {processor.py:208} INFO - Processing /home/airflow/.local/lib/python3.12/site-packages/airflow/example_dags/example_xcom.py took 0.206 seconds
[2024-09-03T11:42:52.485+0000] {processor.py:186} INFO - Started process (PID=1983) to work on /home/airflow/.local/lib/python3.12/site-packages/airflow/example_dags/example_xcom.py
[2024-09-03T11:42:52.487+0000] {processor.py:914} INFO - Processing file /home/airflow/.local/lib/python3.12/site-packages/airflow/example_dags/example_xcom.py for tasks to queue
[2024-09-03T11:42:52.492+0000] {logging_mixin.py:190} INFO - [2024-09-03T11:42:52.491+0000] {dagbag.py:587} INFO - Filling up the DagBag from /home/airflow/.local/lib/python3.12/site-packages/airflow/example_dags/example_xcom.py
[2024-09-03T11:42:52.520+0000] {processor.py:925} INFO - DAG(s) 'example_xcom' retrieved from /home/airflow/.local/lib/python3.12/site-packages/airflow/example_dags/example_xcom.py
[2024-09-03T11:42:52.574+0000] {logging_mixin.py:190} INFO - [2024-09-03T11:42:52.574+0000] {dag.py:3211} INFO - Sync 1 DAGs
[2024-09-03T11:42:52.639+0000] {logging_mixin.py:190} INFO - [2024-09-03T11:42:52.638+0000] {dag.py:4138} INFO - Setting next_dagrun for example_xcom to 2021-01-01 00:00:00+00:00, run_after=2021-01-01 00:00:00+00:00
[2024-09-03T11:42:52.736+0000] {processor.py:208} INFO - Processing /home/airflow/.local/lib/python3.12/site-packages/airflow/example_dags/example_xcom.py took 0.260 seconds
[2024-09-03T11:43:23.229+0000] {processor.py:186} INFO - Started process (PID=2046) to work on /home/airflow/.local/lib/python3.12/site-packages/airflow/example_dags/example_xcom.py
[2024-09-03T11:43:23.231+0000] {processor.py:914} INFO - Processing file /home/airflow/.local/lib/python3.12/site-packages/airflow/example_dags/example_xcom.py for tasks to queue
[2024-09-03T11:43:23.236+0000] {logging_mixin.py:190} INFO - [2024-09-03T11:43:23.235+0000] {dagbag.py:587} INFO - Filling up the DagBag from /home/airflow/.local/lib/python3.12/site-packages/airflow/example_dags/example_xcom.py
[2024-09-03T11:43:23.261+0000] {processor.py:925} INFO - DAG(s) 'example_xcom' retrieved from /home/airflow/.local/lib/python3.12/site-packages/airflow/example_dags/example_xcom.py
[2024-09-03T11:43:23.310+0000] {logging_mixin.py:190} INFO - [2024-09-03T11:43:23.309+0000] {dag.py:3211} INFO - Sync 1 DAGs
[2024-09-03T11:43:23.363+0000] {logging_mixin.py:190} INFO - [2024-09-03T11:43:23.362+0000] {dag.py:4138} INFO - Setting next_dagrun for example_xcom to 2021-01-01 00:00:00+00:00, run_after=2021-01-01 00:00:00+00:00
[2024-09-03T11:43:23.409+0000] {processor.py:208} INFO - Processing /home/airflow/.local/lib/python3.12/site-packages/airflow/example_dags/example_xcom.py took 0.191 seconds
[2024-09-03T11:43:53.707+0000] {processor.py:186} INFO - Started process (PID=2109) to work on /home/airflow/.local/lib/python3.12/site-packages/airflow/example_dags/example_xcom.py
[2024-09-03T11:43:53.709+0000] {processor.py:914} INFO - Processing file /home/airflow/.local/lib/python3.12/site-packages/airflow/example_dags/example_xcom.py for tasks to queue
[2024-09-03T11:43:53.712+0000] {logging_mixin.py:190} INFO - [2024-09-03T11:43:53.711+0000] {dagbag.py:587} INFO - Filling up the DagBag from /home/airflow/.local/lib/python3.12/site-packages/airflow/example_dags/example_xcom.py
[2024-09-03T11:43:53.723+0000] {processor.py:925} INFO - DAG(s) 'example_xcom' retrieved from /home/airflow/.local/lib/python3.12/site-packages/airflow/example_dags/example_xcom.py
[2024-09-03T11:43:53.753+0000] {logging_mixin.py:190} INFO - [2024-09-03T11:43:53.753+0000] {dag.py:3211} INFO - Sync 1 DAGs
[2024-09-03T11:43:53.781+0000] {logging_mixin.py:190} INFO - [2024-09-03T11:43:53.780+0000] {dag.py:4138} INFO - Setting next_dagrun for example_xcom to 2021-01-01 00:00:00+00:00, run_after=2021-01-01 00:00:00+00:00
[2024-09-03T11:43:53.814+0000] {processor.py:208} INFO - Processing /home/airflow/.local/lib/python3.12/site-packages/airflow/example_dags/example_xcom.py took 0.115 seconds
[2024-09-03T11:44:24.008+0000] {processor.py:186} INFO - Started process (PID=2172) to work on /home/airflow/.local/lib/python3.12/site-packages/airflow/example_dags/example_xcom.py
[2024-09-03T11:44:24.010+0000] {processor.py:914} INFO - Processing file /home/airflow/.local/lib/python3.12/site-packages/airflow/example_dags/example_xcom.py for tasks to queue
[2024-09-03T11:44:24.013+0000] {logging_mixin.py:190} INFO - [2024-09-03T11:44:24.012+0000] {dagbag.py:587} INFO - Filling up the DagBag from /home/airflow/.local/lib/python3.12/site-packages/airflow/example_dags/example_xcom.py
[2024-09-03T11:44:24.021+0000] {processor.py:925} INFO - DAG(s) 'example_xcom' retrieved from /home/airflow/.local/lib/python3.12/site-packages/airflow/example_dags/example_xcom.py
[2024-09-03T11:44:24.048+0000] {logging_mixin.py:190} INFO - [2024-09-03T11:44:24.048+0000] {dag.py:3211} INFO - Sync 1 DAGs
[2024-09-03T11:44:24.079+0000] {logging_mixin.py:190} INFO - [2024-09-03T11:44:24.078+0000] {dag.py:4138} INFO - Setting next_dagrun for example_xcom to 2021-01-01 00:00:00+00:00, run_after=2021-01-01 00:00:00+00:00
[2024-09-03T11:44:24.105+0000] {processor.py:208} INFO - Processing /home/airflow/.local/lib/python3.12/site-packages/airflow/example_dags/example_xcom.py took 0.103 seconds
[2024-09-03T11:44:54.236+0000] {processor.py:186} INFO - Started process (PID=2235) to work on /home/airflow/.local/lib/python3.12/site-packages/airflow/example_dags/example_xcom.py
[2024-09-03T11:44:54.237+0000] {processor.py:914} INFO - Processing file /home/airflow/.local/lib/python3.12/site-packages/airflow/example_dags/example_xcom.py for tasks to queue
[2024-09-03T11:44:54.240+0000] {logging_mixin.py:190} INFO - [2024-09-03T11:44:54.240+0000] {dagbag.py:587} INFO - Filling up the DagBag from /home/airflow/.local/lib/python3.12/site-packages/airflow/example_dags/example_xcom.py
[2024-09-03T11:44:54.249+0000] {processor.py:925} INFO - DAG(s) 'example_xcom' retrieved from /home/airflow/.local/lib/python3.12/site-packages/airflow/example_dags/example_xcom.py
[2024-09-03T11:44:54.275+0000] {logging_mixin.py:190} INFO - [2024-09-03T11:44:54.274+0000] {dag.py:3211} INFO - Sync 1 DAGs
[2024-09-03T11:44:54.301+0000] {logging_mixin.py:190} INFO - [2024-09-03T11:44:54.301+0000] {dag.py:4138} INFO - Setting next_dagrun for example_xcom to 2021-01-01 00:00:00+00:00, run_after=2021-01-01 00:00:00+00:00
[2024-09-03T11:44:54.326+0000] {processor.py:208} INFO - Processing /home/airflow/.local/lib/python3.12/site-packages/airflow/example_dags/example_xcom.py took 0.095 seconds
[2024-09-03T11:45:24.496+0000] {processor.py:186} INFO - Started process (PID=2298) to work on /home/airflow/.local/lib/python3.12/site-packages/airflow/example_dags/example_xcom.py
[2024-09-03T11:45:24.497+0000] {processor.py:914} INFO - Processing file /home/airflow/.local/lib/python3.12/site-packages/airflow/example_dags/example_xcom.py for tasks to queue
[2024-09-03T11:45:24.501+0000] {logging_mixin.py:190} INFO - [2024-09-03T11:45:24.500+0000] {dagbag.py:587} INFO - Filling up the DagBag from /home/airflow/.local/lib/python3.12/site-packages/airflow/example_dags/example_xcom.py
[2024-09-03T11:45:24.510+0000] {processor.py:925} INFO - DAG(s) 'example_xcom' retrieved from /home/airflow/.local/lib/python3.12/site-packages/airflow/example_dags/example_xcom.py
[2024-09-03T11:45:24.541+0000] {logging_mixin.py:190} INFO - [2024-09-03T11:45:24.540+0000] {dag.py:3211} INFO - Sync 1 DAGs
[2024-09-03T11:45:24.570+0000] {logging_mixin.py:190} INFO - [2024-09-03T11:45:24.570+0000] {dag.py:4138} INFO - Setting next_dagrun for example_xcom to 2021-01-01 00:00:00+00:00, run_after=2021-01-01 00:00:00+00:00
[2024-09-03T11:45:24.595+0000] {processor.py:208} INFO - Processing /home/airflow/.local/lib/python3.12/site-packages/airflow/example_dags/example_xcom.py took 0.105 seconds
[2024-09-03T11:45:54.785+0000] {processor.py:186} INFO - Started process (PID=2361) to work on /home/airflow/.local/lib/python3.12/site-packages/airflow/example_dags/example_xcom.py
[2024-09-03T11:45:54.787+0000] {processor.py:914} INFO - Processing file /home/airflow/.local/lib/python3.12/site-packages/airflow/example_dags/example_xcom.py for tasks to queue
[2024-09-03T11:45:54.790+0000] {logging_mixin.py:190} INFO - [2024-09-03T11:45:54.790+0000] {dagbag.py:587} INFO - Filling up the DagBag from /home/airflow/.local/lib/python3.12/site-packages/airflow/example_dags/example_xcom.py
[2024-09-03T11:45:54.805+0000] {processor.py:925} INFO - DAG(s) 'example_xcom' retrieved from /home/airflow/.local/lib/python3.12/site-packages/airflow/example_dags/example_xcom.py
[2024-09-03T11:45:54.837+0000] {logging_mixin.py:190} INFO - [2024-09-03T11:45:54.836+0000] {dag.py:3211} INFO - Sync 1 DAGs
[2024-09-03T11:45:54.872+0000] {logging_mixin.py:190} INFO - [2024-09-03T11:45:54.872+0000] {dag.py:4138} INFO - Setting next_dagrun for example_xcom to 2021-01-01 00:00:00+00:00, run_after=2021-01-01 00:00:00+00:00
[2024-09-03T11:45:54.907+0000] {processor.py:208} INFO - Processing /home/airflow/.local/lib/python3.12/site-packages/airflow/example_dags/example_xcom.py took 0.128 seconds
[2024-09-03T11:46:25.185+0000] {processor.py:186} INFO - Started process (PID=2424) to work on /home/airflow/.local/lib/python3.12/site-packages/airflow/example_dags/example_xcom.py
[2024-09-03T11:46:25.187+0000] {processor.py:914} INFO - Processing file /home/airflow/.local/lib/python3.12/site-packages/airflow/example_dags/example_xcom.py for tasks to queue
[2024-09-03T11:46:25.189+0000] {logging_mixin.py:190} INFO - [2024-09-03T11:46:25.189+0000] {dagbag.py:587} INFO - Filling up the DagBag from /home/airflow/.local/lib/python3.12/site-packages/airflow/example_dags/example_xcom.py
[2024-09-03T11:46:25.201+0000] {processor.py:925} INFO - DAG(s) 'example_xcom' retrieved from /home/airflow/.local/lib/python3.12/site-packages/airflow/example_dags/example_xcom.py
[2024-09-03T11:46:25.228+0000] {logging_mixin.py:190} INFO - [2024-09-03T11:46:25.227+0000] {dag.py:3211} INFO - Sync 1 DAGs
[2024-09-03T11:46:25.262+0000] {logging_mixin.py:190} INFO - [2024-09-03T11:46:25.261+0000] {dag.py:4138} INFO - Setting next_dagrun for example_xcom to 2021-01-01 00:00:00+00:00, run_after=2021-01-01 00:00:00+00:00
[2024-09-03T11:46:25.289+0000] {processor.py:208} INFO - Processing /home/airflow/.local/lib/python3.12/site-packages/airflow/example_dags/example_xcom.py took 0.111 seconds
[2024-09-03T11:46:56.205+0000] {processor.py:186} INFO - Started process (PID=2488) to work on /home/airflow/.local/lib/python3.12/site-packages/airflow/example_dags/example_xcom.py
[2024-09-03T11:46:56.207+0000] {processor.py:914} INFO - Processing file /home/airflow/.local/lib/python3.12/site-packages/airflow/example_dags/example_xcom.py for tasks to queue
[2024-09-03T11:46:56.210+0000] {logging_mixin.py:190} INFO - [2024-09-03T11:46:56.210+0000] {dagbag.py:587} INFO - Filling up the DagBag from /home/airflow/.local/lib/python3.12/site-packages/airflow/example_dags/example_xcom.py
[2024-09-03T11:46:56.227+0000] {processor.py:925} INFO - DAG(s) 'example_xcom' retrieved from /home/airflow/.local/lib/python3.12/site-packages/airflow/example_dags/example_xcom.py
[2024-09-03T11:46:56.260+0000] {logging_mixin.py:190} INFO - [2024-09-03T11:46:56.260+0000] {dag.py:3211} INFO - Sync 1 DAGs
[2024-09-03T11:46:56.298+0000] {logging_mixin.py:190} INFO - [2024-09-03T11:46:56.298+0000] {dag.py:4138} INFO - Setting next_dagrun for example_xcom to 2021-01-01 00:00:00+00:00, run_after=2021-01-01 00:00:00+00:00
[2024-09-03T11:46:56.331+0000] {processor.py:208} INFO - Processing /home/airflow/.local/lib/python3.12/site-packages/airflow/example_dags/example_xcom.py took 0.134 seconds
[2024-09-03T11:47:27.477+0000] {processor.py:186} INFO - Started process (PID=2551) to work on /home/airflow/.local/lib/python3.12/site-packages/airflow/example_dags/example_xcom.py
[2024-09-03T11:47:27.480+0000] {processor.py:914} INFO - Processing file /home/airflow/.local/lib/python3.12/site-packages/airflow/example_dags/example_xcom.py for tasks to queue
[2024-09-03T11:47:27.484+0000] {logging_mixin.py:190} INFO - [2024-09-03T11:47:27.484+0000] {dagbag.py:587} INFO - Filling up the DagBag from /home/airflow/.local/lib/python3.12/site-packages/airflow/example_dags/example_xcom.py
[2024-09-03T11:47:27.503+0000] {processor.py:925} INFO - DAG(s) 'example_xcom' retrieved from /home/airflow/.local/lib/python3.12/site-packages/airflow/example_dags/example_xcom.py
[2024-09-03T11:47:27.551+0000] {logging_mixin.py:190} INFO - [2024-09-03T11:47:27.550+0000] {dag.py:3211} INFO - Sync 1 DAGs
[2024-09-03T11:47:27.603+0000] {logging_mixin.py:190} INFO - [2024-09-03T11:47:27.603+0000] {dag.py:4138} INFO - Setting next_dagrun for example_xcom to 2021-01-01 00:00:00+00:00, run_after=2021-01-01 00:00:00+00:00
[2024-09-03T11:47:27.651+0000] {processor.py:208} INFO - Processing /home/airflow/.local/lib/python3.12/site-packages/airflow/example_dags/example_xcom.py took 0.184 seconds
[2024-09-03T11:47:58.828+0000] {processor.py:186} INFO - Started process (PID=2614) to work on /home/airflow/.local/lib/python3.12/site-packages/airflow/example_dags/example_xcom.py
[2024-09-03T11:47:58.831+0000] {processor.py:914} INFO - Processing file /home/airflow/.local/lib/python3.12/site-packages/airflow/example_dags/example_xcom.py for tasks to queue
[2024-09-03T11:47:58.836+0000] {logging_mixin.py:190} INFO - [2024-09-03T11:47:58.835+0000] {dagbag.py:587} INFO - Filling up the DagBag from /home/airflow/.local/lib/python3.12/site-packages/airflow/example_dags/example_xcom.py
[2024-09-03T11:47:58.854+0000] {processor.py:925} INFO - DAG(s) 'example_xcom' retrieved from /home/airflow/.local/lib/python3.12/site-packages/airflow/example_dags/example_xcom.py
[2024-09-03T11:47:58.902+0000] {logging_mixin.py:190} INFO - [2024-09-03T11:47:58.902+0000] {dag.py:3211} INFO - Sync 1 DAGs
[2024-09-03T11:47:58.958+0000] {logging_mixin.py:190} INFO - [2024-09-03T11:47:58.957+0000] {dag.py:4138} INFO - Setting next_dagrun for example_xcom to 2021-01-01 00:00:00+00:00, run_after=2021-01-01 00:00:00+00:00
[2024-09-03T11:47:59.007+0000] {processor.py:208} INFO - Processing /home/airflow/.local/lib/python3.12/site-packages/airflow/example_dags/example_xcom.py took 0.189 seconds
[2024-09-03T11:48:29.133+0000] {processor.py:186} INFO - Started process (PID=2677) to work on /home/airflow/.local/lib/python3.12/site-packages/airflow/example_dags/example_xcom.py
[2024-09-03T11:48:29.135+0000] {processor.py:914} INFO - Processing file /home/airflow/.local/lib/python3.12/site-packages/airflow/example_dags/example_xcom.py for tasks to queue
[2024-09-03T11:48:29.139+0000] {logging_mixin.py:190} INFO - [2024-09-03T11:48:29.138+0000] {dagbag.py:587} INFO - Filling up the DagBag from /home/airflow/.local/lib/python3.12/site-packages/airflow/example_dags/example_xcom.py
[2024-09-03T11:48:29.154+0000] {processor.py:925} INFO - DAG(s) 'example_xcom' retrieved from /home/airflow/.local/lib/python3.12/site-packages/airflow/example_dags/example_xcom.py
[2024-09-03T11:48:29.192+0000] {logging_mixin.py:190} INFO - [2024-09-03T11:48:29.192+0000] {dag.py:3211} INFO - Sync 1 DAGs
[2024-09-03T11:48:29.232+0000] {logging_mixin.py:190} INFO - [2024-09-03T11:48:29.232+0000] {dag.py:4138} INFO - Setting next_dagrun for example_xcom to 2021-01-01 00:00:00+00:00, run_after=2021-01-01 00:00:00+00:00
[2024-09-03T11:48:29.271+0000] {processor.py:208} INFO - Processing /home/airflow/.local/lib/python3.12/site-packages/airflow/example_dags/example_xcom.py took 0.147 seconds
[2024-09-03T11:48:59.429+0000] {processor.py:186} INFO - Started process (PID=2740) to work on /home/airflow/.local/lib/python3.12/site-packages/airflow/example_dags/example_xcom.py
[2024-09-03T11:48:59.432+0000] {processor.py:914} INFO - Processing file /home/airflow/.local/lib/python3.12/site-packages/airflow/example_dags/example_xcom.py for tasks to queue
[2024-09-03T11:48:59.438+0000] {logging_mixin.py:190} INFO - [2024-09-03T11:48:59.437+0000] {dagbag.py:587} INFO - Filling up the DagBag from /home/airflow/.local/lib/python3.12/site-packages/airflow/example_dags/example_xcom.py
[2024-09-03T11:48:59.459+0000] {processor.py:925} INFO - DAG(s) 'example_xcom' retrieved from /home/airflow/.local/lib/python3.12/site-packages/airflow/example_dags/example_xcom.py
[2024-09-03T11:48:59.527+0000] {logging_mixin.py:190} INFO - [2024-09-03T11:48:59.527+0000] {dag.py:3211} INFO - Sync 1 DAGs
[2024-09-03T11:48:59.606+0000] {logging_mixin.py:190} INFO - [2024-09-03T11:48:59.605+0000] {dag.py:4138} INFO - Setting next_dagrun for example_xcom to 2021-01-01 00:00:00+00:00, run_after=2021-01-01 00:00:00+00:00
[2024-09-03T11:48:59.675+0000] {processor.py:208} INFO - Processing /home/airflow/.local/lib/python3.12/site-packages/airflow/example_dags/example_xcom.py took 0.257 seconds
[2024-09-03T11:49:30.642+0000] {processor.py:186} INFO - Started process (PID=2803) to work on /home/airflow/.local/lib/python3.12/site-packages/airflow/example_dags/example_xcom.py
[2024-09-03T11:49:30.646+0000] {processor.py:914} INFO - Processing file /home/airflow/.local/lib/python3.12/site-packages/airflow/example_dags/example_xcom.py for tasks to queue
[2024-09-03T11:49:30.653+0000] {logging_mixin.py:190} INFO - [2024-09-03T11:49:30.651+0000] {dagbag.py:587} INFO - Filling up the DagBag from /home/airflow/.local/lib/python3.12/site-packages/airflow/example_dags/example_xcom.py
[2024-09-03T11:49:30.678+0000] {processor.py:925} INFO - DAG(s) 'example_xcom' retrieved from /home/airflow/.local/lib/python3.12/site-packages/airflow/example_dags/example_xcom.py
[2024-09-03T11:49:30.737+0000] {logging_mixin.py:190} INFO - [2024-09-03T11:49:30.735+0000] {dag.py:3211} INFO - Sync 1 DAGs
[2024-09-03T11:49:30.817+0000] {logging_mixin.py:190} INFO - [2024-09-03T11:49:30.816+0000] {dag.py:4138} INFO - Setting next_dagrun for example_xcom to 2021-01-01 00:00:00+00:00, run_after=2021-01-01 00:00:00+00:00
[2024-09-03T11:49:30.883+0000] {processor.py:208} INFO - Processing /home/airflow/.local/lib/python3.12/site-packages/airflow/example_dags/example_xcom.py took 0.252 seconds
[2024-09-03T11:50:01.205+0000] {processor.py:186} INFO - Started process (PID=2866) to work on /home/airflow/.local/lib/python3.12/site-packages/airflow/example_dags/example_xcom.py
[2024-09-03T11:50:01.217+0000] {processor.py:914} INFO - Processing file /home/airflow/.local/lib/python3.12/site-packages/airflow/example_dags/example_xcom.py for tasks to queue
[2024-09-03T11:50:01.227+0000] {logging_mixin.py:190} INFO - [2024-09-03T11:50:01.226+0000] {dagbag.py:587} INFO - Filling up the DagBag from /home/airflow/.local/lib/python3.12/site-packages/airflow/example_dags/example_xcom.py
[2024-09-03T11:50:01.258+0000] {processor.py:925} INFO - DAG(s) 'example_xcom' retrieved from /home/airflow/.local/lib/python3.12/site-packages/airflow/example_dags/example_xcom.py
[2024-09-03T11:50:01.320+0000] {logging_mixin.py:190} INFO - [2024-09-03T11:50:01.319+0000] {dag.py:3211} INFO - Sync 1 DAGs
[2024-09-03T11:50:01.390+0000] {logging_mixin.py:190} INFO - [2024-09-03T11:50:01.389+0000] {dag.py:4138} INFO - Setting next_dagrun for example_xcom to 2021-01-01 00:00:00+00:00, run_after=2021-01-01 00:00:00+00:00
[2024-09-03T11:50:01.430+0000] {processor.py:208} INFO - Processing /home/airflow/.local/lib/python3.12/site-packages/airflow/example_dags/example_xcom.py took 0.243 seconds
