[2024-09-03T11:27:35.683+0000] {processor.py:186} INFO - Started process (PID=106) to work on /home/airflow/.local/lib/python3.12/site-packages/airflow/example_dags/example_outlet_event_extra.py
[2024-09-03T11:27:35.684+0000] {processor.py:914} INFO - Processing file /home/airflow/.local/lib/python3.12/site-packages/airflow/example_dags/example_outlet_event_extra.py for tasks to queue
[2024-09-03T11:27:35.687+0000] {logging_mixin.py:190} INFO - [2024-09-03T11:27:35.687+0000] {dagbag.py:587} INFO - Filling up the DagBag from /home/airflow/.local/lib/python3.12/site-packages/airflow/example_dags/example_outlet_event_extra.py
[2024-09-03T11:27:35.861+0000] {processor.py:925} INFO - DAG(s) 'dataset_with_extra_from_classic_operator', 'dataset_with_extra_by_yield', 'dataset_with_extra_by_context' retrieved from /home/airflow/.local/lib/python3.12/site-packages/airflow/example_dags/example_outlet_event_extra.py
[2024-09-03T11:27:35.892+0000] {logging_mixin.py:190} INFO - [2024-09-03T11:27:35.892+0000] {dag.py:3211} INFO - Sync 3 DAGs
[2024-09-03T11:27:35.920+0000] {logging_mixin.py:190} INFO - [2024-09-03T11:27:35.919+0000] {dag.py:4138} INFO - Setting next_dagrun for dataset_with_extra_by_context to 2024-09-02 00:00:00+00:00, run_after=2024-09-03 00:00:00+00:00
[2024-09-03T11:27:35.925+0000] {logging_mixin.py:190} INFO - [2024-09-03T11:27:35.925+0000] {dag.py:4138} INFO - Setting next_dagrun for dataset_with_extra_by_yield to 2024-09-02 00:00:00+00:00, run_after=2024-09-03 00:00:00+00:00
[2024-09-03T11:27:35.929+0000] {logging_mixin.py:190} INFO - [2024-09-03T11:27:35.929+0000] {dag.py:4138} INFO - Setting next_dagrun for dataset_with_extra_from_classic_operator to 2024-09-02 00:00:00+00:00, run_after=2024-09-03 00:00:00+00:00
[2024-09-03T11:27:35.961+0000] {processor.py:208} INFO - Processing /home/airflow/.local/lib/python3.12/site-packages/airflow/example_dags/example_outlet_event_extra.py took 0.283 seconds
[2024-09-03T11:28:06.270+0000] {processor.py:186} INFO - Started process (PID=173) to work on /home/airflow/.local/lib/python3.12/site-packages/airflow/example_dags/example_outlet_event_extra.py
[2024-09-03T11:28:06.272+0000] {processor.py:914} INFO - Processing file /home/airflow/.local/lib/python3.12/site-packages/airflow/example_dags/example_outlet_event_extra.py for tasks to queue
[2024-09-03T11:28:06.276+0000] {logging_mixin.py:190} INFO - [2024-09-03T11:28:06.276+0000] {dagbag.py:587} INFO - Filling up the DagBag from /home/airflow/.local/lib/python3.12/site-packages/airflow/example_dags/example_outlet_event_extra.py
[2024-09-03T11:28:06.507+0000] {processor.py:925} INFO - DAG(s) 'dataset_with_extra_by_context', 'dataset_with_extra_by_yield', 'dataset_with_extra_from_classic_operator' retrieved from /home/airflow/.local/lib/python3.12/site-packages/airflow/example_dags/example_outlet_event_extra.py
[2024-09-03T11:28:06.550+0000] {logging_mixin.py:190} INFO - [2024-09-03T11:28:06.550+0000] {dag.py:3211} INFO - Sync 3 DAGs
[2024-09-03T11:28:06.584+0000] {logging_mixin.py:190} INFO - [2024-09-03T11:28:06.584+0000] {dag.py:4138} INFO - Setting next_dagrun for dataset_with_extra_by_context to 2024-09-02 00:00:00+00:00, run_after=2024-09-03 00:00:00+00:00
[2024-09-03T11:28:06.591+0000] {logging_mixin.py:190} INFO - [2024-09-03T11:28:06.591+0000] {dag.py:4138} INFO - Setting next_dagrun for dataset_with_extra_by_yield to 2024-09-02 00:00:00+00:00, run_after=2024-09-03 00:00:00+00:00
[2024-09-03T11:28:06.596+0000] {logging_mixin.py:190} INFO - [2024-09-03T11:28:06.596+0000] {dag.py:4138} INFO - Setting next_dagrun for dataset_with_extra_from_classic_operator to 2024-09-02 00:00:00+00:00, run_after=2024-09-03 00:00:00+00:00
[2024-09-03T11:28:06.634+0000] {processor.py:208} INFO - Processing /home/airflow/.local/lib/python3.12/site-packages/airflow/example_dags/example_outlet_event_extra.py took 0.377 seconds
[2024-09-03T11:28:36.738+0000] {processor.py:186} INFO - Started process (PID=241) to work on /home/airflow/.local/lib/python3.12/site-packages/airflow/example_dags/example_outlet_event_extra.py
[2024-09-03T11:28:36.740+0000] {processor.py:914} INFO - Processing file /home/airflow/.local/lib/python3.12/site-packages/airflow/example_dags/example_outlet_event_extra.py for tasks to queue
[2024-09-03T11:28:36.742+0000] {logging_mixin.py:190} INFO - [2024-09-03T11:28:36.742+0000] {dagbag.py:587} INFO - Filling up the DagBag from /home/airflow/.local/lib/python3.12/site-packages/airflow/example_dags/example_outlet_event_extra.py
[2024-09-03T11:28:36.892+0000] {processor.py:925} INFO - DAG(s) 'dataset_with_extra_by_yield', 'dataset_with_extra_by_context', 'dataset_with_extra_from_classic_operator' retrieved from /home/airflow/.local/lib/python3.12/site-packages/airflow/example_dags/example_outlet_event_extra.py
[2024-09-03T11:28:36.923+0000] {logging_mixin.py:190} INFO - [2024-09-03T11:28:36.923+0000] {dag.py:3211} INFO - Sync 3 DAGs
[2024-09-03T11:28:36.950+0000] {logging_mixin.py:190} INFO - [2024-09-03T11:28:36.950+0000] {dag.py:4138} INFO - Setting next_dagrun for dataset_with_extra_by_context to 2024-09-02 00:00:00+00:00, run_after=2024-09-03 00:00:00+00:00
[2024-09-03T11:28:36.955+0000] {logging_mixin.py:190} INFO - [2024-09-03T11:28:36.955+0000] {dag.py:4138} INFO - Setting next_dagrun for dataset_with_extra_by_yield to 2024-09-02 00:00:00+00:00, run_after=2024-09-03 00:00:00+00:00
[2024-09-03T11:28:36.959+0000] {logging_mixin.py:190} INFO - [2024-09-03T11:28:36.958+0000] {dag.py:4138} INFO - Setting next_dagrun for dataset_with_extra_from_classic_operator to 2024-09-02 00:00:00+00:00, run_after=2024-09-03 00:00:00+00:00
[2024-09-03T11:28:36.990+0000] {processor.py:208} INFO - Processing /home/airflow/.local/lib/python3.12/site-packages/airflow/example_dags/example_outlet_event_extra.py took 0.257 seconds
[2024-09-03T11:29:08.124+0000] {processor.py:186} INFO - Started process (PID=303) to work on /home/airflow/.local/lib/python3.12/site-packages/airflow/example_dags/example_outlet_event_extra.py
[2024-09-03T11:29:08.125+0000] {processor.py:914} INFO - Processing file /home/airflow/.local/lib/python3.12/site-packages/airflow/example_dags/example_outlet_event_extra.py for tasks to queue
[2024-09-03T11:29:08.128+0000] {logging_mixin.py:190} INFO - [2024-09-03T11:29:08.128+0000] {dagbag.py:587} INFO - Filling up the DagBag from /home/airflow/.local/lib/python3.12/site-packages/airflow/example_dags/example_outlet_event_extra.py
[2024-09-03T11:29:08.285+0000] {processor.py:925} INFO - DAG(s) 'dataset_with_extra_by_yield', 'dataset_with_extra_by_context', 'dataset_with_extra_from_classic_operator' retrieved from /home/airflow/.local/lib/python3.12/site-packages/airflow/example_dags/example_outlet_event_extra.py
[2024-09-03T11:29:08.315+0000] {logging_mixin.py:190} INFO - [2024-09-03T11:29:08.315+0000] {dag.py:3211} INFO - Sync 3 DAGs
[2024-09-03T11:29:08.340+0000] {logging_mixin.py:190} INFO - [2024-09-03T11:29:08.339+0000] {dag.py:4138} INFO - Setting next_dagrun for dataset_with_extra_by_context to 2024-09-02 00:00:00+00:00, run_after=2024-09-03 00:00:00+00:00
[2024-09-03T11:29:08.346+0000] {logging_mixin.py:190} INFO - [2024-09-03T11:29:08.345+0000] {dag.py:4138} INFO - Setting next_dagrun for dataset_with_extra_by_yield to 2024-09-02 00:00:00+00:00, run_after=2024-09-03 00:00:00+00:00
[2024-09-03T11:29:08.350+0000] {logging_mixin.py:190} INFO - [2024-09-03T11:29:08.349+0000] {dag.py:4138} INFO - Setting next_dagrun for dataset_with_extra_from_classic_operator to 2024-09-02 00:00:00+00:00, run_after=2024-09-03 00:00:00+00:00
[2024-09-03T11:29:08.381+0000] {processor.py:208} INFO - Processing /home/airflow/.local/lib/python3.12/site-packages/airflow/example_dags/example_outlet_event_extra.py took 0.263 seconds
[2024-09-03T11:29:40.155+0000] {processor.py:186} INFO - Started process (PID=366) to work on /home/airflow/.local/lib/python3.12/site-packages/airflow/example_dags/example_outlet_event_extra.py
[2024-09-03T11:29:40.156+0000] {processor.py:914} INFO - Processing file /home/airflow/.local/lib/python3.12/site-packages/airflow/example_dags/example_outlet_event_extra.py for tasks to queue
[2024-09-03T11:29:40.159+0000] {logging_mixin.py:190} INFO - [2024-09-03T11:29:40.158+0000] {dagbag.py:587} INFO - Filling up the DagBag from /home/airflow/.local/lib/python3.12/site-packages/airflow/example_dags/example_outlet_event_extra.py
[2024-09-03T11:29:40.377+0000] {processor.py:925} INFO - DAG(s) 'dataset_with_extra_from_classic_operator', 'dataset_with_extra_by_yield', 'dataset_with_extra_by_context' retrieved from /home/airflow/.local/lib/python3.12/site-packages/airflow/example_dags/example_outlet_event_extra.py
[2024-09-03T11:29:40.415+0000] {logging_mixin.py:190} INFO - [2024-09-03T11:29:40.415+0000] {dag.py:3211} INFO - Sync 3 DAGs
[2024-09-03T11:29:40.444+0000] {logging_mixin.py:190} INFO - [2024-09-03T11:29:40.444+0000] {dag.py:4138} INFO - Setting next_dagrun for dataset_with_extra_by_context to 2024-09-02 00:00:00+00:00, run_after=2024-09-03 00:00:00+00:00
[2024-09-03T11:29:40.453+0000] {logging_mixin.py:190} INFO - [2024-09-03T11:29:40.453+0000] {dag.py:4138} INFO - Setting next_dagrun for dataset_with_extra_by_yield to 2024-09-02 00:00:00+00:00, run_after=2024-09-03 00:00:00+00:00
[2024-09-03T11:29:40.459+0000] {logging_mixin.py:190} INFO - [2024-09-03T11:29:40.458+0000] {dag.py:4138} INFO - Setting next_dagrun for dataset_with_extra_from_classic_operator to 2024-09-02 00:00:00+00:00, run_after=2024-09-03 00:00:00+00:00
[2024-09-03T11:29:40.495+0000] {processor.py:208} INFO - Processing /home/airflow/.local/lib/python3.12/site-packages/airflow/example_dags/example_outlet_event_extra.py took 0.346 seconds
[2024-09-03T11:30:11.134+0000] {processor.py:186} INFO - Started process (PID=429) to work on /home/airflow/.local/lib/python3.12/site-packages/airflow/example_dags/example_outlet_event_extra.py
[2024-09-03T11:30:11.136+0000] {processor.py:914} INFO - Processing file /home/airflow/.local/lib/python3.12/site-packages/airflow/example_dags/example_outlet_event_extra.py for tasks to queue
[2024-09-03T11:30:11.139+0000] {logging_mixin.py:190} INFO - [2024-09-03T11:30:11.138+0000] {dagbag.py:587} INFO - Filling up the DagBag from /home/airflow/.local/lib/python3.12/site-packages/airflow/example_dags/example_outlet_event_extra.py
[2024-09-03T11:30:11.347+0000] {processor.py:925} INFO - DAG(s) 'dataset_with_extra_by_context', 'dataset_with_extra_by_yield', 'dataset_with_extra_from_classic_operator' retrieved from /home/airflow/.local/lib/python3.12/site-packages/airflow/example_dags/example_outlet_event_extra.py
[2024-09-03T11:30:11.411+0000] {logging_mixin.py:190} INFO - [2024-09-03T11:30:11.410+0000] {dag.py:3211} INFO - Sync 3 DAGs
[2024-09-03T11:30:11.453+0000] {logging_mixin.py:190} INFO - [2024-09-03T11:30:11.453+0000] {dag.py:4138} INFO - Setting next_dagrun for dataset_with_extra_by_context to 2024-09-02 00:00:00+00:00, run_after=2024-09-03 00:00:00+00:00
[2024-09-03T11:30:11.462+0000] {logging_mixin.py:190} INFO - [2024-09-03T11:30:11.462+0000] {dag.py:4138} INFO - Setting next_dagrun for dataset_with_extra_by_yield to 2024-09-02 00:00:00+00:00, run_after=2024-09-03 00:00:00+00:00
[2024-09-03T11:30:11.467+0000] {logging_mixin.py:190} INFO - [2024-09-03T11:30:11.467+0000] {dag.py:4138} INFO - Setting next_dagrun for dataset_with_extra_from_classic_operator to 2024-09-02 00:00:00+00:00, run_after=2024-09-03 00:00:00+00:00
[2024-09-03T11:30:11.506+0000] {processor.py:208} INFO - Processing /home/airflow/.local/lib/python3.12/site-packages/airflow/example_dags/example_outlet_event_extra.py took 0.380 seconds
[2024-09-03T11:30:41.987+0000] {processor.py:186} INFO - Started process (PID=492) to work on /home/airflow/.local/lib/python3.12/site-packages/airflow/example_dags/example_outlet_event_extra.py
[2024-09-03T11:30:41.989+0000] {processor.py:914} INFO - Processing file /home/airflow/.local/lib/python3.12/site-packages/airflow/example_dags/example_outlet_event_extra.py for tasks to queue
[2024-09-03T11:30:41.993+0000] {logging_mixin.py:190} INFO - [2024-09-03T11:30:41.992+0000] {dagbag.py:587} INFO - Filling up the DagBag from /home/airflow/.local/lib/python3.12/site-packages/airflow/example_dags/example_outlet_event_extra.py
[2024-09-03T11:30:42.159+0000] {processor.py:925} INFO - DAG(s) 'dataset_with_extra_by_yield', 'dataset_with_extra_from_classic_operator', 'dataset_with_extra_by_context' retrieved from /home/airflow/.local/lib/python3.12/site-packages/airflow/example_dags/example_outlet_event_extra.py
[2024-09-03T11:30:42.206+0000] {logging_mixin.py:190} INFO - [2024-09-03T11:30:42.206+0000] {dag.py:3211} INFO - Sync 3 DAGs
[2024-09-03T11:30:42.241+0000] {logging_mixin.py:190} INFO - [2024-09-03T11:30:42.241+0000] {dag.py:4138} INFO - Setting next_dagrun for dataset_with_extra_by_context to 2024-09-02 00:00:00+00:00, run_after=2024-09-03 00:00:00+00:00
[2024-09-03T11:30:42.248+0000] {logging_mixin.py:190} INFO - [2024-09-03T11:30:42.248+0000] {dag.py:4138} INFO - Setting next_dagrun for dataset_with_extra_by_yield to 2024-09-02 00:00:00+00:00, run_after=2024-09-03 00:00:00+00:00
[2024-09-03T11:30:42.253+0000] {logging_mixin.py:190} INFO - [2024-09-03T11:30:42.253+0000] {dag.py:4138} INFO - Setting next_dagrun for dataset_with_extra_from_classic_operator to 2024-09-02 00:00:00+00:00, run_after=2024-09-03 00:00:00+00:00
[2024-09-03T11:30:42.288+0000] {processor.py:208} INFO - Processing /home/airflow/.local/lib/python3.12/site-packages/airflow/example_dags/example_outlet_event_extra.py took 0.312 seconds
[2024-09-03T11:31:13.435+0000] {processor.py:186} INFO - Started process (PID=556) to work on /home/airflow/.local/lib/python3.12/site-packages/airflow/example_dags/example_outlet_event_extra.py
[2024-09-03T11:31:13.437+0000] {processor.py:914} INFO - Processing file /home/airflow/.local/lib/python3.12/site-packages/airflow/example_dags/example_outlet_event_extra.py for tasks to queue
[2024-09-03T11:31:13.441+0000] {logging_mixin.py:190} INFO - [2024-09-03T11:31:13.440+0000] {dagbag.py:587} INFO - Filling up the DagBag from /home/airflow/.local/lib/python3.12/site-packages/airflow/example_dags/example_outlet_event_extra.py
[2024-09-03T11:31:13.687+0000] {processor.py:925} INFO - DAG(s) 'dataset_with_extra_by_context', 'dataset_with_extra_by_yield', 'dataset_with_extra_from_classic_operator' retrieved from /home/airflow/.local/lib/python3.12/site-packages/airflow/example_dags/example_outlet_event_extra.py
[2024-09-03T11:31:13.729+0000] {logging_mixin.py:190} INFO - [2024-09-03T11:31:13.729+0000] {dag.py:3211} INFO - Sync 3 DAGs
[2024-09-03T11:31:13.780+0000] {logging_mixin.py:190} INFO - [2024-09-03T11:31:13.779+0000] {dag.py:4138} INFO - Setting next_dagrun for dataset_with_extra_by_context to 2024-09-02 00:00:00+00:00, run_after=2024-09-03 00:00:00+00:00
[2024-09-03T11:31:13.790+0000] {logging_mixin.py:190} INFO - [2024-09-03T11:31:13.789+0000] {dag.py:4138} INFO - Setting next_dagrun for dataset_with_extra_by_yield to 2024-09-02 00:00:00+00:00, run_after=2024-09-03 00:00:00+00:00
[2024-09-03T11:31:13.794+0000] {logging_mixin.py:190} INFO - [2024-09-03T11:31:13.794+0000] {dag.py:4138} INFO - Setting next_dagrun for dataset_with_extra_from_classic_operator to 2024-09-02 00:00:00+00:00, run_after=2024-09-03 00:00:00+00:00
[2024-09-03T11:31:13.836+0000] {processor.py:208} INFO - Processing /home/airflow/.local/lib/python3.12/site-packages/airflow/example_dags/example_outlet_event_extra.py took 0.410 seconds
[2024-09-03T11:31:44.591+0000] {processor.py:186} INFO - Started process (PID=619) to work on /home/airflow/.local/lib/python3.12/site-packages/airflow/example_dags/example_outlet_event_extra.py
[2024-09-03T11:31:44.591+0000] {processor.py:914} INFO - Processing file /home/airflow/.local/lib/python3.12/site-packages/airflow/example_dags/example_outlet_event_extra.py for tasks to queue
[2024-09-03T11:31:44.594+0000] {logging_mixin.py:190} INFO - [2024-09-03T11:31:44.594+0000] {dagbag.py:587} INFO - Filling up the DagBag from /home/airflow/.local/lib/python3.12/site-packages/airflow/example_dags/example_outlet_event_extra.py
[2024-09-03T11:31:44.738+0000] {processor.py:925} INFO - DAG(s) 'dataset_with_extra_by_yield', 'dataset_with_extra_from_classic_operator', 'dataset_with_extra_by_context' retrieved from /home/airflow/.local/lib/python3.12/site-packages/airflow/example_dags/example_outlet_event_extra.py
[2024-09-03T11:31:44.799+0000] {logging_mixin.py:190} INFO - [2024-09-03T11:31:44.799+0000] {dag.py:3211} INFO - Sync 3 DAGs
[2024-09-03T11:31:44.863+0000] {logging_mixin.py:190} INFO - [2024-09-03T11:31:44.863+0000] {dag.py:4138} INFO - Setting next_dagrun for dataset_with_extra_by_context to 2024-09-02 00:00:00+00:00, run_after=2024-09-03 00:00:00+00:00
[2024-09-03T11:31:44.872+0000] {logging_mixin.py:190} INFO - [2024-09-03T11:31:44.871+0000] {dag.py:4138} INFO - Setting next_dagrun for dataset_with_extra_by_yield to 2024-09-02 00:00:00+00:00, run_after=2024-09-03 00:00:00+00:00
[2024-09-03T11:31:44.878+0000] {logging_mixin.py:190} INFO - [2024-09-03T11:31:44.877+0000] {dag.py:4138} INFO - Setting next_dagrun for dataset_with_extra_from_classic_operator to 2024-09-02 00:00:00+00:00, run_after=2024-09-03 00:00:00+00:00
[2024-09-03T11:31:44.909+0000] {processor.py:208} INFO - Processing /home/airflow/.local/lib/python3.12/site-packages/airflow/example_dags/example_outlet_event_extra.py took 0.324 seconds
[2024-09-03T11:32:15.639+0000] {processor.py:186} INFO - Started process (PID=682) to work on /home/airflow/.local/lib/python3.12/site-packages/airflow/example_dags/example_outlet_event_extra.py
[2024-09-03T11:32:15.641+0000] {processor.py:914} INFO - Processing file /home/airflow/.local/lib/python3.12/site-packages/airflow/example_dags/example_outlet_event_extra.py for tasks to queue
[2024-09-03T11:32:15.646+0000] {logging_mixin.py:190} INFO - [2024-09-03T11:32:15.645+0000] {dagbag.py:587} INFO - Filling up the DagBag from /home/airflow/.local/lib/python3.12/site-packages/airflow/example_dags/example_outlet_event_extra.py
[2024-09-03T11:32:15.872+0000] {processor.py:925} INFO - DAG(s) 'dataset_with_extra_from_classic_operator', 'dataset_with_extra_by_context', 'dataset_with_extra_by_yield' retrieved from /home/airflow/.local/lib/python3.12/site-packages/airflow/example_dags/example_outlet_event_extra.py
[2024-09-03T11:32:15.922+0000] {logging_mixin.py:190} INFO - [2024-09-03T11:32:15.921+0000] {dag.py:3211} INFO - Sync 3 DAGs
[2024-09-03T11:32:15.958+0000] {logging_mixin.py:190} INFO - [2024-09-03T11:32:15.957+0000] {dag.py:4138} INFO - Setting next_dagrun for dataset_with_extra_by_context to 2024-09-02 00:00:00+00:00, run_after=2024-09-03 00:00:00+00:00
[2024-09-03T11:32:15.965+0000] {logging_mixin.py:190} INFO - [2024-09-03T11:32:15.964+0000] {dag.py:4138} INFO - Setting next_dagrun for dataset_with_extra_by_yield to 2024-09-02 00:00:00+00:00, run_after=2024-09-03 00:00:00+00:00
[2024-09-03T11:32:15.968+0000] {logging_mixin.py:190} INFO - [2024-09-03T11:32:15.968+0000] {dag.py:4138} INFO - Setting next_dagrun for dataset_with_extra_from_classic_operator to 2024-09-02 00:00:00+00:00, run_after=2024-09-03 00:00:00+00:00
[2024-09-03T11:32:16.001+0000] {processor.py:208} INFO - Processing /home/airflow/.local/lib/python3.12/site-packages/airflow/example_dags/example_outlet_event_extra.py took 0.371 seconds
[2024-09-03T11:32:46.734+0000] {processor.py:186} INFO - Started process (PID=746) to work on /home/airflow/.local/lib/python3.12/site-packages/airflow/example_dags/example_outlet_event_extra.py
[2024-09-03T11:32:46.736+0000] {processor.py:914} INFO - Processing file /home/airflow/.local/lib/python3.12/site-packages/airflow/example_dags/example_outlet_event_extra.py for tasks to queue
[2024-09-03T11:32:46.740+0000] {logging_mixin.py:190} INFO - [2024-09-03T11:32:46.739+0000] {dagbag.py:587} INFO - Filling up the DagBag from /home/airflow/.local/lib/python3.12/site-packages/airflow/example_dags/example_outlet_event_extra.py
[2024-09-03T11:32:46.895+0000] {processor.py:925} INFO - DAG(s) 'dataset_with_extra_from_classic_operator', 'dataset_with_extra_by_yield', 'dataset_with_extra_by_context' retrieved from /home/airflow/.local/lib/python3.12/site-packages/airflow/example_dags/example_outlet_event_extra.py
[2024-09-03T11:32:46.928+0000] {logging_mixin.py:190} INFO - [2024-09-03T11:32:46.927+0000] {dag.py:3211} INFO - Sync 3 DAGs
[2024-09-03T11:32:46.961+0000] {logging_mixin.py:190} INFO - [2024-09-03T11:32:46.960+0000] {dag.py:4138} INFO - Setting next_dagrun for dataset_with_extra_by_context to 2024-09-02 00:00:00+00:00, run_after=2024-09-03 00:00:00+00:00
[2024-09-03T11:32:46.967+0000] {logging_mixin.py:190} INFO - [2024-09-03T11:32:46.967+0000] {dag.py:4138} INFO - Setting next_dagrun for dataset_with_extra_by_yield to 2024-09-02 00:00:00+00:00, run_after=2024-09-03 00:00:00+00:00
[2024-09-03T11:32:46.972+0000] {logging_mixin.py:190} INFO - [2024-09-03T11:32:46.972+0000] {dag.py:4138} INFO - Setting next_dagrun for dataset_with_extra_from_classic_operator to 2024-09-02 00:00:00+00:00, run_after=2024-09-03 00:00:00+00:00
[2024-09-03T11:32:47.017+0000] {processor.py:208} INFO - Processing /home/airflow/.local/lib/python3.12/site-packages/airflow/example_dags/example_outlet_event_extra.py took 0.288 seconds
[2024-09-03T11:33:17.201+0000] {processor.py:186} INFO - Started process (PID=809) to work on /home/airflow/.local/lib/python3.12/site-packages/airflow/example_dags/example_outlet_event_extra.py
[2024-09-03T11:33:17.202+0000] {processor.py:914} INFO - Processing file /home/airflow/.local/lib/python3.12/site-packages/airflow/example_dags/example_outlet_event_extra.py for tasks to queue
[2024-09-03T11:33:17.205+0000] {logging_mixin.py:190} INFO - [2024-09-03T11:33:17.204+0000] {dagbag.py:587} INFO - Filling up the DagBag from /home/airflow/.local/lib/python3.12/site-packages/airflow/example_dags/example_outlet_event_extra.py
[2024-09-03T11:33:17.347+0000] {processor.py:925} INFO - DAG(s) 'dataset_with_extra_from_classic_operator', 'dataset_with_extra_by_context', 'dataset_with_extra_by_yield' retrieved from /home/airflow/.local/lib/python3.12/site-packages/airflow/example_dags/example_outlet_event_extra.py
[2024-09-03T11:33:17.383+0000] {logging_mixin.py:190} INFO - [2024-09-03T11:33:17.382+0000] {dag.py:3211} INFO - Sync 3 DAGs
[2024-09-03T11:33:17.418+0000] {logging_mixin.py:190} INFO - [2024-09-03T11:33:17.417+0000] {dag.py:4138} INFO - Setting next_dagrun for dataset_with_extra_by_context to 2024-09-02 00:00:00+00:00, run_after=2024-09-03 00:00:00+00:00
[2024-09-03T11:33:17.426+0000] {logging_mixin.py:190} INFO - [2024-09-03T11:33:17.425+0000] {dag.py:4138} INFO - Setting next_dagrun for dataset_with_extra_by_yield to 2024-09-02 00:00:00+00:00, run_after=2024-09-03 00:00:00+00:00
[2024-09-03T11:33:17.431+0000] {logging_mixin.py:190} INFO - [2024-09-03T11:33:17.431+0000] {dag.py:4138} INFO - Setting next_dagrun for dataset_with_extra_from_classic_operator to 2024-09-02 00:00:00+00:00, run_after=2024-09-03 00:00:00+00:00
[2024-09-03T11:33:17.464+0000] {processor.py:208} INFO - Processing /home/airflow/.local/lib/python3.12/site-packages/airflow/example_dags/example_outlet_event_extra.py took 0.269 seconds
[2024-09-03T11:33:48.537+0000] {processor.py:186} INFO - Started process (PID=871) to work on /home/airflow/.local/lib/python3.12/site-packages/airflow/example_dags/example_outlet_event_extra.py
[2024-09-03T11:33:48.539+0000] {processor.py:914} INFO - Processing file /home/airflow/.local/lib/python3.12/site-packages/airflow/example_dags/example_outlet_event_extra.py for tasks to queue
[2024-09-03T11:33:48.543+0000] {logging_mixin.py:190} INFO - [2024-09-03T11:33:48.542+0000] {dagbag.py:587} INFO - Filling up the DagBag from /home/airflow/.local/lib/python3.12/site-packages/airflow/example_dags/example_outlet_event_extra.py
[2024-09-03T11:33:48.703+0000] {processor.py:925} INFO - DAG(s) 'dataset_with_extra_by_context', 'dataset_with_extra_by_yield', 'dataset_with_extra_from_classic_operator' retrieved from /home/airflow/.local/lib/python3.12/site-packages/airflow/example_dags/example_outlet_event_extra.py
[2024-09-03T11:33:48.732+0000] {logging_mixin.py:190} INFO - [2024-09-03T11:33:48.732+0000] {dag.py:3211} INFO - Sync 3 DAGs
[2024-09-03T11:33:48.760+0000] {logging_mixin.py:190} INFO - [2024-09-03T11:33:48.759+0000] {dag.py:4138} INFO - Setting next_dagrun for dataset_with_extra_by_context to 2024-09-02 00:00:00+00:00, run_after=2024-09-03 00:00:00+00:00
[2024-09-03T11:33:48.766+0000] {logging_mixin.py:190} INFO - [2024-09-03T11:33:48.766+0000] {dag.py:4138} INFO - Setting next_dagrun for dataset_with_extra_by_yield to 2024-09-02 00:00:00+00:00, run_after=2024-09-03 00:00:00+00:00
[2024-09-03T11:33:48.770+0000] {logging_mixin.py:190} INFO - [2024-09-03T11:33:48.769+0000] {dag.py:4138} INFO - Setting next_dagrun for dataset_with_extra_from_classic_operator to 2024-09-02 00:00:00+00:00, run_after=2024-09-03 00:00:00+00:00
[2024-09-03T11:33:48.802+0000] {processor.py:208} INFO - Processing /home/airflow/.local/lib/python3.12/site-packages/airflow/example_dags/example_outlet_event_extra.py took 0.274 seconds
[2024-09-03T11:34:19.883+0000] {processor.py:186} INFO - Started process (PID=934) to work on /home/airflow/.local/lib/python3.12/site-packages/airflow/example_dags/example_outlet_event_extra.py
[2024-09-03T11:34:19.885+0000] {processor.py:914} INFO - Processing file /home/airflow/.local/lib/python3.12/site-packages/airflow/example_dags/example_outlet_event_extra.py for tasks to queue
[2024-09-03T11:34:19.887+0000] {logging_mixin.py:190} INFO - [2024-09-03T11:34:19.887+0000] {dagbag.py:587} INFO - Filling up the DagBag from /home/airflow/.local/lib/python3.12/site-packages/airflow/example_dags/example_outlet_event_extra.py
[2024-09-03T11:34:20.085+0000] {processor.py:925} INFO - DAG(s) 'dataset_with_extra_by_context', 'dataset_with_extra_from_classic_operator', 'dataset_with_extra_by_yield' retrieved from /home/airflow/.local/lib/python3.12/site-packages/airflow/example_dags/example_outlet_event_extra.py
[2024-09-03T11:34:20.124+0000] {logging_mixin.py:190} INFO - [2024-09-03T11:34:20.124+0000] {dag.py:3211} INFO - Sync 3 DAGs
[2024-09-03T11:34:20.159+0000] {logging_mixin.py:190} INFO - [2024-09-03T11:34:20.158+0000] {dag.py:4138} INFO - Setting next_dagrun for dataset_with_extra_by_context to 2024-09-02 00:00:00+00:00, run_after=2024-09-03 00:00:00+00:00
[2024-09-03T11:34:20.167+0000] {logging_mixin.py:190} INFO - [2024-09-03T11:34:20.166+0000] {dag.py:4138} INFO - Setting next_dagrun for dataset_with_extra_by_yield to 2024-09-02 00:00:00+00:00, run_after=2024-09-03 00:00:00+00:00
[2024-09-03T11:34:20.172+0000] {logging_mixin.py:190} INFO - [2024-09-03T11:34:20.171+0000] {dag.py:4138} INFO - Setting next_dagrun for dataset_with_extra_from_classic_operator to 2024-09-02 00:00:00+00:00, run_after=2024-09-03 00:00:00+00:00
[2024-09-03T11:34:20.217+0000] {processor.py:208} INFO - Processing /home/airflow/.local/lib/python3.12/site-packages/airflow/example_dags/example_outlet_event_extra.py took 0.344 seconds
[2024-09-03T11:34:50.331+0000] {processor.py:186} INFO - Started process (PID=998) to work on /home/airflow/.local/lib/python3.12/site-packages/airflow/example_dags/example_outlet_event_extra.py
[2024-09-03T11:34:50.332+0000] {processor.py:914} INFO - Processing file /home/airflow/.local/lib/python3.12/site-packages/airflow/example_dags/example_outlet_event_extra.py for tasks to queue
[2024-09-03T11:34:50.335+0000] {logging_mixin.py:190} INFO - [2024-09-03T11:34:50.335+0000] {dagbag.py:587} INFO - Filling up the DagBag from /home/airflow/.local/lib/python3.12/site-packages/airflow/example_dags/example_outlet_event_extra.py
[2024-09-03T11:34:50.482+0000] {processor.py:925} INFO - DAG(s) 'dataset_with_extra_by_context', 'dataset_with_extra_by_yield', 'dataset_with_extra_from_classic_operator' retrieved from /home/airflow/.local/lib/python3.12/site-packages/airflow/example_dags/example_outlet_event_extra.py
[2024-09-03T11:34:50.516+0000] {logging_mixin.py:190} INFO - [2024-09-03T11:34:50.516+0000] {dag.py:3211} INFO - Sync 3 DAGs
[2024-09-03T11:34:50.545+0000] {logging_mixin.py:190} INFO - [2024-09-03T11:34:50.545+0000] {dag.py:4138} INFO - Setting next_dagrun for dataset_with_extra_by_context to 2024-09-02 00:00:00+00:00, run_after=2024-09-03 00:00:00+00:00
[2024-09-03T11:34:50.551+0000] {logging_mixin.py:190} INFO - [2024-09-03T11:34:50.550+0000] {dag.py:4138} INFO - Setting next_dagrun for dataset_with_extra_by_yield to 2024-09-02 00:00:00+00:00, run_after=2024-09-03 00:00:00+00:00
[2024-09-03T11:34:50.554+0000] {logging_mixin.py:190} INFO - [2024-09-03T11:34:50.553+0000] {dag.py:4138} INFO - Setting next_dagrun for dataset_with_extra_from_classic_operator to 2024-09-02 00:00:00+00:00, run_after=2024-09-03 00:00:00+00:00
[2024-09-03T11:34:50.594+0000] {processor.py:208} INFO - Processing /home/airflow/.local/lib/python3.12/site-packages/airflow/example_dags/example_outlet_event_extra.py took 0.269 seconds
[2024-09-03T11:35:21.550+0000] {processor.py:186} INFO - Started process (PID=1060) to work on /home/airflow/.local/lib/python3.12/site-packages/airflow/example_dags/example_outlet_event_extra.py
[2024-09-03T11:35:21.551+0000] {processor.py:914} INFO - Processing file /home/airflow/.local/lib/python3.12/site-packages/airflow/example_dags/example_outlet_event_extra.py for tasks to queue
[2024-09-03T11:35:21.554+0000] {logging_mixin.py:190} INFO - [2024-09-03T11:35:21.554+0000] {dagbag.py:587} INFO - Filling up the DagBag from /home/airflow/.local/lib/python3.12/site-packages/airflow/example_dags/example_outlet_event_extra.py
[2024-09-03T11:35:21.708+0000] {processor.py:925} INFO - DAG(s) 'dataset_with_extra_from_classic_operator', 'dataset_with_extra_by_context', 'dataset_with_extra_by_yield' retrieved from /home/airflow/.local/lib/python3.12/site-packages/airflow/example_dags/example_outlet_event_extra.py
[2024-09-03T11:35:21.740+0000] {logging_mixin.py:190} INFO - [2024-09-03T11:35:21.739+0000] {dag.py:3211} INFO - Sync 3 DAGs
[2024-09-03T11:35:21.767+0000] {logging_mixin.py:190} INFO - [2024-09-03T11:35:21.767+0000] {dag.py:4138} INFO - Setting next_dagrun for dataset_with_extra_by_context to 2024-09-02 00:00:00+00:00, run_after=2024-09-03 00:00:00+00:00
[2024-09-03T11:35:21.774+0000] {logging_mixin.py:190} INFO - [2024-09-03T11:35:21.773+0000] {dag.py:4138} INFO - Setting next_dagrun for dataset_with_extra_by_yield to 2024-09-02 00:00:00+00:00, run_after=2024-09-03 00:00:00+00:00
[2024-09-03T11:35:21.778+0000] {logging_mixin.py:190} INFO - [2024-09-03T11:35:21.777+0000] {dag.py:4138} INFO - Setting next_dagrun for dataset_with_extra_from_classic_operator to 2024-09-02 00:00:00+00:00, run_after=2024-09-03 00:00:00+00:00
[2024-09-03T11:35:21.807+0000] {processor.py:208} INFO - Processing /home/airflow/.local/lib/python3.12/site-packages/airflow/example_dags/example_outlet_event_extra.py took 0.262 seconds
[2024-09-03T11:35:52.583+0000] {processor.py:186} INFO - Started process (PID=1123) to work on /home/airflow/.local/lib/python3.12/site-packages/airflow/example_dags/example_outlet_event_extra.py
[2024-09-03T11:35:52.584+0000] {processor.py:914} INFO - Processing file /home/airflow/.local/lib/python3.12/site-packages/airflow/example_dags/example_outlet_event_extra.py for tasks to queue
[2024-09-03T11:35:52.588+0000] {logging_mixin.py:190} INFO - [2024-09-03T11:35:52.587+0000] {dagbag.py:587} INFO - Filling up the DagBag from /home/airflow/.local/lib/python3.12/site-packages/airflow/example_dags/example_outlet_event_extra.py
[2024-09-03T11:35:52.728+0000] {processor.py:925} INFO - DAG(s) 'dataset_with_extra_from_classic_operator', 'dataset_with_extra_by_context', 'dataset_with_extra_by_yield' retrieved from /home/airflow/.local/lib/python3.12/site-packages/airflow/example_dags/example_outlet_event_extra.py
[2024-09-03T11:35:52.761+0000] {logging_mixin.py:190} INFO - [2024-09-03T11:35:52.761+0000] {dag.py:3211} INFO - Sync 3 DAGs
[2024-09-03T11:35:52.787+0000] {logging_mixin.py:190} INFO - [2024-09-03T11:35:52.787+0000] {dag.py:4138} INFO - Setting next_dagrun for dataset_with_extra_by_context to 2024-09-02 00:00:00+00:00, run_after=2024-09-03 00:00:00+00:00
[2024-09-03T11:35:52.793+0000] {logging_mixin.py:190} INFO - [2024-09-03T11:35:52.793+0000] {dag.py:4138} INFO - Setting next_dagrun for dataset_with_extra_by_yield to 2024-09-02 00:00:00+00:00, run_after=2024-09-03 00:00:00+00:00
[2024-09-03T11:35:52.797+0000] {logging_mixin.py:190} INFO - [2024-09-03T11:35:52.796+0000] {dag.py:4138} INFO - Setting next_dagrun for dataset_with_extra_from_classic_operator to 2024-09-02 00:00:00+00:00, run_after=2024-09-03 00:00:00+00:00
[2024-09-03T11:35:52.825+0000] {processor.py:208} INFO - Processing /home/airflow/.local/lib/python3.12/site-packages/airflow/example_dags/example_outlet_event_extra.py took 0.247 seconds
[2024-09-03T11:36:23.368+0000] {processor.py:186} INFO - Started process (PID=1186) to work on /home/airflow/.local/lib/python3.12/site-packages/airflow/example_dags/example_outlet_event_extra.py
[2024-09-03T11:36:23.369+0000] {processor.py:914} INFO - Processing file /home/airflow/.local/lib/python3.12/site-packages/airflow/example_dags/example_outlet_event_extra.py for tasks to queue
[2024-09-03T11:36:23.372+0000] {logging_mixin.py:190} INFO - [2024-09-03T11:36:23.372+0000] {dagbag.py:587} INFO - Filling up the DagBag from /home/airflow/.local/lib/python3.12/site-packages/airflow/example_dags/example_outlet_event_extra.py
[2024-09-03T11:36:23.513+0000] {processor.py:925} INFO - DAG(s) 'dataset_with_extra_by_context', 'dataset_with_extra_by_yield', 'dataset_with_extra_from_classic_operator' retrieved from /home/airflow/.local/lib/python3.12/site-packages/airflow/example_dags/example_outlet_event_extra.py
[2024-09-03T11:36:23.542+0000] {logging_mixin.py:190} INFO - [2024-09-03T11:36:23.542+0000] {dag.py:3211} INFO - Sync 3 DAGs
[2024-09-03T11:36:23.570+0000] {logging_mixin.py:190} INFO - [2024-09-03T11:36:23.570+0000] {dag.py:4138} INFO - Setting next_dagrun for dataset_with_extra_by_context to 2024-09-02 00:00:00+00:00, run_after=2024-09-03 00:00:00+00:00
[2024-09-03T11:36:23.576+0000] {logging_mixin.py:190} INFO - [2024-09-03T11:36:23.576+0000] {dag.py:4138} INFO - Setting next_dagrun for dataset_with_extra_by_yield to 2024-09-02 00:00:00+00:00, run_after=2024-09-03 00:00:00+00:00
[2024-09-03T11:36:23.579+0000] {logging_mixin.py:190} INFO - [2024-09-03T11:36:23.579+0000] {dag.py:4138} INFO - Setting next_dagrun for dataset_with_extra_from_classic_operator to 2024-09-02 00:00:00+00:00, run_after=2024-09-03 00:00:00+00:00
[2024-09-03T11:36:23.608+0000] {processor.py:208} INFO - Processing /home/airflow/.local/lib/python3.12/site-packages/airflow/example_dags/example_outlet_event_extra.py took 0.245 seconds
[2024-09-03T11:36:54.669+0000] {processor.py:186} INFO - Started process (PID=1249) to work on /home/airflow/.local/lib/python3.12/site-packages/airflow/example_dags/example_outlet_event_extra.py
[2024-09-03T11:36:54.671+0000] {processor.py:914} INFO - Processing file /home/airflow/.local/lib/python3.12/site-packages/airflow/example_dags/example_outlet_event_extra.py for tasks to queue
[2024-09-03T11:36:54.675+0000] {logging_mixin.py:190} INFO - [2024-09-03T11:36:54.674+0000] {dagbag.py:587} INFO - Filling up the DagBag from /home/airflow/.local/lib/python3.12/site-packages/airflow/example_dags/example_outlet_event_extra.py
[2024-09-03T11:36:54.897+0000] {processor.py:925} INFO - DAG(s) 'dataset_with_extra_by_context', 'dataset_with_extra_by_yield', 'dataset_with_extra_from_classic_operator' retrieved from /home/airflow/.local/lib/python3.12/site-packages/airflow/example_dags/example_outlet_event_extra.py
[2024-09-03T11:36:54.939+0000] {logging_mixin.py:190} INFO - [2024-09-03T11:36:54.938+0000] {dag.py:3211} INFO - Sync 3 DAGs
[2024-09-03T11:36:54.990+0000] {logging_mixin.py:190} INFO - [2024-09-03T11:36:54.989+0000] {dag.py:4138} INFO - Setting next_dagrun for dataset_with_extra_by_context to 2024-09-02 00:00:00+00:00, run_after=2024-09-03 00:00:00+00:00
[2024-09-03T11:36:54.999+0000] {logging_mixin.py:190} INFO - [2024-09-03T11:36:54.999+0000] {dag.py:4138} INFO - Setting next_dagrun for dataset_with_extra_by_yield to 2024-09-02 00:00:00+00:00, run_after=2024-09-03 00:00:00+00:00
[2024-09-03T11:36:55.007+0000] {logging_mixin.py:190} INFO - [2024-09-03T11:36:55.006+0000] {dag.py:4138} INFO - Setting next_dagrun for dataset_with_extra_from_classic_operator to 2024-09-02 00:00:00+00:00, run_after=2024-09-03 00:00:00+00:00
[2024-09-03T11:36:55.057+0000] {processor.py:208} INFO - Processing /home/airflow/.local/lib/python3.12/site-packages/airflow/example_dags/example_outlet_event_extra.py took 0.396 seconds
[2024-09-03T11:37:25.619+0000] {processor.py:186} INFO - Started process (PID=1312) to work on /home/airflow/.local/lib/python3.12/site-packages/airflow/example_dags/example_outlet_event_extra.py
[2024-09-03T11:37:25.621+0000] {processor.py:914} INFO - Processing file /home/airflow/.local/lib/python3.12/site-packages/airflow/example_dags/example_outlet_event_extra.py for tasks to queue
[2024-09-03T11:37:25.624+0000] {logging_mixin.py:190} INFO - [2024-09-03T11:37:25.624+0000] {dagbag.py:587} INFO - Filling up the DagBag from /home/airflow/.local/lib/python3.12/site-packages/airflow/example_dags/example_outlet_event_extra.py
[2024-09-03T11:37:25.853+0000] {processor.py:925} INFO - DAG(s) 'dataset_with_extra_by_context', 'dataset_with_extra_by_yield', 'dataset_with_extra_from_classic_operator' retrieved from /home/airflow/.local/lib/python3.12/site-packages/airflow/example_dags/example_outlet_event_extra.py
[2024-09-03T11:37:25.890+0000] {logging_mixin.py:190} INFO - [2024-09-03T11:37:25.890+0000] {dag.py:3211} INFO - Sync 3 DAGs
[2024-09-03T11:37:25.933+0000] {logging_mixin.py:190} INFO - [2024-09-03T11:37:25.932+0000] {dag.py:4138} INFO - Setting next_dagrun for dataset_with_extra_by_context to 2024-09-02 00:00:00+00:00, run_after=2024-09-03 00:00:00+00:00
[2024-09-03T11:37:25.943+0000] {logging_mixin.py:190} INFO - [2024-09-03T11:37:25.942+0000] {dag.py:4138} INFO - Setting next_dagrun for dataset_with_extra_by_yield to 2024-09-02 00:00:00+00:00, run_after=2024-09-03 00:00:00+00:00
[2024-09-03T11:37:25.947+0000] {logging_mixin.py:190} INFO - [2024-09-03T11:37:25.947+0000] {dag.py:4138} INFO - Setting next_dagrun for dataset_with_extra_from_classic_operator to 2024-09-02 00:00:00+00:00, run_after=2024-09-03 00:00:00+00:00
[2024-09-03T11:37:25.998+0000] {processor.py:208} INFO - Processing /home/airflow/.local/lib/python3.12/site-packages/airflow/example_dags/example_outlet_event_extra.py took 0.386 seconds
[2024-09-03T11:37:56.523+0000] {processor.py:186} INFO - Started process (PID=1375) to work on /home/airflow/.local/lib/python3.12/site-packages/airflow/example_dags/example_outlet_event_extra.py
[2024-09-03T11:37:56.524+0000] {processor.py:914} INFO - Processing file /home/airflow/.local/lib/python3.12/site-packages/airflow/example_dags/example_outlet_event_extra.py for tasks to queue
[2024-09-03T11:37:56.528+0000] {logging_mixin.py:190} INFO - [2024-09-03T11:37:56.528+0000] {dagbag.py:587} INFO - Filling up the DagBag from /home/airflow/.local/lib/python3.12/site-packages/airflow/example_dags/example_outlet_event_extra.py
[2024-09-03T11:37:56.731+0000] {processor.py:925} INFO - DAG(s) 'dataset_with_extra_from_classic_operator', 'dataset_with_extra_by_context', 'dataset_with_extra_by_yield' retrieved from /home/airflow/.local/lib/python3.12/site-packages/airflow/example_dags/example_outlet_event_extra.py
[2024-09-03T11:37:56.773+0000] {logging_mixin.py:190} INFO - [2024-09-03T11:37:56.773+0000] {dag.py:3211} INFO - Sync 3 DAGs
[2024-09-03T11:37:56.807+0000] {logging_mixin.py:190} INFO - [2024-09-03T11:37:56.807+0000] {dag.py:4138} INFO - Setting next_dagrun for dataset_with_extra_by_context to 2024-09-02 00:00:00+00:00, run_after=2024-09-03 00:00:00+00:00
[2024-09-03T11:37:56.814+0000] {logging_mixin.py:190} INFO - [2024-09-03T11:37:56.814+0000] {dag.py:4138} INFO - Setting next_dagrun for dataset_with_extra_by_yield to 2024-09-02 00:00:00+00:00, run_after=2024-09-03 00:00:00+00:00
[2024-09-03T11:37:56.819+0000] {logging_mixin.py:190} INFO - [2024-09-03T11:37:56.819+0000] {dag.py:4138} INFO - Setting next_dagrun for dataset_with_extra_from_classic_operator to 2024-09-02 00:00:00+00:00, run_after=2024-09-03 00:00:00+00:00
[2024-09-03T11:37:56.859+0000] {processor.py:208} INFO - Processing /home/airflow/.local/lib/python3.12/site-packages/airflow/example_dags/example_outlet_event_extra.py took 0.342 seconds
[2024-09-03T11:38:27.956+0000] {processor.py:186} INFO - Started process (PID=1439) to work on /home/airflow/.local/lib/python3.12/site-packages/airflow/example_dags/example_outlet_event_extra.py
[2024-09-03T11:38:27.958+0000] {processor.py:914} INFO - Processing file /home/airflow/.local/lib/python3.12/site-packages/airflow/example_dags/example_outlet_event_extra.py for tasks to queue
[2024-09-03T11:38:27.963+0000] {logging_mixin.py:190} INFO - [2024-09-03T11:38:27.962+0000] {dagbag.py:587} INFO - Filling up the DagBag from /home/airflow/.local/lib/python3.12/site-packages/airflow/example_dags/example_outlet_event_extra.py
[2024-09-03T11:38:28.265+0000] {processor.py:925} INFO - DAG(s) 'dataset_with_extra_by_yield', 'dataset_with_extra_from_classic_operator', 'dataset_with_extra_by_context' retrieved from /home/airflow/.local/lib/python3.12/site-packages/airflow/example_dags/example_outlet_event_extra.py
[2024-09-03T11:38:28.312+0000] {logging_mixin.py:190} INFO - [2024-09-03T11:38:28.311+0000] {dag.py:3211} INFO - Sync 3 DAGs
[2024-09-03T11:38:28.363+0000] {logging_mixin.py:190} INFO - [2024-09-03T11:38:28.363+0000] {dag.py:4138} INFO - Setting next_dagrun for dataset_with_extra_by_context to 2024-09-02 00:00:00+00:00, run_after=2024-09-03 00:00:00+00:00
[2024-09-03T11:38:28.372+0000] {logging_mixin.py:190} INFO - [2024-09-03T11:38:28.372+0000] {dag.py:4138} INFO - Setting next_dagrun for dataset_with_extra_by_yield to 2024-09-02 00:00:00+00:00, run_after=2024-09-03 00:00:00+00:00
[2024-09-03T11:38:28.376+0000] {logging_mixin.py:190} INFO - [2024-09-03T11:38:28.376+0000] {dag.py:4138} INFO - Setting next_dagrun for dataset_with_extra_from_classic_operator to 2024-09-02 00:00:00+00:00, run_after=2024-09-03 00:00:00+00:00
[2024-09-03T11:38:28.423+0000] {processor.py:208} INFO - Processing /home/airflow/.local/lib/python3.12/site-packages/airflow/example_dags/example_outlet_event_extra.py took 0.477 seconds
[2024-09-03T11:38:58.952+0000] {processor.py:186} INFO - Started process (PID=1501) to work on /home/airflow/.local/lib/python3.12/site-packages/airflow/example_dags/example_outlet_event_extra.py
[2024-09-03T11:38:58.954+0000] {processor.py:914} INFO - Processing file /home/airflow/.local/lib/python3.12/site-packages/airflow/example_dags/example_outlet_event_extra.py for tasks to queue
[2024-09-03T11:38:58.960+0000] {logging_mixin.py:190} INFO - [2024-09-03T11:38:58.959+0000] {dagbag.py:587} INFO - Filling up the DagBag from /home/airflow/.local/lib/python3.12/site-packages/airflow/example_dags/example_outlet_event_extra.py
[2024-09-03T11:38:59.297+0000] {processor.py:925} INFO - DAG(s) 'dataset_with_extra_by_context', 'dataset_with_extra_from_classic_operator', 'dataset_with_extra_by_yield' retrieved from /home/airflow/.local/lib/python3.12/site-packages/airflow/example_dags/example_outlet_event_extra.py
[2024-09-03T11:38:59.368+0000] {logging_mixin.py:190} INFO - [2024-09-03T11:38:59.367+0000] {dag.py:3211} INFO - Sync 3 DAGs
[2024-09-03T11:38:59.449+0000] {logging_mixin.py:190} INFO - [2024-09-03T11:38:59.449+0000] {dag.py:4138} INFO - Setting next_dagrun for dataset_with_extra_by_context to 2024-09-02 00:00:00+00:00, run_after=2024-09-03 00:00:00+00:00
[2024-09-03T11:38:59.462+0000] {logging_mixin.py:190} INFO - [2024-09-03T11:38:59.461+0000] {dag.py:4138} INFO - Setting next_dagrun for dataset_with_extra_by_yield to 2024-09-02 00:00:00+00:00, run_after=2024-09-03 00:00:00+00:00
[2024-09-03T11:38:59.468+0000] {logging_mixin.py:190} INFO - [2024-09-03T11:38:59.468+0000] {dag.py:4138} INFO - Setting next_dagrun for dataset_with_extra_from_classic_operator to 2024-09-02 00:00:00+00:00, run_after=2024-09-03 00:00:00+00:00
[2024-09-03T11:38:59.523+0000] {processor.py:208} INFO - Processing /home/airflow/.local/lib/python3.12/site-packages/airflow/example_dags/example_outlet_event_extra.py took 0.582 seconds
[2024-09-03T11:39:30.080+0000] {processor.py:186} INFO - Started process (PID=1565) to work on /home/airflow/.local/lib/python3.12/site-packages/airflow/example_dags/example_outlet_event_extra.py
[2024-09-03T11:39:30.082+0000] {processor.py:914} INFO - Processing file /home/airflow/.local/lib/python3.12/site-packages/airflow/example_dags/example_outlet_event_extra.py for tasks to queue
[2024-09-03T11:39:30.086+0000] {logging_mixin.py:190} INFO - [2024-09-03T11:39:30.085+0000] {dagbag.py:587} INFO - Filling up the DagBag from /home/airflow/.local/lib/python3.12/site-packages/airflow/example_dags/example_outlet_event_extra.py
[2024-09-03T11:39:30.356+0000] {processor.py:925} INFO - DAG(s) 'dataset_with_extra_by_context', 'dataset_with_extra_by_yield', 'dataset_with_extra_from_classic_operator' retrieved from /home/airflow/.local/lib/python3.12/site-packages/airflow/example_dags/example_outlet_event_extra.py
[2024-09-03T11:39:30.411+0000] {logging_mixin.py:190} INFO - [2024-09-03T11:39:30.410+0000] {dag.py:3211} INFO - Sync 3 DAGs
[2024-09-03T11:39:30.457+0000] {logging_mixin.py:190} INFO - [2024-09-03T11:39:30.457+0000] {dag.py:4138} INFO - Setting next_dagrun for dataset_with_extra_by_context to 2024-09-02 00:00:00+00:00, run_after=2024-09-03 00:00:00+00:00
[2024-09-03T11:39:30.466+0000] {logging_mixin.py:190} INFO - [2024-09-03T11:39:30.466+0000] {dag.py:4138} INFO - Setting next_dagrun for dataset_with_extra_by_yield to 2024-09-02 00:00:00+00:00, run_after=2024-09-03 00:00:00+00:00
[2024-09-03T11:39:30.472+0000] {logging_mixin.py:190} INFO - [2024-09-03T11:39:30.472+0000] {dag.py:4138} INFO - Setting next_dagrun for dataset_with_extra_from_classic_operator to 2024-09-02 00:00:00+00:00, run_after=2024-09-03 00:00:00+00:00
[2024-09-03T11:39:30.515+0000] {processor.py:208} INFO - Processing /home/airflow/.local/lib/python3.12/site-packages/airflow/example_dags/example_outlet_event_extra.py took 0.444 seconds
[2024-09-03T11:40:00.665+0000] {processor.py:186} INFO - Started process (PID=1627) to work on /home/airflow/.local/lib/python3.12/site-packages/airflow/example_dags/example_outlet_event_extra.py
[2024-09-03T11:40:00.667+0000] {processor.py:914} INFO - Processing file /home/airflow/.local/lib/python3.12/site-packages/airflow/example_dags/example_outlet_event_extra.py for tasks to queue
[2024-09-03T11:40:00.671+0000] {logging_mixin.py:190} INFO - [2024-09-03T11:40:00.670+0000] {dagbag.py:587} INFO - Filling up the DagBag from /home/airflow/.local/lib/python3.12/site-packages/airflow/example_dags/example_outlet_event_extra.py
[2024-09-03T11:40:00.837+0000] {processor.py:925} INFO - DAG(s) 'dataset_with_extra_from_classic_operator', 'dataset_with_extra_by_context', 'dataset_with_extra_by_yield' retrieved from /home/airflow/.local/lib/python3.12/site-packages/airflow/example_dags/example_outlet_event_extra.py
[2024-09-03T11:40:00.876+0000] {logging_mixin.py:190} INFO - [2024-09-03T11:40:00.875+0000] {dag.py:3211} INFO - Sync 3 DAGs
[2024-09-03T11:40:00.907+0000] {logging_mixin.py:190} INFO - [2024-09-03T11:40:00.907+0000] {dag.py:4138} INFO - Setting next_dagrun for dataset_with_extra_by_context to 2024-09-02 00:00:00+00:00, run_after=2024-09-03 00:00:00+00:00
[2024-09-03T11:40:00.916+0000] {logging_mixin.py:190} INFO - [2024-09-03T11:40:00.916+0000] {dag.py:4138} INFO - Setting next_dagrun for dataset_with_extra_by_yield to 2024-09-02 00:00:00+00:00, run_after=2024-09-03 00:00:00+00:00
[2024-09-03T11:40:00.921+0000] {logging_mixin.py:190} INFO - [2024-09-03T11:40:00.921+0000] {dag.py:4138} INFO - Setting next_dagrun for dataset_with_extra_from_classic_operator to 2024-09-02 00:00:00+00:00, run_after=2024-09-03 00:00:00+00:00
[2024-09-03T11:40:00.961+0000] {processor.py:208} INFO - Processing /home/airflow/.local/lib/python3.12/site-packages/airflow/example_dags/example_outlet_event_extra.py took 0.305 seconds
[2024-09-03T11:40:32.397+0000] {processor.py:186} INFO - Started process (PID=1697) to work on /home/airflow/.local/lib/python3.12/site-packages/airflow/example_dags/example_outlet_event_extra.py
[2024-09-03T11:40:32.398+0000] {processor.py:914} INFO - Processing file /home/airflow/.local/lib/python3.12/site-packages/airflow/example_dags/example_outlet_event_extra.py for tasks to queue
[2024-09-03T11:40:32.403+0000] {logging_mixin.py:190} INFO - [2024-09-03T11:40:32.403+0000] {dagbag.py:587} INFO - Filling up the DagBag from /home/airflow/.local/lib/python3.12/site-packages/airflow/example_dags/example_outlet_event_extra.py
[2024-09-03T11:40:32.681+0000] {processor.py:925} INFO - DAG(s) 'dataset_with_extra_by_context', 'dataset_with_extra_by_yield', 'dataset_with_extra_from_classic_operator' retrieved from /home/airflow/.local/lib/python3.12/site-packages/airflow/example_dags/example_outlet_event_extra.py
[2024-09-03T11:40:32.760+0000] {logging_mixin.py:190} INFO - [2024-09-03T11:40:32.759+0000] {dag.py:3211} INFO - Sync 3 DAGs
[2024-09-03T11:40:32.828+0000] {logging_mixin.py:190} INFO - [2024-09-03T11:40:32.828+0000] {dag.py:4138} INFO - Setting next_dagrun for dataset_with_extra_by_context to 2024-09-02 00:00:00+00:00, run_after=2024-09-03 00:00:00+00:00
[2024-09-03T11:40:32.840+0000] {logging_mixin.py:190} INFO - [2024-09-03T11:40:32.840+0000] {dag.py:4138} INFO - Setting next_dagrun for dataset_with_extra_by_yield to 2024-09-02 00:00:00+00:00, run_after=2024-09-03 00:00:00+00:00
[2024-09-03T11:40:32.846+0000] {logging_mixin.py:190} INFO - [2024-09-03T11:40:32.845+0000] {dag.py:4138} INFO - Setting next_dagrun for dataset_with_extra_from_classic_operator to 2024-09-02 00:00:00+00:00, run_after=2024-09-03 00:00:00+00:00
[2024-09-03T11:40:32.906+0000] {processor.py:208} INFO - Processing /home/airflow/.local/lib/python3.12/site-packages/airflow/example_dags/example_outlet_event_extra.py took 0.519 seconds
[2024-09-03T11:41:03.153+0000] {processor.py:186} INFO - Started process (PID=1759) to work on /home/airflow/.local/lib/python3.12/site-packages/airflow/example_dags/example_outlet_event_extra.py
[2024-09-03T11:41:03.156+0000] {processor.py:914} INFO - Processing file /home/airflow/.local/lib/python3.12/site-packages/airflow/example_dags/example_outlet_event_extra.py for tasks to queue
[2024-09-03T11:41:03.161+0000] {logging_mixin.py:190} INFO - [2024-09-03T11:41:03.160+0000] {dagbag.py:587} INFO - Filling up the DagBag from /home/airflow/.local/lib/python3.12/site-packages/airflow/example_dags/example_outlet_event_extra.py
[2024-09-03T11:41:03.473+0000] {processor.py:925} INFO - DAG(s) 'dataset_with_extra_from_classic_operator', 'dataset_with_extra_by_context', 'dataset_with_extra_by_yield' retrieved from /home/airflow/.local/lib/python3.12/site-packages/airflow/example_dags/example_outlet_event_extra.py
[2024-09-03T11:41:03.546+0000] {logging_mixin.py:190} INFO - [2024-09-03T11:41:03.546+0000] {dag.py:3211} INFO - Sync 3 DAGs
[2024-09-03T11:41:03.621+0000] {logging_mixin.py:190} INFO - [2024-09-03T11:41:03.621+0000] {dag.py:4138} INFO - Setting next_dagrun for dataset_with_extra_by_context to 2024-09-02 00:00:00+00:00, run_after=2024-09-03 00:00:00+00:00
[2024-09-03T11:41:03.633+0000] {logging_mixin.py:190} INFO - [2024-09-03T11:41:03.633+0000] {dag.py:4138} INFO - Setting next_dagrun for dataset_with_extra_by_yield to 2024-09-02 00:00:00+00:00, run_after=2024-09-03 00:00:00+00:00
[2024-09-03T11:41:03.640+0000] {logging_mixin.py:190} INFO - [2024-09-03T11:41:03.639+0000] {dag.py:4138} INFO - Setting next_dagrun for dataset_with_extra_from_classic_operator to 2024-09-02 00:00:00+00:00, run_after=2024-09-03 00:00:00+00:00
[2024-09-03T11:41:04.129+0000] {processor.py:208} INFO - Processing /home/airflow/.local/lib/python3.12/site-packages/airflow/example_dags/example_outlet_event_extra.py took 0.989 seconds
[2024-09-03T11:41:35.036+0000] {processor.py:186} INFO - Started process (PID=1822) to work on /home/airflow/.local/lib/python3.12/site-packages/airflow/example_dags/example_outlet_event_extra.py
[2024-09-03T11:41:35.038+0000] {processor.py:914} INFO - Processing file /home/airflow/.local/lib/python3.12/site-packages/airflow/example_dags/example_outlet_event_extra.py for tasks to queue
[2024-09-03T11:41:35.043+0000] {logging_mixin.py:190} INFO - [2024-09-03T11:41:35.042+0000] {dagbag.py:587} INFO - Filling up the DagBag from /home/airflow/.local/lib/python3.12/site-packages/airflow/example_dags/example_outlet_event_extra.py
[2024-09-03T11:41:35.363+0000] {processor.py:925} INFO - DAG(s) 'dataset_with_extra_by_yield', 'dataset_with_extra_by_context', 'dataset_with_extra_from_classic_operator' retrieved from /home/airflow/.local/lib/python3.12/site-packages/airflow/example_dags/example_outlet_event_extra.py
[2024-09-03T11:41:35.432+0000] {logging_mixin.py:190} INFO - [2024-09-03T11:41:35.432+0000] {dag.py:3211} INFO - Sync 3 DAGs
[2024-09-03T11:41:35.481+0000] {logging_mixin.py:190} INFO - [2024-09-03T11:41:35.480+0000] {dag.py:4138} INFO - Setting next_dagrun for dataset_with_extra_by_context to 2024-09-02 00:00:00+00:00, run_after=2024-09-03 00:00:00+00:00
[2024-09-03T11:41:35.497+0000] {logging_mixin.py:190} INFO - [2024-09-03T11:41:35.497+0000] {dag.py:4138} INFO - Setting next_dagrun for dataset_with_extra_by_yield to 2024-09-02 00:00:00+00:00, run_after=2024-09-03 00:00:00+00:00
[2024-09-03T11:41:35.504+0000] {logging_mixin.py:190} INFO - [2024-09-03T11:41:35.503+0000] {dag.py:4138} INFO - Setting next_dagrun for dataset_with_extra_from_classic_operator to 2024-09-02 00:00:00+00:00, run_after=2024-09-03 00:00:00+00:00
[2024-09-03T11:41:35.558+0000] {processor.py:208} INFO - Processing /home/airflow/.local/lib/python3.12/site-packages/airflow/example_dags/example_outlet_event_extra.py took 0.532 seconds
[2024-09-03T11:42:05.750+0000] {processor.py:186} INFO - Started process (PID=1886) to work on /home/airflow/.local/lib/python3.12/site-packages/airflow/example_dags/example_outlet_event_extra.py
[2024-09-03T11:42:05.752+0000] {processor.py:914} INFO - Processing file /home/airflow/.local/lib/python3.12/site-packages/airflow/example_dags/example_outlet_event_extra.py for tasks to queue
[2024-09-03T11:42:05.756+0000] {logging_mixin.py:190} INFO - [2024-09-03T11:42:05.756+0000] {dagbag.py:587} INFO - Filling up the DagBag from /home/airflow/.local/lib/python3.12/site-packages/airflow/example_dags/example_outlet_event_extra.py
[2024-09-03T11:42:06.042+0000] {processor.py:925} INFO - DAG(s) 'dataset_with_extra_by_yield', 'dataset_with_extra_by_context', 'dataset_with_extra_from_classic_operator' retrieved from /home/airflow/.local/lib/python3.12/site-packages/airflow/example_dags/example_outlet_event_extra.py
[2024-09-03T11:42:06.092+0000] {logging_mixin.py:190} INFO - [2024-09-03T11:42:06.092+0000] {dag.py:3211} INFO - Sync 3 DAGs
[2024-09-03T11:42:06.137+0000] {logging_mixin.py:190} INFO - [2024-09-03T11:42:06.137+0000] {dag.py:4138} INFO - Setting next_dagrun for dataset_with_extra_by_context to 2024-09-02 00:00:00+00:00, run_after=2024-09-03 00:00:00+00:00
[2024-09-03T11:42:06.146+0000] {logging_mixin.py:190} INFO - [2024-09-03T11:42:06.146+0000] {dag.py:4138} INFO - Setting next_dagrun for dataset_with_extra_by_yield to 2024-09-02 00:00:00+00:00, run_after=2024-09-03 00:00:00+00:00
[2024-09-03T11:42:06.152+0000] {logging_mixin.py:190} INFO - [2024-09-03T11:42:06.151+0000] {dag.py:4138} INFO - Setting next_dagrun for dataset_with_extra_from_classic_operator to 2024-09-02 00:00:00+00:00, run_after=2024-09-03 00:00:00+00:00
[2024-09-03T11:42:06.200+0000] {processor.py:208} INFO - Processing /home/airflow/.local/lib/python3.12/site-packages/airflow/example_dags/example_outlet_event_extra.py took 0.460 seconds
[2024-09-03T11:42:36.790+0000] {processor.py:186} INFO - Started process (PID=1949) to work on /home/airflow/.local/lib/python3.12/site-packages/airflow/example_dags/example_outlet_event_extra.py
[2024-09-03T11:42:36.792+0000] {processor.py:914} INFO - Processing file /home/airflow/.local/lib/python3.12/site-packages/airflow/example_dags/example_outlet_event_extra.py for tasks to queue
[2024-09-03T11:42:36.796+0000] {logging_mixin.py:190} INFO - [2024-09-03T11:42:36.795+0000] {dagbag.py:587} INFO - Filling up the DagBag from /home/airflow/.local/lib/python3.12/site-packages/airflow/example_dags/example_outlet_event_extra.py
[2024-09-03T11:42:37.052+0000] {processor.py:925} INFO - DAG(s) 'dataset_with_extra_from_classic_operator', 'dataset_with_extra_by_context', 'dataset_with_extra_by_yield' retrieved from /home/airflow/.local/lib/python3.12/site-packages/airflow/example_dags/example_outlet_event_extra.py
[2024-09-03T11:42:37.094+0000] {logging_mixin.py:190} INFO - [2024-09-03T11:42:37.093+0000] {dag.py:3211} INFO - Sync 3 DAGs
[2024-09-03T11:42:37.128+0000] {logging_mixin.py:190} INFO - [2024-09-03T11:42:37.128+0000] {dag.py:4138} INFO - Setting next_dagrun for dataset_with_extra_by_context to 2024-09-02 00:00:00+00:00, run_after=2024-09-03 00:00:00+00:00
[2024-09-03T11:42:37.136+0000] {logging_mixin.py:190} INFO - [2024-09-03T11:42:37.135+0000] {dag.py:4138} INFO - Setting next_dagrun for dataset_with_extra_by_yield to 2024-09-02 00:00:00+00:00, run_after=2024-09-03 00:00:00+00:00
[2024-09-03T11:42:37.141+0000] {logging_mixin.py:190} INFO - [2024-09-03T11:42:37.141+0000] {dag.py:4138} INFO - Setting next_dagrun for dataset_with_extra_from_classic_operator to 2024-09-02 00:00:00+00:00, run_after=2024-09-03 00:00:00+00:00
[2024-09-03T11:42:37.182+0000] {processor.py:208} INFO - Processing /home/airflow/.local/lib/python3.12/site-packages/airflow/example_dags/example_outlet_event_extra.py took 0.401 seconds
[2024-09-03T11:43:07.732+0000] {processor.py:186} INFO - Started process (PID=2012) to work on /home/airflow/.local/lib/python3.12/site-packages/airflow/example_dags/example_outlet_event_extra.py
[2024-09-03T11:43:07.736+0000] {processor.py:914} INFO - Processing file /home/airflow/.local/lib/python3.12/site-packages/airflow/example_dags/example_outlet_event_extra.py for tasks to queue
[2024-09-03T11:43:07.752+0000] {logging_mixin.py:190} INFO - [2024-09-03T11:43:07.751+0000] {dagbag.py:587} INFO - Filling up the DagBag from /home/airflow/.local/lib/python3.12/site-packages/airflow/example_dags/example_outlet_event_extra.py
[2024-09-03T11:43:08.395+0000] {processor.py:925} INFO - DAG(s) 'dataset_with_extra_by_yield', 'dataset_with_extra_from_classic_operator', 'dataset_with_extra_by_context' retrieved from /home/airflow/.local/lib/python3.12/site-packages/airflow/example_dags/example_outlet_event_extra.py
[2024-09-03T11:43:09.038+0000] {logging_mixin.py:190} INFO - [2024-09-03T11:43:09.038+0000] {dag.py:3211} INFO - Sync 3 DAGs
[2024-09-03T11:43:09.080+0000] {logging_mixin.py:190} INFO - [2024-09-03T11:43:09.080+0000] {dag.py:4138} INFO - Setting next_dagrun for dataset_with_extra_by_context to 2024-09-02 00:00:00+00:00, run_after=2024-09-03 00:00:00+00:00
[2024-09-03T11:43:09.089+0000] {logging_mixin.py:190} INFO - [2024-09-03T11:43:09.089+0000] {dag.py:4138} INFO - Setting next_dagrun for dataset_with_extra_by_yield to 2024-09-02 00:00:00+00:00, run_after=2024-09-03 00:00:00+00:00
[2024-09-03T11:43:09.095+0000] {logging_mixin.py:190} INFO - [2024-09-03T11:43:09.094+0000] {dag.py:4138} INFO - Setting next_dagrun for dataset_with_extra_from_classic_operator to 2024-09-02 00:00:00+00:00, run_after=2024-09-03 00:00:00+00:00
[2024-09-03T11:43:09.140+0000] {processor.py:208} INFO - Processing /home/airflow/.local/lib/python3.12/site-packages/airflow/example_dags/example_outlet_event_extra.py took 1.422 seconds
[2024-09-03T11:43:39.427+0000] {processor.py:186} INFO - Started process (PID=2078) to work on /home/airflow/.local/lib/python3.12/site-packages/airflow/example_dags/example_outlet_event_extra.py
[2024-09-03T11:43:39.430+0000] {processor.py:914} INFO - Processing file /home/airflow/.local/lib/python3.12/site-packages/airflow/example_dags/example_outlet_event_extra.py for tasks to queue
[2024-09-03T11:43:39.436+0000] {logging_mixin.py:190} INFO - [2024-09-03T11:43:39.435+0000] {dagbag.py:587} INFO - Filling up the DagBag from /home/airflow/.local/lib/python3.12/site-packages/airflow/example_dags/example_outlet_event_extra.py
[2024-09-03T11:43:39.773+0000] {processor.py:925} INFO - DAG(s) 'dataset_with_extra_from_classic_operator', 'dataset_with_extra_by_yield', 'dataset_with_extra_by_context' retrieved from /home/airflow/.local/lib/python3.12/site-packages/airflow/example_dags/example_outlet_event_extra.py
[2024-09-03T11:43:40.142+0000] {logging_mixin.py:190} INFO - [2024-09-03T11:43:40.141+0000] {dag.py:3211} INFO - Sync 3 DAGs
[2024-09-03T11:43:40.186+0000] {logging_mixin.py:190} INFO - [2024-09-03T11:43:40.186+0000] {dag.py:4138} INFO - Setting next_dagrun for dataset_with_extra_by_context to 2024-09-02 00:00:00+00:00, run_after=2024-09-03 00:00:00+00:00
[2024-09-03T11:43:40.199+0000] {logging_mixin.py:190} INFO - [2024-09-03T11:43:40.199+0000] {dag.py:4138} INFO - Setting next_dagrun for dataset_with_extra_by_yield to 2024-09-02 00:00:00+00:00, run_after=2024-09-03 00:00:00+00:00
[2024-09-03T11:43:40.205+0000] {logging_mixin.py:190} INFO - [2024-09-03T11:43:40.205+0000] {dag.py:4138} INFO - Setting next_dagrun for dataset_with_extra_from_classic_operator to 2024-09-02 00:00:00+00:00, run_after=2024-09-03 00:00:00+00:00
[2024-09-03T11:43:40.263+0000] {processor.py:208} INFO - Processing /home/airflow/.local/lib/python3.12/site-packages/airflow/example_dags/example_outlet_event_extra.py took 0.847 seconds
[2024-09-03T11:44:10.686+0000] {processor.py:186} INFO - Started process (PID=2141) to work on /home/airflow/.local/lib/python3.12/site-packages/airflow/example_dags/example_outlet_event_extra.py
[2024-09-03T11:44:10.687+0000] {processor.py:914} INFO - Processing file /home/airflow/.local/lib/python3.12/site-packages/airflow/example_dags/example_outlet_event_extra.py for tasks to queue
[2024-09-03T11:44:10.691+0000] {logging_mixin.py:190} INFO - [2024-09-03T11:44:10.690+0000] {dagbag.py:587} INFO - Filling up the DagBag from /home/airflow/.local/lib/python3.12/site-packages/airflow/example_dags/example_outlet_event_extra.py
[2024-09-03T11:44:10.863+0000] {processor.py:925} INFO - DAG(s) 'dataset_with_extra_by_yield', 'dataset_with_extra_from_classic_operator', 'dataset_with_extra_by_context' retrieved from /home/airflow/.local/lib/python3.12/site-packages/airflow/example_dags/example_outlet_event_extra.py
[2024-09-03T11:44:10.900+0000] {logging_mixin.py:190} INFO - [2024-09-03T11:44:10.900+0000] {dag.py:3211} INFO - Sync 3 DAGs
[2024-09-03T11:44:11.102+0000] {logging_mixin.py:190} INFO - [2024-09-03T11:44:11.102+0000] {dag.py:4138} INFO - Setting next_dagrun for dataset_with_extra_by_context to 2024-09-02 00:00:00+00:00, run_after=2024-09-03 00:00:00+00:00
[2024-09-03T11:44:11.108+0000] {logging_mixin.py:190} INFO - [2024-09-03T11:44:11.108+0000] {dag.py:4138} INFO - Setting next_dagrun for dataset_with_extra_by_yield to 2024-09-02 00:00:00+00:00, run_after=2024-09-03 00:00:00+00:00
[2024-09-03T11:44:11.111+0000] {logging_mixin.py:190} INFO - [2024-09-03T11:44:11.111+0000] {dag.py:4138} INFO - Setting next_dagrun for dataset_with_extra_from_classic_operator to 2024-09-02 00:00:00+00:00, run_after=2024-09-03 00:00:00+00:00
[2024-09-03T11:44:11.150+0000] {processor.py:208} INFO - Processing /home/airflow/.local/lib/python3.12/site-packages/airflow/example_dags/example_outlet_event_extra.py took 0.472 seconds
[2024-09-03T11:44:42.057+0000] {processor.py:186} INFO - Started process (PID=2206) to work on /home/airflow/.local/lib/python3.12/site-packages/airflow/example_dags/example_outlet_event_extra.py
[2024-09-03T11:44:42.058+0000] {processor.py:914} INFO - Processing file /home/airflow/.local/lib/python3.12/site-packages/airflow/example_dags/example_outlet_event_extra.py for tasks to queue
[2024-09-03T11:44:42.061+0000] {logging_mixin.py:190} INFO - [2024-09-03T11:44:42.060+0000] {dagbag.py:587} INFO - Filling up the DagBag from /home/airflow/.local/lib/python3.12/site-packages/airflow/example_dags/example_outlet_event_extra.py
[2024-09-03T11:44:42.200+0000] {processor.py:925} INFO - DAG(s) 'dataset_with_extra_by_context', 'dataset_with_extra_from_classic_operator', 'dataset_with_extra_by_yield' retrieved from /home/airflow/.local/lib/python3.12/site-packages/airflow/example_dags/example_outlet_event_extra.py
[2024-09-03T11:44:42.231+0000] {logging_mixin.py:190} INFO - [2024-09-03T11:44:42.230+0000] {dag.py:3211} INFO - Sync 3 DAGs
[2024-09-03T11:44:42.466+0000] {logging_mixin.py:190} INFO - [2024-09-03T11:44:42.466+0000] {dag.py:4138} INFO - Setting next_dagrun for dataset_with_extra_by_context to 2024-09-02 00:00:00+00:00, run_after=2024-09-03 00:00:00+00:00
[2024-09-03T11:44:42.474+0000] {logging_mixin.py:190} INFO - [2024-09-03T11:44:42.474+0000] {dag.py:4138} INFO - Setting next_dagrun for dataset_with_extra_by_yield to 2024-09-02 00:00:00+00:00, run_after=2024-09-03 00:00:00+00:00
[2024-09-03T11:44:42.480+0000] {logging_mixin.py:190} INFO - [2024-09-03T11:44:42.479+0000] {dag.py:4138} INFO - Setting next_dagrun for dataset_with_extra_from_classic_operator to 2024-09-02 00:00:00+00:00, run_after=2024-09-03 00:00:00+00:00
[2024-09-03T11:44:42.514+0000] {processor.py:208} INFO - Processing /home/airflow/.local/lib/python3.12/site-packages/airflow/example_dags/example_outlet_event_extra.py took 0.462 seconds
[2024-09-03T11:45:12.736+0000] {processor.py:186} INFO - Started process (PID=2269) to work on /home/airflow/.local/lib/python3.12/site-packages/airflow/example_dags/example_outlet_event_extra.py
[2024-09-03T11:45:12.738+0000] {processor.py:914} INFO - Processing file /home/airflow/.local/lib/python3.12/site-packages/airflow/example_dags/example_outlet_event_extra.py for tasks to queue
[2024-09-03T11:45:12.741+0000] {logging_mixin.py:190} INFO - [2024-09-03T11:45:12.740+0000] {dagbag.py:587} INFO - Filling up the DagBag from /home/airflow/.local/lib/python3.12/site-packages/airflow/example_dags/example_outlet_event_extra.py
[2024-09-03T11:45:12.904+0000] {processor.py:925} INFO - DAG(s) 'dataset_with_extra_by_context', 'dataset_with_extra_by_yield', 'dataset_with_extra_from_classic_operator' retrieved from /home/airflow/.local/lib/python3.12/site-packages/airflow/example_dags/example_outlet_event_extra.py
[2024-09-03T11:45:12.935+0000] {logging_mixin.py:190} INFO - [2024-09-03T11:45:12.934+0000] {dag.py:3211} INFO - Sync 3 DAGs
[2024-09-03T11:45:13.162+0000] {logging_mixin.py:190} INFO - [2024-09-03T11:45:13.162+0000] {dag.py:4138} INFO - Setting next_dagrun for dataset_with_extra_by_context to 2024-09-02 00:00:00+00:00, run_after=2024-09-03 00:00:00+00:00
[2024-09-03T11:45:13.169+0000] {logging_mixin.py:190} INFO - [2024-09-03T11:45:13.169+0000] {dag.py:4138} INFO - Setting next_dagrun for dataset_with_extra_by_yield to 2024-09-02 00:00:00+00:00, run_after=2024-09-03 00:00:00+00:00
[2024-09-03T11:45:13.173+0000] {logging_mixin.py:190} INFO - [2024-09-03T11:45:13.173+0000] {dag.py:4138} INFO - Setting next_dagrun for dataset_with_extra_from_classic_operator to 2024-09-02 00:00:00+00:00, run_after=2024-09-03 00:00:00+00:00
[2024-09-03T11:45:13.211+0000] {processor.py:208} INFO - Processing /home/airflow/.local/lib/python3.12/site-packages/airflow/example_dags/example_outlet_event_extra.py took 0.481 seconds
[2024-09-03T11:45:43.753+0000] {processor.py:186} INFO - Started process (PID=2332) to work on /home/airflow/.local/lib/python3.12/site-packages/airflow/example_dags/example_outlet_event_extra.py
[2024-09-03T11:45:43.754+0000] {processor.py:914} INFO - Processing file /home/airflow/.local/lib/python3.12/site-packages/airflow/example_dags/example_outlet_event_extra.py for tasks to queue
[2024-09-03T11:45:43.757+0000] {logging_mixin.py:190} INFO - [2024-09-03T11:45:43.757+0000] {dagbag.py:587} INFO - Filling up the DagBag from /home/airflow/.local/lib/python3.12/site-packages/airflow/example_dags/example_outlet_event_extra.py
[2024-09-03T11:45:44.053+0000] {processor.py:925} INFO - DAG(s) 'dataset_with_extra_by_yield', 'dataset_with_extra_from_classic_operator', 'dataset_with_extra_by_context' retrieved from /home/airflow/.local/lib/python3.12/site-packages/airflow/example_dags/example_outlet_event_extra.py
[2024-09-03T11:45:44.080+0000] {logging_mixin.py:190} INFO - [2024-09-03T11:45:44.080+0000] {dag.py:3211} INFO - Sync 3 DAGs
[2024-09-03T11:45:44.104+0000] {logging_mixin.py:190} INFO - [2024-09-03T11:45:44.104+0000] {dag.py:4138} INFO - Setting next_dagrun for dataset_with_extra_by_context to 2024-09-02 00:00:00+00:00, run_after=2024-09-03 00:00:00+00:00
[2024-09-03T11:45:44.110+0000] {logging_mixin.py:190} INFO - [2024-09-03T11:45:44.110+0000] {dag.py:4138} INFO - Setting next_dagrun for dataset_with_extra_by_yield to 2024-09-02 00:00:00+00:00, run_after=2024-09-03 00:00:00+00:00
[2024-09-03T11:45:44.115+0000] {logging_mixin.py:190} INFO - [2024-09-03T11:45:44.115+0000] {dag.py:4138} INFO - Setting next_dagrun for dataset_with_extra_from_classic_operator to 2024-09-02 00:00:00+00:00, run_after=2024-09-03 00:00:00+00:00
[2024-09-03T11:45:44.151+0000] {processor.py:208} INFO - Processing /home/airflow/.local/lib/python3.12/site-packages/airflow/example_dags/example_outlet_event_extra.py took 0.404 seconds
[2024-09-03T11:46:14.480+0000] {processor.py:186} INFO - Started process (PID=2395) to work on /home/airflow/.local/lib/python3.12/site-packages/airflow/example_dags/example_outlet_event_extra.py
[2024-09-03T11:46:14.481+0000] {processor.py:914} INFO - Processing file /home/airflow/.local/lib/python3.12/site-packages/airflow/example_dags/example_outlet_event_extra.py for tasks to queue
[2024-09-03T11:46:14.484+0000] {logging_mixin.py:190} INFO - [2024-09-03T11:46:14.484+0000] {dagbag.py:587} INFO - Filling up the DagBag from /home/airflow/.local/lib/python3.12/site-packages/airflow/example_dags/example_outlet_event_extra.py
[2024-09-03T11:46:14.793+0000] {processor.py:925} INFO - DAG(s) 'dataset_with_extra_by_yield', 'dataset_with_extra_from_classic_operator', 'dataset_with_extra_by_context' retrieved from /home/airflow/.local/lib/python3.12/site-packages/airflow/example_dags/example_outlet_event_extra.py
[2024-09-03T11:46:14.819+0000] {logging_mixin.py:190} INFO - [2024-09-03T11:46:14.819+0000] {dag.py:3211} INFO - Sync 3 DAGs
[2024-09-03T11:46:14.844+0000] {logging_mixin.py:190} INFO - [2024-09-03T11:46:14.844+0000] {dag.py:4138} INFO - Setting next_dagrun for dataset_with_extra_by_context to 2024-09-02 00:00:00+00:00, run_after=2024-09-03 00:00:00+00:00
[2024-09-03T11:46:14.851+0000] {logging_mixin.py:190} INFO - [2024-09-03T11:46:14.851+0000] {dag.py:4138} INFO - Setting next_dagrun for dataset_with_extra_by_yield to 2024-09-02 00:00:00+00:00, run_after=2024-09-03 00:00:00+00:00
[2024-09-03T11:46:14.855+0000] {logging_mixin.py:190} INFO - [2024-09-03T11:46:14.855+0000] {dag.py:4138} INFO - Setting next_dagrun for dataset_with_extra_from_classic_operator to 2024-09-02 00:00:00+00:00, run_after=2024-09-03 00:00:00+00:00
[2024-09-03T11:46:14.891+0000] {processor.py:208} INFO - Processing /home/airflow/.local/lib/python3.12/site-packages/airflow/example_dags/example_outlet_event_extra.py took 0.419 seconds
[2024-09-03T11:46:45.143+0000] {processor.py:186} INFO - Started process (PID=2459) to work on /home/airflow/.local/lib/python3.12/site-packages/airflow/example_dags/example_outlet_event_extra.py
[2024-09-03T11:46:45.144+0000] {processor.py:914} INFO - Processing file /home/airflow/.local/lib/python3.12/site-packages/airflow/example_dags/example_outlet_event_extra.py for tasks to queue
[2024-09-03T11:46:45.148+0000] {logging_mixin.py:190} INFO - [2024-09-03T11:46:45.147+0000] {dagbag.py:587} INFO - Filling up the DagBag from /home/airflow/.local/lib/python3.12/site-packages/airflow/example_dags/example_outlet_event_extra.py
[2024-09-03T11:46:45.774+0000] {processor.py:925} INFO - DAG(s) 'dataset_with_extra_by_yield', 'dataset_with_extra_by_context', 'dataset_with_extra_from_classic_operator' retrieved from /home/airflow/.local/lib/python3.12/site-packages/airflow/example_dags/example_outlet_event_extra.py
[2024-09-03T11:46:45.822+0000] {logging_mixin.py:190} INFO - [2024-09-03T11:46:45.821+0000] {dag.py:3211} INFO - Sync 3 DAGs
[2024-09-03T11:46:45.867+0000] {logging_mixin.py:190} INFO - [2024-09-03T11:46:45.867+0000] {dag.py:4138} INFO - Setting next_dagrun for dataset_with_extra_by_context to 2024-09-02 00:00:00+00:00, run_after=2024-09-03 00:00:00+00:00
[2024-09-03T11:46:45.875+0000] {logging_mixin.py:190} INFO - [2024-09-03T11:46:45.874+0000] {dag.py:4138} INFO - Setting next_dagrun for dataset_with_extra_by_yield to 2024-09-02 00:00:00+00:00, run_after=2024-09-03 00:00:00+00:00
[2024-09-03T11:46:45.882+0000] {logging_mixin.py:190} INFO - [2024-09-03T11:46:45.882+0000] {dag.py:4138} INFO - Setting next_dagrun for dataset_with_extra_from_classic_operator to 2024-09-02 00:00:00+00:00, run_after=2024-09-03 00:00:00+00:00
[2024-09-03T11:46:45.922+0000] {processor.py:208} INFO - Processing /home/airflow/.local/lib/python3.12/site-packages/airflow/example_dags/example_outlet_event_extra.py took 0.788 seconds
[2024-09-03T11:47:17.307+0000] {processor.py:186} INFO - Started process (PID=2522) to work on /home/airflow/.local/lib/python3.12/site-packages/airflow/example_dags/example_outlet_event_extra.py
[2024-09-03T11:47:17.309+0000] {processor.py:914} INFO - Processing file /home/airflow/.local/lib/python3.12/site-packages/airflow/example_dags/example_outlet_event_extra.py for tasks to queue
[2024-09-03T11:47:17.315+0000] {logging_mixin.py:190} INFO - [2024-09-03T11:47:17.313+0000] {dagbag.py:587} INFO - Filling up the DagBag from /home/airflow/.local/lib/python3.12/site-packages/airflow/example_dags/example_outlet_event_extra.py
[2024-09-03T11:47:18.043+0000] {processor.py:925} INFO - DAG(s) 'dataset_with_extra_from_classic_operator', 'dataset_with_extra_by_yield', 'dataset_with_extra_by_context' retrieved from /home/airflow/.local/lib/python3.12/site-packages/airflow/example_dags/example_outlet_event_extra.py
[2024-09-03T11:47:18.106+0000] {logging_mixin.py:190} INFO - [2024-09-03T11:47:18.106+0000] {dag.py:3211} INFO - Sync 3 DAGs
[2024-09-03T11:47:18.157+0000] {logging_mixin.py:190} INFO - [2024-09-03T11:47:18.156+0000] {dag.py:4138} INFO - Setting next_dagrun for dataset_with_extra_by_context to 2024-09-02 00:00:00+00:00, run_after=2024-09-03 00:00:00+00:00
[2024-09-03T11:47:18.168+0000] {logging_mixin.py:190} INFO - [2024-09-03T11:47:18.167+0000] {dag.py:4138} INFO - Setting next_dagrun for dataset_with_extra_by_yield to 2024-09-02 00:00:00+00:00, run_after=2024-09-03 00:00:00+00:00
[2024-09-03T11:47:18.175+0000] {logging_mixin.py:190} INFO - [2024-09-03T11:47:18.174+0000] {dag.py:4138} INFO - Setting next_dagrun for dataset_with_extra_from_classic_operator to 2024-09-02 00:00:00+00:00, run_after=2024-09-03 00:00:00+00:00
[2024-09-03T11:47:18.239+0000] {processor.py:208} INFO - Processing /home/airflow/.local/lib/python3.12/site-packages/airflow/example_dags/example_outlet_event_extra.py took 0.946 seconds
[2024-09-03T11:47:48.425+0000] {processor.py:186} INFO - Started process (PID=2585) to work on /home/airflow/.local/lib/python3.12/site-packages/airflow/example_dags/example_outlet_event_extra.py
[2024-09-03T11:47:48.428+0000] {processor.py:914} INFO - Processing file /home/airflow/.local/lib/python3.12/site-packages/airflow/example_dags/example_outlet_event_extra.py for tasks to queue
[2024-09-03T11:47:48.435+0000] {logging_mixin.py:190} INFO - [2024-09-03T11:47:48.434+0000] {dagbag.py:587} INFO - Filling up the DagBag from /home/airflow/.local/lib/python3.12/site-packages/airflow/example_dags/example_outlet_event_extra.py
[2024-09-03T11:47:49.261+0000] {processor.py:925} INFO - DAG(s) 'dataset_with_extra_from_classic_operator', 'dataset_with_extra_by_context', 'dataset_with_extra_by_yield' retrieved from /home/airflow/.local/lib/python3.12/site-packages/airflow/example_dags/example_outlet_event_extra.py
[2024-09-03T11:47:49.313+0000] {logging_mixin.py:190} INFO - [2024-09-03T11:47:49.312+0000] {dag.py:3211} INFO - Sync 3 DAGs
[2024-09-03T11:47:49.368+0000] {logging_mixin.py:190} INFO - [2024-09-03T11:47:49.368+0000] {dag.py:4138} INFO - Setting next_dagrun for dataset_with_extra_by_context to 2024-09-02 00:00:00+00:00, run_after=2024-09-03 00:00:00+00:00
[2024-09-03T11:47:49.380+0000] {logging_mixin.py:190} INFO - [2024-09-03T11:47:49.379+0000] {dag.py:4138} INFO - Setting next_dagrun for dataset_with_extra_by_yield to 2024-09-02 00:00:00+00:00, run_after=2024-09-03 00:00:00+00:00
[2024-09-03T11:47:49.386+0000] {logging_mixin.py:190} INFO - [2024-09-03T11:47:49.385+0000] {dag.py:4138} INFO - Setting next_dagrun for dataset_with_extra_from_classic_operator to 2024-09-02 00:00:00+00:00, run_after=2024-09-03 00:00:00+00:00
[2024-09-03T11:47:49.442+0000] {processor.py:208} INFO - Processing /home/airflow/.local/lib/python3.12/site-packages/airflow/example_dags/example_outlet_event_extra.py took 1.030 seconds
[2024-09-03T11:48:19.577+0000] {processor.py:186} INFO - Started process (PID=2651) to work on /home/airflow/.local/lib/python3.12/site-packages/airflow/example_dags/example_outlet_event_extra.py
[2024-09-03T11:48:19.579+0000] {processor.py:914} INFO - Processing file /home/airflow/.local/lib/python3.12/site-packages/airflow/example_dags/example_outlet_event_extra.py for tasks to queue
[2024-09-03T11:48:19.583+0000] {logging_mixin.py:190} INFO - [2024-09-03T11:48:19.582+0000] {dagbag.py:587} INFO - Filling up the DagBag from /home/airflow/.local/lib/python3.12/site-packages/airflow/example_dags/example_outlet_event_extra.py
[2024-09-03T11:48:20.051+0000] {processor.py:925} INFO - DAG(s) 'dataset_with_extra_by_yield', 'dataset_with_extra_by_context', 'dataset_with_extra_from_classic_operator' retrieved from /home/airflow/.local/lib/python3.12/site-packages/airflow/example_dags/example_outlet_event_extra.py
[2024-09-03T11:48:20.099+0000] {logging_mixin.py:190} INFO - [2024-09-03T11:48:20.098+0000] {dag.py:3211} INFO - Sync 3 DAGs
[2024-09-03T11:48:20.143+0000] {logging_mixin.py:190} INFO - [2024-09-03T11:48:20.143+0000] {dag.py:4138} INFO - Setting next_dagrun for dataset_with_extra_by_context to 2024-09-02 00:00:00+00:00, run_after=2024-09-03 00:00:00+00:00
[2024-09-03T11:48:20.152+0000] {logging_mixin.py:190} INFO - [2024-09-03T11:48:20.151+0000] {dag.py:4138} INFO - Setting next_dagrun for dataset_with_extra_by_yield to 2024-09-02 00:00:00+00:00, run_after=2024-09-03 00:00:00+00:00
[2024-09-03T11:48:20.158+0000] {logging_mixin.py:190} INFO - [2024-09-03T11:48:20.158+0000] {dag.py:4138} INFO - Setting next_dagrun for dataset_with_extra_from_classic_operator to 2024-09-02 00:00:00+00:00, run_after=2024-09-03 00:00:00+00:00
[2024-09-03T11:48:20.204+0000] {processor.py:208} INFO - Processing /home/airflow/.local/lib/python3.12/site-packages/airflow/example_dags/example_outlet_event_extra.py took 0.633 seconds
[2024-09-03T11:48:51.658+0000] {processor.py:186} INFO - Started process (PID=2714) to work on /home/airflow/.local/lib/python3.12/site-packages/airflow/example_dags/example_outlet_event_extra.py
[2024-09-03T11:48:51.660+0000] {processor.py:914} INFO - Processing file /home/airflow/.local/lib/python3.12/site-packages/airflow/example_dags/example_outlet_event_extra.py for tasks to queue
[2024-09-03T11:48:51.666+0000] {logging_mixin.py:190} INFO - [2024-09-03T11:48:51.664+0000] {dagbag.py:587} INFO - Filling up the DagBag from /home/airflow/.local/lib/python3.12/site-packages/airflow/example_dags/example_outlet_event_extra.py
[2024-09-03T11:48:52.411+0000] {processor.py:925} INFO - DAG(s) 'dataset_with_extra_from_classic_operator', 'dataset_with_extra_by_yield', 'dataset_with_extra_by_context' retrieved from /home/airflow/.local/lib/python3.12/site-packages/airflow/example_dags/example_outlet_event_extra.py
[2024-09-03T11:48:52.471+0000] {logging_mixin.py:190} INFO - [2024-09-03T11:48:52.470+0000] {dag.py:3211} INFO - Sync 3 DAGs
[2024-09-03T11:48:52.531+0000] {logging_mixin.py:190} INFO - [2024-09-03T11:48:52.530+0000] {dag.py:4138} INFO - Setting next_dagrun for dataset_with_extra_by_context to 2024-09-02 00:00:00+00:00, run_after=2024-09-03 00:00:00+00:00
[2024-09-03T11:48:52.549+0000] {logging_mixin.py:190} INFO - [2024-09-03T11:48:52.548+0000] {dag.py:4138} INFO - Setting next_dagrun for dataset_with_extra_by_yield to 2024-09-02 00:00:00+00:00, run_after=2024-09-03 00:00:00+00:00
[2024-09-03T11:48:52.558+0000] {logging_mixin.py:190} INFO - [2024-09-03T11:48:52.554+0000] {dag.py:4138} INFO - Setting next_dagrun for dataset_with_extra_from_classic_operator to 2024-09-02 00:00:00+00:00, run_after=2024-09-03 00:00:00+00:00
[2024-09-03T11:48:52.650+0000] {processor.py:208} INFO - Processing /home/airflow/.local/lib/python3.12/site-packages/airflow/example_dags/example_outlet_event_extra.py took 1.004 seconds
[2024-09-03T11:49:22.872+0000] {processor.py:186} INFO - Started process (PID=2776) to work on /home/airflow/.local/lib/python3.12/site-packages/airflow/example_dags/example_outlet_event_extra.py
[2024-09-03T11:49:22.874+0000] {processor.py:914} INFO - Processing file /home/airflow/.local/lib/python3.12/site-packages/airflow/example_dags/example_outlet_event_extra.py for tasks to queue
[2024-09-03T11:49:22.878+0000] {logging_mixin.py:190} INFO - [2024-09-03T11:49:22.877+0000] {dagbag.py:587} INFO - Filling up the DagBag from /home/airflow/.local/lib/python3.12/site-packages/airflow/example_dags/example_outlet_event_extra.py
[2024-09-03T11:49:23.400+0000] {processor.py:925} INFO - DAG(s) 'dataset_with_extra_from_classic_operator', 'dataset_with_extra_by_yield', 'dataset_with_extra_by_context' retrieved from /home/airflow/.local/lib/python3.12/site-packages/airflow/example_dags/example_outlet_event_extra.py
[2024-09-03T11:49:23.457+0000] {logging_mixin.py:190} INFO - [2024-09-03T11:49:23.456+0000] {dag.py:3211} INFO - Sync 3 DAGs
[2024-09-03T11:49:23.512+0000] {logging_mixin.py:190} INFO - [2024-09-03T11:49:23.511+0000] {dag.py:4138} INFO - Setting next_dagrun for dataset_with_extra_by_context to 2024-09-02 00:00:00+00:00, run_after=2024-09-03 00:00:00+00:00
[2024-09-03T11:49:23.526+0000] {logging_mixin.py:190} INFO - [2024-09-03T11:49:23.526+0000] {dag.py:4138} INFO - Setting next_dagrun for dataset_with_extra_by_yield to 2024-09-02 00:00:00+00:00, run_after=2024-09-03 00:00:00+00:00
[2024-09-03T11:49:23.532+0000] {logging_mixin.py:190} INFO - [2024-09-03T11:49:23.532+0000] {dag.py:4138} INFO - Setting next_dagrun for dataset_with_extra_from_classic_operator to 2024-09-02 00:00:00+00:00, run_after=2024-09-03 00:00:00+00:00
[2024-09-03T11:49:23.583+0000] {processor.py:208} INFO - Processing /home/airflow/.local/lib/python3.12/site-packages/airflow/example_dags/example_outlet_event_extra.py took 0.720 seconds
[2024-09-03T11:49:54.324+0000] {processor.py:186} INFO - Started process (PID=2840) to work on /home/airflow/.local/lib/python3.12/site-packages/airflow/example_dags/example_outlet_event_extra.py
[2024-09-03T11:49:54.328+0000] {processor.py:914} INFO - Processing file /home/airflow/.local/lib/python3.12/site-packages/airflow/example_dags/example_outlet_event_extra.py for tasks to queue
[2024-09-03T11:49:54.334+0000] {logging_mixin.py:190} INFO - [2024-09-03T11:49:54.333+0000] {dagbag.py:587} INFO - Filling up the DagBag from /home/airflow/.local/lib/python3.12/site-packages/airflow/example_dags/example_outlet_event_extra.py
[2024-09-03T11:49:55.148+0000] {processor.py:925} INFO - DAG(s) 'dataset_with_extra_from_classic_operator', 'dataset_with_extra_by_yield', 'dataset_with_extra_by_context' retrieved from /home/airflow/.local/lib/python3.12/site-packages/airflow/example_dags/example_outlet_event_extra.py
[2024-09-03T11:49:55.217+0000] {logging_mixin.py:190} INFO - [2024-09-03T11:49:55.216+0000] {dag.py:3211} INFO - Sync 3 DAGs
[2024-09-03T11:49:55.278+0000] {logging_mixin.py:190} INFO - [2024-09-03T11:49:55.277+0000] {dag.py:4138} INFO - Setting next_dagrun for dataset_with_extra_by_context to 2024-09-02 00:00:00+00:00, run_after=2024-09-03 00:00:00+00:00
[2024-09-03T11:49:55.292+0000] {logging_mixin.py:190} INFO - [2024-09-03T11:49:55.291+0000] {dag.py:4138} INFO - Setting next_dagrun for dataset_with_extra_by_yield to 2024-09-02 00:00:00+00:00, run_after=2024-09-03 00:00:00+00:00
[2024-09-03T11:49:55.299+0000] {logging_mixin.py:190} INFO - [2024-09-03T11:49:55.299+0000] {dag.py:4138} INFO - Setting next_dagrun for dataset_with_extra_from_classic_operator to 2024-09-02 00:00:00+00:00, run_after=2024-09-03 00:00:00+00:00
[2024-09-03T11:49:55.375+0000] {processor.py:208} INFO - Processing /home/airflow/.local/lib/python3.12/site-packages/airflow/example_dags/example_outlet_event_extra.py took 1.065 seconds
[2024-09-03T11:50:26.398+0000] {processor.py:186} INFO - Started process (PID=2905) to work on /home/airflow/.local/lib/python3.12/site-packages/airflow/example_dags/example_outlet_event_extra.py
[2024-09-03T11:50:26.402+0000] {processor.py:914} INFO - Processing file /home/airflow/.local/lib/python3.12/site-packages/airflow/example_dags/example_outlet_event_extra.py for tasks to queue
[2024-09-03T11:50:26.407+0000] {logging_mixin.py:190} INFO - [2024-09-03T11:50:26.407+0000] {dagbag.py:587} INFO - Filling up the DagBag from /home/airflow/.local/lib/python3.12/site-packages/airflow/example_dags/example_outlet_event_extra.py
[2024-09-03T11:50:27.374+0000] {processor.py:925} INFO - DAG(s) 'dataset_with_extra_by_yield', 'dataset_with_extra_by_context', 'dataset_with_extra_from_classic_operator' retrieved from /home/airflow/.local/lib/python3.12/site-packages/airflow/example_dags/example_outlet_event_extra.py
[2024-09-03T11:50:27.431+0000] {logging_mixin.py:190} INFO - [2024-09-03T11:50:27.430+0000] {dag.py:3211} INFO - Sync 3 DAGs
[2024-09-03T11:50:27.474+0000] {logging_mixin.py:190} INFO - [2024-09-03T11:50:27.473+0000] {dag.py:4138} INFO - Setting next_dagrun for dataset_with_extra_by_context to 2024-09-02 00:00:00+00:00, run_after=2024-09-03 00:00:00+00:00
[2024-09-03T11:50:27.483+0000] {logging_mixin.py:190} INFO - [2024-09-03T11:50:27.483+0000] {dag.py:4138} INFO - Setting next_dagrun for dataset_with_extra_by_yield to 2024-09-02 00:00:00+00:00, run_after=2024-09-03 00:00:00+00:00
[2024-09-03T11:50:27.490+0000] {logging_mixin.py:190} INFO - [2024-09-03T11:50:27.490+0000] {dag.py:4138} INFO - Setting next_dagrun for dataset_with_extra_from_classic_operator to 2024-09-02 00:00:00+00:00, run_after=2024-09-03 00:00:00+00:00
[2024-09-03T11:50:27.538+0000] {processor.py:208} INFO - Processing /home/airflow/.local/lib/python3.12/site-packages/airflow/example_dags/example_outlet_event_extra.py took 1.155 seconds
