[2024-09-03T11:27:36.432+0000] {processor.py:186} INFO - Started process (PID=114) to work on /home/airflow/.local/lib/python3.12/site-packages/airflow/example_dags/example_branch_python_dop_operator_3.py
[2024-09-03T11:27:36.434+0000] {processor.py:914} INFO - Processing file /home/airflow/.local/lib/python3.12/site-packages/airflow/example_dags/example_branch_python_dop_operator_3.py for tasks to queue
[2024-09-03T11:27:36.437+0000] {logging_mixin.py:190} INFO - [2024-09-03T11:27:36.437+0000] {dagbag.py:587} INFO - Filling up the DagBag from /home/airflow/.local/lib/python3.12/site-packages/airflow/example_dags/example_branch_python_dop_operator_3.py
[2024-09-03T11:27:36.447+0000] {processor.py:925} INFO - DAG(s) 'example_branch_dop_operator_v3' retrieved from /home/airflow/.local/lib/python3.12/site-packages/airflow/example_dags/example_branch_python_dop_operator_3.py
[2024-09-03T11:27:36.470+0000] {logging_mixin.py:190} INFO - [2024-09-03T11:27:36.470+0000] {dag.py:3211} INFO - Sync 1 DAGs
[2024-09-03T11:27:36.502+0000] {logging_mixin.py:190} INFO - [2024-09-03T11:27:36.501+0000] {dag.py:4138} INFO - Setting next_dagrun for example_branch_dop_operator_v3 to 2024-09-03 11:26:00+00:00, run_after=2024-09-03 11:27:00+00:00
[2024-09-03T11:27:36.534+0000] {processor.py:208} INFO - Processing /home/airflow/.local/lib/python3.12/site-packages/airflow/example_dags/example_branch_python_dop_operator_3.py took 0.107 seconds
[2024-09-03T11:28:07.072+0000] {processor.py:186} INFO - Started process (PID=181) to work on /home/airflow/.local/lib/python3.12/site-packages/airflow/example_dags/example_branch_python_dop_operator_3.py
[2024-09-03T11:28:07.074+0000] {processor.py:914} INFO - Processing file /home/airflow/.local/lib/python3.12/site-packages/airflow/example_dags/example_branch_python_dop_operator_3.py for tasks to queue
[2024-09-03T11:28:07.077+0000] {logging_mixin.py:190} INFO - [2024-09-03T11:28:07.077+0000] {dagbag.py:587} INFO - Filling up the DagBag from /home/airflow/.local/lib/python3.12/site-packages/airflow/example_dags/example_branch_python_dop_operator_3.py
[2024-09-03T11:28:07.088+0000] {processor.py:925} INFO - DAG(s) 'example_branch_dop_operator_v3' retrieved from /home/airflow/.local/lib/python3.12/site-packages/airflow/example_dags/example_branch_python_dop_operator_3.py
[2024-09-03T11:28:07.112+0000] {logging_mixin.py:190} INFO - [2024-09-03T11:28:07.111+0000] {dag.py:3211} INFO - Sync 1 DAGs
[2024-09-03T11:28:07.144+0000] {logging_mixin.py:190} INFO - [2024-09-03T11:28:07.144+0000] {dag.py:4138} INFO - Setting next_dagrun for example_branch_dop_operator_v3 to 2024-09-03 11:27:00+00:00, run_after=2024-09-03 11:28:00+00:00
[2024-09-03T11:28:07.178+0000] {processor.py:208} INFO - Processing /home/airflow/.local/lib/python3.12/site-packages/airflow/example_dags/example_branch_python_dop_operator_3.py took 0.111 seconds
[2024-09-03T11:28:37.488+0000] {processor.py:186} INFO - Started process (PID=248) to work on /home/airflow/.local/lib/python3.12/site-packages/airflow/example_dags/example_branch_python_dop_operator_3.py
[2024-09-03T11:28:37.489+0000] {processor.py:914} INFO - Processing file /home/airflow/.local/lib/python3.12/site-packages/airflow/example_dags/example_branch_python_dop_operator_3.py for tasks to queue
[2024-09-03T11:28:37.493+0000] {logging_mixin.py:190} INFO - [2024-09-03T11:28:37.492+0000] {dagbag.py:587} INFO - Filling up the DagBag from /home/airflow/.local/lib/python3.12/site-packages/airflow/example_dags/example_branch_python_dop_operator_3.py
[2024-09-03T11:28:37.502+0000] {processor.py:925} INFO - DAG(s) 'example_branch_dop_operator_v3' retrieved from /home/airflow/.local/lib/python3.12/site-packages/airflow/example_dags/example_branch_python_dop_operator_3.py
[2024-09-03T11:28:37.528+0000] {logging_mixin.py:190} INFO - [2024-09-03T11:28:37.528+0000] {dag.py:3211} INFO - Sync 1 DAGs
[2024-09-03T11:28:37.560+0000] {logging_mixin.py:190} INFO - [2024-09-03T11:28:37.560+0000] {dag.py:4138} INFO - Setting next_dagrun for example_branch_dop_operator_v3 to 2024-09-03 11:27:00+00:00, run_after=2024-09-03 11:28:00+00:00
[2024-09-03T11:28:37.588+0000] {processor.py:208} INFO - Processing /home/airflow/.local/lib/python3.12/site-packages/airflow/example_dags/example_branch_python_dop_operator_3.py took 0.106 seconds
[2024-09-03T11:29:09.058+0000] {processor.py:186} INFO - Started process (PID=311) to work on /home/airflow/.local/lib/python3.12/site-packages/airflow/example_dags/example_branch_python_dop_operator_3.py
[2024-09-03T11:29:09.059+0000] {processor.py:914} INFO - Processing file /home/airflow/.local/lib/python3.12/site-packages/airflow/example_dags/example_branch_python_dop_operator_3.py for tasks to queue
[2024-09-03T11:29:09.062+0000] {logging_mixin.py:190} INFO - [2024-09-03T11:29:09.062+0000] {dagbag.py:587} INFO - Filling up the DagBag from /home/airflow/.local/lib/python3.12/site-packages/airflow/example_dags/example_branch_python_dop_operator_3.py
[2024-09-03T11:29:09.073+0000] {processor.py:925} INFO - DAG(s) 'example_branch_dop_operator_v3' retrieved from /home/airflow/.local/lib/python3.12/site-packages/airflow/example_dags/example_branch_python_dop_operator_3.py
[2024-09-03T11:29:09.100+0000] {logging_mixin.py:190} INFO - [2024-09-03T11:29:09.099+0000] {dag.py:3211} INFO - Sync 1 DAGs
[2024-09-03T11:29:09.133+0000] {logging_mixin.py:190} INFO - [2024-09-03T11:29:09.133+0000] {dag.py:4138} INFO - Setting next_dagrun for example_branch_dop_operator_v3 to 2024-09-03 11:28:00+00:00, run_after=2024-09-03 11:29:00+00:00
[2024-09-03T11:29:09.164+0000] {processor.py:208} INFO - Processing /home/airflow/.local/lib/python3.12/site-packages/airflow/example_dags/example_branch_python_dop_operator_3.py took 0.111 seconds
[2024-09-03T11:29:40.993+0000] {processor.py:186} INFO - Started process (PID=374) to work on /home/airflow/.local/lib/python3.12/site-packages/airflow/example_dags/example_branch_python_dop_operator_3.py
[2024-09-03T11:29:40.995+0000] {processor.py:914} INFO - Processing file /home/airflow/.local/lib/python3.12/site-packages/airflow/example_dags/example_branch_python_dop_operator_3.py for tasks to queue
[2024-09-03T11:29:40.998+0000] {logging_mixin.py:190} INFO - [2024-09-03T11:29:40.998+0000] {dagbag.py:587} INFO - Filling up the DagBag from /home/airflow/.local/lib/python3.12/site-packages/airflow/example_dags/example_branch_python_dop_operator_3.py
[2024-09-03T11:29:41.008+0000] {processor.py:925} INFO - DAG(s) 'example_branch_dop_operator_v3' retrieved from /home/airflow/.local/lib/python3.12/site-packages/airflow/example_dags/example_branch_python_dop_operator_3.py
[2024-09-03T11:29:41.033+0000] {logging_mixin.py:190} INFO - [2024-09-03T11:29:41.033+0000] {dag.py:3211} INFO - Sync 1 DAGs
[2024-09-03T11:29:41.061+0000] {logging_mixin.py:190} INFO - [2024-09-03T11:29:41.060+0000] {dag.py:4138} INFO - Setting next_dagrun for example_branch_dop_operator_v3 to 2024-09-03 11:28:00+00:00, run_after=2024-09-03 11:29:00+00:00
[2024-09-03T11:29:41.087+0000] {processor.py:208} INFO - Processing /home/airflow/.local/lib/python3.12/site-packages/airflow/example_dags/example_branch_python_dop_operator_3.py took 0.099 seconds
[2024-09-03T11:30:12.052+0000] {processor.py:186} INFO - Started process (PID=437) to work on /home/airflow/.local/lib/python3.12/site-packages/airflow/example_dags/example_branch_python_dop_operator_3.py
[2024-09-03T11:30:12.054+0000] {processor.py:914} INFO - Processing file /home/airflow/.local/lib/python3.12/site-packages/airflow/example_dags/example_branch_python_dop_operator_3.py for tasks to queue
[2024-09-03T11:30:12.058+0000] {logging_mixin.py:190} INFO - [2024-09-03T11:30:12.057+0000] {dagbag.py:587} INFO - Filling up the DagBag from /home/airflow/.local/lib/python3.12/site-packages/airflow/example_dags/example_branch_python_dop_operator_3.py
[2024-09-03T11:30:12.073+0000] {processor.py:925} INFO - DAG(s) 'example_branch_dop_operator_v3' retrieved from /home/airflow/.local/lib/python3.12/site-packages/airflow/example_dags/example_branch_python_dop_operator_3.py
[2024-09-03T11:30:12.104+0000] {logging_mixin.py:190} INFO - [2024-09-03T11:30:12.104+0000] {dag.py:3211} INFO - Sync 1 DAGs
[2024-09-03T11:30:12.137+0000] {logging_mixin.py:190} INFO - [2024-09-03T11:30:12.136+0000] {dag.py:4138} INFO - Setting next_dagrun for example_branch_dop_operator_v3 to 2024-09-03 11:29:00+00:00, run_after=2024-09-03 11:30:00+00:00
[2024-09-03T11:30:12.166+0000] {processor.py:208} INFO - Processing /home/airflow/.local/lib/python3.12/site-packages/airflow/example_dags/example_branch_python_dop_operator_3.py took 0.122 seconds
[2024-09-03T11:30:42.924+0000] {processor.py:186} INFO - Started process (PID=500) to work on /home/airflow/.local/lib/python3.12/site-packages/airflow/example_dags/example_branch_python_dop_operator_3.py
[2024-09-03T11:30:42.928+0000] {processor.py:914} INFO - Processing file /home/airflow/.local/lib/python3.12/site-packages/airflow/example_dags/example_branch_python_dop_operator_3.py for tasks to queue
[2024-09-03T11:30:42.936+0000] {logging_mixin.py:190} INFO - [2024-09-03T11:30:42.935+0000] {dagbag.py:587} INFO - Filling up the DagBag from /home/airflow/.local/lib/python3.12/site-packages/airflow/example_dags/example_branch_python_dop_operator_3.py
[2024-09-03T11:30:42.964+0000] {processor.py:925} INFO - DAG(s) 'example_branch_dop_operator_v3' retrieved from /home/airflow/.local/lib/python3.12/site-packages/airflow/example_dags/example_branch_python_dop_operator_3.py
[2024-09-03T11:30:43.022+0000] {logging_mixin.py:190} INFO - [2024-09-03T11:30:43.021+0000] {dag.py:3211} INFO - Sync 1 DAGs
[2024-09-03T11:30:43.140+0000] {logging_mixin.py:190} INFO - [2024-09-03T11:30:43.139+0000] {dag.py:4138} INFO - Setting next_dagrun for example_branch_dop_operator_v3 to 2024-09-03 11:29:00+00:00, run_after=2024-09-03 11:30:00+00:00
[2024-09-03T11:30:43.204+0000] {processor.py:208} INFO - Processing /home/airflow/.local/lib/python3.12/site-packages/airflow/example_dags/example_branch_python_dop_operator_3.py took 0.290 seconds
[2024-09-03T11:31:14.559+0000] {processor.py:186} INFO - Started process (PID=564) to work on /home/airflow/.local/lib/python3.12/site-packages/airflow/example_dags/example_branch_python_dop_operator_3.py
[2024-09-03T11:31:14.561+0000] {processor.py:914} INFO - Processing file /home/airflow/.local/lib/python3.12/site-packages/airflow/example_dags/example_branch_python_dop_operator_3.py for tasks to queue
[2024-09-03T11:31:14.565+0000] {logging_mixin.py:190} INFO - [2024-09-03T11:31:14.565+0000] {dagbag.py:587} INFO - Filling up the DagBag from /home/airflow/.local/lib/python3.12/site-packages/airflow/example_dags/example_branch_python_dop_operator_3.py
[2024-09-03T11:31:14.578+0000] {processor.py:925} INFO - DAG(s) 'example_branch_dop_operator_v3' retrieved from /home/airflow/.local/lib/python3.12/site-packages/airflow/example_dags/example_branch_python_dop_operator_3.py
[2024-09-03T11:31:14.611+0000] {logging_mixin.py:190} INFO - [2024-09-03T11:31:14.611+0000] {dag.py:3211} INFO - Sync 1 DAGs
[2024-09-03T11:31:14.645+0000] {logging_mixin.py:190} INFO - [2024-09-03T11:31:14.645+0000] {dag.py:4138} INFO - Setting next_dagrun for example_branch_dop_operator_v3 to 2024-09-03 11:30:00+00:00, run_after=2024-09-03 11:31:00+00:00
[2024-09-03T11:31:14.676+0000] {processor.py:208} INFO - Processing /home/airflow/.local/lib/python3.12/site-packages/airflow/example_dags/example_branch_python_dop_operator_3.py took 0.127 seconds
[2024-09-03T11:31:45.428+0000] {processor.py:186} INFO - Started process (PID=627) to work on /home/airflow/.local/lib/python3.12/site-packages/airflow/example_dags/example_branch_python_dop_operator_3.py
[2024-09-03T11:31:45.429+0000] {processor.py:914} INFO - Processing file /home/airflow/.local/lib/python3.12/site-packages/airflow/example_dags/example_branch_python_dop_operator_3.py for tasks to queue
[2024-09-03T11:31:45.432+0000] {logging_mixin.py:190} INFO - [2024-09-03T11:31:45.432+0000] {dagbag.py:587} INFO - Filling up the DagBag from /home/airflow/.local/lib/python3.12/site-packages/airflow/example_dags/example_branch_python_dop_operator_3.py
[2024-09-03T11:31:45.443+0000] {processor.py:925} INFO - DAG(s) 'example_branch_dop_operator_v3' retrieved from /home/airflow/.local/lib/python3.12/site-packages/airflow/example_dags/example_branch_python_dop_operator_3.py
[2024-09-03T11:31:45.465+0000] {logging_mixin.py:190} INFO - [2024-09-03T11:31:45.465+0000] {dag.py:3211} INFO - Sync 1 DAGs
[2024-09-03T11:31:45.494+0000] {logging_mixin.py:190} INFO - [2024-09-03T11:31:45.494+0000] {dag.py:4138} INFO - Setting next_dagrun for example_branch_dop_operator_v3 to 2024-09-03 11:30:00+00:00, run_after=2024-09-03 11:31:00+00:00
[2024-09-03T11:31:45.519+0000] {processor.py:208} INFO - Processing /home/airflow/.local/lib/python3.12/site-packages/airflow/example_dags/example_branch_python_dop_operator_3.py took 0.097 seconds
[2024-09-03T11:32:16.593+0000] {processor.py:186} INFO - Started process (PID=690) to work on /home/airflow/.local/lib/python3.12/site-packages/airflow/example_dags/example_branch_python_dop_operator_3.py
[2024-09-03T11:32:16.595+0000] {processor.py:914} INFO - Processing file /home/airflow/.local/lib/python3.12/site-packages/airflow/example_dags/example_branch_python_dop_operator_3.py for tasks to queue
[2024-09-03T11:32:16.599+0000] {logging_mixin.py:190} INFO - [2024-09-03T11:32:16.598+0000] {dagbag.py:587} INFO - Filling up the DagBag from /home/airflow/.local/lib/python3.12/site-packages/airflow/example_dags/example_branch_python_dop_operator_3.py
[2024-09-03T11:32:16.611+0000] {processor.py:925} INFO - DAG(s) 'example_branch_dop_operator_v3' retrieved from /home/airflow/.local/lib/python3.12/site-packages/airflow/example_dags/example_branch_python_dop_operator_3.py
[2024-09-03T11:32:16.640+0000] {logging_mixin.py:190} INFO - [2024-09-03T11:32:16.640+0000] {dag.py:3211} INFO - Sync 1 DAGs
[2024-09-03T11:32:16.679+0000] {logging_mixin.py:190} INFO - [2024-09-03T11:32:16.678+0000] {dag.py:4138} INFO - Setting next_dagrun for example_branch_dop_operator_v3 to 2024-09-03 11:31:00+00:00, run_after=2024-09-03 11:32:00+00:00
[2024-09-03T11:32:16.712+0000] {processor.py:208} INFO - Processing /home/airflow/.local/lib/python3.12/site-packages/airflow/example_dags/example_branch_python_dop_operator_3.py took 0.127 seconds
[2024-09-03T11:32:47.372+0000] {processor.py:186} INFO - Started process (PID=753) to work on /home/airflow/.local/lib/python3.12/site-packages/airflow/example_dags/example_branch_python_dop_operator_3.py
[2024-09-03T11:32:47.373+0000] {processor.py:914} INFO - Processing file /home/airflow/.local/lib/python3.12/site-packages/airflow/example_dags/example_branch_python_dop_operator_3.py for tasks to queue
[2024-09-03T11:32:47.377+0000] {logging_mixin.py:190} INFO - [2024-09-03T11:32:47.376+0000] {dagbag.py:587} INFO - Filling up the DagBag from /home/airflow/.local/lib/python3.12/site-packages/airflow/example_dags/example_branch_python_dop_operator_3.py
[2024-09-03T11:32:47.388+0000] {processor.py:925} INFO - DAG(s) 'example_branch_dop_operator_v3' retrieved from /home/airflow/.local/lib/python3.12/site-packages/airflow/example_dags/example_branch_python_dop_operator_3.py
[2024-09-03T11:32:47.413+0000] {logging_mixin.py:190} INFO - [2024-09-03T11:32:47.412+0000] {dag.py:3211} INFO - Sync 1 DAGs
[2024-09-03T11:32:47.440+0000] {logging_mixin.py:190} INFO - [2024-09-03T11:32:47.440+0000] {dag.py:4138} INFO - Setting next_dagrun for example_branch_dop_operator_v3 to 2024-09-03 11:31:00+00:00, run_after=2024-09-03 11:32:00+00:00
[2024-09-03T11:32:47.468+0000] {processor.py:208} INFO - Processing /home/airflow/.local/lib/python3.12/site-packages/airflow/example_dags/example_branch_python_dop_operator_3.py took 0.102 seconds
[2024-09-03T11:33:17.831+0000] {processor.py:186} INFO - Started process (PID=816) to work on /home/airflow/.local/lib/python3.12/site-packages/airflow/example_dags/example_branch_python_dop_operator_3.py
[2024-09-03T11:33:17.833+0000] {processor.py:914} INFO - Processing file /home/airflow/.local/lib/python3.12/site-packages/airflow/example_dags/example_branch_python_dop_operator_3.py for tasks to queue
[2024-09-03T11:33:17.836+0000] {logging_mixin.py:190} INFO - [2024-09-03T11:33:17.835+0000] {dagbag.py:587} INFO - Filling up the DagBag from /home/airflow/.local/lib/python3.12/site-packages/airflow/example_dags/example_branch_python_dop_operator_3.py
[2024-09-03T11:33:17.847+0000] {processor.py:925} INFO - DAG(s) 'example_branch_dop_operator_v3' retrieved from /home/airflow/.local/lib/python3.12/site-packages/airflow/example_dags/example_branch_python_dop_operator_3.py
[2024-09-03T11:33:17.875+0000] {logging_mixin.py:190} INFO - [2024-09-03T11:33:17.875+0000] {dag.py:3211} INFO - Sync 1 DAGs
[2024-09-03T11:33:17.910+0000] {logging_mixin.py:190} INFO - [2024-09-03T11:33:17.910+0000] {dag.py:4138} INFO - Setting next_dagrun for example_branch_dop_operator_v3 to 2024-09-03 11:32:00+00:00, run_after=2024-09-03 11:33:00+00:00
[2024-09-03T11:33:17.939+0000] {processor.py:208} INFO - Processing /home/airflow/.local/lib/python3.12/site-packages/airflow/example_dags/example_branch_python_dop_operator_3.py took 0.114 seconds
[2024-09-03T11:33:49.298+0000] {processor.py:186} INFO - Started process (PID=879) to work on /home/airflow/.local/lib/python3.12/site-packages/airflow/example_dags/example_branch_python_dop_operator_3.py
[2024-09-03T11:33:49.300+0000] {processor.py:914} INFO - Processing file /home/airflow/.local/lib/python3.12/site-packages/airflow/example_dags/example_branch_python_dop_operator_3.py for tasks to queue
[2024-09-03T11:33:49.305+0000] {logging_mixin.py:190} INFO - [2024-09-03T11:33:49.304+0000] {dagbag.py:587} INFO - Filling up the DagBag from /home/airflow/.local/lib/python3.12/site-packages/airflow/example_dags/example_branch_python_dop_operator_3.py
[2024-09-03T11:33:49.319+0000] {processor.py:925} INFO - DAG(s) 'example_branch_dop_operator_v3' retrieved from /home/airflow/.local/lib/python3.12/site-packages/airflow/example_dags/example_branch_python_dop_operator_3.py
[2024-09-03T11:33:49.347+0000] {logging_mixin.py:190} INFO - [2024-09-03T11:33:49.346+0000] {dag.py:3211} INFO - Sync 1 DAGs
[2024-09-03T11:33:49.377+0000] {logging_mixin.py:190} INFO - [2024-09-03T11:33:49.377+0000] {dag.py:4138} INFO - Setting next_dagrun for example_branch_dop_operator_v3 to 2024-09-03 11:32:00+00:00, run_after=2024-09-03 11:33:00+00:00
[2024-09-03T11:33:49.406+0000] {processor.py:208} INFO - Processing /home/airflow/.local/lib/python3.12/site-packages/airflow/example_dags/example_branch_python_dop_operator_3.py took 0.116 seconds
[2024-09-03T11:34:20.756+0000] {processor.py:186} INFO - Started process (PID=942) to work on /home/airflow/.local/lib/python3.12/site-packages/airflow/example_dags/example_branch_python_dop_operator_3.py
[2024-09-03T11:34:20.757+0000] {processor.py:914} INFO - Processing file /home/airflow/.local/lib/python3.12/site-packages/airflow/example_dags/example_branch_python_dop_operator_3.py for tasks to queue
[2024-09-03T11:34:20.760+0000] {logging_mixin.py:190} INFO - [2024-09-03T11:34:20.760+0000] {dagbag.py:587} INFO - Filling up the DagBag from /home/airflow/.local/lib/python3.12/site-packages/airflow/example_dags/example_branch_python_dop_operator_3.py
[2024-09-03T11:34:20.770+0000] {processor.py:925} INFO - DAG(s) 'example_branch_dop_operator_v3' retrieved from /home/airflow/.local/lib/python3.12/site-packages/airflow/example_dags/example_branch_python_dop_operator_3.py
[2024-09-03T11:34:20.793+0000] {logging_mixin.py:190} INFO - [2024-09-03T11:34:20.793+0000] {dag.py:3211} INFO - Sync 1 DAGs
[2024-09-03T11:34:20.821+0000] {logging_mixin.py:190} INFO - [2024-09-03T11:34:20.820+0000] {dag.py:4138} INFO - Setting next_dagrun for example_branch_dop_operator_v3 to 2024-09-03 11:33:00+00:00, run_after=2024-09-03 11:34:00+00:00
[2024-09-03T11:34:20.847+0000] {processor.py:208} INFO - Processing /home/airflow/.local/lib/python3.12/site-packages/airflow/example_dags/example_branch_python_dop_operator_3.py took 0.096 seconds
[2024-09-03T11:34:51.059+0000] {processor.py:186} INFO - Started process (PID=1005) to work on /home/airflow/.local/lib/python3.12/site-packages/airflow/example_dags/example_branch_python_dop_operator_3.py
[2024-09-03T11:34:51.060+0000] {processor.py:914} INFO - Processing file /home/airflow/.local/lib/python3.12/site-packages/airflow/example_dags/example_branch_python_dop_operator_3.py for tasks to queue
[2024-09-03T11:34:51.064+0000] {logging_mixin.py:190} INFO - [2024-09-03T11:34:51.063+0000] {dagbag.py:587} INFO - Filling up the DagBag from /home/airflow/.local/lib/python3.12/site-packages/airflow/example_dags/example_branch_python_dop_operator_3.py
[2024-09-03T11:34:51.073+0000] {processor.py:925} INFO - DAG(s) 'example_branch_dop_operator_v3' retrieved from /home/airflow/.local/lib/python3.12/site-packages/airflow/example_dags/example_branch_python_dop_operator_3.py
[2024-09-03T11:34:51.097+0000] {logging_mixin.py:190} INFO - [2024-09-03T11:34:51.096+0000] {dag.py:3211} INFO - Sync 1 DAGs
[2024-09-03T11:34:51.125+0000] {logging_mixin.py:190} INFO - [2024-09-03T11:34:51.125+0000] {dag.py:4138} INFO - Setting next_dagrun for example_branch_dop_operator_v3 to 2024-09-03 11:33:00+00:00, run_after=2024-09-03 11:34:00+00:00
[2024-09-03T11:34:51.153+0000] {processor.py:208} INFO - Processing /home/airflow/.local/lib/python3.12/site-packages/airflow/example_dags/example_branch_python_dop_operator_3.py took 0.100 seconds
[2024-09-03T11:35:22.287+0000] {processor.py:186} INFO - Started process (PID=1068) to work on /home/airflow/.local/lib/python3.12/site-packages/airflow/example_dags/example_branch_python_dop_operator_3.py
[2024-09-03T11:35:22.289+0000] {processor.py:914} INFO - Processing file /home/airflow/.local/lib/python3.12/site-packages/airflow/example_dags/example_branch_python_dop_operator_3.py for tasks to queue
[2024-09-03T11:35:22.293+0000] {logging_mixin.py:190} INFO - [2024-09-03T11:35:22.292+0000] {dagbag.py:587} INFO - Filling up the DagBag from /home/airflow/.local/lib/python3.12/site-packages/airflow/example_dags/example_branch_python_dop_operator_3.py
[2024-09-03T11:35:22.303+0000] {processor.py:925} INFO - DAG(s) 'example_branch_dop_operator_v3' retrieved from /home/airflow/.local/lib/python3.12/site-packages/airflow/example_dags/example_branch_python_dop_operator_3.py
[2024-09-03T11:35:22.325+0000] {logging_mixin.py:190} INFO - [2024-09-03T11:35:22.325+0000] {dag.py:3211} INFO - Sync 1 DAGs
[2024-09-03T11:35:22.355+0000] {logging_mixin.py:190} INFO - [2024-09-03T11:35:22.354+0000] {dag.py:4138} INFO - Setting next_dagrun for example_branch_dop_operator_v3 to 2024-09-03 11:34:00+00:00, run_after=2024-09-03 11:35:00+00:00
[2024-09-03T11:35:22.386+0000] {processor.py:208} INFO - Processing /home/airflow/.local/lib/python3.12/site-packages/airflow/example_dags/example_branch_python_dop_operator_3.py took 0.103 seconds
[2024-09-03T11:35:53.312+0000] {processor.py:186} INFO - Started process (PID=1131) to work on /home/airflow/.local/lib/python3.12/site-packages/airflow/example_dags/example_branch_python_dop_operator_3.py
[2024-09-03T11:35:53.314+0000] {processor.py:914} INFO - Processing file /home/airflow/.local/lib/python3.12/site-packages/airflow/example_dags/example_branch_python_dop_operator_3.py for tasks to queue
[2024-09-03T11:35:53.317+0000] {logging_mixin.py:190} INFO - [2024-09-03T11:35:53.316+0000] {dagbag.py:587} INFO - Filling up the DagBag from /home/airflow/.local/lib/python3.12/site-packages/airflow/example_dags/example_branch_python_dop_operator_3.py
[2024-09-03T11:35:53.326+0000] {processor.py:925} INFO - DAG(s) 'example_branch_dop_operator_v3' retrieved from /home/airflow/.local/lib/python3.12/site-packages/airflow/example_dags/example_branch_python_dop_operator_3.py
[2024-09-03T11:35:53.348+0000] {logging_mixin.py:190} INFO - [2024-09-03T11:35:53.348+0000] {dag.py:3211} INFO - Sync 1 DAGs
[2024-09-03T11:35:53.376+0000] {logging_mixin.py:190} INFO - [2024-09-03T11:35:53.376+0000] {dag.py:4138} INFO - Setting next_dagrun for example_branch_dop_operator_v3 to 2024-09-03 11:34:00+00:00, run_after=2024-09-03 11:35:00+00:00
[2024-09-03T11:35:53.405+0000] {processor.py:208} INFO - Processing /home/airflow/.local/lib/python3.12/site-packages/airflow/example_dags/example_branch_python_dop_operator_3.py took 0.098 seconds
[2024-09-03T11:36:24.090+0000] {processor.py:186} INFO - Started process (PID=1194) to work on /home/airflow/.local/lib/python3.12/site-packages/airflow/example_dags/example_branch_python_dop_operator_3.py
[2024-09-03T11:36:24.091+0000] {processor.py:914} INFO - Processing file /home/airflow/.local/lib/python3.12/site-packages/airflow/example_dags/example_branch_python_dop_operator_3.py for tasks to queue
[2024-09-03T11:36:24.094+0000] {logging_mixin.py:190} INFO - [2024-09-03T11:36:24.094+0000] {dagbag.py:587} INFO - Filling up the DagBag from /home/airflow/.local/lib/python3.12/site-packages/airflow/example_dags/example_branch_python_dop_operator_3.py
[2024-09-03T11:36:24.107+0000] {processor.py:925} INFO - DAG(s) 'example_branch_dop_operator_v3' retrieved from /home/airflow/.local/lib/python3.12/site-packages/airflow/example_dags/example_branch_python_dop_operator_3.py
[2024-09-03T11:36:24.133+0000] {logging_mixin.py:190} INFO - [2024-09-03T11:36:24.132+0000] {dag.py:3211} INFO - Sync 1 DAGs
[2024-09-03T11:36:24.162+0000] {logging_mixin.py:190} INFO - [2024-09-03T11:36:24.162+0000] {dag.py:4138} INFO - Setting next_dagrun for example_branch_dop_operator_v3 to 2024-09-03 11:35:00+00:00, run_after=2024-09-03 11:36:00+00:00
[2024-09-03T11:36:24.187+0000] {processor.py:208} INFO - Processing /home/airflow/.local/lib/python3.12/site-packages/airflow/example_dags/example_branch_python_dop_operator_3.py took 0.103 seconds
[2024-09-03T11:36:55.587+0000] {processor.py:186} INFO - Started process (PID=1257) to work on /home/airflow/.local/lib/python3.12/site-packages/airflow/example_dags/example_branch_python_dop_operator_3.py
[2024-09-03T11:36:55.589+0000] {processor.py:914} INFO - Processing file /home/airflow/.local/lib/python3.12/site-packages/airflow/example_dags/example_branch_python_dop_operator_3.py for tasks to queue
[2024-09-03T11:36:55.594+0000] {logging_mixin.py:190} INFO - [2024-09-03T11:36:55.594+0000] {dagbag.py:587} INFO - Filling up the DagBag from /home/airflow/.local/lib/python3.12/site-packages/airflow/example_dags/example_branch_python_dop_operator_3.py
[2024-09-03T11:36:55.611+0000] {processor.py:925} INFO - DAG(s) 'example_branch_dop_operator_v3' retrieved from /home/airflow/.local/lib/python3.12/site-packages/airflow/example_dags/example_branch_python_dop_operator_3.py
[2024-09-03T11:36:55.653+0000] {logging_mixin.py:190} INFO - [2024-09-03T11:36:55.652+0000] {dag.py:3211} INFO - Sync 1 DAGs
[2024-09-03T11:36:55.700+0000] {logging_mixin.py:190} INFO - [2024-09-03T11:36:55.700+0000] {dag.py:4138} INFO - Setting next_dagrun for example_branch_dop_operator_v3 to 2024-09-03 11:35:00+00:00, run_after=2024-09-03 11:36:00+00:00
[2024-09-03T11:36:55.743+0000] {processor.py:208} INFO - Processing /home/airflow/.local/lib/python3.12/site-packages/airflow/example_dags/example_branch_python_dop_operator_3.py took 0.166 seconds
[2024-09-03T11:37:26.722+0000] {processor.py:186} INFO - Started process (PID=1320) to work on /home/airflow/.local/lib/python3.12/site-packages/airflow/example_dags/example_branch_python_dop_operator_3.py
[2024-09-03T11:37:26.724+0000] {processor.py:914} INFO - Processing file /home/airflow/.local/lib/python3.12/site-packages/airflow/example_dags/example_branch_python_dop_operator_3.py for tasks to queue
[2024-09-03T11:37:26.730+0000] {logging_mixin.py:190} INFO - [2024-09-03T11:37:26.729+0000] {dagbag.py:587} INFO - Filling up the DagBag from /home/airflow/.local/lib/python3.12/site-packages/airflow/example_dags/example_branch_python_dop_operator_3.py
[2024-09-03T11:37:26.754+0000] {processor.py:925} INFO - DAG(s) 'example_branch_dop_operator_v3' retrieved from /home/airflow/.local/lib/python3.12/site-packages/airflow/example_dags/example_branch_python_dop_operator_3.py
[2024-09-03T11:37:26.801+0000] {logging_mixin.py:190} INFO - [2024-09-03T11:37:26.801+0000] {dag.py:3211} INFO - Sync 1 DAGs
[2024-09-03T11:37:26.865+0000] {logging_mixin.py:190} INFO - [2024-09-03T11:37:26.863+0000] {dag.py:4138} INFO - Setting next_dagrun for example_branch_dop_operator_v3 to 2024-09-03 11:36:00+00:00, run_after=2024-09-03 11:37:00+00:00
[2024-09-03T11:37:26.913+0000] {processor.py:208} INFO - Processing /home/airflow/.local/lib/python3.12/site-packages/airflow/example_dags/example_branch_python_dop_operator_3.py took 0.201 seconds
[2024-09-03T11:37:57.404+0000] {processor.py:186} INFO - Started process (PID=1383) to work on /home/airflow/.local/lib/python3.12/site-packages/airflow/example_dags/example_branch_python_dop_operator_3.py
[2024-09-03T11:37:57.406+0000] {processor.py:914} INFO - Processing file /home/airflow/.local/lib/python3.12/site-packages/airflow/example_dags/example_branch_python_dop_operator_3.py for tasks to queue
[2024-09-03T11:37:57.410+0000] {logging_mixin.py:190} INFO - [2024-09-03T11:37:57.409+0000] {dagbag.py:587} INFO - Filling up the DagBag from /home/airflow/.local/lib/python3.12/site-packages/airflow/example_dags/example_branch_python_dop_operator_3.py
[2024-09-03T11:37:57.425+0000] {processor.py:925} INFO - DAG(s) 'example_branch_dop_operator_v3' retrieved from /home/airflow/.local/lib/python3.12/site-packages/airflow/example_dags/example_branch_python_dop_operator_3.py
[2024-09-03T11:37:57.458+0000] {logging_mixin.py:190} INFO - [2024-09-03T11:37:57.457+0000] {dag.py:3211} INFO - Sync 1 DAGs
[2024-09-03T11:37:57.503+0000] {logging_mixin.py:190} INFO - [2024-09-03T11:37:57.502+0000] {dag.py:4138} INFO - Setting next_dagrun for example_branch_dop_operator_v3 to 2024-09-03 11:36:00+00:00, run_after=2024-09-03 11:37:00+00:00
[2024-09-03T11:37:57.543+0000] {processor.py:208} INFO - Processing /home/airflow/.local/lib/python3.12/site-packages/airflow/example_dags/example_branch_python_dop_operator_3.py took 0.145 seconds
[2024-09-03T11:38:28.979+0000] {processor.py:186} INFO - Started process (PID=1446) to work on /home/airflow/.local/lib/python3.12/site-packages/airflow/example_dags/example_branch_python_dop_operator_3.py
[2024-09-03T11:38:28.981+0000] {processor.py:914} INFO - Processing file /home/airflow/.local/lib/python3.12/site-packages/airflow/example_dags/example_branch_python_dop_operator_3.py for tasks to queue
[2024-09-03T11:38:28.988+0000] {logging_mixin.py:190} INFO - [2024-09-03T11:38:28.987+0000] {dagbag.py:587} INFO - Filling up the DagBag from /home/airflow/.local/lib/python3.12/site-packages/airflow/example_dags/example_branch_python_dop_operator_3.py
[2024-09-03T11:38:29.005+0000] {processor.py:925} INFO - DAG(s) 'example_branch_dop_operator_v3' retrieved from /home/airflow/.local/lib/python3.12/site-packages/airflow/example_dags/example_branch_python_dop_operator_3.py
[2024-09-03T11:38:29.046+0000] {logging_mixin.py:190} INFO - [2024-09-03T11:38:29.045+0000] {dag.py:3211} INFO - Sync 1 DAGs
[2024-09-03T11:38:29.113+0000] {logging_mixin.py:190} INFO - [2024-09-03T11:38:29.112+0000] {dag.py:4138} INFO - Setting next_dagrun for example_branch_dop_operator_v3 to 2024-09-03 11:37:00+00:00, run_after=2024-09-03 11:38:00+00:00
[2024-09-03T11:38:29.154+0000] {processor.py:208} INFO - Processing /home/airflow/.local/lib/python3.12/site-packages/airflow/example_dags/example_branch_python_dop_operator_3.py took 0.186 seconds
[2024-09-03T11:39:00.114+0000] {processor.py:186} INFO - Started process (PID=1509) to work on /home/airflow/.local/lib/python3.12/site-packages/airflow/example_dags/example_branch_python_dop_operator_3.py
[2024-09-03T11:39:00.116+0000] {processor.py:914} INFO - Processing file /home/airflow/.local/lib/python3.12/site-packages/airflow/example_dags/example_branch_python_dop_operator_3.py for tasks to queue
[2024-09-03T11:39:00.122+0000] {logging_mixin.py:190} INFO - [2024-09-03T11:39:00.121+0000] {dagbag.py:587} INFO - Filling up the DagBag from /home/airflow/.local/lib/python3.12/site-packages/airflow/example_dags/example_branch_python_dop_operator_3.py
[2024-09-03T11:39:00.138+0000] {processor.py:925} INFO - DAG(s) 'example_branch_dop_operator_v3' retrieved from /home/airflow/.local/lib/python3.12/site-packages/airflow/example_dags/example_branch_python_dop_operator_3.py
[2024-09-03T11:39:00.178+0000] {logging_mixin.py:190} INFO - [2024-09-03T11:39:00.178+0000] {dag.py:3211} INFO - Sync 1 DAGs
[2024-09-03T11:39:00.236+0000] {logging_mixin.py:190} INFO - [2024-09-03T11:39:00.235+0000] {dag.py:4138} INFO - Setting next_dagrun for example_branch_dop_operator_v3 to 2024-09-03 11:38:00+00:00, run_after=2024-09-03 11:39:00+00:00
[2024-09-03T11:39:00.285+0000] {processor.py:208} INFO - Processing /home/airflow/.local/lib/python3.12/site-packages/airflow/example_dags/example_branch_python_dop_operator_3.py took 0.179 seconds
[2024-09-03T11:39:30.994+0000] {processor.py:186} INFO - Started process (PID=1572) to work on /home/airflow/.local/lib/python3.12/site-packages/airflow/example_dags/example_branch_python_dop_operator_3.py
[2024-09-03T11:39:30.996+0000] {processor.py:914} INFO - Processing file /home/airflow/.local/lib/python3.12/site-packages/airflow/example_dags/example_branch_python_dop_operator_3.py for tasks to queue
[2024-09-03T11:39:31.001+0000] {logging_mixin.py:190} INFO - [2024-09-03T11:39:31.000+0000] {dagbag.py:587} INFO - Filling up the DagBag from /home/airflow/.local/lib/python3.12/site-packages/airflow/example_dags/example_branch_python_dop_operator_3.py
[2024-09-03T11:39:31.025+0000] {processor.py:925} INFO - DAG(s) 'example_branch_dop_operator_v3' retrieved from /home/airflow/.local/lib/python3.12/site-packages/airflow/example_dags/example_branch_python_dop_operator_3.py
[2024-09-03T11:39:31.060+0000] {logging_mixin.py:190} INFO - [2024-09-03T11:39:31.060+0000] {dag.py:3211} INFO - Sync 1 DAGs
[2024-09-03T11:39:31.099+0000] {logging_mixin.py:190} INFO - [2024-09-03T11:39:31.098+0000] {dag.py:4138} INFO - Setting next_dagrun for example_branch_dop_operator_v3 to 2024-09-03 11:38:00+00:00, run_after=2024-09-03 11:39:00+00:00
[2024-09-03T11:39:31.141+0000] {processor.py:208} INFO - Processing /home/airflow/.local/lib/python3.12/site-packages/airflow/example_dags/example_branch_python_dop_operator_3.py took 0.157 seconds
[2024-09-03T11:40:01.724+0000] {processor.py:186} INFO - Started process (PID=1641) to work on /home/airflow/.local/lib/python3.12/site-packages/airflow/example_dags/example_branch_python_dop_operator_3.py
[2024-09-03T11:40:01.726+0000] {processor.py:914} INFO - Processing file /home/airflow/.local/lib/python3.12/site-packages/airflow/example_dags/example_branch_python_dop_operator_3.py for tasks to queue
[2024-09-03T11:40:01.730+0000] {logging_mixin.py:190} INFO - [2024-09-03T11:40:01.730+0000] {dagbag.py:587} INFO - Filling up the DagBag from /home/airflow/.local/lib/python3.12/site-packages/airflow/example_dags/example_branch_python_dop_operator_3.py
[2024-09-03T11:40:01.746+0000] {processor.py:925} INFO - DAG(s) 'example_branch_dop_operator_v3' retrieved from /home/airflow/.local/lib/python3.12/site-packages/airflow/example_dags/example_branch_python_dop_operator_3.py
[2024-09-03T11:40:01.780+0000] {logging_mixin.py:190} INFO - [2024-09-03T11:40:01.779+0000] {dag.py:3211} INFO - Sync 1 DAGs
[2024-09-03T11:40:01.826+0000] {logging_mixin.py:190} INFO - [2024-09-03T11:40:01.826+0000] {dag.py:4138} INFO - Setting next_dagrun for example_branch_dop_operator_v3 to 2024-09-03 11:39:00+00:00, run_after=2024-09-03 11:40:00+00:00
[2024-09-03T11:40:01.867+0000] {processor.py:208} INFO - Processing /home/airflow/.local/lib/python3.12/site-packages/airflow/example_dags/example_branch_python_dop_operator_3.py took 0.152 seconds
[2024-09-03T11:40:33.869+0000] {processor.py:186} INFO - Started process (PID=1705) to work on /home/airflow/.local/lib/python3.12/site-packages/airflow/example_dags/example_branch_python_dop_operator_3.py
[2024-09-03T11:40:33.870+0000] {processor.py:914} INFO - Processing file /home/airflow/.local/lib/python3.12/site-packages/airflow/example_dags/example_branch_python_dop_operator_3.py for tasks to queue
[2024-09-03T11:40:33.875+0000] {logging_mixin.py:190} INFO - [2024-09-03T11:40:33.874+0000] {dagbag.py:587} INFO - Filling up the DagBag from /home/airflow/.local/lib/python3.12/site-packages/airflow/example_dags/example_branch_python_dop_operator_3.py
[2024-09-03T11:40:33.890+0000] {processor.py:925} INFO - DAG(s) 'example_branch_dop_operator_v3' retrieved from /home/airflow/.local/lib/python3.12/site-packages/airflow/example_dags/example_branch_python_dop_operator_3.py
[2024-09-03T11:40:33.926+0000] {logging_mixin.py:190} INFO - [2024-09-03T11:40:33.926+0000] {dag.py:3211} INFO - Sync 1 DAGs
[2024-09-03T11:40:33.978+0000] {logging_mixin.py:190} INFO - [2024-09-03T11:40:33.978+0000] {dag.py:4138} INFO - Setting next_dagrun for example_branch_dop_operator_v3 to 2024-09-03 11:39:00+00:00, run_after=2024-09-03 11:40:00+00:00
[2024-09-03T11:40:34.020+0000] {processor.py:208} INFO - Processing /home/airflow/.local/lib/python3.12/site-packages/airflow/example_dags/example_branch_python_dop_operator_3.py took 0.159 seconds
[2024-09-03T11:41:05.800+0000] {processor.py:186} INFO - Started process (PID=1768) to work on /home/airflow/.local/lib/python3.12/site-packages/airflow/example_dags/example_branch_python_dop_operator_3.py
[2024-09-03T11:41:05.802+0000] {processor.py:914} INFO - Processing file /home/airflow/.local/lib/python3.12/site-packages/airflow/example_dags/example_branch_python_dop_operator_3.py for tasks to queue
[2024-09-03T11:41:05.809+0000] {logging_mixin.py:190} INFO - [2024-09-03T11:41:05.808+0000] {dagbag.py:587} INFO - Filling up the DagBag from /home/airflow/.local/lib/python3.12/site-packages/airflow/example_dags/example_branch_python_dop_operator_3.py
[2024-09-03T11:41:05.842+0000] {processor.py:925} INFO - DAG(s) 'example_branch_dop_operator_v3' retrieved from /home/airflow/.local/lib/python3.12/site-packages/airflow/example_dags/example_branch_python_dop_operator_3.py
[2024-09-03T11:41:05.890+0000] {logging_mixin.py:190} INFO - [2024-09-03T11:41:05.889+0000] {dag.py:3211} INFO - Sync 1 DAGs
[2024-09-03T11:41:05.987+0000] {logging_mixin.py:190} INFO - [2024-09-03T11:41:05.986+0000] {dag.py:4138} INFO - Setting next_dagrun for example_branch_dop_operator_v3 to 2024-09-03 11:40:00+00:00, run_after=2024-09-03 11:41:00+00:00
[2024-09-03T11:41:06.053+0000] {processor.py:208} INFO - Processing /home/airflow/.local/lib/python3.12/site-packages/airflow/example_dags/example_branch_python_dop_operator_3.py took 0.266 seconds
[2024-09-03T11:41:36.659+0000] {processor.py:186} INFO - Started process (PID=1831) to work on /home/airflow/.local/lib/python3.12/site-packages/airflow/example_dags/example_branch_python_dop_operator_3.py
[2024-09-03T11:41:36.663+0000] {processor.py:914} INFO - Processing file /home/airflow/.local/lib/python3.12/site-packages/airflow/example_dags/example_branch_python_dop_operator_3.py for tasks to queue
[2024-09-03T11:41:36.668+0000] {logging_mixin.py:190} INFO - [2024-09-03T11:41:36.667+0000] {dagbag.py:587} INFO - Filling up the DagBag from /home/airflow/.local/lib/python3.12/site-packages/airflow/example_dags/example_branch_python_dop_operator_3.py
[2024-09-03T11:41:36.687+0000] {processor.py:925} INFO - DAG(s) 'example_branch_dop_operator_v3' retrieved from /home/airflow/.local/lib/python3.12/site-packages/airflow/example_dags/example_branch_python_dop_operator_3.py
[2024-09-03T11:41:36.729+0000] {logging_mixin.py:190} INFO - [2024-09-03T11:41:36.729+0000] {dag.py:3211} INFO - Sync 1 DAGs
[2024-09-03T11:41:36.775+0000] {logging_mixin.py:190} INFO - [2024-09-03T11:41:36.774+0000] {dag.py:4138} INFO - Setting next_dagrun for example_branch_dop_operator_v3 to 2024-09-03 11:40:00+00:00, run_after=2024-09-03 11:41:00+00:00
[2024-09-03T11:41:36.815+0000] {processor.py:208} INFO - Processing /home/airflow/.local/lib/python3.12/site-packages/airflow/example_dags/example_branch_python_dop_operator_3.py took 0.165 seconds
[2024-09-03T11:42:07.219+0000] {processor.py:186} INFO - Started process (PID=1894) to work on /home/airflow/.local/lib/python3.12/site-packages/airflow/example_dags/example_branch_python_dop_operator_3.py
[2024-09-03T11:42:07.222+0000] {processor.py:914} INFO - Processing file /home/airflow/.local/lib/python3.12/site-packages/airflow/example_dags/example_branch_python_dop_operator_3.py for tasks to queue
[2024-09-03T11:42:07.226+0000] {logging_mixin.py:190} INFO - [2024-09-03T11:42:07.225+0000] {dagbag.py:587} INFO - Filling up the DagBag from /home/airflow/.local/lib/python3.12/site-packages/airflow/example_dags/example_branch_python_dop_operator_3.py
[2024-09-03T11:42:07.246+0000] {processor.py:925} INFO - DAG(s) 'example_branch_dop_operator_v3' retrieved from /home/airflow/.local/lib/python3.12/site-packages/airflow/example_dags/example_branch_python_dop_operator_3.py
[2024-09-03T11:42:07.289+0000] {logging_mixin.py:190} INFO - [2024-09-03T11:42:07.289+0000] {dag.py:3211} INFO - Sync 1 DAGs
[2024-09-03T11:42:07.365+0000] {logging_mixin.py:190} INFO - [2024-09-03T11:42:07.364+0000] {dag.py:4138} INFO - Setting next_dagrun for example_branch_dop_operator_v3 to 2024-09-03 11:41:00+00:00, run_after=2024-09-03 11:42:00+00:00
[2024-09-03T11:42:07.418+0000] {processor.py:208} INFO - Processing /home/airflow/.local/lib/python3.12/site-packages/airflow/example_dags/example_branch_python_dop_operator_3.py took 0.207 seconds
[2024-09-03T11:42:38.458+0000] {processor.py:186} INFO - Started process (PID=1957) to work on /home/airflow/.local/lib/python3.12/site-packages/airflow/example_dags/example_branch_python_dop_operator_3.py
[2024-09-03T11:42:38.460+0000] {processor.py:914} INFO - Processing file /home/airflow/.local/lib/python3.12/site-packages/airflow/example_dags/example_branch_python_dop_operator_3.py for tasks to queue
[2024-09-03T11:42:38.465+0000] {logging_mixin.py:190} INFO - [2024-09-03T11:42:38.464+0000] {dagbag.py:587} INFO - Filling up the DagBag from /home/airflow/.local/lib/python3.12/site-packages/airflow/example_dags/example_branch_python_dop_operator_3.py
[2024-09-03T11:42:38.503+0000] {processor.py:925} INFO - DAG(s) 'example_branch_dop_operator_v3' retrieved from /home/airflow/.local/lib/python3.12/site-packages/airflow/example_dags/example_branch_python_dop_operator_3.py
[2024-09-03T11:42:38.572+0000] {logging_mixin.py:190} INFO - [2024-09-03T11:42:38.572+0000] {dag.py:3211} INFO - Sync 1 DAGs
[2024-09-03T11:42:38.631+0000] {logging_mixin.py:190} INFO - [2024-09-03T11:42:38.631+0000] {dag.py:4138} INFO - Setting next_dagrun for example_branch_dop_operator_v3 to 2024-09-03 11:41:00+00:00, run_after=2024-09-03 11:42:00+00:00
[2024-09-03T11:42:38.676+0000] {processor.py:208} INFO - Processing /home/airflow/.local/lib/python3.12/site-packages/airflow/example_dags/example_branch_python_dop_operator_3.py took 0.236 seconds
[2024-09-03T11:43:09.928+0000] {processor.py:186} INFO - Started process (PID=2020) to work on /home/airflow/.local/lib/python3.12/site-packages/airflow/example_dags/example_branch_python_dop_operator_3.py
[2024-09-03T11:43:09.930+0000] {processor.py:914} INFO - Processing file /home/airflow/.local/lib/python3.12/site-packages/airflow/example_dags/example_branch_python_dop_operator_3.py for tasks to queue
[2024-09-03T11:43:09.935+0000] {logging_mixin.py:190} INFO - [2024-09-03T11:43:09.934+0000] {dagbag.py:587} INFO - Filling up the DagBag from /home/airflow/.local/lib/python3.12/site-packages/airflow/example_dags/example_branch_python_dop_operator_3.py
[2024-09-03T11:43:09.951+0000] {processor.py:925} INFO - DAG(s) 'example_branch_dop_operator_v3' retrieved from /home/airflow/.local/lib/python3.12/site-packages/airflow/example_dags/example_branch_python_dop_operator_3.py
[2024-09-03T11:43:09.990+0000] {logging_mixin.py:190} INFO - [2024-09-03T11:43:09.989+0000] {dag.py:3211} INFO - Sync 1 DAGs
[2024-09-03T11:43:10.035+0000] {logging_mixin.py:190} INFO - [2024-09-03T11:43:10.035+0000] {dag.py:4138} INFO - Setting next_dagrun for example_branch_dop_operator_v3 to 2024-09-03 11:42:00+00:00, run_after=2024-09-03 11:43:00+00:00
[2024-09-03T11:43:10.072+0000] {processor.py:208} INFO - Processing /home/airflow/.local/lib/python3.12/site-packages/airflow/example_dags/example_branch_python_dop_operator_3.py took 0.154 seconds
[2024-09-03T11:43:41.019+0000] {processor.py:186} INFO - Started process (PID=2083) to work on /home/airflow/.local/lib/python3.12/site-packages/airflow/example_dags/example_branch_python_dop_operator_3.py
[2024-09-03T11:43:41.021+0000] {processor.py:914} INFO - Processing file /home/airflow/.local/lib/python3.12/site-packages/airflow/example_dags/example_branch_python_dop_operator_3.py for tasks to queue
[2024-09-03T11:43:41.025+0000] {logging_mixin.py:190} INFO - [2024-09-03T11:43:41.024+0000] {dagbag.py:587} INFO - Filling up the DagBag from /home/airflow/.local/lib/python3.12/site-packages/airflow/example_dags/example_branch_python_dop_operator_3.py
[2024-09-03T11:43:41.035+0000] {processor.py:925} INFO - DAG(s) 'example_branch_dop_operator_v3' retrieved from /home/airflow/.local/lib/python3.12/site-packages/airflow/example_dags/example_branch_python_dop_operator_3.py
[2024-09-03T11:43:41.061+0000] {logging_mixin.py:190} INFO - [2024-09-03T11:43:41.061+0000] {dag.py:3211} INFO - Sync 1 DAGs
[2024-09-03T11:43:41.092+0000] {logging_mixin.py:190} INFO - [2024-09-03T11:43:41.092+0000] {dag.py:4138} INFO - Setting next_dagrun for example_branch_dop_operator_v3 to 2024-09-03 11:42:00+00:00, run_after=2024-09-03 11:43:00+00:00
[2024-09-03T11:43:41.122+0000] {processor.py:208} INFO - Processing /home/airflow/.local/lib/python3.12/site-packages/airflow/example_dags/example_branch_python_dop_operator_3.py took 0.109 seconds
[2024-09-03T11:44:11.569+0000] {processor.py:186} INFO - Started process (PID=2146) to work on /home/airflow/.local/lib/python3.12/site-packages/airflow/example_dags/example_branch_python_dop_operator_3.py
[2024-09-03T11:44:11.570+0000] {processor.py:914} INFO - Processing file /home/airflow/.local/lib/python3.12/site-packages/airflow/example_dags/example_branch_python_dop_operator_3.py for tasks to queue
[2024-09-03T11:44:11.573+0000] {logging_mixin.py:190} INFO - [2024-09-03T11:44:11.573+0000] {dagbag.py:587} INFO - Filling up the DagBag from /home/airflow/.local/lib/python3.12/site-packages/airflow/example_dags/example_branch_python_dop_operator_3.py
[2024-09-03T11:44:11.585+0000] {processor.py:925} INFO - DAG(s) 'example_branch_dop_operator_v3' retrieved from /home/airflow/.local/lib/python3.12/site-packages/airflow/example_dags/example_branch_python_dop_operator_3.py
[2024-09-03T11:44:11.610+0000] {logging_mixin.py:190} INFO - [2024-09-03T11:44:11.610+0000] {dag.py:3211} INFO - Sync 1 DAGs
[2024-09-03T11:44:11.638+0000] {logging_mixin.py:190} INFO - [2024-09-03T11:44:11.638+0000] {dag.py:4138} INFO - Setting next_dagrun for example_branch_dop_operator_v3 to 2024-09-03 11:43:00+00:00, run_after=2024-09-03 11:44:00+00:00
[2024-09-03T11:44:11.664+0000] {processor.py:208} INFO - Processing /home/airflow/.local/lib/python3.12/site-packages/airflow/example_dags/example_branch_python_dop_operator_3.py took 0.102 seconds
[2024-09-03T11:44:42.747+0000] {processor.py:186} INFO - Started process (PID=2209) to work on /home/airflow/.local/lib/python3.12/site-packages/airflow/example_dags/example_branch_python_dop_operator_3.py
[2024-09-03T11:44:42.749+0000] {processor.py:914} INFO - Processing file /home/airflow/.local/lib/python3.12/site-packages/airflow/example_dags/example_branch_python_dop_operator_3.py for tasks to queue
[2024-09-03T11:44:42.752+0000] {logging_mixin.py:190} INFO - [2024-09-03T11:44:42.752+0000] {dagbag.py:587} INFO - Filling up the DagBag from /home/airflow/.local/lib/python3.12/site-packages/airflow/example_dags/example_branch_python_dop_operator_3.py
[2024-09-03T11:44:42.764+0000] {processor.py:925} INFO - DAG(s) 'example_branch_dop_operator_v3' retrieved from /home/airflow/.local/lib/python3.12/site-packages/airflow/example_dags/example_branch_python_dop_operator_3.py
[2024-09-03T11:44:42.801+0000] {logging_mixin.py:190} INFO - [2024-09-03T11:44:42.801+0000] {dag.py:3211} INFO - Sync 1 DAGs
[2024-09-03T11:44:42.836+0000] {logging_mixin.py:190} INFO - [2024-09-03T11:44:42.835+0000] {dag.py:4138} INFO - Setting next_dagrun for example_branch_dop_operator_v3 to 2024-09-03 11:43:00+00:00, run_after=2024-09-03 11:44:00+00:00
[2024-09-03T11:44:42.865+0000] {processor.py:208} INFO - Processing /home/airflow/.local/lib/python3.12/site-packages/airflow/example_dags/example_branch_python_dop_operator_3.py took 0.125 seconds
[2024-09-03T11:45:13.476+0000] {processor.py:186} INFO - Started process (PID=2272) to work on /home/airflow/.local/lib/python3.12/site-packages/airflow/example_dags/example_branch_python_dop_operator_3.py
[2024-09-03T11:45:13.478+0000] {processor.py:914} INFO - Processing file /home/airflow/.local/lib/python3.12/site-packages/airflow/example_dags/example_branch_python_dop_operator_3.py for tasks to queue
[2024-09-03T11:45:13.481+0000] {logging_mixin.py:190} INFO - [2024-09-03T11:45:13.481+0000] {dagbag.py:587} INFO - Filling up the DagBag from /home/airflow/.local/lib/python3.12/site-packages/airflow/example_dags/example_branch_python_dop_operator_3.py
[2024-09-03T11:45:13.493+0000] {processor.py:925} INFO - DAG(s) 'example_branch_dop_operator_v3' retrieved from /home/airflow/.local/lib/python3.12/site-packages/airflow/example_dags/example_branch_python_dop_operator_3.py
[2024-09-03T11:45:13.521+0000] {logging_mixin.py:190} INFO - [2024-09-03T11:45:13.521+0000] {dag.py:3211} INFO - Sync 1 DAGs
[2024-09-03T11:45:13.555+0000] {logging_mixin.py:190} INFO - [2024-09-03T11:45:13.555+0000] {dag.py:4138} INFO - Setting next_dagrun for example_branch_dop_operator_v3 to 2024-09-03 11:44:00+00:00, run_after=2024-09-03 11:45:00+00:00
[2024-09-03T11:45:13.581+0000] {processor.py:208} INFO - Processing /home/airflow/.local/lib/python3.12/site-packages/airflow/example_dags/example_branch_python_dop_operator_3.py took 0.110 seconds
[2024-09-03T11:45:44.381+0000] {processor.py:186} INFO - Started process (PID=2335) to work on /home/airflow/.local/lib/python3.12/site-packages/airflow/example_dags/example_branch_python_dop_operator_3.py
[2024-09-03T11:45:44.383+0000] {processor.py:914} INFO - Processing file /home/airflow/.local/lib/python3.12/site-packages/airflow/example_dags/example_branch_python_dop_operator_3.py for tasks to queue
[2024-09-03T11:45:44.385+0000] {logging_mixin.py:190} INFO - [2024-09-03T11:45:44.385+0000] {dagbag.py:587} INFO - Filling up the DagBag from /home/airflow/.local/lib/python3.12/site-packages/airflow/example_dags/example_branch_python_dop_operator_3.py
[2024-09-03T11:45:44.402+0000] {processor.py:925} INFO - DAG(s) 'example_branch_dop_operator_v3' retrieved from /home/airflow/.local/lib/python3.12/site-packages/airflow/example_dags/example_branch_python_dop_operator_3.py
[2024-09-03T11:45:44.426+0000] {logging_mixin.py:190} INFO - [2024-09-03T11:45:44.426+0000] {dag.py:3211} INFO - Sync 1 DAGs
[2024-09-03T11:45:44.457+0000] {logging_mixin.py:190} INFO - [2024-09-03T11:45:44.457+0000] {dag.py:4138} INFO - Setting next_dagrun for example_branch_dop_operator_v3 to 2024-09-03 11:44:00+00:00, run_after=2024-09-03 11:45:00+00:00
[2024-09-03T11:45:44.482+0000] {processor.py:208} INFO - Processing /home/airflow/.local/lib/python3.12/site-packages/airflow/example_dags/example_branch_python_dop_operator_3.py took 0.107 seconds
[2024-09-03T11:46:15.109+0000] {processor.py:186} INFO - Started process (PID=2398) to work on /home/airflow/.local/lib/python3.12/site-packages/airflow/example_dags/example_branch_python_dop_operator_3.py
[2024-09-03T11:46:15.110+0000] {processor.py:914} INFO - Processing file /home/airflow/.local/lib/python3.12/site-packages/airflow/example_dags/example_branch_python_dop_operator_3.py for tasks to queue
[2024-09-03T11:46:15.114+0000] {logging_mixin.py:190} INFO - [2024-09-03T11:46:15.113+0000] {dagbag.py:587} INFO - Filling up the DagBag from /home/airflow/.local/lib/python3.12/site-packages/airflow/example_dags/example_branch_python_dop_operator_3.py
[2024-09-03T11:46:15.123+0000] {processor.py:925} INFO - DAG(s) 'example_branch_dop_operator_v3' retrieved from /home/airflow/.local/lib/python3.12/site-packages/airflow/example_dags/example_branch_python_dop_operator_3.py
[2024-09-03T11:46:15.146+0000] {logging_mixin.py:190} INFO - [2024-09-03T11:46:15.146+0000] {dag.py:3211} INFO - Sync 1 DAGs
[2024-09-03T11:46:15.172+0000] {logging_mixin.py:190} INFO - [2024-09-03T11:46:15.172+0000] {dag.py:4138} INFO - Setting next_dagrun for example_branch_dop_operator_v3 to 2024-09-03 11:45:00+00:00, run_after=2024-09-03 11:46:00+00:00
[2024-09-03T11:46:15.198+0000] {processor.py:208} INFO - Processing /home/airflow/.local/lib/python3.12/site-packages/airflow/example_dags/example_branch_python_dop_operator_3.py took 0.094 seconds
[2024-09-03T11:46:46.365+0000] {processor.py:186} INFO - Started process (PID=2462) to work on /home/airflow/.local/lib/python3.12/site-packages/airflow/example_dags/example_branch_python_dop_operator_3.py
[2024-09-03T11:46:46.367+0000] {processor.py:914} INFO - Processing file /home/airflow/.local/lib/python3.12/site-packages/airflow/example_dags/example_branch_python_dop_operator_3.py for tasks to queue
[2024-09-03T11:46:46.370+0000] {logging_mixin.py:190} INFO - [2024-09-03T11:46:46.370+0000] {dagbag.py:587} INFO - Filling up the DagBag from /home/airflow/.local/lib/python3.12/site-packages/airflow/example_dags/example_branch_python_dop_operator_3.py
[2024-09-03T11:46:46.390+0000] {processor.py:925} INFO - DAG(s) 'example_branch_dop_operator_v3' retrieved from /home/airflow/.local/lib/python3.12/site-packages/airflow/example_dags/example_branch_python_dop_operator_3.py
[2024-09-03T11:46:46.439+0000] {logging_mixin.py:190} INFO - [2024-09-03T11:46:46.439+0000] {dag.py:3211} INFO - Sync 1 DAGs
[2024-09-03T11:46:46.512+0000] {logging_mixin.py:190} INFO - [2024-09-03T11:46:46.511+0000] {dag.py:4138} INFO - Setting next_dagrun for example_branch_dop_operator_v3 to 2024-09-03 11:45:00+00:00, run_after=2024-09-03 11:46:00+00:00
[2024-09-03T11:46:46.570+0000] {processor.py:208} INFO - Processing /home/airflow/.local/lib/python3.12/site-packages/airflow/example_dags/example_branch_python_dop_operator_3.py took 0.214 seconds
[2024-09-03T11:47:18.494+0000] {processor.py:186} INFO - Started process (PID=2525) to work on /home/airflow/.local/lib/python3.12/site-packages/airflow/example_dags/example_branch_python_dop_operator_3.py
[2024-09-03T11:47:18.497+0000] {processor.py:914} INFO - Processing file /home/airflow/.local/lib/python3.12/site-packages/airflow/example_dags/example_branch_python_dop_operator_3.py for tasks to queue
[2024-09-03T11:47:18.503+0000] {logging_mixin.py:190} INFO - [2024-09-03T11:47:18.502+0000] {dagbag.py:587} INFO - Filling up the DagBag from /home/airflow/.local/lib/python3.12/site-packages/airflow/example_dags/example_branch_python_dop_operator_3.py
[2024-09-03T11:47:18.522+0000] {processor.py:925} INFO - DAG(s) 'example_branch_dop_operator_v3' retrieved from /home/airflow/.local/lib/python3.12/site-packages/airflow/example_dags/example_branch_python_dop_operator_3.py
[2024-09-03T11:47:18.571+0000] {logging_mixin.py:190} INFO - [2024-09-03T11:47:18.571+0000] {dag.py:3211} INFO - Sync 1 DAGs
[2024-09-03T11:47:18.675+0000] {logging_mixin.py:190} INFO - [2024-09-03T11:47:18.674+0000] {dag.py:4138} INFO - Setting next_dagrun for example_branch_dop_operator_v3 to 2024-09-03 11:46:00+00:00, run_after=2024-09-03 11:47:00+00:00
[2024-09-03T11:47:18.725+0000] {processor.py:208} INFO - Processing /home/airflow/.local/lib/python3.12/site-packages/airflow/example_dags/example_branch_python_dop_operator_3.py took 0.244 seconds
[2024-09-03T11:47:49.227+0000] {processor.py:186} INFO - Started process (PID=2588) to work on /home/airflow/.local/lib/python3.12/site-packages/airflow/example_dags/example_branch_python_dop_operator_3.py
[2024-09-03T11:47:49.230+0000] {processor.py:914} INFO - Processing file /home/airflow/.local/lib/python3.12/site-packages/airflow/example_dags/example_branch_python_dop_operator_3.py for tasks to queue
[2024-09-03T11:47:49.235+0000] {logging_mixin.py:190} INFO - [2024-09-03T11:47:49.234+0000] {dagbag.py:587} INFO - Filling up the DagBag from /home/airflow/.local/lib/python3.12/site-packages/airflow/example_dags/example_branch_python_dop_operator_3.py
[2024-09-03T11:47:49.258+0000] {processor.py:925} INFO - DAG(s) 'example_branch_dop_operator_v3' retrieved from /home/airflow/.local/lib/python3.12/site-packages/airflow/example_dags/example_branch_python_dop_operator_3.py
[2024-09-03T11:47:49.299+0000] {logging_mixin.py:190} INFO - [2024-09-03T11:47:49.298+0000] {dag.py:3211} INFO - Sync 1 DAGs
[2024-09-03T11:47:49.359+0000] {logging_mixin.py:190} INFO - [2024-09-03T11:47:49.358+0000] {dag.py:4138} INFO - Setting next_dagrun for example_branch_dop_operator_v3 to 2024-09-03 11:46:00+00:00, run_after=2024-09-03 11:47:00+00:00
[2024-09-03T11:47:49.405+0000] {processor.py:208} INFO - Processing /home/airflow/.local/lib/python3.12/site-packages/airflow/example_dags/example_branch_python_dop_operator_3.py took 0.188 seconds
[2024-09-03T11:48:19.482+0000] {processor.py:186} INFO - Started process (PID=2650) to work on /home/airflow/.local/lib/python3.12/site-packages/airflow/example_dags/example_branch_python_dop_operator_3.py
[2024-09-03T11:48:19.483+0000] {processor.py:914} INFO - Processing file /home/airflow/.local/lib/python3.12/site-packages/airflow/example_dags/example_branch_python_dop_operator_3.py for tasks to queue
[2024-09-03T11:48:19.488+0000] {logging_mixin.py:190} INFO - [2024-09-03T11:48:19.487+0000] {dagbag.py:587} INFO - Filling up the DagBag from /home/airflow/.local/lib/python3.12/site-packages/airflow/example_dags/example_branch_python_dop_operator_3.py
[2024-09-03T11:48:19.501+0000] {processor.py:925} INFO - DAG(s) 'example_branch_dop_operator_v3' retrieved from /home/airflow/.local/lib/python3.12/site-packages/airflow/example_dags/example_branch_python_dop_operator_3.py
[2024-09-03T11:48:19.536+0000] {logging_mixin.py:190} INFO - [2024-09-03T11:48:19.535+0000] {dag.py:3211} INFO - Sync 1 DAGs
[2024-09-03T11:48:19.584+0000] {logging_mixin.py:190} INFO - [2024-09-03T11:48:19.584+0000] {dag.py:4138} INFO - Setting next_dagrun for example_branch_dop_operator_v3 to 2024-09-03 11:47:00+00:00, run_after=2024-09-03 11:48:00+00:00
[2024-09-03T11:48:19.621+0000] {processor.py:208} INFO - Processing /home/airflow/.local/lib/python3.12/site-packages/airflow/example_dags/example_branch_python_dop_operator_3.py took 0.146 seconds
[2024-09-03T11:48:51.595+0000] {processor.py:186} INFO - Started process (PID=2713) to work on /home/airflow/.local/lib/python3.12/site-packages/airflow/example_dags/example_branch_python_dop_operator_3.py
[2024-09-03T11:48:51.597+0000] {processor.py:914} INFO - Processing file /home/airflow/.local/lib/python3.12/site-packages/airflow/example_dags/example_branch_python_dop_operator_3.py for tasks to queue
[2024-09-03T11:48:51.602+0000] {logging_mixin.py:190} INFO - [2024-09-03T11:48:51.601+0000] {dagbag.py:587} INFO - Filling up the DagBag from /home/airflow/.local/lib/python3.12/site-packages/airflow/example_dags/example_branch_python_dop_operator_3.py
[2024-09-03T11:48:51.624+0000] {processor.py:925} INFO - DAG(s) 'example_branch_dop_operator_v3' retrieved from /home/airflow/.local/lib/python3.12/site-packages/airflow/example_dags/example_branch_python_dop_operator_3.py
[2024-09-03T11:48:51.675+0000] {logging_mixin.py:190} INFO - [2024-09-03T11:48:51.675+0000] {dag.py:3211} INFO - Sync 1 DAGs
[2024-09-03T11:48:51.742+0000] {logging_mixin.py:190} INFO - [2024-09-03T11:48:51.741+0000] {dag.py:4138} INFO - Setting next_dagrun for example_branch_dop_operator_v3 to 2024-09-03 11:47:00+00:00, run_after=2024-09-03 11:48:00+00:00
[2024-09-03T11:48:51.792+0000] {processor.py:208} INFO - Processing /home/airflow/.local/lib/python3.12/site-packages/airflow/example_dags/example_branch_python_dop_operator_3.py took 0.210 seconds
[2024-09-03T11:49:22.934+0000] {processor.py:186} INFO - Started process (PID=2777) to work on /home/airflow/.local/lib/python3.12/site-packages/airflow/example_dags/example_branch_python_dop_operator_3.py
[2024-09-03T11:49:22.935+0000] {processor.py:914} INFO - Processing file /home/airflow/.local/lib/python3.12/site-packages/airflow/example_dags/example_branch_python_dop_operator_3.py for tasks to queue
[2024-09-03T11:49:22.940+0000] {logging_mixin.py:190} INFO - [2024-09-03T11:49:22.939+0000] {dagbag.py:587} INFO - Filling up the DagBag from /home/airflow/.local/lib/python3.12/site-packages/airflow/example_dags/example_branch_python_dop_operator_3.py
[2024-09-03T11:49:22.956+0000] {processor.py:925} INFO - DAG(s) 'example_branch_dop_operator_v3' retrieved from /home/airflow/.local/lib/python3.12/site-packages/airflow/example_dags/example_branch_python_dop_operator_3.py
[2024-09-03T11:49:22.987+0000] {logging_mixin.py:190} INFO - [2024-09-03T11:49:22.987+0000] {dag.py:3211} INFO - Sync 1 DAGs
[2024-09-03T11:49:23.028+0000] {logging_mixin.py:190} INFO - [2024-09-03T11:49:23.027+0000] {dag.py:4138} INFO - Setting next_dagrun for example_branch_dop_operator_v3 to 2024-09-03 11:48:00+00:00, run_after=2024-09-03 11:49:00+00:00
[2024-09-03T11:49:23.069+0000] {processor.py:208} INFO - Processing /home/airflow/.local/lib/python3.12/site-packages/airflow/example_dags/example_branch_python_dop_operator_3.py took 0.144 seconds
[2024-09-03T11:49:54.186+0000] {processor.py:186} INFO - Started process (PID=2839) to work on /home/airflow/.local/lib/python3.12/site-packages/airflow/example_dags/example_branch_python_dop_operator_3.py
[2024-09-03T11:49:54.188+0000] {processor.py:914} INFO - Processing file /home/airflow/.local/lib/python3.12/site-packages/airflow/example_dags/example_branch_python_dop_operator_3.py for tasks to queue
[2024-09-03T11:49:54.193+0000] {logging_mixin.py:190} INFO - [2024-09-03T11:49:54.192+0000] {dagbag.py:587} INFO - Filling up the DagBag from /home/airflow/.local/lib/python3.12/site-packages/airflow/example_dags/example_branch_python_dop_operator_3.py
[2024-09-03T11:49:54.211+0000] {processor.py:925} INFO - DAG(s) 'example_branch_dop_operator_v3' retrieved from /home/airflow/.local/lib/python3.12/site-packages/airflow/example_dags/example_branch_python_dop_operator_3.py
[2024-09-03T11:49:54.253+0000] {logging_mixin.py:190} INFO - [2024-09-03T11:49:54.252+0000] {dag.py:3211} INFO - Sync 1 DAGs
[2024-09-03T11:49:54.341+0000] {logging_mixin.py:190} INFO - [2024-09-03T11:49:54.340+0000] {dag.py:4138} INFO - Setting next_dagrun for example_branch_dop_operator_v3 to 2024-09-03 11:48:00+00:00, run_after=2024-09-03 11:49:00+00:00
[2024-09-03T11:49:54.400+0000] {processor.py:208} INFO - Processing /home/airflow/.local/lib/python3.12/site-packages/airflow/example_dags/example_branch_python_dop_operator_3.py took 0.223 seconds
[2024-09-03T11:50:25.404+0000] {processor.py:186} INFO - Started process (PID=2902) to work on /home/airflow/.local/lib/python3.12/site-packages/airflow/example_dags/example_branch_python_dop_operator_3.py
[2024-09-03T11:50:25.406+0000] {processor.py:914} INFO - Processing file /home/airflow/.local/lib/python3.12/site-packages/airflow/example_dags/example_branch_python_dop_operator_3.py for tasks to queue
[2024-09-03T11:50:25.410+0000] {logging_mixin.py:190} INFO - [2024-09-03T11:50:25.409+0000] {dagbag.py:587} INFO - Filling up the DagBag from /home/airflow/.local/lib/python3.12/site-packages/airflow/example_dags/example_branch_python_dop_operator_3.py
[2024-09-03T11:50:25.430+0000] {processor.py:925} INFO - DAG(s) 'example_branch_dop_operator_v3' retrieved from /home/airflow/.local/lib/python3.12/site-packages/airflow/example_dags/example_branch_python_dop_operator_3.py
[2024-09-03T11:50:25.470+0000] {logging_mixin.py:190} INFO - [2024-09-03T11:50:25.469+0000] {dag.py:3211} INFO - Sync 1 DAGs
[2024-09-03T11:50:25.896+0000] {logging_mixin.py:190} INFO - [2024-09-03T11:50:25.895+0000] {dag.py:4138} INFO - Setting next_dagrun for example_branch_dop_operator_v3 to 2024-09-03 11:49:00+00:00, run_after=2024-09-03 11:50:00+00:00
[2024-09-03T11:50:25.992+0000] {processor.py:208} INFO - Processing /home/airflow/.local/lib/python3.12/site-packages/airflow/example_dags/example_branch_python_dop_operator_3.py took 0.598 seconds
