[2024-09-03T11:27:32.400+0000] {processor.py:186} INFO - Started process (PID=82) to work on /home/airflow/.local/lib/python3.12/site-packages/airflow/example_dags/example_python_decorator.py
[2024-09-03T11:27:32.402+0000] {processor.py:914} INFO - Processing file /home/airflow/.local/lib/python3.12/site-packages/airflow/example_dags/example_python_decorator.py for tasks to queue
[2024-09-03T11:27:32.406+0000] {logging_mixin.py:190} INFO - [2024-09-03T11:27:32.405+0000] {dagbag.py:587} INFO - Filling up the DagBag from /home/airflow/.local/lib/python3.12/site-packages/airflow/example_dags/example_python_decorator.py
[2024-09-03T11:27:32.431+0000] {processor.py:925} INFO - DAG(s) 'example_python_decorator' retrieved from /home/airflow/.local/lib/python3.12/site-packages/airflow/example_dags/example_python_decorator.py
[2024-09-03T11:27:32.671+0000] {logging_mixin.py:190} INFO - [2024-09-03T11:27:32.670+0000] {dag.py:3211} INFO - Sync 1 DAGs
[2024-09-03T11:27:32.710+0000] {logging_mixin.py:190} INFO - [2024-09-03T11:27:32.710+0000] {dag.py:4138} INFO - Setting next_dagrun for example_python_decorator to None, run_after=None
[2024-09-03T11:27:32.756+0000] {processor.py:208} INFO - Processing /home/airflow/.local/lib/python3.12/site-packages/airflow/example_dags/example_python_decorator.py took 0.365 seconds
[2024-09-03T11:28:02.870+0000] {processor.py:186} INFO - Started process (PID=145) to work on /home/airflow/.local/lib/python3.12/site-packages/airflow/example_dags/example_python_decorator.py
[2024-09-03T11:28:02.871+0000] {processor.py:914} INFO - Processing file /home/airflow/.local/lib/python3.12/site-packages/airflow/example_dags/example_python_decorator.py for tasks to queue
[2024-09-03T11:28:02.874+0000] {logging_mixin.py:190} INFO - [2024-09-03T11:28:02.874+0000] {dagbag.py:587} INFO - Filling up the DagBag from /home/airflow/.local/lib/python3.12/site-packages/airflow/example_dags/example_python_decorator.py
[2024-09-03T11:28:02.889+0000] {processor.py:925} INFO - DAG(s) 'example_python_decorator' retrieved from /home/airflow/.local/lib/python3.12/site-packages/airflow/example_dags/example_python_decorator.py
[2024-09-03T11:28:02.918+0000] {logging_mixin.py:190} INFO - [2024-09-03T11:28:02.917+0000] {dag.py:3211} INFO - Sync 1 DAGs
[2024-09-03T11:28:02.933+0000] {logging_mixin.py:190} INFO - [2024-09-03T11:28:02.933+0000] {dag.py:4138} INFO - Setting next_dagrun for example_python_decorator to None, run_after=None
[2024-09-03T11:28:02.959+0000] {processor.py:208} INFO - Processing /home/airflow/.local/lib/python3.12/site-packages/airflow/example_dags/example_python_decorator.py took 0.095 seconds
[2024-09-03T11:28:33.238+0000] {processor.py:186} INFO - Started process (PID=216) to work on /home/airflow/.local/lib/python3.12/site-packages/airflow/example_dags/example_python_decorator.py
[2024-09-03T11:28:33.239+0000] {processor.py:914} INFO - Processing file /home/airflow/.local/lib/python3.12/site-packages/airflow/example_dags/example_python_decorator.py for tasks to queue
[2024-09-03T11:28:33.241+0000] {logging_mixin.py:190} INFO - [2024-09-03T11:28:33.241+0000] {dagbag.py:587} INFO - Filling up the DagBag from /home/airflow/.local/lib/python3.12/site-packages/airflow/example_dags/example_python_decorator.py
[2024-09-03T11:28:33.255+0000] {processor.py:925} INFO - DAG(s) 'example_python_decorator' retrieved from /home/airflow/.local/lib/python3.12/site-packages/airflow/example_dags/example_python_decorator.py
[2024-09-03T11:28:33.280+0000] {logging_mixin.py:190} INFO - [2024-09-03T11:28:33.280+0000] {dag.py:3211} INFO - Sync 1 DAGs
[2024-09-03T11:28:33.295+0000] {logging_mixin.py:190} INFO - [2024-09-03T11:28:33.294+0000] {dag.py:4138} INFO - Setting next_dagrun for example_python_decorator to None, run_after=None
[2024-09-03T11:28:33.320+0000] {processor.py:208} INFO - Processing /home/airflow/.local/lib/python3.12/site-packages/airflow/example_dags/example_python_decorator.py took 0.087 seconds
[2024-09-03T11:29:03.836+0000] {processor.py:186} INFO - Started process (PID=279) to work on /home/airflow/.local/lib/python3.12/site-packages/airflow/example_dags/example_python_decorator.py
[2024-09-03T11:29:03.838+0000] {processor.py:914} INFO - Processing file /home/airflow/.local/lib/python3.12/site-packages/airflow/example_dags/example_python_decorator.py for tasks to queue
[2024-09-03T11:29:03.840+0000] {logging_mixin.py:190} INFO - [2024-09-03T11:29:03.840+0000] {dagbag.py:587} INFO - Filling up the DagBag from /home/airflow/.local/lib/python3.12/site-packages/airflow/example_dags/example_python_decorator.py
[2024-09-03T11:29:03.859+0000] {processor.py:925} INFO - DAG(s) 'example_python_decorator' retrieved from /home/airflow/.local/lib/python3.12/site-packages/airflow/example_dags/example_python_decorator.py
[2024-09-03T11:29:03.895+0000] {logging_mixin.py:190} INFO - [2024-09-03T11:29:03.895+0000] {dag.py:3211} INFO - Sync 1 DAGs
[2024-09-03T11:29:03.913+0000] {logging_mixin.py:190} INFO - [2024-09-03T11:29:03.913+0000] {dag.py:4138} INFO - Setting next_dagrun for example_python_decorator to None, run_after=None
[2024-09-03T11:29:03.942+0000] {processor.py:208} INFO - Processing /home/airflow/.local/lib/python3.12/site-packages/airflow/example_dags/example_python_decorator.py took 0.112 seconds
[2024-09-03T11:29:34.364+0000] {processor.py:186} INFO - Started process (PID=342) to work on /home/airflow/.local/lib/python3.12/site-packages/airflow/example_dags/example_python_decorator.py
[2024-09-03T11:29:34.365+0000] {processor.py:914} INFO - Processing file /home/airflow/.local/lib/python3.12/site-packages/airflow/example_dags/example_python_decorator.py for tasks to queue
[2024-09-03T11:29:34.368+0000] {logging_mixin.py:190} INFO - [2024-09-03T11:29:34.368+0000] {dagbag.py:587} INFO - Filling up the DagBag from /home/airflow/.local/lib/python3.12/site-packages/airflow/example_dags/example_python_decorator.py
[2024-09-03T11:29:34.383+0000] {processor.py:925} INFO - DAG(s) 'example_python_decorator' retrieved from /home/airflow/.local/lib/python3.12/site-packages/airflow/example_dags/example_python_decorator.py
[2024-09-03T11:29:34.410+0000] {logging_mixin.py:190} INFO - [2024-09-03T11:29:34.410+0000] {dag.py:3211} INFO - Sync 1 DAGs
[2024-09-03T11:29:34.426+0000] {logging_mixin.py:190} INFO - [2024-09-03T11:29:34.426+0000] {dag.py:4138} INFO - Setting next_dagrun for example_python_decorator to None, run_after=None
[2024-09-03T11:29:34.453+0000] {processor.py:208} INFO - Processing /home/airflow/.local/lib/python3.12/site-packages/airflow/example_dags/example_python_decorator.py took 0.097 seconds
[2024-09-03T11:30:05.232+0000] {processor.py:186} INFO - Started process (PID=405) to work on /home/airflow/.local/lib/python3.12/site-packages/airflow/example_dags/example_python_decorator.py
[2024-09-03T11:30:05.234+0000] {processor.py:914} INFO - Processing file /home/airflow/.local/lib/python3.12/site-packages/airflow/example_dags/example_python_decorator.py for tasks to queue
[2024-09-03T11:30:05.237+0000] {logging_mixin.py:190} INFO - [2024-09-03T11:30:05.237+0000] {dagbag.py:587} INFO - Filling up the DagBag from /home/airflow/.local/lib/python3.12/site-packages/airflow/example_dags/example_python_decorator.py
[2024-09-03T11:30:05.252+0000] {processor.py:925} INFO - DAG(s) 'example_python_decorator' retrieved from /home/airflow/.local/lib/python3.12/site-packages/airflow/example_dags/example_python_decorator.py
[2024-09-03T11:30:05.281+0000] {logging_mixin.py:190} INFO - [2024-09-03T11:30:05.280+0000] {dag.py:3211} INFO - Sync 1 DAGs
[2024-09-03T11:30:05.297+0000] {logging_mixin.py:190} INFO - [2024-09-03T11:30:05.297+0000] {dag.py:4138} INFO - Setting next_dagrun for example_python_decorator to None, run_after=None
[2024-09-03T11:30:05.324+0000] {processor.py:208} INFO - Processing /home/airflow/.local/lib/python3.12/site-packages/airflow/example_dags/example_python_decorator.py took 0.097 seconds
[2024-09-03T11:30:35.680+0000] {processor.py:186} INFO - Started process (PID=468) to work on /home/airflow/.local/lib/python3.12/site-packages/airflow/example_dags/example_python_decorator.py
[2024-09-03T11:30:35.682+0000] {processor.py:914} INFO - Processing file /home/airflow/.local/lib/python3.12/site-packages/airflow/example_dags/example_python_decorator.py for tasks to queue
[2024-09-03T11:30:35.685+0000] {logging_mixin.py:190} INFO - [2024-09-03T11:30:35.685+0000] {dagbag.py:587} INFO - Filling up the DagBag from /home/airflow/.local/lib/python3.12/site-packages/airflow/example_dags/example_python_decorator.py
[2024-09-03T11:30:35.703+0000] {processor.py:925} INFO - DAG(s) 'example_python_decorator' retrieved from /home/airflow/.local/lib/python3.12/site-packages/airflow/example_dags/example_python_decorator.py
[2024-09-03T11:30:35.733+0000] {logging_mixin.py:190} INFO - [2024-09-03T11:30:35.732+0000] {dag.py:3211} INFO - Sync 1 DAGs
[2024-09-03T11:30:35.756+0000] {logging_mixin.py:190} INFO - [2024-09-03T11:30:35.756+0000] {dag.py:4138} INFO - Setting next_dagrun for example_python_decorator to None, run_after=None
[2024-09-03T11:30:35.781+0000] {processor.py:208} INFO - Processing /home/airflow/.local/lib/python3.12/site-packages/airflow/example_dags/example_python_decorator.py took 0.107 seconds
[2024-09-03T11:31:05.907+0000] {processor.py:186} INFO - Started process (PID=532) to work on /home/airflow/.local/lib/python3.12/site-packages/airflow/example_dags/example_python_decorator.py
[2024-09-03T11:31:05.909+0000] {processor.py:914} INFO - Processing file /home/airflow/.local/lib/python3.12/site-packages/airflow/example_dags/example_python_decorator.py for tasks to queue
[2024-09-03T11:31:05.912+0000] {logging_mixin.py:190} INFO - [2024-09-03T11:31:05.911+0000] {dagbag.py:587} INFO - Filling up the DagBag from /home/airflow/.local/lib/python3.12/site-packages/airflow/example_dags/example_python_decorator.py
[2024-09-03T11:31:05.926+0000] {processor.py:925} INFO - DAG(s) 'example_python_decorator' retrieved from /home/airflow/.local/lib/python3.12/site-packages/airflow/example_dags/example_python_decorator.py
[2024-09-03T11:31:05.954+0000] {logging_mixin.py:190} INFO - [2024-09-03T11:31:05.954+0000] {dag.py:3211} INFO - Sync 1 DAGs
[2024-09-03T11:31:05.969+0000] {logging_mixin.py:190} INFO - [2024-09-03T11:31:05.969+0000] {dag.py:4138} INFO - Setting next_dagrun for example_python_decorator to None, run_after=None
[2024-09-03T11:31:05.997+0000] {processor.py:208} INFO - Processing /home/airflow/.local/lib/python3.12/site-packages/airflow/example_dags/example_python_decorator.py took 0.097 seconds
[2024-09-03T11:31:36.377+0000] {processor.py:186} INFO - Started process (PID=595) to work on /home/airflow/.local/lib/python3.12/site-packages/airflow/example_dags/example_python_decorator.py
[2024-09-03T11:31:36.378+0000] {processor.py:914} INFO - Processing file /home/airflow/.local/lib/python3.12/site-packages/airflow/example_dags/example_python_decorator.py for tasks to queue
[2024-09-03T11:31:36.381+0000] {logging_mixin.py:190} INFO - [2024-09-03T11:31:36.381+0000] {dagbag.py:587} INFO - Filling up the DagBag from /home/airflow/.local/lib/python3.12/site-packages/airflow/example_dags/example_python_decorator.py
[2024-09-03T11:31:36.396+0000] {processor.py:925} INFO - DAG(s) 'example_python_decorator' retrieved from /home/airflow/.local/lib/python3.12/site-packages/airflow/example_dags/example_python_decorator.py
[2024-09-03T11:31:36.424+0000] {logging_mixin.py:190} INFO - [2024-09-03T11:31:36.424+0000] {dag.py:3211} INFO - Sync 1 DAGs
[2024-09-03T11:31:36.442+0000] {logging_mixin.py:190} INFO - [2024-09-03T11:31:36.442+0000] {dag.py:4138} INFO - Setting next_dagrun for example_python_decorator to None, run_after=None
[2024-09-03T11:31:36.473+0000] {processor.py:208} INFO - Processing /home/airflow/.local/lib/python3.12/site-packages/airflow/example_dags/example_python_decorator.py took 0.101 seconds
[2024-09-03T11:32:06.715+0000] {processor.py:186} INFO - Started process (PID=658) to work on /home/airflow/.local/lib/python3.12/site-packages/airflow/example_dags/example_python_decorator.py
[2024-09-03T11:32:06.716+0000] {processor.py:914} INFO - Processing file /home/airflow/.local/lib/python3.12/site-packages/airflow/example_dags/example_python_decorator.py for tasks to queue
[2024-09-03T11:32:06.720+0000] {logging_mixin.py:190} INFO - [2024-09-03T11:32:06.719+0000] {dagbag.py:587} INFO - Filling up the DagBag from /home/airflow/.local/lib/python3.12/site-packages/airflow/example_dags/example_python_decorator.py
[2024-09-03T11:32:06.732+0000] {processor.py:925} INFO - DAG(s) 'example_python_decorator' retrieved from /home/airflow/.local/lib/python3.12/site-packages/airflow/example_dags/example_python_decorator.py
[2024-09-03T11:32:06.759+0000] {logging_mixin.py:190} INFO - [2024-09-03T11:32:06.758+0000] {dag.py:3211} INFO - Sync 1 DAGs
[2024-09-03T11:32:06.775+0000] {logging_mixin.py:190} INFO - [2024-09-03T11:32:06.775+0000] {dag.py:4138} INFO - Setting next_dagrun for example_python_decorator to None, run_after=None
[2024-09-03T11:32:06.803+0000] {processor.py:208} INFO - Processing /home/airflow/.local/lib/python3.12/site-packages/airflow/example_dags/example_python_decorator.py took 0.093 seconds
[2024-09-03T11:32:37.768+0000] {processor.py:186} INFO - Started process (PID=721) to work on /home/airflow/.local/lib/python3.12/site-packages/airflow/example_dags/example_python_decorator.py
[2024-09-03T11:32:37.770+0000] {processor.py:914} INFO - Processing file /home/airflow/.local/lib/python3.12/site-packages/airflow/example_dags/example_python_decorator.py for tasks to queue
[2024-09-03T11:32:37.774+0000] {logging_mixin.py:190} INFO - [2024-09-03T11:32:37.774+0000] {dagbag.py:587} INFO - Filling up the DagBag from /home/airflow/.local/lib/python3.12/site-packages/airflow/example_dags/example_python_decorator.py
[2024-09-03T11:32:37.797+0000] {processor.py:925} INFO - DAG(s) 'example_python_decorator' retrieved from /home/airflow/.local/lib/python3.12/site-packages/airflow/example_dags/example_python_decorator.py
[2024-09-03T11:32:37.833+0000] {logging_mixin.py:190} INFO - [2024-09-03T11:32:37.832+0000] {dag.py:3211} INFO - Sync 1 DAGs
[2024-09-03T11:32:37.855+0000] {logging_mixin.py:190} INFO - [2024-09-03T11:32:37.855+0000] {dag.py:4138} INFO - Setting next_dagrun for example_python_decorator to None, run_after=None
[2024-09-03T11:32:37.894+0000] {processor.py:208} INFO - Processing /home/airflow/.local/lib/python3.12/site-packages/airflow/example_dags/example_python_decorator.py took 0.134 seconds
[2024-09-03T11:33:08.825+0000] {processor.py:186} INFO - Started process (PID=784) to work on /home/airflow/.local/lib/python3.12/site-packages/airflow/example_dags/example_python_decorator.py
[2024-09-03T11:33:08.826+0000] {processor.py:914} INFO - Processing file /home/airflow/.local/lib/python3.12/site-packages/airflow/example_dags/example_python_decorator.py for tasks to queue
[2024-09-03T11:33:08.829+0000] {logging_mixin.py:190} INFO - [2024-09-03T11:33:08.829+0000] {dagbag.py:587} INFO - Filling up the DagBag from /home/airflow/.local/lib/python3.12/site-packages/airflow/example_dags/example_python_decorator.py
[2024-09-03T11:33:08.843+0000] {processor.py:925} INFO - DAG(s) 'example_python_decorator' retrieved from /home/airflow/.local/lib/python3.12/site-packages/airflow/example_dags/example_python_decorator.py
[2024-09-03T11:33:08.870+0000] {logging_mixin.py:190} INFO - [2024-09-03T11:33:08.869+0000] {dag.py:3211} INFO - Sync 1 DAGs
[2024-09-03T11:33:08.887+0000] {logging_mixin.py:190} INFO - [2024-09-03T11:33:08.887+0000] {dag.py:4138} INFO - Setting next_dagrun for example_python_decorator to None, run_after=None
[2024-09-03T11:33:08.917+0000] {processor.py:208} INFO - Processing /home/airflow/.local/lib/python3.12/site-packages/airflow/example_dags/example_python_decorator.py took 0.097 seconds
[2024-09-03T11:33:39.111+0000] {processor.py:186} INFO - Started process (PID=847) to work on /home/airflow/.local/lib/python3.12/site-packages/airflow/example_dags/example_python_decorator.py
[2024-09-03T11:33:39.113+0000] {processor.py:914} INFO - Processing file /home/airflow/.local/lib/python3.12/site-packages/airflow/example_dags/example_python_decorator.py for tasks to queue
[2024-09-03T11:33:39.116+0000] {logging_mixin.py:190} INFO - [2024-09-03T11:33:39.116+0000] {dagbag.py:587} INFO - Filling up the DagBag from /home/airflow/.local/lib/python3.12/site-packages/airflow/example_dags/example_python_decorator.py
[2024-09-03T11:33:39.133+0000] {processor.py:925} INFO - DAG(s) 'example_python_decorator' retrieved from /home/airflow/.local/lib/python3.12/site-packages/airflow/example_dags/example_python_decorator.py
[2024-09-03T11:33:39.164+0000] {logging_mixin.py:190} INFO - [2024-09-03T11:33:39.163+0000] {dag.py:3211} INFO - Sync 1 DAGs
[2024-09-03T11:33:39.183+0000] {logging_mixin.py:190} INFO - [2024-09-03T11:33:39.183+0000] {dag.py:4138} INFO - Setting next_dagrun for example_python_decorator to None, run_after=None
[2024-09-03T11:33:39.216+0000] {processor.py:208} INFO - Processing /home/airflow/.local/lib/python3.12/site-packages/airflow/example_dags/example_python_decorator.py took 0.116 seconds
[2024-09-03T11:34:09.691+0000] {processor.py:186} INFO - Started process (PID=910) to work on /home/airflow/.local/lib/python3.12/site-packages/airflow/example_dags/example_python_decorator.py
[2024-09-03T11:34:09.693+0000] {processor.py:914} INFO - Processing file /home/airflow/.local/lib/python3.12/site-packages/airflow/example_dags/example_python_decorator.py for tasks to queue
[2024-09-03T11:34:09.696+0000] {logging_mixin.py:190} INFO - [2024-09-03T11:34:09.695+0000] {dagbag.py:587} INFO - Filling up the DagBag from /home/airflow/.local/lib/python3.12/site-packages/airflow/example_dags/example_python_decorator.py
[2024-09-03T11:34:09.718+0000] {processor.py:925} INFO - DAG(s) 'example_python_decorator' retrieved from /home/airflow/.local/lib/python3.12/site-packages/airflow/example_dags/example_python_decorator.py
[2024-09-03T11:34:09.756+0000] {logging_mixin.py:190} INFO - [2024-09-03T11:34:09.756+0000] {dag.py:3211} INFO - Sync 1 DAGs
[2024-09-03T11:34:09.774+0000] {logging_mixin.py:190} INFO - [2024-09-03T11:34:09.773+0000] {dag.py:4138} INFO - Setting next_dagrun for example_python_decorator to None, run_after=None
[2024-09-03T11:34:09.800+0000] {processor.py:208} INFO - Processing /home/airflow/.local/lib/python3.12/site-packages/airflow/example_dags/example_python_decorator.py took 0.117 seconds
[2024-09-03T11:34:40.456+0000] {processor.py:186} INFO - Started process (PID=973) to work on /home/airflow/.local/lib/python3.12/site-packages/airflow/example_dags/example_python_decorator.py
[2024-09-03T11:34:40.458+0000] {processor.py:914} INFO - Processing file /home/airflow/.local/lib/python3.12/site-packages/airflow/example_dags/example_python_decorator.py for tasks to queue
[2024-09-03T11:34:40.462+0000] {logging_mixin.py:190} INFO - [2024-09-03T11:34:40.461+0000] {dagbag.py:587} INFO - Filling up the DagBag from /home/airflow/.local/lib/python3.12/site-packages/airflow/example_dags/example_python_decorator.py
[2024-09-03T11:34:40.481+0000] {processor.py:925} INFO - DAG(s) 'example_python_decorator' retrieved from /home/airflow/.local/lib/python3.12/site-packages/airflow/example_dags/example_python_decorator.py
[2024-09-03T11:34:40.512+0000] {logging_mixin.py:190} INFO - [2024-09-03T11:34:40.511+0000] {dag.py:3211} INFO - Sync 1 DAGs
[2024-09-03T11:34:40.534+0000] {logging_mixin.py:190} INFO - [2024-09-03T11:34:40.533+0000] {dag.py:4138} INFO - Setting next_dagrun for example_python_decorator to None, run_after=None
[2024-09-03T11:34:40.567+0000] {processor.py:208} INFO - Processing /home/airflow/.local/lib/python3.12/site-packages/airflow/example_dags/example_python_decorator.py took 0.117 seconds
[2024-09-03T11:35:10.678+0000] {processor.py:186} INFO - Started process (PID=1036) to work on /home/airflow/.local/lib/python3.12/site-packages/airflow/example_dags/example_python_decorator.py
[2024-09-03T11:35:10.680+0000] {processor.py:914} INFO - Processing file /home/airflow/.local/lib/python3.12/site-packages/airflow/example_dags/example_python_decorator.py for tasks to queue
[2024-09-03T11:35:10.683+0000] {logging_mixin.py:190} INFO - [2024-09-03T11:35:10.683+0000] {dagbag.py:587} INFO - Filling up the DagBag from /home/airflow/.local/lib/python3.12/site-packages/airflow/example_dags/example_python_decorator.py
[2024-09-03T11:35:10.701+0000] {processor.py:925} INFO - DAG(s) 'example_python_decorator' retrieved from /home/airflow/.local/lib/python3.12/site-packages/airflow/example_dags/example_python_decorator.py
[2024-09-03T11:35:10.743+0000] {logging_mixin.py:190} INFO - [2024-09-03T11:35:10.742+0000] {dag.py:3211} INFO - Sync 1 DAGs
[2024-09-03T11:35:10.765+0000] {logging_mixin.py:190} INFO - [2024-09-03T11:35:10.765+0000] {dag.py:4138} INFO - Setting next_dagrun for example_python_decorator to None, run_after=None
[2024-09-03T11:35:10.797+0000] {processor.py:208} INFO - Processing /home/airflow/.local/lib/python3.12/site-packages/airflow/example_dags/example_python_decorator.py took 0.127 seconds
[2024-09-03T11:35:41.479+0000] {processor.py:186} INFO - Started process (PID=1099) to work on /home/airflow/.local/lib/python3.12/site-packages/airflow/example_dags/example_python_decorator.py
[2024-09-03T11:35:41.481+0000] {processor.py:914} INFO - Processing file /home/airflow/.local/lib/python3.12/site-packages/airflow/example_dags/example_python_decorator.py for tasks to queue
[2024-09-03T11:35:41.485+0000] {logging_mixin.py:190} INFO - [2024-09-03T11:35:41.484+0000] {dagbag.py:587} INFO - Filling up the DagBag from /home/airflow/.local/lib/python3.12/site-packages/airflow/example_dags/example_python_decorator.py
[2024-09-03T11:35:41.498+0000] {processor.py:925} INFO - DAG(s) 'example_python_decorator' retrieved from /home/airflow/.local/lib/python3.12/site-packages/airflow/example_dags/example_python_decorator.py
[2024-09-03T11:35:41.525+0000] {logging_mixin.py:190} INFO - [2024-09-03T11:35:41.525+0000] {dag.py:3211} INFO - Sync 1 DAGs
[2024-09-03T11:35:41.540+0000] {logging_mixin.py:190} INFO - [2024-09-03T11:35:41.539+0000] {dag.py:4138} INFO - Setting next_dagrun for example_python_decorator to None, run_after=None
[2024-09-03T11:35:41.563+0000] {processor.py:208} INFO - Processing /home/airflow/.local/lib/python3.12/site-packages/airflow/example_dags/example_python_decorator.py took 0.089 seconds
[2024-09-03T11:36:12.452+0000] {processor.py:186} INFO - Started process (PID=1162) to work on /home/airflow/.local/lib/python3.12/site-packages/airflow/example_dags/example_python_decorator.py
[2024-09-03T11:36:12.453+0000] {processor.py:914} INFO - Processing file /home/airflow/.local/lib/python3.12/site-packages/airflow/example_dags/example_python_decorator.py for tasks to queue
[2024-09-03T11:36:12.457+0000] {logging_mixin.py:190} INFO - [2024-09-03T11:36:12.456+0000] {dagbag.py:587} INFO - Filling up the DagBag from /home/airflow/.local/lib/python3.12/site-packages/airflow/example_dags/example_python_decorator.py
[2024-09-03T11:36:12.468+0000] {processor.py:925} INFO - DAG(s) 'example_python_decorator' retrieved from /home/airflow/.local/lib/python3.12/site-packages/airflow/example_dags/example_python_decorator.py
[2024-09-03T11:36:12.495+0000] {logging_mixin.py:190} INFO - [2024-09-03T11:36:12.494+0000] {dag.py:3211} INFO - Sync 1 DAGs
[2024-09-03T11:36:12.509+0000] {logging_mixin.py:190} INFO - [2024-09-03T11:36:12.509+0000] {dag.py:4138} INFO - Setting next_dagrun for example_python_decorator to None, run_after=None
[2024-09-03T11:36:12.535+0000] {processor.py:208} INFO - Processing /home/airflow/.local/lib/python3.12/site-packages/airflow/example_dags/example_python_decorator.py took 0.088 seconds
[2024-09-03T11:36:43.491+0000] {processor.py:186} INFO - Started process (PID=1225) to work on /home/airflow/.local/lib/python3.12/site-packages/airflow/example_dags/example_python_decorator.py
[2024-09-03T11:36:43.493+0000] {processor.py:914} INFO - Processing file /home/airflow/.local/lib/python3.12/site-packages/airflow/example_dags/example_python_decorator.py for tasks to queue
[2024-09-03T11:36:43.497+0000] {logging_mixin.py:190} INFO - [2024-09-03T11:36:43.496+0000] {dagbag.py:587} INFO - Filling up the DagBag from /home/airflow/.local/lib/python3.12/site-packages/airflow/example_dags/example_python_decorator.py
[2024-09-03T11:36:43.513+0000] {processor.py:925} INFO - DAG(s) 'example_python_decorator' retrieved from /home/airflow/.local/lib/python3.12/site-packages/airflow/example_dags/example_python_decorator.py
[2024-09-03T11:36:43.552+0000] {logging_mixin.py:190} INFO - [2024-09-03T11:36:43.551+0000] {dag.py:3211} INFO - Sync 1 DAGs
[2024-09-03T11:36:43.575+0000] {logging_mixin.py:190} INFO - [2024-09-03T11:36:43.574+0000] {dag.py:4138} INFO - Setting next_dagrun for example_python_decorator to None, run_after=None
[2024-09-03T11:36:43.611+0000] {processor.py:208} INFO - Processing /home/airflow/.local/lib/python3.12/site-packages/airflow/example_dags/example_python_decorator.py took 0.126 seconds
[2024-09-03T11:37:15.205+0000] {processor.py:186} INFO - Started process (PID=1288) to work on /home/airflow/.local/lib/python3.12/site-packages/airflow/example_dags/example_python_decorator.py
[2024-09-03T11:37:15.209+0000] {processor.py:914} INFO - Processing file /home/airflow/.local/lib/python3.12/site-packages/airflow/example_dags/example_python_decorator.py for tasks to queue
[2024-09-03T11:37:15.215+0000] {logging_mixin.py:190} INFO - [2024-09-03T11:37:15.214+0000] {dagbag.py:587} INFO - Filling up the DagBag from /home/airflow/.local/lib/python3.12/site-packages/airflow/example_dags/example_python_decorator.py
[2024-09-03T11:37:15.240+0000] {processor.py:925} INFO - DAG(s) 'example_python_decorator' retrieved from /home/airflow/.local/lib/python3.12/site-packages/airflow/example_dags/example_python_decorator.py
[2024-09-03T11:37:15.274+0000] {logging_mixin.py:190} INFO - [2024-09-03T11:37:15.273+0000] {dag.py:3211} INFO - Sync 1 DAGs
[2024-09-03T11:37:15.293+0000] {logging_mixin.py:190} INFO - [2024-09-03T11:37:15.292+0000] {dag.py:4138} INFO - Setting next_dagrun for example_python_decorator to None, run_after=None
[2024-09-03T11:37:15.374+0000] {processor.py:208} INFO - Processing /home/airflow/.local/lib/python3.12/site-packages/airflow/example_dags/example_python_decorator.py took 0.182 seconds
[2024-09-03T11:37:45.649+0000] {processor.py:186} INFO - Started process (PID=1350) to work on /home/airflow/.local/lib/python3.12/site-packages/airflow/example_dags/example_python_decorator.py
[2024-09-03T11:37:45.650+0000] {processor.py:914} INFO - Processing file /home/airflow/.local/lib/python3.12/site-packages/airflow/example_dags/example_python_decorator.py for tasks to queue
[2024-09-03T11:37:45.654+0000] {logging_mixin.py:190} INFO - [2024-09-03T11:37:45.653+0000] {dagbag.py:587} INFO - Filling up the DagBag from /home/airflow/.local/lib/python3.12/site-packages/airflow/example_dags/example_python_decorator.py
[2024-09-03T11:37:45.675+0000] {processor.py:925} INFO - DAG(s) 'example_python_decorator' retrieved from /home/airflow/.local/lib/python3.12/site-packages/airflow/example_dags/example_python_decorator.py
[2024-09-03T11:37:45.715+0000] {logging_mixin.py:190} INFO - [2024-09-03T11:37:45.714+0000] {dag.py:3211} INFO - Sync 1 DAGs
[2024-09-03T11:37:45.737+0000] {logging_mixin.py:190} INFO - [2024-09-03T11:37:45.736+0000] {dag.py:4138} INFO - Setting next_dagrun for example_python_decorator to None, run_after=None
[2024-09-03T11:37:45.770+0000] {processor.py:208} INFO - Processing /home/airflow/.local/lib/python3.12/site-packages/airflow/example_dags/example_python_decorator.py took 0.128 seconds
[2024-09-03T11:38:16.678+0000] {processor.py:186} INFO - Started process (PID=1414) to work on /home/airflow/.local/lib/python3.12/site-packages/airflow/example_dags/example_python_decorator.py
[2024-09-03T11:38:16.680+0000] {processor.py:914} INFO - Processing file /home/airflow/.local/lib/python3.12/site-packages/airflow/example_dags/example_python_decorator.py for tasks to queue
[2024-09-03T11:38:16.685+0000] {logging_mixin.py:190} INFO - [2024-09-03T11:38:16.685+0000] {dagbag.py:587} INFO - Filling up the DagBag from /home/airflow/.local/lib/python3.12/site-packages/airflow/example_dags/example_python_decorator.py
[2024-09-03T11:38:16.717+0000] {processor.py:925} INFO - DAG(s) 'example_python_decorator' retrieved from /home/airflow/.local/lib/python3.12/site-packages/airflow/example_dags/example_python_decorator.py
[2024-09-03T11:38:16.763+0000] {logging_mixin.py:190} INFO - [2024-09-03T11:38:16.763+0000] {dag.py:3211} INFO - Sync 1 DAGs
[2024-09-03T11:38:16.788+0000] {logging_mixin.py:190} INFO - [2024-09-03T11:38:16.787+0000] {dag.py:4138} INFO - Setting next_dagrun for example_python_decorator to None, run_after=None
[2024-09-03T11:38:16.825+0000] {processor.py:208} INFO - Processing /home/airflow/.local/lib/python3.12/site-packages/airflow/example_dags/example_python_decorator.py took 0.156 seconds
[2024-09-03T11:38:47.595+0000] {processor.py:186} INFO - Started process (PID=1477) to work on /home/airflow/.local/lib/python3.12/site-packages/airflow/example_dags/example_python_decorator.py
[2024-09-03T11:38:47.597+0000] {processor.py:914} INFO - Processing file /home/airflow/.local/lib/python3.12/site-packages/airflow/example_dags/example_python_decorator.py for tasks to queue
[2024-09-03T11:38:47.602+0000] {logging_mixin.py:190} INFO - [2024-09-03T11:38:47.601+0000] {dagbag.py:587} INFO - Filling up the DagBag from /home/airflow/.local/lib/python3.12/site-packages/airflow/example_dags/example_python_decorator.py
[2024-09-03T11:38:47.626+0000] {processor.py:925} INFO - DAG(s) 'example_python_decorator' retrieved from /home/airflow/.local/lib/python3.12/site-packages/airflow/example_dags/example_python_decorator.py
[2024-09-03T11:38:47.663+0000] {logging_mixin.py:190} INFO - [2024-09-03T11:38:47.662+0000] {dag.py:3211} INFO - Sync 1 DAGs
[2024-09-03T11:38:47.684+0000] {logging_mixin.py:190} INFO - [2024-09-03T11:38:47.683+0000] {dag.py:4138} INFO - Setting next_dagrun for example_python_decorator to None, run_after=None
[2024-09-03T11:38:47.723+0000] {processor.py:208} INFO - Processing /home/airflow/.local/lib/python3.12/site-packages/airflow/example_dags/example_python_decorator.py took 0.137 seconds
[2024-09-03T11:39:18.021+0000] {processor.py:186} INFO - Started process (PID=1540) to work on /home/airflow/.local/lib/python3.12/site-packages/airflow/example_dags/example_python_decorator.py
[2024-09-03T11:39:18.023+0000] {processor.py:914} INFO - Processing file /home/airflow/.local/lib/python3.12/site-packages/airflow/example_dags/example_python_decorator.py for tasks to queue
[2024-09-03T11:39:18.028+0000] {logging_mixin.py:190} INFO - [2024-09-03T11:39:18.027+0000] {dagbag.py:587} INFO - Filling up the DagBag from /home/airflow/.local/lib/python3.12/site-packages/airflow/example_dags/example_python_decorator.py
[2024-09-03T11:39:18.049+0000] {processor.py:925} INFO - DAG(s) 'example_python_decorator' retrieved from /home/airflow/.local/lib/python3.12/site-packages/airflow/example_dags/example_python_decorator.py
[2024-09-03T11:39:18.093+0000] {logging_mixin.py:190} INFO - [2024-09-03T11:39:18.093+0000] {dag.py:3211} INFO - Sync 1 DAGs
[2024-09-03T11:39:18.120+0000] {logging_mixin.py:190} INFO - [2024-09-03T11:39:18.119+0000] {dag.py:4138} INFO - Setting next_dagrun for example_python_decorator to None, run_after=None
[2024-09-03T11:39:18.155+0000] {processor.py:208} INFO - Processing /home/airflow/.local/lib/python3.12/site-packages/airflow/example_dags/example_python_decorator.py took 0.144 seconds
[2024-09-03T11:39:48.415+0000] {processor.py:186} INFO - Started process (PID=1603) to work on /home/airflow/.local/lib/python3.12/site-packages/airflow/example_dags/example_python_decorator.py
[2024-09-03T11:39:48.418+0000] {processor.py:914} INFO - Processing file /home/airflow/.local/lib/python3.12/site-packages/airflow/example_dags/example_python_decorator.py for tasks to queue
[2024-09-03T11:39:48.422+0000] {logging_mixin.py:190} INFO - [2024-09-03T11:39:48.421+0000] {dagbag.py:587} INFO - Filling up the DagBag from /home/airflow/.local/lib/python3.12/site-packages/airflow/example_dags/example_python_decorator.py
[2024-09-03T11:39:48.450+0000] {processor.py:925} INFO - DAG(s) 'example_python_decorator' retrieved from /home/airflow/.local/lib/python3.12/site-packages/airflow/example_dags/example_python_decorator.py
[2024-09-03T11:39:48.502+0000] {logging_mixin.py:190} INFO - [2024-09-03T11:39:48.501+0000] {dag.py:3211} INFO - Sync 1 DAGs
[2024-09-03T11:39:48.533+0000] {logging_mixin.py:190} INFO - [2024-09-03T11:39:48.533+0000] {dag.py:4138} INFO - Setting next_dagrun for example_python_decorator to None, run_after=None
[2024-09-03T11:39:48.582+0000] {processor.py:208} INFO - Processing /home/airflow/.local/lib/python3.12/site-packages/airflow/example_dags/example_python_decorator.py took 0.175 seconds
[2024-09-03T11:40:18.720+0000] {processor.py:186} INFO - Started process (PID=1666) to work on /home/airflow/.local/lib/python3.12/site-packages/airflow/example_dags/example_python_decorator.py
[2024-09-03T11:40:18.721+0000] {processor.py:914} INFO - Processing file /home/airflow/.local/lib/python3.12/site-packages/airflow/example_dags/example_python_decorator.py for tasks to queue
[2024-09-03T11:40:18.725+0000] {logging_mixin.py:190} INFO - [2024-09-03T11:40:18.724+0000] {dagbag.py:587} INFO - Filling up the DagBag from /home/airflow/.local/lib/python3.12/site-packages/airflow/example_dags/example_python_decorator.py
[2024-09-03T11:40:18.747+0000] {processor.py:925} INFO - DAG(s) 'example_python_decorator' retrieved from /home/airflow/.local/lib/python3.12/site-packages/airflow/example_dags/example_python_decorator.py
[2024-09-03T11:40:18.784+0000] {logging_mixin.py:190} INFO - [2024-09-03T11:40:18.784+0000] {dag.py:3211} INFO - Sync 1 DAGs
[2024-09-03T11:40:18.810+0000] {logging_mixin.py:190} INFO - [2024-09-03T11:40:18.810+0000] {dag.py:4138} INFO - Setting next_dagrun for example_python_decorator to None, run_after=None
[2024-09-03T11:40:18.844+0000] {processor.py:208} INFO - Processing /home/airflow/.local/lib/python3.12/site-packages/airflow/example_dags/example_python_decorator.py took 0.133 seconds
[2024-09-03T11:40:49.797+0000] {processor.py:186} INFO - Started process (PID=1730) to work on /home/airflow/.local/lib/python3.12/site-packages/airflow/example_dags/example_python_decorator.py
[2024-09-03T11:40:49.804+0000] {processor.py:914} INFO - Processing file /home/airflow/.local/lib/python3.12/site-packages/airflow/example_dags/example_python_decorator.py for tasks to queue
[2024-09-03T11:40:49.821+0000] {logging_mixin.py:190} INFO - [2024-09-03T11:40:49.812+0000] {dagbag.py:587} INFO - Filling up the DagBag from /home/airflow/.local/lib/python3.12/site-packages/airflow/example_dags/example_python_decorator.py
[2024-09-03T11:40:49.873+0000] {processor.py:925} INFO - DAG(s) 'example_python_decorator' retrieved from /home/airflow/.local/lib/python3.12/site-packages/airflow/example_dags/example_python_decorator.py
[2024-09-03T11:40:49.931+0000] {logging_mixin.py:190} INFO - [2024-09-03T11:40:49.930+0000] {dag.py:3211} INFO - Sync 1 DAGs
[2024-09-03T11:40:49.959+0000] {logging_mixin.py:190} INFO - [2024-09-03T11:40:49.959+0000] {dag.py:4138} INFO - Setting next_dagrun for example_python_decorator to None, run_after=None
[2024-09-03T11:40:50.032+0000] {processor.py:208} INFO - Processing /home/airflow/.local/lib/python3.12/site-packages/airflow/example_dags/example_python_decorator.py took 0.272 seconds
[2024-09-03T11:41:20.223+0000] {processor.py:186} INFO - Started process (PID=1793) to work on /home/airflow/.local/lib/python3.12/site-packages/airflow/example_dags/example_python_decorator.py
[2024-09-03T11:41:20.226+0000] {processor.py:914} INFO - Processing file /home/airflow/.local/lib/python3.12/site-packages/airflow/example_dags/example_python_decorator.py for tasks to queue
[2024-09-03T11:41:20.232+0000] {logging_mixin.py:190} INFO - [2024-09-03T11:41:20.230+0000] {dagbag.py:587} INFO - Filling up the DagBag from /home/airflow/.local/lib/python3.12/site-packages/airflow/example_dags/example_python_decorator.py
[2024-09-03T11:41:20.270+0000] {processor.py:925} INFO - DAG(s) 'example_python_decorator' retrieved from /home/airflow/.local/lib/python3.12/site-packages/airflow/example_dags/example_python_decorator.py
[2024-09-03T11:41:20.317+0000] {logging_mixin.py:190} INFO - [2024-09-03T11:41:20.317+0000] {dag.py:3211} INFO - Sync 1 DAGs
[2024-09-03T11:41:20.342+0000] {logging_mixin.py:190} INFO - [2024-09-03T11:41:20.341+0000] {dag.py:4138} INFO - Setting next_dagrun for example_python_decorator to None, run_after=None
[2024-09-03T11:41:20.394+0000] {processor.py:208} INFO - Processing /home/airflow/.local/lib/python3.12/site-packages/airflow/example_dags/example_python_decorator.py took 0.187 seconds
[2024-09-03T11:41:50.488+0000] {processor.py:186} INFO - Started process (PID=1856) to work on /home/airflow/.local/lib/python3.12/site-packages/airflow/example_dags/example_python_decorator.py
[2024-09-03T11:41:50.491+0000] {processor.py:914} INFO - Processing file /home/airflow/.local/lib/python3.12/site-packages/airflow/example_dags/example_python_decorator.py for tasks to queue
[2024-09-03T11:41:50.494+0000] {logging_mixin.py:190} INFO - [2024-09-03T11:41:50.494+0000] {dagbag.py:587} INFO - Filling up the DagBag from /home/airflow/.local/lib/python3.12/site-packages/airflow/example_dags/example_python_decorator.py
[2024-09-03T11:41:50.518+0000] {processor.py:925} INFO - DAG(s) 'example_python_decorator' retrieved from /home/airflow/.local/lib/python3.12/site-packages/airflow/example_dags/example_python_decorator.py
[2024-09-03T11:41:50.564+0000] {logging_mixin.py:190} INFO - [2024-09-03T11:41:50.563+0000] {dag.py:3211} INFO - Sync 1 DAGs
[2024-09-03T11:41:50.592+0000] {logging_mixin.py:190} INFO - [2024-09-03T11:41:50.592+0000] {dag.py:4138} INFO - Setting next_dagrun for example_python_decorator to None, run_after=None
[2024-09-03T11:41:50.632+0000] {processor.py:208} INFO - Processing /home/airflow/.local/lib/python3.12/site-packages/airflow/example_dags/example_python_decorator.py took 0.154 seconds
[2024-09-03T11:42:21.576+0000] {processor.py:186} INFO - Started process (PID=1919) to work on /home/airflow/.local/lib/python3.12/site-packages/airflow/example_dags/example_python_decorator.py
[2024-09-03T11:42:21.578+0000] {processor.py:914} INFO - Processing file /home/airflow/.local/lib/python3.12/site-packages/airflow/example_dags/example_python_decorator.py for tasks to queue
[2024-09-03T11:42:21.584+0000] {logging_mixin.py:190} INFO - [2024-09-03T11:42:21.583+0000] {dagbag.py:587} INFO - Filling up the DagBag from /home/airflow/.local/lib/python3.12/site-packages/airflow/example_dags/example_python_decorator.py
[2024-09-03T11:42:21.615+0000] {processor.py:925} INFO - DAG(s) 'example_python_decorator' retrieved from /home/airflow/.local/lib/python3.12/site-packages/airflow/example_dags/example_python_decorator.py
[2024-09-03T11:42:21.672+0000] {logging_mixin.py:190} INFO - [2024-09-03T11:42:21.670+0000] {dag.py:3211} INFO - Sync 1 DAGs
[2024-09-03T11:42:21.712+0000] {logging_mixin.py:190} INFO - [2024-09-03T11:42:21.711+0000] {dag.py:4138} INFO - Setting next_dagrun for example_python_decorator to None, run_after=None
[2024-09-03T11:42:21.770+0000] {processor.py:208} INFO - Processing /home/airflow/.local/lib/python3.12/site-packages/airflow/example_dags/example_python_decorator.py took 0.203 seconds
[2024-09-03T11:42:52.438+0000] {processor.py:186} INFO - Started process (PID=1982) to work on /home/airflow/.local/lib/python3.12/site-packages/airflow/example_dags/example_python_decorator.py
[2024-09-03T11:42:52.440+0000] {processor.py:914} INFO - Processing file /home/airflow/.local/lib/python3.12/site-packages/airflow/example_dags/example_python_decorator.py for tasks to queue
[2024-09-03T11:42:52.444+0000] {logging_mixin.py:190} INFO - [2024-09-03T11:42:52.443+0000] {dagbag.py:587} INFO - Filling up the DagBag from /home/airflow/.local/lib/python3.12/site-packages/airflow/example_dags/example_python_decorator.py
[2024-09-03T11:42:52.474+0000] {processor.py:925} INFO - DAG(s) 'example_python_decorator' retrieved from /home/airflow/.local/lib/python3.12/site-packages/airflow/example_dags/example_python_decorator.py
[2024-09-03T11:42:52.527+0000] {logging_mixin.py:190} INFO - [2024-09-03T11:42:52.526+0000] {dag.py:3211} INFO - Sync 1 DAGs
[2024-09-03T11:42:52.563+0000] {logging_mixin.py:190} INFO - [2024-09-03T11:42:52.562+0000] {dag.py:4138} INFO - Setting next_dagrun for example_python_decorator to None, run_after=None
[2024-09-03T11:42:52.623+0000] {processor.py:208} INFO - Processing /home/airflow/.local/lib/python3.12/site-packages/airflow/example_dags/example_python_decorator.py took 0.192 seconds
[2024-09-03T11:43:23.177+0000] {processor.py:186} INFO - Started process (PID=2045) to work on /home/airflow/.local/lib/python3.12/site-packages/airflow/example_dags/example_python_decorator.py
[2024-09-03T11:43:23.180+0000] {processor.py:914} INFO - Processing file /home/airflow/.local/lib/python3.12/site-packages/airflow/example_dags/example_python_decorator.py for tasks to queue
[2024-09-03T11:43:23.185+0000] {logging_mixin.py:190} INFO - [2024-09-03T11:43:23.184+0000] {dagbag.py:587} INFO - Filling up the DagBag from /home/airflow/.local/lib/python3.12/site-packages/airflow/example_dags/example_python_decorator.py
[2024-09-03T11:43:23.215+0000] {processor.py:925} INFO - DAG(s) 'example_python_decorator' retrieved from /home/airflow/.local/lib/python3.12/site-packages/airflow/example_dags/example_python_decorator.py
[2024-09-03T11:43:23.269+0000] {logging_mixin.py:190} INFO - [2024-09-03T11:43:23.267+0000] {dag.py:3211} INFO - Sync 1 DAGs
[2024-09-03T11:43:23.302+0000] {logging_mixin.py:190} INFO - [2024-09-03T11:43:23.301+0000] {dag.py:4138} INFO - Setting next_dagrun for example_python_decorator to None, run_after=None
[2024-09-03T11:43:23.356+0000] {processor.py:208} INFO - Processing /home/airflow/.local/lib/python3.12/site-packages/airflow/example_dags/example_python_decorator.py took 0.190 seconds
[2024-09-03T11:43:53.682+0000] {processor.py:186} INFO - Started process (PID=2108) to work on /home/airflow/.local/lib/python3.12/site-packages/airflow/example_dags/example_python_decorator.py
[2024-09-03T11:43:53.683+0000] {processor.py:914} INFO - Processing file /home/airflow/.local/lib/python3.12/site-packages/airflow/example_dags/example_python_decorator.py for tasks to queue
[2024-09-03T11:43:53.686+0000] {logging_mixin.py:190} INFO - [2024-09-03T11:43:53.686+0000] {dagbag.py:587} INFO - Filling up the DagBag from /home/airflow/.local/lib/python3.12/site-packages/airflow/example_dags/example_python_decorator.py
[2024-09-03T11:43:53.708+0000] {processor.py:925} INFO - DAG(s) 'example_python_decorator' retrieved from /home/airflow/.local/lib/python3.12/site-packages/airflow/example_dags/example_python_decorator.py
[2024-09-03T11:43:53.741+0000] {logging_mixin.py:190} INFO - [2024-09-03T11:43:53.741+0000] {dag.py:3211} INFO - Sync 1 DAGs
[2024-09-03T11:43:53.758+0000] {logging_mixin.py:190} INFO - [2024-09-03T11:43:53.758+0000] {dag.py:4138} INFO - Setting next_dagrun for example_python_decorator to None, run_after=None
[2024-09-03T11:43:53.793+0000] {processor.py:208} INFO - Processing /home/airflow/.local/lib/python3.12/site-packages/airflow/example_dags/example_python_decorator.py took 0.116 seconds
[2024-09-03T11:44:24.003+0000] {processor.py:186} INFO - Started process (PID=2171) to work on /home/airflow/.local/lib/python3.12/site-packages/airflow/example_dags/example_python_decorator.py
[2024-09-03T11:44:24.004+0000] {processor.py:914} INFO - Processing file /home/airflow/.local/lib/python3.12/site-packages/airflow/example_dags/example_python_decorator.py for tasks to queue
[2024-09-03T11:44:24.007+0000] {logging_mixin.py:190} INFO - [2024-09-03T11:44:24.006+0000] {dagbag.py:587} INFO - Filling up the DagBag from /home/airflow/.local/lib/python3.12/site-packages/airflow/example_dags/example_python_decorator.py
[2024-09-03T11:44:24.019+0000] {processor.py:925} INFO - DAG(s) 'example_python_decorator' retrieved from /home/airflow/.local/lib/python3.12/site-packages/airflow/example_dags/example_python_decorator.py
[2024-09-03T11:44:24.048+0000] {logging_mixin.py:190} INFO - [2024-09-03T11:44:24.047+0000] {dag.py:3211} INFO - Sync 1 DAGs
[2024-09-03T11:44:24.068+0000] {logging_mixin.py:190} INFO - [2024-09-03T11:44:24.068+0000] {dag.py:4138} INFO - Setting next_dagrun for example_python_decorator to None, run_after=None
[2024-09-03T11:44:24.099+0000] {processor.py:208} INFO - Processing /home/airflow/.local/lib/python3.12/site-packages/airflow/example_dags/example_python_decorator.py took 0.102 seconds
[2024-09-03T11:44:54.238+0000] {processor.py:186} INFO - Started process (PID=2234) to work on /home/airflow/.local/lib/python3.12/site-packages/airflow/example_dags/example_python_decorator.py
[2024-09-03T11:44:54.239+0000] {processor.py:914} INFO - Processing file /home/airflow/.local/lib/python3.12/site-packages/airflow/example_dags/example_python_decorator.py for tasks to queue
[2024-09-03T11:44:54.242+0000] {logging_mixin.py:190} INFO - [2024-09-03T11:44:54.242+0000] {dagbag.py:587} INFO - Filling up the DagBag from /home/airflow/.local/lib/python3.12/site-packages/airflow/example_dags/example_python_decorator.py
[2024-09-03T11:44:54.257+0000] {processor.py:925} INFO - DAG(s) 'example_python_decorator' retrieved from /home/airflow/.local/lib/python3.12/site-packages/airflow/example_dags/example_python_decorator.py
[2024-09-03T11:44:54.284+0000] {logging_mixin.py:190} INFO - [2024-09-03T11:44:54.283+0000] {dag.py:3211} INFO - Sync 1 DAGs
[2024-09-03T11:44:54.300+0000] {logging_mixin.py:190} INFO - [2024-09-03T11:44:54.300+0000] {dag.py:4138} INFO - Setting next_dagrun for example_python_decorator to None, run_after=None
[2024-09-03T11:44:54.326+0000] {processor.py:208} INFO - Processing /home/airflow/.local/lib/python3.12/site-packages/airflow/example_dags/example_python_decorator.py took 0.095 seconds
[2024-09-03T11:45:24.495+0000] {processor.py:186} INFO - Started process (PID=2297) to work on /home/airflow/.local/lib/python3.12/site-packages/airflow/example_dags/example_python_decorator.py
[2024-09-03T11:45:24.497+0000] {processor.py:914} INFO - Processing file /home/airflow/.local/lib/python3.12/site-packages/airflow/example_dags/example_python_decorator.py for tasks to queue
[2024-09-03T11:45:24.500+0000] {logging_mixin.py:190} INFO - [2024-09-03T11:45:24.499+0000] {dagbag.py:587} INFO - Filling up the DagBag from /home/airflow/.local/lib/python3.12/site-packages/airflow/example_dags/example_python_decorator.py
[2024-09-03T11:45:24.515+0000] {processor.py:925} INFO - DAG(s) 'example_python_decorator' retrieved from /home/airflow/.local/lib/python3.12/site-packages/airflow/example_dags/example_python_decorator.py
[2024-09-03T11:45:24.548+0000] {logging_mixin.py:190} INFO - [2024-09-03T11:45:24.547+0000] {dag.py:3211} INFO - Sync 1 DAGs
[2024-09-03T11:45:24.564+0000] {logging_mixin.py:190} INFO - [2024-09-03T11:45:24.563+0000] {dag.py:4138} INFO - Setting next_dagrun for example_python_decorator to None, run_after=None
[2024-09-03T11:45:24.592+0000] {processor.py:208} INFO - Processing /home/airflow/.local/lib/python3.12/site-packages/airflow/example_dags/example_python_decorator.py took 0.103 seconds
[2024-09-03T11:45:54.684+0000] {processor.py:186} INFO - Started process (PID=2360) to work on /home/airflow/.local/lib/python3.12/site-packages/airflow/example_dags/example_python_decorator.py
[2024-09-03T11:45:54.686+0000] {processor.py:914} INFO - Processing file /home/airflow/.local/lib/python3.12/site-packages/airflow/example_dags/example_python_decorator.py for tasks to queue
[2024-09-03T11:45:54.690+0000] {logging_mixin.py:190} INFO - [2024-09-03T11:45:54.690+0000] {dagbag.py:587} INFO - Filling up the DagBag from /home/airflow/.local/lib/python3.12/site-packages/airflow/example_dags/example_python_decorator.py
[2024-09-03T11:45:54.707+0000] {processor.py:925} INFO - DAG(s) 'example_python_decorator' retrieved from /home/airflow/.local/lib/python3.12/site-packages/airflow/example_dags/example_python_decorator.py
[2024-09-03T11:45:54.734+0000] {logging_mixin.py:190} INFO - [2024-09-03T11:45:54.733+0000] {dag.py:3211} INFO - Sync 1 DAGs
[2024-09-03T11:45:54.753+0000] {logging_mixin.py:190} INFO - [2024-09-03T11:45:54.752+0000] {dag.py:4138} INFO - Setting next_dagrun for example_python_decorator to None, run_after=None
[2024-09-03T11:45:54.783+0000] {processor.py:208} INFO - Processing /home/airflow/.local/lib/python3.12/site-packages/airflow/example_dags/example_python_decorator.py took 0.107 seconds
[2024-09-03T11:46:25.096+0000] {processor.py:186} INFO - Started process (PID=2423) to work on /home/airflow/.local/lib/python3.12/site-packages/airflow/example_dags/example_python_decorator.py
[2024-09-03T11:46:25.097+0000] {processor.py:914} INFO - Processing file /home/airflow/.local/lib/python3.12/site-packages/airflow/example_dags/example_python_decorator.py for tasks to queue
[2024-09-03T11:46:25.101+0000] {logging_mixin.py:190} INFO - [2024-09-03T11:46:25.100+0000] {dagbag.py:587} INFO - Filling up the DagBag from /home/airflow/.local/lib/python3.12/site-packages/airflow/example_dags/example_python_decorator.py
[2024-09-03T11:46:25.115+0000] {processor.py:925} INFO - DAG(s) 'example_python_decorator' retrieved from /home/airflow/.local/lib/python3.12/site-packages/airflow/example_dags/example_python_decorator.py
[2024-09-03T11:46:25.143+0000] {logging_mixin.py:190} INFO - [2024-09-03T11:46:25.143+0000] {dag.py:3211} INFO - Sync 1 DAGs
[2024-09-03T11:46:25.159+0000] {logging_mixin.py:190} INFO - [2024-09-03T11:46:25.159+0000] {dag.py:4138} INFO - Setting next_dagrun for example_python_decorator to None, run_after=None
[2024-09-03T11:46:25.189+0000] {processor.py:208} INFO - Processing /home/airflow/.local/lib/python3.12/site-packages/airflow/example_dags/example_python_decorator.py took 0.098 seconds
[2024-09-03T11:46:56.158+0000] {processor.py:186} INFO - Started process (PID=2487) to work on /home/airflow/.local/lib/python3.12/site-packages/airflow/example_dags/example_python_decorator.py
[2024-09-03T11:46:56.161+0000] {processor.py:914} INFO - Processing file /home/airflow/.local/lib/python3.12/site-packages/airflow/example_dags/example_python_decorator.py for tasks to queue
[2024-09-03T11:46:56.165+0000] {logging_mixin.py:190} INFO - [2024-09-03T11:46:56.164+0000] {dagbag.py:587} INFO - Filling up the DagBag from /home/airflow/.local/lib/python3.12/site-packages/airflow/example_dags/example_python_decorator.py
[2024-09-03T11:46:56.184+0000] {processor.py:925} INFO - DAG(s) 'example_python_decorator' retrieved from /home/airflow/.local/lib/python3.12/site-packages/airflow/example_dags/example_python_decorator.py
[2024-09-03T11:46:56.226+0000] {logging_mixin.py:190} INFO - [2024-09-03T11:46:56.225+0000] {dag.py:3211} INFO - Sync 1 DAGs
[2024-09-03T11:46:56.249+0000] {logging_mixin.py:190} INFO - [2024-09-03T11:46:56.249+0000] {dag.py:4138} INFO - Setting next_dagrun for example_python_decorator to None, run_after=None
[2024-09-03T11:46:56.287+0000] {processor.py:208} INFO - Processing /home/airflow/.local/lib/python3.12/site-packages/airflow/example_dags/example_python_decorator.py took 0.135 seconds
[2024-09-03T11:47:27.397+0000] {processor.py:186} INFO - Started process (PID=2550) to work on /home/airflow/.local/lib/python3.12/site-packages/airflow/example_dags/example_python_decorator.py
[2024-09-03T11:47:27.400+0000] {processor.py:914} INFO - Processing file /home/airflow/.local/lib/python3.12/site-packages/airflow/example_dags/example_python_decorator.py for tasks to queue
[2024-09-03T11:47:27.407+0000] {logging_mixin.py:190} INFO - [2024-09-03T11:47:27.405+0000] {dagbag.py:587} INFO - Filling up the DagBag from /home/airflow/.local/lib/python3.12/site-packages/airflow/example_dags/example_python_decorator.py
[2024-09-03T11:47:27.435+0000] {processor.py:925} INFO - DAG(s) 'example_python_decorator' retrieved from /home/airflow/.local/lib/python3.12/site-packages/airflow/example_dags/example_python_decorator.py
[2024-09-03T11:47:27.487+0000] {logging_mixin.py:190} INFO - [2024-09-03T11:47:27.486+0000] {dag.py:3211} INFO - Sync 1 DAGs
[2024-09-03T11:47:27.518+0000] {logging_mixin.py:190} INFO - [2024-09-03T11:47:27.517+0000] {dag.py:4138} INFO - Setting next_dagrun for example_python_decorator to None, run_after=None
[2024-09-03T11:47:27.568+0000] {processor.py:208} INFO - Processing /home/airflow/.local/lib/python3.12/site-packages/airflow/example_dags/example_python_decorator.py took 0.181 seconds
[2024-09-03T11:47:58.536+0000] {processor.py:186} INFO - Started process (PID=2613) to work on /home/airflow/.local/lib/python3.12/site-packages/airflow/example_dags/example_python_decorator.py
[2024-09-03T11:47:58.545+0000] {processor.py:914} INFO - Processing file /home/airflow/.local/lib/python3.12/site-packages/airflow/example_dags/example_python_decorator.py for tasks to queue
[2024-09-03T11:47:58.551+0000] {logging_mixin.py:190} INFO - [2024-09-03T11:47:58.550+0000] {dagbag.py:587} INFO - Filling up the DagBag from /home/airflow/.local/lib/python3.12/site-packages/airflow/example_dags/example_python_decorator.py
[2024-09-03T11:47:58.599+0000] {processor.py:925} INFO - DAG(s) 'example_python_decorator' retrieved from /home/airflow/.local/lib/python3.12/site-packages/airflow/example_dags/example_python_decorator.py
[2024-09-03T11:47:58.654+0000] {logging_mixin.py:190} INFO - [2024-09-03T11:47:58.653+0000] {dag.py:3211} INFO - Sync 1 DAGs
[2024-09-03T11:47:58.687+0000] {logging_mixin.py:190} INFO - [2024-09-03T11:47:58.686+0000] {dag.py:4138} INFO - Setting next_dagrun for example_python_decorator to None, run_after=None
[2024-09-03T11:47:58.740+0000] {processor.py:208} INFO - Processing /home/airflow/.local/lib/python3.12/site-packages/airflow/example_dags/example_python_decorator.py took 0.218 seconds
[2024-09-03T11:48:28.925+0000] {processor.py:186} INFO - Started process (PID=2676) to work on /home/airflow/.local/lib/python3.12/site-packages/airflow/example_dags/example_python_decorator.py
[2024-09-03T11:48:28.927+0000] {processor.py:914} INFO - Processing file /home/airflow/.local/lib/python3.12/site-packages/airflow/example_dags/example_python_decorator.py for tasks to queue
[2024-09-03T11:48:28.931+0000] {logging_mixin.py:190} INFO - [2024-09-03T11:48:28.931+0000] {dagbag.py:587} INFO - Filling up the DagBag from /home/airflow/.local/lib/python3.12/site-packages/airflow/example_dags/example_python_decorator.py
[2024-09-03T11:48:28.953+0000] {processor.py:925} INFO - DAG(s) 'example_python_decorator' retrieved from /home/airflow/.local/lib/python3.12/site-packages/airflow/example_dags/example_python_decorator.py
[2024-09-03T11:48:28.992+0000] {logging_mixin.py:190} INFO - [2024-09-03T11:48:28.992+0000] {dag.py:3211} INFO - Sync 1 DAGs
[2024-09-03T11:48:29.018+0000] {logging_mixin.py:190} INFO - [2024-09-03T11:48:29.018+0000] {dag.py:4138} INFO - Setting next_dagrun for example_python_decorator to None, run_after=None
[2024-09-03T11:48:29.059+0000] {processor.py:208} INFO - Processing /home/airflow/.local/lib/python3.12/site-packages/airflow/example_dags/example_python_decorator.py took 0.140 seconds
[2024-09-03T11:48:59.381+0000] {processor.py:186} INFO - Started process (PID=2739) to work on /home/airflow/.local/lib/python3.12/site-packages/airflow/example_dags/example_python_decorator.py
[2024-09-03T11:48:59.384+0000] {processor.py:914} INFO - Processing file /home/airflow/.local/lib/python3.12/site-packages/airflow/example_dags/example_python_decorator.py for tasks to queue
[2024-09-03T11:48:59.393+0000] {logging_mixin.py:190} INFO - [2024-09-03T11:48:59.392+0000] {dagbag.py:587} INFO - Filling up the DagBag from /home/airflow/.local/lib/python3.12/site-packages/airflow/example_dags/example_python_decorator.py
[2024-09-03T11:48:59.431+0000] {processor.py:925} INFO - DAG(s) 'example_python_decorator' retrieved from /home/airflow/.local/lib/python3.12/site-packages/airflow/example_dags/example_python_decorator.py
[2024-09-03T11:48:59.505+0000] {logging_mixin.py:190} INFO - [2024-09-03T11:48:59.504+0000] {dag.py:3211} INFO - Sync 1 DAGs
[2024-09-03T11:48:59.544+0000] {logging_mixin.py:190} INFO - [2024-09-03T11:48:59.543+0000] {dag.py:4138} INFO - Setting next_dagrun for example_python_decorator to None, run_after=None
[2024-09-03T11:48:59.615+0000] {processor.py:208} INFO - Processing /home/airflow/.local/lib/python3.12/site-packages/airflow/example_dags/example_python_decorator.py took 0.244 seconds
[2024-09-03T11:49:30.543+0000] {processor.py:186} INFO - Started process (PID=2802) to work on /home/airflow/.local/lib/python3.12/site-packages/airflow/example_dags/example_python_decorator.py
[2024-09-03T11:49:30.544+0000] {processor.py:914} INFO - Processing file /home/airflow/.local/lib/python3.12/site-packages/airflow/example_dags/example_python_decorator.py for tasks to queue
[2024-09-03T11:49:30.549+0000] {logging_mixin.py:190} INFO - [2024-09-03T11:49:30.548+0000] {dagbag.py:587} INFO - Filling up the DagBag from /home/airflow/.local/lib/python3.12/site-packages/airflow/example_dags/example_python_decorator.py
[2024-09-03T11:49:30.578+0000] {processor.py:925} INFO - DAG(s) 'example_python_decorator' retrieved from /home/airflow/.local/lib/python3.12/site-packages/airflow/example_dags/example_python_decorator.py
[2024-09-03T11:49:30.615+0000] {logging_mixin.py:190} INFO - [2024-09-03T11:49:30.614+0000] {dag.py:3211} INFO - Sync 1 DAGs
[2024-09-03T11:49:30.654+0000] {logging_mixin.py:190} INFO - [2024-09-03T11:49:30.653+0000] {dag.py:4138} INFO - Setting next_dagrun for example_python_decorator to None, run_after=None
[2024-09-03T11:49:30.709+0000] {processor.py:208} INFO - Processing /home/airflow/.local/lib/python3.12/site-packages/airflow/example_dags/example_python_decorator.py took 0.175 seconds
[2024-09-03T11:50:01.129+0000] {processor.py:186} INFO - Started process (PID=2865) to work on /home/airflow/.local/lib/python3.12/site-packages/airflow/example_dags/example_python_decorator.py
[2024-09-03T11:50:01.131+0000] {processor.py:914} INFO - Processing file /home/airflow/.local/lib/python3.12/site-packages/airflow/example_dags/example_python_decorator.py for tasks to queue
[2024-09-03T11:50:01.138+0000] {logging_mixin.py:190} INFO - [2024-09-03T11:50:01.138+0000] {dagbag.py:587} INFO - Filling up the DagBag from /home/airflow/.local/lib/python3.12/site-packages/airflow/example_dags/example_python_decorator.py
[2024-09-03T11:50:01.169+0000] {processor.py:925} INFO - DAG(s) 'example_python_decorator' retrieved from /home/airflow/.local/lib/python3.12/site-packages/airflow/example_dags/example_python_decorator.py
[2024-09-03T11:50:01.251+0000] {logging_mixin.py:190} INFO - [2024-09-03T11:50:01.250+0000] {dag.py:3211} INFO - Sync 1 DAGs
[2024-09-03T11:50:01.306+0000] {logging_mixin.py:190} INFO - [2024-09-03T11:50:01.306+0000] {dag.py:4138} INFO - Setting next_dagrun for example_python_decorator to None, run_after=None
[2024-09-03T11:50:01.368+0000] {processor.py:208} INFO - Processing /home/airflow/.local/lib/python3.12/site-packages/airflow/example_dags/example_python_decorator.py took 0.250 seconds
