[2024-09-03T11:27:31.528+0000] {processor.py:186} INFO - Started process (PID=76) to work on /home/airflow/.local/lib/python3.12/site-packages/airflow/example_dags/example_sla_dag.py
[2024-09-03T11:27:31.530+0000] {processor.py:914} INFO - Processing file /home/airflow/.local/lib/python3.12/site-packages/airflow/example_dags/example_sla_dag.py for tasks to queue
[2024-09-03T11:27:31.534+0000] {logging_mixin.py:190} INFO - [2024-09-03T11:27:31.533+0000] {dagbag.py:587} INFO - Filling up the DagBag from /home/airflow/.local/lib/python3.12/site-packages/airflow/example_dags/example_sla_dag.py
[2024-09-03T11:27:31.562+0000] {processor.py:925} INFO - DAG(s) 'example_sla_dag' retrieved from /home/airflow/.local/lib/python3.12/site-packages/airflow/example_dags/example_sla_dag.py
[2024-09-03T11:27:31.647+0000] {logging_mixin.py:190} INFO - [2024-09-03T11:27:31.647+0000] {dag.py:3211} INFO - Sync 1 DAGs
[2024-09-03T11:27:31.712+0000] {logging_mixin.py:190} INFO - [2024-09-03T11:27:31.711+0000] {dag.py:4138} INFO - Setting next_dagrun for example_sla_dag to 2024-09-03 11:24:00+00:00, run_after=2024-09-03 11:26:00+00:00
[2024-09-03T11:27:31.759+0000] {processor.py:208} INFO - Processing /home/airflow/.local/lib/python3.12/site-packages/airflow/example_dags/example_sla_dag.py took 0.245 seconds
[2024-09-03T11:28:02.247+0000] {processor.py:186} INFO - Started process (PID=139) to work on /home/airflow/.local/lib/python3.12/site-packages/airflow/example_dags/example_sla_dag.py
[2024-09-03T11:28:02.248+0000] {processor.py:914} INFO - Processing file /home/airflow/.local/lib/python3.12/site-packages/airflow/example_dags/example_sla_dag.py for tasks to queue
[2024-09-03T11:28:02.251+0000] {logging_mixin.py:190} INFO - [2024-09-03T11:28:02.251+0000] {dagbag.py:587} INFO - Filling up the DagBag from /home/airflow/.local/lib/python3.12/site-packages/airflow/example_dags/example_sla_dag.py
[2024-09-03T11:28:02.261+0000] {processor.py:925} INFO - DAG(s) 'example_sla_dag' retrieved from /home/airflow/.local/lib/python3.12/site-packages/airflow/example_dags/example_sla_dag.py
[2024-09-03T11:28:02.292+0000] {logging_mixin.py:190} INFO - [2024-09-03T11:28:02.291+0000] {dag.py:3211} INFO - Sync 1 DAGs
[2024-09-03T11:28:02.345+0000] {logging_mixin.py:190} INFO - [2024-09-03T11:28:02.344+0000] {dag.py:4138} INFO - Setting next_dagrun for example_sla_dag to 2024-09-03 11:26:00+00:00, run_after=2024-09-03 11:28:00+00:00
[2024-09-03T11:28:02.377+0000] {processor.py:208} INFO - Processing /home/airflow/.local/lib/python3.12/site-packages/airflow/example_dags/example_sla_dag.py took 0.136 seconds
[2024-09-03T11:28:32.843+0000] {processor.py:186} INFO - Started process (PID=210) to work on /home/airflow/.local/lib/python3.12/site-packages/airflow/example_dags/example_sla_dag.py
[2024-09-03T11:28:32.844+0000] {processor.py:914} INFO - Processing file /home/airflow/.local/lib/python3.12/site-packages/airflow/example_dags/example_sla_dag.py for tasks to queue
[2024-09-03T11:28:32.847+0000] {logging_mixin.py:190} INFO - [2024-09-03T11:28:32.846+0000] {dagbag.py:587} INFO - Filling up the DagBag from /home/airflow/.local/lib/python3.12/site-packages/airflow/example_dags/example_sla_dag.py
[2024-09-03T11:28:32.857+0000] {processor.py:925} INFO - DAG(s) 'example_sla_dag' retrieved from /home/airflow/.local/lib/python3.12/site-packages/airflow/example_dags/example_sla_dag.py
[2024-09-03T11:28:32.880+0000] {logging_mixin.py:190} INFO - [2024-09-03T11:28:32.880+0000] {dag.py:3211} INFO - Sync 1 DAGs
[2024-09-03T11:28:32.909+0000] {logging_mixin.py:190} INFO - [2024-09-03T11:28:32.909+0000] {dag.py:4138} INFO - Setting next_dagrun for example_sla_dag to 2024-09-03 11:26:00+00:00, run_after=2024-09-03 11:28:00+00:00
[2024-09-03T11:28:32.936+0000] {processor.py:208} INFO - Processing /home/airflow/.local/lib/python3.12/site-packages/airflow/example_dags/example_sla_dag.py took 0.098 seconds
[2024-09-03T11:29:03.198+0000] {processor.py:186} INFO - Started process (PID=273) to work on /home/airflow/.local/lib/python3.12/site-packages/airflow/example_dags/example_sla_dag.py
[2024-09-03T11:29:03.200+0000] {processor.py:914} INFO - Processing file /home/airflow/.local/lib/python3.12/site-packages/airflow/example_dags/example_sla_dag.py for tasks to queue
[2024-09-03T11:29:03.203+0000] {logging_mixin.py:190} INFO - [2024-09-03T11:29:03.203+0000] {dagbag.py:587} INFO - Filling up the DagBag from /home/airflow/.local/lib/python3.12/site-packages/airflow/example_dags/example_sla_dag.py
[2024-09-03T11:29:03.214+0000] {processor.py:925} INFO - DAG(s) 'example_sla_dag' retrieved from /home/airflow/.local/lib/python3.12/site-packages/airflow/example_dags/example_sla_dag.py
[2024-09-03T11:29:03.239+0000] {logging_mixin.py:190} INFO - [2024-09-03T11:29:03.239+0000] {dag.py:3211} INFO - Sync 1 DAGs
[2024-09-03T11:29:03.272+0000] {logging_mixin.py:190} INFO - [2024-09-03T11:29:03.272+0000] {dag.py:4138} INFO - Setting next_dagrun for example_sla_dag to 2024-09-03 11:26:00+00:00, run_after=2024-09-03 11:28:00+00:00
[2024-09-03T11:29:03.297+0000] {processor.py:208} INFO - Processing /home/airflow/.local/lib/python3.12/site-packages/airflow/example_dags/example_sla_dag.py took 0.106 seconds
[2024-09-03T11:29:33.948+0000] {processor.py:186} INFO - Started process (PID=336) to work on /home/airflow/.local/lib/python3.12/site-packages/airflow/example_dags/example_sla_dag.py
[2024-09-03T11:29:33.949+0000] {processor.py:914} INFO - Processing file /home/airflow/.local/lib/python3.12/site-packages/airflow/example_dags/example_sla_dag.py for tasks to queue
[2024-09-03T11:29:33.952+0000] {logging_mixin.py:190} INFO - [2024-09-03T11:29:33.952+0000] {dagbag.py:587} INFO - Filling up the DagBag from /home/airflow/.local/lib/python3.12/site-packages/airflow/example_dags/example_sla_dag.py
[2024-09-03T11:29:33.964+0000] {processor.py:925} INFO - DAG(s) 'example_sla_dag' retrieved from /home/airflow/.local/lib/python3.12/site-packages/airflow/example_dags/example_sla_dag.py
[2024-09-03T11:29:33.995+0000] {logging_mixin.py:190} INFO - [2024-09-03T11:29:33.994+0000] {dag.py:3211} INFO - Sync 1 DAGs
[2024-09-03T11:29:34.027+0000] {logging_mixin.py:190} INFO - [2024-09-03T11:29:34.027+0000] {dag.py:4138} INFO - Setting next_dagrun for example_sla_dag to 2024-09-03 11:26:00+00:00, run_after=2024-09-03 11:28:00+00:00
[2024-09-03T11:29:34.053+0000] {processor.py:208} INFO - Processing /home/airflow/.local/lib/python3.12/site-packages/airflow/example_dags/example_sla_dag.py took 0.112 seconds
[2024-09-03T11:30:04.702+0000] {processor.py:186} INFO - Started process (PID=399) to work on /home/airflow/.local/lib/python3.12/site-packages/airflow/example_dags/example_sla_dag.py
[2024-09-03T11:30:04.703+0000] {processor.py:914} INFO - Processing file /home/airflow/.local/lib/python3.12/site-packages/airflow/example_dags/example_sla_dag.py for tasks to queue
[2024-09-03T11:30:04.707+0000] {logging_mixin.py:190} INFO - [2024-09-03T11:30:04.706+0000] {dagbag.py:587} INFO - Filling up the DagBag from /home/airflow/.local/lib/python3.12/site-packages/airflow/example_dags/example_sla_dag.py
[2024-09-03T11:30:04.718+0000] {processor.py:925} INFO - DAG(s) 'example_sla_dag' retrieved from /home/airflow/.local/lib/python3.12/site-packages/airflow/example_dags/example_sla_dag.py
[2024-09-03T11:30:04.746+0000] {logging_mixin.py:190} INFO - [2024-09-03T11:30:04.746+0000] {dag.py:3211} INFO - Sync 1 DAGs
[2024-09-03T11:30:04.774+0000] {logging_mixin.py:190} INFO - [2024-09-03T11:30:04.773+0000] {dag.py:4138} INFO - Setting next_dagrun for example_sla_dag to 2024-09-03 11:28:00+00:00, run_after=2024-09-03 11:30:00+00:00
[2024-09-03T11:30:04.799+0000] {processor.py:208} INFO - Processing /home/airflow/.local/lib/python3.12/site-packages/airflow/example_dags/example_sla_dag.py took 0.104 seconds
[2024-09-03T11:30:35.069+0000] {processor.py:186} INFO - Started process (PID=462) to work on /home/airflow/.local/lib/python3.12/site-packages/airflow/example_dags/example_sla_dag.py
[2024-09-03T11:30:35.071+0000] {processor.py:914} INFO - Processing file /home/airflow/.local/lib/python3.12/site-packages/airflow/example_dags/example_sla_dag.py for tasks to queue
[2024-09-03T11:30:35.074+0000] {logging_mixin.py:190} INFO - [2024-09-03T11:30:35.073+0000] {dagbag.py:587} INFO - Filling up the DagBag from /home/airflow/.local/lib/python3.12/site-packages/airflow/example_dags/example_sla_dag.py
[2024-09-03T11:30:35.103+0000] {processor.py:925} INFO - DAG(s) 'example_sla_dag' retrieved from /home/airflow/.local/lib/python3.12/site-packages/airflow/example_dags/example_sla_dag.py
[2024-09-03T11:30:35.147+0000] {logging_mixin.py:190} INFO - [2024-09-03T11:30:35.146+0000] {dag.py:3211} INFO - Sync 1 DAGs
[2024-09-03T11:30:35.180+0000] {logging_mixin.py:190} INFO - [2024-09-03T11:30:35.180+0000] {dag.py:4138} INFO - Setting next_dagrun for example_sla_dag to 2024-09-03 11:28:00+00:00, run_after=2024-09-03 11:30:00+00:00
[2024-09-03T11:30:35.205+0000] {processor.py:208} INFO - Processing /home/airflow/.local/lib/python3.12/site-packages/airflow/example_dags/example_sla_dag.py took 0.145 seconds
[2024-09-03T11:31:05.398+0000] {processor.py:186} INFO - Started process (PID=526) to work on /home/airflow/.local/lib/python3.12/site-packages/airflow/example_dags/example_sla_dag.py
[2024-09-03T11:31:05.401+0000] {processor.py:914} INFO - Processing file /home/airflow/.local/lib/python3.12/site-packages/airflow/example_dags/example_sla_dag.py for tasks to queue
[2024-09-03T11:31:05.404+0000] {logging_mixin.py:190} INFO - [2024-09-03T11:31:05.404+0000] {dagbag.py:587} INFO - Filling up the DagBag from /home/airflow/.local/lib/python3.12/site-packages/airflow/example_dags/example_sla_dag.py
[2024-09-03T11:31:05.416+0000] {processor.py:925} INFO - DAG(s) 'example_sla_dag' retrieved from /home/airflow/.local/lib/python3.12/site-packages/airflow/example_dags/example_sla_dag.py
[2024-09-03T11:31:05.443+0000] {logging_mixin.py:190} INFO - [2024-09-03T11:31:05.443+0000] {dag.py:3211} INFO - Sync 1 DAGs
[2024-09-03T11:31:05.480+0000] {logging_mixin.py:190} INFO - [2024-09-03T11:31:05.479+0000] {dag.py:4138} INFO - Setting next_dagrun for example_sla_dag to 2024-09-03 11:28:00+00:00, run_after=2024-09-03 11:30:00+00:00
[2024-09-03T11:31:05.509+0000] {processor.py:208} INFO - Processing /home/airflow/.local/lib/python3.12/site-packages/airflow/example_dags/example_sla_dag.py took 0.117 seconds
[2024-09-03T11:31:35.716+0000] {processor.py:186} INFO - Started process (PID=589) to work on /home/airflow/.local/lib/python3.12/site-packages/airflow/example_dags/example_sla_dag.py
[2024-09-03T11:31:35.717+0000] {processor.py:914} INFO - Processing file /home/airflow/.local/lib/python3.12/site-packages/airflow/example_dags/example_sla_dag.py for tasks to queue
[2024-09-03T11:31:35.720+0000] {logging_mixin.py:190} INFO - [2024-09-03T11:31:35.720+0000] {dagbag.py:587} INFO - Filling up the DagBag from /home/airflow/.local/lib/python3.12/site-packages/airflow/example_dags/example_sla_dag.py
[2024-09-03T11:31:35.731+0000] {processor.py:925} INFO - DAG(s) 'example_sla_dag' retrieved from /home/airflow/.local/lib/python3.12/site-packages/airflow/example_dags/example_sla_dag.py
[2024-09-03T11:31:35.756+0000] {logging_mixin.py:190} INFO - [2024-09-03T11:31:35.755+0000] {dag.py:3211} INFO - Sync 1 DAGs
[2024-09-03T11:31:35.792+0000] {logging_mixin.py:190} INFO - [2024-09-03T11:31:35.791+0000] {dag.py:4138} INFO - Setting next_dagrun for example_sla_dag to 2024-09-03 11:28:00+00:00, run_after=2024-09-03 11:30:00+00:00
[2024-09-03T11:31:35.828+0000] {processor.py:208} INFO - Processing /home/airflow/.local/lib/python3.12/site-packages/airflow/example_dags/example_sla_dag.py took 0.117 seconds
[2024-09-03T11:32:06.155+0000] {processor.py:186} INFO - Started process (PID=652) to work on /home/airflow/.local/lib/python3.12/site-packages/airflow/example_dags/example_sla_dag.py
[2024-09-03T11:32:06.156+0000] {processor.py:914} INFO - Processing file /home/airflow/.local/lib/python3.12/site-packages/airflow/example_dags/example_sla_dag.py for tasks to queue
[2024-09-03T11:32:06.159+0000] {logging_mixin.py:190} INFO - [2024-09-03T11:32:06.158+0000] {dagbag.py:587} INFO - Filling up the DagBag from /home/airflow/.local/lib/python3.12/site-packages/airflow/example_dags/example_sla_dag.py
[2024-09-03T11:32:06.168+0000] {processor.py:925} INFO - DAG(s) 'example_sla_dag' retrieved from /home/airflow/.local/lib/python3.12/site-packages/airflow/example_dags/example_sla_dag.py
[2024-09-03T11:32:06.189+0000] {logging_mixin.py:190} INFO - [2024-09-03T11:32:06.189+0000] {dag.py:3211} INFO - Sync 1 DAGs
[2024-09-03T11:32:06.218+0000] {logging_mixin.py:190} INFO - [2024-09-03T11:32:06.218+0000] {dag.py:4138} INFO - Setting next_dagrun for example_sla_dag to 2024-09-03 11:30:00+00:00, run_after=2024-09-03 11:32:00+00:00
[2024-09-03T11:32:06.244+0000] {processor.py:208} INFO - Processing /home/airflow/.local/lib/python3.12/site-packages/airflow/example_dags/example_sla_dag.py took 0.095 seconds
[2024-09-03T11:32:37.228+0000] {processor.py:186} INFO - Started process (PID=715) to work on /home/airflow/.local/lib/python3.12/site-packages/airflow/example_dags/example_sla_dag.py
[2024-09-03T11:32:37.230+0000] {processor.py:914} INFO - Processing file /home/airflow/.local/lib/python3.12/site-packages/airflow/example_dags/example_sla_dag.py for tasks to queue
[2024-09-03T11:32:37.233+0000] {logging_mixin.py:190} INFO - [2024-09-03T11:32:37.232+0000] {dagbag.py:587} INFO - Filling up the DagBag from /home/airflow/.local/lib/python3.12/site-packages/airflow/example_dags/example_sla_dag.py
[2024-09-03T11:32:37.246+0000] {processor.py:925} INFO - DAG(s) 'example_sla_dag' retrieved from /home/airflow/.local/lib/python3.12/site-packages/airflow/example_dags/example_sla_dag.py
[2024-09-03T11:32:37.277+0000] {logging_mixin.py:190} INFO - [2024-09-03T11:32:37.277+0000] {dag.py:3211} INFO - Sync 1 DAGs
[2024-09-03T11:32:37.315+0000] {logging_mixin.py:190} INFO - [2024-09-03T11:32:37.315+0000] {dag.py:4138} INFO - Setting next_dagrun for example_sla_dag to 2024-09-03 11:30:00+00:00, run_after=2024-09-03 11:32:00+00:00
[2024-09-03T11:32:37.348+0000] {processor.py:208} INFO - Processing /home/airflow/.local/lib/python3.12/site-packages/airflow/example_dags/example_sla_dag.py took 0.128 seconds
[2024-09-03T11:33:08.236+0000] {processor.py:186} INFO - Started process (PID=778) to work on /home/airflow/.local/lib/python3.12/site-packages/airflow/example_dags/example_sla_dag.py
[2024-09-03T11:33:08.237+0000] {processor.py:914} INFO - Processing file /home/airflow/.local/lib/python3.12/site-packages/airflow/example_dags/example_sla_dag.py for tasks to queue
[2024-09-03T11:33:08.240+0000] {logging_mixin.py:190} INFO - [2024-09-03T11:33:08.239+0000] {dagbag.py:587} INFO - Filling up the DagBag from /home/airflow/.local/lib/python3.12/site-packages/airflow/example_dags/example_sla_dag.py
[2024-09-03T11:33:08.250+0000] {processor.py:925} INFO - DAG(s) 'example_sla_dag' retrieved from /home/airflow/.local/lib/python3.12/site-packages/airflow/example_dags/example_sla_dag.py
[2024-09-03T11:33:08.273+0000] {logging_mixin.py:190} INFO - [2024-09-03T11:33:08.273+0000] {dag.py:3211} INFO - Sync 1 DAGs
[2024-09-03T11:33:08.303+0000] {logging_mixin.py:190} INFO - [2024-09-03T11:33:08.302+0000] {dag.py:4138} INFO - Setting next_dagrun for example_sla_dag to 2024-09-03 11:30:00+00:00, run_after=2024-09-03 11:32:00+00:00
[2024-09-03T11:33:08.333+0000] {processor.py:208} INFO - Processing /home/airflow/.local/lib/python3.12/site-packages/airflow/example_dags/example_sla_dag.py took 0.102 seconds
[2024-09-03T11:33:38.489+0000] {processor.py:186} INFO - Started process (PID=841) to work on /home/airflow/.local/lib/python3.12/site-packages/airflow/example_dags/example_sla_dag.py
[2024-09-03T11:33:38.490+0000] {processor.py:914} INFO - Processing file /home/airflow/.local/lib/python3.12/site-packages/airflow/example_dags/example_sla_dag.py for tasks to queue
[2024-09-03T11:33:38.494+0000] {logging_mixin.py:190} INFO - [2024-09-03T11:33:38.493+0000] {dagbag.py:587} INFO - Filling up the DagBag from /home/airflow/.local/lib/python3.12/site-packages/airflow/example_dags/example_sla_dag.py
[2024-09-03T11:33:38.507+0000] {processor.py:925} INFO - DAG(s) 'example_sla_dag' retrieved from /home/airflow/.local/lib/python3.12/site-packages/airflow/example_dags/example_sla_dag.py
[2024-09-03T11:33:38.531+0000] {logging_mixin.py:190} INFO - [2024-09-03T11:33:38.531+0000] {dag.py:3211} INFO - Sync 1 DAGs
[2024-09-03T11:33:38.568+0000] {logging_mixin.py:190} INFO - [2024-09-03T11:33:38.567+0000] {dag.py:4138} INFO - Setting next_dagrun for example_sla_dag to 2024-09-03 11:30:00+00:00, run_after=2024-09-03 11:32:00+00:00
[2024-09-03T11:33:38.600+0000] {processor.py:208} INFO - Processing /home/airflow/.local/lib/python3.12/site-packages/airflow/example_dags/example_sla_dag.py took 0.116 seconds
[2024-09-03T11:34:09.195+0000] {processor.py:186} INFO - Started process (PID=904) to work on /home/airflow/.local/lib/python3.12/site-packages/airflow/example_dags/example_sla_dag.py
[2024-09-03T11:34:09.197+0000] {processor.py:914} INFO - Processing file /home/airflow/.local/lib/python3.12/site-packages/airflow/example_dags/example_sla_dag.py for tasks to queue
[2024-09-03T11:34:09.200+0000] {logging_mixin.py:190} INFO - [2024-09-03T11:34:09.200+0000] {dagbag.py:587} INFO - Filling up the DagBag from /home/airflow/.local/lib/python3.12/site-packages/airflow/example_dags/example_sla_dag.py
[2024-09-03T11:34:09.214+0000] {processor.py:925} INFO - DAG(s) 'example_sla_dag' retrieved from /home/airflow/.local/lib/python3.12/site-packages/airflow/example_dags/example_sla_dag.py
[2024-09-03T11:34:09.243+0000] {logging_mixin.py:190} INFO - [2024-09-03T11:34:09.243+0000] {dag.py:3211} INFO - Sync 1 DAGs
[2024-09-03T11:34:09.282+0000] {logging_mixin.py:190} INFO - [2024-09-03T11:34:09.282+0000] {dag.py:4138} INFO - Setting next_dagrun for example_sla_dag to 2024-09-03 11:32:00+00:00, run_after=2024-09-03 11:34:00+00:00
[2024-09-03T11:34:09.310+0000] {processor.py:208} INFO - Processing /home/airflow/.local/lib/python3.12/site-packages/airflow/example_dags/example_sla_dag.py took 0.123 seconds
[2024-09-03T11:34:39.874+0000] {processor.py:186} INFO - Started process (PID=967) to work on /home/airflow/.local/lib/python3.12/site-packages/airflow/example_dags/example_sla_dag.py
[2024-09-03T11:34:39.875+0000] {processor.py:914} INFO - Processing file /home/airflow/.local/lib/python3.12/site-packages/airflow/example_dags/example_sla_dag.py for tasks to queue
[2024-09-03T11:34:39.878+0000] {logging_mixin.py:190} INFO - [2024-09-03T11:34:39.878+0000] {dagbag.py:587} INFO - Filling up the DagBag from /home/airflow/.local/lib/python3.12/site-packages/airflow/example_dags/example_sla_dag.py
[2024-09-03T11:34:39.889+0000] {processor.py:925} INFO - DAG(s) 'example_sla_dag' retrieved from /home/airflow/.local/lib/python3.12/site-packages/airflow/example_dags/example_sla_dag.py
[2024-09-03T11:34:39.917+0000] {logging_mixin.py:190} INFO - [2024-09-03T11:34:39.917+0000] {dag.py:3211} INFO - Sync 1 DAGs
[2024-09-03T11:34:39.944+0000] {logging_mixin.py:190} INFO - [2024-09-03T11:34:39.944+0000] {dag.py:4138} INFO - Setting next_dagrun for example_sla_dag to 2024-09-03 11:32:00+00:00, run_after=2024-09-03 11:34:00+00:00
[2024-09-03T11:34:39.975+0000] {processor.py:208} INFO - Processing /home/airflow/.local/lib/python3.12/site-packages/airflow/example_dags/example_sla_dag.py took 0.107 seconds
[2024-09-03T11:35:10.241+0000] {processor.py:186} INFO - Started process (PID=1030) to work on /home/airflow/.local/lib/python3.12/site-packages/airflow/example_dags/example_sla_dag.py
[2024-09-03T11:35:10.242+0000] {processor.py:914} INFO - Processing file /home/airflow/.local/lib/python3.12/site-packages/airflow/example_dags/example_sla_dag.py for tasks to queue
[2024-09-03T11:35:10.245+0000] {logging_mixin.py:190} INFO - [2024-09-03T11:35:10.244+0000] {dagbag.py:587} INFO - Filling up the DagBag from /home/airflow/.local/lib/python3.12/site-packages/airflow/example_dags/example_sla_dag.py
[2024-09-03T11:35:10.254+0000] {processor.py:925} INFO - DAG(s) 'example_sla_dag' retrieved from /home/airflow/.local/lib/python3.12/site-packages/airflow/example_dags/example_sla_dag.py
[2024-09-03T11:35:10.277+0000] {logging_mixin.py:190} INFO - [2024-09-03T11:35:10.277+0000] {dag.py:3211} INFO - Sync 1 DAGs
[2024-09-03T11:35:10.305+0000] {logging_mixin.py:190} INFO - [2024-09-03T11:35:10.305+0000] {dag.py:4138} INFO - Setting next_dagrun for example_sla_dag to 2024-09-03 11:32:00+00:00, run_after=2024-09-03 11:34:00+00:00
[2024-09-03T11:35:10.330+0000] {processor.py:208} INFO - Processing /home/airflow/.local/lib/python3.12/site-packages/airflow/example_dags/example_sla_dag.py took 0.094 seconds
[2024-09-03T11:35:40.929+0000] {processor.py:186} INFO - Started process (PID=1093) to work on /home/airflow/.local/lib/python3.12/site-packages/airflow/example_dags/example_sla_dag.py
[2024-09-03T11:35:40.930+0000] {processor.py:914} INFO - Processing file /home/airflow/.local/lib/python3.12/site-packages/airflow/example_dags/example_sla_dag.py for tasks to queue
[2024-09-03T11:35:40.933+0000] {logging_mixin.py:190} INFO - [2024-09-03T11:35:40.933+0000] {dagbag.py:587} INFO - Filling up the DagBag from /home/airflow/.local/lib/python3.12/site-packages/airflow/example_dags/example_sla_dag.py
[2024-09-03T11:35:40.943+0000] {processor.py:925} INFO - DAG(s) 'example_sla_dag' retrieved from /home/airflow/.local/lib/python3.12/site-packages/airflow/example_dags/example_sla_dag.py
[2024-09-03T11:35:40.964+0000] {logging_mixin.py:190} INFO - [2024-09-03T11:35:40.964+0000] {dag.py:3211} INFO - Sync 1 DAGs
[2024-09-03T11:35:40.991+0000] {logging_mixin.py:190} INFO - [2024-09-03T11:35:40.990+0000] {dag.py:4138} INFO - Setting next_dagrun for example_sla_dag to 2024-09-03 11:32:00+00:00, run_after=2024-09-03 11:34:00+00:00
[2024-09-03T11:35:41.015+0000] {processor.py:208} INFO - Processing /home/airflow/.local/lib/python3.12/site-packages/airflow/example_dags/example_sla_dag.py took 0.091 seconds
[2024-09-03T11:36:11.923+0000] {processor.py:186} INFO - Started process (PID=1156) to work on /home/airflow/.local/lib/python3.12/site-packages/airflow/example_dags/example_sla_dag.py
[2024-09-03T11:36:11.924+0000] {processor.py:914} INFO - Processing file /home/airflow/.local/lib/python3.12/site-packages/airflow/example_dags/example_sla_dag.py for tasks to queue
[2024-09-03T11:36:11.927+0000] {logging_mixin.py:190} INFO - [2024-09-03T11:36:11.927+0000] {dagbag.py:587} INFO - Filling up the DagBag from /home/airflow/.local/lib/python3.12/site-packages/airflow/example_dags/example_sla_dag.py
[2024-09-03T11:36:11.936+0000] {processor.py:925} INFO - DAG(s) 'example_sla_dag' retrieved from /home/airflow/.local/lib/python3.12/site-packages/airflow/example_dags/example_sla_dag.py
[2024-09-03T11:36:11.958+0000] {logging_mixin.py:190} INFO - [2024-09-03T11:36:11.958+0000] {dag.py:3211} INFO - Sync 1 DAGs
[2024-09-03T11:36:11.983+0000] {logging_mixin.py:190} INFO - [2024-09-03T11:36:11.983+0000] {dag.py:4138} INFO - Setting next_dagrun for example_sla_dag to 2024-09-03 11:34:00+00:00, run_after=2024-09-03 11:36:00+00:00
[2024-09-03T11:36:12.007+0000] {processor.py:208} INFO - Processing /home/airflow/.local/lib/python3.12/site-packages/airflow/example_dags/example_sla_dag.py took 0.090 seconds
[2024-09-03T11:36:42.962+0000] {processor.py:186} INFO - Started process (PID=1219) to work on /home/airflow/.local/lib/python3.12/site-packages/airflow/example_dags/example_sla_dag.py
[2024-09-03T11:36:42.964+0000] {processor.py:914} INFO - Processing file /home/airflow/.local/lib/python3.12/site-packages/airflow/example_dags/example_sla_dag.py for tasks to queue
[2024-09-03T11:36:42.968+0000] {logging_mixin.py:190} INFO - [2024-09-03T11:36:42.967+0000] {dagbag.py:587} INFO - Filling up the DagBag from /home/airflow/.local/lib/python3.12/site-packages/airflow/example_dags/example_sla_dag.py
[2024-09-03T11:36:42.984+0000] {processor.py:925} INFO - DAG(s) 'example_sla_dag' retrieved from /home/airflow/.local/lib/python3.12/site-packages/airflow/example_dags/example_sla_dag.py
[2024-09-03T11:36:43.014+0000] {logging_mixin.py:190} INFO - [2024-09-03T11:36:43.014+0000] {dag.py:3211} INFO - Sync 1 DAGs
[2024-09-03T11:36:43.046+0000] {logging_mixin.py:190} INFO - [2024-09-03T11:36:43.046+0000] {dag.py:4138} INFO - Setting next_dagrun for example_sla_dag to 2024-09-03 11:34:00+00:00, run_after=2024-09-03 11:36:00+00:00
[2024-09-03T11:36:43.076+0000] {processor.py:208} INFO - Processing /home/airflow/.local/lib/python3.12/site-packages/airflow/example_dags/example_sla_dag.py took 0.124 seconds
[2024-09-03T11:37:13.884+0000] {processor.py:186} INFO - Started process (PID=1282) to work on /home/airflow/.local/lib/python3.12/site-packages/airflow/example_dags/example_sla_dag.py
[2024-09-03T11:37:13.886+0000] {processor.py:914} INFO - Processing file /home/airflow/.local/lib/python3.12/site-packages/airflow/example_dags/example_sla_dag.py for tasks to queue
[2024-09-03T11:37:13.890+0000] {logging_mixin.py:190} INFO - [2024-09-03T11:37:13.890+0000] {dagbag.py:587} INFO - Filling up the DagBag from /home/airflow/.local/lib/python3.12/site-packages/airflow/example_dags/example_sla_dag.py
[2024-09-03T11:37:13.906+0000] {processor.py:925} INFO - DAG(s) 'example_sla_dag' retrieved from /home/airflow/.local/lib/python3.12/site-packages/airflow/example_dags/example_sla_dag.py
[2024-09-03T11:37:13.938+0000] {logging_mixin.py:190} INFO - [2024-09-03T11:37:13.938+0000] {dag.py:3211} INFO - Sync 1 DAGs
[2024-09-03T11:37:13.986+0000] {logging_mixin.py:190} INFO - [2024-09-03T11:37:13.985+0000] {dag.py:4138} INFO - Setting next_dagrun for example_sla_dag to 2024-09-03 11:34:00+00:00, run_after=2024-09-03 11:36:00+00:00
[2024-09-03T11:37:14.269+0000] {processor.py:208} INFO - Processing /home/airflow/.local/lib/python3.12/site-packages/airflow/example_dags/example_sla_dag.py took 0.394 seconds
[2024-09-03T11:37:45.026+0000] {processor.py:186} INFO - Started process (PID=1345) to work on /home/airflow/.local/lib/python3.12/site-packages/airflow/example_dags/example_sla_dag.py
[2024-09-03T11:37:45.029+0000] {processor.py:914} INFO - Processing file /home/airflow/.local/lib/python3.12/site-packages/airflow/example_dags/example_sla_dag.py for tasks to queue
[2024-09-03T11:37:45.034+0000] {logging_mixin.py:190} INFO - [2024-09-03T11:37:45.033+0000] {dagbag.py:587} INFO - Filling up the DagBag from /home/airflow/.local/lib/python3.12/site-packages/airflow/example_dags/example_sla_dag.py
[2024-09-03T11:37:45.053+0000] {processor.py:925} INFO - DAG(s) 'example_sla_dag' retrieved from /home/airflow/.local/lib/python3.12/site-packages/airflow/example_dags/example_sla_dag.py
[2024-09-03T11:37:45.085+0000] {logging_mixin.py:190} INFO - [2024-09-03T11:37:45.084+0000] {dag.py:3211} INFO - Sync 1 DAGs
[2024-09-03T11:37:45.136+0000] {logging_mixin.py:190} INFO - [2024-09-03T11:37:45.136+0000] {dag.py:4138} INFO - Setting next_dagrun for example_sla_dag to 2024-09-03 11:34:00+00:00, run_after=2024-09-03 11:36:00+00:00
[2024-09-03T11:37:45.168+0000] {processor.py:208} INFO - Processing /home/airflow/.local/lib/python3.12/site-packages/airflow/example_dags/example_sla_dag.py took 0.152 seconds
[2024-09-03T11:38:15.429+0000] {processor.py:186} INFO - Started process (PID=1408) to work on /home/airflow/.local/lib/python3.12/site-packages/airflow/example_dags/example_sla_dag.py
[2024-09-03T11:38:15.432+0000] {processor.py:914} INFO - Processing file /home/airflow/.local/lib/python3.12/site-packages/airflow/example_dags/example_sla_dag.py for tasks to queue
[2024-09-03T11:38:15.437+0000] {logging_mixin.py:190} INFO - [2024-09-03T11:38:15.436+0000] {dagbag.py:587} INFO - Filling up the DagBag from /home/airflow/.local/lib/python3.12/site-packages/airflow/example_dags/example_sla_dag.py
[2024-09-03T11:38:15.458+0000] {processor.py:925} INFO - DAG(s) 'example_sla_dag' retrieved from /home/airflow/.local/lib/python3.12/site-packages/airflow/example_dags/example_sla_dag.py
[2024-09-03T11:38:15.503+0000] {logging_mixin.py:190} INFO - [2024-09-03T11:38:15.501+0000] {dag.py:3211} INFO - Sync 1 DAGs
[2024-09-03T11:38:15.559+0000] {logging_mixin.py:190} INFO - [2024-09-03T11:38:15.559+0000] {dag.py:4138} INFO - Setting next_dagrun for example_sla_dag to 2024-09-03 11:36:00+00:00, run_after=2024-09-03 11:38:00+00:00
[2024-09-03T11:38:15.615+0000] {processor.py:208} INFO - Processing /home/airflow/.local/lib/python3.12/site-packages/airflow/example_dags/example_sla_dag.py took 0.193 seconds
[2024-09-03T11:38:45.829+0000] {processor.py:186} INFO - Started process (PID=1471) to work on /home/airflow/.local/lib/python3.12/site-packages/airflow/example_dags/example_sla_dag.py
[2024-09-03T11:38:45.831+0000] {processor.py:914} INFO - Processing file /home/airflow/.local/lib/python3.12/site-packages/airflow/example_dags/example_sla_dag.py for tasks to queue
[2024-09-03T11:38:45.836+0000] {logging_mixin.py:190} INFO - [2024-09-03T11:38:45.835+0000] {dagbag.py:587} INFO - Filling up the DagBag from /home/airflow/.local/lib/python3.12/site-packages/airflow/example_dags/example_sla_dag.py
[2024-09-03T11:38:45.851+0000] {processor.py:925} INFO - DAG(s) 'example_sla_dag' retrieved from /home/airflow/.local/lib/python3.12/site-packages/airflow/example_dags/example_sla_dag.py
[2024-09-03T11:38:45.888+0000] {logging_mixin.py:190} INFO - [2024-09-03T11:38:45.887+0000] {dag.py:3211} INFO - Sync 1 DAGs
[2024-09-03T11:38:45.931+0000] {logging_mixin.py:190} INFO - [2024-09-03T11:38:45.930+0000] {dag.py:4138} INFO - Setting next_dagrun for example_sla_dag to 2024-09-03 11:36:00+00:00, run_after=2024-09-03 11:38:00+00:00
[2024-09-03T11:38:45.971+0000] {processor.py:208} INFO - Processing /home/airflow/.local/lib/python3.12/site-packages/airflow/example_dags/example_sla_dag.py took 0.152 seconds
[2024-09-03T11:39:16.339+0000] {processor.py:186} INFO - Started process (PID=1534) to work on /home/airflow/.local/lib/python3.12/site-packages/airflow/example_dags/example_sla_dag.py
[2024-09-03T11:39:16.341+0000] {processor.py:914} INFO - Processing file /home/airflow/.local/lib/python3.12/site-packages/airflow/example_dags/example_sla_dag.py for tasks to queue
[2024-09-03T11:39:16.345+0000] {logging_mixin.py:190} INFO - [2024-09-03T11:39:16.344+0000] {dagbag.py:587} INFO - Filling up the DagBag from /home/airflow/.local/lib/python3.12/site-packages/airflow/example_dags/example_sla_dag.py
[2024-09-03T11:39:16.359+0000] {processor.py:925} INFO - DAG(s) 'example_sla_dag' retrieved from /home/airflow/.local/lib/python3.12/site-packages/airflow/example_dags/example_sla_dag.py
[2024-09-03T11:39:16.395+0000] {logging_mixin.py:190} INFO - [2024-09-03T11:39:16.395+0000] {dag.py:3211} INFO - Sync 1 DAGs
[2024-09-03T11:39:16.432+0000] {logging_mixin.py:190} INFO - [2024-09-03T11:39:16.432+0000] {dag.py:4138} INFO - Setting next_dagrun for example_sla_dag to 2024-09-03 11:36:00+00:00, run_after=2024-09-03 11:38:00+00:00
[2024-09-03T11:39:16.468+0000] {processor.py:208} INFO - Processing /home/airflow/.local/lib/python3.12/site-packages/airflow/example_dags/example_sla_dag.py took 0.139 seconds
[2024-09-03T11:39:46.710+0000] {processor.py:186} INFO - Started process (PID=1597) to work on /home/airflow/.local/lib/python3.12/site-packages/airflow/example_dags/example_sla_dag.py
[2024-09-03T11:39:46.711+0000] {processor.py:914} INFO - Processing file /home/airflow/.local/lib/python3.12/site-packages/airflow/example_dags/example_sla_dag.py for tasks to queue
[2024-09-03T11:39:46.715+0000] {logging_mixin.py:190} INFO - [2024-09-03T11:39:46.714+0000] {dagbag.py:587} INFO - Filling up the DagBag from /home/airflow/.local/lib/python3.12/site-packages/airflow/example_dags/example_sla_dag.py
[2024-09-03T11:39:46.727+0000] {processor.py:925} INFO - DAG(s) 'example_sla_dag' retrieved from /home/airflow/.local/lib/python3.12/site-packages/airflow/example_dags/example_sla_dag.py
[2024-09-03T11:39:46.754+0000] {logging_mixin.py:190} INFO - [2024-09-03T11:39:46.753+0000] {dag.py:3211} INFO - Sync 1 DAGs
[2024-09-03T11:39:46.783+0000] {logging_mixin.py:190} INFO - [2024-09-03T11:39:46.783+0000] {dag.py:4138} INFO - Setting next_dagrun for example_sla_dag to 2024-09-03 11:36:00+00:00, run_after=2024-09-03 11:38:00+00:00
[2024-09-03T11:39:46.818+0000] {processor.py:208} INFO - Processing /home/airflow/.local/lib/python3.12/site-packages/airflow/example_dags/example_sla_dag.py took 0.115 seconds
[2024-09-03T11:40:17.101+0000] {processor.py:186} INFO - Started process (PID=1660) to work on /home/airflow/.local/lib/python3.12/site-packages/airflow/example_dags/example_sla_dag.py
[2024-09-03T11:40:17.103+0000] {processor.py:914} INFO - Processing file /home/airflow/.local/lib/python3.12/site-packages/airflow/example_dags/example_sla_dag.py for tasks to queue
[2024-09-03T11:40:17.107+0000] {logging_mixin.py:190} INFO - [2024-09-03T11:40:17.106+0000] {dagbag.py:587} INFO - Filling up the DagBag from /home/airflow/.local/lib/python3.12/site-packages/airflow/example_dags/example_sla_dag.py
[2024-09-03T11:40:17.120+0000] {processor.py:925} INFO - DAG(s) 'example_sla_dag' retrieved from /home/airflow/.local/lib/python3.12/site-packages/airflow/example_dags/example_sla_dag.py
[2024-09-03T11:40:17.148+0000] {logging_mixin.py:190} INFO - [2024-09-03T11:40:17.147+0000] {dag.py:3211} INFO - Sync 1 DAGs
[2024-09-03T11:40:17.187+0000] {logging_mixin.py:190} INFO - [2024-09-03T11:40:17.186+0000] {dag.py:4138} INFO - Setting next_dagrun for example_sla_dag to 2024-09-03 11:38:00+00:00, run_after=2024-09-03 11:40:00+00:00
[2024-09-03T11:40:17.219+0000] {processor.py:208} INFO - Processing /home/airflow/.local/lib/python3.12/site-packages/airflow/example_dags/example_sla_dag.py took 0.126 seconds
[2024-09-03T11:40:47.533+0000] {processor.py:186} INFO - Started process (PID=1724) to work on /home/airflow/.local/lib/python3.12/site-packages/airflow/example_dags/example_sla_dag.py
[2024-09-03T11:40:47.535+0000] {processor.py:914} INFO - Processing file /home/airflow/.local/lib/python3.12/site-packages/airflow/example_dags/example_sla_dag.py for tasks to queue
[2024-09-03T11:40:47.541+0000] {logging_mixin.py:190} INFO - [2024-09-03T11:40:47.540+0000] {dagbag.py:587} INFO - Filling up the DagBag from /home/airflow/.local/lib/python3.12/site-packages/airflow/example_dags/example_sla_dag.py
[2024-09-03T11:40:47.562+0000] {processor.py:925} INFO - DAG(s) 'example_sla_dag' retrieved from /home/airflow/.local/lib/python3.12/site-packages/airflow/example_dags/example_sla_dag.py
[2024-09-03T11:40:47.612+0000] {logging_mixin.py:190} INFO - [2024-09-03T11:40:47.610+0000] {dag.py:3211} INFO - Sync 1 DAGs
[2024-09-03T11:40:47.669+0000] {logging_mixin.py:190} INFO - [2024-09-03T11:40:47.668+0000] {dag.py:4138} INFO - Setting next_dagrun for example_sla_dag to 2024-09-03 11:38:00+00:00, run_after=2024-09-03 11:40:00+00:00
[2024-09-03T11:40:47.710+0000] {processor.py:208} INFO - Processing /home/airflow/.local/lib/python3.12/site-packages/airflow/example_dags/example_sla_dag.py took 0.187 seconds
[2024-09-03T11:41:18.195+0000] {processor.py:186} INFO - Started process (PID=1787) to work on /home/airflow/.local/lib/python3.12/site-packages/airflow/example_dags/example_sla_dag.py
[2024-09-03T11:41:18.198+0000] {processor.py:914} INFO - Processing file /home/airflow/.local/lib/python3.12/site-packages/airflow/example_dags/example_sla_dag.py for tasks to queue
[2024-09-03T11:41:18.204+0000] {logging_mixin.py:190} INFO - [2024-09-03T11:41:18.203+0000] {dagbag.py:587} INFO - Filling up the DagBag from /home/airflow/.local/lib/python3.12/site-packages/airflow/example_dags/example_sla_dag.py
[2024-09-03T11:41:18.228+0000] {processor.py:925} INFO - DAG(s) 'example_sla_dag' retrieved from /home/airflow/.local/lib/python3.12/site-packages/airflow/example_dags/example_sla_dag.py
[2024-09-03T11:41:18.268+0000] {logging_mixin.py:190} INFO - [2024-09-03T11:41:18.268+0000] {dag.py:3211} INFO - Sync 1 DAGs
[2024-09-03T11:41:18.323+0000] {logging_mixin.py:190} INFO - [2024-09-03T11:41:18.322+0000] {dag.py:4138} INFO - Setting next_dagrun for example_sla_dag to 2024-09-03 11:38:00+00:00, run_after=2024-09-03 11:40:00+00:00
[2024-09-03T11:41:18.403+0000] {processor.py:208} INFO - Processing /home/airflow/.local/lib/python3.12/site-packages/airflow/example_dags/example_sla_dag.py took 0.218 seconds
[2024-09-03T11:41:49.641+0000] {processor.py:186} INFO - Started process (PID=1850) to work on /home/airflow/.local/lib/python3.12/site-packages/airflow/example_dags/example_sla_dag.py
[2024-09-03T11:41:49.644+0000] {processor.py:914} INFO - Processing file /home/airflow/.local/lib/python3.12/site-packages/airflow/example_dags/example_sla_dag.py for tasks to queue
[2024-09-03T11:41:49.649+0000] {logging_mixin.py:190} INFO - [2024-09-03T11:41:49.648+0000] {dagbag.py:587} INFO - Filling up the DagBag from /home/airflow/.local/lib/python3.12/site-packages/airflow/example_dags/example_sla_dag.py
[2024-09-03T11:41:49.669+0000] {processor.py:925} INFO - DAG(s) 'example_sla_dag' retrieved from /home/airflow/.local/lib/python3.12/site-packages/airflow/example_dags/example_sla_dag.py
[2024-09-03T11:41:49.714+0000] {logging_mixin.py:190} INFO - [2024-09-03T11:41:49.713+0000] {dag.py:3211} INFO - Sync 1 DAGs
[2024-09-03T11:41:49.786+0000] {logging_mixin.py:190} INFO - [2024-09-03T11:41:49.785+0000] {dag.py:4138} INFO - Setting next_dagrun for example_sla_dag to 2024-09-03 11:38:00+00:00, run_after=2024-09-03 11:40:00+00:00
[2024-09-03T11:41:49.842+0000] {processor.py:208} INFO - Processing /home/airflow/.local/lib/python3.12/site-packages/airflow/example_dags/example_sla_dag.py took 0.210 seconds
[2024-09-03T11:42:20.471+0000] {processor.py:186} INFO - Started process (PID=1913) to work on /home/airflow/.local/lib/python3.12/site-packages/airflow/example_dags/example_sla_dag.py
[2024-09-03T11:42:20.474+0000] {processor.py:914} INFO - Processing file /home/airflow/.local/lib/python3.12/site-packages/airflow/example_dags/example_sla_dag.py for tasks to queue
[2024-09-03T11:42:20.480+0000] {logging_mixin.py:190} INFO - [2024-09-03T11:42:20.479+0000] {dagbag.py:587} INFO - Filling up the DagBag from /home/airflow/.local/lib/python3.12/site-packages/airflow/example_dags/example_sla_dag.py
[2024-09-03T11:42:20.504+0000] {processor.py:925} INFO - DAG(s) 'example_sla_dag' retrieved from /home/airflow/.local/lib/python3.12/site-packages/airflow/example_dags/example_sla_dag.py
[2024-09-03T11:42:20.553+0000] {logging_mixin.py:190} INFO - [2024-09-03T11:42:20.552+0000] {dag.py:3211} INFO - Sync 1 DAGs
[2024-09-03T11:42:20.612+0000] {logging_mixin.py:190} INFO - [2024-09-03T11:42:20.612+0000] {dag.py:4138} INFO - Setting next_dagrun for example_sla_dag to 2024-09-03 11:40:00+00:00, run_after=2024-09-03 11:42:00+00:00
[2024-09-03T11:42:20.664+0000] {processor.py:208} INFO - Processing /home/airflow/.local/lib/python3.12/site-packages/airflow/example_dags/example_sla_dag.py took 0.210 seconds
[2024-09-03T11:42:50.760+0000] {processor.py:186} INFO - Started process (PID=1976) to work on /home/airflow/.local/lib/python3.12/site-packages/airflow/example_dags/example_sla_dag.py
[2024-09-03T11:42:50.762+0000] {processor.py:914} INFO - Processing file /home/airflow/.local/lib/python3.12/site-packages/airflow/example_dags/example_sla_dag.py for tasks to queue
[2024-09-03T11:42:50.767+0000] {logging_mixin.py:190} INFO - [2024-09-03T11:42:50.766+0000] {dagbag.py:587} INFO - Filling up the DagBag from /home/airflow/.local/lib/python3.12/site-packages/airflow/example_dags/example_sla_dag.py
[2024-09-03T11:42:50.787+0000] {processor.py:925} INFO - DAG(s) 'example_sla_dag' retrieved from /home/airflow/.local/lib/python3.12/site-packages/airflow/example_dags/example_sla_dag.py
[2024-09-03T11:42:50.822+0000] {logging_mixin.py:190} INFO - [2024-09-03T11:42:50.821+0000] {dag.py:3211} INFO - Sync 1 DAGs
[2024-09-03T11:42:50.865+0000] {logging_mixin.py:190} INFO - [2024-09-03T11:42:50.865+0000] {dag.py:4138} INFO - Setting next_dagrun for example_sla_dag to 2024-09-03 11:40:00+00:00, run_after=2024-09-03 11:42:00+00:00
[2024-09-03T11:42:50.906+0000] {processor.py:208} INFO - Processing /home/airflow/.local/lib/python3.12/site-packages/airflow/example_dags/example_sla_dag.py took 0.155 seconds
[2024-09-03T11:43:21.134+0000] {processor.py:186} INFO - Started process (PID=2039) to work on /home/airflow/.local/lib/python3.12/site-packages/airflow/example_dags/example_sla_dag.py
[2024-09-03T11:43:21.136+0000] {processor.py:914} INFO - Processing file /home/airflow/.local/lib/python3.12/site-packages/airflow/example_dags/example_sla_dag.py for tasks to queue
[2024-09-03T11:43:21.140+0000] {logging_mixin.py:190} INFO - [2024-09-03T11:43:21.139+0000] {dagbag.py:587} INFO - Filling up the DagBag from /home/airflow/.local/lib/python3.12/site-packages/airflow/example_dags/example_sla_dag.py
[2024-09-03T11:43:21.153+0000] {processor.py:925} INFO - DAG(s) 'example_sla_dag' retrieved from /home/airflow/.local/lib/python3.12/site-packages/airflow/example_dags/example_sla_dag.py
[2024-09-03T11:43:21.189+0000] {logging_mixin.py:190} INFO - [2024-09-03T11:43:21.188+0000] {dag.py:3211} INFO - Sync 1 DAGs
[2024-09-03T11:43:21.245+0000] {logging_mixin.py:190} INFO - [2024-09-03T11:43:21.244+0000] {dag.py:4138} INFO - Setting next_dagrun for example_sla_dag to 2024-09-03 11:40:00+00:00, run_after=2024-09-03 11:42:00+00:00
[2024-09-03T11:43:21.283+0000] {processor.py:208} INFO - Processing /home/airflow/.local/lib/python3.12/site-packages/airflow/example_dags/example_sla_dag.py took 0.156 seconds
[2024-09-03T11:43:51.912+0000] {processor.py:186} INFO - Started process (PID=2102) to work on /home/airflow/.local/lib/python3.12/site-packages/airflow/example_dags/example_sla_dag.py
[2024-09-03T11:43:51.914+0000] {processor.py:914} INFO - Processing file /home/airflow/.local/lib/python3.12/site-packages/airflow/example_dags/example_sla_dag.py for tasks to queue
[2024-09-03T11:43:51.917+0000] {logging_mixin.py:190} INFO - [2024-09-03T11:43:51.916+0000] {dagbag.py:587} INFO - Filling up the DagBag from /home/airflow/.local/lib/python3.12/site-packages/airflow/example_dags/example_sla_dag.py
[2024-09-03T11:43:51.928+0000] {processor.py:925} INFO - DAG(s) 'example_sla_dag' retrieved from /home/airflow/.local/lib/python3.12/site-packages/airflow/example_dags/example_sla_dag.py
[2024-09-03T11:43:51.952+0000] {logging_mixin.py:190} INFO - [2024-09-03T11:43:51.951+0000] {dag.py:3211} INFO - Sync 1 DAGs
[2024-09-03T11:43:51.980+0000] {logging_mixin.py:190} INFO - [2024-09-03T11:43:51.980+0000] {dag.py:4138} INFO - Setting next_dagrun for example_sla_dag to 2024-09-03 11:40:00+00:00, run_after=2024-09-03 11:42:00+00:00
[2024-09-03T11:43:52.008+0000] {processor.py:208} INFO - Processing /home/airflow/.local/lib/python3.12/site-packages/airflow/example_dags/example_sla_dag.py took 0.104 seconds
[2024-09-03T11:44:22.376+0000] {processor.py:186} INFO - Started process (PID=2165) to work on /home/airflow/.local/lib/python3.12/site-packages/airflow/example_dags/example_sla_dag.py
[2024-09-03T11:44:22.378+0000] {processor.py:914} INFO - Processing file /home/airflow/.local/lib/python3.12/site-packages/airflow/example_dags/example_sla_dag.py for tasks to queue
[2024-09-03T11:44:22.382+0000] {logging_mixin.py:190} INFO - [2024-09-03T11:44:22.381+0000] {dagbag.py:587} INFO - Filling up the DagBag from /home/airflow/.local/lib/python3.12/site-packages/airflow/example_dags/example_sla_dag.py
[2024-09-03T11:44:22.393+0000] {processor.py:925} INFO - DAG(s) 'example_sla_dag' retrieved from /home/airflow/.local/lib/python3.12/site-packages/airflow/example_dags/example_sla_dag.py
[2024-09-03T11:44:22.416+0000] {logging_mixin.py:190} INFO - [2024-09-03T11:44:22.415+0000] {dag.py:3211} INFO - Sync 1 DAGs
[2024-09-03T11:44:22.444+0000] {logging_mixin.py:190} INFO - [2024-09-03T11:44:22.444+0000] {dag.py:4138} INFO - Setting next_dagrun for example_sla_dag to 2024-09-03 11:42:00+00:00, run_after=2024-09-03 11:44:00+00:00
[2024-09-03T11:44:22.470+0000] {processor.py:208} INFO - Processing /home/airflow/.local/lib/python3.12/site-packages/airflow/example_dags/example_sla_dag.py took 0.099 seconds
[2024-09-03T11:44:52.654+0000] {processor.py:186} INFO - Started process (PID=2228) to work on /home/airflow/.local/lib/python3.12/site-packages/airflow/example_dags/example_sla_dag.py
[2024-09-03T11:44:52.655+0000] {processor.py:914} INFO - Processing file /home/airflow/.local/lib/python3.12/site-packages/airflow/example_dags/example_sla_dag.py for tasks to queue
[2024-09-03T11:44:52.659+0000] {logging_mixin.py:190} INFO - [2024-09-03T11:44:52.659+0000] {dagbag.py:587} INFO - Filling up the DagBag from /home/airflow/.local/lib/python3.12/site-packages/airflow/example_dags/example_sla_dag.py
[2024-09-03T11:44:52.673+0000] {processor.py:925} INFO - DAG(s) 'example_sla_dag' retrieved from /home/airflow/.local/lib/python3.12/site-packages/airflow/example_dags/example_sla_dag.py
[2024-09-03T11:44:52.699+0000] {logging_mixin.py:190} INFO - [2024-09-03T11:44:52.699+0000] {dag.py:3211} INFO - Sync 1 DAGs
[2024-09-03T11:44:52.745+0000] {logging_mixin.py:190} INFO - [2024-09-03T11:44:52.744+0000] {dag.py:4138} INFO - Setting next_dagrun for example_sla_dag to 2024-09-03 11:42:00+00:00, run_after=2024-09-03 11:44:00+00:00
[2024-09-03T11:44:52.782+0000] {processor.py:208} INFO - Processing /home/airflow/.local/lib/python3.12/site-packages/airflow/example_dags/example_sla_dag.py took 0.134 seconds
[2024-09-03T11:45:23.802+0000] {processor.py:186} INFO - Started process (PID=2291) to work on /home/airflow/.local/lib/python3.12/site-packages/airflow/example_dags/example_sla_dag.py
[2024-09-03T11:45:23.803+0000] {processor.py:914} INFO - Processing file /home/airflow/.local/lib/python3.12/site-packages/airflow/example_dags/example_sla_dag.py for tasks to queue
[2024-09-03T11:45:23.808+0000] {logging_mixin.py:190} INFO - [2024-09-03T11:45:23.807+0000] {dagbag.py:587} INFO - Filling up the DagBag from /home/airflow/.local/lib/python3.12/site-packages/airflow/example_dags/example_sla_dag.py
[2024-09-03T11:45:23.822+0000] {processor.py:925} INFO - DAG(s) 'example_sla_dag' retrieved from /home/airflow/.local/lib/python3.12/site-packages/airflow/example_dags/example_sla_dag.py
[2024-09-03T11:45:23.855+0000] {logging_mixin.py:190} INFO - [2024-09-03T11:45:23.854+0000] {dag.py:3211} INFO - Sync 1 DAGs
[2024-09-03T11:45:23.897+0000] {logging_mixin.py:190} INFO - [2024-09-03T11:45:23.897+0000] {dag.py:4138} INFO - Setting next_dagrun for example_sla_dag to 2024-09-03 11:42:00+00:00, run_after=2024-09-03 11:44:00+00:00
[2024-09-03T11:45:23.931+0000] {processor.py:208} INFO - Processing /home/airflow/.local/lib/python3.12/site-packages/airflow/example_dags/example_sla_dag.py took 0.138 seconds
[2024-09-03T11:45:54.211+0000] {processor.py:186} INFO - Started process (PID=2354) to work on /home/airflow/.local/lib/python3.12/site-packages/airflow/example_dags/example_sla_dag.py
[2024-09-03T11:45:54.213+0000] {processor.py:914} INFO - Processing file /home/airflow/.local/lib/python3.12/site-packages/airflow/example_dags/example_sla_dag.py for tasks to queue
[2024-09-03T11:45:54.216+0000] {logging_mixin.py:190} INFO - [2024-09-03T11:45:54.216+0000] {dagbag.py:587} INFO - Filling up the DagBag from /home/airflow/.local/lib/python3.12/site-packages/airflow/example_dags/example_sla_dag.py
[2024-09-03T11:45:54.226+0000] {processor.py:925} INFO - DAG(s) 'example_sla_dag' retrieved from /home/airflow/.local/lib/python3.12/site-packages/airflow/example_dags/example_sla_dag.py
[2024-09-03T11:45:54.251+0000] {logging_mixin.py:190} INFO - [2024-09-03T11:45:54.250+0000] {dag.py:3211} INFO - Sync 1 DAGs
[2024-09-03T11:45:54.283+0000] {logging_mixin.py:190} INFO - [2024-09-03T11:45:54.283+0000] {dag.py:4138} INFO - Setting next_dagrun for example_sla_dag to 2024-09-03 11:42:00+00:00, run_after=2024-09-03 11:44:00+00:00
[2024-09-03T11:45:54.311+0000] {processor.py:208} INFO - Processing /home/airflow/.local/lib/python3.12/site-packages/airflow/example_dags/example_sla_dag.py took 0.105 seconds
[2024-09-03T11:46:24.675+0000] {processor.py:186} INFO - Started process (PID=2417) to work on /home/airflow/.local/lib/python3.12/site-packages/airflow/example_dags/example_sla_dag.py
[2024-09-03T11:46:24.677+0000] {processor.py:914} INFO - Processing file /home/airflow/.local/lib/python3.12/site-packages/airflow/example_dags/example_sla_dag.py for tasks to queue
[2024-09-03T11:46:24.680+0000] {logging_mixin.py:190} INFO - [2024-09-03T11:46:24.679+0000] {dagbag.py:587} INFO - Filling up the DagBag from /home/airflow/.local/lib/python3.12/site-packages/airflow/example_dags/example_sla_dag.py
[2024-09-03T11:46:24.690+0000] {processor.py:925} INFO - DAG(s) 'example_sla_dag' retrieved from /home/airflow/.local/lib/python3.12/site-packages/airflow/example_dags/example_sla_dag.py
[2024-09-03T11:46:24.717+0000] {logging_mixin.py:190} INFO - [2024-09-03T11:46:24.717+0000] {dag.py:3211} INFO - Sync 1 DAGs
[2024-09-03T11:46:24.749+0000] {logging_mixin.py:190} INFO - [2024-09-03T11:46:24.748+0000] {dag.py:4138} INFO - Setting next_dagrun for example_sla_dag to 2024-09-03 11:44:00+00:00, run_after=2024-09-03 11:46:00+00:00
[2024-09-03T11:46:24.776+0000] {processor.py:208} INFO - Processing /home/airflow/.local/lib/python3.12/site-packages/airflow/example_dags/example_sla_dag.py took 0.107 seconds
[2024-09-03T11:46:55.355+0000] {processor.py:186} INFO - Started process (PID=2481) to work on /home/airflow/.local/lib/python3.12/site-packages/airflow/example_dags/example_sla_dag.py
[2024-09-03T11:46:55.357+0000] {processor.py:914} INFO - Processing file /home/airflow/.local/lib/python3.12/site-packages/airflow/example_dags/example_sla_dag.py for tasks to queue
[2024-09-03T11:46:55.361+0000] {logging_mixin.py:190} INFO - [2024-09-03T11:46:55.360+0000] {dagbag.py:587} INFO - Filling up the DagBag from /home/airflow/.local/lib/python3.12/site-packages/airflow/example_dags/example_sla_dag.py
[2024-09-03T11:46:55.376+0000] {processor.py:925} INFO - DAG(s) 'example_sla_dag' retrieved from /home/airflow/.local/lib/python3.12/site-packages/airflow/example_dags/example_sla_dag.py
[2024-09-03T11:46:55.409+0000] {logging_mixin.py:190} INFO - [2024-09-03T11:46:55.409+0000] {dag.py:3211} INFO - Sync 1 DAGs
[2024-09-03T11:46:55.445+0000] {logging_mixin.py:190} INFO - [2024-09-03T11:46:55.445+0000] {dag.py:4138} INFO - Setting next_dagrun for example_sla_dag to 2024-09-03 11:44:00+00:00, run_after=2024-09-03 11:46:00+00:00
[2024-09-03T11:46:55.489+0000] {processor.py:208} INFO - Processing /home/airflow/.local/lib/python3.12/site-packages/airflow/example_dags/example_sla_dag.py took 0.141 seconds
[2024-09-03T11:47:26.333+0000] {processor.py:186} INFO - Started process (PID=2544) to work on /home/airflow/.local/lib/python3.12/site-packages/airflow/example_dags/example_sla_dag.py
[2024-09-03T11:47:26.335+0000] {processor.py:914} INFO - Processing file /home/airflow/.local/lib/python3.12/site-packages/airflow/example_dags/example_sla_dag.py for tasks to queue
[2024-09-03T11:47:26.341+0000] {logging_mixin.py:190} INFO - [2024-09-03T11:47:26.340+0000] {dagbag.py:587} INFO - Filling up the DagBag from /home/airflow/.local/lib/python3.12/site-packages/airflow/example_dags/example_sla_dag.py
[2024-09-03T11:47:26.362+0000] {processor.py:925} INFO - DAG(s) 'example_sla_dag' retrieved from /home/airflow/.local/lib/python3.12/site-packages/airflow/example_dags/example_sla_dag.py
[2024-09-03T11:47:26.406+0000] {logging_mixin.py:190} INFO - [2024-09-03T11:47:26.405+0000] {dag.py:3211} INFO - Sync 1 DAGs
[2024-09-03T11:47:26.458+0000] {logging_mixin.py:190} INFO - [2024-09-03T11:47:26.456+0000] {dag.py:4138} INFO - Setting next_dagrun for example_sla_dag to 2024-09-03 11:44:00+00:00, run_after=2024-09-03 11:46:00+00:00
[2024-09-03T11:47:26.513+0000] {processor.py:208} INFO - Processing /home/airflow/.local/lib/python3.12/site-packages/airflow/example_dags/example_sla_dag.py took 0.191 seconds
[2024-09-03T11:47:57.368+0000] {processor.py:186} INFO - Started process (PID=2607) to work on /home/airflow/.local/lib/python3.12/site-packages/airflow/example_dags/example_sla_dag.py
[2024-09-03T11:47:57.370+0000] {processor.py:914} INFO - Processing file /home/airflow/.local/lib/python3.12/site-packages/airflow/example_dags/example_sla_dag.py for tasks to queue
[2024-09-03T11:47:57.376+0000] {logging_mixin.py:190} INFO - [2024-09-03T11:47:57.375+0000] {dagbag.py:587} INFO - Filling up the DagBag from /home/airflow/.local/lib/python3.12/site-packages/airflow/example_dags/example_sla_dag.py
[2024-09-03T11:47:57.395+0000] {processor.py:925} INFO - DAG(s) 'example_sla_dag' retrieved from /home/airflow/.local/lib/python3.12/site-packages/airflow/example_dags/example_sla_dag.py
[2024-09-03T11:47:57.447+0000] {logging_mixin.py:190} INFO - [2024-09-03T11:47:57.447+0000] {dag.py:3211} INFO - Sync 1 DAGs
[2024-09-03T11:47:57.514+0000] {logging_mixin.py:190} INFO - [2024-09-03T11:47:57.513+0000] {dag.py:4138} INFO - Setting next_dagrun for example_sla_dag to 2024-09-03 11:44:00+00:00, run_after=2024-09-03 11:46:00+00:00
[2024-09-03T11:47:57.568+0000] {processor.py:208} INFO - Processing /home/airflow/.local/lib/python3.12/site-packages/airflow/example_dags/example_sla_dag.py took 0.212 seconds
[2024-09-03T11:48:27.783+0000] {processor.py:186} INFO - Started process (PID=2670) to work on /home/airflow/.local/lib/python3.12/site-packages/airflow/example_dags/example_sla_dag.py
[2024-09-03T11:48:27.785+0000] {processor.py:914} INFO - Processing file /home/airflow/.local/lib/python3.12/site-packages/airflow/example_dags/example_sla_dag.py for tasks to queue
[2024-09-03T11:48:27.790+0000] {logging_mixin.py:190} INFO - [2024-09-03T11:48:27.789+0000] {dagbag.py:587} INFO - Filling up the DagBag from /home/airflow/.local/lib/python3.12/site-packages/airflow/example_dags/example_sla_dag.py
[2024-09-03T11:48:27.808+0000] {processor.py:925} INFO - DAG(s) 'example_sla_dag' retrieved from /home/airflow/.local/lib/python3.12/site-packages/airflow/example_dags/example_sla_dag.py
[2024-09-03T11:48:27.846+0000] {logging_mixin.py:190} INFO - [2024-09-03T11:48:27.845+0000] {dag.py:3211} INFO - Sync 1 DAGs
[2024-09-03T11:48:27.905+0000] {logging_mixin.py:190} INFO - [2024-09-03T11:48:27.905+0000] {dag.py:4138} INFO - Setting next_dagrun for example_sla_dag to 2024-09-03 11:46:00+00:00, run_after=2024-09-03 11:48:00+00:00
[2024-09-03T11:48:27.945+0000] {processor.py:208} INFO - Processing /home/airflow/.local/lib/python3.12/site-packages/airflow/example_dags/example_sla_dag.py took 0.170 seconds
[2024-09-03T11:48:58.182+0000] {processor.py:186} INFO - Started process (PID=2733) to work on /home/airflow/.local/lib/python3.12/site-packages/airflow/example_dags/example_sla_dag.py
[2024-09-03T11:48:58.184+0000] {processor.py:914} INFO - Processing file /home/airflow/.local/lib/python3.12/site-packages/airflow/example_dags/example_sla_dag.py for tasks to queue
[2024-09-03T11:48:58.192+0000] {logging_mixin.py:190} INFO - [2024-09-03T11:48:58.191+0000] {dagbag.py:587} INFO - Filling up the DagBag from /home/airflow/.local/lib/python3.12/site-packages/airflow/example_dags/example_sla_dag.py
[2024-09-03T11:48:58.214+0000] {processor.py:925} INFO - DAG(s) 'example_sla_dag' retrieved from /home/airflow/.local/lib/python3.12/site-packages/airflow/example_dags/example_sla_dag.py
[2024-09-03T11:48:58.269+0000] {logging_mixin.py:190} INFO - [2024-09-03T11:48:58.268+0000] {dag.py:3211} INFO - Sync 1 DAGs
[2024-09-03T11:48:58.370+0000] {logging_mixin.py:190} INFO - [2024-09-03T11:48:58.370+0000] {dag.py:4138} INFO - Setting next_dagrun for example_sla_dag to 2024-09-03 11:46:00+00:00, run_after=2024-09-03 11:48:00+00:00
[2024-09-03T11:48:58.428+0000] {processor.py:208} INFO - Processing /home/airflow/.local/lib/python3.12/site-packages/airflow/example_dags/example_sla_dag.py took 0.259 seconds
[2024-09-03T11:49:29.391+0000] {processor.py:186} INFO - Started process (PID=2796) to work on /home/airflow/.local/lib/python3.12/site-packages/airflow/example_dags/example_sla_dag.py
[2024-09-03T11:49:29.401+0000] {processor.py:914} INFO - Processing file /home/airflow/.local/lib/python3.12/site-packages/airflow/example_dags/example_sla_dag.py for tasks to queue
[2024-09-03T11:49:29.415+0000] {logging_mixin.py:190} INFO - [2024-09-03T11:49:29.414+0000] {dagbag.py:587} INFO - Filling up the DagBag from /home/airflow/.local/lib/python3.12/site-packages/airflow/example_dags/example_sla_dag.py
[2024-09-03T11:49:29.454+0000] {processor.py:925} INFO - DAG(s) 'example_sla_dag' retrieved from /home/airflow/.local/lib/python3.12/site-packages/airflow/example_dags/example_sla_dag.py
[2024-09-03T11:49:29.509+0000] {logging_mixin.py:190} INFO - [2024-09-03T11:49:29.508+0000] {dag.py:3211} INFO - Sync 1 DAGs
[2024-09-03T11:49:29.600+0000] {logging_mixin.py:190} INFO - [2024-09-03T11:49:29.600+0000] {dag.py:4138} INFO - Setting next_dagrun for example_sla_dag to 2024-09-03 11:46:00+00:00, run_after=2024-09-03 11:48:00+00:00
[2024-09-03T11:49:29.690+0000] {processor.py:208} INFO - Processing /home/airflow/.local/lib/python3.12/site-packages/airflow/example_dags/example_sla_dag.py took 0.318 seconds
[2024-09-03T11:49:59.942+0000] {processor.py:186} INFO - Started process (PID=2859) to work on /home/airflow/.local/lib/python3.12/site-packages/airflow/example_dags/example_sla_dag.py
[2024-09-03T11:49:59.945+0000] {processor.py:914} INFO - Processing file /home/airflow/.local/lib/python3.12/site-packages/airflow/example_dags/example_sla_dag.py for tasks to queue
[2024-09-03T11:49:59.951+0000] {logging_mixin.py:190} INFO - [2024-09-03T11:49:59.951+0000] {dagbag.py:587} INFO - Filling up the DagBag from /home/airflow/.local/lib/python3.12/site-packages/airflow/example_dags/example_sla_dag.py
[2024-09-03T11:49:59.986+0000] {processor.py:925} INFO - DAG(s) 'example_sla_dag' retrieved from /home/airflow/.local/lib/python3.12/site-packages/airflow/example_dags/example_sla_dag.py
[2024-09-03T11:50:00.047+0000] {logging_mixin.py:190} INFO - [2024-09-03T11:50:00.046+0000] {dag.py:3211} INFO - Sync 1 DAGs
[2024-09-03T11:50:00.150+0000] {logging_mixin.py:190} INFO - [2024-09-03T11:50:00.149+0000] {dag.py:4138} INFO - Setting next_dagrun for example_sla_dag to 2024-09-03 11:48:00+00:00, run_after=2024-09-03 11:50:00+00:00
[2024-09-03T11:50:00.210+0000] {processor.py:208} INFO - Processing /home/airflow/.local/lib/python3.12/site-packages/airflow/example_dags/example_sla_dag.py took 0.279 seconds
[2024-09-03T11:50:30.358+0000] {processor.py:186} INFO - Started process (PID=2922) to work on /home/airflow/.local/lib/python3.12/site-packages/airflow/example_dags/example_sla_dag.py
[2024-09-03T11:50:30.361+0000] {processor.py:914} INFO - Processing file /home/airflow/.local/lib/python3.12/site-packages/airflow/example_dags/example_sla_dag.py for tasks to queue
[2024-09-03T11:50:30.366+0000] {logging_mixin.py:190} INFO - [2024-09-03T11:50:30.365+0000] {dagbag.py:587} INFO - Filling up the DagBag from /home/airflow/.local/lib/python3.12/site-packages/airflow/example_dags/example_sla_dag.py
[2024-09-03T11:50:30.389+0000] {processor.py:925} INFO - DAG(s) 'example_sla_dag' retrieved from /home/airflow/.local/lib/python3.12/site-packages/airflow/example_dags/example_sla_dag.py
[2024-09-03T11:50:30.432+0000] {logging_mixin.py:190} INFO - [2024-09-03T11:50:30.431+0000] {dag.py:3211} INFO - Sync 1 DAGs
[2024-09-03T11:50:30.485+0000] {logging_mixin.py:190} INFO - [2024-09-03T11:50:30.484+0000] {dag.py:4138} INFO - Setting next_dagrun for example_sla_dag to 2024-09-03 11:48:00+00:00, run_after=2024-09-03 11:50:00+00:00
[2024-09-03T11:50:30.537+0000] {processor.py:208} INFO - Processing /home/airflow/.local/lib/python3.12/site-packages/airflow/example_dags/example_sla_dag.py took 0.190 seconds
