[2024-09-03T11:27:30.878+0000] {processor.py:186} INFO - Started process (PID=73) to work on /home/airflow/.local/lib/python3.12/site-packages/airflow/example_dags/example_branch_labels.py
[2024-09-03T11:27:30.881+0000] {processor.py:914} INFO - Processing file /home/airflow/.local/lib/python3.12/site-packages/airflow/example_dags/example_branch_labels.py for tasks to queue
[2024-09-03T11:27:30.886+0000] {logging_mixin.py:190} INFO - [2024-09-03T11:27:30.885+0000] {dagbag.py:587} INFO - Filling up the DagBag from /home/airflow/.local/lib/python3.12/site-packages/airflow/example_dags/example_branch_labels.py
[2024-09-03T11:27:30.917+0000] {processor.py:925} INFO - DAG(s) 'example_branch_labels' retrieved from /home/airflow/.local/lib/python3.12/site-packages/airflow/example_dags/example_branch_labels.py
[2024-09-03T11:27:30.981+0000] {logging_mixin.py:190} INFO - [2024-09-03T11:27:30.980+0000] {dag.py:3211} INFO - Sync 1 DAGs
[2024-09-03T11:27:31.051+0000] {logging_mixin.py:190} INFO - [2024-09-03T11:27:31.050+0000] {dag.py:4138} INFO - Setting next_dagrun for example_branch_labels to 2024-09-02 00:00:00+00:00, run_after=2024-09-03 00:00:00+00:00
[2024-09-03T11:27:31.105+0000] {processor.py:208} INFO - Processing /home/airflow/.local/lib/python3.12/site-packages/airflow/example_dags/example_branch_labels.py took 0.234 seconds
[2024-09-03T11:28:01.970+0000] {processor.py:186} INFO - Started process (PID=136) to work on /home/airflow/.local/lib/python3.12/site-packages/airflow/example_dags/example_branch_labels.py
[2024-09-03T11:28:01.972+0000] {processor.py:914} INFO - Processing file /home/airflow/.local/lib/python3.12/site-packages/airflow/example_dags/example_branch_labels.py for tasks to queue
[2024-09-03T11:28:01.975+0000] {logging_mixin.py:190} INFO - [2024-09-03T11:28:01.974+0000] {dagbag.py:587} INFO - Filling up the DagBag from /home/airflow/.local/lib/python3.12/site-packages/airflow/example_dags/example_branch_labels.py
[2024-09-03T11:28:01.984+0000] {processor.py:925} INFO - DAG(s) 'example_branch_labels' retrieved from /home/airflow/.local/lib/python3.12/site-packages/airflow/example_dags/example_branch_labels.py
[2024-09-03T11:28:02.008+0000] {logging_mixin.py:190} INFO - [2024-09-03T11:28:02.008+0000] {dag.py:3211} INFO - Sync 1 DAGs
[2024-09-03T11:28:02.037+0000] {logging_mixin.py:190} INFO - [2024-09-03T11:28:02.037+0000] {dag.py:4138} INFO - Setting next_dagrun for example_branch_labels to 2024-09-02 00:00:00+00:00, run_after=2024-09-03 00:00:00+00:00
[2024-09-03T11:28:02.062+0000] {processor.py:208} INFO - Processing /home/airflow/.local/lib/python3.12/site-packages/airflow/example_dags/example_branch_labels.py took 0.098 seconds
[2024-09-03T11:28:32.559+0000] {processor.py:186} INFO - Started process (PID=207) to work on /home/airflow/.local/lib/python3.12/site-packages/airflow/example_dags/example_branch_labels.py
[2024-09-03T11:28:32.561+0000] {processor.py:914} INFO - Processing file /home/airflow/.local/lib/python3.12/site-packages/airflow/example_dags/example_branch_labels.py for tasks to queue
[2024-09-03T11:28:32.565+0000] {logging_mixin.py:190} INFO - [2024-09-03T11:28:32.564+0000] {dagbag.py:587} INFO - Filling up the DagBag from /home/airflow/.local/lib/python3.12/site-packages/airflow/example_dags/example_branch_labels.py
[2024-09-03T11:28:32.574+0000] {processor.py:925} INFO - DAG(s) 'example_branch_labels' retrieved from /home/airflow/.local/lib/python3.12/site-packages/airflow/example_dags/example_branch_labels.py
[2024-09-03T11:28:32.599+0000] {logging_mixin.py:190} INFO - [2024-09-03T11:28:32.599+0000] {dag.py:3211} INFO - Sync 1 DAGs
[2024-09-03T11:28:32.625+0000] {logging_mixin.py:190} INFO - [2024-09-03T11:28:32.624+0000] {dag.py:4138} INFO - Setting next_dagrun for example_branch_labels to 2024-09-02 00:00:00+00:00, run_after=2024-09-03 00:00:00+00:00
[2024-09-03T11:28:32.647+0000] {processor.py:208} INFO - Processing /home/airflow/.local/lib/python3.12/site-packages/airflow/example_dags/example_branch_labels.py took 0.093 seconds
[2024-09-03T11:29:02.918+0000] {processor.py:186} INFO - Started process (PID=270) to work on /home/airflow/.local/lib/python3.12/site-packages/airflow/example_dags/example_branch_labels.py
[2024-09-03T11:29:02.919+0000] {processor.py:914} INFO - Processing file /home/airflow/.local/lib/python3.12/site-packages/airflow/example_dags/example_branch_labels.py for tasks to queue
[2024-09-03T11:29:02.922+0000] {logging_mixin.py:190} INFO - [2024-09-03T11:29:02.921+0000] {dagbag.py:587} INFO - Filling up the DagBag from /home/airflow/.local/lib/python3.12/site-packages/airflow/example_dags/example_branch_labels.py
[2024-09-03T11:29:02.931+0000] {processor.py:925} INFO - DAG(s) 'example_branch_labels' retrieved from /home/airflow/.local/lib/python3.12/site-packages/airflow/example_dags/example_branch_labels.py
[2024-09-03T11:29:02.955+0000] {logging_mixin.py:190} INFO - [2024-09-03T11:29:02.955+0000] {dag.py:3211} INFO - Sync 1 DAGs
[2024-09-03T11:29:02.979+0000] {logging_mixin.py:190} INFO - [2024-09-03T11:29:02.979+0000] {dag.py:4138} INFO - Setting next_dagrun for example_branch_labels to 2024-09-02 00:00:00+00:00, run_after=2024-09-03 00:00:00+00:00
[2024-09-03T11:29:03.005+0000] {processor.py:208} INFO - Processing /home/airflow/.local/lib/python3.12/site-packages/airflow/example_dags/example_branch_labels.py took 0.092 seconds
[2024-09-03T11:29:33.650+0000] {processor.py:186} INFO - Started process (PID=333) to work on /home/airflow/.local/lib/python3.12/site-packages/airflow/example_dags/example_branch_labels.py
[2024-09-03T11:29:33.652+0000] {processor.py:914} INFO - Processing file /home/airflow/.local/lib/python3.12/site-packages/airflow/example_dags/example_branch_labels.py for tasks to queue
[2024-09-03T11:29:33.655+0000] {logging_mixin.py:190} INFO - [2024-09-03T11:29:33.655+0000] {dagbag.py:587} INFO - Filling up the DagBag from /home/airflow/.local/lib/python3.12/site-packages/airflow/example_dags/example_branch_labels.py
[2024-09-03T11:29:33.664+0000] {processor.py:925} INFO - DAG(s) 'example_branch_labels' retrieved from /home/airflow/.local/lib/python3.12/site-packages/airflow/example_dags/example_branch_labels.py
[2024-09-03T11:29:33.691+0000] {logging_mixin.py:190} INFO - [2024-09-03T11:29:33.691+0000] {dag.py:3211} INFO - Sync 1 DAGs
[2024-09-03T11:29:33.721+0000] {logging_mixin.py:190} INFO - [2024-09-03T11:29:33.721+0000] {dag.py:4138} INFO - Setting next_dagrun for example_branch_labels to 2024-09-02 00:00:00+00:00, run_after=2024-09-03 00:00:00+00:00
[2024-09-03T11:29:33.745+0000] {processor.py:208} INFO - Processing /home/airflow/.local/lib/python3.12/site-packages/airflow/example_dags/example_branch_labels.py took 0.101 seconds
[2024-09-03T11:30:04.417+0000] {processor.py:186} INFO - Started process (PID=396) to work on /home/airflow/.local/lib/python3.12/site-packages/airflow/example_dags/example_branch_labels.py
[2024-09-03T11:30:04.419+0000] {processor.py:914} INFO - Processing file /home/airflow/.local/lib/python3.12/site-packages/airflow/example_dags/example_branch_labels.py for tasks to queue
[2024-09-03T11:30:04.421+0000] {logging_mixin.py:190} INFO - [2024-09-03T11:30:04.421+0000] {dagbag.py:587} INFO - Filling up the DagBag from /home/airflow/.local/lib/python3.12/site-packages/airflow/example_dags/example_branch_labels.py
[2024-09-03T11:30:04.431+0000] {processor.py:925} INFO - DAG(s) 'example_branch_labels' retrieved from /home/airflow/.local/lib/python3.12/site-packages/airflow/example_dags/example_branch_labels.py
[2024-09-03T11:30:04.455+0000] {logging_mixin.py:190} INFO - [2024-09-03T11:30:04.455+0000] {dag.py:3211} INFO - Sync 1 DAGs
[2024-09-03T11:30:04.481+0000] {logging_mixin.py:190} INFO - [2024-09-03T11:30:04.481+0000] {dag.py:4138} INFO - Setting next_dagrun for example_branch_labels to 2024-09-02 00:00:00+00:00, run_after=2024-09-03 00:00:00+00:00
[2024-09-03T11:30:04.504+0000] {processor.py:208} INFO - Processing /home/airflow/.local/lib/python3.12/site-packages/airflow/example_dags/example_branch_labels.py took 0.093 seconds
[2024-09-03T11:30:34.675+0000] {processor.py:186} INFO - Started process (PID=459) to work on /home/airflow/.local/lib/python3.12/site-packages/airflow/example_dags/example_branch_labels.py
[2024-09-03T11:30:34.678+0000] {processor.py:914} INFO - Processing file /home/airflow/.local/lib/python3.12/site-packages/airflow/example_dags/example_branch_labels.py for tasks to queue
[2024-09-03T11:30:34.682+0000] {logging_mixin.py:190} INFO - [2024-09-03T11:30:34.681+0000] {dagbag.py:587} INFO - Filling up the DagBag from /home/airflow/.local/lib/python3.12/site-packages/airflow/example_dags/example_branch_labels.py
[2024-09-03T11:30:34.698+0000] {processor.py:925} INFO - DAG(s) 'example_branch_labels' retrieved from /home/airflow/.local/lib/python3.12/site-packages/airflow/example_dags/example_branch_labels.py
[2024-09-03T11:30:34.726+0000] {logging_mixin.py:190} INFO - [2024-09-03T11:30:34.725+0000] {dag.py:3211} INFO - Sync 1 DAGs
[2024-09-03T11:30:34.766+0000] {logging_mixin.py:190} INFO - [2024-09-03T11:30:34.766+0000] {dag.py:4138} INFO - Setting next_dagrun for example_branch_labels to 2024-09-02 00:00:00+00:00, run_after=2024-09-03 00:00:00+00:00
[2024-09-03T11:30:34.793+0000] {processor.py:208} INFO - Processing /home/airflow/.local/lib/python3.12/site-packages/airflow/example_dags/example_branch_labels.py took 0.126 seconds
[2024-09-03T11:31:05.096+0000] {processor.py:186} INFO - Started process (PID=523) to work on /home/airflow/.local/lib/python3.12/site-packages/airflow/example_dags/example_branch_labels.py
[2024-09-03T11:31:05.098+0000] {processor.py:914} INFO - Processing file /home/airflow/.local/lib/python3.12/site-packages/airflow/example_dags/example_branch_labels.py for tasks to queue
[2024-09-03T11:31:05.102+0000] {logging_mixin.py:190} INFO - [2024-09-03T11:31:05.101+0000] {dagbag.py:587} INFO - Filling up the DagBag from /home/airflow/.local/lib/python3.12/site-packages/airflow/example_dags/example_branch_labels.py
[2024-09-03T11:31:05.117+0000] {processor.py:925} INFO - DAG(s) 'example_branch_labels' retrieved from /home/airflow/.local/lib/python3.12/site-packages/airflow/example_dags/example_branch_labels.py
[2024-09-03T11:31:05.153+0000] {logging_mixin.py:190} INFO - [2024-09-03T11:31:05.153+0000] {dag.py:3211} INFO - Sync 1 DAGs
[2024-09-03T11:31:05.226+0000] {logging_mixin.py:190} INFO - [2024-09-03T11:31:05.225+0000] {dag.py:4138} INFO - Setting next_dagrun for example_branch_labels to 2024-09-02 00:00:00+00:00, run_after=2024-09-03 00:00:00+00:00
[2024-09-03T11:31:05.280+0000] {processor.py:208} INFO - Processing /home/airflow/.local/lib/python3.12/site-packages/airflow/example_dags/example_branch_labels.py took 0.197 seconds
[2024-09-03T11:31:35.361+0000] {processor.py:186} INFO - Started process (PID=586) to work on /home/airflow/.local/lib/python3.12/site-packages/airflow/example_dags/example_branch_labels.py
[2024-09-03T11:31:35.365+0000] {processor.py:914} INFO - Processing file /home/airflow/.local/lib/python3.12/site-packages/airflow/example_dags/example_branch_labels.py for tasks to queue
[2024-09-03T11:31:35.369+0000] {logging_mixin.py:190} INFO - [2024-09-03T11:31:35.368+0000] {dagbag.py:587} INFO - Filling up the DagBag from /home/airflow/.local/lib/python3.12/site-packages/airflow/example_dags/example_branch_labels.py
[2024-09-03T11:31:35.384+0000] {processor.py:925} INFO - DAG(s) 'example_branch_labels' retrieved from /home/airflow/.local/lib/python3.12/site-packages/airflow/example_dags/example_branch_labels.py
[2024-09-03T11:31:35.416+0000] {logging_mixin.py:190} INFO - [2024-09-03T11:31:35.416+0000] {dag.py:3211} INFO - Sync 1 DAGs
[2024-09-03T11:31:35.452+0000] {logging_mixin.py:190} INFO - [2024-09-03T11:31:35.452+0000] {dag.py:4138} INFO - Setting next_dagrun for example_branch_labels to 2024-09-02 00:00:00+00:00, run_after=2024-09-03 00:00:00+00:00
[2024-09-03T11:31:35.498+0000] {processor.py:208} INFO - Processing /home/airflow/.local/lib/python3.12/site-packages/airflow/example_dags/example_branch_labels.py took 0.144 seconds
[2024-09-03T11:32:05.888+0000] {processor.py:186} INFO - Started process (PID=649) to work on /home/airflow/.local/lib/python3.12/site-packages/airflow/example_dags/example_branch_labels.py
[2024-09-03T11:32:05.889+0000] {processor.py:914} INFO - Processing file /home/airflow/.local/lib/python3.12/site-packages/airflow/example_dags/example_branch_labels.py for tasks to queue
[2024-09-03T11:32:05.892+0000] {logging_mixin.py:190} INFO - [2024-09-03T11:32:05.892+0000] {dagbag.py:587} INFO - Filling up the DagBag from /home/airflow/.local/lib/python3.12/site-packages/airflow/example_dags/example_branch_labels.py
[2024-09-03T11:32:05.902+0000] {processor.py:925} INFO - DAG(s) 'example_branch_labels' retrieved from /home/airflow/.local/lib/python3.12/site-packages/airflow/example_dags/example_branch_labels.py
[2024-09-03T11:32:05.926+0000] {logging_mixin.py:190} INFO - [2024-09-03T11:32:05.926+0000] {dag.py:3211} INFO - Sync 1 DAGs
[2024-09-03T11:32:05.954+0000] {logging_mixin.py:190} INFO - [2024-09-03T11:32:05.954+0000] {dag.py:4138} INFO - Setting next_dagrun for example_branch_labels to 2024-09-02 00:00:00+00:00, run_after=2024-09-03 00:00:00+00:00
[2024-09-03T11:32:05.977+0000] {processor.py:208} INFO - Processing /home/airflow/.local/lib/python3.12/site-packages/airflow/example_dags/example_branch_labels.py took 0.094 seconds
[2024-09-03T11:32:36.956+0000] {processor.py:186} INFO - Started process (PID=712) to work on /home/airflow/.local/lib/python3.12/site-packages/airflow/example_dags/example_branch_labels.py
[2024-09-03T11:32:36.959+0000] {processor.py:914} INFO - Processing file /home/airflow/.local/lib/python3.12/site-packages/airflow/example_dags/example_branch_labels.py for tasks to queue
[2024-09-03T11:32:36.964+0000] {logging_mixin.py:190} INFO - [2024-09-03T11:32:36.963+0000] {dagbag.py:587} INFO - Filling up the DagBag from /home/airflow/.local/lib/python3.12/site-packages/airflow/example_dags/example_branch_labels.py
[2024-09-03T11:32:36.989+0000] {processor.py:925} INFO - DAG(s) 'example_branch_labels' retrieved from /home/airflow/.local/lib/python3.12/site-packages/airflow/example_dags/example_branch_labels.py
[2024-09-03T11:32:37.028+0000] {logging_mixin.py:190} INFO - [2024-09-03T11:32:37.027+0000] {dag.py:3211} INFO - Sync 1 DAGs
[2024-09-03T11:32:37.086+0000] {logging_mixin.py:190} INFO - [2024-09-03T11:32:37.085+0000] {dag.py:4138} INFO - Setting next_dagrun for example_branch_labels to 2024-09-02 00:00:00+00:00, run_after=2024-09-03 00:00:00+00:00
[2024-09-03T11:32:37.115+0000] {processor.py:208} INFO - Processing /home/airflow/.local/lib/python3.12/site-packages/airflow/example_dags/example_branch_labels.py took 0.168 seconds
[2024-09-03T11:33:07.913+0000] {processor.py:186} INFO - Started process (PID=775) to work on /home/airflow/.local/lib/python3.12/site-packages/airflow/example_dags/example_branch_labels.py
[2024-09-03T11:33:07.914+0000] {processor.py:914} INFO - Processing file /home/airflow/.local/lib/python3.12/site-packages/airflow/example_dags/example_branch_labels.py for tasks to queue
[2024-09-03T11:33:07.918+0000] {logging_mixin.py:190} INFO - [2024-09-03T11:33:07.917+0000] {dagbag.py:587} INFO - Filling up the DagBag from /home/airflow/.local/lib/python3.12/site-packages/airflow/example_dags/example_branch_labels.py
[2024-09-03T11:33:07.929+0000] {processor.py:925} INFO - DAG(s) 'example_branch_labels' retrieved from /home/airflow/.local/lib/python3.12/site-packages/airflow/example_dags/example_branch_labels.py
[2024-09-03T11:33:07.957+0000] {logging_mixin.py:190} INFO - [2024-09-03T11:33:07.956+0000] {dag.py:3211} INFO - Sync 1 DAGs
[2024-09-03T11:33:07.991+0000] {logging_mixin.py:190} INFO - [2024-09-03T11:33:07.990+0000] {dag.py:4138} INFO - Setting next_dagrun for example_branch_labels to 2024-09-02 00:00:00+00:00, run_after=2024-09-03 00:00:00+00:00
[2024-09-03T11:33:08.020+0000] {processor.py:208} INFO - Processing /home/airflow/.local/lib/python3.12/site-packages/airflow/example_dags/example_branch_labels.py took 0.113 seconds
[2024-09-03T11:33:38.204+0000] {processor.py:186} INFO - Started process (PID=838) to work on /home/airflow/.local/lib/python3.12/site-packages/airflow/example_dags/example_branch_labels.py
[2024-09-03T11:33:38.205+0000] {processor.py:914} INFO - Processing file /home/airflow/.local/lib/python3.12/site-packages/airflow/example_dags/example_branch_labels.py for tasks to queue
[2024-09-03T11:33:38.208+0000] {logging_mixin.py:190} INFO - [2024-09-03T11:33:38.207+0000] {dagbag.py:587} INFO - Filling up the DagBag from /home/airflow/.local/lib/python3.12/site-packages/airflow/example_dags/example_branch_labels.py
[2024-09-03T11:33:38.220+0000] {processor.py:925} INFO - DAG(s) 'example_branch_labels' retrieved from /home/airflow/.local/lib/python3.12/site-packages/airflow/example_dags/example_branch_labels.py
[2024-09-03T11:33:38.245+0000] {logging_mixin.py:190} INFO - [2024-09-03T11:33:38.245+0000] {dag.py:3211} INFO - Sync 1 DAGs
[2024-09-03T11:33:38.279+0000] {logging_mixin.py:190} INFO - [2024-09-03T11:33:38.279+0000] {dag.py:4138} INFO - Setting next_dagrun for example_branch_labels to 2024-09-02 00:00:00+00:00, run_after=2024-09-03 00:00:00+00:00
[2024-09-03T11:33:38.306+0000] {processor.py:208} INFO - Processing /home/airflow/.local/lib/python3.12/site-packages/airflow/example_dags/example_branch_labels.py took 0.108 seconds
[2024-09-03T11:34:08.901+0000] {processor.py:186} INFO - Started process (PID=901) to work on /home/airflow/.local/lib/python3.12/site-packages/airflow/example_dags/example_branch_labels.py
[2024-09-03T11:34:08.902+0000] {processor.py:914} INFO - Processing file /home/airflow/.local/lib/python3.12/site-packages/airflow/example_dags/example_branch_labels.py for tasks to queue
[2024-09-03T11:34:08.905+0000] {logging_mixin.py:190} INFO - [2024-09-03T11:34:08.904+0000] {dagbag.py:587} INFO - Filling up the DagBag from /home/airflow/.local/lib/python3.12/site-packages/airflow/example_dags/example_branch_labels.py
[2024-09-03T11:34:08.914+0000] {processor.py:925} INFO - DAG(s) 'example_branch_labels' retrieved from /home/airflow/.local/lib/python3.12/site-packages/airflow/example_dags/example_branch_labels.py
[2024-09-03T11:34:08.938+0000] {logging_mixin.py:190} INFO - [2024-09-03T11:34:08.938+0000] {dag.py:3211} INFO - Sync 1 DAGs
[2024-09-03T11:34:08.968+0000] {logging_mixin.py:190} INFO - [2024-09-03T11:34:08.967+0000] {dag.py:4138} INFO - Setting next_dagrun for example_branch_labels to 2024-09-02 00:00:00+00:00, run_after=2024-09-03 00:00:00+00:00
[2024-09-03T11:34:08.993+0000] {processor.py:208} INFO - Processing /home/airflow/.local/lib/python3.12/site-packages/airflow/example_dags/example_branch_labels.py took 0.098 seconds
[2024-09-03T11:34:39.502+0000] {processor.py:186} INFO - Started process (PID=964) to work on /home/airflow/.local/lib/python3.12/site-packages/airflow/example_dags/example_branch_labels.py
[2024-09-03T11:34:39.504+0000] {processor.py:914} INFO - Processing file /home/airflow/.local/lib/python3.12/site-packages/airflow/example_dags/example_branch_labels.py for tasks to queue
[2024-09-03T11:34:39.508+0000] {logging_mixin.py:190} INFO - [2024-09-03T11:34:39.507+0000] {dagbag.py:587} INFO - Filling up the DagBag from /home/airflow/.local/lib/python3.12/site-packages/airflow/example_dags/example_branch_labels.py
[2024-09-03T11:34:39.525+0000] {processor.py:925} INFO - DAG(s) 'example_branch_labels' retrieved from /home/airflow/.local/lib/python3.12/site-packages/airflow/example_dags/example_branch_labels.py
[2024-09-03T11:34:39.573+0000] {logging_mixin.py:190} INFO - [2024-09-03T11:34:39.572+0000] {dag.py:3211} INFO - Sync 1 DAGs
[2024-09-03T11:34:39.615+0000] {logging_mixin.py:190} INFO - [2024-09-03T11:34:39.615+0000] {dag.py:4138} INFO - Setting next_dagrun for example_branch_labels to 2024-09-02 00:00:00+00:00, run_after=2024-09-03 00:00:00+00:00
[2024-09-03T11:34:39.648+0000] {processor.py:208} INFO - Processing /home/airflow/.local/lib/python3.12/site-packages/airflow/example_dags/example_branch_labels.py took 0.155 seconds
[2024-09-03T11:35:09.960+0000] {processor.py:186} INFO - Started process (PID=1027) to work on /home/airflow/.local/lib/python3.12/site-packages/airflow/example_dags/example_branch_labels.py
[2024-09-03T11:35:09.961+0000] {processor.py:914} INFO - Processing file /home/airflow/.local/lib/python3.12/site-packages/airflow/example_dags/example_branch_labels.py for tasks to queue
[2024-09-03T11:35:09.964+0000] {logging_mixin.py:190} INFO - [2024-09-03T11:35:09.963+0000] {dagbag.py:587} INFO - Filling up the DagBag from /home/airflow/.local/lib/python3.12/site-packages/airflow/example_dags/example_branch_labels.py
[2024-09-03T11:35:09.973+0000] {processor.py:925} INFO - DAG(s) 'example_branch_labels' retrieved from /home/airflow/.local/lib/python3.12/site-packages/airflow/example_dags/example_branch_labels.py
[2024-09-03T11:35:09.996+0000] {logging_mixin.py:190} INFO - [2024-09-03T11:35:09.996+0000] {dag.py:3211} INFO - Sync 1 DAGs
[2024-09-03T11:35:10.025+0000] {logging_mixin.py:190} INFO - [2024-09-03T11:35:10.025+0000] {dag.py:4138} INFO - Setting next_dagrun for example_branch_labels to 2024-09-02 00:00:00+00:00, run_after=2024-09-03 00:00:00+00:00
[2024-09-03T11:35:10.052+0000] {processor.py:208} INFO - Processing /home/airflow/.local/lib/python3.12/site-packages/airflow/example_dags/example_branch_labels.py took 0.099 seconds
[2024-09-03T11:35:40.663+0000] {processor.py:186} INFO - Started process (PID=1090) to work on /home/airflow/.local/lib/python3.12/site-packages/airflow/example_dags/example_branch_labels.py
[2024-09-03T11:35:40.664+0000] {processor.py:914} INFO - Processing file /home/airflow/.local/lib/python3.12/site-packages/airflow/example_dags/example_branch_labels.py for tasks to queue
[2024-09-03T11:35:40.667+0000] {logging_mixin.py:190} INFO - [2024-09-03T11:35:40.666+0000] {dagbag.py:587} INFO - Filling up the DagBag from /home/airflow/.local/lib/python3.12/site-packages/airflow/example_dags/example_branch_labels.py
[2024-09-03T11:35:40.677+0000] {processor.py:925} INFO - DAG(s) 'example_branch_labels' retrieved from /home/airflow/.local/lib/python3.12/site-packages/airflow/example_dags/example_branch_labels.py
[2024-09-03T11:35:40.703+0000] {logging_mixin.py:190} INFO - [2024-09-03T11:35:40.702+0000] {dag.py:3211} INFO - Sync 1 DAGs
[2024-09-03T11:35:40.729+0000] {logging_mixin.py:190} INFO - [2024-09-03T11:35:40.728+0000] {dag.py:4138} INFO - Setting next_dagrun for example_branch_labels to 2024-09-02 00:00:00+00:00, run_after=2024-09-03 00:00:00+00:00
[2024-09-03T11:35:40.756+0000] {processor.py:208} INFO - Processing /home/airflow/.local/lib/python3.12/site-packages/airflow/example_dags/example_branch_labels.py took 0.098 seconds
[2024-09-03T11:36:11.643+0000] {processor.py:186} INFO - Started process (PID=1153) to work on /home/airflow/.local/lib/python3.12/site-packages/airflow/example_dags/example_branch_labels.py
[2024-09-03T11:36:11.644+0000] {processor.py:914} INFO - Processing file /home/airflow/.local/lib/python3.12/site-packages/airflow/example_dags/example_branch_labels.py for tasks to queue
[2024-09-03T11:36:11.647+0000] {logging_mixin.py:190} INFO - [2024-09-03T11:36:11.647+0000] {dagbag.py:587} INFO - Filling up the DagBag from /home/airflow/.local/lib/python3.12/site-packages/airflow/example_dags/example_branch_labels.py
[2024-09-03T11:36:11.656+0000] {processor.py:925} INFO - DAG(s) 'example_branch_labels' retrieved from /home/airflow/.local/lib/python3.12/site-packages/airflow/example_dags/example_branch_labels.py
[2024-09-03T11:36:11.683+0000] {logging_mixin.py:190} INFO - [2024-09-03T11:36:11.683+0000] {dag.py:3211} INFO - Sync 1 DAGs
[2024-09-03T11:36:11.710+0000] {logging_mixin.py:190} INFO - [2024-09-03T11:36:11.710+0000] {dag.py:4138} INFO - Setting next_dagrun for example_branch_labels to 2024-09-02 00:00:00+00:00, run_after=2024-09-03 00:00:00+00:00
[2024-09-03T11:36:11.736+0000] {processor.py:208} INFO - Processing /home/airflow/.local/lib/python3.12/site-packages/airflow/example_dags/example_branch_labels.py took 0.098 seconds
[2024-09-03T11:36:42.616+0000] {processor.py:186} INFO - Started process (PID=1216) to work on /home/airflow/.local/lib/python3.12/site-packages/airflow/example_dags/example_branch_labels.py
[2024-09-03T11:36:42.617+0000] {processor.py:914} INFO - Processing file /home/airflow/.local/lib/python3.12/site-packages/airflow/example_dags/example_branch_labels.py for tasks to queue
[2024-09-03T11:36:42.620+0000] {logging_mixin.py:190} INFO - [2024-09-03T11:36:42.620+0000] {dagbag.py:587} INFO - Filling up the DagBag from /home/airflow/.local/lib/python3.12/site-packages/airflow/example_dags/example_branch_labels.py
[2024-09-03T11:36:42.632+0000] {processor.py:925} INFO - DAG(s) 'example_branch_labels' retrieved from /home/airflow/.local/lib/python3.12/site-packages/airflow/example_dags/example_branch_labels.py
[2024-09-03T11:36:42.666+0000] {logging_mixin.py:190} INFO - [2024-09-03T11:36:42.666+0000] {dag.py:3211} INFO - Sync 1 DAGs
[2024-09-03T11:36:42.702+0000] {logging_mixin.py:190} INFO - [2024-09-03T11:36:42.701+0000] {dag.py:4138} INFO - Setting next_dagrun for example_branch_labels to 2024-09-02 00:00:00+00:00, run_after=2024-09-03 00:00:00+00:00
[2024-09-03T11:36:42.727+0000] {processor.py:208} INFO - Processing /home/airflow/.local/lib/python3.12/site-packages/airflow/example_dags/example_branch_labels.py took 0.118 seconds
[2024-09-03T11:37:13.460+0000] {processor.py:186} INFO - Started process (PID=1279) to work on /home/airflow/.local/lib/python3.12/site-packages/airflow/example_dags/example_branch_labels.py
[2024-09-03T11:37:13.462+0000] {processor.py:914} INFO - Processing file /home/airflow/.local/lib/python3.12/site-packages/airflow/example_dags/example_branch_labels.py for tasks to queue
[2024-09-03T11:37:13.466+0000] {logging_mixin.py:190} INFO - [2024-09-03T11:37:13.465+0000] {dagbag.py:587} INFO - Filling up the DagBag from /home/airflow/.local/lib/python3.12/site-packages/airflow/example_dags/example_branch_labels.py
[2024-09-03T11:37:13.480+0000] {processor.py:925} INFO - DAG(s) 'example_branch_labels' retrieved from /home/airflow/.local/lib/python3.12/site-packages/airflow/example_dags/example_branch_labels.py
[2024-09-03T11:37:13.515+0000] {logging_mixin.py:190} INFO - [2024-09-03T11:37:13.514+0000] {dag.py:3211} INFO - Sync 1 DAGs
[2024-09-03T11:37:13.555+0000] {logging_mixin.py:190} INFO - [2024-09-03T11:37:13.555+0000] {dag.py:4138} INFO - Setting next_dagrun for example_branch_labels to 2024-09-02 00:00:00+00:00, run_after=2024-09-03 00:00:00+00:00
[2024-09-03T11:37:13.654+0000] {processor.py:208} INFO - Processing /home/airflow/.local/lib/python3.12/site-packages/airflow/example_dags/example_branch_labels.py took 0.200 seconds
[2024-09-03T11:37:44.646+0000] {processor.py:186} INFO - Started process (PID=1342) to work on /home/airflow/.local/lib/python3.12/site-packages/airflow/example_dags/example_branch_labels.py
[2024-09-03T11:37:44.648+0000] {processor.py:914} INFO - Processing file /home/airflow/.local/lib/python3.12/site-packages/airflow/example_dags/example_branch_labels.py for tasks to queue
[2024-09-03T11:37:44.656+0000] {logging_mixin.py:190} INFO - [2024-09-03T11:37:44.655+0000] {dagbag.py:587} INFO - Filling up the DagBag from /home/airflow/.local/lib/python3.12/site-packages/airflow/example_dags/example_branch_labels.py
[2024-09-03T11:37:44.674+0000] {processor.py:925} INFO - DAG(s) 'example_branch_labels' retrieved from /home/airflow/.local/lib/python3.12/site-packages/airflow/example_dags/example_branch_labels.py
[2024-09-03T11:37:44.707+0000] {logging_mixin.py:190} INFO - [2024-09-03T11:37:44.706+0000] {dag.py:3211} INFO - Sync 1 DAGs
[2024-09-03T11:37:44.741+0000] {logging_mixin.py:190} INFO - [2024-09-03T11:37:44.741+0000] {dag.py:4138} INFO - Setting next_dagrun for example_branch_labels to 2024-09-02 00:00:00+00:00, run_after=2024-09-03 00:00:00+00:00
[2024-09-03T11:37:44.772+0000] {processor.py:208} INFO - Processing /home/airflow/.local/lib/python3.12/site-packages/airflow/example_dags/example_branch_labels.py took 0.136 seconds
[2024-09-03T11:38:14.973+0000] {processor.py:186} INFO - Started process (PID=1405) to work on /home/airflow/.local/lib/python3.12/site-packages/airflow/example_dags/example_branch_labels.py
[2024-09-03T11:38:14.975+0000] {processor.py:914} INFO - Processing file /home/airflow/.local/lib/python3.12/site-packages/airflow/example_dags/example_branch_labels.py for tasks to queue
[2024-09-03T11:38:14.980+0000] {logging_mixin.py:190} INFO - [2024-09-03T11:38:14.979+0000] {dagbag.py:587} INFO - Filling up the DagBag from /home/airflow/.local/lib/python3.12/site-packages/airflow/example_dags/example_branch_labels.py
[2024-09-03T11:38:14.997+0000] {processor.py:925} INFO - DAG(s) 'example_branch_labels' retrieved from /home/airflow/.local/lib/python3.12/site-packages/airflow/example_dags/example_branch_labels.py
[2024-09-03T11:38:15.030+0000] {logging_mixin.py:190} INFO - [2024-09-03T11:38:15.029+0000] {dag.py:3211} INFO - Sync 1 DAGs
[2024-09-03T11:38:15.077+0000] {logging_mixin.py:190} INFO - [2024-09-03T11:38:15.076+0000] {dag.py:4138} INFO - Setting next_dagrun for example_branch_labels to 2024-09-02 00:00:00+00:00, run_after=2024-09-03 00:00:00+00:00
[2024-09-03T11:38:15.121+0000] {processor.py:208} INFO - Processing /home/airflow/.local/lib/python3.12/site-packages/airflow/example_dags/example_branch_labels.py took 0.156 seconds
[2024-09-03T11:38:45.398+0000] {processor.py:186} INFO - Started process (PID=1468) to work on /home/airflow/.local/lib/python3.12/site-packages/airflow/example_dags/example_branch_labels.py
[2024-09-03T11:38:45.400+0000] {processor.py:914} INFO - Processing file /home/airflow/.local/lib/python3.12/site-packages/airflow/example_dags/example_branch_labels.py for tasks to queue
[2024-09-03T11:38:45.404+0000] {logging_mixin.py:190} INFO - [2024-09-03T11:38:45.404+0000] {dagbag.py:587} INFO - Filling up the DagBag from /home/airflow/.local/lib/python3.12/site-packages/airflow/example_dags/example_branch_labels.py
[2024-09-03T11:38:45.422+0000] {processor.py:925} INFO - DAG(s) 'example_branch_labels' retrieved from /home/airflow/.local/lib/python3.12/site-packages/airflow/example_dags/example_branch_labels.py
[2024-09-03T11:38:45.459+0000] {logging_mixin.py:190} INFO - [2024-09-03T11:38:45.459+0000] {dag.py:3211} INFO - Sync 1 DAGs
[2024-09-03T11:38:45.501+0000] {logging_mixin.py:190} INFO - [2024-09-03T11:38:45.500+0000] {dag.py:4138} INFO - Setting next_dagrun for example_branch_labels to 2024-09-02 00:00:00+00:00, run_after=2024-09-03 00:00:00+00:00
[2024-09-03T11:38:45.540+0000] {processor.py:208} INFO - Processing /home/airflow/.local/lib/python3.12/site-packages/airflow/example_dags/example_branch_labels.py took 0.151 seconds
[2024-09-03T11:39:15.972+0000] {processor.py:186} INFO - Started process (PID=1531) to work on /home/airflow/.local/lib/python3.12/site-packages/airflow/example_dags/example_branch_labels.py
[2024-09-03T11:39:15.974+0000] {processor.py:914} INFO - Processing file /home/airflow/.local/lib/python3.12/site-packages/airflow/example_dags/example_branch_labels.py for tasks to queue
[2024-09-03T11:39:15.977+0000] {logging_mixin.py:190} INFO - [2024-09-03T11:39:15.976+0000] {dagbag.py:587} INFO - Filling up the DagBag from /home/airflow/.local/lib/python3.12/site-packages/airflow/example_dags/example_branch_labels.py
[2024-09-03T11:39:15.989+0000] {processor.py:925} INFO - DAG(s) 'example_branch_labels' retrieved from /home/airflow/.local/lib/python3.12/site-packages/airflow/example_dags/example_branch_labels.py
[2024-09-03T11:39:16.021+0000] {logging_mixin.py:190} INFO - [2024-09-03T11:39:16.021+0000] {dag.py:3211} INFO - Sync 1 DAGs
[2024-09-03T11:39:16.054+0000] {logging_mixin.py:190} INFO - [2024-09-03T11:39:16.053+0000] {dag.py:4138} INFO - Setting next_dagrun for example_branch_labels to 2024-09-02 00:00:00+00:00, run_after=2024-09-03 00:00:00+00:00
[2024-09-03T11:39:16.087+0000] {processor.py:208} INFO - Processing /home/airflow/.local/lib/python3.12/site-packages/airflow/example_dags/example_branch_labels.py took 0.122 seconds
[2024-09-03T11:39:46.338+0000] {processor.py:186} INFO - Started process (PID=1594) to work on /home/airflow/.local/lib/python3.12/site-packages/airflow/example_dags/example_branch_labels.py
[2024-09-03T11:39:46.340+0000] {processor.py:914} INFO - Processing file /home/airflow/.local/lib/python3.12/site-packages/airflow/example_dags/example_branch_labels.py for tasks to queue
[2024-09-03T11:39:46.345+0000] {logging_mixin.py:190} INFO - [2024-09-03T11:39:46.344+0000] {dagbag.py:587} INFO - Filling up the DagBag from /home/airflow/.local/lib/python3.12/site-packages/airflow/example_dags/example_branch_labels.py
[2024-09-03T11:39:46.362+0000] {processor.py:925} INFO - DAG(s) 'example_branch_labels' retrieved from /home/airflow/.local/lib/python3.12/site-packages/airflow/example_dags/example_branch_labels.py
[2024-09-03T11:39:46.398+0000] {logging_mixin.py:190} INFO - [2024-09-03T11:39:46.398+0000] {dag.py:3211} INFO - Sync 1 DAGs
[2024-09-03T11:39:46.437+0000] {logging_mixin.py:190} INFO - [2024-09-03T11:39:46.436+0000] {dag.py:4138} INFO - Setting next_dagrun for example_branch_labels to 2024-09-02 00:00:00+00:00, run_after=2024-09-03 00:00:00+00:00
[2024-09-03T11:39:46.466+0000] {processor.py:208} INFO - Processing /home/airflow/.local/lib/python3.12/site-packages/airflow/example_dags/example_branch_labels.py took 0.137 seconds
[2024-09-03T11:40:16.656+0000] {processor.py:186} INFO - Started process (PID=1657) to work on /home/airflow/.local/lib/python3.12/site-packages/airflow/example_dags/example_branch_labels.py
[2024-09-03T11:40:16.658+0000] {processor.py:914} INFO - Processing file /home/airflow/.local/lib/python3.12/site-packages/airflow/example_dags/example_branch_labels.py for tasks to queue
[2024-09-03T11:40:16.663+0000] {logging_mixin.py:190} INFO - [2024-09-03T11:40:16.662+0000] {dagbag.py:587} INFO - Filling up the DagBag from /home/airflow/.local/lib/python3.12/site-packages/airflow/example_dags/example_branch_labels.py
[2024-09-03T11:40:16.680+0000] {processor.py:925} INFO - DAG(s) 'example_branch_labels' retrieved from /home/airflow/.local/lib/python3.12/site-packages/airflow/example_dags/example_branch_labels.py
[2024-09-03T11:40:16.724+0000] {logging_mixin.py:190} INFO - [2024-09-03T11:40:16.723+0000] {dag.py:3211} INFO - Sync 1 DAGs
[2024-09-03T11:40:16.769+0000] {logging_mixin.py:190} INFO - [2024-09-03T11:40:16.769+0000] {dag.py:4138} INFO - Setting next_dagrun for example_branch_labels to 2024-09-02 00:00:00+00:00, run_after=2024-09-03 00:00:00+00:00
[2024-09-03T11:40:16.811+0000] {processor.py:208} INFO - Processing /home/airflow/.local/lib/python3.12/site-packages/airflow/example_dags/example_branch_labels.py took 0.161 seconds
[2024-09-03T11:40:47.034+0000] {processor.py:186} INFO - Started process (PID=1721) to work on /home/airflow/.local/lib/python3.12/site-packages/airflow/example_dags/example_branch_labels.py
[2024-09-03T11:40:47.036+0000] {processor.py:914} INFO - Processing file /home/airflow/.local/lib/python3.12/site-packages/airflow/example_dags/example_branch_labels.py for tasks to queue
[2024-09-03T11:40:47.040+0000] {logging_mixin.py:190} INFO - [2024-09-03T11:40:47.040+0000] {dagbag.py:587} INFO - Filling up the DagBag from /home/airflow/.local/lib/python3.12/site-packages/airflow/example_dags/example_branch_labels.py
[2024-09-03T11:40:47.058+0000] {processor.py:925} INFO - DAG(s) 'example_branch_labels' retrieved from /home/airflow/.local/lib/python3.12/site-packages/airflow/example_dags/example_branch_labels.py
[2024-09-03T11:40:47.110+0000] {logging_mixin.py:190} INFO - [2024-09-03T11:40:47.110+0000] {dag.py:3211} INFO - Sync 1 DAGs
[2024-09-03T11:40:47.155+0000] {logging_mixin.py:190} INFO - [2024-09-03T11:40:47.154+0000] {dag.py:4138} INFO - Setting next_dagrun for example_branch_labels to 2024-09-02 00:00:00+00:00, run_after=2024-09-03 00:00:00+00:00
[2024-09-03T11:40:47.194+0000] {processor.py:208} INFO - Processing /home/airflow/.local/lib/python3.12/site-packages/airflow/example_dags/example_branch_labels.py took 0.168 seconds
[2024-09-03T11:41:17.806+0000] {processor.py:186} INFO - Started process (PID=1784) to work on /home/airflow/.local/lib/python3.12/site-packages/airflow/example_dags/example_branch_labels.py
[2024-09-03T11:41:17.808+0000] {processor.py:914} INFO - Processing file /home/airflow/.local/lib/python3.12/site-packages/airflow/example_dags/example_branch_labels.py for tasks to queue
[2024-09-03T11:41:17.812+0000] {logging_mixin.py:190} INFO - [2024-09-03T11:41:17.812+0000] {dagbag.py:587} INFO - Filling up the DagBag from /home/airflow/.local/lib/python3.12/site-packages/airflow/example_dags/example_branch_labels.py
[2024-09-03T11:41:17.830+0000] {processor.py:925} INFO - DAG(s) 'example_branch_labels' retrieved from /home/airflow/.local/lib/python3.12/site-packages/airflow/example_dags/example_branch_labels.py
[2024-09-03T11:41:17.885+0000] {logging_mixin.py:190} INFO - [2024-09-03T11:41:17.885+0000] {dag.py:3211} INFO - Sync 1 DAGs
[2024-09-03T11:41:17.946+0000] {logging_mixin.py:190} INFO - [2024-09-03T11:41:17.945+0000] {dag.py:4138} INFO - Setting next_dagrun for example_branch_labels to 2024-09-02 00:00:00+00:00, run_after=2024-09-03 00:00:00+00:00
[2024-09-03T11:41:18.002+0000] {processor.py:208} INFO - Processing /home/airflow/.local/lib/python3.12/site-packages/airflow/example_dags/example_branch_labels.py took 0.208 seconds
[2024-09-03T11:41:49.052+0000] {processor.py:186} INFO - Started process (PID=1847) to work on /home/airflow/.local/lib/python3.12/site-packages/airflow/example_dags/example_branch_labels.py
[2024-09-03T11:41:49.055+0000] {processor.py:914} INFO - Processing file /home/airflow/.local/lib/python3.12/site-packages/airflow/example_dags/example_branch_labels.py for tasks to queue
[2024-09-03T11:41:49.063+0000] {logging_mixin.py:190} INFO - [2024-09-03T11:41:49.062+0000] {dagbag.py:587} INFO - Filling up the DagBag from /home/airflow/.local/lib/python3.12/site-packages/airflow/example_dags/example_branch_labels.py
[2024-09-03T11:41:49.090+0000] {processor.py:925} INFO - DAG(s) 'example_branch_labels' retrieved from /home/airflow/.local/lib/python3.12/site-packages/airflow/example_dags/example_branch_labels.py
[2024-09-03T11:41:49.145+0000] {logging_mixin.py:190} INFO - [2024-09-03T11:41:49.144+0000] {dag.py:3211} INFO - Sync 1 DAGs
[2024-09-03T11:41:49.201+0000] {logging_mixin.py:190} INFO - [2024-09-03T11:41:49.200+0000] {dag.py:4138} INFO - Setting next_dagrun for example_branch_labels to 2024-09-02 00:00:00+00:00, run_after=2024-09-03 00:00:00+00:00
[2024-09-03T11:41:49.251+0000] {processor.py:208} INFO - Processing /home/airflow/.local/lib/python3.12/site-packages/airflow/example_dags/example_branch_labels.py took 0.214 seconds
[2024-09-03T11:42:19.865+0000] {processor.py:186} INFO - Started process (PID=1910) to work on /home/airflow/.local/lib/python3.12/site-packages/airflow/example_dags/example_branch_labels.py
[2024-09-03T11:42:19.867+0000] {processor.py:914} INFO - Processing file /home/airflow/.local/lib/python3.12/site-packages/airflow/example_dags/example_branch_labels.py for tasks to queue
[2024-09-03T11:42:19.873+0000] {logging_mixin.py:190} INFO - [2024-09-03T11:42:19.872+0000] {dagbag.py:587} INFO - Filling up the DagBag from /home/airflow/.local/lib/python3.12/site-packages/airflow/example_dags/example_branch_labels.py
[2024-09-03T11:42:19.895+0000] {processor.py:925} INFO - DAG(s) 'example_branch_labels' retrieved from /home/airflow/.local/lib/python3.12/site-packages/airflow/example_dags/example_branch_labels.py
[2024-09-03T11:42:19.942+0000] {logging_mixin.py:190} INFO - [2024-09-03T11:42:19.941+0000] {dag.py:3211} INFO - Sync 1 DAGs
[2024-09-03T11:42:20.002+0000] {logging_mixin.py:190} INFO - [2024-09-03T11:42:20.001+0000] {dag.py:4138} INFO - Setting next_dagrun for example_branch_labels to 2024-09-02 00:00:00+00:00, run_after=2024-09-03 00:00:00+00:00
[2024-09-03T11:42:20.062+0000] {processor.py:208} INFO - Processing /home/airflow/.local/lib/python3.12/site-packages/airflow/example_dags/example_branch_labels.py took 0.207 seconds
[2024-09-03T11:42:50.358+0000] {processor.py:186} INFO - Started process (PID=1973) to work on /home/airflow/.local/lib/python3.12/site-packages/airflow/example_dags/example_branch_labels.py
[2024-09-03T11:42:50.360+0000] {processor.py:914} INFO - Processing file /home/airflow/.local/lib/python3.12/site-packages/airflow/example_dags/example_branch_labels.py for tasks to queue
[2024-09-03T11:42:50.364+0000] {logging_mixin.py:190} INFO - [2024-09-03T11:42:50.364+0000] {dagbag.py:587} INFO - Filling up the DagBag from /home/airflow/.local/lib/python3.12/site-packages/airflow/example_dags/example_branch_labels.py
[2024-09-03T11:42:50.381+0000] {processor.py:925} INFO - DAG(s) 'example_branch_labels' retrieved from /home/airflow/.local/lib/python3.12/site-packages/airflow/example_dags/example_branch_labels.py
[2024-09-03T11:42:50.416+0000] {logging_mixin.py:190} INFO - [2024-09-03T11:42:50.415+0000] {dag.py:3211} INFO - Sync 1 DAGs
[2024-09-03T11:42:50.446+0000] {logging_mixin.py:190} INFO - [2024-09-03T11:42:50.446+0000] {dag.py:4138} INFO - Setting next_dagrun for example_branch_labels to 2024-09-02 00:00:00+00:00, run_after=2024-09-03 00:00:00+00:00
[2024-09-03T11:42:50.480+0000] {processor.py:208} INFO - Processing /home/airflow/.local/lib/python3.12/site-packages/airflow/example_dags/example_branch_labels.py took 0.129 seconds
[2024-09-03T11:43:20.862+0000] {processor.py:186} INFO - Started process (PID=2036) to work on /home/airflow/.local/lib/python3.12/site-packages/airflow/example_dags/example_branch_labels.py
[2024-09-03T11:43:20.864+0000] {processor.py:914} INFO - Processing file /home/airflow/.local/lib/python3.12/site-packages/airflow/example_dags/example_branch_labels.py for tasks to queue
[2024-09-03T11:43:20.868+0000] {logging_mixin.py:190} INFO - [2024-09-03T11:43:20.867+0000] {dagbag.py:587} INFO - Filling up the DagBag from /home/airflow/.local/lib/python3.12/site-packages/airflow/example_dags/example_branch_labels.py
[2024-09-03T11:43:20.882+0000] {processor.py:925} INFO - DAG(s) 'example_branch_labels' retrieved from /home/airflow/.local/lib/python3.12/site-packages/airflow/example_dags/example_branch_labels.py
[2024-09-03T11:43:20.924+0000] {logging_mixin.py:190} INFO - [2024-09-03T11:43:20.923+0000] {dag.py:3211} INFO - Sync 1 DAGs
[2024-09-03T11:43:20.965+0000] {logging_mixin.py:190} INFO - [2024-09-03T11:43:20.964+0000] {dag.py:4138} INFO - Setting next_dagrun for example_branch_labels to 2024-09-02 00:00:00+00:00, run_after=2024-09-03 00:00:00+00:00
[2024-09-03T11:43:21.000+0000] {processor.py:208} INFO - Processing /home/airflow/.local/lib/python3.12/site-packages/airflow/example_dags/example_branch_labels.py took 0.148 seconds
[2024-09-03T11:43:51.495+0000] {processor.py:186} INFO - Started process (PID=2099) to work on /home/airflow/.local/lib/python3.12/site-packages/airflow/example_dags/example_branch_labels.py
[2024-09-03T11:43:51.497+0000] {processor.py:914} INFO - Processing file /home/airflow/.local/lib/python3.12/site-packages/airflow/example_dags/example_branch_labels.py for tasks to queue
[2024-09-03T11:43:51.500+0000] {logging_mixin.py:190} INFO - [2024-09-03T11:43:51.500+0000] {dagbag.py:587} INFO - Filling up the DagBag from /home/airflow/.local/lib/python3.12/site-packages/airflow/example_dags/example_branch_labels.py
[2024-09-03T11:43:51.515+0000] {processor.py:925} INFO - DAG(s) 'example_branch_labels' retrieved from /home/airflow/.local/lib/python3.12/site-packages/airflow/example_dags/example_branch_labels.py
[2024-09-03T11:43:51.558+0000] {logging_mixin.py:190} INFO - [2024-09-03T11:43:51.557+0000] {dag.py:3211} INFO - Sync 1 DAGs
[2024-09-03T11:43:51.600+0000] {logging_mixin.py:190} INFO - [2024-09-03T11:43:51.599+0000] {dag.py:4138} INFO - Setting next_dagrun for example_branch_labels to 2024-09-02 00:00:00+00:00, run_after=2024-09-03 00:00:00+00:00
[2024-09-03T11:43:51.637+0000] {processor.py:208} INFO - Processing /home/airflow/.local/lib/python3.12/site-packages/airflow/example_dags/example_branch_labels.py took 0.149 seconds
[2024-09-03T11:44:22.072+0000] {processor.py:186} INFO - Started process (PID=2162) to work on /home/airflow/.local/lib/python3.12/site-packages/airflow/example_dags/example_branch_labels.py
[2024-09-03T11:44:22.073+0000] {processor.py:914} INFO - Processing file /home/airflow/.local/lib/python3.12/site-packages/airflow/example_dags/example_branch_labels.py for tasks to queue
[2024-09-03T11:44:22.076+0000] {logging_mixin.py:190} INFO - [2024-09-03T11:44:22.076+0000] {dagbag.py:587} INFO - Filling up the DagBag from /home/airflow/.local/lib/python3.12/site-packages/airflow/example_dags/example_branch_labels.py
[2024-09-03T11:44:22.086+0000] {processor.py:925} INFO - DAG(s) 'example_branch_labels' retrieved from /home/airflow/.local/lib/python3.12/site-packages/airflow/example_dags/example_branch_labels.py
[2024-09-03T11:44:22.111+0000] {logging_mixin.py:190} INFO - [2024-09-03T11:44:22.111+0000] {dag.py:3211} INFO - Sync 1 DAGs
[2024-09-03T11:44:22.139+0000] {logging_mixin.py:190} INFO - [2024-09-03T11:44:22.139+0000] {dag.py:4138} INFO - Setting next_dagrun for example_branch_labels to 2024-09-02 00:00:00+00:00, run_after=2024-09-03 00:00:00+00:00
[2024-09-03T11:44:22.169+0000] {processor.py:208} INFO - Processing /home/airflow/.local/lib/python3.12/site-packages/airflow/example_dags/example_branch_labels.py took 0.102 seconds
[2024-09-03T11:44:52.366+0000] {processor.py:186} INFO - Started process (PID=2225) to work on /home/airflow/.local/lib/python3.12/site-packages/airflow/example_dags/example_branch_labels.py
[2024-09-03T11:44:52.367+0000] {processor.py:914} INFO - Processing file /home/airflow/.local/lib/python3.12/site-packages/airflow/example_dags/example_branch_labels.py for tasks to queue
[2024-09-03T11:44:52.371+0000] {logging_mixin.py:190} INFO - [2024-09-03T11:44:52.370+0000] {dagbag.py:587} INFO - Filling up the DagBag from /home/airflow/.local/lib/python3.12/site-packages/airflow/example_dags/example_branch_labels.py
[2024-09-03T11:44:52.380+0000] {processor.py:925} INFO - DAG(s) 'example_branch_labels' retrieved from /home/airflow/.local/lib/python3.12/site-packages/airflow/example_dags/example_branch_labels.py
[2024-09-03T11:44:52.404+0000] {logging_mixin.py:190} INFO - [2024-09-03T11:44:52.404+0000] {dag.py:3211} INFO - Sync 1 DAGs
[2024-09-03T11:44:52.429+0000] {logging_mixin.py:190} INFO - [2024-09-03T11:44:52.429+0000] {dag.py:4138} INFO - Setting next_dagrun for example_branch_labels to 2024-09-02 00:00:00+00:00, run_after=2024-09-03 00:00:00+00:00
[2024-09-03T11:44:52.456+0000] {processor.py:208} INFO - Processing /home/airflow/.local/lib/python3.12/site-packages/airflow/example_dags/example_branch_labels.py took 0.096 seconds
[2024-09-03T11:45:23.433+0000] {processor.py:186} INFO - Started process (PID=2288) to work on /home/airflow/.local/lib/python3.12/site-packages/airflow/example_dags/example_branch_labels.py
[2024-09-03T11:45:23.435+0000] {processor.py:914} INFO - Processing file /home/airflow/.local/lib/python3.12/site-packages/airflow/example_dags/example_branch_labels.py for tasks to queue
[2024-09-03T11:45:23.440+0000] {logging_mixin.py:190} INFO - [2024-09-03T11:45:23.439+0000] {dagbag.py:587} INFO - Filling up the DagBag from /home/airflow/.local/lib/python3.12/site-packages/airflow/example_dags/example_branch_labels.py
[2024-09-03T11:45:23.456+0000] {processor.py:925} INFO - DAG(s) 'example_branch_labels' retrieved from /home/airflow/.local/lib/python3.12/site-packages/airflow/example_dags/example_branch_labels.py
[2024-09-03T11:45:23.493+0000] {logging_mixin.py:190} INFO - [2024-09-03T11:45:23.492+0000] {dag.py:3211} INFO - Sync 1 DAGs
[2024-09-03T11:45:23.529+0000] {logging_mixin.py:190} INFO - [2024-09-03T11:45:23.529+0000] {dag.py:4138} INFO - Setting next_dagrun for example_branch_labels to 2024-09-02 00:00:00+00:00, run_after=2024-09-03 00:00:00+00:00
[2024-09-03T11:45:23.565+0000] {processor.py:208} INFO - Processing /home/airflow/.local/lib/python3.12/site-packages/airflow/example_dags/example_branch_labels.py took 0.146 seconds
[2024-09-03T11:45:54.026+0000] {processor.py:186} INFO - Started process (PID=2351) to work on /home/airflow/.local/lib/python3.12/site-packages/airflow/example_dags/example_branch_labels.py
[2024-09-03T11:45:54.029+0000] {processor.py:914} INFO - Processing file /home/airflow/.local/lib/python3.12/site-packages/airflow/example_dags/example_branch_labels.py for tasks to queue
[2024-09-03T11:45:54.033+0000] {logging_mixin.py:190} INFO - [2024-09-03T11:45:54.032+0000] {dagbag.py:587} INFO - Filling up the DagBag from /home/airflow/.local/lib/python3.12/site-packages/airflow/example_dags/example_branch_labels.py
[2024-09-03T11:45:54.047+0000] {processor.py:925} INFO - DAG(s) 'example_branch_labels' retrieved from /home/airflow/.local/lib/python3.12/site-packages/airflow/example_dags/example_branch_labels.py
[2024-09-03T11:45:54.079+0000] {logging_mixin.py:190} INFO - [2024-09-03T11:45:54.079+0000] {dag.py:3211} INFO - Sync 1 DAGs
[2024-09-03T11:45:54.116+0000] {logging_mixin.py:190} INFO - [2024-09-03T11:45:54.115+0000] {dag.py:4138} INFO - Setting next_dagrun for example_branch_labels to 2024-09-02 00:00:00+00:00, run_after=2024-09-03 00:00:00+00:00
[2024-09-03T11:45:54.145+0000] {processor.py:208} INFO - Processing /home/airflow/.local/lib/python3.12/site-packages/airflow/example_dags/example_branch_labels.py took 0.125 seconds
[2024-09-03T11:46:24.472+0000] {processor.py:186} INFO - Started process (PID=2414) to work on /home/airflow/.local/lib/python3.12/site-packages/airflow/example_dags/example_branch_labels.py
[2024-09-03T11:46:24.474+0000] {processor.py:914} INFO - Processing file /home/airflow/.local/lib/python3.12/site-packages/airflow/example_dags/example_branch_labels.py for tasks to queue
[2024-09-03T11:46:24.477+0000] {logging_mixin.py:190} INFO - [2024-09-03T11:46:24.477+0000] {dagbag.py:587} INFO - Filling up the DagBag from /home/airflow/.local/lib/python3.12/site-packages/airflow/example_dags/example_branch_labels.py
[2024-09-03T11:46:24.488+0000] {processor.py:925} INFO - DAG(s) 'example_branch_labels' retrieved from /home/airflow/.local/lib/python3.12/site-packages/airflow/example_dags/example_branch_labels.py
[2024-09-03T11:46:24.524+0000] {logging_mixin.py:190} INFO - [2024-09-03T11:46:24.523+0000] {dag.py:3211} INFO - Sync 1 DAGs
[2024-09-03T11:46:24.565+0000] {logging_mixin.py:190} INFO - [2024-09-03T11:46:24.565+0000] {dag.py:4138} INFO - Setting next_dagrun for example_branch_labels to 2024-09-02 00:00:00+00:00, run_after=2024-09-03 00:00:00+00:00
[2024-09-03T11:46:24.589+0000] {processor.py:208} INFO - Processing /home/airflow/.local/lib/python3.12/site-packages/airflow/example_dags/example_branch_labels.py took 0.123 seconds
[2024-09-03T11:46:54.959+0000] {processor.py:186} INFO - Started process (PID=2478) to work on /home/airflow/.local/lib/python3.12/site-packages/airflow/example_dags/example_branch_labels.py
[2024-09-03T11:46:54.961+0000] {processor.py:914} INFO - Processing file /home/airflow/.local/lib/python3.12/site-packages/airflow/example_dags/example_branch_labels.py for tasks to queue
[2024-09-03T11:46:54.966+0000] {logging_mixin.py:190} INFO - [2024-09-03T11:46:54.965+0000] {dagbag.py:587} INFO - Filling up the DagBag from /home/airflow/.local/lib/python3.12/site-packages/airflow/example_dags/example_branch_labels.py
[2024-09-03T11:46:54.980+0000] {processor.py:925} INFO - DAG(s) 'example_branch_labels' retrieved from /home/airflow/.local/lib/python3.12/site-packages/airflow/example_dags/example_branch_labels.py
[2024-09-03T11:46:55.017+0000] {logging_mixin.py:190} INFO - [2024-09-03T11:46:55.017+0000] {dag.py:3211} INFO - Sync 1 DAGs
[2024-09-03T11:46:55.053+0000] {logging_mixin.py:190} INFO - [2024-09-03T11:46:55.053+0000] {dag.py:4138} INFO - Setting next_dagrun for example_branch_labels to 2024-09-02 00:00:00+00:00, run_after=2024-09-03 00:00:00+00:00
[2024-09-03T11:46:55.086+0000] {processor.py:208} INFO - Processing /home/airflow/.local/lib/python3.12/site-packages/airflow/example_dags/example_branch_labels.py took 0.133 seconds
[2024-09-03T11:47:25.569+0000] {processor.py:186} INFO - Started process (PID=2541) to work on /home/airflow/.local/lib/python3.12/site-packages/airflow/example_dags/example_branch_labels.py
[2024-09-03T11:47:25.572+0000] {processor.py:914} INFO - Processing file /home/airflow/.local/lib/python3.12/site-packages/airflow/example_dags/example_branch_labels.py for tasks to queue
[2024-09-03T11:47:25.577+0000] {logging_mixin.py:190} INFO - [2024-09-03T11:47:25.576+0000] {dagbag.py:587} INFO - Filling up the DagBag from /home/airflow/.local/lib/python3.12/site-packages/airflow/example_dags/example_branch_labels.py
[2024-09-03T11:47:25.613+0000] {processor.py:925} INFO - DAG(s) 'example_branch_labels' retrieved from /home/airflow/.local/lib/python3.12/site-packages/airflow/example_dags/example_branch_labels.py
[2024-09-03T11:47:25.683+0000] {logging_mixin.py:190} INFO - [2024-09-03T11:47:25.683+0000] {dag.py:3211} INFO - Sync 1 DAGs
[2024-09-03T11:47:25.798+0000] {logging_mixin.py:190} INFO - [2024-09-03T11:47:25.797+0000] {dag.py:4138} INFO - Setting next_dagrun for example_branch_labels to 2024-09-02 00:00:00+00:00, run_after=2024-09-03 00:00:00+00:00
[2024-09-03T11:47:25.891+0000] {processor.py:208} INFO - Processing /home/airflow/.local/lib/python3.12/site-packages/airflow/example_dags/example_branch_labels.py took 0.337 seconds
[2024-09-03T11:47:56.004+0000] {processor.py:186} INFO - Started process (PID=2604) to work on /home/airflow/.local/lib/python3.12/site-packages/airflow/example_dags/example_branch_labels.py
[2024-09-03T11:47:56.006+0000] {processor.py:914} INFO - Processing file /home/airflow/.local/lib/python3.12/site-packages/airflow/example_dags/example_branch_labels.py for tasks to queue
[2024-09-03T11:47:56.011+0000] {logging_mixin.py:190} INFO - [2024-09-03T11:47:56.010+0000] {dagbag.py:587} INFO - Filling up the DagBag from /home/airflow/.local/lib/python3.12/site-packages/airflow/example_dags/example_branch_labels.py
[2024-09-03T11:47:56.038+0000] {processor.py:925} INFO - DAG(s) 'example_branch_labels' retrieved from /home/airflow/.local/lib/python3.12/site-packages/airflow/example_dags/example_branch_labels.py
[2024-09-03T11:47:56.095+0000] {logging_mixin.py:190} INFO - [2024-09-03T11:47:56.095+0000] {dag.py:3211} INFO - Sync 1 DAGs
[2024-09-03T11:47:56.158+0000] {logging_mixin.py:190} INFO - [2024-09-03T11:47:56.157+0000] {dag.py:4138} INFO - Setting next_dagrun for example_branch_labels to 2024-09-02 00:00:00+00:00, run_after=2024-09-03 00:00:00+00:00
[2024-09-03T11:47:56.202+0000] {processor.py:208} INFO - Processing /home/airflow/.local/lib/python3.12/site-packages/airflow/example_dags/example_branch_labels.py took 0.212 seconds
[2024-09-03T11:48:26.503+0000] {processor.py:186} INFO - Started process (PID=2667) to work on /home/airflow/.local/lib/python3.12/site-packages/airflow/example_dags/example_branch_labels.py
[2024-09-03T11:48:26.505+0000] {processor.py:914} INFO - Processing file /home/airflow/.local/lib/python3.12/site-packages/airflow/example_dags/example_branch_labels.py for tasks to queue
[2024-09-03T11:48:26.509+0000] {logging_mixin.py:190} INFO - [2024-09-03T11:48:26.508+0000] {dagbag.py:587} INFO - Filling up the DagBag from /home/airflow/.local/lib/python3.12/site-packages/airflow/example_dags/example_branch_labels.py
[2024-09-03T11:48:26.523+0000] {processor.py:925} INFO - DAG(s) 'example_branch_labels' retrieved from /home/airflow/.local/lib/python3.12/site-packages/airflow/example_dags/example_branch_labels.py
[2024-09-03T11:48:26.562+0000] {logging_mixin.py:190} INFO - [2024-09-03T11:48:26.561+0000] {dag.py:3211} INFO - Sync 1 DAGs
[2024-09-03T11:48:26.604+0000] {logging_mixin.py:190} INFO - [2024-09-03T11:48:26.604+0000] {dag.py:4138} INFO - Setting next_dagrun for example_branch_labels to 2024-09-02 00:00:00+00:00, run_after=2024-09-03 00:00:00+00:00
[2024-09-03T11:48:26.641+0000] {processor.py:208} INFO - Processing /home/airflow/.local/lib/python3.12/site-packages/airflow/example_dags/example_branch_labels.py took 0.147 seconds
[2024-09-03T11:48:56.860+0000] {processor.py:186} INFO - Started process (PID=2730) to work on /home/airflow/.local/lib/python3.12/site-packages/airflow/example_dags/example_branch_labels.py
[2024-09-03T11:48:56.863+0000] {processor.py:914} INFO - Processing file /home/airflow/.local/lib/python3.12/site-packages/airflow/example_dags/example_branch_labels.py for tasks to queue
[2024-09-03T11:48:56.867+0000] {logging_mixin.py:190} INFO - [2024-09-03T11:48:56.866+0000] {dagbag.py:587} INFO - Filling up the DagBag from /home/airflow/.local/lib/python3.12/site-packages/airflow/example_dags/example_branch_labels.py
[2024-09-03T11:48:56.894+0000] {processor.py:925} INFO - DAG(s) 'example_branch_labels' retrieved from /home/airflow/.local/lib/python3.12/site-packages/airflow/example_dags/example_branch_labels.py
[2024-09-03T11:48:56.944+0000] {logging_mixin.py:190} INFO - [2024-09-03T11:48:56.943+0000] {dag.py:3211} INFO - Sync 1 DAGs
[2024-09-03T11:48:56.997+0000] {logging_mixin.py:190} INFO - [2024-09-03T11:48:56.996+0000] {dag.py:4138} INFO - Setting next_dagrun for example_branch_labels to 2024-09-02 00:00:00+00:00, run_after=2024-09-03 00:00:00+00:00
[2024-09-03T11:48:57.037+0000] {processor.py:208} INFO - Processing /home/airflow/.local/lib/python3.12/site-packages/airflow/example_dags/example_branch_labels.py took 0.189 seconds
[2024-09-03T11:49:28.317+0000] {processor.py:186} INFO - Started process (PID=2793) to work on /home/airflow/.local/lib/python3.12/site-packages/airflow/example_dags/example_branch_labels.py
[2024-09-03T11:49:28.323+0000] {processor.py:914} INFO - Processing file /home/airflow/.local/lib/python3.12/site-packages/airflow/example_dags/example_branch_labels.py for tasks to queue
[2024-09-03T11:49:28.331+0000] {logging_mixin.py:190} INFO - [2024-09-03T11:49:28.330+0000] {dagbag.py:587} INFO - Filling up the DagBag from /home/airflow/.local/lib/python3.12/site-packages/airflow/example_dags/example_branch_labels.py
[2024-09-03T11:49:28.361+0000] {processor.py:925} INFO - DAG(s) 'example_branch_labels' retrieved from /home/airflow/.local/lib/python3.12/site-packages/airflow/example_dags/example_branch_labels.py
[2024-09-03T11:49:28.446+0000] {logging_mixin.py:190} INFO - [2024-09-03T11:49:28.445+0000] {dag.py:3211} INFO - Sync 1 DAGs
[2024-09-03T11:49:28.542+0000] {logging_mixin.py:190} INFO - [2024-09-03T11:49:28.541+0000] {dag.py:4138} INFO - Setting next_dagrun for example_branch_labels to 2024-09-02 00:00:00+00:00, run_after=2024-09-03 00:00:00+00:00
[2024-09-03T11:49:28.660+0000] {processor.py:208} INFO - Processing /home/airflow/.local/lib/python3.12/site-packages/airflow/example_dags/example_branch_labels.py took 0.363 seconds
[2024-09-03T11:49:59.257+0000] {processor.py:186} INFO - Started process (PID=2856) to work on /home/airflow/.local/lib/python3.12/site-packages/airflow/example_dags/example_branch_labels.py
[2024-09-03T11:49:59.273+0000] {processor.py:914} INFO - Processing file /home/airflow/.local/lib/python3.12/site-packages/airflow/example_dags/example_branch_labels.py for tasks to queue
[2024-09-03T11:49:59.280+0000] {logging_mixin.py:190} INFO - [2024-09-03T11:49:59.279+0000] {dagbag.py:587} INFO - Filling up the DagBag from /home/airflow/.local/lib/python3.12/site-packages/airflow/example_dags/example_branch_labels.py
[2024-09-03T11:49:59.298+0000] {processor.py:925} INFO - DAG(s) 'example_branch_labels' retrieved from /home/airflow/.local/lib/python3.12/site-packages/airflow/example_dags/example_branch_labels.py
[2024-09-03T11:49:59.352+0000] {logging_mixin.py:190} INFO - [2024-09-03T11:49:59.352+0000] {dag.py:3211} INFO - Sync 1 DAGs
[2024-09-03T11:49:59.406+0000] {logging_mixin.py:190} INFO - [2024-09-03T11:49:59.405+0000] {dag.py:4138} INFO - Setting next_dagrun for example_branch_labels to 2024-09-02 00:00:00+00:00, run_after=2024-09-03 00:00:00+00:00
[2024-09-03T11:49:59.453+0000] {processor.py:208} INFO - Processing /home/airflow/.local/lib/python3.12/site-packages/airflow/example_dags/example_branch_labels.py took 0.207 seconds
[2024-09-03T11:50:29.734+0000] {processor.py:186} INFO - Started process (PID=2919) to work on /home/airflow/.local/lib/python3.12/site-packages/airflow/example_dags/example_branch_labels.py
[2024-09-03T11:50:29.736+0000] {processor.py:914} INFO - Processing file /home/airflow/.local/lib/python3.12/site-packages/airflow/example_dags/example_branch_labels.py for tasks to queue
[2024-09-03T11:50:29.741+0000] {logging_mixin.py:190} INFO - [2024-09-03T11:50:29.740+0000] {dagbag.py:587} INFO - Filling up the DagBag from /home/airflow/.local/lib/python3.12/site-packages/airflow/example_dags/example_branch_labels.py
[2024-09-03T11:50:29.758+0000] {processor.py:925} INFO - DAG(s) 'example_branch_labels' retrieved from /home/airflow/.local/lib/python3.12/site-packages/airflow/example_dags/example_branch_labels.py
[2024-09-03T11:50:29.803+0000] {logging_mixin.py:190} INFO - [2024-09-03T11:50:29.802+0000] {dag.py:3211} INFO - Sync 1 DAGs
[2024-09-03T11:50:29.861+0000] {logging_mixin.py:190} INFO - [2024-09-03T11:50:29.860+0000] {dag.py:4138} INFO - Setting next_dagrun for example_branch_labels to 2024-09-02 00:00:00+00:00, run_after=2024-09-03 00:00:00+00:00
[2024-09-03T11:50:29.916+0000] {processor.py:208} INFO - Processing /home/airflow/.local/lib/python3.12/site-packages/airflow/example_dags/example_branch_labels.py took 0.191 seconds
