[2024-09-03T11:27:35.032+0000] {processor.py:186} INFO - Started process (PID=100) to work on /home/airflow/.local/lib/python3.12/site-packages/airflow/example_dags/example_nested_branch_dag.py
[2024-09-03T11:27:35.033+0000] {processor.py:914} INFO - Processing file /home/airflow/.local/lib/python3.12/site-packages/airflow/example_dags/example_nested_branch_dag.py for tasks to queue
[2024-09-03T11:27:35.036+0000] {logging_mixin.py:190} INFO - [2024-09-03T11:27:35.036+0000] {dagbag.py:587} INFO - Filling up the DagBag from /home/airflow/.local/lib/python3.12/site-packages/airflow/example_dags/example_nested_branch_dag.py
[2024-09-03T11:27:35.047+0000] {processor.py:925} INFO - DAG(s) 'example_nested_branch_dag' retrieved from /home/airflow/.local/lib/python3.12/site-packages/airflow/example_dags/example_nested_branch_dag.py
[2024-09-03T11:27:35.075+0000] {logging_mixin.py:190} INFO - [2024-09-03T11:27:35.074+0000] {dag.py:3211} INFO - Sync 1 DAGs
[2024-09-03T11:27:35.102+0000] {logging_mixin.py:190} INFO - [2024-09-03T11:27:35.101+0000] {dag.py:4138} INFO - Setting next_dagrun for example_nested_branch_dag to 2024-09-02 00:00:00+00:00, run_after=2024-09-03 00:00:00+00:00
[2024-09-03T11:27:35.126+0000] {processor.py:208} INFO - Processing /home/airflow/.local/lib/python3.12/site-packages/airflow/example_dags/example_nested_branch_dag.py took 0.099 seconds
[2024-09-03T11:28:05.556+0000] {processor.py:186} INFO - Started process (PID=167) to work on /home/airflow/.local/lib/python3.12/site-packages/airflow/example_dags/example_nested_branch_dag.py
[2024-09-03T11:28:05.558+0000] {processor.py:914} INFO - Processing file /home/airflow/.local/lib/python3.12/site-packages/airflow/example_dags/example_nested_branch_dag.py for tasks to queue
[2024-09-03T11:28:05.560+0000] {logging_mixin.py:190} INFO - [2024-09-03T11:28:05.560+0000] {dagbag.py:587} INFO - Filling up the DagBag from /home/airflow/.local/lib/python3.12/site-packages/airflow/example_dags/example_nested_branch_dag.py
[2024-09-03T11:28:05.574+0000] {processor.py:925} INFO - DAG(s) 'example_nested_branch_dag' retrieved from /home/airflow/.local/lib/python3.12/site-packages/airflow/example_dags/example_nested_branch_dag.py
[2024-09-03T11:28:05.602+0000] {logging_mixin.py:190} INFO - [2024-09-03T11:28:05.601+0000] {dag.py:3211} INFO - Sync 1 DAGs
[2024-09-03T11:28:05.634+0000] {logging_mixin.py:190} INFO - [2024-09-03T11:28:05.634+0000] {dag.py:4138} INFO - Setting next_dagrun for example_nested_branch_dag to 2024-09-02 00:00:00+00:00, run_after=2024-09-03 00:00:00+00:00
[2024-09-03T11:28:05.664+0000] {processor.py:208} INFO - Processing /home/airflow/.local/lib/python3.12/site-packages/airflow/example_dags/example_nested_branch_dag.py took 0.114 seconds
[2024-09-03T11:28:35.963+0000] {processor.py:186} INFO - Started process (PID=234) to work on /home/airflow/.local/lib/python3.12/site-packages/airflow/example_dags/example_nested_branch_dag.py
[2024-09-03T11:28:35.965+0000] {processor.py:914} INFO - Processing file /home/airflow/.local/lib/python3.12/site-packages/airflow/example_dags/example_nested_branch_dag.py for tasks to queue
[2024-09-03T11:28:35.968+0000] {logging_mixin.py:190} INFO - [2024-09-03T11:28:35.967+0000] {dagbag.py:587} INFO - Filling up the DagBag from /home/airflow/.local/lib/python3.12/site-packages/airflow/example_dags/example_nested_branch_dag.py
[2024-09-03T11:28:35.978+0000] {processor.py:925} INFO - DAG(s) 'example_nested_branch_dag' retrieved from /home/airflow/.local/lib/python3.12/site-packages/airflow/example_dags/example_nested_branch_dag.py
[2024-09-03T11:28:36.004+0000] {logging_mixin.py:190} INFO - [2024-09-03T11:28:36.003+0000] {dag.py:3211} INFO - Sync 1 DAGs
[2024-09-03T11:28:36.029+0000] {logging_mixin.py:190} INFO - [2024-09-03T11:28:36.028+0000] {dag.py:4138} INFO - Setting next_dagrun for example_nested_branch_dag to 2024-09-02 00:00:00+00:00, run_after=2024-09-03 00:00:00+00:00
[2024-09-03T11:28:36.054+0000] {processor.py:208} INFO - Processing /home/airflow/.local/lib/python3.12/site-packages/airflow/example_dags/example_nested_branch_dag.py took 0.095 seconds
[2024-09-03T11:29:07.244+0000] {processor.py:186} INFO - Started process (PID=297) to work on /home/airflow/.local/lib/python3.12/site-packages/airflow/example_dags/example_nested_branch_dag.py
[2024-09-03T11:29:07.246+0000] {processor.py:914} INFO - Processing file /home/airflow/.local/lib/python3.12/site-packages/airflow/example_dags/example_nested_branch_dag.py for tasks to queue
[2024-09-03T11:29:07.253+0000] {logging_mixin.py:190} INFO - [2024-09-03T11:29:07.249+0000] {dagbag.py:587} INFO - Filling up the DagBag from /home/airflow/.local/lib/python3.12/site-packages/airflow/example_dags/example_nested_branch_dag.py
[2024-09-03T11:29:07.278+0000] {processor.py:925} INFO - DAG(s) 'example_nested_branch_dag' retrieved from /home/airflow/.local/lib/python3.12/site-packages/airflow/example_dags/example_nested_branch_dag.py
[2024-09-03T11:29:07.333+0000] {logging_mixin.py:190} INFO - [2024-09-03T11:29:07.332+0000] {dag.py:3211} INFO - Sync 1 DAGs
[2024-09-03T11:29:07.366+0000] {logging_mixin.py:190} INFO - [2024-09-03T11:29:07.366+0000] {dag.py:4138} INFO - Setting next_dagrun for example_nested_branch_dag to 2024-09-02 00:00:00+00:00, run_after=2024-09-03 00:00:00+00:00
[2024-09-03T11:29:07.396+0000] {processor.py:208} INFO - Processing /home/airflow/.local/lib/python3.12/site-packages/airflow/example_dags/example_nested_branch_dag.py took 0.161 seconds
[2024-09-03T11:29:39.233+0000] {processor.py:186} INFO - Started process (PID=360) to work on /home/airflow/.local/lib/python3.12/site-packages/airflow/example_dags/example_nested_branch_dag.py
[2024-09-03T11:29:39.240+0000] {processor.py:914} INFO - Processing file /home/airflow/.local/lib/python3.12/site-packages/airflow/example_dags/example_nested_branch_dag.py for tasks to queue
[2024-09-03T11:29:39.249+0000] {logging_mixin.py:190} INFO - [2024-09-03T11:29:39.248+0000] {dagbag.py:587} INFO - Filling up the DagBag from /home/airflow/.local/lib/python3.12/site-packages/airflow/example_dags/example_nested_branch_dag.py
[2024-09-03T11:29:39.291+0000] {processor.py:925} INFO - DAG(s) 'example_nested_branch_dag' retrieved from /home/airflow/.local/lib/python3.12/site-packages/airflow/example_dags/example_nested_branch_dag.py
[2024-09-03T11:29:39.389+0000] {logging_mixin.py:190} INFO - [2024-09-03T11:29:39.388+0000] {dag.py:3211} INFO - Sync 1 DAGs
[2024-09-03T11:29:39.467+0000] {logging_mixin.py:190} INFO - [2024-09-03T11:29:39.467+0000] {dag.py:4138} INFO - Setting next_dagrun for example_nested_branch_dag to 2024-09-02 00:00:00+00:00, run_after=2024-09-03 00:00:00+00:00
[2024-09-03T11:29:39.543+0000] {processor.py:208} INFO - Processing /home/airflow/.local/lib/python3.12/site-packages/airflow/example_dags/example_nested_branch_dag.py took 0.326 seconds
[2024-09-03T11:30:10.139+0000] {processor.py:186} INFO - Started process (PID=423) to work on /home/airflow/.local/lib/python3.12/site-packages/airflow/example_dags/example_nested_branch_dag.py
[2024-09-03T11:30:10.141+0000] {processor.py:914} INFO - Processing file /home/airflow/.local/lib/python3.12/site-packages/airflow/example_dags/example_nested_branch_dag.py for tasks to queue
[2024-09-03T11:30:10.146+0000] {logging_mixin.py:190} INFO - [2024-09-03T11:30:10.145+0000] {dagbag.py:587} INFO - Filling up the DagBag from /home/airflow/.local/lib/python3.12/site-packages/airflow/example_dags/example_nested_branch_dag.py
[2024-09-03T11:30:10.179+0000] {processor.py:925} INFO - DAG(s) 'example_nested_branch_dag' retrieved from /home/airflow/.local/lib/python3.12/site-packages/airflow/example_dags/example_nested_branch_dag.py
[2024-09-03T11:30:10.236+0000] {logging_mixin.py:190} INFO - [2024-09-03T11:30:10.236+0000] {dag.py:3211} INFO - Sync 1 DAGs
[2024-09-03T11:30:10.309+0000] {logging_mixin.py:190} INFO - [2024-09-03T11:30:10.308+0000] {dag.py:4138} INFO - Setting next_dagrun for example_nested_branch_dag to 2024-09-02 00:00:00+00:00, run_after=2024-09-03 00:00:00+00:00
[2024-09-03T11:30:10.363+0000] {processor.py:208} INFO - Processing /home/airflow/.local/lib/python3.12/site-packages/airflow/example_dags/example_nested_branch_dag.py took 0.240 seconds
[2024-09-03T11:30:41.166+0000] {processor.py:186} INFO - Started process (PID=486) to work on /home/airflow/.local/lib/python3.12/site-packages/airflow/example_dags/example_nested_branch_dag.py
[2024-09-03T11:30:41.168+0000] {processor.py:914} INFO - Processing file /home/airflow/.local/lib/python3.12/site-packages/airflow/example_dags/example_nested_branch_dag.py for tasks to queue
[2024-09-03T11:30:41.171+0000] {logging_mixin.py:190} INFO - [2024-09-03T11:30:41.170+0000] {dagbag.py:587} INFO - Filling up the DagBag from /home/airflow/.local/lib/python3.12/site-packages/airflow/example_dags/example_nested_branch_dag.py
[2024-09-03T11:30:41.185+0000] {processor.py:925} INFO - DAG(s) 'example_nested_branch_dag' retrieved from /home/airflow/.local/lib/python3.12/site-packages/airflow/example_dags/example_nested_branch_dag.py
[2024-09-03T11:30:41.230+0000] {logging_mixin.py:190} INFO - [2024-09-03T11:30:41.229+0000] {dag.py:3211} INFO - Sync 1 DAGs
[2024-09-03T11:30:41.274+0000] {logging_mixin.py:190} INFO - [2024-09-03T11:30:41.274+0000] {dag.py:4138} INFO - Setting next_dagrun for example_nested_branch_dag to 2024-09-02 00:00:00+00:00, run_after=2024-09-03 00:00:00+00:00
[2024-09-03T11:30:41.317+0000] {processor.py:208} INFO - Processing /home/airflow/.local/lib/python3.12/site-packages/airflow/example_dags/example_nested_branch_dag.py took 0.158 seconds
[2024-09-03T11:31:11.422+0000] {processor.py:186} INFO - Started process (PID=549) to work on /home/airflow/.local/lib/python3.12/site-packages/airflow/example_dags/example_nested_branch_dag.py
[2024-09-03T11:31:11.424+0000] {processor.py:914} INFO - Processing file /home/airflow/.local/lib/python3.12/site-packages/airflow/example_dags/example_nested_branch_dag.py for tasks to queue
[2024-09-03T11:31:11.430+0000] {logging_mixin.py:190} INFO - [2024-09-03T11:31:11.429+0000] {dagbag.py:587} INFO - Filling up the DagBag from /home/airflow/.local/lib/python3.12/site-packages/airflow/example_dags/example_nested_branch_dag.py
[2024-09-03T11:31:11.448+0000] {processor.py:925} INFO - DAG(s) 'example_nested_branch_dag' retrieved from /home/airflow/.local/lib/python3.12/site-packages/airflow/example_dags/example_nested_branch_dag.py
[2024-09-03T11:31:11.486+0000] {logging_mixin.py:190} INFO - [2024-09-03T11:31:11.485+0000] {dag.py:3211} INFO - Sync 1 DAGs
[2024-09-03T11:31:11.516+0000] {logging_mixin.py:190} INFO - [2024-09-03T11:31:11.516+0000] {dag.py:4138} INFO - Setting next_dagrun for example_nested_branch_dag to 2024-09-02 00:00:00+00:00, run_after=2024-09-03 00:00:00+00:00
[2024-09-03T11:31:11.545+0000] {processor.py:208} INFO - Processing /home/airflow/.local/lib/python3.12/site-packages/airflow/example_dags/example_nested_branch_dag.py took 0.133 seconds
[2024-09-03T11:31:41.883+0000] {processor.py:186} INFO - Started process (PID=612) to work on /home/airflow/.local/lib/python3.12/site-packages/airflow/example_dags/example_nested_branch_dag.py
[2024-09-03T11:31:41.884+0000] {processor.py:914} INFO - Processing file /home/airflow/.local/lib/python3.12/site-packages/airflow/example_dags/example_nested_branch_dag.py for tasks to queue
[2024-09-03T11:31:41.887+0000] {logging_mixin.py:190} INFO - [2024-09-03T11:31:41.887+0000] {dagbag.py:587} INFO - Filling up the DagBag from /home/airflow/.local/lib/python3.12/site-packages/airflow/example_dags/example_nested_branch_dag.py
[2024-09-03T11:31:41.899+0000] {processor.py:925} INFO - DAG(s) 'example_nested_branch_dag' retrieved from /home/airflow/.local/lib/python3.12/site-packages/airflow/example_dags/example_nested_branch_dag.py
[2024-09-03T11:31:41.926+0000] {logging_mixin.py:190} INFO - [2024-09-03T11:31:41.926+0000] {dag.py:3211} INFO - Sync 1 DAGs
[2024-09-03T11:31:41.952+0000] {logging_mixin.py:190} INFO - [2024-09-03T11:31:41.952+0000] {dag.py:4138} INFO - Setting next_dagrun for example_nested_branch_dag to 2024-09-02 00:00:00+00:00, run_after=2024-09-03 00:00:00+00:00
[2024-09-03T11:31:41.979+0000] {processor.py:208} INFO - Processing /home/airflow/.local/lib/python3.12/site-packages/airflow/example_dags/example_nested_branch_dag.py took 0.102 seconds
[2024-09-03T11:32:12.510+0000] {processor.py:186} INFO - Started process (PID=675) to work on /home/airflow/.local/lib/python3.12/site-packages/airflow/example_dags/example_nested_branch_dag.py
[2024-09-03T11:32:12.512+0000] {processor.py:914} INFO - Processing file /home/airflow/.local/lib/python3.12/site-packages/airflow/example_dags/example_nested_branch_dag.py for tasks to queue
[2024-09-03T11:32:12.516+0000] {logging_mixin.py:190} INFO - [2024-09-03T11:32:12.515+0000] {dagbag.py:587} INFO - Filling up the DagBag from /home/airflow/.local/lib/python3.12/site-packages/airflow/example_dags/example_nested_branch_dag.py
[2024-09-03T11:32:12.529+0000] {processor.py:925} INFO - DAG(s) 'example_nested_branch_dag' retrieved from /home/airflow/.local/lib/python3.12/site-packages/airflow/example_dags/example_nested_branch_dag.py
[2024-09-03T11:32:12.561+0000] {logging_mixin.py:190} INFO - [2024-09-03T11:32:12.560+0000] {dag.py:3211} INFO - Sync 1 DAGs
[2024-09-03T11:32:12.597+0000] {logging_mixin.py:190} INFO - [2024-09-03T11:32:12.597+0000] {dag.py:4138} INFO - Setting next_dagrun for example_nested_branch_dag to 2024-09-02 00:00:00+00:00, run_after=2024-09-03 00:00:00+00:00
[2024-09-03T11:32:12.624+0000] {processor.py:208} INFO - Processing /home/airflow/.local/lib/python3.12/site-packages/airflow/example_dags/example_nested_branch_dag.py took 0.119 seconds
[2024-09-03T11:32:42.770+0000] {processor.py:186} INFO - Started process (PID=738) to work on /home/airflow/.local/lib/python3.12/site-packages/airflow/example_dags/example_nested_branch_dag.py
[2024-09-03T11:32:42.771+0000] {processor.py:914} INFO - Processing file /home/airflow/.local/lib/python3.12/site-packages/airflow/example_dags/example_nested_branch_dag.py for tasks to queue
[2024-09-03T11:32:42.774+0000] {logging_mixin.py:190} INFO - [2024-09-03T11:32:42.774+0000] {dagbag.py:587} INFO - Filling up the DagBag from /home/airflow/.local/lib/python3.12/site-packages/airflow/example_dags/example_nested_branch_dag.py
[2024-09-03T11:32:42.785+0000] {processor.py:925} INFO - DAG(s) 'example_nested_branch_dag' retrieved from /home/airflow/.local/lib/python3.12/site-packages/airflow/example_dags/example_nested_branch_dag.py
[2024-09-03T11:32:42.809+0000] {logging_mixin.py:190} INFO - [2024-09-03T11:32:42.809+0000] {dag.py:3211} INFO - Sync 1 DAGs
[2024-09-03T11:32:42.837+0000] {logging_mixin.py:190} INFO - [2024-09-03T11:32:42.837+0000] {dag.py:4138} INFO - Setting next_dagrun for example_nested_branch_dag to 2024-09-02 00:00:00+00:00, run_after=2024-09-03 00:00:00+00:00
[2024-09-03T11:32:42.870+0000] {processor.py:208} INFO - Processing /home/airflow/.local/lib/python3.12/site-packages/airflow/example_dags/example_nested_branch_dag.py took 0.106 seconds
[2024-09-03T11:33:13.452+0000] {processor.py:186} INFO - Started process (PID=801) to work on /home/airflow/.local/lib/python3.12/site-packages/airflow/example_dags/example_nested_branch_dag.py
[2024-09-03T11:33:13.456+0000] {processor.py:914} INFO - Processing file /home/airflow/.local/lib/python3.12/site-packages/airflow/example_dags/example_nested_branch_dag.py for tasks to queue
[2024-09-03T11:33:13.461+0000] {logging_mixin.py:190} INFO - [2024-09-03T11:33:13.460+0000] {dagbag.py:587} INFO - Filling up the DagBag from /home/airflow/.local/lib/python3.12/site-packages/airflow/example_dags/example_nested_branch_dag.py
[2024-09-03T11:33:13.481+0000] {processor.py:925} INFO - DAG(s) 'example_nested_branch_dag' retrieved from /home/airflow/.local/lib/python3.12/site-packages/airflow/example_dags/example_nested_branch_dag.py
[2024-09-03T11:33:13.521+0000] {logging_mixin.py:190} INFO - [2024-09-03T11:33:13.520+0000] {dag.py:3211} INFO - Sync 1 DAGs
[2024-09-03T11:33:13.558+0000] {logging_mixin.py:190} INFO - [2024-09-03T11:33:13.558+0000] {dag.py:4138} INFO - Setting next_dagrun for example_nested_branch_dag to 2024-09-02 00:00:00+00:00, run_after=2024-09-03 00:00:00+00:00
[2024-09-03T11:33:13.607+0000] {processor.py:208} INFO - Processing /home/airflow/.local/lib/python3.12/site-packages/airflow/example_dags/example_nested_branch_dag.py took 0.162 seconds
[2024-09-03T11:33:43.680+0000] {processor.py:186} INFO - Started process (PID=864) to work on /home/airflow/.local/lib/python3.12/site-packages/airflow/example_dags/example_nested_branch_dag.py
[2024-09-03T11:33:43.682+0000] {processor.py:914} INFO - Processing file /home/airflow/.local/lib/python3.12/site-packages/airflow/example_dags/example_nested_branch_dag.py for tasks to queue
[2024-09-03T11:33:43.685+0000] {logging_mixin.py:190} INFO - [2024-09-03T11:33:43.685+0000] {dagbag.py:587} INFO - Filling up the DagBag from /home/airflow/.local/lib/python3.12/site-packages/airflow/example_dags/example_nested_branch_dag.py
[2024-09-03T11:33:43.697+0000] {processor.py:925} INFO - DAG(s) 'example_nested_branch_dag' retrieved from /home/airflow/.local/lib/python3.12/site-packages/airflow/example_dags/example_nested_branch_dag.py
[2024-09-03T11:33:43.723+0000] {logging_mixin.py:190} INFO - [2024-09-03T11:33:43.723+0000] {dag.py:3211} INFO - Sync 1 DAGs
[2024-09-03T11:33:43.748+0000] {logging_mixin.py:190} INFO - [2024-09-03T11:33:43.748+0000] {dag.py:4138} INFO - Setting next_dagrun for example_nested_branch_dag to 2024-09-02 00:00:00+00:00, run_after=2024-09-03 00:00:00+00:00
[2024-09-03T11:33:43.774+0000] {processor.py:208} INFO - Processing /home/airflow/.local/lib/python3.12/site-packages/airflow/example_dags/example_nested_branch_dag.py took 0.099 seconds
[2024-09-03T11:34:14.347+0000] {processor.py:186} INFO - Started process (PID=927) to work on /home/airflow/.local/lib/python3.12/site-packages/airflow/example_dags/example_nested_branch_dag.py
[2024-09-03T11:34:14.348+0000] {processor.py:914} INFO - Processing file /home/airflow/.local/lib/python3.12/site-packages/airflow/example_dags/example_nested_branch_dag.py for tasks to queue
[2024-09-03T11:34:14.353+0000] {logging_mixin.py:190} INFO - [2024-09-03T11:34:14.352+0000] {dagbag.py:587} INFO - Filling up the DagBag from /home/airflow/.local/lib/python3.12/site-packages/airflow/example_dags/example_nested_branch_dag.py
[2024-09-03T11:34:14.368+0000] {processor.py:925} INFO - DAG(s) 'example_nested_branch_dag' retrieved from /home/airflow/.local/lib/python3.12/site-packages/airflow/example_dags/example_nested_branch_dag.py
[2024-09-03T11:34:14.400+0000] {logging_mixin.py:190} INFO - [2024-09-03T11:34:14.399+0000] {dag.py:3211} INFO - Sync 1 DAGs
[2024-09-03T11:34:14.427+0000] {logging_mixin.py:190} INFO - [2024-09-03T11:34:14.427+0000] {dag.py:4138} INFO - Setting next_dagrun for example_nested_branch_dag to 2024-09-02 00:00:00+00:00, run_after=2024-09-03 00:00:00+00:00
[2024-09-03T11:34:14.464+0000] {processor.py:208} INFO - Processing /home/airflow/.local/lib/python3.12/site-packages/airflow/example_dags/example_nested_branch_dag.py took 0.124 seconds
[2024-09-03T11:34:44.580+0000] {processor.py:186} INFO - Started process (PID=990) to work on /home/airflow/.local/lib/python3.12/site-packages/airflow/example_dags/example_nested_branch_dag.py
[2024-09-03T11:34:44.583+0000] {processor.py:914} INFO - Processing file /home/airflow/.local/lib/python3.12/site-packages/airflow/example_dags/example_nested_branch_dag.py for tasks to queue
[2024-09-03T11:34:44.588+0000] {logging_mixin.py:190} INFO - [2024-09-03T11:34:44.587+0000] {dagbag.py:587} INFO - Filling up the DagBag from /home/airflow/.local/lib/python3.12/site-packages/airflow/example_dags/example_nested_branch_dag.py
[2024-09-03T11:34:44.616+0000] {processor.py:925} INFO - DAG(s) 'example_nested_branch_dag' retrieved from /home/airflow/.local/lib/python3.12/site-packages/airflow/example_dags/example_nested_branch_dag.py
[2024-09-03T11:34:44.671+0000] {logging_mixin.py:190} INFO - [2024-09-03T11:34:44.670+0000] {dag.py:3211} INFO - Sync 1 DAGs
[2024-09-03T11:34:44.734+0000] {logging_mixin.py:190} INFO - [2024-09-03T11:34:44.733+0000] {dag.py:4138} INFO - Setting next_dagrun for example_nested_branch_dag to 2024-09-02 00:00:00+00:00, run_after=2024-09-03 00:00:00+00:00
[2024-09-03T11:34:44.782+0000] {processor.py:208} INFO - Processing /home/airflow/.local/lib/python3.12/site-packages/airflow/example_dags/example_nested_branch_dag.py took 0.213 seconds
[2024-09-03T11:35:15.668+0000] {processor.py:186} INFO - Started process (PID=1053) to work on /home/airflow/.local/lib/python3.12/site-packages/airflow/example_dags/example_nested_branch_dag.py
[2024-09-03T11:35:15.670+0000] {processor.py:914} INFO - Processing file /home/airflow/.local/lib/python3.12/site-packages/airflow/example_dags/example_nested_branch_dag.py for tasks to queue
[2024-09-03T11:35:15.672+0000] {logging_mixin.py:190} INFO - [2024-09-03T11:35:15.672+0000] {dagbag.py:587} INFO - Filling up the DagBag from /home/airflow/.local/lib/python3.12/site-packages/airflow/example_dags/example_nested_branch_dag.py
[2024-09-03T11:35:15.683+0000] {processor.py:925} INFO - DAG(s) 'example_nested_branch_dag' retrieved from /home/airflow/.local/lib/python3.12/site-packages/airflow/example_dags/example_nested_branch_dag.py
[2024-09-03T11:35:15.708+0000] {logging_mixin.py:190} INFO - [2024-09-03T11:35:15.708+0000] {dag.py:3211} INFO - Sync 1 DAGs
[2024-09-03T11:35:15.737+0000] {logging_mixin.py:190} INFO - [2024-09-03T11:35:15.737+0000] {dag.py:4138} INFO - Setting next_dagrun for example_nested_branch_dag to 2024-09-02 00:00:00+00:00, run_after=2024-09-03 00:00:00+00:00
[2024-09-03T11:35:15.766+0000] {processor.py:208} INFO - Processing /home/airflow/.local/lib/python3.12/site-packages/airflow/example_dags/example_nested_branch_dag.py took 0.103 seconds
[2024-09-03T11:35:45.940+0000] {processor.py:186} INFO - Started process (PID=1116) to work on /home/airflow/.local/lib/python3.12/site-packages/airflow/example_dags/example_nested_branch_dag.py
[2024-09-03T11:35:45.941+0000] {processor.py:914} INFO - Processing file /home/airflow/.local/lib/python3.12/site-packages/airflow/example_dags/example_nested_branch_dag.py for tasks to queue
[2024-09-03T11:35:45.945+0000] {logging_mixin.py:190} INFO - [2024-09-03T11:35:45.944+0000] {dagbag.py:587} INFO - Filling up the DagBag from /home/airflow/.local/lib/python3.12/site-packages/airflow/example_dags/example_nested_branch_dag.py
[2024-09-03T11:35:45.954+0000] {processor.py:925} INFO - DAG(s) 'example_nested_branch_dag' retrieved from /home/airflow/.local/lib/python3.12/site-packages/airflow/example_dags/example_nested_branch_dag.py
[2024-09-03T11:35:45.978+0000] {logging_mixin.py:190} INFO - [2024-09-03T11:35:45.978+0000] {dag.py:3211} INFO - Sync 1 DAGs
[2024-09-03T11:35:46.006+0000] {logging_mixin.py:190} INFO - [2024-09-03T11:35:46.006+0000] {dag.py:4138} INFO - Setting next_dagrun for example_nested_branch_dag to 2024-09-02 00:00:00+00:00, run_after=2024-09-03 00:00:00+00:00
[2024-09-03T11:35:46.031+0000] {processor.py:208} INFO - Processing /home/airflow/.local/lib/python3.12/site-packages/airflow/example_dags/example_nested_branch_dag.py took 0.096 seconds
[2024-09-03T11:36:16.617+0000] {processor.py:186} INFO - Started process (PID=1179) to work on /home/airflow/.local/lib/python3.12/site-packages/airflow/example_dags/example_nested_branch_dag.py
[2024-09-03T11:36:16.618+0000] {processor.py:914} INFO - Processing file /home/airflow/.local/lib/python3.12/site-packages/airflow/example_dags/example_nested_branch_dag.py for tasks to queue
[2024-09-03T11:36:16.622+0000] {logging_mixin.py:190} INFO - [2024-09-03T11:36:16.622+0000] {dagbag.py:587} INFO - Filling up the DagBag from /home/airflow/.local/lib/python3.12/site-packages/airflow/example_dags/example_nested_branch_dag.py
[2024-09-03T11:36:16.636+0000] {processor.py:925} INFO - DAG(s) 'example_nested_branch_dag' retrieved from /home/airflow/.local/lib/python3.12/site-packages/airflow/example_dags/example_nested_branch_dag.py
[2024-09-03T11:36:16.667+0000] {logging_mixin.py:190} INFO - [2024-09-03T11:36:16.667+0000] {dag.py:3211} INFO - Sync 1 DAGs
[2024-09-03T11:36:16.692+0000] {logging_mixin.py:190} INFO - [2024-09-03T11:36:16.692+0000] {dag.py:4138} INFO - Setting next_dagrun for example_nested_branch_dag to 2024-09-02 00:00:00+00:00, run_after=2024-09-03 00:00:00+00:00
[2024-09-03T11:36:16.718+0000] {processor.py:208} INFO - Processing /home/airflow/.local/lib/python3.12/site-packages/airflow/example_dags/example_nested_branch_dag.py took 0.107 seconds
[2024-09-03T11:36:47.715+0000] {processor.py:186} INFO - Started process (PID=1242) to work on /home/airflow/.local/lib/python3.12/site-packages/airflow/example_dags/example_nested_branch_dag.py
[2024-09-03T11:36:47.717+0000] {processor.py:914} INFO - Processing file /home/airflow/.local/lib/python3.12/site-packages/airflow/example_dags/example_nested_branch_dag.py for tasks to queue
[2024-09-03T11:36:47.722+0000] {logging_mixin.py:190} INFO - [2024-09-03T11:36:47.721+0000] {dagbag.py:587} INFO - Filling up the DagBag from /home/airflow/.local/lib/python3.12/site-packages/airflow/example_dags/example_nested_branch_dag.py
[2024-09-03T11:36:47.741+0000] {processor.py:925} INFO - DAG(s) 'example_nested_branch_dag' retrieved from /home/airflow/.local/lib/python3.12/site-packages/airflow/example_dags/example_nested_branch_dag.py
[2024-09-03T11:36:47.780+0000] {logging_mixin.py:190} INFO - [2024-09-03T11:36:47.780+0000] {dag.py:3211} INFO - Sync 1 DAGs
[2024-09-03T11:36:47.821+0000] {logging_mixin.py:190} INFO - [2024-09-03T11:36:47.820+0000] {dag.py:4138} INFO - Setting next_dagrun for example_nested_branch_dag to 2024-09-02 00:00:00+00:00, run_after=2024-09-03 00:00:00+00:00
[2024-09-03T11:36:47.852+0000] {processor.py:208} INFO - Processing /home/airflow/.local/lib/python3.12/site-packages/airflow/example_dags/example_nested_branch_dag.py took 0.147 seconds
[2024-09-03T11:37:18.463+0000] {processor.py:186} INFO - Started process (PID=1305) to work on /home/airflow/.local/lib/python3.12/site-packages/airflow/example_dags/example_nested_branch_dag.py
[2024-09-03T11:37:18.465+0000] {processor.py:914} INFO - Processing file /home/airflow/.local/lib/python3.12/site-packages/airflow/example_dags/example_nested_branch_dag.py for tasks to queue
[2024-09-03T11:37:18.468+0000] {logging_mixin.py:190} INFO - [2024-09-03T11:37:18.467+0000] {dagbag.py:587} INFO - Filling up the DagBag from /home/airflow/.local/lib/python3.12/site-packages/airflow/example_dags/example_nested_branch_dag.py
[2024-09-03T11:37:18.481+0000] {processor.py:925} INFO - DAG(s) 'example_nested_branch_dag' retrieved from /home/airflow/.local/lib/python3.12/site-packages/airflow/example_dags/example_nested_branch_dag.py
[2024-09-03T11:37:18.514+0000] {logging_mixin.py:190} INFO - [2024-09-03T11:37:18.513+0000] {dag.py:3211} INFO - Sync 1 DAGs
[2024-09-03T11:37:18.544+0000] {logging_mixin.py:190} INFO - [2024-09-03T11:37:18.544+0000] {dag.py:4138} INFO - Setting next_dagrun for example_nested_branch_dag to 2024-09-02 00:00:00+00:00, run_after=2024-09-03 00:00:00+00:00
[2024-09-03T11:37:18.581+0000] {processor.py:208} INFO - Processing /home/airflow/.local/lib/python3.12/site-packages/airflow/example_dags/example_nested_branch_dag.py took 0.124 seconds
[2024-09-03T11:37:49.525+0000] {processor.py:186} INFO - Started process (PID=1368) to work on /home/airflow/.local/lib/python3.12/site-packages/airflow/example_dags/example_nested_branch_dag.py
[2024-09-03T11:37:49.526+0000] {processor.py:914} INFO - Processing file /home/airflow/.local/lib/python3.12/site-packages/airflow/example_dags/example_nested_branch_dag.py for tasks to queue
[2024-09-03T11:37:49.530+0000] {logging_mixin.py:190} INFO - [2024-09-03T11:37:49.529+0000] {dagbag.py:587} INFO - Filling up the DagBag from /home/airflow/.local/lib/python3.12/site-packages/airflow/example_dags/example_nested_branch_dag.py
[2024-09-03T11:37:49.543+0000] {processor.py:925} INFO - DAG(s) 'example_nested_branch_dag' retrieved from /home/airflow/.local/lib/python3.12/site-packages/airflow/example_dags/example_nested_branch_dag.py
[2024-09-03T11:37:49.573+0000] {logging_mixin.py:190} INFO - [2024-09-03T11:37:49.573+0000] {dag.py:3211} INFO - Sync 1 DAGs
[2024-09-03T11:37:49.611+0000] {logging_mixin.py:190} INFO - [2024-09-03T11:37:49.611+0000] {dag.py:4138} INFO - Setting next_dagrun for example_nested_branch_dag to 2024-09-02 00:00:00+00:00, run_after=2024-09-03 00:00:00+00:00
[2024-09-03T11:37:49.654+0000] {processor.py:208} INFO - Processing /home/airflow/.local/lib/python3.12/site-packages/airflow/example_dags/example_nested_branch_dag.py took 0.136 seconds
[2024-09-03T11:38:19.746+0000] {processor.py:186} INFO - Started process (PID=1431) to work on /home/airflow/.local/lib/python3.12/site-packages/airflow/example_dags/example_nested_branch_dag.py
[2024-09-03T11:38:19.747+0000] {processor.py:914} INFO - Processing file /home/airflow/.local/lib/python3.12/site-packages/airflow/example_dags/example_nested_branch_dag.py for tasks to queue
[2024-09-03T11:38:19.751+0000] {logging_mixin.py:190} INFO - [2024-09-03T11:38:19.750+0000] {dagbag.py:587} INFO - Filling up the DagBag from /home/airflow/.local/lib/python3.12/site-packages/airflow/example_dags/example_nested_branch_dag.py
[2024-09-03T11:38:19.768+0000] {processor.py:925} INFO - DAG(s) 'example_nested_branch_dag' retrieved from /home/airflow/.local/lib/python3.12/site-packages/airflow/example_dags/example_nested_branch_dag.py
[2024-09-03T11:38:19.799+0000] {logging_mixin.py:190} INFO - [2024-09-03T11:38:19.799+0000] {dag.py:3211} INFO - Sync 1 DAGs
[2024-09-03T11:38:19.842+0000] {logging_mixin.py:190} INFO - [2024-09-03T11:38:19.841+0000] {dag.py:4138} INFO - Setting next_dagrun for example_nested_branch_dag to 2024-09-02 00:00:00+00:00, run_after=2024-09-03 00:00:00+00:00
[2024-09-03T11:38:19.880+0000] {processor.py:208} INFO - Processing /home/airflow/.local/lib/python3.12/site-packages/airflow/example_dags/example_nested_branch_dag.py took 0.141 seconds
[2024-09-03T11:38:50.593+0000] {processor.py:186} INFO - Started process (PID=1494) to work on /home/airflow/.local/lib/python3.12/site-packages/airflow/example_dags/example_nested_branch_dag.py
[2024-09-03T11:38:50.596+0000] {processor.py:914} INFO - Processing file /home/airflow/.local/lib/python3.12/site-packages/airflow/example_dags/example_nested_branch_dag.py for tasks to queue
[2024-09-03T11:38:50.602+0000] {logging_mixin.py:190} INFO - [2024-09-03T11:38:50.601+0000] {dagbag.py:587} INFO - Filling up the DagBag from /home/airflow/.local/lib/python3.12/site-packages/airflow/example_dags/example_nested_branch_dag.py
[2024-09-03T11:38:50.632+0000] {processor.py:925} INFO - DAG(s) 'example_nested_branch_dag' retrieved from /home/airflow/.local/lib/python3.12/site-packages/airflow/example_dags/example_nested_branch_dag.py
[2024-09-03T11:38:50.691+0000] {logging_mixin.py:190} INFO - [2024-09-03T11:38:50.690+0000] {dag.py:3211} INFO - Sync 1 DAGs
[2024-09-03T11:38:50.755+0000] {logging_mixin.py:190} INFO - [2024-09-03T11:38:50.755+0000] {dag.py:4138} INFO - Setting next_dagrun for example_nested_branch_dag to 2024-09-02 00:00:00+00:00, run_after=2024-09-03 00:00:00+00:00
[2024-09-03T11:38:50.806+0000] {processor.py:208} INFO - Processing /home/airflow/.local/lib/python3.12/site-packages/airflow/example_dags/example_nested_branch_dag.py took 0.223 seconds
[2024-09-03T11:39:21.298+0000] {processor.py:186} INFO - Started process (PID=1557) to work on /home/airflow/.local/lib/python3.12/site-packages/airflow/example_dags/example_nested_branch_dag.py
[2024-09-03T11:39:21.300+0000] {processor.py:914} INFO - Processing file /home/airflow/.local/lib/python3.12/site-packages/airflow/example_dags/example_nested_branch_dag.py for tasks to queue
[2024-09-03T11:39:21.304+0000] {logging_mixin.py:190} INFO - [2024-09-03T11:39:21.303+0000] {dagbag.py:587} INFO - Filling up the DagBag from /home/airflow/.local/lib/python3.12/site-packages/airflow/example_dags/example_nested_branch_dag.py
[2024-09-03T11:39:21.319+0000] {processor.py:925} INFO - DAG(s) 'example_nested_branch_dag' retrieved from /home/airflow/.local/lib/python3.12/site-packages/airflow/example_dags/example_nested_branch_dag.py
[2024-09-03T11:39:21.354+0000] {logging_mixin.py:190} INFO - [2024-09-03T11:39:21.354+0000] {dag.py:3211} INFO - Sync 1 DAGs
[2024-09-03T11:39:21.389+0000] {logging_mixin.py:190} INFO - [2024-09-03T11:39:21.389+0000] {dag.py:4138} INFO - Setting next_dagrun for example_nested_branch_dag to 2024-09-02 00:00:00+00:00, run_after=2024-09-03 00:00:00+00:00
[2024-09-03T11:39:21.427+0000] {processor.py:208} INFO - Processing /home/airflow/.local/lib/python3.12/site-packages/airflow/example_dags/example_nested_branch_dag.py took 0.138 seconds
[2024-09-03T11:39:51.545+0000] {processor.py:186} INFO - Started process (PID=1620) to work on /home/airflow/.local/lib/python3.12/site-packages/airflow/example_dags/example_nested_branch_dag.py
[2024-09-03T11:39:51.547+0000] {processor.py:914} INFO - Processing file /home/airflow/.local/lib/python3.12/site-packages/airflow/example_dags/example_nested_branch_dag.py for tasks to queue
[2024-09-03T11:39:51.550+0000] {logging_mixin.py:190} INFO - [2024-09-03T11:39:51.550+0000] {dagbag.py:587} INFO - Filling up the DagBag from /home/airflow/.local/lib/python3.12/site-packages/airflow/example_dags/example_nested_branch_dag.py
[2024-09-03T11:39:51.564+0000] {processor.py:925} INFO - DAG(s) 'example_nested_branch_dag' retrieved from /home/airflow/.local/lib/python3.12/site-packages/airflow/example_dags/example_nested_branch_dag.py
[2024-09-03T11:39:51.595+0000] {logging_mixin.py:190} INFO - [2024-09-03T11:39:51.595+0000] {dag.py:3211} INFO - Sync 1 DAGs
[2024-09-03T11:39:51.629+0000] {logging_mixin.py:190} INFO - [2024-09-03T11:39:51.628+0000] {dag.py:4138} INFO - Setting next_dagrun for example_nested_branch_dag to 2024-09-02 00:00:00+00:00, run_after=2024-09-03 00:00:00+00:00
[2024-09-03T11:39:51.661+0000] {processor.py:208} INFO - Processing /home/airflow/.local/lib/python3.12/site-packages/airflow/example_dags/example_nested_branch_dag.py took 0.122 seconds
[2024-09-03T11:40:21.755+0000] {processor.py:186} INFO - Started process (PID=1683) to work on /home/airflow/.local/lib/python3.12/site-packages/airflow/example_dags/example_nested_branch_dag.py
[2024-09-03T11:40:21.757+0000] {processor.py:914} INFO - Processing file /home/airflow/.local/lib/python3.12/site-packages/airflow/example_dags/example_nested_branch_dag.py for tasks to queue
[2024-09-03T11:40:21.761+0000] {logging_mixin.py:190} INFO - [2024-09-03T11:40:21.760+0000] {dagbag.py:587} INFO - Filling up the DagBag from /home/airflow/.local/lib/python3.12/site-packages/airflow/example_dags/example_nested_branch_dag.py
[2024-09-03T11:40:21.779+0000] {processor.py:925} INFO - DAG(s) 'example_nested_branch_dag' retrieved from /home/airflow/.local/lib/python3.12/site-packages/airflow/example_dags/example_nested_branch_dag.py
[2024-09-03T11:40:21.816+0000] {logging_mixin.py:190} INFO - [2024-09-03T11:40:21.815+0000] {dag.py:3211} INFO - Sync 1 DAGs
[2024-09-03T11:40:21.856+0000] {logging_mixin.py:190} INFO - [2024-09-03T11:40:21.855+0000] {dag.py:4138} INFO - Setting next_dagrun for example_nested_branch_dag to 2024-09-02 00:00:00+00:00, run_after=2024-09-03 00:00:00+00:00
[2024-09-03T11:40:21.895+0000] {processor.py:208} INFO - Processing /home/airflow/.local/lib/python3.12/site-packages/airflow/example_dags/example_nested_branch_dag.py took 0.146 seconds
[2024-09-03T11:40:53.558+0000] {processor.py:186} INFO - Started process (PID=1747) to work on /home/airflow/.local/lib/python3.12/site-packages/airflow/example_dags/example_nested_branch_dag.py
[2024-09-03T11:40:53.561+0000] {processor.py:914} INFO - Processing file /home/airflow/.local/lib/python3.12/site-packages/airflow/example_dags/example_nested_branch_dag.py for tasks to queue
[2024-09-03T11:40:53.572+0000] {logging_mixin.py:190} INFO - [2024-09-03T11:40:53.569+0000] {dagbag.py:587} INFO - Filling up the DagBag from /home/airflow/.local/lib/python3.12/site-packages/airflow/example_dags/example_nested_branch_dag.py
[2024-09-03T11:40:53.615+0000] {processor.py:925} INFO - DAG(s) 'example_nested_branch_dag' retrieved from /home/airflow/.local/lib/python3.12/site-packages/airflow/example_dags/example_nested_branch_dag.py
[2024-09-03T11:40:53.696+0000] {logging_mixin.py:190} INFO - [2024-09-03T11:40:53.695+0000] {dag.py:3211} INFO - Sync 1 DAGs
[2024-09-03T11:40:53.788+0000] {logging_mixin.py:190} INFO - [2024-09-03T11:40:53.788+0000] {dag.py:4138} INFO - Setting next_dagrun for example_nested_branch_dag to 2024-09-02 00:00:00+00:00, run_after=2024-09-03 00:00:00+00:00
[2024-09-03T11:40:53.872+0000] {processor.py:208} INFO - Processing /home/airflow/.local/lib/python3.12/site-packages/airflow/example_dags/example_nested_branch_dag.py took 0.324 seconds
[2024-09-03T11:41:24.136+0000] {processor.py:186} INFO - Started process (PID=1810) to work on /home/airflow/.local/lib/python3.12/site-packages/airflow/example_dags/example_nested_branch_dag.py
[2024-09-03T11:41:24.138+0000] {processor.py:914} INFO - Processing file /home/airflow/.local/lib/python3.12/site-packages/airflow/example_dags/example_nested_branch_dag.py for tasks to queue
[2024-09-03T11:41:24.143+0000] {logging_mixin.py:190} INFO - [2024-09-03T11:41:24.142+0000] {dagbag.py:587} INFO - Filling up the DagBag from /home/airflow/.local/lib/python3.12/site-packages/airflow/example_dags/example_nested_branch_dag.py
[2024-09-03T11:41:24.163+0000] {processor.py:925} INFO - DAG(s) 'example_nested_branch_dag' retrieved from /home/airflow/.local/lib/python3.12/site-packages/airflow/example_dags/example_nested_branch_dag.py
[2024-09-03T11:41:24.206+0000] {logging_mixin.py:190} INFO - [2024-09-03T11:41:24.206+0000] {dag.py:3211} INFO - Sync 1 DAGs
[2024-09-03T11:41:24.259+0000] {logging_mixin.py:190} INFO - [2024-09-03T11:41:24.259+0000] {dag.py:4138} INFO - Setting next_dagrun for example_nested_branch_dag to 2024-09-02 00:00:00+00:00, run_after=2024-09-03 00:00:00+00:00
[2024-09-03T11:41:24.314+0000] {processor.py:208} INFO - Processing /home/airflow/.local/lib/python3.12/site-packages/airflow/example_dags/example_nested_branch_dag.py took 0.188 seconds
[2024-09-03T11:41:55.360+0000] {processor.py:186} INFO - Started process (PID=1873) to work on /home/airflow/.local/lib/python3.12/site-packages/airflow/example_dags/example_nested_branch_dag.py
[2024-09-03T11:41:55.363+0000] {processor.py:914} INFO - Processing file /home/airflow/.local/lib/python3.12/site-packages/airflow/example_dags/example_nested_branch_dag.py for tasks to queue
[2024-09-03T11:41:55.374+0000] {logging_mixin.py:190} INFO - [2024-09-03T11:41:55.373+0000] {dagbag.py:587} INFO - Filling up the DagBag from /home/airflow/.local/lib/python3.12/site-packages/airflow/example_dags/example_nested_branch_dag.py
[2024-09-03T11:41:55.414+0000] {processor.py:925} INFO - DAG(s) 'example_nested_branch_dag' retrieved from /home/airflow/.local/lib/python3.12/site-packages/airflow/example_dags/example_nested_branch_dag.py
[2024-09-03T11:41:55.468+0000] {logging_mixin.py:190} INFO - [2024-09-03T11:41:55.468+0000] {dag.py:3211} INFO - Sync 1 DAGs
[2024-09-03T11:41:55.514+0000] {logging_mixin.py:190} INFO - [2024-09-03T11:41:55.514+0000] {dag.py:4138} INFO - Setting next_dagrun for example_nested_branch_dag to 2024-09-02 00:00:00+00:00, run_after=2024-09-03 00:00:00+00:00
[2024-09-03T11:41:55.557+0000] {processor.py:208} INFO - Processing /home/airflow/.local/lib/python3.12/site-packages/airflow/example_dags/example_nested_branch_dag.py took 0.219 seconds
[2024-09-03T11:42:26.167+0000] {processor.py:186} INFO - Started process (PID=1936) to work on /home/airflow/.local/lib/python3.12/site-packages/airflow/example_dags/example_nested_branch_dag.py
[2024-09-03T11:42:26.169+0000] {processor.py:914} INFO - Processing file /home/airflow/.local/lib/python3.12/site-packages/airflow/example_dags/example_nested_branch_dag.py for tasks to queue
[2024-09-03T11:42:26.174+0000] {logging_mixin.py:190} INFO - [2024-09-03T11:42:26.173+0000] {dagbag.py:587} INFO - Filling up the DagBag from /home/airflow/.local/lib/python3.12/site-packages/airflow/example_dags/example_nested_branch_dag.py
[2024-09-03T11:42:26.197+0000] {processor.py:925} INFO - DAG(s) 'example_nested_branch_dag' retrieved from /home/airflow/.local/lib/python3.12/site-packages/airflow/example_dags/example_nested_branch_dag.py
[2024-09-03T11:42:26.247+0000] {logging_mixin.py:190} INFO - [2024-09-03T11:42:26.246+0000] {dag.py:3211} INFO - Sync 1 DAGs
[2024-09-03T11:42:26.291+0000] {logging_mixin.py:190} INFO - [2024-09-03T11:42:26.291+0000] {dag.py:4138} INFO - Setting next_dagrun for example_nested_branch_dag to 2024-09-02 00:00:00+00:00, run_after=2024-09-03 00:00:00+00:00
[2024-09-03T11:42:26.332+0000] {processor.py:208} INFO - Processing /home/airflow/.local/lib/python3.12/site-packages/airflow/example_dags/example_nested_branch_dag.py took 0.175 seconds
[2024-09-03T11:42:57.081+0000] {processor.py:186} INFO - Started process (PID=1999) to work on /home/airflow/.local/lib/python3.12/site-packages/airflow/example_dags/example_nested_branch_dag.py
[2024-09-03T11:42:57.083+0000] {processor.py:914} INFO - Processing file /home/airflow/.local/lib/python3.12/site-packages/airflow/example_dags/example_nested_branch_dag.py for tasks to queue
[2024-09-03T11:42:57.088+0000] {logging_mixin.py:190} INFO - [2024-09-03T11:42:57.087+0000] {dagbag.py:587} INFO - Filling up the DagBag from /home/airflow/.local/lib/python3.12/site-packages/airflow/example_dags/example_nested_branch_dag.py
[2024-09-03T11:42:57.109+0000] {processor.py:925} INFO - DAG(s) 'example_nested_branch_dag' retrieved from /home/airflow/.local/lib/python3.12/site-packages/airflow/example_dags/example_nested_branch_dag.py
[2024-09-03T11:42:57.165+0000] {logging_mixin.py:190} INFO - [2024-09-03T11:42:57.164+0000] {dag.py:3211} INFO - Sync 1 DAGs
[2024-09-03T11:42:57.208+0000] {logging_mixin.py:190} INFO - [2024-09-03T11:42:57.208+0000] {dag.py:4138} INFO - Setting next_dagrun for example_nested_branch_dag to 2024-09-02 00:00:00+00:00, run_after=2024-09-03 00:00:00+00:00
[2024-09-03T11:42:57.264+0000] {processor.py:208} INFO - Processing /home/airflow/.local/lib/python3.12/site-packages/airflow/example_dags/example_nested_branch_dag.py took 0.193 seconds
[2024-09-03T11:43:27.721+0000] {processor.py:186} INFO - Started process (PID=2062) to work on /home/airflow/.local/lib/python3.12/site-packages/airflow/example_dags/example_nested_branch_dag.py
[2024-09-03T11:43:27.723+0000] {processor.py:914} INFO - Processing file /home/airflow/.local/lib/python3.12/site-packages/airflow/example_dags/example_nested_branch_dag.py for tasks to queue
[2024-09-03T11:43:27.728+0000] {logging_mixin.py:190} INFO - [2024-09-03T11:43:27.728+0000] {dagbag.py:587} INFO - Filling up the DagBag from /home/airflow/.local/lib/python3.12/site-packages/airflow/example_dags/example_nested_branch_dag.py
[2024-09-03T11:43:27.750+0000] {processor.py:925} INFO - DAG(s) 'example_nested_branch_dag' retrieved from /home/airflow/.local/lib/python3.12/site-packages/airflow/example_dags/example_nested_branch_dag.py
[2024-09-03T11:43:27.795+0000] {logging_mixin.py:190} INFO - [2024-09-03T11:43:27.794+0000] {dag.py:3211} INFO - Sync 1 DAGs
[2024-09-03T11:43:27.838+0000] {logging_mixin.py:190} INFO - [2024-09-03T11:43:27.837+0000] {dag.py:4138} INFO - Setting next_dagrun for example_nested_branch_dag to 2024-09-02 00:00:00+00:00, run_after=2024-09-03 00:00:00+00:00
[2024-09-03T11:43:27.877+0000] {processor.py:208} INFO - Processing /home/airflow/.local/lib/python3.12/site-packages/airflow/example_dags/example_nested_branch_dag.py took 0.167 seconds
[2024-09-03T11:43:58.354+0000] {processor.py:186} INFO - Started process (PID=2125) to work on /home/airflow/.local/lib/python3.12/site-packages/airflow/example_dags/example_nested_branch_dag.py
[2024-09-03T11:43:58.355+0000] {processor.py:914} INFO - Processing file /home/airflow/.local/lib/python3.12/site-packages/airflow/example_dags/example_nested_branch_dag.py for tasks to queue
[2024-09-03T11:43:58.358+0000] {logging_mixin.py:190} INFO - [2024-09-03T11:43:58.358+0000] {dagbag.py:587} INFO - Filling up the DagBag from /home/airflow/.local/lib/python3.12/site-packages/airflow/example_dags/example_nested_branch_dag.py
[2024-09-03T11:43:58.373+0000] {processor.py:925} INFO - DAG(s) 'example_nested_branch_dag' retrieved from /home/airflow/.local/lib/python3.12/site-packages/airflow/example_dags/example_nested_branch_dag.py
[2024-09-03T11:43:58.403+0000] {logging_mixin.py:190} INFO - [2024-09-03T11:43:58.403+0000] {dag.py:3211} INFO - Sync 1 DAGs
[2024-09-03T11:43:58.434+0000] {logging_mixin.py:190} INFO - [2024-09-03T11:43:58.434+0000] {dag.py:4138} INFO - Setting next_dagrun for example_nested_branch_dag to 2024-09-02 00:00:00+00:00, run_after=2024-09-03 00:00:00+00:00
[2024-09-03T11:43:58.463+0000] {processor.py:208} INFO - Processing /home/airflow/.local/lib/python3.12/site-packages/airflow/example_dags/example_nested_branch_dag.py took 0.115 seconds
[2024-09-03T11:44:28.548+0000] {processor.py:186} INFO - Started process (PID=2188) to work on /home/airflow/.local/lib/python3.12/site-packages/airflow/example_dags/example_nested_branch_dag.py
[2024-09-03T11:44:28.549+0000] {processor.py:914} INFO - Processing file /home/airflow/.local/lib/python3.12/site-packages/airflow/example_dags/example_nested_branch_dag.py for tasks to queue
[2024-09-03T11:44:28.552+0000] {logging_mixin.py:190} INFO - [2024-09-03T11:44:28.551+0000] {dagbag.py:587} INFO - Filling up the DagBag from /home/airflow/.local/lib/python3.12/site-packages/airflow/example_dags/example_nested_branch_dag.py
[2024-09-03T11:44:28.564+0000] {processor.py:925} INFO - DAG(s) 'example_nested_branch_dag' retrieved from /home/airflow/.local/lib/python3.12/site-packages/airflow/example_dags/example_nested_branch_dag.py
[2024-09-03T11:44:28.594+0000] {logging_mixin.py:190} INFO - [2024-09-03T11:44:28.593+0000] {dag.py:3211} INFO - Sync 1 DAGs
[2024-09-03T11:44:28.629+0000] {logging_mixin.py:190} INFO - [2024-09-03T11:44:28.628+0000] {dag.py:4138} INFO - Setting next_dagrun for example_nested_branch_dag to 2024-09-02 00:00:00+00:00, run_after=2024-09-03 00:00:00+00:00
[2024-09-03T11:44:28.659+0000] {processor.py:208} INFO - Processing /home/airflow/.local/lib/python3.12/site-packages/airflow/example_dags/example_nested_branch_dag.py took 0.116 seconds
[2024-09-03T11:44:59.621+0000] {processor.py:186} INFO - Started process (PID=2251) to work on /home/airflow/.local/lib/python3.12/site-packages/airflow/example_dags/example_nested_branch_dag.py
[2024-09-03T11:44:59.624+0000] {processor.py:914} INFO - Processing file /home/airflow/.local/lib/python3.12/site-packages/airflow/example_dags/example_nested_branch_dag.py for tasks to queue
[2024-09-03T11:44:59.626+0000] {logging_mixin.py:190} INFO - [2024-09-03T11:44:59.626+0000] {dagbag.py:587} INFO - Filling up the DagBag from /home/airflow/.local/lib/python3.12/site-packages/airflow/example_dags/example_nested_branch_dag.py
[2024-09-03T11:44:59.641+0000] {processor.py:925} INFO - DAG(s) 'example_nested_branch_dag' retrieved from /home/airflow/.local/lib/python3.12/site-packages/airflow/example_dags/example_nested_branch_dag.py
[2024-09-03T11:44:59.665+0000] {logging_mixin.py:190} INFO - [2024-09-03T11:44:59.665+0000] {dag.py:3211} INFO - Sync 1 DAGs
[2024-09-03T11:44:59.689+0000] {logging_mixin.py:190} INFO - [2024-09-03T11:44:59.689+0000] {dag.py:4138} INFO - Setting next_dagrun for example_nested_branch_dag to 2024-09-02 00:00:00+00:00, run_after=2024-09-03 00:00:00+00:00
[2024-09-03T11:44:59.715+0000] {processor.py:208} INFO - Processing /home/airflow/.local/lib/python3.12/site-packages/airflow/example_dags/example_nested_branch_dag.py took 0.100 seconds
[2024-09-03T11:45:29.778+0000] {processor.py:186} INFO - Started process (PID=2314) to work on /home/airflow/.local/lib/python3.12/site-packages/airflow/example_dags/example_nested_branch_dag.py
[2024-09-03T11:45:29.779+0000] {processor.py:914} INFO - Processing file /home/airflow/.local/lib/python3.12/site-packages/airflow/example_dags/example_nested_branch_dag.py for tasks to queue
[2024-09-03T11:45:29.782+0000] {logging_mixin.py:190} INFO - [2024-09-03T11:45:29.781+0000] {dagbag.py:587} INFO - Filling up the DagBag from /home/airflow/.local/lib/python3.12/site-packages/airflow/example_dags/example_nested_branch_dag.py
[2024-09-03T11:45:29.791+0000] {processor.py:925} INFO - DAG(s) 'example_nested_branch_dag' retrieved from /home/airflow/.local/lib/python3.12/site-packages/airflow/example_dags/example_nested_branch_dag.py
[2024-09-03T11:45:29.819+0000] {logging_mixin.py:190} INFO - [2024-09-03T11:45:29.818+0000] {dag.py:3211} INFO - Sync 1 DAGs
[2024-09-03T11:45:29.843+0000] {logging_mixin.py:190} INFO - [2024-09-03T11:45:29.843+0000] {dag.py:4138} INFO - Setting next_dagrun for example_nested_branch_dag to 2024-09-02 00:00:00+00:00, run_after=2024-09-03 00:00:00+00:00
[2024-09-03T11:45:29.869+0000] {processor.py:208} INFO - Processing /home/airflow/.local/lib/python3.12/site-packages/airflow/example_dags/example_nested_branch_dag.py took 0.097 seconds
[2024-09-03T11:46:00.146+0000] {processor.py:186} INFO - Started process (PID=2376) to work on /home/airflow/.local/lib/python3.12/site-packages/airflow/example_dags/example_nested_branch_dag.py
[2024-09-03T11:46:00.148+0000] {processor.py:914} INFO - Processing file /home/airflow/.local/lib/python3.12/site-packages/airflow/example_dags/example_nested_branch_dag.py for tasks to queue
[2024-09-03T11:46:00.150+0000] {logging_mixin.py:190} INFO - [2024-09-03T11:46:00.150+0000] {dagbag.py:587} INFO - Filling up the DagBag from /home/airflow/.local/lib/python3.12/site-packages/airflow/example_dags/example_nested_branch_dag.py
[2024-09-03T11:46:00.161+0000] {processor.py:925} INFO - DAG(s) 'example_nested_branch_dag' retrieved from /home/airflow/.local/lib/python3.12/site-packages/airflow/example_dags/example_nested_branch_dag.py
[2024-09-03T11:46:00.186+0000] {logging_mixin.py:190} INFO - [2024-09-03T11:46:00.186+0000] {dag.py:3211} INFO - Sync 1 DAGs
[2024-09-03T11:46:00.211+0000] {logging_mixin.py:190} INFO - [2024-09-03T11:46:00.211+0000] {dag.py:4138} INFO - Setting next_dagrun for example_nested_branch_dag to 2024-09-02 00:00:00+00:00, run_after=2024-09-03 00:00:00+00:00
[2024-09-03T11:46:00.237+0000] {processor.py:208} INFO - Processing /home/airflow/.local/lib/python3.12/site-packages/airflow/example_dags/example_nested_branch_dag.py took 0.096 seconds
[2024-09-03T11:46:30.501+0000] {processor.py:186} INFO - Started process (PID=2439) to work on /home/airflow/.local/lib/python3.12/site-packages/airflow/example_dags/example_nested_branch_dag.py
[2024-09-03T11:46:30.503+0000] {processor.py:914} INFO - Processing file /home/airflow/.local/lib/python3.12/site-packages/airflow/example_dags/example_nested_branch_dag.py for tasks to queue
[2024-09-03T11:46:30.507+0000] {logging_mixin.py:190} INFO - [2024-09-03T11:46:30.506+0000] {dagbag.py:587} INFO - Filling up the DagBag from /home/airflow/.local/lib/python3.12/site-packages/airflow/example_dags/example_nested_branch_dag.py
[2024-09-03T11:46:30.520+0000] {processor.py:925} INFO - DAG(s) 'example_nested_branch_dag' retrieved from /home/airflow/.local/lib/python3.12/site-packages/airflow/example_dags/example_nested_branch_dag.py
[2024-09-03T11:46:30.548+0000] {logging_mixin.py:190} INFO - [2024-09-03T11:46:30.548+0000] {dag.py:3211} INFO - Sync 1 DAGs
[2024-09-03T11:46:30.579+0000] {logging_mixin.py:190} INFO - [2024-09-03T11:46:30.578+0000] {dag.py:4138} INFO - Setting next_dagrun for example_nested_branch_dag to 2024-09-02 00:00:00+00:00, run_after=2024-09-03 00:00:00+00:00
[2024-09-03T11:46:30.606+0000] {processor.py:208} INFO - Processing /home/airflow/.local/lib/python3.12/site-packages/airflow/example_dags/example_nested_branch_dag.py took 0.111 seconds
[2024-09-03T11:47:01.065+0000] {processor.py:186} INFO - Started process (PID=2503) to work on /home/airflow/.local/lib/python3.12/site-packages/airflow/example_dags/example_nested_branch_dag.py
[2024-09-03T11:47:01.068+0000] {processor.py:914} INFO - Processing file /home/airflow/.local/lib/python3.12/site-packages/airflow/example_dags/example_nested_branch_dag.py for tasks to queue
[2024-09-03T11:47:01.081+0000] {logging_mixin.py:190} INFO - [2024-09-03T11:47:01.080+0000] {dagbag.py:587} INFO - Filling up the DagBag from /home/airflow/.local/lib/python3.12/site-packages/airflow/example_dags/example_nested_branch_dag.py
[2024-09-03T11:47:01.126+0000] {processor.py:925} INFO - DAG(s) 'example_nested_branch_dag' retrieved from /home/airflow/.local/lib/python3.12/site-packages/airflow/example_dags/example_nested_branch_dag.py
[2024-09-03T11:47:01.190+0000] {logging_mixin.py:190} INFO - [2024-09-03T11:47:01.190+0000] {dag.py:3211} INFO - Sync 1 DAGs
[2024-09-03T11:47:01.251+0000] {logging_mixin.py:190} INFO - [2024-09-03T11:47:01.251+0000] {dag.py:4138} INFO - Setting next_dagrun for example_nested_branch_dag to 2024-09-02 00:00:00+00:00, run_after=2024-09-03 00:00:00+00:00
[2024-09-03T11:47:01.333+0000] {processor.py:208} INFO - Processing /home/airflow/.local/lib/python3.12/site-packages/airflow/example_dags/example_nested_branch_dag.py took 0.305 seconds
[2024-09-03T11:47:31.682+0000] {processor.py:186} INFO - Started process (PID=2566) to work on /home/airflow/.local/lib/python3.12/site-packages/airflow/example_dags/example_nested_branch_dag.py
[2024-09-03T11:47:31.684+0000] {processor.py:914} INFO - Processing file /home/airflow/.local/lib/python3.12/site-packages/airflow/example_dags/example_nested_branch_dag.py for tasks to queue
[2024-09-03T11:47:31.687+0000] {logging_mixin.py:190} INFO - [2024-09-03T11:47:31.686+0000] {dagbag.py:587} INFO - Filling up the DagBag from /home/airflow/.local/lib/python3.12/site-packages/airflow/example_dags/example_nested_branch_dag.py
[2024-09-03T11:47:31.707+0000] {processor.py:925} INFO - DAG(s) 'example_nested_branch_dag' retrieved from /home/airflow/.local/lib/python3.12/site-packages/airflow/example_dags/example_nested_branch_dag.py
[2024-09-03T11:47:31.757+0000] {logging_mixin.py:190} INFO - [2024-09-03T11:47:31.756+0000] {dag.py:3211} INFO - Sync 1 DAGs
[2024-09-03T11:47:31.801+0000] {logging_mixin.py:190} INFO - [2024-09-03T11:47:31.800+0000] {dag.py:4138} INFO - Setting next_dagrun for example_nested_branch_dag to 2024-09-02 00:00:00+00:00, run_after=2024-09-03 00:00:00+00:00
[2024-09-03T11:47:31.844+0000] {processor.py:208} INFO - Processing /home/airflow/.local/lib/python3.12/site-packages/airflow/example_dags/example_nested_branch_dag.py took 0.169 seconds
[2024-09-03T11:48:02.034+0000] {processor.py:186} INFO - Started process (PID=2629) to work on /home/airflow/.local/lib/python3.12/site-packages/airflow/example_dags/example_nested_branch_dag.py
[2024-09-03T11:48:02.036+0000] {processor.py:914} INFO - Processing file /home/airflow/.local/lib/python3.12/site-packages/airflow/example_dags/example_nested_branch_dag.py for tasks to queue
[2024-09-03T11:48:02.042+0000] {logging_mixin.py:190} INFO - [2024-09-03T11:48:02.041+0000] {dagbag.py:587} INFO - Filling up the DagBag from /home/airflow/.local/lib/python3.12/site-packages/airflow/example_dags/example_nested_branch_dag.py
[2024-09-03T11:48:02.059+0000] {processor.py:925} INFO - DAG(s) 'example_nested_branch_dag' retrieved from /home/airflow/.local/lib/python3.12/site-packages/airflow/example_dags/example_nested_branch_dag.py
[2024-09-03T11:48:02.098+0000] {logging_mixin.py:190} INFO - [2024-09-03T11:48:02.097+0000] {dag.py:3211} INFO - Sync 1 DAGs
[2024-09-03T11:48:02.137+0000] {logging_mixin.py:190} INFO - [2024-09-03T11:48:02.137+0000] {dag.py:4138} INFO - Setting next_dagrun for example_nested_branch_dag to 2024-09-02 00:00:00+00:00, run_after=2024-09-03 00:00:00+00:00
[2024-09-03T11:48:02.174+0000] {processor.py:208} INFO - Processing /home/airflow/.local/lib/python3.12/site-packages/airflow/example_dags/example_nested_branch_dag.py took 0.150 seconds
[2024-09-03T11:48:33.112+0000] {processor.py:186} INFO - Started process (PID=2698) to work on /home/airflow/.local/lib/python3.12/site-packages/airflow/example_dags/example_nested_branch_dag.py
[2024-09-03T11:48:33.114+0000] {processor.py:914} INFO - Processing file /home/airflow/.local/lib/python3.12/site-packages/airflow/example_dags/example_nested_branch_dag.py for tasks to queue
[2024-09-03T11:48:33.119+0000] {logging_mixin.py:190} INFO - [2024-09-03T11:48:33.118+0000] {dagbag.py:587} INFO - Filling up the DagBag from /home/airflow/.local/lib/python3.12/site-packages/airflow/example_dags/example_nested_branch_dag.py
[2024-09-03T11:48:33.145+0000] {processor.py:925} INFO - DAG(s) 'example_nested_branch_dag' retrieved from /home/airflow/.local/lib/python3.12/site-packages/airflow/example_dags/example_nested_branch_dag.py
[2024-09-03T11:48:33.182+0000] {logging_mixin.py:190} INFO - [2024-09-03T11:48:33.181+0000] {dag.py:3211} INFO - Sync 1 DAGs
[2024-09-03T11:48:33.220+0000] {logging_mixin.py:190} INFO - [2024-09-03T11:48:33.220+0000] {dag.py:4138} INFO - Setting next_dagrun for example_nested_branch_dag to 2024-09-02 00:00:00+00:00, run_after=2024-09-03 00:00:00+00:00
[2024-09-03T11:48:33.257+0000] {processor.py:208} INFO - Processing /home/airflow/.local/lib/python3.12/site-packages/airflow/example_dags/example_nested_branch_dag.py took 0.153 seconds
[2024-09-03T11:49:04.067+0000] {processor.py:186} INFO - Started process (PID=2761) to work on /home/airflow/.local/lib/python3.12/site-packages/airflow/example_dags/example_nested_branch_dag.py
[2024-09-03T11:49:04.069+0000] {processor.py:914} INFO - Processing file /home/airflow/.local/lib/python3.12/site-packages/airflow/example_dags/example_nested_branch_dag.py for tasks to queue
[2024-09-03T11:49:04.079+0000] {logging_mixin.py:190} INFO - [2024-09-03T11:49:04.074+0000] {dagbag.py:587} INFO - Filling up the DagBag from /home/airflow/.local/lib/python3.12/site-packages/airflow/example_dags/example_nested_branch_dag.py
[2024-09-03T11:49:04.117+0000] {processor.py:925} INFO - DAG(s) 'example_nested_branch_dag' retrieved from /home/airflow/.local/lib/python3.12/site-packages/airflow/example_dags/example_nested_branch_dag.py
[2024-09-03T11:49:04.196+0000] {logging_mixin.py:190} INFO - [2024-09-03T11:49:04.187+0000] {dag.py:3211} INFO - Sync 1 DAGs
[2024-09-03T11:49:04.292+0000] {logging_mixin.py:190} INFO - [2024-09-03T11:49:04.291+0000] {dag.py:4138} INFO - Setting next_dagrun for example_nested_branch_dag to 2024-09-02 00:00:00+00:00, run_after=2024-09-03 00:00:00+00:00
[2024-09-03T11:49:04.349+0000] {processor.py:208} INFO - Processing /home/airflow/.local/lib/python3.12/site-packages/airflow/example_dags/example_nested_branch_dag.py took 0.299 seconds
[2024-09-03T11:49:35.130+0000] {processor.py:186} INFO - Started process (PID=2824) to work on /home/airflow/.local/lib/python3.12/site-packages/airflow/example_dags/example_nested_branch_dag.py
[2024-09-03T11:49:35.133+0000] {processor.py:914} INFO - Processing file /home/airflow/.local/lib/python3.12/site-packages/airflow/example_dags/example_nested_branch_dag.py for tasks to queue
[2024-09-03T11:49:35.147+0000] {logging_mixin.py:190} INFO - [2024-09-03T11:49:35.147+0000] {dagbag.py:587} INFO - Filling up the DagBag from /home/airflow/.local/lib/python3.12/site-packages/airflow/example_dags/example_nested_branch_dag.py
[2024-09-03T11:49:35.169+0000] {processor.py:925} INFO - DAG(s) 'example_nested_branch_dag' retrieved from /home/airflow/.local/lib/python3.12/site-packages/airflow/example_dags/example_nested_branch_dag.py
[2024-09-03T11:49:35.239+0000] {logging_mixin.py:190} INFO - [2024-09-03T11:49:35.239+0000] {dag.py:3211} INFO - Sync 1 DAGs
[2024-09-03T11:49:35.311+0000] {logging_mixin.py:190} INFO - [2024-09-03T11:49:35.310+0000] {dag.py:4138} INFO - Setting next_dagrun for example_nested_branch_dag to 2024-09-02 00:00:00+00:00, run_after=2024-09-03 00:00:00+00:00
[2024-09-03T11:49:35.440+0000] {processor.py:208} INFO - Processing /home/airflow/.local/lib/python3.12/site-packages/airflow/example_dags/example_nested_branch_dag.py took 0.329 seconds
[2024-09-03T11:50:06.156+0000] {processor.py:186} INFO - Started process (PID=2887) to work on /home/airflow/.local/lib/python3.12/site-packages/airflow/example_dags/example_nested_branch_dag.py
[2024-09-03T11:50:06.160+0000] {processor.py:914} INFO - Processing file /home/airflow/.local/lib/python3.12/site-packages/airflow/example_dags/example_nested_branch_dag.py for tasks to queue
[2024-09-03T11:50:06.168+0000] {logging_mixin.py:190} INFO - [2024-09-03T11:50:06.167+0000] {dagbag.py:587} INFO - Filling up the DagBag from /home/airflow/.local/lib/python3.12/site-packages/airflow/example_dags/example_nested_branch_dag.py
[2024-09-03T11:50:06.189+0000] {processor.py:925} INFO - DAG(s) 'example_nested_branch_dag' retrieved from /home/airflow/.local/lib/python3.12/site-packages/airflow/example_dags/example_nested_branch_dag.py
[2024-09-03T11:50:06.231+0000] {logging_mixin.py:190} INFO - [2024-09-03T11:50:06.230+0000] {dag.py:3211} INFO - Sync 1 DAGs
[2024-09-03T11:50:06.280+0000] {logging_mixin.py:190} INFO - [2024-09-03T11:50:06.279+0000] {dag.py:4138} INFO - Setting next_dagrun for example_nested_branch_dag to 2024-09-02 00:00:00+00:00, run_after=2024-09-03 00:00:00+00:00
[2024-09-03T11:50:06.689+0000] {processor.py:208} INFO - Processing /home/airflow/.local/lib/python3.12/site-packages/airflow/example_dags/example_nested_branch_dag.py took 0.542 seconds
