[2024-09-03T11:27:36.996+0000] {processor.py:186} INFO - Started process (PID=120) to work on /home/airflow/.local/lib/python3.12/site-packages/airflow/example_dags/example_sensors.py
[2024-09-03T11:27:36.998+0000] {processor.py:914} INFO - Processing file /home/airflow/.local/lib/python3.12/site-packages/airflow/example_dags/example_sensors.py for tasks to queue
[2024-09-03T11:27:37.001+0000] {logging_mixin.py:190} INFO - [2024-09-03T11:27:37.000+0000] {dagbag.py:587} INFO - Filling up the DagBag from /home/airflow/.local/lib/python3.12/site-packages/airflow/example_dags/example_sensors.py
[2024-09-03T11:27:37.012+0000] {processor.py:925} INFO - DAG(s) 'example_sensors' retrieved from /home/airflow/.local/lib/python3.12/site-packages/airflow/example_dags/example_sensors.py
[2024-09-03T11:27:37.045+0000] {logging_mixin.py:190} INFO - [2024-09-03T11:27:37.045+0000] {dag.py:3211} INFO - Sync 1 DAGs
[2024-09-03T11:27:37.060+0000] {logging_mixin.py:190} INFO - [2024-09-03T11:27:37.060+0000] {dag.py:4138} INFO - Setting next_dagrun for example_sensors to None, run_after=None
[2024-09-03T11:27:37.087+0000] {processor.py:208} INFO - Processing /home/airflow/.local/lib/python3.12/site-packages/airflow/example_dags/example_sensors.py took 0.096 seconds
[2024-09-03T11:28:07.688+0000] {processor.py:186} INFO - Started process (PID=187) to work on /home/airflow/.local/lib/python3.12/site-packages/airflow/example_dags/example_sensors.py
[2024-09-03T11:28:07.689+0000] {processor.py:914} INFO - Processing file /home/airflow/.local/lib/python3.12/site-packages/airflow/example_dags/example_sensors.py for tasks to queue
[2024-09-03T11:28:07.692+0000] {logging_mixin.py:190} INFO - [2024-09-03T11:28:07.691+0000] {dagbag.py:587} INFO - Filling up the DagBag from /home/airflow/.local/lib/python3.12/site-packages/airflow/example_dags/example_sensors.py
[2024-09-03T11:28:07.706+0000] {processor.py:925} INFO - DAG(s) 'example_sensors' retrieved from /home/airflow/.local/lib/python3.12/site-packages/airflow/example_dags/example_sensors.py
[2024-09-03T11:28:07.742+0000] {logging_mixin.py:190} INFO - [2024-09-03T11:28:07.742+0000] {dag.py:3211} INFO - Sync 1 DAGs
[2024-09-03T11:28:07.761+0000] {logging_mixin.py:190} INFO - [2024-09-03T11:28:07.761+0000] {dag.py:4138} INFO - Setting next_dagrun for example_sensors to None, run_after=None
[2024-09-03T11:28:07.788+0000] {processor.py:208} INFO - Processing /home/airflow/.local/lib/python3.12/site-packages/airflow/example_dags/example_sensors.py took 0.106 seconds
[2024-09-03T11:28:38.060+0000] {processor.py:186} INFO - Started process (PID=254) to work on /home/airflow/.local/lib/python3.12/site-packages/airflow/example_dags/example_sensors.py
[2024-09-03T11:28:38.061+0000] {processor.py:914} INFO - Processing file /home/airflow/.local/lib/python3.12/site-packages/airflow/example_dags/example_sensors.py for tasks to queue
[2024-09-03T11:28:38.065+0000] {logging_mixin.py:190} INFO - [2024-09-03T11:28:38.064+0000] {dagbag.py:587} INFO - Filling up the DagBag from /home/airflow/.local/lib/python3.12/site-packages/airflow/example_dags/example_sensors.py
[2024-09-03T11:28:38.075+0000] {processor.py:925} INFO - DAG(s) 'example_sensors' retrieved from /home/airflow/.local/lib/python3.12/site-packages/airflow/example_dags/example_sensors.py
[2024-09-03T11:28:38.104+0000] {logging_mixin.py:190} INFO - [2024-09-03T11:28:38.103+0000] {dag.py:3211} INFO - Sync 1 DAGs
[2024-09-03T11:28:38.118+0000] {logging_mixin.py:190} INFO - [2024-09-03T11:28:38.118+0000] {dag.py:4138} INFO - Setting next_dagrun for example_sensors to None, run_after=None
[2024-09-03T11:28:38.143+0000] {processor.py:208} INFO - Processing /home/airflow/.local/lib/python3.12/site-packages/airflow/example_dags/example_sensors.py took 0.088 seconds
[2024-09-03T11:29:09.755+0000] {processor.py:186} INFO - Started process (PID=317) to work on /home/airflow/.local/lib/python3.12/site-packages/airflow/example_dags/example_sensors.py
[2024-09-03T11:29:09.757+0000] {processor.py:914} INFO - Processing file /home/airflow/.local/lib/python3.12/site-packages/airflow/example_dags/example_sensors.py for tasks to queue
[2024-09-03T11:29:09.761+0000] {logging_mixin.py:190} INFO - [2024-09-03T11:29:09.761+0000] {dagbag.py:587} INFO - Filling up the DagBag from /home/airflow/.local/lib/python3.12/site-packages/airflow/example_dags/example_sensors.py
[2024-09-03T11:29:09.777+0000] {processor.py:925} INFO - DAG(s) 'example_sensors' retrieved from /home/airflow/.local/lib/python3.12/site-packages/airflow/example_dags/example_sensors.py
[2024-09-03T11:29:09.813+0000] {logging_mixin.py:190} INFO - [2024-09-03T11:29:09.812+0000] {dag.py:3211} INFO - Sync 1 DAGs
[2024-09-03T11:29:09.836+0000] {logging_mixin.py:190} INFO - [2024-09-03T11:29:09.835+0000] {dag.py:4138} INFO - Setting next_dagrun for example_sensors to None, run_after=None
[2024-09-03T11:29:09.877+0000] {processor.py:208} INFO - Processing /home/airflow/.local/lib/python3.12/site-packages/airflow/example_dags/example_sensors.py took 0.129 seconds
[2024-09-03T11:29:41.520+0000] {processor.py:186} INFO - Started process (PID=380) to work on /home/airflow/.local/lib/python3.12/site-packages/airflow/example_dags/example_sensors.py
[2024-09-03T11:29:41.522+0000] {processor.py:914} INFO - Processing file /home/airflow/.local/lib/python3.12/site-packages/airflow/example_dags/example_sensors.py for tasks to queue
[2024-09-03T11:29:41.525+0000] {logging_mixin.py:190} INFO - [2024-09-03T11:29:41.525+0000] {dagbag.py:587} INFO - Filling up the DagBag from /home/airflow/.local/lib/python3.12/site-packages/airflow/example_dags/example_sensors.py
[2024-09-03T11:29:41.543+0000] {processor.py:925} INFO - DAG(s) 'example_sensors' retrieved from /home/airflow/.local/lib/python3.12/site-packages/airflow/example_dags/example_sensors.py
[2024-09-03T11:29:41.575+0000] {logging_mixin.py:190} INFO - [2024-09-03T11:29:41.574+0000] {dag.py:3211} INFO - Sync 1 DAGs
[2024-09-03T11:29:41.593+0000] {logging_mixin.py:190} INFO - [2024-09-03T11:29:41.593+0000] {dag.py:4138} INFO - Setting next_dagrun for example_sensors to None, run_after=None
[2024-09-03T11:29:41.618+0000] {processor.py:208} INFO - Processing /home/airflow/.local/lib/python3.12/site-packages/airflow/example_dags/example_sensors.py took 0.104 seconds
[2024-09-03T11:30:12.630+0000] {processor.py:186} INFO - Started process (PID=443) to work on /home/airflow/.local/lib/python3.12/site-packages/airflow/example_dags/example_sensors.py
[2024-09-03T11:30:12.632+0000] {processor.py:914} INFO - Processing file /home/airflow/.local/lib/python3.12/site-packages/airflow/example_dags/example_sensors.py for tasks to queue
[2024-09-03T11:30:12.635+0000] {logging_mixin.py:190} INFO - [2024-09-03T11:30:12.634+0000] {dagbag.py:587} INFO - Filling up the DagBag from /home/airflow/.local/lib/python3.12/site-packages/airflow/example_dags/example_sensors.py
[2024-09-03T11:30:12.646+0000] {processor.py:925} INFO - DAG(s) 'example_sensors' retrieved from /home/airflow/.local/lib/python3.12/site-packages/airflow/example_dags/example_sensors.py
[2024-09-03T11:30:12.677+0000] {logging_mixin.py:190} INFO - [2024-09-03T11:30:12.677+0000] {dag.py:3211} INFO - Sync 1 DAGs
[2024-09-03T11:30:12.693+0000] {logging_mixin.py:190} INFO - [2024-09-03T11:30:12.692+0000] {dag.py:4138} INFO - Setting next_dagrun for example_sensors to None, run_after=None
[2024-09-03T11:30:12.719+0000] {processor.py:208} INFO - Processing /home/airflow/.local/lib/python3.12/site-packages/airflow/example_dags/example_sensors.py took 0.094 seconds
[2024-09-03T11:30:43.817+0000] {processor.py:186} INFO - Started process (PID=506) to work on /home/airflow/.local/lib/python3.12/site-packages/airflow/example_dags/example_sensors.py
[2024-09-03T11:30:43.818+0000] {processor.py:914} INFO - Processing file /home/airflow/.local/lib/python3.12/site-packages/airflow/example_dags/example_sensors.py for tasks to queue
[2024-09-03T11:30:43.821+0000] {logging_mixin.py:190} INFO - [2024-09-03T11:30:43.820+0000] {dagbag.py:587} INFO - Filling up the DagBag from /home/airflow/.local/lib/python3.12/site-packages/airflow/example_dags/example_sensors.py
[2024-09-03T11:30:43.832+0000] {processor.py:925} INFO - DAG(s) 'example_sensors' retrieved from /home/airflow/.local/lib/python3.12/site-packages/airflow/example_dags/example_sensors.py
[2024-09-03T11:30:43.860+0000] {logging_mixin.py:190} INFO - [2024-09-03T11:30:43.860+0000] {dag.py:3211} INFO - Sync 1 DAGs
[2024-09-03T11:30:43.873+0000] {logging_mixin.py:190} INFO - [2024-09-03T11:30:43.873+0000] {dag.py:4138} INFO - Setting next_dagrun for example_sensors to None, run_after=None
[2024-09-03T11:30:43.896+0000] {processor.py:208} INFO - Processing /home/airflow/.local/lib/python3.12/site-packages/airflow/example_dags/example_sensors.py took 0.085 seconds
[2024-09-03T11:31:15.295+0000] {processor.py:186} INFO - Started process (PID=570) to work on /home/airflow/.local/lib/python3.12/site-packages/airflow/example_dags/example_sensors.py
[2024-09-03T11:31:15.297+0000] {processor.py:914} INFO - Processing file /home/airflow/.local/lib/python3.12/site-packages/airflow/example_dags/example_sensors.py for tasks to queue
[2024-09-03T11:31:15.301+0000] {logging_mixin.py:190} INFO - [2024-09-03T11:31:15.300+0000] {dagbag.py:587} INFO - Filling up the DagBag from /home/airflow/.local/lib/python3.12/site-packages/airflow/example_dags/example_sensors.py
[2024-09-03T11:31:15.316+0000] {processor.py:925} INFO - DAG(s) 'example_sensors' retrieved from /home/airflow/.local/lib/python3.12/site-packages/airflow/example_dags/example_sensors.py
[2024-09-03T11:31:15.347+0000] {logging_mixin.py:190} INFO - [2024-09-03T11:31:15.347+0000] {dag.py:3211} INFO - Sync 1 DAGs
[2024-09-03T11:31:15.368+0000] {logging_mixin.py:190} INFO - [2024-09-03T11:31:15.368+0000] {dag.py:4138} INFO - Setting next_dagrun for example_sensors to None, run_after=None
[2024-09-03T11:31:15.395+0000] {processor.py:208} INFO - Processing /home/airflow/.local/lib/python3.12/site-packages/airflow/example_dags/example_sensors.py took 0.114 seconds
[2024-09-03T11:31:46.159+0000] {processor.py:186} INFO - Started process (PID=633) to work on /home/airflow/.local/lib/python3.12/site-packages/airflow/example_dags/example_sensors.py
[2024-09-03T11:31:46.161+0000] {processor.py:914} INFO - Processing file /home/airflow/.local/lib/python3.12/site-packages/airflow/example_dags/example_sensors.py for tasks to queue
[2024-09-03T11:31:46.164+0000] {logging_mixin.py:190} INFO - [2024-09-03T11:31:46.164+0000] {dagbag.py:587} INFO - Filling up the DagBag from /home/airflow/.local/lib/python3.12/site-packages/airflow/example_dags/example_sensors.py
[2024-09-03T11:31:46.174+0000] {processor.py:925} INFO - DAG(s) 'example_sensors' retrieved from /home/airflow/.local/lib/python3.12/site-packages/airflow/example_dags/example_sensors.py
[2024-09-03T11:31:46.203+0000] {logging_mixin.py:190} INFO - [2024-09-03T11:31:46.203+0000] {dag.py:3211} INFO - Sync 1 DAGs
[2024-09-03T11:31:46.216+0000] {logging_mixin.py:190} INFO - [2024-09-03T11:31:46.215+0000] {dag.py:4138} INFO - Setting next_dagrun for example_sensors to None, run_after=None
[2024-09-03T11:31:46.241+0000] {processor.py:208} INFO - Processing /home/airflow/.local/lib/python3.12/site-packages/airflow/example_dags/example_sensors.py took 0.087 seconds
[2024-09-03T11:32:17.511+0000] {processor.py:186} INFO - Started process (PID=696) to work on /home/airflow/.local/lib/python3.12/site-packages/airflow/example_dags/example_sensors.py
[2024-09-03T11:32:17.512+0000] {processor.py:914} INFO - Processing file /home/airflow/.local/lib/python3.12/site-packages/airflow/example_dags/example_sensors.py for tasks to queue
[2024-09-03T11:32:17.516+0000] {logging_mixin.py:190} INFO - [2024-09-03T11:32:17.516+0000] {dagbag.py:587} INFO - Filling up the DagBag from /home/airflow/.local/lib/python3.12/site-packages/airflow/example_dags/example_sensors.py
[2024-09-03T11:32:17.542+0000] {processor.py:925} INFO - DAG(s) 'example_sensors' retrieved from /home/airflow/.local/lib/python3.12/site-packages/airflow/example_dags/example_sensors.py
[2024-09-03T11:32:17.636+0000] {logging_mixin.py:190} INFO - [2024-09-03T11:32:17.635+0000] {dag.py:3211} INFO - Sync 1 DAGs
[2024-09-03T11:32:17.684+0000] {logging_mixin.py:190} INFO - [2024-09-03T11:32:17.683+0000] {dag.py:4138} INFO - Setting next_dagrun for example_sensors to None, run_after=None
[2024-09-03T11:32:17.756+0000] {processor.py:208} INFO - Processing /home/airflow/.local/lib/python3.12/site-packages/airflow/example_dags/example_sensors.py took 0.255 seconds
[2024-09-03T11:32:47.873+0000] {processor.py:186} INFO - Started process (PID=759) to work on /home/airflow/.local/lib/python3.12/site-packages/airflow/example_dags/example_sensors.py
[2024-09-03T11:32:47.874+0000] {processor.py:914} INFO - Processing file /home/airflow/.local/lib/python3.12/site-packages/airflow/example_dags/example_sensors.py for tasks to queue
[2024-09-03T11:32:47.876+0000] {logging_mixin.py:190} INFO - [2024-09-03T11:32:47.876+0000] {dagbag.py:587} INFO - Filling up the DagBag from /home/airflow/.local/lib/python3.12/site-packages/airflow/example_dags/example_sensors.py
[2024-09-03T11:32:47.886+0000] {processor.py:925} INFO - DAG(s) 'example_sensors' retrieved from /home/airflow/.local/lib/python3.12/site-packages/airflow/example_dags/example_sensors.py
[2024-09-03T11:32:47.921+0000] {logging_mixin.py:190} INFO - [2024-09-03T11:32:47.921+0000] {dag.py:3211} INFO - Sync 1 DAGs
[2024-09-03T11:32:47.936+0000] {logging_mixin.py:190} INFO - [2024-09-03T11:32:47.936+0000] {dag.py:4138} INFO - Setting next_dagrun for example_sensors to None, run_after=None
[2024-09-03T11:32:47.964+0000] {processor.py:208} INFO - Processing /home/airflow/.local/lib/python3.12/site-packages/airflow/example_dags/example_sensors.py took 0.096 seconds
[2024-09-03T11:33:18.354+0000] {processor.py:186} INFO - Started process (PID=822) to work on /home/airflow/.local/lib/python3.12/site-packages/airflow/example_dags/example_sensors.py
[2024-09-03T11:33:18.356+0000] {processor.py:914} INFO - Processing file /home/airflow/.local/lib/python3.12/site-packages/airflow/example_dags/example_sensors.py for tasks to queue
[2024-09-03T11:33:18.358+0000] {logging_mixin.py:190} INFO - [2024-09-03T11:33:18.358+0000] {dagbag.py:587} INFO - Filling up the DagBag from /home/airflow/.local/lib/python3.12/site-packages/airflow/example_dags/example_sensors.py
[2024-09-03T11:33:18.368+0000] {processor.py:925} INFO - DAG(s) 'example_sensors' retrieved from /home/airflow/.local/lib/python3.12/site-packages/airflow/example_dags/example_sensors.py
[2024-09-03T11:33:18.400+0000] {logging_mixin.py:190} INFO - [2024-09-03T11:33:18.400+0000] {dag.py:3211} INFO - Sync 1 DAGs
[2024-09-03T11:33:18.418+0000] {logging_mixin.py:190} INFO - [2024-09-03T11:33:18.418+0000] {dag.py:4138} INFO - Setting next_dagrun for example_sensors to None, run_after=None
[2024-09-03T11:33:18.445+0000] {processor.py:208} INFO - Processing /home/airflow/.local/lib/python3.12/site-packages/airflow/example_dags/example_sensors.py took 0.096 seconds
[2024-09-03T11:33:49.820+0000] {processor.py:186} INFO - Started process (PID=885) to work on /home/airflow/.local/lib/python3.12/site-packages/airflow/example_dags/example_sensors.py
[2024-09-03T11:33:49.822+0000] {processor.py:914} INFO - Processing file /home/airflow/.local/lib/python3.12/site-packages/airflow/example_dags/example_sensors.py for tasks to queue
[2024-09-03T11:33:49.826+0000] {logging_mixin.py:190} INFO - [2024-09-03T11:33:49.825+0000] {dagbag.py:587} INFO - Filling up the DagBag from /home/airflow/.local/lib/python3.12/site-packages/airflow/example_dags/example_sensors.py
[2024-09-03T11:33:49.837+0000] {processor.py:925} INFO - DAG(s) 'example_sensors' retrieved from /home/airflow/.local/lib/python3.12/site-packages/airflow/example_dags/example_sensors.py
[2024-09-03T11:33:49.874+0000] {logging_mixin.py:190} INFO - [2024-09-03T11:33:49.874+0000] {dag.py:3211} INFO - Sync 1 DAGs
[2024-09-03T11:33:49.894+0000] {logging_mixin.py:190} INFO - [2024-09-03T11:33:49.894+0000] {dag.py:4138} INFO - Setting next_dagrun for example_sensors to None, run_after=None
[2024-09-03T11:33:49.935+0000] {processor.py:208} INFO - Processing /home/airflow/.local/lib/python3.12/site-packages/airflow/example_dags/example_sensors.py took 0.120 seconds
[2024-09-03T11:34:21.386+0000] {processor.py:186} INFO - Started process (PID=948) to work on /home/airflow/.local/lib/python3.12/site-packages/airflow/example_dags/example_sensors.py
[2024-09-03T11:34:21.388+0000] {processor.py:914} INFO - Processing file /home/airflow/.local/lib/python3.12/site-packages/airflow/example_dags/example_sensors.py for tasks to queue
[2024-09-03T11:34:21.390+0000] {logging_mixin.py:190} INFO - [2024-09-03T11:34:21.389+0000] {dagbag.py:587} INFO - Filling up the DagBag from /home/airflow/.local/lib/python3.12/site-packages/airflow/example_dags/example_sensors.py
[2024-09-03T11:34:21.400+0000] {processor.py:925} INFO - DAG(s) 'example_sensors' retrieved from /home/airflow/.local/lib/python3.12/site-packages/airflow/example_dags/example_sensors.py
[2024-09-03T11:34:21.431+0000] {logging_mixin.py:190} INFO - [2024-09-03T11:34:21.431+0000] {dag.py:3211} INFO - Sync 1 DAGs
[2024-09-03T11:34:21.447+0000] {logging_mixin.py:190} INFO - [2024-09-03T11:34:21.446+0000] {dag.py:4138} INFO - Setting next_dagrun for example_sensors to None, run_after=None
[2024-09-03T11:34:21.473+0000] {processor.py:208} INFO - Processing /home/airflow/.local/lib/python3.12/site-packages/airflow/example_dags/example_sensors.py took 0.092 seconds
[2024-09-03T11:34:51.844+0000] {processor.py:186} INFO - Started process (PID=1011) to work on /home/airflow/.local/lib/python3.12/site-packages/airflow/example_dags/example_sensors.py
[2024-09-03T11:34:51.847+0000] {processor.py:914} INFO - Processing file /home/airflow/.local/lib/python3.12/site-packages/airflow/example_dags/example_sensors.py for tasks to queue
[2024-09-03T11:34:51.853+0000] {logging_mixin.py:190} INFO - [2024-09-03T11:34:51.853+0000] {dagbag.py:587} INFO - Filling up the DagBag from /home/airflow/.local/lib/python3.12/site-packages/airflow/example_dags/example_sensors.py
[2024-09-03T11:34:51.879+0000] {processor.py:925} INFO - DAG(s) 'example_sensors' retrieved from /home/airflow/.local/lib/python3.12/site-packages/airflow/example_dags/example_sensors.py
[2024-09-03T11:34:51.950+0000] {logging_mixin.py:190} INFO - [2024-09-03T11:34:51.948+0000] {dag.py:3211} INFO - Sync 1 DAGs
[2024-09-03T11:34:51.981+0000] {logging_mixin.py:190} INFO - [2024-09-03T11:34:51.980+0000] {dag.py:4138} INFO - Setting next_dagrun for example_sensors to None, run_after=None
[2024-09-03T11:34:52.035+0000] {processor.py:208} INFO - Processing /home/airflow/.local/lib/python3.12/site-packages/airflow/example_dags/example_sensors.py took 0.200 seconds
[2024-09-03T11:35:22.829+0000] {processor.py:186} INFO - Started process (PID=1074) to work on /home/airflow/.local/lib/python3.12/site-packages/airflow/example_dags/example_sensors.py
[2024-09-03T11:35:22.830+0000] {processor.py:914} INFO - Processing file /home/airflow/.local/lib/python3.12/site-packages/airflow/example_dags/example_sensors.py for tasks to queue
[2024-09-03T11:35:22.833+0000] {logging_mixin.py:190} INFO - [2024-09-03T11:35:22.832+0000] {dagbag.py:587} INFO - Filling up the DagBag from /home/airflow/.local/lib/python3.12/site-packages/airflow/example_dags/example_sensors.py
[2024-09-03T11:35:22.843+0000] {processor.py:925} INFO - DAG(s) 'example_sensors' retrieved from /home/airflow/.local/lib/python3.12/site-packages/airflow/example_dags/example_sensors.py
[2024-09-03T11:35:22.882+0000] {logging_mixin.py:190} INFO - [2024-09-03T11:35:22.882+0000] {dag.py:3211} INFO - Sync 1 DAGs
[2024-09-03T11:35:22.901+0000] {logging_mixin.py:190} INFO - [2024-09-03T11:35:22.900+0000] {dag.py:4138} INFO - Setting next_dagrun for example_sensors to None, run_after=None
[2024-09-03T11:35:22.925+0000] {processor.py:208} INFO - Processing /home/airflow/.local/lib/python3.12/site-packages/airflow/example_dags/example_sensors.py took 0.102 seconds
[2024-09-03T11:35:53.715+0000] {processor.py:186} INFO - Started process (PID=1136) to work on /home/airflow/.local/lib/python3.12/site-packages/airflow/example_dags/example_sensors.py
[2024-09-03T11:35:53.717+0000] {processor.py:914} INFO - Processing file /home/airflow/.local/lib/python3.12/site-packages/airflow/example_dags/example_sensors.py for tasks to queue
[2024-09-03T11:35:53.719+0000] {logging_mixin.py:190} INFO - [2024-09-03T11:35:53.719+0000] {dagbag.py:587} INFO - Filling up the DagBag from /home/airflow/.local/lib/python3.12/site-packages/airflow/example_dags/example_sensors.py
[2024-09-03T11:35:53.729+0000] {processor.py:925} INFO - DAG(s) 'example_sensors' retrieved from /home/airflow/.local/lib/python3.12/site-packages/airflow/example_dags/example_sensors.py
[2024-09-03T11:35:53.759+0000] {logging_mixin.py:190} INFO - [2024-09-03T11:35:53.758+0000] {dag.py:3211} INFO - Sync 1 DAGs
[2024-09-03T11:35:53.774+0000] {logging_mixin.py:190} INFO - [2024-09-03T11:35:53.774+0000] {dag.py:4138} INFO - Setting next_dagrun for example_sensors to None, run_after=None
[2024-09-03T11:35:53.801+0000] {processor.py:208} INFO - Processing /home/airflow/.local/lib/python3.12/site-packages/airflow/example_dags/example_sensors.py took 0.091 seconds
[2024-09-03T11:36:24.579+0000] {processor.py:186} INFO - Started process (PID=1199) to work on /home/airflow/.local/lib/python3.12/site-packages/airflow/example_dags/example_sensors.py
[2024-09-03T11:36:24.580+0000] {processor.py:914} INFO - Processing file /home/airflow/.local/lib/python3.12/site-packages/airflow/example_dags/example_sensors.py for tasks to queue
[2024-09-03T11:36:24.583+0000] {logging_mixin.py:190} INFO - [2024-09-03T11:36:24.583+0000] {dagbag.py:587} INFO - Filling up the DagBag from /home/airflow/.local/lib/python3.12/site-packages/airflow/example_dags/example_sensors.py
[2024-09-03T11:36:24.596+0000] {processor.py:925} INFO - DAG(s) 'example_sensors' retrieved from /home/airflow/.local/lib/python3.12/site-packages/airflow/example_dags/example_sensors.py
[2024-09-03T11:36:24.625+0000] {logging_mixin.py:190} INFO - [2024-09-03T11:36:24.625+0000] {dag.py:3211} INFO - Sync 1 DAGs
[2024-09-03T11:36:24.640+0000] {logging_mixin.py:190} INFO - [2024-09-03T11:36:24.640+0000] {dag.py:4138} INFO - Setting next_dagrun for example_sensors to None, run_after=None
[2024-09-03T11:36:24.667+0000] {processor.py:208} INFO - Processing /home/airflow/.local/lib/python3.12/site-packages/airflow/example_dags/example_sensors.py took 0.093 seconds
[2024-09-03T11:36:56.335+0000] {processor.py:186} INFO - Started process (PID=1263) to work on /home/airflow/.local/lib/python3.12/site-packages/airflow/example_dags/example_sensors.py
[2024-09-03T11:36:56.337+0000] {processor.py:914} INFO - Processing file /home/airflow/.local/lib/python3.12/site-packages/airflow/example_dags/example_sensors.py for tasks to queue
[2024-09-03T11:36:56.340+0000] {logging_mixin.py:190} INFO - [2024-09-03T11:36:56.340+0000] {dagbag.py:587} INFO - Filling up the DagBag from /home/airflow/.local/lib/python3.12/site-packages/airflow/example_dags/example_sensors.py
[2024-09-03T11:36:56.359+0000] {processor.py:925} INFO - DAG(s) 'example_sensors' retrieved from /home/airflow/.local/lib/python3.12/site-packages/airflow/example_dags/example_sensors.py
[2024-09-03T11:36:56.412+0000] {logging_mixin.py:190} INFO - [2024-09-03T11:36:56.412+0000] {dag.py:3211} INFO - Sync 1 DAGs
[2024-09-03T11:36:56.440+0000] {logging_mixin.py:190} INFO - [2024-09-03T11:36:56.440+0000] {dag.py:4138} INFO - Setting next_dagrun for example_sensors to None, run_after=None
[2024-09-03T11:36:56.481+0000] {processor.py:208} INFO - Processing /home/airflow/.local/lib/python3.12/site-packages/airflow/example_dags/example_sensors.py took 0.154 seconds
[2024-09-03T11:37:28.046+0000] {processor.py:186} INFO - Started process (PID=1326) to work on /home/airflow/.local/lib/python3.12/site-packages/airflow/example_dags/example_sensors.py
[2024-09-03T11:37:28.049+0000] {processor.py:914} INFO - Processing file /home/airflow/.local/lib/python3.12/site-packages/airflow/example_dags/example_sensors.py for tasks to queue
[2024-09-03T11:37:28.053+0000] {logging_mixin.py:190} INFO - [2024-09-03T11:37:28.052+0000] {dagbag.py:587} INFO - Filling up the DagBag from /home/airflow/.local/lib/python3.12/site-packages/airflow/example_dags/example_sensors.py
[2024-09-03T11:37:28.081+0000] {processor.py:925} INFO - DAG(s) 'example_sensors' retrieved from /home/airflow/.local/lib/python3.12/site-packages/airflow/example_dags/example_sensors.py
[2024-09-03T11:37:28.161+0000] {logging_mixin.py:190} INFO - [2024-09-03T11:37:28.161+0000] {dag.py:3211} INFO - Sync 1 DAGs
[2024-09-03T11:37:28.215+0000] {logging_mixin.py:190} INFO - [2024-09-03T11:37:28.214+0000] {dag.py:4138} INFO - Setting next_dagrun for example_sensors to None, run_after=None
[2024-09-03T11:37:28.270+0000] {processor.py:208} INFO - Processing /home/airflow/.local/lib/python3.12/site-packages/airflow/example_dags/example_sensors.py took 0.232 seconds
[2024-09-03T11:37:58.990+0000] {processor.py:186} INFO - Started process (PID=1389) to work on /home/airflow/.local/lib/python3.12/site-packages/airflow/example_dags/example_sensors.py
[2024-09-03T11:37:58.993+0000] {processor.py:914} INFO - Processing file /home/airflow/.local/lib/python3.12/site-packages/airflow/example_dags/example_sensors.py for tasks to queue
[2024-09-03T11:37:58.997+0000] {logging_mixin.py:190} INFO - [2024-09-03T11:37:58.996+0000] {dagbag.py:587} INFO - Filling up the DagBag from /home/airflow/.local/lib/python3.12/site-packages/airflow/example_dags/example_sensors.py
[2024-09-03T11:37:59.015+0000] {processor.py:925} INFO - DAG(s) 'example_sensors' retrieved from /home/airflow/.local/lib/python3.12/site-packages/airflow/example_dags/example_sensors.py
[2024-09-03T11:37:59.057+0000] {logging_mixin.py:190} INFO - [2024-09-03T11:37:59.056+0000] {dag.py:3211} INFO - Sync 1 DAGs
[2024-09-03T11:37:59.078+0000] {logging_mixin.py:190} INFO - [2024-09-03T11:37:59.077+0000] {dag.py:4138} INFO - Setting next_dagrun for example_sensors to None, run_after=None
[2024-09-03T11:37:59.110+0000] {processor.py:208} INFO - Processing /home/airflow/.local/lib/python3.12/site-packages/airflow/example_dags/example_sensors.py took 0.129 seconds
[2024-09-03T11:38:30.057+0000] {processor.py:186} INFO - Started process (PID=1452) to work on /home/airflow/.local/lib/python3.12/site-packages/airflow/example_dags/example_sensors.py
[2024-09-03T11:38:30.060+0000] {processor.py:914} INFO - Processing file /home/airflow/.local/lib/python3.12/site-packages/airflow/example_dags/example_sensors.py for tasks to queue
[2024-09-03T11:38:30.065+0000] {logging_mixin.py:190} INFO - [2024-09-03T11:38:30.064+0000] {dagbag.py:587} INFO - Filling up the DagBag from /home/airflow/.local/lib/python3.12/site-packages/airflow/example_dags/example_sensors.py
[2024-09-03T11:38:30.087+0000] {processor.py:925} INFO - DAG(s) 'example_sensors' retrieved from /home/airflow/.local/lib/python3.12/site-packages/airflow/example_dags/example_sensors.py
[2024-09-03T11:38:30.145+0000] {logging_mixin.py:190} INFO - [2024-09-03T11:38:30.144+0000] {dag.py:3211} INFO - Sync 1 DAGs
[2024-09-03T11:38:30.173+0000] {logging_mixin.py:190} INFO - [2024-09-03T11:38:30.173+0000] {dag.py:4138} INFO - Setting next_dagrun for example_sensors to None, run_after=None
[2024-09-03T11:38:30.225+0000] {processor.py:208} INFO - Processing /home/airflow/.local/lib/python3.12/site-packages/airflow/example_dags/example_sensors.py took 0.180 seconds
[2024-09-03T11:39:00.958+0000] {processor.py:186} INFO - Started process (PID=1515) to work on /home/airflow/.local/lib/python3.12/site-packages/airflow/example_dags/example_sensors.py
[2024-09-03T11:39:00.960+0000] {processor.py:914} INFO - Processing file /home/airflow/.local/lib/python3.12/site-packages/airflow/example_dags/example_sensors.py for tasks to queue
[2024-09-03T11:39:00.964+0000] {logging_mixin.py:190} INFO - [2024-09-03T11:39:00.964+0000] {dagbag.py:587} INFO - Filling up the DagBag from /home/airflow/.local/lib/python3.12/site-packages/airflow/example_dags/example_sensors.py
[2024-09-03T11:39:00.982+0000] {processor.py:925} INFO - DAG(s) 'example_sensors' retrieved from /home/airflow/.local/lib/python3.12/site-packages/airflow/example_dags/example_sensors.py
[2024-09-03T11:39:01.026+0000] {logging_mixin.py:190} INFO - [2024-09-03T11:39:01.025+0000] {dag.py:3211} INFO - Sync 1 DAGs
[2024-09-03T11:39:01.049+0000] {logging_mixin.py:190} INFO - [2024-09-03T11:39:01.048+0000] {dag.py:4138} INFO - Setting next_dagrun for example_sensors to None, run_after=None
[2024-09-03T11:39:01.082+0000] {processor.py:208} INFO - Processing /home/airflow/.local/lib/python3.12/site-packages/airflow/example_dags/example_sensors.py took 0.134 seconds
[2024-09-03T11:39:31.916+0000] {processor.py:186} INFO - Started process (PID=1584) to work on /home/airflow/.local/lib/python3.12/site-packages/airflow/example_dags/example_sensors.py
[2024-09-03T11:39:31.920+0000] {processor.py:914} INFO - Processing file /home/airflow/.local/lib/python3.12/site-packages/airflow/example_dags/example_sensors.py for tasks to queue
[2024-09-03T11:39:31.931+0000] {logging_mixin.py:190} INFO - [2024-09-03T11:39:31.930+0000] {dagbag.py:587} INFO - Filling up the DagBag from /home/airflow/.local/lib/python3.12/site-packages/airflow/example_dags/example_sensors.py
[2024-09-03T11:39:31.950+0000] {processor.py:925} INFO - DAG(s) 'example_sensors' retrieved from /home/airflow/.local/lib/python3.12/site-packages/airflow/example_dags/example_sensors.py
[2024-09-03T11:39:32.015+0000] {logging_mixin.py:190} INFO - [2024-09-03T11:39:32.015+0000] {dag.py:3211} INFO - Sync 1 DAGs
[2024-09-03T11:39:32.056+0000] {logging_mixin.py:190} INFO - [2024-09-03T11:39:32.055+0000] {dag.py:4138} INFO - Setting next_dagrun for example_sensors to None, run_after=None
[2024-09-03T11:39:32.134+0000] {processor.py:208} INFO - Processing /home/airflow/.local/lib/python3.12/site-packages/airflow/example_dags/example_sensors.py took 0.227 seconds
[2024-09-03T11:40:02.516+0000] {processor.py:186} INFO - Started process (PID=1647) to work on /home/airflow/.local/lib/python3.12/site-packages/airflow/example_dags/example_sensors.py
[2024-09-03T11:40:02.518+0000] {processor.py:914} INFO - Processing file /home/airflow/.local/lib/python3.12/site-packages/airflow/example_dags/example_sensors.py for tasks to queue
[2024-09-03T11:40:02.523+0000] {logging_mixin.py:190} INFO - [2024-09-03T11:40:02.522+0000] {dagbag.py:587} INFO - Filling up the DagBag from /home/airflow/.local/lib/python3.12/site-packages/airflow/example_dags/example_sensors.py
[2024-09-03T11:40:02.544+0000] {processor.py:925} INFO - DAG(s) 'example_sensors' retrieved from /home/airflow/.local/lib/python3.12/site-packages/airflow/example_dags/example_sensors.py
[2024-09-03T11:40:02.601+0000] {logging_mixin.py:190} INFO - [2024-09-03T11:40:02.600+0000] {dag.py:3211} INFO - Sync 1 DAGs
[2024-09-03T11:40:02.633+0000] {logging_mixin.py:190} INFO - [2024-09-03T11:40:02.632+0000] {dag.py:4138} INFO - Setting next_dagrun for example_sensors to None, run_after=None
[2024-09-03T11:40:02.670+0000] {processor.py:208} INFO - Processing /home/airflow/.local/lib/python3.12/site-packages/airflow/example_dags/example_sensors.py took 0.165 seconds
[2024-09-03T11:40:34.798+0000] {processor.py:186} INFO - Started process (PID=1711) to work on /home/airflow/.local/lib/python3.12/site-packages/airflow/example_dags/example_sensors.py
[2024-09-03T11:40:34.800+0000] {processor.py:914} INFO - Processing file /home/airflow/.local/lib/python3.12/site-packages/airflow/example_dags/example_sensors.py for tasks to queue
[2024-09-03T11:40:34.805+0000] {logging_mixin.py:190} INFO - [2024-09-03T11:40:34.804+0000] {dagbag.py:587} INFO - Filling up the DagBag from /home/airflow/.local/lib/python3.12/site-packages/airflow/example_dags/example_sensors.py
[2024-09-03T11:40:34.820+0000] {processor.py:925} INFO - DAG(s) 'example_sensors' retrieved from /home/airflow/.local/lib/python3.12/site-packages/airflow/example_dags/example_sensors.py
[2024-09-03T11:40:34.860+0000] {logging_mixin.py:190} INFO - [2024-09-03T11:40:34.859+0000] {dag.py:3211} INFO - Sync 1 DAGs
[2024-09-03T11:40:34.883+0000] {logging_mixin.py:190} INFO - [2024-09-03T11:40:34.883+0000] {dag.py:4138} INFO - Setting next_dagrun for example_sensors to None, run_after=None
[2024-09-03T11:40:34.920+0000] {processor.py:208} INFO - Processing /home/airflow/.local/lib/python3.12/site-packages/airflow/example_dags/example_sensors.py took 0.130 seconds
[2024-09-03T11:41:07.271+0000] {processor.py:186} INFO - Started process (PID=1774) to work on /home/airflow/.local/lib/python3.12/site-packages/airflow/example_dags/example_sensors.py
[2024-09-03T11:41:07.274+0000] {processor.py:914} INFO - Processing file /home/airflow/.local/lib/python3.12/site-packages/airflow/example_dags/example_sensors.py for tasks to queue
[2024-09-03T11:41:07.282+0000] {logging_mixin.py:190} INFO - [2024-09-03T11:41:07.281+0000] {dagbag.py:587} INFO - Filling up the DagBag from /home/airflow/.local/lib/python3.12/site-packages/airflow/example_dags/example_sensors.py
[2024-09-03T11:41:07.329+0000] {processor.py:925} INFO - DAG(s) 'example_sensors' retrieved from /home/airflow/.local/lib/python3.12/site-packages/airflow/example_dags/example_sensors.py
[2024-09-03T11:41:07.432+0000] {logging_mixin.py:190} INFO - [2024-09-03T11:41:07.431+0000] {dag.py:3211} INFO - Sync 1 DAGs
[2024-09-03T11:41:07.484+0000] {logging_mixin.py:190} INFO - [2024-09-03T11:41:07.483+0000] {dag.py:4138} INFO - Setting next_dagrun for example_sensors to None, run_after=None
[2024-09-03T11:41:07.554+0000] {processor.py:208} INFO - Processing /home/airflow/.local/lib/python3.12/site-packages/airflow/example_dags/example_sensors.py took 0.299 seconds
[2024-09-03T11:41:38.444+0000] {processor.py:186} INFO - Started process (PID=1837) to work on /home/airflow/.local/lib/python3.12/site-packages/airflow/example_dags/example_sensors.py
[2024-09-03T11:41:38.447+0000] {processor.py:914} INFO - Processing file /home/airflow/.local/lib/python3.12/site-packages/airflow/example_dags/example_sensors.py for tasks to queue
[2024-09-03T11:41:38.457+0000] {logging_mixin.py:190} INFO - [2024-09-03T11:41:38.456+0000] {dagbag.py:587} INFO - Filling up the DagBag from /home/airflow/.local/lib/python3.12/site-packages/airflow/example_dags/example_sensors.py
[2024-09-03T11:41:38.494+0000] {processor.py:925} INFO - DAG(s) 'example_sensors' retrieved from /home/airflow/.local/lib/python3.12/site-packages/airflow/example_dags/example_sensors.py
[2024-09-03T11:41:38.572+0000] {logging_mixin.py:190} INFO - [2024-09-03T11:41:38.571+0000] {dag.py:3211} INFO - Sync 1 DAGs
[2024-09-03T11:41:38.616+0000] {logging_mixin.py:190} INFO - [2024-09-03T11:41:38.616+0000] {dag.py:4138} INFO - Setting next_dagrun for example_sensors to None, run_after=None
[2024-09-03T11:41:38.696+0000] {processor.py:208} INFO - Processing /home/airflow/.local/lib/python3.12/site-packages/airflow/example_dags/example_sensors.py took 0.267 seconds
[2024-09-03T11:42:08.865+0000] {processor.py:186} INFO - Started process (PID=1899) to work on /home/airflow/.local/lib/python3.12/site-packages/airflow/example_dags/example_sensors.py
[2024-09-03T11:42:08.867+0000] {processor.py:914} INFO - Processing file /home/airflow/.local/lib/python3.12/site-packages/airflow/example_dags/example_sensors.py for tasks to queue
[2024-09-03T11:42:08.872+0000] {logging_mixin.py:190} INFO - [2024-09-03T11:42:08.871+0000] {dagbag.py:587} INFO - Filling up the DagBag from /home/airflow/.local/lib/python3.12/site-packages/airflow/example_dags/example_sensors.py
[2024-09-03T11:42:08.899+0000] {processor.py:925} INFO - DAG(s) 'example_sensors' retrieved from /home/airflow/.local/lib/python3.12/site-packages/airflow/example_dags/example_sensors.py
[2024-09-03T11:42:08.958+0000] {logging_mixin.py:190} INFO - [2024-09-03T11:42:08.958+0000] {dag.py:3211} INFO - Sync 1 DAGs
[2024-09-03T11:42:09.011+0000] {logging_mixin.py:190} INFO - [2024-09-03T11:42:09.011+0000] {dag.py:4138} INFO - Setting next_dagrun for example_sensors to None, run_after=None
[2024-09-03T11:42:09.065+0000] {processor.py:208} INFO - Processing /home/airflow/.local/lib/python3.12/site-packages/airflow/example_dags/example_sensors.py took 0.215 seconds
[2024-09-03T11:42:39.288+0000] {processor.py:186} INFO - Started process (PID=1962) to work on /home/airflow/.local/lib/python3.12/site-packages/airflow/example_dags/example_sensors.py
[2024-09-03T11:42:39.290+0000] {processor.py:914} INFO - Processing file /home/airflow/.local/lib/python3.12/site-packages/airflow/example_dags/example_sensors.py for tasks to queue
[2024-09-03T11:42:39.293+0000] {logging_mixin.py:190} INFO - [2024-09-03T11:42:39.293+0000] {dagbag.py:587} INFO - Filling up the DagBag from /home/airflow/.local/lib/python3.12/site-packages/airflow/example_dags/example_sensors.py
[2024-09-03T11:42:39.307+0000] {processor.py:925} INFO - DAG(s) 'example_sensors' retrieved from /home/airflow/.local/lib/python3.12/site-packages/airflow/example_dags/example_sensors.py
[2024-09-03T11:42:39.345+0000] {logging_mixin.py:190} INFO - [2024-09-03T11:42:39.345+0000] {dag.py:3211} INFO - Sync 1 DAGs
[2024-09-03T11:42:39.364+0000] {logging_mixin.py:190} INFO - [2024-09-03T11:42:39.363+0000] {dag.py:4138} INFO - Setting next_dagrun for example_sensors to None, run_after=None
[2024-09-03T11:42:39.400+0000] {processor.py:208} INFO - Processing /home/airflow/.local/lib/python3.12/site-packages/airflow/example_dags/example_sensors.py took 0.120 seconds
[2024-09-03T11:43:10.416+0000] {processor.py:186} INFO - Started process (PID=2025) to work on /home/airflow/.local/lib/python3.12/site-packages/airflow/example_dags/example_sensors.py
[2024-09-03T11:43:10.417+0000] {processor.py:914} INFO - Processing file /home/airflow/.local/lib/python3.12/site-packages/airflow/example_dags/example_sensors.py for tasks to queue
[2024-09-03T11:43:10.422+0000] {logging_mixin.py:190} INFO - [2024-09-03T11:43:10.421+0000] {dagbag.py:587} INFO - Filling up the DagBag from /home/airflow/.local/lib/python3.12/site-packages/airflow/example_dags/example_sensors.py
[2024-09-03T11:43:10.443+0000] {processor.py:925} INFO - DAG(s) 'example_sensors' retrieved from /home/airflow/.local/lib/python3.12/site-packages/airflow/example_dags/example_sensors.py
[2024-09-03T11:43:10.507+0000] {logging_mixin.py:190} INFO - [2024-09-03T11:43:10.507+0000] {dag.py:3211} INFO - Sync 1 DAGs
[2024-09-03T11:43:10.535+0000] {logging_mixin.py:190} INFO - [2024-09-03T11:43:10.535+0000] {dag.py:4138} INFO - Setting next_dagrun for example_sensors to None, run_after=None
[2024-09-03T11:43:10.582+0000] {processor.py:208} INFO - Processing /home/airflow/.local/lib/python3.12/site-packages/airflow/example_dags/example_sensors.py took 0.177 seconds
[2024-09-03T11:43:41.491+0000] {processor.py:186} INFO - Started process (PID=2088) to work on /home/airflow/.local/lib/python3.12/site-packages/airflow/example_dags/example_sensors.py
[2024-09-03T11:43:41.493+0000] {processor.py:914} INFO - Processing file /home/airflow/.local/lib/python3.12/site-packages/airflow/example_dags/example_sensors.py for tasks to queue
[2024-09-03T11:43:41.496+0000] {logging_mixin.py:190} INFO - [2024-09-03T11:43:41.495+0000] {dagbag.py:587} INFO - Filling up the DagBag from /home/airflow/.local/lib/python3.12/site-packages/airflow/example_dags/example_sensors.py
[2024-09-03T11:43:41.509+0000] {processor.py:925} INFO - DAG(s) 'example_sensors' retrieved from /home/airflow/.local/lib/python3.12/site-packages/airflow/example_dags/example_sensors.py
[2024-09-03T11:43:41.541+0000] {logging_mixin.py:190} INFO - [2024-09-03T11:43:41.540+0000] {dag.py:3211} INFO - Sync 1 DAGs
[2024-09-03T11:43:41.555+0000] {logging_mixin.py:190} INFO - [2024-09-03T11:43:41.555+0000] {dag.py:4138} INFO - Setting next_dagrun for example_sensors to None, run_after=None
[2024-09-03T11:43:41.584+0000] {processor.py:208} INFO - Processing /home/airflow/.local/lib/python3.12/site-packages/airflow/example_dags/example_sensors.py took 0.098 seconds
[2024-09-03T11:44:12.078+0000] {processor.py:186} INFO - Started process (PID=2151) to work on /home/airflow/.local/lib/python3.12/site-packages/airflow/example_dags/example_sensors.py
[2024-09-03T11:44:12.079+0000] {processor.py:914} INFO - Processing file /home/airflow/.local/lib/python3.12/site-packages/airflow/example_dags/example_sensors.py for tasks to queue
[2024-09-03T11:44:12.082+0000] {logging_mixin.py:190} INFO - [2024-09-03T11:44:12.082+0000] {dagbag.py:587} INFO - Filling up the DagBag from /home/airflow/.local/lib/python3.12/site-packages/airflow/example_dags/example_sensors.py
[2024-09-03T11:44:12.092+0000] {processor.py:925} INFO - DAG(s) 'example_sensors' retrieved from /home/airflow/.local/lib/python3.12/site-packages/airflow/example_dags/example_sensors.py
[2024-09-03T11:44:12.121+0000] {logging_mixin.py:190} INFO - [2024-09-03T11:44:12.121+0000] {dag.py:3211} INFO - Sync 1 DAGs
[2024-09-03T11:44:12.137+0000] {logging_mixin.py:190} INFO - [2024-09-03T11:44:12.137+0000] {dag.py:4138} INFO - Setting next_dagrun for example_sensors to None, run_after=None
[2024-09-03T11:44:12.165+0000] {processor.py:208} INFO - Processing /home/airflow/.local/lib/python3.12/site-packages/airflow/example_dags/example_sensors.py took 0.093 seconds
[2024-09-03T11:44:43.700+0000] {processor.py:186} INFO - Started process (PID=2215) to work on /home/airflow/.local/lib/python3.12/site-packages/airflow/example_dags/example_sensors.py
[2024-09-03T11:44:43.701+0000] {processor.py:914} INFO - Processing file /home/airflow/.local/lib/python3.12/site-packages/airflow/example_dags/example_sensors.py for tasks to queue
[2024-09-03T11:44:43.704+0000] {logging_mixin.py:190} INFO - [2024-09-03T11:44:43.704+0000] {dagbag.py:587} INFO - Filling up the DagBag from /home/airflow/.local/lib/python3.12/site-packages/airflow/example_dags/example_sensors.py
[2024-09-03T11:44:43.715+0000] {processor.py:925} INFO - DAG(s) 'example_sensors' retrieved from /home/airflow/.local/lib/python3.12/site-packages/airflow/example_dags/example_sensors.py
[2024-09-03T11:44:43.743+0000] {logging_mixin.py:190} INFO - [2024-09-03T11:44:43.742+0000] {dag.py:3211} INFO - Sync 1 DAGs
[2024-09-03T11:44:43.757+0000] {logging_mixin.py:190} INFO - [2024-09-03T11:44:43.757+0000] {dag.py:4138} INFO - Setting next_dagrun for example_sensors to None, run_after=None
[2024-09-03T11:44:43.787+0000] {processor.py:208} INFO - Processing /home/airflow/.local/lib/python3.12/site-packages/airflow/example_dags/example_sensors.py took 0.092 seconds
[2024-09-03T11:45:14.338+0000] {processor.py:186} INFO - Started process (PID=2278) to work on /home/airflow/.local/lib/python3.12/site-packages/airflow/example_dags/example_sensors.py
[2024-09-03T11:45:14.340+0000] {processor.py:914} INFO - Processing file /home/airflow/.local/lib/python3.12/site-packages/airflow/example_dags/example_sensors.py for tasks to queue
[2024-09-03T11:45:14.346+0000] {logging_mixin.py:190} INFO - [2024-09-03T11:45:14.345+0000] {dagbag.py:587} INFO - Filling up the DagBag from /home/airflow/.local/lib/python3.12/site-packages/airflow/example_dags/example_sensors.py
[2024-09-03T11:45:14.369+0000] {processor.py:925} INFO - DAG(s) 'example_sensors' retrieved from /home/airflow/.local/lib/python3.12/site-packages/airflow/example_dags/example_sensors.py
[2024-09-03T11:45:14.417+0000] {logging_mixin.py:190} INFO - [2024-09-03T11:45:14.417+0000] {dag.py:3211} INFO - Sync 1 DAGs
[2024-09-03T11:45:14.440+0000] {logging_mixin.py:190} INFO - [2024-09-03T11:45:14.439+0000] {dag.py:4138} INFO - Setting next_dagrun for example_sensors to None, run_after=None
[2024-09-03T11:45:14.472+0000] {processor.py:208} INFO - Processing /home/airflow/.local/lib/python3.12/site-packages/airflow/example_dags/example_sensors.py took 0.148 seconds
[2024-09-03T11:45:44.843+0000] {processor.py:186} INFO - Started process (PID=2340) to work on /home/airflow/.local/lib/python3.12/site-packages/airflow/example_dags/example_sensors.py
[2024-09-03T11:45:44.844+0000] {processor.py:914} INFO - Processing file /home/airflow/.local/lib/python3.12/site-packages/airflow/example_dags/example_sensors.py for tasks to queue
[2024-09-03T11:45:44.848+0000] {logging_mixin.py:190} INFO - [2024-09-03T11:45:44.847+0000] {dagbag.py:587} INFO - Filling up the DagBag from /home/airflow/.local/lib/python3.12/site-packages/airflow/example_dags/example_sensors.py
[2024-09-03T11:45:44.858+0000] {processor.py:925} INFO - DAG(s) 'example_sensors' retrieved from /home/airflow/.local/lib/python3.12/site-packages/airflow/example_dags/example_sensors.py
[2024-09-03T11:45:44.887+0000] {logging_mixin.py:190} INFO - [2024-09-03T11:45:44.886+0000] {dag.py:3211} INFO - Sync 1 DAGs
[2024-09-03T11:45:44.904+0000] {logging_mixin.py:190} INFO - [2024-09-03T11:45:44.904+0000] {dag.py:4138} INFO - Setting next_dagrun for example_sensors to None, run_after=None
[2024-09-03T11:45:44.927+0000] {processor.py:208} INFO - Processing /home/airflow/.local/lib/python3.12/site-packages/airflow/example_dags/example_sensors.py took 0.090 seconds
[2024-09-03T11:46:15.594+0000] {processor.py:186} INFO - Started process (PID=2403) to work on /home/airflow/.local/lib/python3.12/site-packages/airflow/example_dags/example_sensors.py
[2024-09-03T11:46:15.595+0000] {processor.py:914} INFO - Processing file /home/airflow/.local/lib/python3.12/site-packages/airflow/example_dags/example_sensors.py for tasks to queue
[2024-09-03T11:46:15.598+0000] {logging_mixin.py:190} INFO - [2024-09-03T11:46:15.597+0000] {dagbag.py:587} INFO - Filling up the DagBag from /home/airflow/.local/lib/python3.12/site-packages/airflow/example_dags/example_sensors.py
[2024-09-03T11:46:15.608+0000] {processor.py:925} INFO - DAG(s) 'example_sensors' retrieved from /home/airflow/.local/lib/python3.12/site-packages/airflow/example_dags/example_sensors.py
[2024-09-03T11:46:15.640+0000] {logging_mixin.py:190} INFO - [2024-09-03T11:46:15.640+0000] {dag.py:3211} INFO - Sync 1 DAGs
[2024-09-03T11:46:15.655+0000] {logging_mixin.py:190} INFO - [2024-09-03T11:46:15.655+0000] {dag.py:4138} INFO - Setting next_dagrun for example_sensors to None, run_after=None
[2024-09-03T11:46:15.682+0000] {processor.py:208} INFO - Processing /home/airflow/.local/lib/python3.12/site-packages/airflow/example_dags/example_sensors.py took 0.095 seconds
[2024-09-03T11:46:47.799+0000] {processor.py:186} INFO - Started process (PID=2468) to work on /home/airflow/.local/lib/python3.12/site-packages/airflow/example_dags/example_sensors.py
[2024-09-03T11:46:47.801+0000] {processor.py:914} INFO - Processing file /home/airflow/.local/lib/python3.12/site-packages/airflow/example_dags/example_sensors.py for tasks to queue
[2024-09-03T11:46:47.805+0000] {logging_mixin.py:190} INFO - [2024-09-03T11:46:47.805+0000] {dagbag.py:587} INFO - Filling up the DagBag from /home/airflow/.local/lib/python3.12/site-packages/airflow/example_dags/example_sensors.py
[2024-09-03T11:46:47.823+0000] {processor.py:925} INFO - DAG(s) 'example_sensors' retrieved from /home/airflow/.local/lib/python3.12/site-packages/airflow/example_dags/example_sensors.py
[2024-09-03T11:46:47.872+0000] {logging_mixin.py:190} INFO - [2024-09-03T11:46:47.872+0000] {dag.py:3211} INFO - Sync 1 DAGs
[2024-09-03T11:46:47.906+0000] {logging_mixin.py:190} INFO - [2024-09-03T11:46:47.905+0000] {dag.py:4138} INFO - Setting next_dagrun for example_sensors to None, run_after=None
[2024-09-03T11:46:47.952+0000] {processor.py:208} INFO - Processing /home/airflow/.local/lib/python3.12/site-packages/airflow/example_dags/example_sensors.py took 0.165 seconds
[2024-09-03T11:47:19.917+0000] {processor.py:186} INFO - Started process (PID=2531) to work on /home/airflow/.local/lib/python3.12/site-packages/airflow/example_dags/example_sensors.py
[2024-09-03T11:47:19.919+0000] {processor.py:914} INFO - Processing file /home/airflow/.local/lib/python3.12/site-packages/airflow/example_dags/example_sensors.py for tasks to queue
[2024-09-03T11:47:19.925+0000] {logging_mixin.py:190} INFO - [2024-09-03T11:47:19.924+0000] {dagbag.py:587} INFO - Filling up the DagBag from /home/airflow/.local/lib/python3.12/site-packages/airflow/example_dags/example_sensors.py
[2024-09-03T11:47:19.957+0000] {processor.py:925} INFO - DAG(s) 'example_sensors' retrieved from /home/airflow/.local/lib/python3.12/site-packages/airflow/example_dags/example_sensors.py
[2024-09-03T11:47:20.036+0000] {logging_mixin.py:190} INFO - [2024-09-03T11:47:20.035+0000] {dag.py:3211} INFO - Sync 1 DAGs
[2024-09-03T11:47:20.094+0000] {logging_mixin.py:190} INFO - [2024-09-03T11:47:20.093+0000] {dag.py:4138} INFO - Setting next_dagrun for example_sensors to None, run_after=None
[2024-09-03T11:47:20.158+0000] {processor.py:208} INFO - Processing /home/airflow/.local/lib/python3.12/site-packages/airflow/example_dags/example_sensors.py took 0.259 seconds
[2024-09-03T11:47:50.461+0000] {processor.py:186} INFO - Started process (PID=2594) to work on /home/airflow/.local/lib/python3.12/site-packages/airflow/example_dags/example_sensors.py
[2024-09-03T11:47:50.464+0000] {processor.py:914} INFO - Processing file /home/airflow/.local/lib/python3.12/site-packages/airflow/example_dags/example_sensors.py for tasks to queue
[2024-09-03T11:47:50.469+0000] {logging_mixin.py:190} INFO - [2024-09-03T11:47:50.468+0000] {dagbag.py:587} INFO - Filling up the DagBag from /home/airflow/.local/lib/python3.12/site-packages/airflow/example_dags/example_sensors.py
[2024-09-03T11:47:50.494+0000] {processor.py:925} INFO - DAG(s) 'example_sensors' retrieved from /home/airflow/.local/lib/python3.12/site-packages/airflow/example_dags/example_sensors.py
[2024-09-03T11:47:50.559+0000] {logging_mixin.py:190} INFO - [2024-09-03T11:47:50.559+0000] {dag.py:3211} INFO - Sync 1 DAGs
[2024-09-03T11:47:50.595+0000] {logging_mixin.py:190} INFO - [2024-09-03T11:47:50.595+0000] {dag.py:4138} INFO - Setting next_dagrun for example_sensors to None, run_after=None
[2024-09-03T11:47:50.646+0000] {processor.py:208} INFO - Processing /home/airflow/.local/lib/python3.12/site-packages/airflow/example_dags/example_sensors.py took 0.196 seconds
[2024-09-03T11:48:20.810+0000] {processor.py:186} INFO - Started process (PID=2656) to work on /home/airflow/.local/lib/python3.12/site-packages/airflow/example_dags/example_sensors.py
[2024-09-03T11:48:20.811+0000] {processor.py:914} INFO - Processing file /home/airflow/.local/lib/python3.12/site-packages/airflow/example_dags/example_sensors.py for tasks to queue
[2024-09-03T11:48:20.815+0000] {logging_mixin.py:190} INFO - [2024-09-03T11:48:20.815+0000] {dagbag.py:587} INFO - Filling up the DagBag from /home/airflow/.local/lib/python3.12/site-packages/airflow/example_dags/example_sensors.py
[2024-09-03T11:48:20.832+0000] {processor.py:925} INFO - DAG(s) 'example_sensors' retrieved from /home/airflow/.local/lib/python3.12/site-packages/airflow/example_dags/example_sensors.py
[2024-09-03T11:48:20.875+0000] {logging_mixin.py:190} INFO - [2024-09-03T11:48:20.874+0000] {dag.py:3211} INFO - Sync 1 DAGs
[2024-09-03T11:48:20.901+0000] {logging_mixin.py:190} INFO - [2024-09-03T11:48:20.901+0000] {dag.py:4138} INFO - Setting next_dagrun for example_sensors to None, run_after=None
[2024-09-03T11:48:20.942+0000] {processor.py:208} INFO - Processing /home/airflow/.local/lib/python3.12/site-packages/airflow/example_dags/example_sensors.py took 0.140 seconds
[2024-09-03T11:48:52.868+0000] {processor.py:186} INFO - Started process (PID=2719) to work on /home/airflow/.local/lib/python3.12/site-packages/airflow/example_dags/example_sensors.py
[2024-09-03T11:48:52.872+0000] {processor.py:914} INFO - Processing file /home/airflow/.local/lib/python3.12/site-packages/airflow/example_dags/example_sensors.py for tasks to queue
[2024-09-03T11:48:52.877+0000] {logging_mixin.py:190} INFO - [2024-09-03T11:48:52.876+0000] {dagbag.py:587} INFO - Filling up the DagBag from /home/airflow/.local/lib/python3.12/site-packages/airflow/example_dags/example_sensors.py
[2024-09-03T11:48:52.898+0000] {processor.py:925} INFO - DAG(s) 'example_sensors' retrieved from /home/airflow/.local/lib/python3.12/site-packages/airflow/example_dags/example_sensors.py
[2024-09-03T11:48:52.950+0000] {logging_mixin.py:190} INFO - [2024-09-03T11:48:52.949+0000] {dag.py:3211} INFO - Sync 1 DAGs
[2024-09-03T11:48:52.980+0000] {logging_mixin.py:190} INFO - [2024-09-03T11:48:52.979+0000] {dag.py:4138} INFO - Setting next_dagrun for example_sensors to None, run_after=None
[2024-09-03T11:48:53.023+0000] {processor.py:208} INFO - Processing /home/airflow/.local/lib/python3.12/site-packages/airflow/example_dags/example_sensors.py took 0.166 seconds
[2024-09-03T11:49:23.882+0000] {processor.py:186} INFO - Started process (PID=2782) to work on /home/airflow/.local/lib/python3.12/site-packages/airflow/example_dags/example_sensors.py
[2024-09-03T11:49:23.884+0000] {processor.py:914} INFO - Processing file /home/airflow/.local/lib/python3.12/site-packages/airflow/example_dags/example_sensors.py for tasks to queue
[2024-09-03T11:49:23.888+0000] {logging_mixin.py:190} INFO - [2024-09-03T11:49:23.887+0000] {dagbag.py:587} INFO - Filling up the DagBag from /home/airflow/.local/lib/python3.12/site-packages/airflow/example_dags/example_sensors.py
[2024-09-03T11:49:23.904+0000] {processor.py:925} INFO - DAG(s) 'example_sensors' retrieved from /home/airflow/.local/lib/python3.12/site-packages/airflow/example_dags/example_sensors.py
[2024-09-03T11:49:23.952+0000] {logging_mixin.py:190} INFO - [2024-09-03T11:49:23.951+0000] {dag.py:3211} INFO - Sync 1 DAGs
[2024-09-03T11:49:23.983+0000] {logging_mixin.py:190} INFO - [2024-09-03T11:49:23.983+0000] {dag.py:4138} INFO - Setting next_dagrun for example_sensors to None, run_after=None
[2024-09-03T11:49:24.021+0000] {processor.py:208} INFO - Processing /home/airflow/.local/lib/python3.12/site-packages/airflow/example_dags/example_sensors.py took 0.148 seconds
[2024-09-03T11:49:55.518+0000] {processor.py:186} INFO - Started process (PID=2845) to work on /home/airflow/.local/lib/python3.12/site-packages/airflow/example_dags/example_sensors.py
[2024-09-03T11:49:55.520+0000] {processor.py:914} INFO - Processing file /home/airflow/.local/lib/python3.12/site-packages/airflow/example_dags/example_sensors.py for tasks to queue
[2024-09-03T11:49:55.525+0000] {logging_mixin.py:190} INFO - [2024-09-03T11:49:55.524+0000] {dagbag.py:587} INFO - Filling up the DagBag from /home/airflow/.local/lib/python3.12/site-packages/airflow/example_dags/example_sensors.py
[2024-09-03T11:49:55.544+0000] {processor.py:925} INFO - DAG(s) 'example_sensors' retrieved from /home/airflow/.local/lib/python3.12/site-packages/airflow/example_dags/example_sensors.py
[2024-09-03T11:49:55.623+0000] {logging_mixin.py:190} INFO - [2024-09-03T11:49:55.622+0000] {dag.py:3211} INFO - Sync 1 DAGs
[2024-09-03T11:49:55.673+0000] {logging_mixin.py:190} INFO - [2024-09-03T11:49:55.671+0000] {dag.py:4138} INFO - Setting next_dagrun for example_sensors to None, run_after=None
[2024-09-03T11:49:55.740+0000] {processor.py:208} INFO - Processing /home/airflow/.local/lib/python3.12/site-packages/airflow/example_dags/example_sensors.py took 0.232 seconds
[2024-09-03T11:50:27.689+0000] {processor.py:186} INFO - Started process (PID=2908) to work on /home/airflow/.local/lib/python3.12/site-packages/airflow/example_dags/example_sensors.py
[2024-09-03T11:50:27.692+0000] {processor.py:914} INFO - Processing file /home/airflow/.local/lib/python3.12/site-packages/airflow/example_dags/example_sensors.py for tasks to queue
[2024-09-03T11:50:27.700+0000] {logging_mixin.py:190} INFO - [2024-09-03T11:50:27.699+0000] {dagbag.py:587} INFO - Filling up the DagBag from /home/airflow/.local/lib/python3.12/site-packages/airflow/example_dags/example_sensors.py
[2024-09-03T11:50:27.729+0000] {processor.py:925} INFO - DAG(s) 'example_sensors' retrieved from /home/airflow/.local/lib/python3.12/site-packages/airflow/example_dags/example_sensors.py
[2024-09-03T11:50:27.817+0000] {logging_mixin.py:190} INFO - [2024-09-03T11:50:27.815+0000] {dag.py:3211} INFO - Sync 1 DAGs
[2024-09-03T11:50:27.869+0000] {logging_mixin.py:190} INFO - [2024-09-03T11:50:27.868+0000] {dag.py:4138} INFO - Setting next_dagrun for example_sensors to None, run_after=None
[2024-09-03T11:50:27.925+0000] {processor.py:208} INFO - Processing /home/airflow/.local/lib/python3.12/site-packages/airflow/example_dags/example_sensors.py took 0.255 seconds
