[2024-09-03T11:27:35.653+0000] {processor.py:186} INFO - Started process (PID=105) to work on /home/airflow/.local/lib/python3.12/site-packages/airflow/example_dags/example_latest_only.py
[2024-09-03T11:27:35.654+0000] {processor.py:914} INFO - Processing file /home/airflow/.local/lib/python3.12/site-packages/airflow/example_dags/example_latest_only.py for tasks to queue
[2024-09-03T11:27:35.658+0000] {logging_mixin.py:190} INFO - [2024-09-03T11:27:35.657+0000] {dagbag.py:587} INFO - Filling up the DagBag from /home/airflow/.local/lib/python3.12/site-packages/airflow/example_dags/example_latest_only.py
[2024-09-03T11:27:35.665+0000] {processor.py:925} INFO - DAG(s) 'latest_only' retrieved from /home/airflow/.local/lib/python3.12/site-packages/airflow/example_dags/example_latest_only.py
[2024-09-03T11:27:35.687+0000] {logging_mixin.py:190} INFO - [2024-09-03T11:27:35.687+0000] {dag.py:3211} INFO - Sync 1 DAGs
[2024-09-03T11:27:35.720+0000] {logging_mixin.py:190} INFO - [2024-09-03T11:27:35.720+0000] {dag.py:4138} INFO - Setting next_dagrun for latest_only to 2024-09-03 04:00:00+00:00, run_after=2024-09-03 08:00:00+00:00
[2024-09-03T11:27:35.750+0000] {processor.py:208} INFO - Processing /home/airflow/.local/lib/python3.12/site-packages/airflow/example_dags/example_latest_only.py took 0.104 seconds
[2024-09-03T11:28:06.166+0000] {processor.py:186} INFO - Started process (PID=172) to work on /home/airflow/.local/lib/python3.12/site-packages/airflow/example_dags/example_latest_only.py
[2024-09-03T11:28:06.168+0000] {processor.py:914} INFO - Processing file /home/airflow/.local/lib/python3.12/site-packages/airflow/example_dags/example_latest_only.py for tasks to queue
[2024-09-03T11:28:06.171+0000] {logging_mixin.py:190} INFO - [2024-09-03T11:28:06.170+0000] {dagbag.py:587} INFO - Filling up the DagBag from /home/airflow/.local/lib/python3.12/site-packages/airflow/example_dags/example_latest_only.py
[2024-09-03T11:28:06.179+0000] {processor.py:925} INFO - DAG(s) 'latest_only' retrieved from /home/airflow/.local/lib/python3.12/site-packages/airflow/example_dags/example_latest_only.py
[2024-09-03T11:28:06.206+0000] {logging_mixin.py:190} INFO - [2024-09-03T11:28:06.206+0000] {dag.py:3211} INFO - Sync 1 DAGs
[2024-09-03T11:28:06.251+0000] {logging_mixin.py:190} INFO - [2024-09-03T11:28:06.250+0000] {dag.py:4138} INFO - Setting next_dagrun for latest_only to 2024-09-03 04:00:00+00:00, run_after=2024-09-03 08:00:00+00:00
[2024-09-03T11:28:06.303+0000] {processor.py:208} INFO - Processing /home/airflow/.local/lib/python3.12/site-packages/airflow/example_dags/example_latest_only.py took 0.143 seconds
[2024-09-03T11:28:36.494+0000] {processor.py:186} INFO - Started process (PID=239) to work on /home/airflow/.local/lib/python3.12/site-packages/airflow/example_dags/example_latest_only.py
[2024-09-03T11:28:36.496+0000] {processor.py:914} INFO - Processing file /home/airflow/.local/lib/python3.12/site-packages/airflow/example_dags/example_latest_only.py for tasks to queue
[2024-09-03T11:28:36.499+0000] {logging_mixin.py:190} INFO - [2024-09-03T11:28:36.498+0000] {dagbag.py:587} INFO - Filling up the DagBag from /home/airflow/.local/lib/python3.12/site-packages/airflow/example_dags/example_latest_only.py
[2024-09-03T11:28:36.507+0000] {processor.py:925} INFO - DAG(s) 'latest_only' retrieved from /home/airflow/.local/lib/python3.12/site-packages/airflow/example_dags/example_latest_only.py
[2024-09-03T11:28:36.531+0000] {logging_mixin.py:190} INFO - [2024-09-03T11:28:36.531+0000] {dag.py:3211} INFO - Sync 1 DAGs
[2024-09-03T11:28:36.560+0000] {logging_mixin.py:190} INFO - [2024-09-03T11:28:36.559+0000] {dag.py:4138} INFO - Setting next_dagrun for latest_only to 2024-09-03 04:00:00+00:00, run_after=2024-09-03 08:00:00+00:00
[2024-09-03T11:28:36.586+0000] {processor.py:208} INFO - Processing /home/airflow/.local/lib/python3.12/site-packages/airflow/example_dags/example_latest_only.py took 0.098 seconds
[2024-09-03T11:29:08.013+0000] {processor.py:186} INFO - Started process (PID=302) to work on /home/airflow/.local/lib/python3.12/site-packages/airflow/example_dags/example_latest_only.py
[2024-09-03T11:29:08.015+0000] {processor.py:914} INFO - Processing file /home/airflow/.local/lib/python3.12/site-packages/airflow/example_dags/example_latest_only.py for tasks to queue
[2024-09-03T11:29:08.019+0000] {logging_mixin.py:190} INFO - [2024-09-03T11:29:08.018+0000] {dagbag.py:587} INFO - Filling up the DagBag from /home/airflow/.local/lib/python3.12/site-packages/airflow/example_dags/example_latest_only.py
[2024-09-03T11:29:08.026+0000] {processor.py:925} INFO - DAG(s) 'latest_only' retrieved from /home/airflow/.local/lib/python3.12/site-packages/airflow/example_dags/example_latest_only.py
[2024-09-03T11:29:08.052+0000] {logging_mixin.py:190} INFO - [2024-09-03T11:29:08.052+0000] {dag.py:3211} INFO - Sync 1 DAGs
[2024-09-03T11:29:08.078+0000] {logging_mixin.py:190} INFO - [2024-09-03T11:29:08.077+0000] {dag.py:4138} INFO - Setting next_dagrun for latest_only to 2024-09-03 04:00:00+00:00, run_after=2024-09-03 08:00:00+00:00
[2024-09-03T11:29:08.107+0000] {processor.py:208} INFO - Processing /home/airflow/.local/lib/python3.12/site-packages/airflow/example_dags/example_latest_only.py took 0.100 seconds
[2024-09-03T11:29:40.063+0000] {processor.py:186} INFO - Started process (PID=365) to work on /home/airflow/.local/lib/python3.12/site-packages/airflow/example_dags/example_latest_only.py
[2024-09-03T11:29:40.065+0000] {processor.py:914} INFO - Processing file /home/airflow/.local/lib/python3.12/site-packages/airflow/example_dags/example_latest_only.py for tasks to queue
[2024-09-03T11:29:40.069+0000] {logging_mixin.py:190} INFO - [2024-09-03T11:29:40.068+0000] {dagbag.py:587} INFO - Filling up the DagBag from /home/airflow/.local/lib/python3.12/site-packages/airflow/example_dags/example_latest_only.py
[2024-09-03T11:29:40.078+0000] {processor.py:925} INFO - DAG(s) 'latest_only' retrieved from /home/airflow/.local/lib/python3.12/site-packages/airflow/example_dags/example_latest_only.py
[2024-09-03T11:29:40.109+0000] {logging_mixin.py:190} INFO - [2024-09-03T11:29:40.109+0000] {dag.py:3211} INFO - Sync 1 DAGs
[2024-09-03T11:29:40.141+0000] {logging_mixin.py:190} INFO - [2024-09-03T11:29:40.141+0000] {dag.py:4138} INFO - Setting next_dagrun for latest_only to 2024-09-03 04:00:00+00:00, run_after=2024-09-03 08:00:00+00:00
[2024-09-03T11:29:40.168+0000] {processor.py:208} INFO - Processing /home/airflow/.local/lib/python3.12/site-packages/airflow/example_dags/example_latest_only.py took 0.110 seconds
[2024-09-03T11:30:10.982+0000] {processor.py:186} INFO - Started process (PID=428) to work on /home/airflow/.local/lib/python3.12/site-packages/airflow/example_dags/example_latest_only.py
[2024-09-03T11:30:10.984+0000] {processor.py:914} INFO - Processing file /home/airflow/.local/lib/python3.12/site-packages/airflow/example_dags/example_latest_only.py for tasks to queue
[2024-09-03T11:30:10.987+0000] {logging_mixin.py:190} INFO - [2024-09-03T11:30:10.987+0000] {dagbag.py:587} INFO - Filling up the DagBag from /home/airflow/.local/lib/python3.12/site-packages/airflow/example_dags/example_latest_only.py
[2024-09-03T11:30:10.996+0000] {processor.py:925} INFO - DAG(s) 'latest_only' retrieved from /home/airflow/.local/lib/python3.12/site-packages/airflow/example_dags/example_latest_only.py
[2024-09-03T11:30:11.024+0000] {logging_mixin.py:190} INFO - [2024-09-03T11:30:11.024+0000] {dag.py:3211} INFO - Sync 1 DAGs
[2024-09-03T11:30:11.058+0000] {logging_mixin.py:190} INFO - [2024-09-03T11:30:11.058+0000] {dag.py:4138} INFO - Setting next_dagrun for latest_only to 2024-09-03 04:00:00+00:00, run_after=2024-09-03 08:00:00+00:00
[2024-09-03T11:30:11.087+0000] {processor.py:208} INFO - Processing /home/airflow/.local/lib/python3.12/site-packages/airflow/example_dags/example_latest_only.py took 0.111 seconds
[2024-09-03T11:30:41.824+0000] {processor.py:186} INFO - Started process (PID=491) to work on /home/airflow/.local/lib/python3.12/site-packages/airflow/example_dags/example_latest_only.py
[2024-09-03T11:30:41.826+0000] {processor.py:914} INFO - Processing file /home/airflow/.local/lib/python3.12/site-packages/airflow/example_dags/example_latest_only.py for tasks to queue
[2024-09-03T11:30:41.829+0000] {logging_mixin.py:190} INFO - [2024-09-03T11:30:41.829+0000] {dagbag.py:587} INFO - Filling up the DagBag from /home/airflow/.local/lib/python3.12/site-packages/airflow/example_dags/example_latest_only.py
[2024-09-03T11:30:41.838+0000] {processor.py:925} INFO - DAG(s) 'latest_only' retrieved from /home/airflow/.local/lib/python3.12/site-packages/airflow/example_dags/example_latest_only.py
[2024-09-03T11:30:41.867+0000] {logging_mixin.py:190} INFO - [2024-09-03T11:30:41.866+0000] {dag.py:3211} INFO - Sync 1 DAGs
[2024-09-03T11:30:41.897+0000] {logging_mixin.py:190} INFO - [2024-09-03T11:30:41.897+0000] {dag.py:4138} INFO - Setting next_dagrun for latest_only to 2024-09-03 04:00:00+00:00, run_after=2024-09-03 08:00:00+00:00
[2024-09-03T11:30:41.925+0000] {processor.py:208} INFO - Processing /home/airflow/.local/lib/python3.12/site-packages/airflow/example_dags/example_latest_only.py took 0.107 seconds
[2024-09-03T11:31:13.339+0000] {processor.py:186} INFO - Started process (PID=555) to work on /home/airflow/.local/lib/python3.12/site-packages/airflow/example_dags/example_latest_only.py
[2024-09-03T11:31:13.340+0000] {processor.py:914} INFO - Processing file /home/airflow/.local/lib/python3.12/site-packages/airflow/example_dags/example_latest_only.py for tasks to queue
[2024-09-03T11:31:13.343+0000] {logging_mixin.py:190} INFO - [2024-09-03T11:31:13.343+0000] {dagbag.py:587} INFO - Filling up the DagBag from /home/airflow/.local/lib/python3.12/site-packages/airflow/example_dags/example_latest_only.py
[2024-09-03T11:31:13.352+0000] {processor.py:925} INFO - DAG(s) 'latest_only' retrieved from /home/airflow/.local/lib/python3.12/site-packages/airflow/example_dags/example_latest_only.py
[2024-09-03T11:31:13.375+0000] {logging_mixin.py:190} INFO - [2024-09-03T11:31:13.374+0000] {dag.py:3211} INFO - Sync 1 DAGs
[2024-09-03T11:31:13.405+0000] {logging_mixin.py:190} INFO - [2024-09-03T11:31:13.405+0000] {dag.py:4138} INFO - Setting next_dagrun for latest_only to 2024-09-03 04:00:00+00:00, run_after=2024-09-03 08:00:00+00:00
[2024-09-03T11:31:13.433+0000] {processor.py:208} INFO - Processing /home/airflow/.local/lib/python3.12/site-packages/airflow/example_dags/example_latest_only.py took 0.103 seconds
[2024-09-03T11:31:44.491+0000] {processor.py:186} INFO - Started process (PID=618) to work on /home/airflow/.local/lib/python3.12/site-packages/airflow/example_dags/example_latest_only.py
[2024-09-03T11:31:44.493+0000] {processor.py:914} INFO - Processing file /home/airflow/.local/lib/python3.12/site-packages/airflow/example_dags/example_latest_only.py for tasks to queue
[2024-09-03T11:31:44.495+0000] {logging_mixin.py:190} INFO - [2024-09-03T11:31:44.495+0000] {dagbag.py:587} INFO - Filling up the DagBag from /home/airflow/.local/lib/python3.12/site-packages/airflow/example_dags/example_latest_only.py
[2024-09-03T11:31:44.502+0000] {processor.py:925} INFO - DAG(s) 'latest_only' retrieved from /home/airflow/.local/lib/python3.12/site-packages/airflow/example_dags/example_latest_only.py
[2024-09-03T11:31:44.526+0000] {logging_mixin.py:190} INFO - [2024-09-03T11:31:44.525+0000] {dag.py:3211} INFO - Sync 1 DAGs
[2024-09-03T11:31:44.550+0000] {logging_mixin.py:190} INFO - [2024-09-03T11:31:44.550+0000] {dag.py:4138} INFO - Setting next_dagrun for latest_only to 2024-09-03 04:00:00+00:00, run_after=2024-09-03 08:00:00+00:00
[2024-09-03T11:31:44.576+0000] {processor.py:208} INFO - Processing /home/airflow/.local/lib/python3.12/site-packages/airflow/example_dags/example_latest_only.py took 0.090 seconds
[2024-09-03T11:32:15.501+0000] {processor.py:186} INFO - Started process (PID=681) to work on /home/airflow/.local/lib/python3.12/site-packages/airflow/example_dags/example_latest_only.py
[2024-09-03T11:32:15.503+0000] {processor.py:914} INFO - Processing file /home/airflow/.local/lib/python3.12/site-packages/airflow/example_dags/example_latest_only.py for tasks to queue
[2024-09-03T11:32:15.506+0000] {logging_mixin.py:190} INFO - [2024-09-03T11:32:15.505+0000] {dagbag.py:587} INFO - Filling up the DagBag from /home/airflow/.local/lib/python3.12/site-packages/airflow/example_dags/example_latest_only.py
[2024-09-03T11:32:15.522+0000] {processor.py:925} INFO - DAG(s) 'latest_only' retrieved from /home/airflow/.local/lib/python3.12/site-packages/airflow/example_dags/example_latest_only.py
[2024-09-03T11:32:15.557+0000] {logging_mixin.py:190} INFO - [2024-09-03T11:32:15.557+0000] {dag.py:3211} INFO - Sync 1 DAGs
[2024-09-03T11:32:15.596+0000] {logging_mixin.py:190} INFO - [2024-09-03T11:32:15.595+0000] {dag.py:4138} INFO - Setting next_dagrun for latest_only to 2024-09-03 04:00:00+00:00, run_after=2024-09-03 08:00:00+00:00
[2024-09-03T11:32:15.633+0000] {processor.py:208} INFO - Processing /home/airflow/.local/lib/python3.12/site-packages/airflow/example_dags/example_latest_only.py took 0.140 seconds
[2024-09-03T11:32:46.593+0000] {processor.py:186} INFO - Started process (PID=744) to work on /home/airflow/.local/lib/python3.12/site-packages/airflow/example_dags/example_latest_only.py
[2024-09-03T11:32:46.595+0000] {processor.py:914} INFO - Processing file /home/airflow/.local/lib/python3.12/site-packages/airflow/example_dags/example_latest_only.py for tasks to queue
[2024-09-03T11:32:46.598+0000] {logging_mixin.py:190} INFO - [2024-09-03T11:32:46.597+0000] {dagbag.py:587} INFO - Filling up the DagBag from /home/airflow/.local/lib/python3.12/site-packages/airflow/example_dags/example_latest_only.py
[2024-09-03T11:32:46.605+0000] {processor.py:925} INFO - DAG(s) 'latest_only' retrieved from /home/airflow/.local/lib/python3.12/site-packages/airflow/example_dags/example_latest_only.py
[2024-09-03T11:32:46.628+0000] {logging_mixin.py:190} INFO - [2024-09-03T11:32:46.628+0000] {dag.py:3211} INFO - Sync 1 DAGs
[2024-09-03T11:32:46.656+0000] {logging_mixin.py:190} INFO - [2024-09-03T11:32:46.655+0000] {dag.py:4138} INFO - Setting next_dagrun for latest_only to 2024-09-03 04:00:00+00:00, run_after=2024-09-03 08:00:00+00:00
[2024-09-03T11:32:46.684+0000] {processor.py:208} INFO - Processing /home/airflow/.local/lib/python3.12/site-packages/airflow/example_dags/example_latest_only.py took 0.098 seconds
[2024-09-03T11:33:17.076+0000] {processor.py:186} INFO - Started process (PID=807) to work on /home/airflow/.local/lib/python3.12/site-packages/airflow/example_dags/example_latest_only.py
[2024-09-03T11:33:17.077+0000] {processor.py:914} INFO - Processing file /home/airflow/.local/lib/python3.12/site-packages/airflow/example_dags/example_latest_only.py for tasks to queue
[2024-09-03T11:33:17.080+0000] {logging_mixin.py:190} INFO - [2024-09-03T11:33:17.079+0000] {dagbag.py:587} INFO - Filling up the DagBag from /home/airflow/.local/lib/python3.12/site-packages/airflow/example_dags/example_latest_only.py
[2024-09-03T11:33:17.086+0000] {processor.py:925} INFO - DAG(s) 'latest_only' retrieved from /home/airflow/.local/lib/python3.12/site-packages/airflow/example_dags/example_latest_only.py
[2024-09-03T11:33:17.109+0000] {logging_mixin.py:190} INFO - [2024-09-03T11:33:17.109+0000] {dag.py:3211} INFO - Sync 1 DAGs
[2024-09-03T11:33:17.134+0000] {logging_mixin.py:190} INFO - [2024-09-03T11:33:17.134+0000] {dag.py:4138} INFO - Setting next_dagrun for latest_only to 2024-09-03 04:00:00+00:00, run_after=2024-09-03 08:00:00+00:00
[2024-09-03T11:33:17.159+0000] {processor.py:208} INFO - Processing /home/airflow/.local/lib/python3.12/site-packages/airflow/example_dags/example_latest_only.py took 0.089 seconds
[2024-09-03T11:33:48.533+0000] {processor.py:186} INFO - Started process (PID=870) to work on /home/airflow/.local/lib/python3.12/site-packages/airflow/example_dags/example_latest_only.py
[2024-09-03T11:33:48.536+0000] {processor.py:914} INFO - Processing file /home/airflow/.local/lib/python3.12/site-packages/airflow/example_dags/example_latest_only.py for tasks to queue
[2024-09-03T11:33:48.540+0000] {logging_mixin.py:190} INFO - [2024-09-03T11:33:48.539+0000] {dagbag.py:587} INFO - Filling up the DagBag from /home/airflow/.local/lib/python3.12/site-packages/airflow/example_dags/example_latest_only.py
[2024-09-03T11:33:48.550+0000] {processor.py:925} INFO - DAG(s) 'latest_only' retrieved from /home/airflow/.local/lib/python3.12/site-packages/airflow/example_dags/example_latest_only.py
[2024-09-03T11:33:48.578+0000] {logging_mixin.py:190} INFO - [2024-09-03T11:33:48.578+0000] {dag.py:3211} INFO - Sync 1 DAGs
[2024-09-03T11:33:48.605+0000] {logging_mixin.py:190} INFO - [2024-09-03T11:33:48.605+0000] {dag.py:4138} INFO - Setting next_dagrun for latest_only to 2024-09-03 04:00:00+00:00, run_after=2024-09-03 08:00:00+00:00
[2024-09-03T11:33:48.633+0000] {processor.py:208} INFO - Processing /home/airflow/.local/lib/python3.12/site-packages/airflow/example_dags/example_latest_only.py took 0.108 seconds
[2024-09-03T11:34:19.878+0000] {processor.py:186} INFO - Started process (PID=933) to work on /home/airflow/.local/lib/python3.12/site-packages/airflow/example_dags/example_latest_only.py
[2024-09-03T11:34:19.879+0000] {processor.py:914} INFO - Processing file /home/airflow/.local/lib/python3.12/site-packages/airflow/example_dags/example_latest_only.py for tasks to queue
[2024-09-03T11:34:19.882+0000] {logging_mixin.py:190} INFO - [2024-09-03T11:34:19.882+0000] {dagbag.py:587} INFO - Filling up the DagBag from /home/airflow/.local/lib/python3.12/site-packages/airflow/example_dags/example_latest_only.py
[2024-09-03T11:34:19.891+0000] {processor.py:925} INFO - DAG(s) 'latest_only' retrieved from /home/airflow/.local/lib/python3.12/site-packages/airflow/example_dags/example_latest_only.py
[2024-09-03T11:34:19.926+0000] {logging_mixin.py:190} INFO - [2024-09-03T11:34:19.925+0000] {dag.py:3211} INFO - Sync 1 DAGs
[2024-09-03T11:34:19.963+0000] {logging_mixin.py:190} INFO - [2024-09-03T11:34:19.962+0000] {dag.py:4138} INFO - Setting next_dagrun for latest_only to 2024-09-03 04:00:00+00:00, run_after=2024-09-03 08:00:00+00:00
[2024-09-03T11:34:19.997+0000] {processor.py:208} INFO - Processing /home/airflow/.local/lib/python3.12/site-packages/airflow/example_dags/example_latest_only.py took 0.124 seconds
[2024-09-03T11:34:50.103+0000] {processor.py:186} INFO - Started process (PID=996) to work on /home/airflow/.local/lib/python3.12/site-packages/airflow/example_dags/example_latest_only.py
[2024-09-03T11:34:50.105+0000] {processor.py:914} INFO - Processing file /home/airflow/.local/lib/python3.12/site-packages/airflow/example_dags/example_latest_only.py for tasks to queue
[2024-09-03T11:34:50.107+0000] {logging_mixin.py:190} INFO - [2024-09-03T11:34:50.107+0000] {dagbag.py:587} INFO - Filling up the DagBag from /home/airflow/.local/lib/python3.12/site-packages/airflow/example_dags/example_latest_only.py
[2024-09-03T11:34:50.115+0000] {processor.py:925} INFO - DAG(s) 'latest_only' retrieved from /home/airflow/.local/lib/python3.12/site-packages/airflow/example_dags/example_latest_only.py
[2024-09-03T11:34:50.140+0000] {logging_mixin.py:190} INFO - [2024-09-03T11:34:50.140+0000] {dag.py:3211} INFO - Sync 1 DAGs
[2024-09-03T11:34:50.164+0000] {logging_mixin.py:190} INFO - [2024-09-03T11:34:50.164+0000] {dag.py:4138} INFO - Setting next_dagrun for latest_only to 2024-09-03 04:00:00+00:00, run_after=2024-09-03 08:00:00+00:00
[2024-09-03T11:34:50.189+0000] {processor.py:208} INFO - Processing /home/airflow/.local/lib/python3.12/site-packages/airflow/example_dags/example_latest_only.py took 0.092 seconds
[2024-09-03T11:35:21.457+0000] {processor.py:186} INFO - Started process (PID=1059) to work on /home/airflow/.local/lib/python3.12/site-packages/airflow/example_dags/example_latest_only.py
[2024-09-03T11:35:21.459+0000] {processor.py:914} INFO - Processing file /home/airflow/.local/lib/python3.12/site-packages/airflow/example_dags/example_latest_only.py for tasks to queue
[2024-09-03T11:35:21.461+0000] {logging_mixin.py:190} INFO - [2024-09-03T11:35:21.461+0000] {dagbag.py:587} INFO - Filling up the DagBag from /home/airflow/.local/lib/python3.12/site-packages/airflow/example_dags/example_latest_only.py
[2024-09-03T11:35:21.468+0000] {processor.py:925} INFO - DAG(s) 'latest_only' retrieved from /home/airflow/.local/lib/python3.12/site-packages/airflow/example_dags/example_latest_only.py
[2024-09-03T11:35:21.490+0000] {logging_mixin.py:190} INFO - [2024-09-03T11:35:21.490+0000] {dag.py:3211} INFO - Sync 1 DAGs
[2024-09-03T11:35:21.515+0000] {logging_mixin.py:190} INFO - [2024-09-03T11:35:21.515+0000] {dag.py:4138} INFO - Setting next_dagrun for latest_only to 2024-09-03 04:00:00+00:00, run_after=2024-09-03 08:00:00+00:00
[2024-09-03T11:35:21.541+0000] {processor.py:208} INFO - Processing /home/airflow/.local/lib/python3.12/site-packages/airflow/example_dags/example_latest_only.py took 0.089 seconds
[2024-09-03T11:35:52.459+0000] {processor.py:186} INFO - Started process (PID=1122) to work on /home/airflow/.local/lib/python3.12/site-packages/airflow/example_dags/example_latest_only.py
[2024-09-03T11:35:52.460+0000] {processor.py:914} INFO - Processing file /home/airflow/.local/lib/python3.12/site-packages/airflow/example_dags/example_latest_only.py for tasks to queue
[2024-09-03T11:35:52.463+0000] {logging_mixin.py:190} INFO - [2024-09-03T11:35:52.463+0000] {dagbag.py:587} INFO - Filling up the DagBag from /home/airflow/.local/lib/python3.12/site-packages/airflow/example_dags/example_latest_only.py
[2024-09-03T11:35:52.470+0000] {processor.py:925} INFO - DAG(s) 'latest_only' retrieved from /home/airflow/.local/lib/python3.12/site-packages/airflow/example_dags/example_latest_only.py
[2024-09-03T11:35:52.495+0000] {logging_mixin.py:190} INFO - [2024-09-03T11:35:52.495+0000] {dag.py:3211} INFO - Sync 1 DAGs
[2024-09-03T11:35:52.520+0000] {logging_mixin.py:190} INFO - [2024-09-03T11:35:52.520+0000] {dag.py:4138} INFO - Setting next_dagrun for latest_only to 2024-09-03 04:00:00+00:00, run_after=2024-09-03 08:00:00+00:00
[2024-09-03T11:35:52.545+0000] {processor.py:208} INFO - Processing /home/airflow/.local/lib/python3.12/site-packages/airflow/example_dags/example_latest_only.py took 0.091 seconds
[2024-09-03T11:36:23.245+0000] {processor.py:186} INFO - Started process (PID=1185) to work on /home/airflow/.local/lib/python3.12/site-packages/airflow/example_dags/example_latest_only.py
[2024-09-03T11:36:23.246+0000] {processor.py:914} INFO - Processing file /home/airflow/.local/lib/python3.12/site-packages/airflow/example_dags/example_latest_only.py for tasks to queue
[2024-09-03T11:36:23.249+0000] {logging_mixin.py:190} INFO - [2024-09-03T11:36:23.249+0000] {dagbag.py:587} INFO - Filling up the DagBag from /home/airflow/.local/lib/python3.12/site-packages/airflow/example_dags/example_latest_only.py
[2024-09-03T11:36:23.265+0000] {processor.py:925} INFO - DAG(s) 'latest_only' retrieved from /home/airflow/.local/lib/python3.12/site-packages/airflow/example_dags/example_latest_only.py
[2024-09-03T11:36:23.294+0000] {logging_mixin.py:190} INFO - [2024-09-03T11:36:23.294+0000] {dag.py:3211} INFO - Sync 1 DAGs
[2024-09-03T11:36:23.323+0000] {logging_mixin.py:190} INFO - [2024-09-03T11:36:23.323+0000] {dag.py:4138} INFO - Setting next_dagrun for latest_only to 2024-09-03 04:00:00+00:00, run_after=2024-09-03 08:00:00+00:00
[2024-09-03T11:36:23.347+0000] {processor.py:208} INFO - Processing /home/airflow/.local/lib/python3.12/site-packages/airflow/example_dags/example_latest_only.py took 0.109 seconds
[2024-09-03T11:36:54.529+0000] {processor.py:186} INFO - Started process (PID=1248) to work on /home/airflow/.local/lib/python3.12/site-packages/airflow/example_dags/example_latest_only.py
[2024-09-03T11:36:54.531+0000] {processor.py:914} INFO - Processing file /home/airflow/.local/lib/python3.12/site-packages/airflow/example_dags/example_latest_only.py for tasks to queue
[2024-09-03T11:36:54.536+0000] {logging_mixin.py:190} INFO - [2024-09-03T11:36:54.535+0000] {dagbag.py:587} INFO - Filling up the DagBag from /home/airflow/.local/lib/python3.12/site-packages/airflow/example_dags/example_latest_only.py
[2024-09-03T11:36:54.545+0000] {processor.py:925} INFO - DAG(s) 'latest_only' retrieved from /home/airflow/.local/lib/python3.12/site-packages/airflow/example_dags/example_latest_only.py
[2024-09-03T11:36:54.579+0000] {logging_mixin.py:190} INFO - [2024-09-03T11:36:54.578+0000] {dag.py:3211} INFO - Sync 1 DAGs
[2024-09-03T11:36:54.615+0000] {logging_mixin.py:190} INFO - [2024-09-03T11:36:54.614+0000] {dag.py:4138} INFO - Setting next_dagrun for latest_only to 2024-09-03 04:00:00+00:00, run_after=2024-09-03 08:00:00+00:00
[2024-09-03T11:36:54.653+0000] {processor.py:208} INFO - Processing /home/airflow/.local/lib/python3.12/site-packages/airflow/example_dags/example_latest_only.py took 0.132 seconds
[2024-09-03T11:37:25.474+0000] {processor.py:186} INFO - Started process (PID=1311) to work on /home/airflow/.local/lib/python3.12/site-packages/airflow/example_dags/example_latest_only.py
[2024-09-03T11:37:25.476+0000] {processor.py:914} INFO - Processing file /home/airflow/.local/lib/python3.12/site-packages/airflow/example_dags/example_latest_only.py for tasks to queue
[2024-09-03T11:37:25.479+0000] {logging_mixin.py:190} INFO - [2024-09-03T11:37:25.479+0000] {dagbag.py:587} INFO - Filling up the DagBag from /home/airflow/.local/lib/python3.12/site-packages/airflow/example_dags/example_latest_only.py
[2024-09-03T11:37:25.490+0000] {processor.py:925} INFO - DAG(s) 'latest_only' retrieved from /home/airflow/.local/lib/python3.12/site-packages/airflow/example_dags/example_latest_only.py
[2024-09-03T11:37:25.523+0000] {logging_mixin.py:190} INFO - [2024-09-03T11:37:25.523+0000] {dag.py:3211} INFO - Sync 1 DAGs
[2024-09-03T11:37:25.560+0000] {logging_mixin.py:190} INFO - [2024-09-03T11:37:25.560+0000] {dag.py:4138} INFO - Setting next_dagrun for latest_only to 2024-09-03 04:00:00+00:00, run_after=2024-09-03 08:00:00+00:00
[2024-09-03T11:37:25.597+0000] {processor.py:208} INFO - Processing /home/airflow/.local/lib/python3.12/site-packages/airflow/example_dags/example_latest_only.py took 0.132 seconds
[2024-09-03T11:37:56.374+0000] {processor.py:186} INFO - Started process (PID=1374) to work on /home/airflow/.local/lib/python3.12/site-packages/airflow/example_dags/example_latest_only.py
[2024-09-03T11:37:56.376+0000] {processor.py:914} INFO - Processing file /home/airflow/.local/lib/python3.12/site-packages/airflow/example_dags/example_latest_only.py for tasks to queue
[2024-09-03T11:37:56.380+0000] {logging_mixin.py:190} INFO - [2024-09-03T11:37:56.379+0000] {dagbag.py:587} INFO - Filling up the DagBag from /home/airflow/.local/lib/python3.12/site-packages/airflow/example_dags/example_latest_only.py
[2024-09-03T11:37:56.391+0000] {processor.py:925} INFO - DAG(s) 'latest_only' retrieved from /home/airflow/.local/lib/python3.12/site-packages/airflow/example_dags/example_latest_only.py
[2024-09-03T11:37:56.419+0000] {logging_mixin.py:190} INFO - [2024-09-03T11:37:56.418+0000] {dag.py:3211} INFO - Sync 1 DAGs
[2024-09-03T11:37:56.456+0000] {logging_mixin.py:190} INFO - [2024-09-03T11:37:56.455+0000] {dag.py:4138} INFO - Setting next_dagrun for latest_only to 2024-09-03 04:00:00+00:00, run_after=2024-09-03 08:00:00+00:00
[2024-09-03T11:37:56.492+0000] {processor.py:208} INFO - Processing /home/airflow/.local/lib/python3.12/site-packages/airflow/example_dags/example_latest_only.py took 0.127 seconds
[2024-09-03T11:38:27.748+0000] {processor.py:186} INFO - Started process (PID=1437) to work on /home/airflow/.local/lib/python3.12/site-packages/airflow/example_dags/example_latest_only.py
[2024-09-03T11:38:27.750+0000] {processor.py:914} INFO - Processing file /home/airflow/.local/lib/python3.12/site-packages/airflow/example_dags/example_latest_only.py for tasks to queue
[2024-09-03T11:38:27.754+0000] {logging_mixin.py:190} INFO - [2024-09-03T11:38:27.753+0000] {dagbag.py:587} INFO - Filling up the DagBag from /home/airflow/.local/lib/python3.12/site-packages/airflow/example_dags/example_latest_only.py
[2024-09-03T11:38:27.766+0000] {processor.py:925} INFO - DAG(s) 'latest_only' retrieved from /home/airflow/.local/lib/python3.12/site-packages/airflow/example_dags/example_latest_only.py
[2024-09-03T11:38:27.804+0000] {logging_mixin.py:190} INFO - [2024-09-03T11:38:27.804+0000] {dag.py:3211} INFO - Sync 1 DAGs
[2024-09-03T11:38:27.851+0000] {logging_mixin.py:190} INFO - [2024-09-03T11:38:27.850+0000] {dag.py:4138} INFO - Setting next_dagrun for latest_only to 2024-09-03 04:00:00+00:00, run_after=2024-09-03 08:00:00+00:00
[2024-09-03T11:38:27.885+0000] {processor.py:208} INFO - Processing /home/airflow/.local/lib/python3.12/site-packages/airflow/example_dags/example_latest_only.py took 0.146 seconds
[2024-09-03T11:38:58.796+0000] {processor.py:186} INFO - Started process (PID=1500) to work on /home/airflow/.local/lib/python3.12/site-packages/airflow/example_dags/example_latest_only.py
[2024-09-03T11:38:58.798+0000] {processor.py:914} INFO - Processing file /home/airflow/.local/lib/python3.12/site-packages/airflow/example_dags/example_latest_only.py for tasks to queue
[2024-09-03T11:38:58.803+0000] {logging_mixin.py:190} INFO - [2024-09-03T11:38:58.802+0000] {dagbag.py:587} INFO - Filling up the DagBag from /home/airflow/.local/lib/python3.12/site-packages/airflow/example_dags/example_latest_only.py
[2024-09-03T11:38:58.815+0000] {processor.py:925} INFO - DAG(s) 'latest_only' retrieved from /home/airflow/.local/lib/python3.12/site-packages/airflow/example_dags/example_latest_only.py
[2024-09-03T11:38:58.859+0000] {logging_mixin.py:190} INFO - [2024-09-03T11:38:58.859+0000] {dag.py:3211} INFO - Sync 1 DAGs
[2024-09-03T11:38:58.912+0000] {logging_mixin.py:190} INFO - [2024-09-03T11:38:58.911+0000] {dag.py:4138} INFO - Setting next_dagrun for latest_only to 2024-09-03 04:00:00+00:00, run_after=2024-09-03 08:00:00+00:00
[2024-09-03T11:38:58.972+0000] {processor.py:208} INFO - Processing /home/airflow/.local/lib/python3.12/site-packages/airflow/example_dags/example_latest_only.py took 0.184 seconds
[2024-09-03T11:39:29.867+0000] {processor.py:186} INFO - Started process (PID=1563) to work on /home/airflow/.local/lib/python3.12/site-packages/airflow/example_dags/example_latest_only.py
[2024-09-03T11:39:29.869+0000] {processor.py:914} INFO - Processing file /home/airflow/.local/lib/python3.12/site-packages/airflow/example_dags/example_latest_only.py for tasks to queue
[2024-09-03T11:39:29.874+0000] {logging_mixin.py:190} INFO - [2024-09-03T11:39:29.873+0000] {dagbag.py:587} INFO - Filling up the DagBag from /home/airflow/.local/lib/python3.12/site-packages/airflow/example_dags/example_latest_only.py
[2024-09-03T11:39:29.886+0000] {processor.py:925} INFO - DAG(s) 'latest_only' retrieved from /home/airflow/.local/lib/python3.12/site-packages/airflow/example_dags/example_latest_only.py
[2024-09-03T11:39:29.926+0000] {logging_mixin.py:190} INFO - [2024-09-03T11:39:29.925+0000] {dag.py:3211} INFO - Sync 1 DAGs
[2024-09-03T11:39:29.974+0000] {logging_mixin.py:190} INFO - [2024-09-03T11:39:29.974+0000] {dag.py:4138} INFO - Setting next_dagrun for latest_only to 2024-09-03 04:00:00+00:00, run_after=2024-09-03 08:00:00+00:00
[2024-09-03T11:39:30.012+0000] {processor.py:208} INFO - Processing /home/airflow/.local/lib/python3.12/site-packages/airflow/example_dags/example_latest_only.py took 0.156 seconds
[2024-09-03T11:40:00.477+0000] {processor.py:186} INFO - Started process (PID=1626) to work on /home/airflow/.local/lib/python3.12/site-packages/airflow/example_dags/example_latest_only.py
[2024-09-03T11:40:00.478+0000] {processor.py:914} INFO - Processing file /home/airflow/.local/lib/python3.12/site-packages/airflow/example_dags/example_latest_only.py for tasks to queue
[2024-09-03T11:40:00.482+0000] {logging_mixin.py:190} INFO - [2024-09-03T11:40:00.481+0000] {dagbag.py:587} INFO - Filling up the DagBag from /home/airflow/.local/lib/python3.12/site-packages/airflow/example_dags/example_latest_only.py
[2024-09-03T11:40:00.493+0000] {processor.py:925} INFO - DAG(s) 'latest_only' retrieved from /home/airflow/.local/lib/python3.12/site-packages/airflow/example_dags/example_latest_only.py
[2024-09-03T11:40:00.522+0000] {logging_mixin.py:190} INFO - [2024-09-03T11:40:00.521+0000] {dag.py:3211} INFO - Sync 1 DAGs
[2024-09-03T11:40:00.560+0000] {logging_mixin.py:190} INFO - [2024-09-03T11:40:00.560+0000] {dag.py:4138} INFO - Setting next_dagrun for latest_only to 2024-09-03 04:00:00+00:00, run_after=2024-09-03 08:00:00+00:00
[2024-09-03T11:40:00.598+0000] {processor.py:208} INFO - Processing /home/airflow/.local/lib/python3.12/site-packages/airflow/example_dags/example_latest_only.py took 0.128 seconds
[2024-09-03T11:40:32.186+0000] {processor.py:186} INFO - Started process (PID=1696) to work on /home/airflow/.local/lib/python3.12/site-packages/airflow/example_dags/example_latest_only.py
[2024-09-03T11:40:32.188+0000] {processor.py:914} INFO - Processing file /home/airflow/.local/lib/python3.12/site-packages/airflow/example_dags/example_latest_only.py for tasks to queue
[2024-09-03T11:40:32.192+0000] {logging_mixin.py:190} INFO - [2024-09-03T11:40:32.191+0000] {dagbag.py:587} INFO - Filling up the DagBag from /home/airflow/.local/lib/python3.12/site-packages/airflow/example_dags/example_latest_only.py
[2024-09-03T11:40:32.204+0000] {processor.py:925} INFO - DAG(s) 'latest_only' retrieved from /home/airflow/.local/lib/python3.12/site-packages/airflow/example_dags/example_latest_only.py
[2024-09-03T11:40:32.241+0000] {logging_mixin.py:190} INFO - [2024-09-03T11:40:32.240+0000] {dag.py:3211} INFO - Sync 1 DAGs
[2024-09-03T11:40:32.289+0000] {logging_mixin.py:190} INFO - [2024-09-03T11:40:32.289+0000] {dag.py:4138} INFO - Setting next_dagrun for latest_only to 2024-09-03 04:00:00+00:00, run_after=2024-09-03 08:00:00+00:00
[2024-09-03T11:40:32.332+0000] {processor.py:208} INFO - Processing /home/airflow/.local/lib/python3.12/site-packages/airflow/example_dags/example_latest_only.py took 0.153 seconds
[2024-09-03T11:41:02.735+0000] {processor.py:186} INFO - Started process (PID=1758) to work on /home/airflow/.local/lib/python3.12/site-packages/airflow/example_dags/example_latest_only.py
[2024-09-03T11:41:02.737+0000] {processor.py:914} INFO - Processing file /home/airflow/.local/lib/python3.12/site-packages/airflow/example_dags/example_latest_only.py for tasks to queue
[2024-09-03T11:41:02.742+0000] {logging_mixin.py:190} INFO - [2024-09-03T11:41:02.742+0000] {dagbag.py:587} INFO - Filling up the DagBag from /home/airflow/.local/lib/python3.12/site-packages/airflow/example_dags/example_latest_only.py
[2024-09-03T11:41:02.756+0000] {processor.py:925} INFO - DAG(s) 'latest_only' retrieved from /home/airflow/.local/lib/python3.12/site-packages/airflow/example_dags/example_latest_only.py
[2024-09-03T11:41:02.794+0000] {logging_mixin.py:190} INFO - [2024-09-03T11:41:02.794+0000] {dag.py:3211} INFO - Sync 1 DAGs
[2024-09-03T11:41:02.835+0000] {logging_mixin.py:190} INFO - [2024-09-03T11:41:02.835+0000] {dag.py:4138} INFO - Setting next_dagrun for latest_only to 2024-09-03 04:00:00+00:00, run_after=2024-09-03 08:00:00+00:00
[2024-09-03T11:41:02.877+0000] {processor.py:208} INFO - Processing /home/airflow/.local/lib/python3.12/site-packages/airflow/example_dags/example_latest_only.py took 0.154 seconds
[2024-09-03T11:41:32.998+0000] {processor.py:186} INFO - Started process (PID=1820) to work on /home/airflow/.local/lib/python3.12/site-packages/airflow/example_dags/example_latest_only.py
[2024-09-03T11:41:33.000+0000] {processor.py:914} INFO - Processing file /home/airflow/.local/lib/python3.12/site-packages/airflow/example_dags/example_latest_only.py for tasks to queue
[2024-09-03T11:41:33.005+0000] {logging_mixin.py:190} INFO - [2024-09-03T11:41:33.004+0000] {dagbag.py:587} INFO - Filling up the DagBag from /home/airflow/.local/lib/python3.12/site-packages/airflow/example_dags/example_latest_only.py
[2024-09-03T11:41:33.018+0000] {processor.py:925} INFO - DAG(s) 'latest_only' retrieved from /home/airflow/.local/lib/python3.12/site-packages/airflow/example_dags/example_latest_only.py
[2024-09-03T11:41:33.056+0000] {logging_mixin.py:190} INFO - [2024-09-03T11:41:33.056+0000] {dag.py:3211} INFO - Sync 1 DAGs
[2024-09-03T11:41:33.098+0000] {logging_mixin.py:190} INFO - [2024-09-03T11:41:33.098+0000] {dag.py:4138} INFO - Setting next_dagrun for latest_only to 2024-09-03 04:00:00+00:00, run_after=2024-09-03 08:00:00+00:00
[2024-09-03T11:41:33.155+0000] {processor.py:208} INFO - Processing /home/airflow/.local/lib/python3.12/site-packages/airflow/example_dags/example_latest_only.py took 0.168 seconds
[2024-09-03T11:42:03.262+0000] {processor.py:186} INFO - Started process (PID=1883) to work on /home/airflow/.local/lib/python3.12/site-packages/airflow/example_dags/example_latest_only.py
[2024-09-03T11:42:03.264+0000] {processor.py:914} INFO - Processing file /home/airflow/.local/lib/python3.12/site-packages/airflow/example_dags/example_latest_only.py for tasks to queue
[2024-09-03T11:42:03.269+0000] {logging_mixin.py:190} INFO - [2024-09-03T11:42:03.269+0000] {dagbag.py:587} INFO - Filling up the DagBag from /home/airflow/.local/lib/python3.12/site-packages/airflow/example_dags/example_latest_only.py
[2024-09-03T11:42:03.281+0000] {processor.py:925} INFO - DAG(s) 'latest_only' retrieved from /home/airflow/.local/lib/python3.12/site-packages/airflow/example_dags/example_latest_only.py
[2024-09-03T11:42:03.346+0000] {logging_mixin.py:190} INFO - [2024-09-03T11:42:03.345+0000] {dag.py:3211} INFO - Sync 1 DAGs
[2024-09-03T11:42:03.412+0000] {logging_mixin.py:190} INFO - [2024-09-03T11:42:03.411+0000] {dag.py:4138} INFO - Setting next_dagrun for latest_only to 2024-09-03 04:00:00+00:00, run_after=2024-09-03 08:00:00+00:00
[2024-09-03T11:42:03.450+0000] {processor.py:208} INFO - Processing /home/airflow/.local/lib/python3.12/site-packages/airflow/example_dags/example_latest_only.py took 0.205 seconds
[2024-09-03T11:42:33.921+0000] {processor.py:186} INFO - Started process (PID=1946) to work on /home/airflow/.local/lib/python3.12/site-packages/airflow/example_dags/example_latest_only.py
[2024-09-03T11:42:33.923+0000] {processor.py:914} INFO - Processing file /home/airflow/.local/lib/python3.12/site-packages/airflow/example_dags/example_latest_only.py for tasks to queue
[2024-09-03T11:42:33.928+0000] {logging_mixin.py:190} INFO - [2024-09-03T11:42:33.927+0000] {dagbag.py:587} INFO - Filling up the DagBag from /home/airflow/.local/lib/python3.12/site-packages/airflow/example_dags/example_latest_only.py
[2024-09-03T11:42:33.937+0000] {processor.py:925} INFO - DAG(s) 'latest_only' retrieved from /home/airflow/.local/lib/python3.12/site-packages/airflow/example_dags/example_latest_only.py
[2024-09-03T11:42:33.969+0000] {logging_mixin.py:190} INFO - [2024-09-03T11:42:33.968+0000] {dag.py:3211} INFO - Sync 1 DAGs
[2024-09-03T11:42:34.009+0000] {logging_mixin.py:190} INFO - [2024-09-03T11:42:34.009+0000] {dag.py:4138} INFO - Setting next_dagrun for latest_only to 2024-09-03 04:00:00+00:00, run_after=2024-09-03 08:00:00+00:00
[2024-09-03T11:42:34.045+0000] {processor.py:208} INFO - Processing /home/airflow/.local/lib/python3.12/site-packages/airflow/example_dags/example_latest_only.py took 0.133 seconds
[2024-09-03T11:43:04.654+0000] {processor.py:186} INFO - Started process (PID=2009) to work on /home/airflow/.local/lib/python3.12/site-packages/airflow/example_dags/example_latest_only.py
[2024-09-03T11:43:04.656+0000] {processor.py:914} INFO - Processing file /home/airflow/.local/lib/python3.12/site-packages/airflow/example_dags/example_latest_only.py for tasks to queue
[2024-09-03T11:43:04.660+0000] {logging_mixin.py:190} INFO - [2024-09-03T11:43:04.659+0000] {dagbag.py:587} INFO - Filling up the DagBag from /home/airflow/.local/lib/python3.12/site-packages/airflow/example_dags/example_latest_only.py
[2024-09-03T11:43:04.670+0000] {processor.py:925} INFO - DAG(s) 'latest_only' retrieved from /home/airflow/.local/lib/python3.12/site-packages/airflow/example_dags/example_latest_only.py
[2024-09-03T11:43:04.701+0000] {logging_mixin.py:190} INFO - [2024-09-03T11:43:04.701+0000] {dag.py:3211} INFO - Sync 1 DAGs
[2024-09-03T11:43:04.742+0000] {logging_mixin.py:190} INFO - [2024-09-03T11:43:04.742+0000] {dag.py:4138} INFO - Setting next_dagrun for latest_only to 2024-09-03 04:00:00+00:00, run_after=2024-09-03 08:00:00+00:00
[2024-09-03T11:43:04.781+0000] {processor.py:208} INFO - Processing /home/airflow/.local/lib/python3.12/site-packages/airflow/example_dags/example_latest_only.py took 0.136 seconds
[2024-09-03T11:43:35.300+0000] {processor.py:186} INFO - Started process (PID=2072) to work on /home/airflow/.local/lib/python3.12/site-packages/airflow/example_dags/example_latest_only.py
[2024-09-03T11:43:35.303+0000] {processor.py:914} INFO - Processing file /home/airflow/.local/lib/python3.12/site-packages/airflow/example_dags/example_latest_only.py for tasks to queue
[2024-09-03T11:43:35.308+0000] {logging_mixin.py:190} INFO - [2024-09-03T11:43:35.307+0000] {dagbag.py:587} INFO - Filling up the DagBag from /home/airflow/.local/lib/python3.12/site-packages/airflow/example_dags/example_latest_only.py
[2024-09-03T11:43:35.324+0000] {processor.py:925} INFO - DAG(s) 'latest_only' retrieved from /home/airflow/.local/lib/python3.12/site-packages/airflow/example_dags/example_latest_only.py
[2024-09-03T11:43:35.369+0000] {logging_mixin.py:190} INFO - [2024-09-03T11:43:35.369+0000] {dag.py:3211} INFO - Sync 1 DAGs
[2024-09-03T11:43:35.432+0000] {logging_mixin.py:190} INFO - [2024-09-03T11:43:35.431+0000] {dag.py:4138} INFO - Setting next_dagrun for latest_only to 2024-09-03 04:00:00+00:00, run_after=2024-09-03 08:00:00+00:00
[2024-09-03T11:43:35.485+0000] {processor.py:208} INFO - Processing /home/airflow/.local/lib/python3.12/site-packages/airflow/example_dags/example_latest_only.py took 0.197 seconds
[2024-09-03T11:44:05.690+0000] {processor.py:186} INFO - Started process (PID=2135) to work on /home/airflow/.local/lib/python3.12/site-packages/airflow/example_dags/example_latest_only.py
[2024-09-03T11:44:05.691+0000] {processor.py:914} INFO - Processing file /home/airflow/.local/lib/python3.12/site-packages/airflow/example_dags/example_latest_only.py for tasks to queue
[2024-09-03T11:44:05.694+0000] {logging_mixin.py:190} INFO - [2024-09-03T11:44:05.694+0000] {dagbag.py:587} INFO - Filling up the DagBag from /home/airflow/.local/lib/python3.12/site-packages/airflow/example_dags/example_latest_only.py
[2024-09-03T11:44:05.702+0000] {processor.py:925} INFO - DAG(s) 'latest_only' retrieved from /home/airflow/.local/lib/python3.12/site-packages/airflow/example_dags/example_latest_only.py
[2024-09-03T11:44:05.727+0000] {logging_mixin.py:190} INFO - [2024-09-03T11:44:05.726+0000] {dag.py:3211} INFO - Sync 1 DAGs
[2024-09-03T11:44:05.751+0000] {logging_mixin.py:190} INFO - [2024-09-03T11:44:05.751+0000] {dag.py:4138} INFO - Setting next_dagrun for latest_only to 2024-09-03 04:00:00+00:00, run_after=2024-09-03 08:00:00+00:00
[2024-09-03T11:44:05.779+0000] {processor.py:208} INFO - Processing /home/airflow/.local/lib/python3.12/site-packages/airflow/example_dags/example_latest_only.py took 0.094 seconds
[2024-09-03T11:44:35.932+0000] {processor.py:186} INFO - Started process (PID=2198) to work on /home/airflow/.local/lib/python3.12/site-packages/airflow/example_dags/example_latest_only.py
[2024-09-03T11:44:35.934+0000] {processor.py:914} INFO - Processing file /home/airflow/.local/lib/python3.12/site-packages/airflow/example_dags/example_latest_only.py for tasks to queue
[2024-09-03T11:44:35.937+0000] {logging_mixin.py:190} INFO - [2024-09-03T11:44:35.936+0000] {dagbag.py:587} INFO - Filling up the DagBag from /home/airflow/.local/lib/python3.12/site-packages/airflow/example_dags/example_latest_only.py
[2024-09-03T11:44:35.944+0000] {processor.py:925} INFO - DAG(s) 'latest_only' retrieved from /home/airflow/.local/lib/python3.12/site-packages/airflow/example_dags/example_latest_only.py
[2024-09-03T11:44:35.967+0000] {logging_mixin.py:190} INFO - [2024-09-03T11:44:35.967+0000] {dag.py:3211} INFO - Sync 1 DAGs
[2024-09-03T11:44:35.994+0000] {logging_mixin.py:190} INFO - [2024-09-03T11:44:35.994+0000] {dag.py:4138} INFO - Setting next_dagrun for latest_only to 2024-09-03 04:00:00+00:00, run_after=2024-09-03 08:00:00+00:00
[2024-09-03T11:44:36.025+0000] {processor.py:208} INFO - Processing /home/airflow/.local/lib/python3.12/site-packages/airflow/example_dags/example_latest_only.py took 0.098 seconds
[2024-09-03T11:45:06.890+0000] {processor.py:186} INFO - Started process (PID=2261) to work on /home/airflow/.local/lib/python3.12/site-packages/airflow/example_dags/example_latest_only.py
[2024-09-03T11:45:06.892+0000] {processor.py:914} INFO - Processing file /home/airflow/.local/lib/python3.12/site-packages/airflow/example_dags/example_latest_only.py for tasks to queue
[2024-09-03T11:45:06.895+0000] {logging_mixin.py:190} INFO - [2024-09-03T11:45:06.894+0000] {dagbag.py:587} INFO - Filling up the DagBag from /home/airflow/.local/lib/python3.12/site-packages/airflow/example_dags/example_latest_only.py
[2024-09-03T11:45:06.902+0000] {processor.py:925} INFO - DAG(s) 'latest_only' retrieved from /home/airflow/.local/lib/python3.12/site-packages/airflow/example_dags/example_latest_only.py
[2024-09-03T11:45:06.925+0000] {logging_mixin.py:190} INFO - [2024-09-03T11:45:06.924+0000] {dag.py:3211} INFO - Sync 1 DAGs
[2024-09-03T11:45:06.955+0000] {logging_mixin.py:190} INFO - [2024-09-03T11:45:06.954+0000] {dag.py:4138} INFO - Setting next_dagrun for latest_only to 2024-09-03 04:00:00+00:00, run_after=2024-09-03 08:00:00+00:00
[2024-09-03T11:45:06.982+0000] {processor.py:208} INFO - Processing /home/airflow/.local/lib/python3.12/site-packages/airflow/example_dags/example_latest_only.py took 0.098 seconds
[2024-09-03T11:45:37.281+0000] {processor.py:186} INFO - Started process (PID=2324) to work on /home/airflow/.local/lib/python3.12/site-packages/airflow/example_dags/example_latest_only.py
[2024-09-03T11:45:37.282+0000] {processor.py:914} INFO - Processing file /home/airflow/.local/lib/python3.12/site-packages/airflow/example_dags/example_latest_only.py for tasks to queue
[2024-09-03T11:45:37.284+0000] {logging_mixin.py:190} INFO - [2024-09-03T11:45:37.284+0000] {dagbag.py:587} INFO - Filling up the DagBag from /home/airflow/.local/lib/python3.12/site-packages/airflow/example_dags/example_latest_only.py
[2024-09-03T11:45:37.291+0000] {processor.py:925} INFO - DAG(s) 'latest_only' retrieved from /home/airflow/.local/lib/python3.12/site-packages/airflow/example_dags/example_latest_only.py
[2024-09-03T11:45:37.314+0000] {logging_mixin.py:190} INFO - [2024-09-03T11:45:37.314+0000] {dag.py:3211} INFO - Sync 1 DAGs
[2024-09-03T11:45:37.339+0000] {logging_mixin.py:190} INFO - [2024-09-03T11:45:37.339+0000] {dag.py:4138} INFO - Setting next_dagrun for latest_only to 2024-09-03 04:00:00+00:00, run_after=2024-09-03 08:00:00+00:00
[2024-09-03T11:45:37.367+0000] {processor.py:208} INFO - Processing /home/airflow/.local/lib/python3.12/site-packages/airflow/example_dags/example_latest_only.py took 0.092 seconds
[2024-09-03T11:46:07.541+0000] {processor.py:186} INFO - Started process (PID=2387) to work on /home/airflow/.local/lib/python3.12/site-packages/airflow/example_dags/example_latest_only.py
[2024-09-03T11:46:07.542+0000] {processor.py:914} INFO - Processing file /home/airflow/.local/lib/python3.12/site-packages/airflow/example_dags/example_latest_only.py for tasks to queue
[2024-09-03T11:46:07.544+0000] {logging_mixin.py:190} INFO - [2024-09-03T11:46:07.544+0000] {dagbag.py:587} INFO - Filling up the DagBag from /home/airflow/.local/lib/python3.12/site-packages/airflow/example_dags/example_latest_only.py
[2024-09-03T11:46:07.554+0000] {processor.py:925} INFO - DAG(s) 'latest_only' retrieved from /home/airflow/.local/lib/python3.12/site-packages/airflow/example_dags/example_latest_only.py
[2024-09-03T11:46:07.577+0000] {logging_mixin.py:190} INFO - [2024-09-03T11:46:07.577+0000] {dag.py:3211} INFO - Sync 1 DAGs
[2024-09-03T11:46:07.604+0000] {logging_mixin.py:190} INFO - [2024-09-03T11:46:07.604+0000] {dag.py:4138} INFO - Setting next_dagrun for latest_only to 2024-09-03 04:00:00+00:00, run_after=2024-09-03 08:00:00+00:00
[2024-09-03T11:46:07.633+0000] {processor.py:208} INFO - Processing /home/airflow/.local/lib/python3.12/site-packages/airflow/example_dags/example_latest_only.py took 0.100 seconds
[2024-09-03T11:46:38.033+0000] {processor.py:186} INFO - Started process (PID=2451) to work on /home/airflow/.local/lib/python3.12/site-packages/airflow/example_dags/example_latest_only.py
[2024-09-03T11:46:38.035+0000] {processor.py:914} INFO - Processing file /home/airflow/.local/lib/python3.12/site-packages/airflow/example_dags/example_latest_only.py for tasks to queue
[2024-09-03T11:46:38.040+0000] {logging_mixin.py:190} INFO - [2024-09-03T11:46:38.037+0000] {dagbag.py:587} INFO - Filling up the DagBag from /home/airflow/.local/lib/python3.12/site-packages/airflow/example_dags/example_latest_only.py
[2024-09-03T11:46:38.058+0000] {processor.py:925} INFO - DAG(s) 'latest_only' retrieved from /home/airflow/.local/lib/python3.12/site-packages/airflow/example_dags/example_latest_only.py
[2024-09-03T11:46:38.093+0000] {logging_mixin.py:190} INFO - [2024-09-03T11:46:38.092+0000] {dag.py:3211} INFO - Sync 1 DAGs
[2024-09-03T11:46:38.142+0000] {logging_mixin.py:190} INFO - [2024-09-03T11:46:38.142+0000] {dag.py:4138} INFO - Setting next_dagrun for latest_only to 2024-09-03 04:00:00+00:00, run_after=2024-09-03 08:00:00+00:00
[2024-09-03T11:46:38.175+0000] {processor.py:208} INFO - Processing /home/airflow/.local/lib/python3.12/site-packages/airflow/example_dags/example_latest_only.py took 0.149 seconds
[2024-09-03T11:47:09.131+0000] {processor.py:186} INFO - Started process (PID=2514) to work on /home/airflow/.local/lib/python3.12/site-packages/airflow/example_dags/example_latest_only.py
[2024-09-03T11:47:09.134+0000] {processor.py:914} INFO - Processing file /home/airflow/.local/lib/python3.12/site-packages/airflow/example_dags/example_latest_only.py for tasks to queue
[2024-09-03T11:47:09.147+0000] {logging_mixin.py:190} INFO - [2024-09-03T11:47:09.146+0000] {dagbag.py:587} INFO - Filling up the DagBag from /home/airflow/.local/lib/python3.12/site-packages/airflow/example_dags/example_latest_only.py
[2024-09-03T11:47:09.194+0000] {processor.py:925} INFO - DAG(s) 'latest_only' retrieved from /home/airflow/.local/lib/python3.12/site-packages/airflow/example_dags/example_latest_only.py
[2024-09-03T11:47:09.296+0000] {logging_mixin.py:190} INFO - [2024-09-03T11:47:09.295+0000] {dag.py:3211} INFO - Sync 1 DAGs
[2024-09-03T11:47:09.385+0000] {logging_mixin.py:190} INFO - [2024-09-03T11:47:09.385+0000] {dag.py:4138} INFO - Setting next_dagrun for latest_only to 2024-09-03 04:00:00+00:00, run_after=2024-09-03 08:00:00+00:00
[2024-09-03T11:47:09.466+0000] {processor.py:208} INFO - Processing /home/airflow/.local/lib/python3.12/site-packages/airflow/example_dags/example_latest_only.py took 0.359 seconds
[2024-09-03T11:47:39.603+0000] {processor.py:186} INFO - Started process (PID=2577) to work on /home/airflow/.local/lib/python3.12/site-packages/airflow/example_dags/example_latest_only.py
[2024-09-03T11:47:39.605+0000] {processor.py:914} INFO - Processing file /home/airflow/.local/lib/python3.12/site-packages/airflow/example_dags/example_latest_only.py for tasks to queue
[2024-09-03T11:47:39.609+0000] {logging_mixin.py:190} INFO - [2024-09-03T11:47:39.608+0000] {dagbag.py:587} INFO - Filling up the DagBag from /home/airflow/.local/lib/python3.12/site-packages/airflow/example_dags/example_latest_only.py
[2024-09-03T11:47:39.625+0000] {processor.py:925} INFO - DAG(s) 'latest_only' retrieved from /home/airflow/.local/lib/python3.12/site-packages/airflow/example_dags/example_latest_only.py
[2024-09-03T11:47:39.681+0000] {logging_mixin.py:190} INFO - [2024-09-03T11:47:39.681+0000] {dag.py:3211} INFO - Sync 1 DAGs
[2024-09-03T11:47:39.750+0000] {logging_mixin.py:190} INFO - [2024-09-03T11:47:39.750+0000] {dag.py:4138} INFO - Setting next_dagrun for latest_only to 2024-09-03 04:00:00+00:00, run_after=2024-09-03 08:00:00+00:00
[2024-09-03T11:47:39.804+0000] {processor.py:208} INFO - Processing /home/airflow/.local/lib/python3.12/site-packages/airflow/example_dags/example_latest_only.py took 0.209 seconds
[2024-09-03T11:48:10.608+0000] {processor.py:186} INFO - Started process (PID=2640) to work on /home/airflow/.local/lib/python3.12/site-packages/airflow/example_dags/example_latest_only.py
[2024-09-03T11:48:10.610+0000] {processor.py:914} INFO - Processing file /home/airflow/.local/lib/python3.12/site-packages/airflow/example_dags/example_latest_only.py for tasks to queue
[2024-09-03T11:48:10.615+0000] {logging_mixin.py:190} INFO - [2024-09-03T11:48:10.614+0000] {dagbag.py:587} INFO - Filling up the DagBag from /home/airflow/.local/lib/python3.12/site-packages/airflow/example_dags/example_latest_only.py
[2024-09-03T11:48:10.630+0000] {processor.py:925} INFO - DAG(s) 'latest_only' retrieved from /home/airflow/.local/lib/python3.12/site-packages/airflow/example_dags/example_latest_only.py
[2024-09-03T11:48:10.681+0000] {logging_mixin.py:190} INFO - [2024-09-03T11:48:10.680+0000] {dag.py:3211} INFO - Sync 1 DAGs
[2024-09-03T11:48:10.749+0000] {logging_mixin.py:190} INFO - [2024-09-03T11:48:10.748+0000] {dag.py:4138} INFO - Setting next_dagrun for latest_only to 2024-09-03 04:00:00+00:00, run_after=2024-09-03 08:00:00+00:00
[2024-09-03T11:48:10.796+0000] {processor.py:208} INFO - Processing /home/airflow/.local/lib/python3.12/site-packages/airflow/example_dags/example_latest_only.py took 0.206 seconds
[2024-09-03T11:48:41.369+0000] {processor.py:186} INFO - Started process (PID=2703) to work on /home/airflow/.local/lib/python3.12/site-packages/airflow/example_dags/example_latest_only.py
[2024-09-03T11:48:41.371+0000] {processor.py:914} INFO - Processing file /home/airflow/.local/lib/python3.12/site-packages/airflow/example_dags/example_latest_only.py for tasks to queue
[2024-09-03T11:48:41.375+0000] {logging_mixin.py:190} INFO - [2024-09-03T11:48:41.374+0000] {dagbag.py:587} INFO - Filling up the DagBag from /home/airflow/.local/lib/python3.12/site-packages/airflow/example_dags/example_latest_only.py
[2024-09-03T11:48:41.388+0000] {processor.py:925} INFO - DAG(s) 'latest_only' retrieved from /home/airflow/.local/lib/python3.12/site-packages/airflow/example_dags/example_latest_only.py
[2024-09-03T11:48:41.422+0000] {logging_mixin.py:190} INFO - [2024-09-03T11:48:41.422+0000] {dag.py:3211} INFO - Sync 1 DAGs
[2024-09-03T11:48:41.463+0000] {logging_mixin.py:190} INFO - [2024-09-03T11:48:41.462+0000] {dag.py:4138} INFO - Setting next_dagrun for latest_only to 2024-09-03 04:00:00+00:00, run_after=2024-09-03 08:00:00+00:00
[2024-09-03T11:48:41.502+0000] {processor.py:208} INFO - Processing /home/airflow/.local/lib/python3.12/site-packages/airflow/example_dags/example_latest_only.py took 0.141 seconds
[2024-09-03T11:49:11.771+0000] {processor.py:186} INFO - Started process (PID=2766) to work on /home/airflow/.local/lib/python3.12/site-packages/airflow/example_dags/example_latest_only.py
[2024-09-03T11:49:11.773+0000] {processor.py:914} INFO - Processing file /home/airflow/.local/lib/python3.12/site-packages/airflow/example_dags/example_latest_only.py for tasks to queue
[2024-09-03T11:49:11.778+0000] {logging_mixin.py:190} INFO - [2024-09-03T11:49:11.778+0000] {dagbag.py:587} INFO - Filling up the DagBag from /home/airflow/.local/lib/python3.12/site-packages/airflow/example_dags/example_latest_only.py
[2024-09-03T11:49:11.793+0000] {processor.py:925} INFO - DAG(s) 'latest_only' retrieved from /home/airflow/.local/lib/python3.12/site-packages/airflow/example_dags/example_latest_only.py
[2024-09-03T11:49:11.834+0000] {logging_mixin.py:190} INFO - [2024-09-03T11:49:11.833+0000] {dag.py:3211} INFO - Sync 1 DAGs
[2024-09-03T11:49:11.868+0000] {logging_mixin.py:190} INFO - [2024-09-03T11:49:11.868+0000] {dag.py:4138} INFO - Setting next_dagrun for latest_only to 2024-09-03 04:00:00+00:00, run_after=2024-09-03 08:00:00+00:00
[2024-09-03T11:49:12.235+0000] {processor.py:208} INFO - Processing /home/airflow/.local/lib/python3.12/site-packages/airflow/example_dags/example_latest_only.py took 0.475 seconds
[2024-09-03T11:49:43.421+0000] {processor.py:186} INFO - Started process (PID=2829) to work on /home/airflow/.local/lib/python3.12/site-packages/airflow/example_dags/example_latest_only.py
[2024-09-03T11:49:43.423+0000] {processor.py:914} INFO - Processing file /home/airflow/.local/lib/python3.12/site-packages/airflow/example_dags/example_latest_only.py for tasks to queue
[2024-09-03T11:49:43.426+0000] {logging_mixin.py:190} INFO - [2024-09-03T11:49:43.426+0000] {dagbag.py:587} INFO - Filling up the DagBag from /home/airflow/.local/lib/python3.12/site-packages/airflow/example_dags/example_latest_only.py
[2024-09-03T11:49:43.436+0000] {processor.py:925} INFO - DAG(s) 'latest_only' retrieved from /home/airflow/.local/lib/python3.12/site-packages/airflow/example_dags/example_latest_only.py
[2024-09-03T11:49:43.465+0000] {logging_mixin.py:190} INFO - [2024-09-03T11:49:43.465+0000] {dag.py:3211} INFO - Sync 1 DAGs
[2024-09-03T11:49:43.746+0000] {logging_mixin.py:190} INFO - [2024-09-03T11:49:43.746+0000] {dag.py:4138} INFO - Setting next_dagrun for latest_only to 2024-09-03 04:00:00+00:00, run_after=2024-09-03 08:00:00+00:00
[2024-09-03T11:49:43.791+0000] {processor.py:208} INFO - Processing /home/airflow/.local/lib/python3.12/site-packages/airflow/example_dags/example_latest_only.py took 0.382 seconds
[2024-09-03T11:50:14.489+0000] {processor.py:186} INFO - Started process (PID=2892) to work on /home/airflow/.local/lib/python3.12/site-packages/airflow/example_dags/example_latest_only.py
[2024-09-03T11:50:14.492+0000] {processor.py:914} INFO - Processing file /home/airflow/.local/lib/python3.12/site-packages/airflow/example_dags/example_latest_only.py for tasks to queue
[2024-09-03T11:50:14.496+0000] {logging_mixin.py:190} INFO - [2024-09-03T11:50:14.496+0000] {dagbag.py:587} INFO - Filling up the DagBag from /home/airflow/.local/lib/python3.12/site-packages/airflow/example_dags/example_latest_only.py
[2024-09-03T11:50:14.515+0000] {processor.py:925} INFO - DAG(s) 'latest_only' retrieved from /home/airflow/.local/lib/python3.12/site-packages/airflow/example_dags/example_latest_only.py
[2024-09-03T11:50:14.568+0000] {logging_mixin.py:190} INFO - [2024-09-03T11:50:14.567+0000] {dag.py:3211} INFO - Sync 1 DAGs
[2024-09-03T11:50:14.984+0000] {logging_mixin.py:190} INFO - [2024-09-03T11:50:14.983+0000] {dag.py:4138} INFO - Setting next_dagrun for latest_only to 2024-09-03 04:00:00+00:00, run_after=2024-09-03 08:00:00+00:00
[2024-09-03T11:50:15.030+0000] {processor.py:208} INFO - Processing /home/airflow/.local/lib/python3.12/site-packages/airflow/example_dags/example_latest_only.py took 0.551 seconds
