[2024-09-03T11:27:34.805+0000] {processor.py:186} INFO - Started process (PID=99) to work on /home/airflow/.local/lib/python3.12/site-packages/airflow/example_dags/example_dataset_alias.py
[2024-09-03T11:27:34.806+0000] {processor.py:914} INFO - Processing file /home/airflow/.local/lib/python3.12/site-packages/airflow/example_dags/example_dataset_alias.py for tasks to queue
[2024-09-03T11:27:34.808+0000] {logging_mixin.py:190} INFO - [2024-09-03T11:27:34.808+0000] {dagbag.py:587} INFO - Filling up the DagBag from /home/airflow/.local/lib/python3.12/site-packages/airflow/example_dags/example_dataset_alias.py
[2024-09-03T11:27:34.985+0000] {processor.py:925} INFO - DAG(s) 'dataset_alias_example_alias_consumer', 'dataset_s3_bucket_consumer', 'dataset_alias_example_alias_producer', 'dataset_s3_bucket_producer' retrieved from /home/airflow/.local/lib/python3.12/site-packages/airflow/example_dags/example_dataset_alias.py
[2024-09-03T11:27:35.015+0000] {logging_mixin.py:190} INFO - [2024-09-03T11:27:35.014+0000] {dag.py:3211} INFO - Sync 4 DAGs
[2024-09-03T11:27:35.041+0000] {logging_mixin.py:190} INFO - [2024-09-03T11:27:35.041+0000] {dag.py:4138} INFO - Setting next_dagrun for dataset_alias_example_alias_consumer to None, run_after=None
[2024-09-03T11:27:35.046+0000] {logging_mixin.py:190} INFO - [2024-09-03T11:27:35.045+0000] {dag.py:4138} INFO - Setting next_dagrun for dataset_alias_example_alias_producer to None, run_after=None
[2024-09-03T11:27:35.048+0000] {logging_mixin.py:190} INFO - [2024-09-03T11:27:35.048+0000] {dag.py:4138} INFO - Setting next_dagrun for dataset_s3_bucket_consumer to None, run_after=None
[2024-09-03T11:27:35.051+0000] {logging_mixin.py:190} INFO - [2024-09-03T11:27:35.051+0000] {dag.py:4138} INFO - Setting next_dagrun for dataset_s3_bucket_producer to None, run_after=None
[2024-09-03T11:27:35.082+0000] {processor.py:208} INFO - Processing /home/airflow/.local/lib/python3.12/site-packages/airflow/example_dags/example_dataset_alias.py took 0.282 seconds
[2024-09-03T11:28:05.400+0000] {processor.py:186} INFO - Started process (PID=166) to work on /home/airflow/.local/lib/python3.12/site-packages/airflow/example_dags/example_dataset_alias.py
[2024-09-03T11:28:05.401+0000] {processor.py:914} INFO - Processing file /home/airflow/.local/lib/python3.12/site-packages/airflow/example_dags/example_dataset_alias.py for tasks to queue
[2024-09-03T11:28:05.403+0000] {logging_mixin.py:190} INFO - [2024-09-03T11:28:05.403+0000] {dagbag.py:587} INFO - Filling up the DagBag from /home/airflow/.local/lib/python3.12/site-packages/airflow/example_dags/example_dataset_alias.py
[2024-09-03T11:28:05.601+0000] {processor.py:925} INFO - DAG(s) 'dataset_s3_bucket_consumer', 'dataset_alias_example_alias_consumer', 'dataset_s3_bucket_producer', 'dataset_alias_example_alias_producer' retrieved from /home/airflow/.local/lib/python3.12/site-packages/airflow/example_dags/example_dataset_alias.py
[2024-09-03T11:28:05.632+0000] {logging_mixin.py:190} INFO - [2024-09-03T11:28:05.632+0000] {dag.py:3211} INFO - Sync 4 DAGs
[2024-09-03T11:28:05.658+0000] {logging_mixin.py:190} INFO - [2024-09-03T11:28:05.658+0000] {dag.py:4138} INFO - Setting next_dagrun for dataset_alias_example_alias_consumer to None, run_after=None
[2024-09-03T11:28:05.663+0000] {logging_mixin.py:190} INFO - [2024-09-03T11:28:05.663+0000] {dag.py:4138} INFO - Setting next_dagrun for dataset_alias_example_alias_producer to None, run_after=None
[2024-09-03T11:28:05.667+0000] {logging_mixin.py:190} INFO - [2024-09-03T11:28:05.666+0000] {dag.py:4138} INFO - Setting next_dagrun for dataset_s3_bucket_consumer to None, run_after=None
[2024-09-03T11:28:05.670+0000] {logging_mixin.py:190} INFO - [2024-09-03T11:28:05.670+0000] {dag.py:4138} INFO - Setting next_dagrun for dataset_s3_bucket_producer to None, run_after=None
[2024-09-03T11:28:05.707+0000] {processor.py:208} INFO - Processing /home/airflow/.local/lib/python3.12/site-packages/airflow/example_dags/example_dataset_alias.py took 0.313 seconds
[2024-09-03T11:28:35.963+0000] {processor.py:186} INFO - Started process (PID=233) to work on /home/airflow/.local/lib/python3.12/site-packages/airflow/example_dags/example_dataset_alias.py
[2024-09-03T11:28:35.965+0000] {processor.py:914} INFO - Processing file /home/airflow/.local/lib/python3.12/site-packages/airflow/example_dags/example_dataset_alias.py for tasks to queue
[2024-09-03T11:28:35.967+0000] {logging_mixin.py:190} INFO - [2024-09-03T11:28:35.967+0000] {dagbag.py:587} INFO - Filling up the DagBag from /home/airflow/.local/lib/python3.12/site-packages/airflow/example_dags/example_dataset_alias.py
[2024-09-03T11:28:36.121+0000] {processor.py:925} INFO - DAG(s) 'dataset_alias_example_alias_producer', 'dataset_s3_bucket_consumer', 'dataset_alias_example_alias_consumer', 'dataset_s3_bucket_producer' retrieved from /home/airflow/.local/lib/python3.12/site-packages/airflow/example_dags/example_dataset_alias.py
[2024-09-03T11:28:36.150+0000] {logging_mixin.py:190} INFO - [2024-09-03T11:28:36.150+0000] {dag.py:3211} INFO - Sync 4 DAGs
[2024-09-03T11:28:36.176+0000] {logging_mixin.py:190} INFO - [2024-09-03T11:28:36.175+0000] {dag.py:4138} INFO - Setting next_dagrun for dataset_alias_example_alias_consumer to None, run_after=None
[2024-09-03T11:28:36.179+0000] {logging_mixin.py:190} INFO - [2024-09-03T11:28:36.179+0000] {dag.py:4138} INFO - Setting next_dagrun for dataset_alias_example_alias_producer to None, run_after=None
[2024-09-03T11:28:36.181+0000] {logging_mixin.py:190} INFO - [2024-09-03T11:28:36.181+0000] {dag.py:4138} INFO - Setting next_dagrun for dataset_s3_bucket_consumer to None, run_after=None
[2024-09-03T11:28:36.183+0000] {logging_mixin.py:190} INFO - [2024-09-03T11:28:36.183+0000] {dag.py:4138} INFO - Setting next_dagrun for dataset_s3_bucket_producer to None, run_after=None
[2024-09-03T11:28:36.212+0000] {processor.py:208} INFO - Processing /home/airflow/.local/lib/python3.12/site-packages/airflow/example_dags/example_dataset_alias.py took 0.253 seconds
[2024-09-03T11:29:07.134+0000] {processor.py:186} INFO - Started process (PID=296) to work on /home/airflow/.local/lib/python3.12/site-packages/airflow/example_dags/example_dataset_alias.py
[2024-09-03T11:29:07.136+0000] {processor.py:914} INFO - Processing file /home/airflow/.local/lib/python3.12/site-packages/airflow/example_dags/example_dataset_alias.py for tasks to queue
[2024-09-03T11:29:07.141+0000] {logging_mixin.py:190} INFO - [2024-09-03T11:29:07.140+0000] {dagbag.py:587} INFO - Filling up the DagBag from /home/airflow/.local/lib/python3.12/site-packages/airflow/example_dags/example_dataset_alias.py
[2024-09-03T11:29:07.418+0000] {processor.py:925} INFO - DAG(s) 'dataset_s3_bucket_consumer', 'dataset_s3_bucket_producer', 'dataset_alias_example_alias_consumer', 'dataset_alias_example_alias_producer' retrieved from /home/airflow/.local/lib/python3.12/site-packages/airflow/example_dags/example_dataset_alias.py
[2024-09-03T11:29:07.459+0000] {logging_mixin.py:190} INFO - [2024-09-03T11:29:07.458+0000] {dag.py:3211} INFO - Sync 4 DAGs
[2024-09-03T11:29:07.505+0000] {logging_mixin.py:190} INFO - [2024-09-03T11:29:07.504+0000] {dag.py:4138} INFO - Setting next_dagrun for dataset_alias_example_alias_consumer to None, run_after=None
[2024-09-03T11:29:07.514+0000] {logging_mixin.py:190} INFO - [2024-09-03T11:29:07.513+0000] {dag.py:4138} INFO - Setting next_dagrun for dataset_alias_example_alias_producer to None, run_after=None
[2024-09-03T11:29:07.518+0000] {logging_mixin.py:190} INFO - [2024-09-03T11:29:07.518+0000] {dag.py:4138} INFO - Setting next_dagrun for dataset_s3_bucket_consumer to None, run_after=None
[2024-09-03T11:29:07.522+0000] {logging_mixin.py:190} INFO - [2024-09-03T11:29:07.521+0000] {dag.py:4138} INFO - Setting next_dagrun for dataset_s3_bucket_producer to None, run_after=None
[2024-09-03T11:29:07.563+0000] {processor.py:208} INFO - Processing /home/airflow/.local/lib/python3.12/site-packages/airflow/example_dags/example_dataset_alias.py took 0.438 seconds
[2024-09-03T11:29:38.475+0000] {processor.py:186} INFO - Started process (PID=359) to work on /home/airflow/.local/lib/python3.12/site-packages/airflow/example_dags/example_dataset_alias.py
[2024-09-03T11:29:38.477+0000] {processor.py:914} INFO - Processing file /home/airflow/.local/lib/python3.12/site-packages/airflow/example_dags/example_dataset_alias.py for tasks to queue
[2024-09-03T11:29:38.481+0000] {logging_mixin.py:190} INFO - [2024-09-03T11:29:38.481+0000] {dagbag.py:587} INFO - Filling up the DagBag from /home/airflow/.local/lib/python3.12/site-packages/airflow/example_dags/example_dataset_alias.py
[2024-09-03T11:29:38.779+0000] {processor.py:925} INFO - DAG(s) 'dataset_alias_example_alias_consumer', 'dataset_s3_bucket_producer', 'dataset_alias_example_alias_producer', 'dataset_s3_bucket_consumer' retrieved from /home/airflow/.local/lib/python3.12/site-packages/airflow/example_dags/example_dataset_alias.py
[2024-09-03T11:29:38.829+0000] {logging_mixin.py:190} INFO - [2024-09-03T11:29:38.828+0000] {dag.py:3211} INFO - Sync 4 DAGs
[2024-09-03T11:29:38.865+0000] {logging_mixin.py:190} INFO - [2024-09-03T11:29:38.865+0000] {dag.py:4138} INFO - Setting next_dagrun for dataset_alias_example_alias_consumer to None, run_after=None
[2024-09-03T11:29:38.872+0000] {logging_mixin.py:190} INFO - [2024-09-03T11:29:38.871+0000] {dag.py:4138} INFO - Setting next_dagrun for dataset_alias_example_alias_producer to None, run_after=None
[2024-09-03T11:29:38.879+0000] {logging_mixin.py:190} INFO - [2024-09-03T11:29:38.879+0000] {dag.py:4138} INFO - Setting next_dagrun for dataset_s3_bucket_consumer to None, run_after=None
[2024-09-03T11:29:38.884+0000] {logging_mixin.py:190} INFO - [2024-09-03T11:29:38.883+0000] {dag.py:4138} INFO - Setting next_dagrun for dataset_s3_bucket_producer to None, run_after=None
[2024-09-03T11:29:38.945+0000] {processor.py:208} INFO - Processing /home/airflow/.local/lib/python3.12/site-packages/airflow/example_dags/example_dataset_alias.py took 0.486 seconds
[2024-09-03T11:30:10.137+0000] {processor.py:186} INFO - Started process (PID=422) to work on /home/airflow/.local/lib/python3.12/site-packages/airflow/example_dags/example_dataset_alias.py
[2024-09-03T11:30:10.140+0000] {processor.py:914} INFO - Processing file /home/airflow/.local/lib/python3.12/site-packages/airflow/example_dags/example_dataset_alias.py for tasks to queue
[2024-09-03T11:30:10.145+0000] {logging_mixin.py:190} INFO - [2024-09-03T11:30:10.144+0000] {dagbag.py:587} INFO - Filling up the DagBag from /home/airflow/.local/lib/python3.12/site-packages/airflow/example_dags/example_dataset_alias.py
[2024-09-03T11:30:10.495+0000] {processor.py:925} INFO - DAG(s) 'dataset_alias_example_alias_producer', 'dataset_s3_bucket_producer', 'dataset_s3_bucket_consumer', 'dataset_alias_example_alias_consumer' retrieved from /home/airflow/.local/lib/python3.12/site-packages/airflow/example_dags/example_dataset_alias.py
[2024-09-03T11:30:10.541+0000] {logging_mixin.py:190} INFO - [2024-09-03T11:30:10.541+0000] {dag.py:3211} INFO - Sync 4 DAGs
[2024-09-03T11:30:10.583+0000] {logging_mixin.py:190} INFO - [2024-09-03T11:30:10.582+0000] {dag.py:4138} INFO - Setting next_dagrun for dataset_alias_example_alias_consumer to None, run_after=None
[2024-09-03T11:30:10.589+0000] {logging_mixin.py:190} INFO - [2024-09-03T11:30:10.588+0000] {dag.py:4138} INFO - Setting next_dagrun for dataset_alias_example_alias_producer to None, run_after=None
[2024-09-03T11:30:10.592+0000] {logging_mixin.py:190} INFO - [2024-09-03T11:30:10.592+0000] {dag.py:4138} INFO - Setting next_dagrun for dataset_s3_bucket_consumer to None, run_after=None
[2024-09-03T11:30:10.596+0000] {logging_mixin.py:190} INFO - [2024-09-03T11:30:10.595+0000] {dag.py:4138} INFO - Setting next_dagrun for dataset_s3_bucket_producer to None, run_after=None
[2024-09-03T11:30:10.660+0000] {processor.py:208} INFO - Processing /home/airflow/.local/lib/python3.12/site-packages/airflow/example_dags/example_dataset_alias.py took 0.539 seconds
[2024-09-03T11:30:41.166+0000] {processor.py:186} INFO - Started process (PID=485) to work on /home/airflow/.local/lib/python3.12/site-packages/airflow/example_dags/example_dataset_alias.py
[2024-09-03T11:30:41.168+0000] {processor.py:914} INFO - Processing file /home/airflow/.local/lib/python3.12/site-packages/airflow/example_dags/example_dataset_alias.py for tasks to queue
[2024-09-03T11:30:41.171+0000] {logging_mixin.py:190} INFO - [2024-09-03T11:30:41.171+0000] {dagbag.py:587} INFO - Filling up the DagBag from /home/airflow/.local/lib/python3.12/site-packages/airflow/example_dags/example_dataset_alias.py
[2024-09-03T11:30:41.461+0000] {processor.py:925} INFO - DAG(s) 'dataset_alias_example_alias_consumer', 'dataset_alias_example_alias_producer', 'dataset_s3_bucket_producer', 'dataset_s3_bucket_consumer' retrieved from /home/airflow/.local/lib/python3.12/site-packages/airflow/example_dags/example_dataset_alias.py
[2024-09-03T11:30:41.503+0000] {logging_mixin.py:190} INFO - [2024-09-03T11:30:41.502+0000] {dag.py:3211} INFO - Sync 4 DAGs
[2024-09-03T11:30:41.535+0000] {logging_mixin.py:190} INFO - [2024-09-03T11:30:41.535+0000] {dag.py:4138} INFO - Setting next_dagrun for dataset_alias_example_alias_consumer to None, run_after=None
[2024-09-03T11:30:41.541+0000] {logging_mixin.py:190} INFO - [2024-09-03T11:30:41.541+0000] {dag.py:4138} INFO - Setting next_dagrun for dataset_alias_example_alias_producer to None, run_after=None
[2024-09-03T11:30:41.544+0000] {logging_mixin.py:190} INFO - [2024-09-03T11:30:41.544+0000] {dag.py:4138} INFO - Setting next_dagrun for dataset_s3_bucket_consumer to None, run_after=None
[2024-09-03T11:30:41.548+0000] {logging_mixin.py:190} INFO - [2024-09-03T11:30:41.547+0000] {dag.py:4138} INFO - Setting next_dagrun for dataset_s3_bucket_producer to None, run_after=None
[2024-09-03T11:30:41.585+0000] {processor.py:208} INFO - Processing /home/airflow/.local/lib/python3.12/site-packages/airflow/example_dags/example_dataset_alias.py took 0.427 seconds
[2024-09-03T11:31:12.571+0000] {processor.py:186} INFO - Started process (PID=550) to work on /home/airflow/.local/lib/python3.12/site-packages/airflow/example_dags/example_dataset_alias.py
[2024-09-03T11:31:12.573+0000] {processor.py:914} INFO - Processing file /home/airflow/.local/lib/python3.12/site-packages/airflow/example_dags/example_dataset_alias.py for tasks to queue
[2024-09-03T11:31:12.577+0000] {logging_mixin.py:190} INFO - [2024-09-03T11:31:12.576+0000] {dagbag.py:587} INFO - Filling up the DagBag from /home/airflow/.local/lib/python3.12/site-packages/airflow/example_dags/example_dataset_alias.py
[2024-09-03T11:31:12.880+0000] {processor.py:925} INFO - DAG(s) 'dataset_s3_bucket_consumer', 'dataset_alias_example_alias_consumer', 'dataset_s3_bucket_producer', 'dataset_alias_example_alias_producer' retrieved from /home/airflow/.local/lib/python3.12/site-packages/airflow/example_dags/example_dataset_alias.py
[2024-09-03T11:31:12.915+0000] {logging_mixin.py:190} INFO - [2024-09-03T11:31:12.915+0000] {dag.py:3211} INFO - Sync 4 DAGs
[2024-09-03T11:31:12.954+0000] {logging_mixin.py:190} INFO - [2024-09-03T11:31:12.953+0000] {dag.py:4138} INFO - Setting next_dagrun for dataset_alias_example_alias_consumer to None, run_after=None
[2024-09-03T11:31:12.960+0000] {logging_mixin.py:190} INFO - [2024-09-03T11:31:12.959+0000] {dag.py:4138} INFO - Setting next_dagrun for dataset_alias_example_alias_producer to None, run_after=None
[2024-09-03T11:31:12.963+0000] {logging_mixin.py:190} INFO - [2024-09-03T11:31:12.963+0000] {dag.py:4138} INFO - Setting next_dagrun for dataset_s3_bucket_consumer to None, run_after=None
[2024-09-03T11:31:12.967+0000] {logging_mixin.py:190} INFO - [2024-09-03T11:31:12.967+0000] {dag.py:4138} INFO - Setting next_dagrun for dataset_s3_bucket_producer to None, run_after=None
[2024-09-03T11:31:13.017+0000] {processor.py:208} INFO - Processing /home/airflow/.local/lib/python3.12/site-packages/airflow/example_dags/example_dataset_alias.py took 0.453 seconds
[2024-09-03T11:31:43.987+0000] {processor.py:186} INFO - Started process (PID=613) to work on /home/airflow/.local/lib/python3.12/site-packages/airflow/example_dags/example_dataset_alias.py
[2024-09-03T11:31:43.989+0000] {processor.py:914} INFO - Processing file /home/airflow/.local/lib/python3.12/site-packages/airflow/example_dags/example_dataset_alias.py for tasks to queue
[2024-09-03T11:31:43.992+0000] {logging_mixin.py:190} INFO - [2024-09-03T11:31:43.991+0000] {dagbag.py:587} INFO - Filling up the DagBag from /home/airflow/.local/lib/python3.12/site-packages/airflow/example_dags/example_dataset_alias.py
[2024-09-03T11:31:44.132+0000] {processor.py:925} INFO - DAG(s) 'dataset_alias_example_alias_producer', 'dataset_alias_example_alias_consumer', 'dataset_s3_bucket_producer', 'dataset_s3_bucket_consumer' retrieved from /home/airflow/.local/lib/python3.12/site-packages/airflow/example_dags/example_dataset_alias.py
[2024-09-03T11:31:44.157+0000] {logging_mixin.py:190} INFO - [2024-09-03T11:31:44.157+0000] {dag.py:3211} INFO - Sync 4 DAGs
[2024-09-03T11:31:44.183+0000] {logging_mixin.py:190} INFO - [2024-09-03T11:31:44.183+0000] {dag.py:4138} INFO - Setting next_dagrun for dataset_alias_example_alias_consumer to None, run_after=None
[2024-09-03T11:31:44.187+0000] {logging_mixin.py:190} INFO - [2024-09-03T11:31:44.186+0000] {dag.py:4138} INFO - Setting next_dagrun for dataset_alias_example_alias_producer to None, run_after=None
[2024-09-03T11:31:44.189+0000] {logging_mixin.py:190} INFO - [2024-09-03T11:31:44.189+0000] {dag.py:4138} INFO - Setting next_dagrun for dataset_s3_bucket_consumer to None, run_after=None
[2024-09-03T11:31:44.192+0000] {logging_mixin.py:190} INFO - [2024-09-03T11:31:44.192+0000] {dag.py:4138} INFO - Setting next_dagrun for dataset_s3_bucket_producer to None, run_after=None
[2024-09-03T11:31:44.233+0000] {processor.py:208} INFO - Processing /home/airflow/.local/lib/python3.12/site-packages/airflow/example_dags/example_dataset_alias.py took 0.251 seconds
[2024-09-03T11:32:14.608+0000] {processor.py:186} INFO - Started process (PID=676) to work on /home/airflow/.local/lib/python3.12/site-packages/airflow/example_dags/example_dataset_alias.py
[2024-09-03T11:32:14.609+0000] {processor.py:914} INFO - Processing file /home/airflow/.local/lib/python3.12/site-packages/airflow/example_dags/example_dataset_alias.py for tasks to queue
[2024-09-03T11:32:14.613+0000] {logging_mixin.py:190} INFO - [2024-09-03T11:32:14.612+0000] {dagbag.py:587} INFO - Filling up the DagBag from /home/airflow/.local/lib/python3.12/site-packages/airflow/example_dags/example_dataset_alias.py
[2024-09-03T11:32:15.076+0000] {processor.py:925} INFO - DAG(s) 'dataset_alias_example_alias_producer', 'dataset_s3_bucket_consumer', 'dataset_s3_bucket_producer', 'dataset_alias_example_alias_consumer' retrieved from /home/airflow/.local/lib/python3.12/site-packages/airflow/example_dags/example_dataset_alias.py
[2024-09-03T11:32:15.112+0000] {logging_mixin.py:190} INFO - [2024-09-03T11:32:15.111+0000] {dag.py:3211} INFO - Sync 4 DAGs
[2024-09-03T11:32:15.142+0000] {logging_mixin.py:190} INFO - [2024-09-03T11:32:15.142+0000] {dag.py:4138} INFO - Setting next_dagrun for dataset_alias_example_alias_consumer to None, run_after=None
[2024-09-03T11:32:15.146+0000] {logging_mixin.py:190} INFO - [2024-09-03T11:32:15.146+0000] {dag.py:4138} INFO - Setting next_dagrun for dataset_alias_example_alias_producer to None, run_after=None
[2024-09-03T11:32:15.148+0000] {logging_mixin.py:190} INFO - [2024-09-03T11:32:15.148+0000] {dag.py:4138} INFO - Setting next_dagrun for dataset_s3_bucket_consumer to None, run_after=None
[2024-09-03T11:32:15.151+0000] {logging_mixin.py:190} INFO - [2024-09-03T11:32:15.150+0000] {dag.py:4138} INFO - Setting next_dagrun for dataset_s3_bucket_producer to None, run_after=None
[2024-09-03T11:32:15.185+0000] {processor.py:208} INFO - Processing /home/airflow/.local/lib/python3.12/site-packages/airflow/example_dags/example_dataset_alias.py took 0.587 seconds
[2024-09-03T11:32:45.927+0000] {processor.py:186} INFO - Started process (PID=739) to work on /home/airflow/.local/lib/python3.12/site-packages/airflow/example_dags/example_dataset_alias.py
[2024-09-03T11:32:45.929+0000] {processor.py:914} INFO - Processing file /home/airflow/.local/lib/python3.12/site-packages/airflow/example_dags/example_dataset_alias.py for tasks to queue
[2024-09-03T11:32:45.932+0000] {logging_mixin.py:190} INFO - [2024-09-03T11:32:45.932+0000] {dagbag.py:587} INFO - Filling up the DagBag from /home/airflow/.local/lib/python3.12/site-packages/airflow/example_dags/example_dataset_alias.py
[2024-09-03T11:32:46.194+0000] {processor.py:925} INFO - DAG(s) 'dataset_s3_bucket_producer', 'dataset_s3_bucket_consumer', 'dataset_alias_example_alias_consumer', 'dataset_alias_example_alias_producer' retrieved from /home/airflow/.local/lib/python3.12/site-packages/airflow/example_dags/example_dataset_alias.py
[2024-09-03T11:32:46.236+0000] {logging_mixin.py:190} INFO - [2024-09-03T11:32:46.235+0000] {dag.py:3211} INFO - Sync 4 DAGs
[2024-09-03T11:32:46.280+0000] {logging_mixin.py:190} INFO - [2024-09-03T11:32:46.279+0000] {dag.py:4138} INFO - Setting next_dagrun for dataset_alias_example_alias_consumer to None, run_after=None
[2024-09-03T11:32:46.284+0000] {logging_mixin.py:190} INFO - [2024-09-03T11:32:46.284+0000] {dag.py:4138} INFO - Setting next_dagrun for dataset_alias_example_alias_producer to None, run_after=None
[2024-09-03T11:32:46.289+0000] {logging_mixin.py:190} INFO - [2024-09-03T11:32:46.287+0000] {dag.py:4138} INFO - Setting next_dagrun for dataset_s3_bucket_consumer to None, run_after=None
[2024-09-03T11:32:46.293+0000] {logging_mixin.py:190} INFO - [2024-09-03T11:32:46.293+0000] {dag.py:4138} INFO - Setting next_dagrun for dataset_s3_bucket_producer to None, run_after=None
[2024-09-03T11:32:46.337+0000] {processor.py:208} INFO - Processing /home/airflow/.local/lib/python3.12/site-packages/airflow/example_dags/example_dataset_alias.py took 0.415 seconds
[2024-09-03T11:33:16.564+0000] {processor.py:186} INFO - Started process (PID=802) to work on /home/airflow/.local/lib/python3.12/site-packages/airflow/example_dags/example_dataset_alias.py
[2024-09-03T11:33:16.565+0000] {processor.py:914} INFO - Processing file /home/airflow/.local/lib/python3.12/site-packages/airflow/example_dags/example_dataset_alias.py for tasks to queue
[2024-09-03T11:33:16.569+0000] {logging_mixin.py:190} INFO - [2024-09-03T11:33:16.568+0000] {dagbag.py:587} INFO - Filling up the DagBag from /home/airflow/.local/lib/python3.12/site-packages/airflow/example_dags/example_dataset_alias.py
[2024-09-03T11:33:16.734+0000] {processor.py:925} INFO - DAG(s) 'dataset_s3_bucket_producer', 'dataset_s3_bucket_consumer', 'dataset_alias_example_alias_consumer', 'dataset_alias_example_alias_producer' retrieved from /home/airflow/.local/lib/python3.12/site-packages/airflow/example_dags/example_dataset_alias.py
[2024-09-03T11:33:16.763+0000] {logging_mixin.py:190} INFO - [2024-09-03T11:33:16.763+0000] {dag.py:3211} INFO - Sync 4 DAGs
[2024-09-03T11:33:16.787+0000] {logging_mixin.py:190} INFO - [2024-09-03T11:33:16.787+0000] {dag.py:4138} INFO - Setting next_dagrun for dataset_alias_example_alias_consumer to None, run_after=None
[2024-09-03T11:33:16.791+0000] {logging_mixin.py:190} INFO - [2024-09-03T11:33:16.790+0000] {dag.py:4138} INFO - Setting next_dagrun for dataset_alias_example_alias_producer to None, run_after=None
[2024-09-03T11:33:16.793+0000] {logging_mixin.py:190} INFO - [2024-09-03T11:33:16.793+0000] {dag.py:4138} INFO - Setting next_dagrun for dataset_s3_bucket_consumer to None, run_after=None
[2024-09-03T11:33:16.796+0000] {logging_mixin.py:190} INFO - [2024-09-03T11:33:16.795+0000] {dag.py:4138} INFO - Setting next_dagrun for dataset_s3_bucket_producer to None, run_after=None
[2024-09-03T11:33:16.837+0000] {processor.py:208} INFO - Processing /home/airflow/.local/lib/python3.12/site-packages/airflow/example_dags/example_dataset_alias.py took 0.280 seconds
[2024-09-03T11:33:47.790+0000] {processor.py:186} INFO - Started process (PID=865) to work on /home/airflow/.local/lib/python3.12/site-packages/airflow/example_dags/example_dataset_alias.py
[2024-09-03T11:33:47.792+0000] {processor.py:914} INFO - Processing file /home/airflow/.local/lib/python3.12/site-packages/airflow/example_dags/example_dataset_alias.py for tasks to queue
[2024-09-03T11:33:47.795+0000] {logging_mixin.py:190} INFO - [2024-09-03T11:33:47.795+0000] {dagbag.py:587} INFO - Filling up the DagBag from /home/airflow/.local/lib/python3.12/site-packages/airflow/example_dags/example_dataset_alias.py
[2024-09-03T11:33:47.971+0000] {processor.py:925} INFO - DAG(s) 'dataset_alias_example_alias_consumer', 'dataset_alias_example_alias_producer', 'dataset_s3_bucket_consumer', 'dataset_s3_bucket_producer' retrieved from /home/airflow/.local/lib/python3.12/site-packages/airflow/example_dags/example_dataset_alias.py
[2024-09-03T11:33:48.010+0000] {logging_mixin.py:190} INFO - [2024-09-03T11:33:48.009+0000] {dag.py:3211} INFO - Sync 4 DAGs
[2024-09-03T11:33:48.049+0000] {logging_mixin.py:190} INFO - [2024-09-03T11:33:48.048+0000] {dag.py:4138} INFO - Setting next_dagrun for dataset_alias_example_alias_consumer to None, run_after=None
[2024-09-03T11:33:48.054+0000] {logging_mixin.py:190} INFO - [2024-09-03T11:33:48.053+0000] {dag.py:4138} INFO - Setting next_dagrun for dataset_alias_example_alias_producer to None, run_after=None
[2024-09-03T11:33:48.057+0000] {logging_mixin.py:190} INFO - [2024-09-03T11:33:48.057+0000] {dag.py:4138} INFO - Setting next_dagrun for dataset_s3_bucket_consumer to None, run_after=None
[2024-09-03T11:33:48.061+0000] {logging_mixin.py:190} INFO - [2024-09-03T11:33:48.060+0000] {dag.py:4138} INFO - Setting next_dagrun for dataset_s3_bucket_producer to None, run_after=None
[2024-09-03T11:33:48.106+0000] {processor.py:208} INFO - Processing /home/airflow/.local/lib/python3.12/site-packages/airflow/example_dags/example_dataset_alias.py took 0.323 seconds
[2024-09-03T11:34:18.512+0000] {processor.py:186} INFO - Started process (PID=928) to work on /home/airflow/.local/lib/python3.12/site-packages/airflow/example_dags/example_dataset_alias.py
[2024-09-03T11:34:18.514+0000] {processor.py:914} INFO - Processing file /home/airflow/.local/lib/python3.12/site-packages/airflow/example_dags/example_dataset_alias.py for tasks to queue
[2024-09-03T11:34:18.518+0000] {logging_mixin.py:190} INFO - [2024-09-03T11:34:18.517+0000] {dagbag.py:587} INFO - Filling up the DagBag from /home/airflow/.local/lib/python3.12/site-packages/airflow/example_dags/example_dataset_alias.py
[2024-09-03T11:34:18.826+0000] {processor.py:925} INFO - DAG(s) 'dataset_alias_example_alias_consumer', 'dataset_s3_bucket_consumer', 'dataset_alias_example_alias_producer', 'dataset_s3_bucket_producer' retrieved from /home/airflow/.local/lib/python3.12/site-packages/airflow/example_dags/example_dataset_alias.py
[2024-09-03T11:34:18.906+0000] {logging_mixin.py:190} INFO - [2024-09-03T11:34:18.905+0000] {dag.py:3211} INFO - Sync 4 DAGs
[2024-09-03T11:34:19.067+0000] {logging_mixin.py:190} INFO - [2024-09-03T11:34:19.067+0000] {dag.py:4138} INFO - Setting next_dagrun for dataset_alias_example_alias_consumer to None, run_after=None
[2024-09-03T11:34:19.108+0000] {logging_mixin.py:190} INFO - [2024-09-03T11:34:19.107+0000] {dag.py:4138} INFO - Setting next_dagrun for dataset_alias_example_alias_producer to None, run_after=None
[2024-09-03T11:34:19.117+0000] {logging_mixin.py:190} INFO - [2024-09-03T11:34:19.116+0000] {dag.py:4138} INFO - Setting next_dagrun for dataset_s3_bucket_consumer to None, run_after=None
[2024-09-03T11:34:19.121+0000] {logging_mixin.py:190} INFO - [2024-09-03T11:34:19.121+0000] {dag.py:4138} INFO - Setting next_dagrun for dataset_s3_bucket_producer to None, run_after=None
[2024-09-03T11:34:19.201+0000] {processor.py:208} INFO - Processing /home/airflow/.local/lib/python3.12/site-packages/airflow/example_dags/example_dataset_alias.py took 0.700 seconds
[2024-09-03T11:34:49.621+0000] {processor.py:186} INFO - Started process (PID=991) to work on /home/airflow/.local/lib/python3.12/site-packages/airflow/example_dags/example_dataset_alias.py
[2024-09-03T11:34:49.622+0000] {processor.py:914} INFO - Processing file /home/airflow/.local/lib/python3.12/site-packages/airflow/example_dags/example_dataset_alias.py for tasks to queue
[2024-09-03T11:34:49.626+0000] {logging_mixin.py:190} INFO - [2024-09-03T11:34:49.625+0000] {dagbag.py:587} INFO - Filling up the DagBag from /home/airflow/.local/lib/python3.12/site-packages/airflow/example_dags/example_dataset_alias.py
[2024-09-03T11:34:49.780+0000] {processor.py:925} INFO - DAG(s) 'dataset_s3_bucket_consumer', 'dataset_s3_bucket_producer', 'dataset_alias_example_alias_producer', 'dataset_alias_example_alias_consumer' retrieved from /home/airflow/.local/lib/python3.12/site-packages/airflow/example_dags/example_dataset_alias.py
[2024-09-03T11:34:49.807+0000] {logging_mixin.py:190} INFO - [2024-09-03T11:34:49.806+0000] {dag.py:3211} INFO - Sync 4 DAGs
[2024-09-03T11:34:49.831+0000] {logging_mixin.py:190} INFO - [2024-09-03T11:34:49.831+0000] {dag.py:4138} INFO - Setting next_dagrun for dataset_alias_example_alias_consumer to None, run_after=None
[2024-09-03T11:34:49.834+0000] {logging_mixin.py:190} INFO - [2024-09-03T11:34:49.834+0000] {dag.py:4138} INFO - Setting next_dagrun for dataset_alias_example_alias_producer to None, run_after=None
[2024-09-03T11:34:49.837+0000] {logging_mixin.py:190} INFO - [2024-09-03T11:34:49.837+0000] {dag.py:4138} INFO - Setting next_dagrun for dataset_s3_bucket_consumer to None, run_after=None
[2024-09-03T11:34:49.839+0000] {logging_mixin.py:190} INFO - [2024-09-03T11:34:49.839+0000] {dag.py:4138} INFO - Setting next_dagrun for dataset_s3_bucket_producer to None, run_after=None
[2024-09-03T11:34:49.867+0000] {processor.py:208} INFO - Processing /home/airflow/.local/lib/python3.12/site-packages/airflow/example_dags/example_dataset_alias.py took 0.253 seconds
[2024-09-03T11:35:20.854+0000] {processor.py:186} INFO - Started process (PID=1054) to work on /home/airflow/.local/lib/python3.12/site-packages/airflow/example_dags/example_dataset_alias.py
[2024-09-03T11:35:20.856+0000] {processor.py:914} INFO - Processing file /home/airflow/.local/lib/python3.12/site-packages/airflow/example_dags/example_dataset_alias.py for tasks to queue
[2024-09-03T11:35:20.860+0000] {logging_mixin.py:190} INFO - [2024-09-03T11:35:20.859+0000] {dagbag.py:587} INFO - Filling up the DagBag from /home/airflow/.local/lib/python3.12/site-packages/airflow/example_dags/example_dataset_alias.py
[2024-09-03T11:35:21.074+0000] {processor.py:925} INFO - DAG(s) 'dataset_s3_bucket_consumer', 'dataset_alias_example_alias_consumer', 'dataset_s3_bucket_producer', 'dataset_alias_example_alias_producer' retrieved from /home/airflow/.local/lib/python3.12/site-packages/airflow/example_dags/example_dataset_alias.py
[2024-09-03T11:35:21.107+0000] {logging_mixin.py:190} INFO - [2024-09-03T11:35:21.106+0000] {dag.py:3211} INFO - Sync 4 DAGs
[2024-09-03T11:35:21.135+0000] {logging_mixin.py:190} INFO - [2024-09-03T11:35:21.135+0000] {dag.py:4138} INFO - Setting next_dagrun for dataset_alias_example_alias_consumer to None, run_after=None
[2024-09-03T11:35:21.140+0000] {logging_mixin.py:190} INFO - [2024-09-03T11:35:21.140+0000] {dag.py:4138} INFO - Setting next_dagrun for dataset_alias_example_alias_producer to None, run_after=None
[2024-09-03T11:35:21.143+0000] {logging_mixin.py:190} INFO - [2024-09-03T11:35:21.143+0000] {dag.py:4138} INFO - Setting next_dagrun for dataset_s3_bucket_consumer to None, run_after=None
[2024-09-03T11:35:21.145+0000] {logging_mixin.py:190} INFO - [2024-09-03T11:35:21.145+0000] {dag.py:4138} INFO - Setting next_dagrun for dataset_s3_bucket_producer to None, run_after=None
[2024-09-03T11:35:21.179+0000] {processor.py:208} INFO - Processing /home/airflow/.local/lib/python3.12/site-packages/airflow/example_dags/example_dataset_alias.py took 0.332 seconds
[2024-09-03T11:35:52.001+0000] {processor.py:186} INFO - Started process (PID=1117) to work on /home/airflow/.local/lib/python3.12/site-packages/airflow/example_dags/example_dataset_alias.py
[2024-09-03T11:35:52.003+0000] {processor.py:914} INFO - Processing file /home/airflow/.local/lib/python3.12/site-packages/airflow/example_dags/example_dataset_alias.py for tasks to queue
[2024-09-03T11:35:52.007+0000] {logging_mixin.py:190} INFO - [2024-09-03T11:35:52.006+0000] {dagbag.py:587} INFO - Filling up the DagBag from /home/airflow/.local/lib/python3.12/site-packages/airflow/example_dags/example_dataset_alias.py
[2024-09-03T11:35:52.157+0000] {processor.py:925} INFO - DAG(s) 'dataset_s3_bucket_producer', 'dataset_s3_bucket_consumer', 'dataset_alias_example_alias_producer', 'dataset_alias_example_alias_consumer' retrieved from /home/airflow/.local/lib/python3.12/site-packages/airflow/example_dags/example_dataset_alias.py
[2024-09-03T11:35:52.185+0000] {logging_mixin.py:190} INFO - [2024-09-03T11:35:52.184+0000] {dag.py:3211} INFO - Sync 4 DAGs
[2024-09-03T11:35:52.210+0000] {logging_mixin.py:190} INFO - [2024-09-03T11:35:52.209+0000] {dag.py:4138} INFO - Setting next_dagrun for dataset_alias_example_alias_consumer to None, run_after=None
[2024-09-03T11:35:52.213+0000] {logging_mixin.py:190} INFO - [2024-09-03T11:35:52.213+0000] {dag.py:4138} INFO - Setting next_dagrun for dataset_alias_example_alias_producer to None, run_after=None
[2024-09-03T11:35:52.215+0000] {logging_mixin.py:190} INFO - [2024-09-03T11:35:52.215+0000] {dag.py:4138} INFO - Setting next_dagrun for dataset_s3_bucket_consumer to None, run_after=None
[2024-09-03T11:35:52.217+0000] {logging_mixin.py:190} INFO - [2024-09-03T11:35:52.217+0000] {dag.py:4138} INFO - Setting next_dagrun for dataset_s3_bucket_producer to None, run_after=None
[2024-09-03T11:35:52.256+0000] {processor.py:208} INFO - Processing /home/airflow/.local/lib/python3.12/site-packages/airflow/example_dags/example_dataset_alias.py took 0.260 seconds
[2024-09-03T11:36:22.740+0000] {processor.py:186} INFO - Started process (PID=1180) to work on /home/airflow/.local/lib/python3.12/site-packages/airflow/example_dags/example_dataset_alias.py
[2024-09-03T11:36:22.742+0000] {processor.py:914} INFO - Processing file /home/airflow/.local/lib/python3.12/site-packages/airflow/example_dags/example_dataset_alias.py for tasks to queue
[2024-09-03T11:36:22.746+0000] {logging_mixin.py:190} INFO - [2024-09-03T11:36:22.745+0000] {dagbag.py:587} INFO - Filling up the DagBag from /home/airflow/.local/lib/python3.12/site-packages/airflow/example_dags/example_dataset_alias.py
[2024-09-03T11:36:22.929+0000] {processor.py:925} INFO - DAG(s) 'dataset_alias_example_alias_producer', 'dataset_alias_example_alias_consumer', 'dataset_s3_bucket_consumer', 'dataset_s3_bucket_producer' retrieved from /home/airflow/.local/lib/python3.12/site-packages/airflow/example_dags/example_dataset_alias.py
[2024-09-03T11:36:22.957+0000] {logging_mixin.py:190} INFO - [2024-09-03T11:36:22.957+0000] {dag.py:3211} INFO - Sync 4 DAGs
[2024-09-03T11:36:22.984+0000] {logging_mixin.py:190} INFO - [2024-09-03T11:36:22.984+0000] {dag.py:4138} INFO - Setting next_dagrun for dataset_alias_example_alias_consumer to None, run_after=None
[2024-09-03T11:36:22.988+0000] {logging_mixin.py:190} INFO - [2024-09-03T11:36:22.987+0000] {dag.py:4138} INFO - Setting next_dagrun for dataset_alias_example_alias_producer to None, run_after=None
[2024-09-03T11:36:22.990+0000] {logging_mixin.py:190} INFO - [2024-09-03T11:36:22.990+0000] {dag.py:4138} INFO - Setting next_dagrun for dataset_s3_bucket_consumer to None, run_after=None
[2024-09-03T11:36:22.993+0000] {logging_mixin.py:190} INFO - [2024-09-03T11:36:22.992+0000] {dag.py:4138} INFO - Setting next_dagrun for dataset_s3_bucket_producer to None, run_after=None
[2024-09-03T11:36:23.033+0000] {processor.py:208} INFO - Processing /home/airflow/.local/lib/python3.12/site-packages/airflow/example_dags/example_dataset_alias.py took 0.298 seconds
[2024-09-03T11:36:53.831+0000] {processor.py:186} INFO - Started process (PID=1243) to work on /home/airflow/.local/lib/python3.12/site-packages/airflow/example_dags/example_dataset_alias.py
[2024-09-03T11:36:53.833+0000] {processor.py:914} INFO - Processing file /home/airflow/.local/lib/python3.12/site-packages/airflow/example_dags/example_dataset_alias.py for tasks to queue
[2024-09-03T11:36:53.837+0000] {logging_mixin.py:190} INFO - [2024-09-03T11:36:53.836+0000] {dagbag.py:587} INFO - Filling up the DagBag from /home/airflow/.local/lib/python3.12/site-packages/airflow/example_dags/example_dataset_alias.py
[2024-09-03T11:36:54.090+0000] {processor.py:925} INFO - DAG(s) 'dataset_s3_bucket_producer', 'dataset_alias_example_alias_consumer', 'dataset_alias_example_alias_producer', 'dataset_s3_bucket_consumer' retrieved from /home/airflow/.local/lib/python3.12/site-packages/airflow/example_dags/example_dataset_alias.py
[2024-09-03T11:36:54.131+0000] {logging_mixin.py:190} INFO - [2024-09-03T11:36:54.131+0000] {dag.py:3211} INFO - Sync 4 DAGs
[2024-09-03T11:36:54.164+0000] {logging_mixin.py:190} INFO - [2024-09-03T11:36:54.163+0000] {dag.py:4138} INFO - Setting next_dagrun for dataset_alias_example_alias_consumer to None, run_after=None
[2024-09-03T11:36:54.169+0000] {logging_mixin.py:190} INFO - [2024-09-03T11:36:54.169+0000] {dag.py:4138} INFO - Setting next_dagrun for dataset_alias_example_alias_producer to None, run_after=None
[2024-09-03T11:36:54.173+0000] {logging_mixin.py:190} INFO - [2024-09-03T11:36:54.172+0000] {dag.py:4138} INFO - Setting next_dagrun for dataset_s3_bucket_consumer to None, run_after=None
[2024-09-03T11:36:54.176+0000] {logging_mixin.py:190} INFO - [2024-09-03T11:36:54.176+0000] {dag.py:4138} INFO - Setting next_dagrun for dataset_s3_bucket_producer to None, run_after=None
[2024-09-03T11:36:54.216+0000] {processor.py:208} INFO - Processing /home/airflow/.local/lib/python3.12/site-packages/airflow/example_dags/example_dataset_alias.py took 0.394 seconds
[2024-09-03T11:37:24.671+0000] {processor.py:186} INFO - Started process (PID=1306) to work on /home/airflow/.local/lib/python3.12/site-packages/airflow/example_dags/example_dataset_alias.py
[2024-09-03T11:37:24.673+0000] {processor.py:914} INFO - Processing file /home/airflow/.local/lib/python3.12/site-packages/airflow/example_dags/example_dataset_alias.py for tasks to queue
[2024-09-03T11:37:24.677+0000] {logging_mixin.py:190} INFO - [2024-09-03T11:37:24.677+0000] {dagbag.py:587} INFO - Filling up the DagBag from /home/airflow/.local/lib/python3.12/site-packages/airflow/example_dags/example_dataset_alias.py
[2024-09-03T11:37:24.927+0000] {processor.py:925} INFO - DAG(s) 'dataset_s3_bucket_consumer', 'dataset_alias_example_alias_consumer', 'dataset_s3_bucket_producer', 'dataset_alias_example_alias_producer' retrieved from /home/airflow/.local/lib/python3.12/site-packages/airflow/example_dags/example_dataset_alias.py
[2024-09-03T11:37:24.973+0000] {logging_mixin.py:190} INFO - [2024-09-03T11:37:24.972+0000] {dag.py:3211} INFO - Sync 4 DAGs
[2024-09-03T11:37:25.029+0000] {logging_mixin.py:190} INFO - [2024-09-03T11:37:25.028+0000] {dag.py:4138} INFO - Setting next_dagrun for dataset_alias_example_alias_consumer to None, run_after=None
[2024-09-03T11:37:25.040+0000] {logging_mixin.py:190} INFO - [2024-09-03T11:37:25.039+0000] {dag.py:4138} INFO - Setting next_dagrun for dataset_alias_example_alias_producer to None, run_after=None
[2024-09-03T11:37:25.044+0000] {logging_mixin.py:190} INFO - [2024-09-03T11:37:25.043+0000] {dag.py:4138} INFO - Setting next_dagrun for dataset_s3_bucket_consumer to None, run_after=None
[2024-09-03T11:37:25.051+0000] {logging_mixin.py:190} INFO - [2024-09-03T11:37:25.050+0000] {dag.py:4138} INFO - Setting next_dagrun for dataset_s3_bucket_producer to None, run_after=None
[2024-09-03T11:37:25.122+0000] {processor.py:208} INFO - Processing /home/airflow/.local/lib/python3.12/site-packages/airflow/example_dags/example_dataset_alias.py took 0.462 seconds
[2024-09-03T11:37:55.706+0000] {processor.py:186} INFO - Started process (PID=1369) to work on /home/airflow/.local/lib/python3.12/site-packages/airflow/example_dags/example_dataset_alias.py
[2024-09-03T11:37:55.707+0000] {processor.py:914} INFO - Processing file /home/airflow/.local/lib/python3.12/site-packages/airflow/example_dags/example_dataset_alias.py for tasks to queue
[2024-09-03T11:37:55.711+0000] {logging_mixin.py:190} INFO - [2024-09-03T11:37:55.710+0000] {dagbag.py:587} INFO - Filling up the DagBag from /home/airflow/.local/lib/python3.12/site-packages/airflow/example_dags/example_dataset_alias.py
[2024-09-03T11:37:55.955+0000] {processor.py:925} INFO - DAG(s) 'dataset_s3_bucket_consumer', 'dataset_alias_example_alias_producer', 'dataset_alias_example_alias_consumer', 'dataset_s3_bucket_producer' retrieved from /home/airflow/.local/lib/python3.12/site-packages/airflow/example_dags/example_dataset_alias.py
[2024-09-03T11:37:55.994+0000] {logging_mixin.py:190} INFO - [2024-09-03T11:37:55.993+0000] {dag.py:3211} INFO - Sync 4 DAGs
[2024-09-03T11:37:56.029+0000] {logging_mixin.py:190} INFO - [2024-09-03T11:37:56.029+0000] {dag.py:4138} INFO - Setting next_dagrun for dataset_alias_example_alias_consumer to None, run_after=None
[2024-09-03T11:37:56.035+0000] {logging_mixin.py:190} INFO - [2024-09-03T11:37:56.035+0000] {dag.py:4138} INFO - Setting next_dagrun for dataset_alias_example_alias_producer to None, run_after=None
[2024-09-03T11:37:56.039+0000] {logging_mixin.py:190} INFO - [2024-09-03T11:37:56.039+0000] {dag.py:4138} INFO - Setting next_dagrun for dataset_s3_bucket_consumer to None, run_after=None
[2024-09-03T11:37:56.043+0000] {logging_mixin.py:190} INFO - [2024-09-03T11:37:56.042+0000] {dag.py:4138} INFO - Setting next_dagrun for dataset_s3_bucket_producer to None, run_after=None
[2024-09-03T11:37:56.093+0000] {processor.py:208} INFO - Processing /home/airflow/.local/lib/python3.12/site-packages/airflow/example_dags/example_dataset_alias.py took 0.395 seconds
[2024-09-03T11:38:26.880+0000] {processor.py:186} INFO - Started process (PID=1432) to work on /home/airflow/.local/lib/python3.12/site-packages/airflow/example_dags/example_dataset_alias.py
[2024-09-03T11:38:26.882+0000] {processor.py:914} INFO - Processing file /home/airflow/.local/lib/python3.12/site-packages/airflow/example_dags/example_dataset_alias.py for tasks to queue
[2024-09-03T11:38:26.887+0000] {logging_mixin.py:190} INFO - [2024-09-03T11:38:26.886+0000] {dagbag.py:587} INFO - Filling up the DagBag from /home/airflow/.local/lib/python3.12/site-packages/airflow/example_dags/example_dataset_alias.py
[2024-09-03T11:38:27.186+0000] {processor.py:925} INFO - DAG(s) 'dataset_s3_bucket_consumer', 'dataset_alias_example_alias_consumer', 'dataset_alias_example_alias_producer', 'dataset_s3_bucket_producer' retrieved from /home/airflow/.local/lib/python3.12/site-packages/airflow/example_dags/example_dataset_alias.py
[2024-09-03T11:38:27.237+0000] {logging_mixin.py:190} INFO - [2024-09-03T11:38:27.235+0000] {dag.py:3211} INFO - Sync 4 DAGs
[2024-09-03T11:38:27.289+0000] {logging_mixin.py:190} INFO - [2024-09-03T11:38:27.289+0000] {dag.py:4138} INFO - Setting next_dagrun for dataset_alias_example_alias_consumer to None, run_after=None
[2024-09-03T11:38:27.295+0000] {logging_mixin.py:190} INFO - [2024-09-03T11:38:27.294+0000] {dag.py:4138} INFO - Setting next_dagrun for dataset_alias_example_alias_producer to None, run_after=None
[2024-09-03T11:38:27.299+0000] {logging_mixin.py:190} INFO - [2024-09-03T11:38:27.298+0000] {dag.py:4138} INFO - Setting next_dagrun for dataset_s3_bucket_consumer to None, run_after=None
[2024-09-03T11:38:27.303+0000] {logging_mixin.py:190} INFO - [2024-09-03T11:38:27.302+0000] {dag.py:4138} INFO - Setting next_dagrun for dataset_s3_bucket_producer to None, run_after=None
[2024-09-03T11:38:27.350+0000] {processor.py:208} INFO - Processing /home/airflow/.local/lib/python3.12/site-packages/airflow/example_dags/example_dataset_alias.py took 0.479 seconds
[2024-09-03T11:38:57.903+0000] {processor.py:186} INFO - Started process (PID=1495) to work on /home/airflow/.local/lib/python3.12/site-packages/airflow/example_dags/example_dataset_alias.py
[2024-09-03T11:38:57.905+0000] {processor.py:914} INFO - Processing file /home/airflow/.local/lib/python3.12/site-packages/airflow/example_dags/example_dataset_alias.py for tasks to queue
[2024-09-03T11:38:57.909+0000] {logging_mixin.py:190} INFO - [2024-09-03T11:38:57.908+0000] {dagbag.py:587} INFO - Filling up the DagBag from /home/airflow/.local/lib/python3.12/site-packages/airflow/example_dags/example_dataset_alias.py
[2024-09-03T11:38:58.199+0000] {processor.py:925} INFO - DAG(s) 'dataset_alias_example_alias_consumer', 'dataset_s3_bucket_producer', 'dataset_s3_bucket_consumer', 'dataset_alias_example_alias_producer' retrieved from /home/airflow/.local/lib/python3.12/site-packages/airflow/example_dags/example_dataset_alias.py
[2024-09-03T11:38:58.241+0000] {logging_mixin.py:190} INFO - [2024-09-03T11:38:58.240+0000] {dag.py:3211} INFO - Sync 4 DAGs
[2024-09-03T11:38:58.285+0000] {logging_mixin.py:190} INFO - [2024-09-03T11:38:58.285+0000] {dag.py:4138} INFO - Setting next_dagrun for dataset_alias_example_alias_consumer to None, run_after=None
[2024-09-03T11:38:58.290+0000] {logging_mixin.py:190} INFO - [2024-09-03T11:38:58.290+0000] {dag.py:4138} INFO - Setting next_dagrun for dataset_alias_example_alias_producer to None, run_after=None
[2024-09-03T11:38:58.294+0000] {logging_mixin.py:190} INFO - [2024-09-03T11:38:58.293+0000] {dag.py:4138} INFO - Setting next_dagrun for dataset_s3_bucket_consumer to None, run_after=None
[2024-09-03T11:38:58.297+0000] {logging_mixin.py:190} INFO - [2024-09-03T11:38:58.296+0000] {dag.py:4138} INFO - Setting next_dagrun for dataset_s3_bucket_producer to None, run_after=None
[2024-09-03T11:38:58.346+0000] {processor.py:208} INFO - Processing /home/airflow/.local/lib/python3.12/site-packages/airflow/example_dags/example_dataset_alias.py took 0.453 seconds
[2024-09-03T11:39:28.628+0000] {processor.py:186} INFO - Started process (PID=1558) to work on /home/airflow/.local/lib/python3.12/site-packages/airflow/example_dags/example_dataset_alias.py
[2024-09-03T11:39:28.630+0000] {processor.py:914} INFO - Processing file /home/airflow/.local/lib/python3.12/site-packages/airflow/example_dags/example_dataset_alias.py for tasks to queue
[2024-09-03T11:39:28.635+0000] {logging_mixin.py:190} INFO - [2024-09-03T11:39:28.634+0000] {dagbag.py:587} INFO - Filling up the DagBag from /home/airflow/.local/lib/python3.12/site-packages/airflow/example_dags/example_dataset_alias.py
[2024-09-03T11:39:29.154+0000] {processor.py:925} INFO - DAG(s) 'dataset_s3_bucket_consumer', 'dataset_alias_example_alias_producer', 'dataset_alias_example_alias_consumer', 'dataset_s3_bucket_producer' retrieved from /home/airflow/.local/lib/python3.12/site-packages/airflow/example_dags/example_dataset_alias.py
[2024-09-03T11:39:29.241+0000] {logging_mixin.py:190} INFO - [2024-09-03T11:39:29.240+0000] {dag.py:3211} INFO - Sync 4 DAGs
[2024-09-03T11:39:29.316+0000] {logging_mixin.py:190} INFO - [2024-09-03T11:39:29.315+0000] {dag.py:4138} INFO - Setting next_dagrun for dataset_alias_example_alias_consumer to None, run_after=None
[2024-09-03T11:39:29.329+0000] {logging_mixin.py:190} INFO - [2024-09-03T11:39:29.328+0000] {dag.py:4138} INFO - Setting next_dagrun for dataset_alias_example_alias_producer to None, run_after=None
[2024-09-03T11:39:29.342+0000] {logging_mixin.py:190} INFO - [2024-09-03T11:39:29.341+0000] {dag.py:4138} INFO - Setting next_dagrun for dataset_s3_bucket_consumer to None, run_after=None
[2024-09-03T11:39:29.346+0000] {logging_mixin.py:190} INFO - [2024-09-03T11:39:29.346+0000] {dag.py:4138} INFO - Setting next_dagrun for dataset_s3_bucket_producer to None, run_after=None
[2024-09-03T11:39:29.449+0000] {processor.py:208} INFO - Processing /home/airflow/.local/lib/python3.12/site-packages/airflow/example_dags/example_dataset_alias.py took 0.841 seconds
[2024-09-03T11:39:59.664+0000] {processor.py:186} INFO - Started process (PID=1621) to work on /home/airflow/.local/lib/python3.12/site-packages/airflow/example_dags/example_dataset_alias.py
[2024-09-03T11:39:59.666+0000] {processor.py:914} INFO - Processing file /home/airflow/.local/lib/python3.12/site-packages/airflow/example_dags/example_dataset_alias.py for tasks to queue
[2024-09-03T11:39:59.669+0000] {logging_mixin.py:190} INFO - [2024-09-03T11:39:59.669+0000] {dagbag.py:587} INFO - Filling up the DagBag from /home/airflow/.local/lib/python3.12/site-packages/airflow/example_dags/example_dataset_alias.py
[2024-09-03T11:39:59.885+0000] {processor.py:925} INFO - DAG(s) 'dataset_alias_example_alias_producer', 'dataset_s3_bucket_consumer', 'dataset_alias_example_alias_consumer', 'dataset_s3_bucket_producer' retrieved from /home/airflow/.local/lib/python3.12/site-packages/airflow/example_dags/example_dataset_alias.py
[2024-09-03T11:39:59.928+0000] {logging_mixin.py:190} INFO - [2024-09-03T11:39:59.928+0000] {dag.py:3211} INFO - Sync 4 DAGs
[2024-09-03T11:39:59.960+0000] {logging_mixin.py:190} INFO - [2024-09-03T11:39:59.960+0000] {dag.py:4138} INFO - Setting next_dagrun for dataset_alias_example_alias_consumer to None, run_after=None
[2024-09-03T11:39:59.965+0000] {logging_mixin.py:190} INFO - [2024-09-03T11:39:59.965+0000] {dag.py:4138} INFO - Setting next_dagrun for dataset_alias_example_alias_producer to None, run_after=None
[2024-09-03T11:39:59.969+0000] {logging_mixin.py:190} INFO - [2024-09-03T11:39:59.968+0000] {dag.py:4138} INFO - Setting next_dagrun for dataset_s3_bucket_consumer to None, run_after=None
[2024-09-03T11:39:59.972+0000] {logging_mixin.py:190} INFO - [2024-09-03T11:39:59.972+0000] {dag.py:4138} INFO - Setting next_dagrun for dataset_s3_bucket_producer to None, run_after=None
[2024-09-03T11:40:00.015+0000] {processor.py:208} INFO - Processing /home/airflow/.local/lib/python3.12/site-packages/airflow/example_dags/example_dataset_alias.py took 0.357 seconds
[2024-09-03T11:40:31.051+0000] {processor.py:186} INFO - Started process (PID=1684) to work on /home/airflow/.local/lib/python3.12/site-packages/airflow/example_dags/example_dataset_alias.py
[2024-09-03T11:40:31.052+0000] {processor.py:914} INFO - Processing file /home/airflow/.local/lib/python3.12/site-packages/airflow/example_dags/example_dataset_alias.py for tasks to queue
[2024-09-03T11:40:31.056+0000] {logging_mixin.py:190} INFO - [2024-09-03T11:40:31.056+0000] {dagbag.py:587} INFO - Filling up the DagBag from /home/airflow/.local/lib/python3.12/site-packages/airflow/example_dags/example_dataset_alias.py
[2024-09-03T11:40:31.292+0000] {processor.py:925} INFO - DAG(s) 'dataset_s3_bucket_producer', 'dataset_s3_bucket_consumer', 'dataset_alias_example_alias_consumer', 'dataset_alias_example_alias_producer' retrieved from /home/airflow/.local/lib/python3.12/site-packages/airflow/example_dags/example_dataset_alias.py
[2024-09-03T11:40:31.336+0000] {logging_mixin.py:190} INFO - [2024-09-03T11:40:31.335+0000] {dag.py:3211} INFO - Sync 4 DAGs
[2024-09-03T11:40:33.107+0000] {logging_mixin.py:190} INFO - [2024-09-03T11:40:33.107+0000] {dag.py:4138} INFO - Setting next_dagrun for dataset_alias_example_alias_consumer to None, run_after=None
[2024-09-03T11:40:33.113+0000] {logging_mixin.py:190} INFO - [2024-09-03T11:40:33.113+0000] {dag.py:4138} INFO - Setting next_dagrun for dataset_alias_example_alias_producer to None, run_after=None
[2024-09-03T11:40:33.117+0000] {logging_mixin.py:190} INFO - [2024-09-03T11:40:33.117+0000] {dag.py:4138} INFO - Setting next_dagrun for dataset_s3_bucket_consumer to None, run_after=None
[2024-09-03T11:40:33.123+0000] {logging_mixin.py:190} INFO - [2024-09-03T11:40:33.121+0000] {dag.py:4138} INFO - Setting next_dagrun for dataset_s3_bucket_producer to None, run_after=None
[2024-09-03T11:40:33.170+0000] {processor.py:208} INFO - Processing /home/airflow/.local/lib/python3.12/site-packages/airflow/example_dags/example_dataset_alias.py took 2.126 seconds
[2024-09-03T11:41:03.983+0000] {processor.py:186} INFO - Started process (PID=1760) to work on /home/airflow/.local/lib/python3.12/site-packages/airflow/example_dags/example_dataset_alias.py
[2024-09-03T11:41:03.986+0000] {processor.py:914} INFO - Processing file /home/airflow/.local/lib/python3.12/site-packages/airflow/example_dags/example_dataset_alias.py for tasks to queue
[2024-09-03T11:41:03.991+0000] {logging_mixin.py:190} INFO - [2024-09-03T11:41:03.991+0000] {dagbag.py:587} INFO - Filling up the DagBag from /home/airflow/.local/lib/python3.12/site-packages/airflow/example_dags/example_dataset_alias.py
[2024-09-03T11:41:04.366+0000] {processor.py:925} INFO - DAG(s) 'dataset_s3_bucket_producer', 'dataset_alias_example_alias_consumer', 'dataset_s3_bucket_consumer', 'dataset_alias_example_alias_producer' retrieved from /home/airflow/.local/lib/python3.12/site-packages/airflow/example_dags/example_dataset_alias.py
[2024-09-03T11:41:04.422+0000] {logging_mixin.py:190} INFO - [2024-09-03T11:41:04.421+0000] {dag.py:3211} INFO - Sync 4 DAGs
[2024-09-03T11:41:04.939+0000] {logging_mixin.py:190} INFO - [2024-09-03T11:41:04.937+0000] {dag.py:4138} INFO - Setting next_dagrun for dataset_alias_example_alias_consumer to None, run_after=None
[2024-09-03T11:41:04.951+0000] {logging_mixin.py:190} INFO - [2024-09-03T11:41:04.950+0000] {dag.py:4138} INFO - Setting next_dagrun for dataset_alias_example_alias_producer to None, run_after=None
[2024-09-03T11:41:04.957+0000] {logging_mixin.py:190} INFO - [2024-09-03T11:41:04.956+0000] {dag.py:4138} INFO - Setting next_dagrun for dataset_s3_bucket_consumer to None, run_after=None
[2024-09-03T11:41:04.961+0000] {logging_mixin.py:190} INFO - [2024-09-03T11:41:04.961+0000] {dag.py:4138} INFO - Setting next_dagrun for dataset_s3_bucket_producer to None, run_after=None
[2024-09-03T11:41:05.009+0000] {processor.py:208} INFO - Processing /home/airflow/.local/lib/python3.12/site-packages/airflow/example_dags/example_dataset_alias.py took 1.038 seconds
[2024-09-03T11:41:35.589+0000] {processor.py:186} INFO - Started process (PID=1825) to work on /home/airflow/.local/lib/python3.12/site-packages/airflow/example_dags/example_dataset_alias.py
[2024-09-03T11:41:35.591+0000] {processor.py:914} INFO - Processing file /home/airflow/.local/lib/python3.12/site-packages/airflow/example_dags/example_dataset_alias.py for tasks to queue
[2024-09-03T11:41:35.596+0000] {logging_mixin.py:190} INFO - [2024-09-03T11:41:35.595+0000] {dagbag.py:587} INFO - Filling up the DagBag from /home/airflow/.local/lib/python3.12/site-packages/airflow/example_dags/example_dataset_alias.py
[2024-09-03T11:41:35.906+0000] {processor.py:925} INFO - DAG(s) 'dataset_s3_bucket_consumer', 'dataset_s3_bucket_producer', 'dataset_alias_example_alias_consumer', 'dataset_alias_example_alias_producer' retrieved from /home/airflow/.local/lib/python3.12/site-packages/airflow/example_dags/example_dataset_alias.py
[2024-09-03T11:41:35.957+0000] {logging_mixin.py:190} INFO - [2024-09-03T11:41:35.957+0000] {dag.py:3211} INFO - Sync 4 DAGs
[2024-09-03T11:41:35.998+0000] {logging_mixin.py:190} INFO - [2024-09-03T11:41:35.998+0000] {dag.py:4138} INFO - Setting next_dagrun for dataset_alias_example_alias_consumer to None, run_after=None
[2024-09-03T11:41:36.004+0000] {logging_mixin.py:190} INFO - [2024-09-03T11:41:36.003+0000] {dag.py:4138} INFO - Setting next_dagrun for dataset_alias_example_alias_producer to None, run_after=None
[2024-09-03T11:41:36.008+0000] {logging_mixin.py:190} INFO - [2024-09-03T11:41:36.007+0000] {dag.py:4138} INFO - Setting next_dagrun for dataset_s3_bucket_consumer to None, run_after=None
[2024-09-03T11:41:36.013+0000] {logging_mixin.py:190} INFO - [2024-09-03T11:41:36.013+0000] {dag.py:4138} INFO - Setting next_dagrun for dataset_s3_bucket_producer to None, run_after=None
[2024-09-03T11:41:36.517+0000] {processor.py:208} INFO - Processing /home/airflow/.local/lib/python3.12/site-packages/airflow/example_dags/example_dataset_alias.py took 0.937 seconds
[2024-09-03T11:42:06.659+0000] {processor.py:186} INFO - Started process (PID=1891) to work on /home/airflow/.local/lib/python3.12/site-packages/airflow/example_dags/example_dataset_alias.py
[2024-09-03T11:42:06.660+0000] {processor.py:914} INFO - Processing file /home/airflow/.local/lib/python3.12/site-packages/airflow/example_dags/example_dataset_alias.py for tasks to queue
[2024-09-03T11:42:06.664+0000] {logging_mixin.py:190} INFO - [2024-09-03T11:42:06.664+0000] {dagbag.py:587} INFO - Filling up the DagBag from /home/airflow/.local/lib/python3.12/site-packages/airflow/example_dags/example_dataset_alias.py
[2024-09-03T11:42:06.980+0000] {processor.py:925} INFO - DAG(s) 'dataset_alias_example_alias_consumer', 'dataset_s3_bucket_consumer', 'dataset_alias_example_alias_producer', 'dataset_s3_bucket_producer' retrieved from /home/airflow/.local/lib/python3.12/site-packages/airflow/example_dags/example_dataset_alias.py
[2024-09-03T11:42:07.031+0000] {logging_mixin.py:190} INFO - [2024-09-03T11:42:07.031+0000] {dag.py:3211} INFO - Sync 4 DAGs
[2024-09-03T11:42:07.081+0000] {logging_mixin.py:190} INFO - [2024-09-03T11:42:07.080+0000] {dag.py:4138} INFO - Setting next_dagrun for dataset_alias_example_alias_consumer to None, run_after=None
[2024-09-03T11:42:07.089+0000] {logging_mixin.py:190} INFO - [2024-09-03T11:42:07.088+0000] {dag.py:4138} INFO - Setting next_dagrun for dataset_alias_example_alias_producer to None, run_after=None
[2024-09-03T11:42:07.093+0000] {logging_mixin.py:190} INFO - [2024-09-03T11:42:07.092+0000] {dag.py:4138} INFO - Setting next_dagrun for dataset_s3_bucket_consumer to None, run_after=None
[2024-09-03T11:42:07.098+0000] {logging_mixin.py:190} INFO - [2024-09-03T11:42:07.098+0000] {dag.py:4138} INFO - Setting next_dagrun for dataset_s3_bucket_producer to None, run_after=None
[2024-09-03T11:42:07.149+0000] {processor.py:208} INFO - Processing /home/airflow/.local/lib/python3.12/site-packages/airflow/example_dags/example_dataset_alias.py took 0.498 seconds
[2024-09-03T11:42:37.780+0000] {processor.py:186} INFO - Started process (PID=1954) to work on /home/airflow/.local/lib/python3.12/site-packages/airflow/example_dags/example_dataset_alias.py
[2024-09-03T11:42:37.785+0000] {processor.py:914} INFO - Processing file /home/airflow/.local/lib/python3.12/site-packages/airflow/example_dags/example_dataset_alias.py for tasks to queue
[2024-09-03T11:42:37.789+0000] {logging_mixin.py:190} INFO - [2024-09-03T11:42:37.788+0000] {dagbag.py:587} INFO - Filling up the DagBag from /home/airflow/.local/lib/python3.12/site-packages/airflow/example_dags/example_dataset_alias.py
[2024-09-03T11:42:38.192+0000] {processor.py:925} INFO - DAG(s) 'dataset_s3_bucket_producer', 'dataset_s3_bucket_consumer', 'dataset_alias_example_alias_producer', 'dataset_alias_example_alias_consumer' retrieved from /home/airflow/.local/lib/python3.12/site-packages/airflow/example_dags/example_dataset_alias.py
[2024-09-03T11:42:38.286+0000] {logging_mixin.py:190} INFO - [2024-09-03T11:42:38.286+0000] {dag.py:3211} INFO - Sync 4 DAGs
[2024-09-03T11:42:38.335+0000] {logging_mixin.py:190} INFO - [2024-09-03T11:42:38.335+0000] {dag.py:4138} INFO - Setting next_dagrun for dataset_alias_example_alias_consumer to None, run_after=None
[2024-09-03T11:42:38.341+0000] {logging_mixin.py:190} INFO - [2024-09-03T11:42:38.340+0000] {dag.py:4138} INFO - Setting next_dagrun for dataset_alias_example_alias_producer to None, run_after=None
[2024-09-03T11:42:38.344+0000] {logging_mixin.py:190} INFO - [2024-09-03T11:42:38.344+0000] {dag.py:4138} INFO - Setting next_dagrun for dataset_s3_bucket_consumer to None, run_after=None
[2024-09-03T11:42:38.348+0000] {logging_mixin.py:190} INFO - [2024-09-03T11:42:38.348+0000] {dag.py:4138} INFO - Setting next_dagrun for dataset_s3_bucket_producer to None, run_after=None
[2024-09-03T11:42:38.423+0000] {processor.py:208} INFO - Processing /home/airflow/.local/lib/python3.12/site-packages/airflow/example_dags/example_dataset_alias.py took 0.656 seconds
[2024-09-03T11:43:09.077+0000] {processor.py:186} INFO - Started process (PID=2016) to work on /home/airflow/.local/lib/python3.12/site-packages/airflow/example_dags/example_dataset_alias.py
[2024-09-03T11:43:09.079+0000] {processor.py:914} INFO - Processing file /home/airflow/.local/lib/python3.12/site-packages/airflow/example_dags/example_dataset_alias.py for tasks to queue
[2024-09-03T11:43:09.084+0000] {logging_mixin.py:190} INFO - [2024-09-03T11:43:09.083+0000] {dagbag.py:587} INFO - Filling up the DagBag from /home/airflow/.local/lib/python3.12/site-packages/airflow/example_dags/example_dataset_alias.py
[2024-09-03T11:43:09.389+0000] {processor.py:925} INFO - DAG(s) 'dataset_alias_example_alias_producer', 'dataset_s3_bucket_producer', 'dataset_s3_bucket_consumer', 'dataset_alias_example_alias_consumer' retrieved from /home/airflow/.local/lib/python3.12/site-packages/airflow/example_dags/example_dataset_alias.py
[2024-09-03T11:43:09.735+0000] {logging_mixin.py:190} INFO - [2024-09-03T11:43:09.735+0000] {dag.py:3211} INFO - Sync 4 DAGs
[2024-09-03T11:43:09.774+0000] {logging_mixin.py:190} INFO - [2024-09-03T11:43:09.773+0000] {dag.py:4138} INFO - Setting next_dagrun for dataset_alias_example_alias_consumer to None, run_after=None
[2024-09-03T11:43:09.779+0000] {logging_mixin.py:190} INFO - [2024-09-03T11:43:09.779+0000] {dag.py:4138} INFO - Setting next_dagrun for dataset_alias_example_alias_producer to None, run_after=None
[2024-09-03T11:43:09.783+0000] {logging_mixin.py:190} INFO - [2024-09-03T11:43:09.782+0000] {dag.py:4138} INFO - Setting next_dagrun for dataset_s3_bucket_consumer to None, run_after=None
[2024-09-03T11:43:09.786+0000] {logging_mixin.py:190} INFO - [2024-09-03T11:43:09.786+0000] {dag.py:4138} INFO - Setting next_dagrun for dataset_s3_bucket_producer to None, run_after=None
[2024-09-03T11:43:09.836+0000] {processor.py:208} INFO - Processing /home/airflow/.local/lib/python3.12/site-packages/airflow/example_dags/example_dataset_alias.py took 0.768 seconds
[2024-09-03T11:43:40.205+0000] {processor.py:186} INFO - Started process (PID=2079) to work on /home/airflow/.local/lib/python3.12/site-packages/airflow/example_dags/example_dataset_alias.py
[2024-09-03T11:43:40.207+0000] {processor.py:914} INFO - Processing file /home/airflow/.local/lib/python3.12/site-packages/airflow/example_dags/example_dataset_alias.py for tasks to queue
[2024-09-03T11:43:40.212+0000] {logging_mixin.py:190} INFO - [2024-09-03T11:43:40.211+0000] {dagbag.py:587} INFO - Filling up the DagBag from /home/airflow/.local/lib/python3.12/site-packages/airflow/example_dags/example_dataset_alias.py
[2024-09-03T11:43:40.527+0000] {processor.py:925} INFO - DAG(s) 'dataset_alias_example_alias_producer', 'dataset_alias_example_alias_consumer', 'dataset_s3_bucket_consumer', 'dataset_s3_bucket_producer' retrieved from /home/airflow/.local/lib/python3.12/site-packages/airflow/example_dags/example_dataset_alias.py
[2024-09-03T11:43:40.895+0000] {logging_mixin.py:190} INFO - [2024-09-03T11:43:40.894+0000] {dag.py:3211} INFO - Sync 4 DAGs
[2024-09-03T11:43:40.921+0000] {logging_mixin.py:190} INFO - [2024-09-03T11:43:40.921+0000] {dag.py:4138} INFO - Setting next_dagrun for dataset_alias_example_alias_consumer to None, run_after=None
[2024-09-03T11:43:40.926+0000] {logging_mixin.py:190} INFO - [2024-09-03T11:43:40.925+0000] {dag.py:4138} INFO - Setting next_dagrun for dataset_alias_example_alias_producer to None, run_after=None
[2024-09-03T11:43:40.928+0000] {logging_mixin.py:190} INFO - [2024-09-03T11:43:40.928+0000] {dag.py:4138} INFO - Setting next_dagrun for dataset_s3_bucket_consumer to None, run_after=None
[2024-09-03T11:43:40.931+0000] {logging_mixin.py:190} INFO - [2024-09-03T11:43:40.931+0000] {dag.py:4138} INFO - Setting next_dagrun for dataset_s3_bucket_producer to None, run_after=None
[2024-09-03T11:43:40.962+0000] {processor.py:208} INFO - Processing /home/airflow/.local/lib/python3.12/site-packages/airflow/example_dags/example_dataset_alias.py took 0.765 seconds
[2024-09-03T11:44:11.226+0000] {processor.py:186} INFO - Started process (PID=2143) to work on /home/airflow/.local/lib/python3.12/site-packages/airflow/example_dags/example_dataset_alias.py
[2024-09-03T11:44:11.227+0000] {processor.py:914} INFO - Processing file /home/airflow/.local/lib/python3.12/site-packages/airflow/example_dags/example_dataset_alias.py for tasks to queue
[2024-09-03T11:44:11.231+0000] {logging_mixin.py:190} INFO - [2024-09-03T11:44:11.230+0000] {dagbag.py:587} INFO - Filling up the DagBag from /home/airflow/.local/lib/python3.12/site-packages/airflow/example_dags/example_dataset_alias.py
[2024-09-03T11:44:11.447+0000] {processor.py:925} INFO - DAG(s) 'dataset_s3_bucket_producer', 'dataset_alias_example_alias_consumer', 'dataset_alias_example_alias_producer', 'dataset_s3_bucket_consumer' retrieved from /home/airflow/.local/lib/python3.12/site-packages/airflow/example_dags/example_dataset_alias.py
[2024-09-03T11:44:11.644+0000] {logging_mixin.py:190} INFO - [2024-09-03T11:44:11.643+0000] {dag.py:3211} INFO - Sync 4 DAGs
[2024-09-03T11:44:11.667+0000] {logging_mixin.py:190} INFO - [2024-09-03T11:44:11.666+0000] {dag.py:4138} INFO - Setting next_dagrun for dataset_alias_example_alias_consumer to None, run_after=None
[2024-09-03T11:44:11.671+0000] {logging_mixin.py:190} INFO - [2024-09-03T11:44:11.671+0000] {dag.py:4138} INFO - Setting next_dagrun for dataset_alias_example_alias_producer to None, run_after=None
[2024-09-03T11:44:11.674+0000] {logging_mixin.py:190} INFO - [2024-09-03T11:44:11.674+0000] {dag.py:4138} INFO - Setting next_dagrun for dataset_s3_bucket_consumer to None, run_after=None
[2024-09-03T11:44:11.676+0000] {logging_mixin.py:190} INFO - [2024-09-03T11:44:11.676+0000] {dag.py:4138} INFO - Setting next_dagrun for dataset_s3_bucket_producer to None, run_after=None
[2024-09-03T11:44:11.707+0000] {processor.py:208} INFO - Processing /home/airflow/.local/lib/python3.12/site-packages/airflow/example_dags/example_dataset_alias.py took 0.489 seconds
[2024-09-03T11:44:42.057+0000] {processor.py:186} INFO - Started process (PID=2205) to work on /home/airflow/.local/lib/python3.12/site-packages/airflow/example_dags/example_dataset_alias.py
[2024-09-03T11:44:42.058+0000] {processor.py:914} INFO - Processing file /home/airflow/.local/lib/python3.12/site-packages/airflow/example_dags/example_dataset_alias.py for tasks to queue
[2024-09-03T11:44:42.061+0000] {logging_mixin.py:190} INFO - [2024-09-03T11:44:42.060+0000] {dagbag.py:587} INFO - Filling up the DagBag from /home/airflow/.local/lib/python3.12/site-packages/airflow/example_dags/example_dataset_alias.py
[2024-09-03T11:44:42.222+0000] {processor.py:925} INFO - DAG(s) 'dataset_alias_example_alias_producer', 'dataset_alias_example_alias_consumer', 'dataset_s3_bucket_consumer', 'dataset_s3_bucket_producer' retrieved from /home/airflow/.local/lib/python3.12/site-packages/airflow/example_dags/example_dataset_alias.py
[2024-09-03T11:44:42.256+0000] {logging_mixin.py:190} INFO - [2024-09-03T11:44:42.256+0000] {dag.py:3211} INFO - Sync 4 DAGs
[2024-09-03T11:44:42.495+0000] {logging_mixin.py:190} INFO - [2024-09-03T11:44:42.494+0000] {dag.py:4138} INFO - Setting next_dagrun for dataset_alias_example_alias_consumer to None, run_after=None
[2024-09-03T11:44:42.499+0000] {logging_mixin.py:190} INFO - [2024-09-03T11:44:42.498+0000] {dag.py:4138} INFO - Setting next_dagrun for dataset_alias_example_alias_producer to None, run_after=None
[2024-09-03T11:44:42.502+0000] {logging_mixin.py:190} INFO - [2024-09-03T11:44:42.502+0000] {dag.py:4138} INFO - Setting next_dagrun for dataset_s3_bucket_consumer to None, run_after=None
[2024-09-03T11:44:42.505+0000] {logging_mixin.py:190} INFO - [2024-09-03T11:44:42.505+0000] {dag.py:4138} INFO - Setting next_dagrun for dataset_s3_bucket_producer to None, run_after=None
[2024-09-03T11:44:42.539+0000] {processor.py:208} INFO - Processing /home/airflow/.local/lib/python3.12/site-packages/airflow/example_dags/example_dataset_alias.py took 0.488 seconds
[2024-09-03T11:45:12.737+0000] {processor.py:186} INFO - Started process (PID=2268) to work on /home/airflow/.local/lib/python3.12/site-packages/airflow/example_dags/example_dataset_alias.py
[2024-09-03T11:45:12.738+0000] {processor.py:914} INFO - Processing file /home/airflow/.local/lib/python3.12/site-packages/airflow/example_dags/example_dataset_alias.py for tasks to queue
[2024-09-03T11:45:12.741+0000] {logging_mixin.py:190} INFO - [2024-09-03T11:45:12.740+0000] {dagbag.py:587} INFO - Filling up the DagBag from /home/airflow/.local/lib/python3.12/site-packages/airflow/example_dags/example_dataset_alias.py
[2024-09-03T11:45:12.922+0000] {processor.py:925} INFO - DAG(s) 'dataset_s3_bucket_consumer', 'dataset_alias_example_alias_producer', 'dataset_alias_example_alias_consumer', 'dataset_s3_bucket_producer' retrieved from /home/airflow/.local/lib/python3.12/site-packages/airflow/example_dags/example_dataset_alias.py
[2024-09-03T11:45:12.951+0000] {logging_mixin.py:190} INFO - [2024-09-03T11:45:12.951+0000] {dag.py:3211} INFO - Sync 4 DAGs
[2024-09-03T11:45:13.176+0000] {logging_mixin.py:190} INFO - [2024-09-03T11:45:13.175+0000] {dag.py:4138} INFO - Setting next_dagrun for dataset_alias_example_alias_consumer to None, run_after=None
[2024-09-03T11:45:13.181+0000] {logging_mixin.py:190} INFO - [2024-09-03T11:45:13.180+0000] {dag.py:4138} INFO - Setting next_dagrun for dataset_alias_example_alias_producer to None, run_after=None
[2024-09-03T11:45:13.183+0000] {logging_mixin.py:190} INFO - [2024-09-03T11:45:13.183+0000] {dag.py:4138} INFO - Setting next_dagrun for dataset_s3_bucket_consumer to None, run_after=None
[2024-09-03T11:45:13.185+0000] {logging_mixin.py:190} INFO - [2024-09-03T11:45:13.185+0000] {dag.py:4138} INFO - Setting next_dagrun for dataset_s3_bucket_producer to None, run_after=None
[2024-09-03T11:45:13.226+0000] {processor.py:208} INFO - Processing /home/airflow/.local/lib/python3.12/site-packages/airflow/example_dags/example_dataset_alias.py took 0.496 seconds
[2024-09-03T11:45:43.753+0000] {processor.py:186} INFO - Started process (PID=2331) to work on /home/airflow/.local/lib/python3.12/site-packages/airflow/example_dags/example_dataset_alias.py
[2024-09-03T11:45:43.754+0000] {processor.py:914} INFO - Processing file /home/airflow/.local/lib/python3.12/site-packages/airflow/example_dags/example_dataset_alias.py for tasks to queue
[2024-09-03T11:45:43.758+0000] {logging_mixin.py:190} INFO - [2024-09-03T11:45:43.757+0000] {dagbag.py:587} INFO - Filling up the DagBag from /home/airflow/.local/lib/python3.12/site-packages/airflow/example_dags/example_dataset_alias.py
[2024-09-03T11:45:44.070+0000] {processor.py:925} INFO - DAG(s) 'dataset_alias_example_alias_consumer', 'dataset_s3_bucket_consumer', 'dataset_alias_example_alias_producer', 'dataset_s3_bucket_producer' retrieved from /home/airflow/.local/lib/python3.12/site-packages/airflow/example_dags/example_dataset_alias.py
[2024-09-03T11:45:44.093+0000] {logging_mixin.py:190} INFO - [2024-09-03T11:45:44.093+0000] {dag.py:3211} INFO - Sync 4 DAGs
[2024-09-03T11:45:44.117+0000] {logging_mixin.py:190} INFO - [2024-09-03T11:45:44.117+0000] {dag.py:4138} INFO - Setting next_dagrun for dataset_alias_example_alias_consumer to None, run_after=None
[2024-09-03T11:45:44.121+0000] {logging_mixin.py:190} INFO - [2024-09-03T11:45:44.121+0000] {dag.py:4138} INFO - Setting next_dagrun for dataset_alias_example_alias_producer to None, run_after=None
[2024-09-03T11:45:44.123+0000] {logging_mixin.py:190} INFO - [2024-09-03T11:45:44.123+0000] {dag.py:4138} INFO - Setting next_dagrun for dataset_s3_bucket_consumer to None, run_after=None
[2024-09-03T11:45:44.125+0000] {logging_mixin.py:190} INFO - [2024-09-03T11:45:44.125+0000] {dag.py:4138} INFO - Setting next_dagrun for dataset_s3_bucket_producer to None, run_after=None
[2024-09-03T11:45:44.154+0000] {processor.py:208} INFO - Processing /home/airflow/.local/lib/python3.12/site-packages/airflow/example_dags/example_dataset_alias.py took 0.406 seconds
[2024-09-03T11:46:14.481+0000] {processor.py:186} INFO - Started process (PID=2394) to work on /home/airflow/.local/lib/python3.12/site-packages/airflow/example_dags/example_dataset_alias.py
[2024-09-03T11:46:14.482+0000] {processor.py:914} INFO - Processing file /home/airflow/.local/lib/python3.12/site-packages/airflow/example_dags/example_dataset_alias.py for tasks to queue
[2024-09-03T11:46:14.485+0000] {logging_mixin.py:190} INFO - [2024-09-03T11:46:14.485+0000] {dagbag.py:587} INFO - Filling up the DagBag from /home/airflow/.local/lib/python3.12/site-packages/airflow/example_dags/example_dataset_alias.py
[2024-09-03T11:46:14.810+0000] {processor.py:925} INFO - DAG(s) 'dataset_alias_example_alias_consumer', 'dataset_alias_example_alias_producer', 'dataset_s3_bucket_consumer', 'dataset_s3_bucket_producer' retrieved from /home/airflow/.local/lib/python3.12/site-packages/airflow/example_dags/example_dataset_alias.py
[2024-09-03T11:46:14.836+0000] {logging_mixin.py:190} INFO - [2024-09-03T11:46:14.836+0000] {dag.py:3211} INFO - Sync 4 DAGs
[2024-09-03T11:46:14.860+0000] {logging_mixin.py:190} INFO - [2024-09-03T11:46:14.859+0000] {dag.py:4138} INFO - Setting next_dagrun for dataset_alias_example_alias_consumer to None, run_after=None
[2024-09-03T11:46:14.863+0000] {logging_mixin.py:190} INFO - [2024-09-03T11:46:14.863+0000] {dag.py:4138} INFO - Setting next_dagrun for dataset_alias_example_alias_producer to None, run_after=None
[2024-09-03T11:46:14.865+0000] {logging_mixin.py:190} INFO - [2024-09-03T11:46:14.865+0000] {dag.py:4138} INFO - Setting next_dagrun for dataset_s3_bucket_consumer to None, run_after=None
[2024-09-03T11:46:14.868+0000] {logging_mixin.py:190} INFO - [2024-09-03T11:46:14.867+0000] {dag.py:4138} INFO - Setting next_dagrun for dataset_s3_bucket_producer to None, run_after=None
[2024-09-03T11:46:14.893+0000] {processor.py:208} INFO - Processing /home/airflow/.local/lib/python3.12/site-packages/airflow/example_dags/example_dataset_alias.py took 0.419 seconds
[2024-09-03T11:46:45.140+0000] {processor.py:186} INFO - Started process (PID=2458) to work on /home/airflow/.local/lib/python3.12/site-packages/airflow/example_dags/example_dataset_alias.py
[2024-09-03T11:46:45.142+0000] {processor.py:914} INFO - Processing file /home/airflow/.local/lib/python3.12/site-packages/airflow/example_dags/example_dataset_alias.py for tasks to queue
[2024-09-03T11:46:45.145+0000] {logging_mixin.py:190} INFO - [2024-09-03T11:46:45.144+0000] {dagbag.py:587} INFO - Filling up the DagBag from /home/airflow/.local/lib/python3.12/site-packages/airflow/example_dags/example_dataset_alias.py
[2024-09-03T11:46:45.800+0000] {processor.py:925} INFO - DAG(s) 'dataset_alias_example_alias_consumer', 'dataset_alias_example_alias_producer', 'dataset_s3_bucket_producer', 'dataset_s3_bucket_consumer' retrieved from /home/airflow/.local/lib/python3.12/site-packages/airflow/example_dags/example_dataset_alias.py
[2024-09-03T11:46:45.840+0000] {logging_mixin.py:190} INFO - [2024-09-03T11:46:45.839+0000] {dag.py:3211} INFO - Sync 4 DAGs
[2024-09-03T11:46:45.881+0000] {logging_mixin.py:190} INFO - [2024-09-03T11:46:45.880+0000] {dag.py:4138} INFO - Setting next_dagrun for dataset_alias_example_alias_consumer to None, run_after=None
[2024-09-03T11:46:45.886+0000] {logging_mixin.py:190} INFO - [2024-09-03T11:46:45.886+0000] {dag.py:4138} INFO - Setting next_dagrun for dataset_alias_example_alias_producer to None, run_after=None
[2024-09-03T11:46:45.891+0000] {logging_mixin.py:190} INFO - [2024-09-03T11:46:45.890+0000] {dag.py:4138} INFO - Setting next_dagrun for dataset_s3_bucket_consumer to None, run_after=None
[2024-09-03T11:46:45.894+0000] {logging_mixin.py:190} INFO - [2024-09-03T11:46:45.894+0000] {dag.py:4138} INFO - Setting next_dagrun for dataset_s3_bucket_producer to None, run_after=None
[2024-09-03T11:46:45.931+0000] {processor.py:208} INFO - Processing /home/airflow/.local/lib/python3.12/site-packages/airflow/example_dags/example_dataset_alias.py took 0.799 seconds
[2024-09-03T11:47:16.120+0000] {processor.py:186} INFO - Started process (PID=2521) to work on /home/airflow/.local/lib/python3.12/site-packages/airflow/example_dags/example_dataset_alias.py
[2024-09-03T11:47:16.122+0000] {processor.py:914} INFO - Processing file /home/airflow/.local/lib/python3.12/site-packages/airflow/example_dags/example_dataset_alias.py for tasks to queue
[2024-09-03T11:47:16.126+0000] {logging_mixin.py:190} INFO - [2024-09-03T11:47:16.126+0000] {dagbag.py:587} INFO - Filling up the DagBag from /home/airflow/.local/lib/python3.12/site-packages/airflow/example_dags/example_dataset_alias.py
[2024-09-03T11:47:16.991+0000] {processor.py:925} INFO - DAG(s) 'dataset_alias_example_alias_consumer', 'dataset_alias_example_alias_producer', 'dataset_s3_bucket_producer', 'dataset_s3_bucket_consumer' retrieved from /home/airflow/.local/lib/python3.12/site-packages/airflow/example_dags/example_dataset_alias.py
[2024-09-03T11:47:17.060+0000] {logging_mixin.py:190} INFO - [2024-09-03T11:47:17.060+0000] {dag.py:3211} INFO - Sync 4 DAGs
[2024-09-03T11:47:17.127+0000] {logging_mixin.py:190} INFO - [2024-09-03T11:47:17.127+0000] {dag.py:4138} INFO - Setting next_dagrun for dataset_alias_example_alias_consumer to None, run_after=None
[2024-09-03T11:47:17.134+0000] {logging_mixin.py:190} INFO - [2024-09-03T11:47:17.134+0000] {dag.py:4138} INFO - Setting next_dagrun for dataset_alias_example_alias_producer to None, run_after=None
[2024-09-03T11:47:17.139+0000] {logging_mixin.py:190} INFO - [2024-09-03T11:47:17.138+0000] {dag.py:4138} INFO - Setting next_dagrun for dataset_s3_bucket_consumer to None, run_after=None
[2024-09-03T11:47:17.144+0000] {logging_mixin.py:190} INFO - [2024-09-03T11:47:17.143+0000] {dag.py:4138} INFO - Setting next_dagrun for dataset_s3_bucket_producer to None, run_after=None
[2024-09-03T11:47:17.202+0000] {processor.py:208} INFO - Processing /home/airflow/.local/lib/python3.12/site-packages/airflow/example_dags/example_dataset_alias.py took 1.096 seconds
[2024-09-03T11:47:47.394+0000] {processor.py:186} INFO - Started process (PID=2583) to work on /home/airflow/.local/lib/python3.12/site-packages/airflow/example_dags/example_dataset_alias.py
[2024-09-03T11:47:47.396+0000] {processor.py:914} INFO - Processing file /home/airflow/.local/lib/python3.12/site-packages/airflow/example_dags/example_dataset_alias.py for tasks to queue
[2024-09-03T11:47:47.400+0000] {logging_mixin.py:190} INFO - [2024-09-03T11:47:47.399+0000] {dagbag.py:587} INFO - Filling up the DagBag from /home/airflow/.local/lib/python3.12/site-packages/airflow/example_dags/example_dataset_alias.py
[2024-09-03T11:47:48.111+0000] {processor.py:925} INFO - DAG(s) 'dataset_alias_example_alias_consumer', 'dataset_s3_bucket_producer', 'dataset_alias_example_alias_producer', 'dataset_s3_bucket_consumer' retrieved from /home/airflow/.local/lib/python3.12/site-packages/airflow/example_dags/example_dataset_alias.py
[2024-09-03T11:47:48.166+0000] {logging_mixin.py:190} INFO - [2024-09-03T11:47:48.166+0000] {dag.py:3211} INFO - Sync 4 DAGs
[2024-09-03T11:47:48.223+0000] {logging_mixin.py:190} INFO - [2024-09-03T11:47:48.222+0000] {dag.py:4138} INFO - Setting next_dagrun for dataset_alias_example_alias_consumer to None, run_after=None
[2024-09-03T11:47:48.229+0000] {logging_mixin.py:190} INFO - [2024-09-03T11:47:48.229+0000] {dag.py:4138} INFO - Setting next_dagrun for dataset_alias_example_alias_producer to None, run_after=None
[2024-09-03T11:47:48.235+0000] {logging_mixin.py:190} INFO - [2024-09-03T11:47:48.233+0000] {dag.py:4138} INFO - Setting next_dagrun for dataset_s3_bucket_consumer to None, run_after=None
[2024-09-03T11:47:48.240+0000] {logging_mixin.py:190} INFO - [2024-09-03T11:47:48.240+0000] {dag.py:4138} INFO - Setting next_dagrun for dataset_s3_bucket_producer to None, run_after=None
[2024-09-03T11:47:48.311+0000] {processor.py:208} INFO - Processing /home/airflow/.local/lib/python3.12/site-packages/airflow/example_dags/example_dataset_alias.py took 0.926 seconds
[2024-09-03T11:48:18.410+0000] {processor.py:186} INFO - Started process (PID=2646) to work on /home/airflow/.local/lib/python3.12/site-packages/airflow/example_dags/example_dataset_alias.py
[2024-09-03T11:48:18.412+0000] {processor.py:914} INFO - Processing file /home/airflow/.local/lib/python3.12/site-packages/airflow/example_dags/example_dataset_alias.py for tasks to queue
[2024-09-03T11:48:18.416+0000] {logging_mixin.py:190} INFO - [2024-09-03T11:48:18.416+0000] {dagbag.py:587} INFO - Filling up the DagBag from /home/airflow/.local/lib/python3.12/site-packages/airflow/example_dags/example_dataset_alias.py
[2024-09-03T11:48:19.030+0000] {processor.py:925} INFO - DAG(s) 'dataset_s3_bucket_consumer', 'dataset_alias_example_alias_producer', 'dataset_s3_bucket_producer', 'dataset_alias_example_alias_consumer' retrieved from /home/airflow/.local/lib/python3.12/site-packages/airflow/example_dags/example_dataset_alias.py
[2024-09-03T11:48:19.071+0000] {logging_mixin.py:190} INFO - [2024-09-03T11:48:19.071+0000] {dag.py:3211} INFO - Sync 4 DAGs
[2024-09-03T11:48:19.104+0000] {logging_mixin.py:190} INFO - [2024-09-03T11:48:19.103+0000] {dag.py:4138} INFO - Setting next_dagrun for dataset_alias_example_alias_consumer to None, run_after=None
[2024-09-03T11:48:19.109+0000] {logging_mixin.py:190} INFO - [2024-09-03T11:48:19.109+0000] {dag.py:4138} INFO - Setting next_dagrun for dataset_alias_example_alias_producer to None, run_after=None
[2024-09-03T11:48:19.113+0000] {logging_mixin.py:190} INFO - [2024-09-03T11:48:19.112+0000] {dag.py:4138} INFO - Setting next_dagrun for dataset_s3_bucket_consumer to None, run_after=None
[2024-09-03T11:48:19.117+0000] {logging_mixin.py:190} INFO - [2024-09-03T11:48:19.117+0000] {dag.py:4138} INFO - Setting next_dagrun for dataset_s3_bucket_producer to None, run_after=None
[2024-09-03T11:48:19.158+0000] {processor.py:208} INFO - Processing /home/airflow/.local/lib/python3.12/site-packages/airflow/example_dags/example_dataset_alias.py took 0.761 seconds
[2024-09-03T11:48:50.078+0000] {processor.py:186} INFO - Started process (PID=2709) to work on /home/airflow/.local/lib/python3.12/site-packages/airflow/example_dags/example_dataset_alias.py
[2024-09-03T11:48:50.080+0000] {processor.py:914} INFO - Processing file /home/airflow/.local/lib/python3.12/site-packages/airflow/example_dags/example_dataset_alias.py for tasks to queue
[2024-09-03T11:48:50.085+0000] {logging_mixin.py:190} INFO - [2024-09-03T11:48:50.084+0000] {dagbag.py:587} INFO - Filling up the DagBag from /home/airflow/.local/lib/python3.12/site-packages/airflow/example_dags/example_dataset_alias.py
[2024-09-03T11:48:50.967+0000] {processor.py:925} INFO - DAG(s) 'dataset_alias_example_alias_producer', 'dataset_s3_bucket_producer', 'dataset_alias_example_alias_consumer', 'dataset_s3_bucket_consumer' retrieved from /home/airflow/.local/lib/python3.12/site-packages/airflow/example_dags/example_dataset_alias.py
[2024-09-03T11:48:51.013+0000] {logging_mixin.py:190} INFO - [2024-09-03T11:48:51.013+0000] {dag.py:3211} INFO - Sync 4 DAGs
[2024-09-03T11:48:51.066+0000] {logging_mixin.py:190} INFO - [2024-09-03T11:48:51.065+0000] {dag.py:4138} INFO - Setting next_dagrun for dataset_alias_example_alias_consumer to None, run_after=None
[2024-09-03T11:48:51.074+0000] {logging_mixin.py:190} INFO - [2024-09-03T11:48:51.073+0000] {dag.py:4138} INFO - Setting next_dagrun for dataset_alias_example_alias_producer to None, run_after=None
[2024-09-03T11:48:51.079+0000] {logging_mixin.py:190} INFO - [2024-09-03T11:48:51.078+0000] {dag.py:4138} INFO - Setting next_dagrun for dataset_s3_bucket_consumer to None, run_after=None
[2024-09-03T11:48:51.083+0000] {logging_mixin.py:190} INFO - [2024-09-03T11:48:51.083+0000] {dag.py:4138} INFO - Setting next_dagrun for dataset_s3_bucket_producer to None, run_after=None
[2024-09-03T11:48:51.150+0000] {processor.py:208} INFO - Processing /home/airflow/.local/lib/python3.12/site-packages/airflow/example_dags/example_dataset_alias.py took 1.084 seconds
[2024-09-03T11:49:21.715+0000] {processor.py:186} INFO - Started process (PID=2772) to work on /home/airflow/.local/lib/python3.12/site-packages/airflow/example_dags/example_dataset_alias.py
[2024-09-03T11:49:21.717+0000] {processor.py:914} INFO - Processing file /home/airflow/.local/lib/python3.12/site-packages/airflow/example_dags/example_dataset_alias.py for tasks to queue
[2024-09-03T11:49:21.723+0000] {logging_mixin.py:190} INFO - [2024-09-03T11:49:21.722+0000] {dagbag.py:587} INFO - Filling up the DagBag from /home/airflow/.local/lib/python3.12/site-packages/airflow/example_dags/example_dataset_alias.py
[2024-09-03T11:49:22.381+0000] {processor.py:925} INFO - DAG(s) 'dataset_s3_bucket_producer', 'dataset_alias_example_alias_consumer', 'dataset_s3_bucket_consumer', 'dataset_alias_example_alias_producer' retrieved from /home/airflow/.local/lib/python3.12/site-packages/airflow/example_dags/example_dataset_alias.py
[2024-09-03T11:49:22.426+0000] {logging_mixin.py:190} INFO - [2024-09-03T11:49:22.426+0000] {dag.py:3211} INFO - Sync 4 DAGs
[2024-09-03T11:49:22.471+0000] {logging_mixin.py:190} INFO - [2024-09-03T11:49:22.471+0000] {dag.py:4138} INFO - Setting next_dagrun for dataset_alias_example_alias_consumer to None, run_after=None
[2024-09-03T11:49:22.477+0000] {logging_mixin.py:190} INFO - [2024-09-03T11:49:22.476+0000] {dag.py:4138} INFO - Setting next_dagrun for dataset_alias_example_alias_producer to None, run_after=None
[2024-09-03T11:49:22.480+0000] {logging_mixin.py:190} INFO - [2024-09-03T11:49:22.480+0000] {dag.py:4138} INFO - Setting next_dagrun for dataset_s3_bucket_consumer to None, run_after=None
[2024-09-03T11:49:22.484+0000] {logging_mixin.py:190} INFO - [2024-09-03T11:49:22.484+0000] {dag.py:4138} INFO - Setting next_dagrun for dataset_s3_bucket_producer to None, run_after=None
[2024-09-03T11:49:22.531+0000] {processor.py:208} INFO - Processing /home/airflow/.local/lib/python3.12/site-packages/airflow/example_dags/example_dataset_alias.py took 0.826 seconds
[2024-09-03T11:49:52.870+0000] {processor.py:186} INFO - Started process (PID=2835) to work on /home/airflow/.local/lib/python3.12/site-packages/airflow/example_dags/example_dataset_alias.py
[2024-09-03T11:49:52.873+0000] {processor.py:914} INFO - Processing file /home/airflow/.local/lib/python3.12/site-packages/airflow/example_dags/example_dataset_alias.py for tasks to queue
[2024-09-03T11:49:52.878+0000] {logging_mixin.py:190} INFO - [2024-09-03T11:49:52.877+0000] {dagbag.py:587} INFO - Filling up the DagBag from /home/airflow/.local/lib/python3.12/site-packages/airflow/example_dags/example_dataset_alias.py
[2024-09-03T11:49:53.569+0000] {processor.py:925} INFO - DAG(s) 'dataset_alias_example_alias_consumer', 'dataset_s3_bucket_consumer', 'dataset_s3_bucket_producer', 'dataset_alias_example_alias_producer' retrieved from /home/airflow/.local/lib/python3.12/site-packages/airflow/example_dags/example_dataset_alias.py
[2024-09-03T11:49:53.607+0000] {logging_mixin.py:190} INFO - [2024-09-03T11:49:53.607+0000] {dag.py:3211} INFO - Sync 4 DAGs
[2024-09-03T11:49:53.641+0000] {logging_mixin.py:190} INFO - [2024-09-03T11:49:53.641+0000] {dag.py:4138} INFO - Setting next_dagrun for dataset_alias_example_alias_consumer to None, run_after=None
[2024-09-03T11:49:53.647+0000] {logging_mixin.py:190} INFO - [2024-09-03T11:49:53.647+0000] {dag.py:4138} INFO - Setting next_dagrun for dataset_alias_example_alias_producer to None, run_after=None
[2024-09-03T11:49:53.651+0000] {logging_mixin.py:190} INFO - [2024-09-03T11:49:53.651+0000] {dag.py:4138} INFO - Setting next_dagrun for dataset_s3_bucket_consumer to None, run_after=None
[2024-09-03T11:49:53.655+0000] {logging_mixin.py:190} INFO - [2024-09-03T11:49:53.654+0000] {dag.py:4138} INFO - Setting next_dagrun for dataset_s3_bucket_producer to None, run_after=None
[2024-09-03T11:49:53.712+0000] {processor.py:208} INFO - Processing /home/airflow/.local/lib/python3.12/site-packages/airflow/example_dags/example_dataset_alias.py took 0.856 seconds
[2024-09-03T11:50:23.796+0000] {processor.py:186} INFO - Started process (PID=2898) to work on /home/airflow/.local/lib/python3.12/site-packages/airflow/example_dags/example_dataset_alias.py
[2024-09-03T11:50:23.798+0000] {processor.py:914} INFO - Processing file /home/airflow/.local/lib/python3.12/site-packages/airflow/example_dags/example_dataset_alias.py for tasks to queue
[2024-09-03T11:50:23.801+0000] {logging_mixin.py:190} INFO - [2024-09-03T11:50:23.801+0000] {dagbag.py:587} INFO - Filling up the DagBag from /home/airflow/.local/lib/python3.12/site-packages/airflow/example_dags/example_dataset_alias.py
[2024-09-03T11:50:24.250+0000] {processor.py:925} INFO - DAG(s) 'dataset_alias_example_alias_producer', 'dataset_s3_bucket_consumer', 'dataset_alias_example_alias_consumer', 'dataset_s3_bucket_producer' retrieved from /home/airflow/.local/lib/python3.12/site-packages/airflow/example_dags/example_dataset_alias.py
[2024-09-03T11:50:24.294+0000] {logging_mixin.py:190} INFO - [2024-09-03T11:50:24.293+0000] {dag.py:3211} INFO - Sync 4 DAGs
[2024-09-03T11:50:24.325+0000] {logging_mixin.py:190} INFO - [2024-09-03T11:50:24.325+0000] {dag.py:4138} INFO - Setting next_dagrun for dataset_alias_example_alias_consumer to None, run_after=None
[2024-09-03T11:50:24.330+0000] {logging_mixin.py:190} INFO - [2024-09-03T11:50:24.330+0000] {dag.py:4138} INFO - Setting next_dagrun for dataset_alias_example_alias_producer to None, run_after=None
[2024-09-03T11:50:24.333+0000] {logging_mixin.py:190} INFO - [2024-09-03T11:50:24.333+0000] {dag.py:4138} INFO - Setting next_dagrun for dataset_s3_bucket_consumer to None, run_after=None
[2024-09-03T11:50:24.337+0000] {logging_mixin.py:190} INFO - [2024-09-03T11:50:24.336+0000] {dag.py:4138} INFO - Setting next_dagrun for dataset_s3_bucket_producer to None, run_after=None
[2024-09-03T11:50:24.376+0000] {processor.py:208} INFO - Processing /home/airflow/.local/lib/python3.12/site-packages/airflow/example_dags/example_dataset_alias.py took 0.586 seconds
