[2024-09-03T11:27:32.784+0000] {processor.py:186} INFO - Started process (PID=84) to work on /home/airflow/.local/lib/python3.12/site-packages/airflow/example_dags/example_inlet_event_extra.py
[2024-09-03T11:27:32.786+0000] {processor.py:914} INFO - Processing file /home/airflow/.local/lib/python3.12/site-packages/airflow/example_dags/example_inlet_event_extra.py for tasks to queue
[2024-09-03T11:27:32.791+0000] {logging_mixin.py:190} INFO - [2024-09-03T11:27:32.791+0000] {dagbag.py:587} INFO - Filling up the DagBag from /home/airflow/.local/lib/python3.12/site-packages/airflow/example_dags/example_inlet_event_extra.py
[2024-09-03T11:27:33.203+0000] {processor.py:925} INFO - DAG(s) 'read_dataset_event_from_classic', 'read_dataset_event' retrieved from /home/airflow/.local/lib/python3.12/site-packages/airflow/example_dags/example_inlet_event_extra.py
[2024-09-03T11:27:33.265+0000] {logging_mixin.py:190} INFO - [2024-09-03T11:27:33.264+0000] {dag.py:3211} INFO - Sync 2 DAGs
[2024-09-03T11:27:33.324+0000] {logging_mixin.py:190} INFO - [2024-09-03T11:27:33.324+0000] {dag.py:4138} INFO - Setting next_dagrun for read_dataset_event to 2024-09-02 00:00:00+00:00, run_after=2024-09-03 00:00:00+00:00
[2024-09-03T11:27:33.337+0000] {logging_mixin.py:190} INFO - [2024-09-03T11:27:33.337+0000] {dag.py:4138} INFO - Setting next_dagrun for read_dataset_event_from_classic to 2024-09-02 00:00:00+00:00, run_after=2024-09-03 00:00:00+00:00
[2024-09-03T11:27:33.386+0000] {processor.py:208} INFO - Processing /home/airflow/.local/lib/python3.12/site-packages/airflow/example_dags/example_inlet_event_extra.py took 0.611 seconds
[2024-09-03T11:28:04.024+0000] {processor.py:186} INFO - Started process (PID=147) to work on /home/airflow/.local/lib/python3.12/site-packages/airflow/example_dags/example_inlet_event_extra.py
[2024-09-03T11:28:04.025+0000] {processor.py:914} INFO - Processing file /home/airflow/.local/lib/python3.12/site-packages/airflow/example_dags/example_inlet_event_extra.py for tasks to queue
[2024-09-03T11:28:04.028+0000] {logging_mixin.py:190} INFO - [2024-09-03T11:28:04.027+0000] {dagbag.py:587} INFO - Filling up the DagBag from /home/airflow/.local/lib/python3.12/site-packages/airflow/example_dags/example_inlet_event_extra.py
[2024-09-03T11:28:04.173+0000] {processor.py:925} INFO - DAG(s) 'read_dataset_event', 'read_dataset_event_from_classic' retrieved from /home/airflow/.local/lib/python3.12/site-packages/airflow/example_dags/example_inlet_event_extra.py
[2024-09-03T11:28:04.198+0000] {logging_mixin.py:190} INFO - [2024-09-03T11:28:04.197+0000] {dag.py:3211} INFO - Sync 2 DAGs
[2024-09-03T11:28:04.222+0000] {logging_mixin.py:190} INFO - [2024-09-03T11:28:04.222+0000] {dag.py:4138} INFO - Setting next_dagrun for read_dataset_event to 2024-09-02 00:00:00+00:00, run_after=2024-09-03 00:00:00+00:00
[2024-09-03T11:28:04.227+0000] {logging_mixin.py:190} INFO - [2024-09-03T11:28:04.227+0000] {dag.py:4138} INFO - Setting next_dagrun for read_dataset_event_from_classic to 2024-09-02 00:00:00+00:00, run_after=2024-09-03 00:00:00+00:00
[2024-09-03T11:28:04.250+0000] {processor.py:208} INFO - Processing /home/airflow/.local/lib/python3.12/site-packages/airflow/example_dags/example_inlet_event_extra.py took 0.231 seconds
[2024-09-03T11:28:34.382+0000] {processor.py:186} INFO - Started process (PID=218) to work on /home/airflow/.local/lib/python3.12/site-packages/airflow/example_dags/example_inlet_event_extra.py
[2024-09-03T11:28:34.383+0000] {processor.py:914} INFO - Processing file /home/airflow/.local/lib/python3.12/site-packages/airflow/example_dags/example_inlet_event_extra.py for tasks to queue
[2024-09-03T11:28:34.387+0000] {logging_mixin.py:190} INFO - [2024-09-03T11:28:34.386+0000] {dagbag.py:587} INFO - Filling up the DagBag from /home/airflow/.local/lib/python3.12/site-packages/airflow/example_dags/example_inlet_event_extra.py
[2024-09-03T11:28:34.521+0000] {processor.py:925} INFO - DAG(s) 'read_dataset_event_from_classic', 'read_dataset_event' retrieved from /home/airflow/.local/lib/python3.12/site-packages/airflow/example_dags/example_inlet_event_extra.py
[2024-09-03T11:28:34.549+0000] {logging_mixin.py:190} INFO - [2024-09-03T11:28:34.549+0000] {dag.py:3211} INFO - Sync 2 DAGs
[2024-09-03T11:28:34.582+0000] {logging_mixin.py:190} INFO - [2024-09-03T11:28:34.581+0000] {dag.py:4138} INFO - Setting next_dagrun for read_dataset_event to 2024-09-02 00:00:00+00:00, run_after=2024-09-03 00:00:00+00:00
[2024-09-03T11:28:34.589+0000] {logging_mixin.py:190} INFO - [2024-09-03T11:28:34.588+0000] {dag.py:4138} INFO - Setting next_dagrun for read_dataset_event_from_classic to 2024-09-02 00:00:00+00:00, run_after=2024-09-03 00:00:00+00:00
[2024-09-03T11:28:34.618+0000] {processor.py:208} INFO - Processing /home/airflow/.local/lib/python3.12/site-packages/airflow/example_dags/example_inlet_event_extra.py took 0.246 seconds
[2024-09-03T11:29:04.861+0000] {processor.py:186} INFO - Started process (PID=281) to work on /home/airflow/.local/lib/python3.12/site-packages/airflow/example_dags/example_inlet_event_extra.py
[2024-09-03T11:29:04.863+0000] {processor.py:914} INFO - Processing file /home/airflow/.local/lib/python3.12/site-packages/airflow/example_dags/example_inlet_event_extra.py for tasks to queue
[2024-09-03T11:29:04.866+0000] {logging_mixin.py:190} INFO - [2024-09-03T11:29:04.866+0000] {dagbag.py:587} INFO - Filling up the DagBag from /home/airflow/.local/lib/python3.12/site-packages/airflow/example_dags/example_inlet_event_extra.py
[2024-09-03T11:29:05.012+0000] {processor.py:925} INFO - DAG(s) 'read_dataset_event', 'read_dataset_event_from_classic' retrieved from /home/airflow/.local/lib/python3.12/site-packages/airflow/example_dags/example_inlet_event_extra.py
[2024-09-03T11:29:05.049+0000] {logging_mixin.py:190} INFO - [2024-09-03T11:29:05.048+0000] {dag.py:3211} INFO - Sync 2 DAGs
[2024-09-03T11:29:05.076+0000] {logging_mixin.py:190} INFO - [2024-09-03T11:29:05.076+0000] {dag.py:4138} INFO - Setting next_dagrun for read_dataset_event to 2024-09-02 00:00:00+00:00, run_after=2024-09-03 00:00:00+00:00
[2024-09-03T11:29:05.082+0000] {logging_mixin.py:190} INFO - [2024-09-03T11:29:05.082+0000] {dag.py:4138} INFO - Setting next_dagrun for read_dataset_event_from_classic to 2024-09-02 00:00:00+00:00, run_after=2024-09-03 00:00:00+00:00
[2024-09-03T11:29:05.108+0000] {processor.py:208} INFO - Processing /home/airflow/.local/lib/python3.12/site-packages/airflow/example_dags/example_inlet_event_extra.py took 0.253 seconds
[2024-09-03T11:29:35.529+0000] {processor.py:186} INFO - Started process (PID=344) to work on /home/airflow/.local/lib/python3.12/site-packages/airflow/example_dags/example_inlet_event_extra.py
[2024-09-03T11:29:35.530+0000] {processor.py:914} INFO - Processing file /home/airflow/.local/lib/python3.12/site-packages/airflow/example_dags/example_inlet_event_extra.py for tasks to queue
[2024-09-03T11:29:35.533+0000] {logging_mixin.py:190} INFO - [2024-09-03T11:29:35.533+0000] {dagbag.py:587} INFO - Filling up the DagBag from /home/airflow/.local/lib/python3.12/site-packages/airflow/example_dags/example_inlet_event_extra.py
[2024-09-03T11:29:35.721+0000] {processor.py:925} INFO - DAG(s) 'read_dataset_event_from_classic', 'read_dataset_event' retrieved from /home/airflow/.local/lib/python3.12/site-packages/airflow/example_dags/example_inlet_event_extra.py
[2024-09-03T11:29:35.753+0000] {logging_mixin.py:190} INFO - [2024-09-03T11:29:35.753+0000] {dag.py:3211} INFO - Sync 2 DAGs
[2024-09-03T11:29:35.797+0000] {logging_mixin.py:190} INFO - [2024-09-03T11:29:35.797+0000] {dag.py:4138} INFO - Setting next_dagrun for read_dataset_event to 2024-09-02 00:00:00+00:00, run_after=2024-09-03 00:00:00+00:00
[2024-09-03T11:29:35.808+0000] {logging_mixin.py:190} INFO - [2024-09-03T11:29:35.808+0000] {dag.py:4138} INFO - Setting next_dagrun for read_dataset_event_from_classic to 2024-09-02 00:00:00+00:00, run_after=2024-09-03 00:00:00+00:00
[2024-09-03T11:29:35.843+0000] {processor.py:208} INFO - Processing /home/airflow/.local/lib/python3.12/site-packages/airflow/example_dags/example_inlet_event_extra.py took 0.320 seconds
[2024-09-03T11:30:06.388+0000] {processor.py:186} INFO - Started process (PID=407) to work on /home/airflow/.local/lib/python3.12/site-packages/airflow/example_dags/example_inlet_event_extra.py
[2024-09-03T11:30:06.390+0000] {processor.py:914} INFO - Processing file /home/airflow/.local/lib/python3.12/site-packages/airflow/example_dags/example_inlet_event_extra.py for tasks to queue
[2024-09-03T11:30:06.392+0000] {logging_mixin.py:190} INFO - [2024-09-03T11:30:06.392+0000] {dagbag.py:587} INFO - Filling up the DagBag from /home/airflow/.local/lib/python3.12/site-packages/airflow/example_dags/example_inlet_event_extra.py
[2024-09-03T11:30:06.565+0000] {processor.py:925} INFO - DAG(s) 'read_dataset_event', 'read_dataset_event_from_classic' retrieved from /home/airflow/.local/lib/python3.12/site-packages/airflow/example_dags/example_inlet_event_extra.py
[2024-09-03T11:30:06.596+0000] {logging_mixin.py:190} INFO - [2024-09-03T11:30:06.596+0000] {dag.py:3211} INFO - Sync 2 DAGs
[2024-09-03T11:30:06.630+0000] {logging_mixin.py:190} INFO - [2024-09-03T11:30:06.630+0000] {dag.py:4138} INFO - Setting next_dagrun for read_dataset_event to 2024-09-02 00:00:00+00:00, run_after=2024-09-03 00:00:00+00:00
[2024-09-03T11:30:06.635+0000] {logging_mixin.py:190} INFO - [2024-09-03T11:30:06.635+0000] {dag.py:4138} INFO - Setting next_dagrun for read_dataset_event_from_classic to 2024-09-02 00:00:00+00:00, run_after=2024-09-03 00:00:00+00:00
[2024-09-03T11:30:06.659+0000] {processor.py:208} INFO - Processing /home/airflow/.local/lib/python3.12/site-packages/airflow/example_dags/example_inlet_event_extra.py took 0.278 seconds
[2024-09-03T11:30:36.840+0000] {processor.py:186} INFO - Started process (PID=472) to work on /home/airflow/.local/lib/python3.12/site-packages/airflow/example_dags/example_inlet_event_extra.py
[2024-09-03T11:30:36.841+0000] {processor.py:914} INFO - Processing file /home/airflow/.local/lib/python3.12/site-packages/airflow/example_dags/example_inlet_event_extra.py for tasks to queue
[2024-09-03T11:30:36.844+0000] {logging_mixin.py:190} INFO - [2024-09-03T11:30:36.844+0000] {dagbag.py:587} INFO - Filling up the DagBag from /home/airflow/.local/lib/python3.12/site-packages/airflow/example_dags/example_inlet_event_extra.py
[2024-09-03T11:30:37.004+0000] {processor.py:925} INFO - DAG(s) 'read_dataset_event_from_classic', 'read_dataset_event' retrieved from /home/airflow/.local/lib/python3.12/site-packages/airflow/example_dags/example_inlet_event_extra.py
[2024-09-03T11:30:37.032+0000] {logging_mixin.py:190} INFO - [2024-09-03T11:30:37.032+0000] {dag.py:3211} INFO - Sync 2 DAGs
[2024-09-03T11:30:37.067+0000] {logging_mixin.py:190} INFO - [2024-09-03T11:30:37.067+0000] {dag.py:4138} INFO - Setting next_dagrun for read_dataset_event to 2024-09-02 00:00:00+00:00, run_after=2024-09-03 00:00:00+00:00
[2024-09-03T11:30:37.074+0000] {logging_mixin.py:190} INFO - [2024-09-03T11:30:37.073+0000] {dag.py:4138} INFO - Setting next_dagrun for read_dataset_event_from_classic to 2024-09-02 00:00:00+00:00, run_after=2024-09-03 00:00:00+00:00
[2024-09-03T11:30:37.097+0000] {processor.py:208} INFO - Processing /home/airflow/.local/lib/python3.12/site-packages/airflow/example_dags/example_inlet_event_extra.py took 0.262 seconds
[2024-09-03T11:31:07.428+0000] {processor.py:186} INFO - Started process (PID=537) to work on /home/airflow/.local/lib/python3.12/site-packages/airflow/example_dags/example_inlet_event_extra.py
[2024-09-03T11:31:07.430+0000] {processor.py:914} INFO - Processing file /home/airflow/.local/lib/python3.12/site-packages/airflow/example_dags/example_inlet_event_extra.py for tasks to queue
[2024-09-03T11:31:07.435+0000] {logging_mixin.py:190} INFO - [2024-09-03T11:31:07.434+0000] {dagbag.py:587} INFO - Filling up the DagBag from /home/airflow/.local/lib/python3.12/site-packages/airflow/example_dags/example_inlet_event_extra.py
[2024-09-03T11:31:07.810+0000] {processor.py:925} INFO - DAG(s) 'read_dataset_event', 'read_dataset_event_from_classic' retrieved from /home/airflow/.local/lib/python3.12/site-packages/airflow/example_dags/example_inlet_event_extra.py
[2024-09-03T11:31:07.862+0000] {logging_mixin.py:190} INFO - [2024-09-03T11:31:07.861+0000] {dag.py:3211} INFO - Sync 2 DAGs
[2024-09-03T11:31:07.932+0000] {logging_mixin.py:190} INFO - [2024-09-03T11:31:07.932+0000] {dag.py:4138} INFO - Setting next_dagrun for read_dataset_event to 2024-09-02 00:00:00+00:00, run_after=2024-09-03 00:00:00+00:00
[2024-09-03T11:31:07.952+0000] {logging_mixin.py:190} INFO - [2024-09-03T11:31:07.951+0000] {dag.py:4138} INFO - Setting next_dagrun for read_dataset_event_from_classic to 2024-09-02 00:00:00+00:00, run_after=2024-09-03 00:00:00+00:00
[2024-09-03T11:31:08.001+0000] {processor.py:208} INFO - Processing /home/airflow/.local/lib/python3.12/site-packages/airflow/example_dags/example_inlet_event_extra.py took 0.585 seconds
[2024-09-03T11:31:38.813+0000] {processor.py:186} INFO - Started process (PID=600) to work on /home/airflow/.local/lib/python3.12/site-packages/airflow/example_dags/example_inlet_event_extra.py
[2024-09-03T11:31:38.819+0000] {processor.py:914} INFO - Processing file /home/airflow/.local/lib/python3.12/site-packages/airflow/example_dags/example_inlet_event_extra.py for tasks to queue
[2024-09-03T11:31:38.826+0000] {logging_mixin.py:190} INFO - [2024-09-03T11:31:38.825+0000] {dagbag.py:587} INFO - Filling up the DagBag from /home/airflow/.local/lib/python3.12/site-packages/airflow/example_dags/example_inlet_event_extra.py
[2024-09-03T11:31:39.039+0000] {processor.py:925} INFO - DAG(s) 'read_dataset_event', 'read_dataset_event_from_classic' retrieved from /home/airflow/.local/lib/python3.12/site-packages/airflow/example_dags/example_inlet_event_extra.py
[2024-09-03T11:31:39.072+0000] {logging_mixin.py:190} INFO - [2024-09-03T11:31:39.072+0000] {dag.py:3211} INFO - Sync 2 DAGs
[2024-09-03T11:31:39.114+0000] {logging_mixin.py:190} INFO - [2024-09-03T11:31:39.114+0000] {dag.py:4138} INFO - Setting next_dagrun for read_dataset_event to 2024-09-02 00:00:00+00:00, run_after=2024-09-03 00:00:00+00:00
[2024-09-03T11:31:39.123+0000] {logging_mixin.py:190} INFO - [2024-09-03T11:31:39.123+0000] {dag.py:4138} INFO - Setting next_dagrun for read_dataset_event_from_classic to 2024-09-02 00:00:00+00:00, run_after=2024-09-03 00:00:00+00:00
[2024-09-03T11:31:39.150+0000] {processor.py:208} INFO - Processing /home/airflow/.local/lib/python3.12/site-packages/airflow/example_dags/example_inlet_event_extra.py took 0.343 seconds
[2024-09-03T11:32:09.419+0000] {processor.py:186} INFO - Started process (PID=664) to work on /home/airflow/.local/lib/python3.12/site-packages/airflow/example_dags/example_inlet_event_extra.py
[2024-09-03T11:32:09.421+0000] {processor.py:914} INFO - Processing file /home/airflow/.local/lib/python3.12/site-packages/airflow/example_dags/example_inlet_event_extra.py for tasks to queue
[2024-09-03T11:32:09.423+0000] {logging_mixin.py:190} INFO - [2024-09-03T11:32:09.423+0000] {dagbag.py:587} INFO - Filling up the DagBag from /home/airflow/.local/lib/python3.12/site-packages/airflow/example_dags/example_inlet_event_extra.py
[2024-09-03T11:32:09.569+0000] {processor.py:925} INFO - DAG(s) 'read_dataset_event_from_classic', 'read_dataset_event' retrieved from /home/airflow/.local/lib/python3.12/site-packages/airflow/example_dags/example_inlet_event_extra.py
[2024-09-03T11:32:09.594+0000] {logging_mixin.py:190} INFO - [2024-09-03T11:32:09.594+0000] {dag.py:3211} INFO - Sync 2 DAGs
[2024-09-03T11:32:09.619+0000] {logging_mixin.py:190} INFO - [2024-09-03T11:32:09.619+0000] {dag.py:4138} INFO - Setting next_dagrun for read_dataset_event to 2024-09-02 00:00:00+00:00, run_after=2024-09-03 00:00:00+00:00
[2024-09-03T11:32:09.625+0000] {logging_mixin.py:190} INFO - [2024-09-03T11:32:09.625+0000] {dag.py:4138} INFO - Setting next_dagrun for read_dataset_event_from_classic to 2024-09-02 00:00:00+00:00, run_after=2024-09-03 00:00:00+00:00
[2024-09-03T11:32:09.648+0000] {processor.py:208} INFO - Processing /home/airflow/.local/lib/python3.12/site-packages/airflow/example_dags/example_inlet_event_extra.py took 0.234 seconds
[2024-09-03T11:32:39.828+0000] {processor.py:186} INFO - Started process (PID=728) to work on /home/airflow/.local/lib/python3.12/site-packages/airflow/example_dags/example_inlet_event_extra.py
[2024-09-03T11:32:39.830+0000] {processor.py:914} INFO - Processing file /home/airflow/.local/lib/python3.12/site-packages/airflow/example_dags/example_inlet_event_extra.py for tasks to queue
[2024-09-03T11:32:39.833+0000] {logging_mixin.py:190} INFO - [2024-09-03T11:32:39.832+0000] {dagbag.py:587} INFO - Filling up the DagBag from /home/airflow/.local/lib/python3.12/site-packages/airflow/example_dags/example_inlet_event_extra.py
[2024-09-03T11:32:40.007+0000] {processor.py:925} INFO - DAG(s) 'read_dataset_event', 'read_dataset_event_from_classic' retrieved from /home/airflow/.local/lib/python3.12/site-packages/airflow/example_dags/example_inlet_event_extra.py
[2024-09-03T11:32:40.041+0000] {logging_mixin.py:190} INFO - [2024-09-03T11:32:40.041+0000] {dag.py:3211} INFO - Sync 2 DAGs
[2024-09-03T11:32:40.071+0000] {logging_mixin.py:190} INFO - [2024-09-03T11:32:40.071+0000] {dag.py:4138} INFO - Setting next_dagrun for read_dataset_event to 2024-09-02 00:00:00+00:00, run_after=2024-09-03 00:00:00+00:00
[2024-09-03T11:32:40.078+0000] {logging_mixin.py:190} INFO - [2024-09-03T11:32:40.078+0000] {dag.py:4138} INFO - Setting next_dagrun for read_dataset_event_from_classic to 2024-09-02 00:00:00+00:00, run_after=2024-09-03 00:00:00+00:00
[2024-09-03T11:32:40.103+0000] {processor.py:208} INFO - Processing /home/airflow/.local/lib/python3.12/site-packages/airflow/example_dags/example_inlet_event_extra.py took 0.285 seconds
[2024-09-03T11:33:10.373+0000] {processor.py:186} INFO - Started process (PID=789) to work on /home/airflow/.local/lib/python3.12/site-packages/airflow/example_dags/example_inlet_event_extra.py
[2024-09-03T11:33:10.375+0000] {processor.py:914} INFO - Processing file /home/airflow/.local/lib/python3.12/site-packages/airflow/example_dags/example_inlet_event_extra.py for tasks to queue
[2024-09-03T11:33:10.378+0000] {logging_mixin.py:190} INFO - [2024-09-03T11:33:10.377+0000] {dagbag.py:587} INFO - Filling up the DagBag from /home/airflow/.local/lib/python3.12/site-packages/airflow/example_dags/example_inlet_event_extra.py
[2024-09-03T11:33:10.590+0000] {processor.py:925} INFO - DAG(s) 'read_dataset_event_from_classic', 'read_dataset_event' retrieved from /home/airflow/.local/lib/python3.12/site-packages/airflow/example_dags/example_inlet_event_extra.py
[2024-09-03T11:33:10.628+0000] {logging_mixin.py:190} INFO - [2024-09-03T11:33:10.628+0000] {dag.py:3211} INFO - Sync 2 DAGs
[2024-09-03T11:33:10.661+0000] {logging_mixin.py:190} INFO - [2024-09-03T11:33:10.661+0000] {dag.py:4138} INFO - Setting next_dagrun for read_dataset_event to 2024-09-02 00:00:00+00:00, run_after=2024-09-03 00:00:00+00:00
[2024-09-03T11:33:10.667+0000] {logging_mixin.py:190} INFO - [2024-09-03T11:33:10.667+0000] {dag.py:4138} INFO - Setting next_dagrun for read_dataset_event_from_classic to 2024-09-02 00:00:00+00:00, run_after=2024-09-03 00:00:00+00:00
[2024-09-03T11:33:10.695+0000] {processor.py:208} INFO - Processing /home/airflow/.local/lib/python3.12/site-packages/airflow/example_dags/example_inlet_event_extra.py took 0.327 seconds
[2024-09-03T11:33:40.755+0000] {processor.py:186} INFO - Started process (PID=852) to work on /home/airflow/.local/lib/python3.12/site-packages/airflow/example_dags/example_inlet_event_extra.py
[2024-09-03T11:33:40.757+0000] {processor.py:914} INFO - Processing file /home/airflow/.local/lib/python3.12/site-packages/airflow/example_dags/example_inlet_event_extra.py for tasks to queue
[2024-09-03T11:33:40.759+0000] {logging_mixin.py:190} INFO - [2024-09-03T11:33:40.759+0000] {dagbag.py:587} INFO - Filling up the DagBag from /home/airflow/.local/lib/python3.12/site-packages/airflow/example_dags/example_inlet_event_extra.py
[2024-09-03T11:33:40.919+0000] {processor.py:925} INFO - DAG(s) 'read_dataset_event_from_classic', 'read_dataset_event' retrieved from /home/airflow/.local/lib/python3.12/site-packages/airflow/example_dags/example_inlet_event_extra.py
[2024-09-03T11:33:40.949+0000] {logging_mixin.py:190} INFO - [2024-09-03T11:33:40.949+0000] {dag.py:3211} INFO - Sync 2 DAGs
[2024-09-03T11:33:40.986+0000] {logging_mixin.py:190} INFO - [2024-09-03T11:33:40.985+0000] {dag.py:4138} INFO - Setting next_dagrun for read_dataset_event to 2024-09-02 00:00:00+00:00, run_after=2024-09-03 00:00:00+00:00
[2024-09-03T11:33:40.993+0000] {logging_mixin.py:190} INFO - [2024-09-03T11:33:40.993+0000] {dag.py:4138} INFO - Setting next_dagrun for read_dataset_event_from_classic to 2024-09-02 00:00:00+00:00, run_after=2024-09-03 00:00:00+00:00
[2024-09-03T11:33:41.018+0000] {processor.py:208} INFO - Processing /home/airflow/.local/lib/python3.12/site-packages/airflow/example_dags/example_inlet_event_extra.py took 0.268 seconds
[2024-09-03T11:34:11.323+0000] {processor.py:186} INFO - Started process (PID=915) to work on /home/airflow/.local/lib/python3.12/site-packages/airflow/example_dags/example_inlet_event_extra.py
[2024-09-03T11:34:11.324+0000] {processor.py:914} INFO - Processing file /home/airflow/.local/lib/python3.12/site-packages/airflow/example_dags/example_inlet_event_extra.py for tasks to queue
[2024-09-03T11:34:11.327+0000] {logging_mixin.py:190} INFO - [2024-09-03T11:34:11.327+0000] {dagbag.py:587} INFO - Filling up the DagBag from /home/airflow/.local/lib/python3.12/site-packages/airflow/example_dags/example_inlet_event_extra.py
[2024-09-03T11:34:11.500+0000] {processor.py:925} INFO - DAG(s) 'read_dataset_event_from_classic', 'read_dataset_event' retrieved from /home/airflow/.local/lib/python3.12/site-packages/airflow/example_dags/example_inlet_event_extra.py
[2024-09-03T11:34:11.535+0000] {logging_mixin.py:190} INFO - [2024-09-03T11:34:11.534+0000] {dag.py:3211} INFO - Sync 2 DAGs
[2024-09-03T11:34:11.572+0000] {logging_mixin.py:190} INFO - [2024-09-03T11:34:11.572+0000] {dag.py:4138} INFO - Setting next_dagrun for read_dataset_event to 2024-09-02 00:00:00+00:00, run_after=2024-09-03 00:00:00+00:00
[2024-09-03T11:34:11.581+0000] {logging_mixin.py:190} INFO - [2024-09-03T11:34:11.581+0000] {dag.py:4138} INFO - Setting next_dagrun for read_dataset_event_from_classic to 2024-09-02 00:00:00+00:00, run_after=2024-09-03 00:00:00+00:00
[2024-09-03T11:34:11.608+0000] {processor.py:208} INFO - Processing /home/airflow/.local/lib/python3.12/site-packages/airflow/example_dags/example_inlet_event_extra.py took 0.292 seconds
[2024-09-03T11:34:42.035+0000] {processor.py:186} INFO - Started process (PID=978) to work on /home/airflow/.local/lib/python3.12/site-packages/airflow/example_dags/example_inlet_event_extra.py
[2024-09-03T11:34:42.037+0000] {processor.py:914} INFO - Processing file /home/airflow/.local/lib/python3.12/site-packages/airflow/example_dags/example_inlet_event_extra.py for tasks to queue
[2024-09-03T11:34:42.040+0000] {logging_mixin.py:190} INFO - [2024-09-03T11:34:42.039+0000] {dagbag.py:587} INFO - Filling up the DagBag from /home/airflow/.local/lib/python3.12/site-packages/airflow/example_dags/example_inlet_event_extra.py
[2024-09-03T11:34:42.280+0000] {processor.py:925} INFO - DAG(s) 'read_dataset_event_from_classic', 'read_dataset_event' retrieved from /home/airflow/.local/lib/python3.12/site-packages/airflow/example_dags/example_inlet_event_extra.py
[2024-09-03T11:34:42.314+0000] {logging_mixin.py:190} INFO - [2024-09-03T11:34:42.314+0000] {dag.py:3211} INFO - Sync 2 DAGs
[2024-09-03T11:34:42.374+0000] {logging_mixin.py:190} INFO - [2024-09-03T11:34:42.373+0000] {dag.py:4138} INFO - Setting next_dagrun for read_dataset_event to 2024-09-02 00:00:00+00:00, run_after=2024-09-03 00:00:00+00:00
[2024-09-03T11:34:42.386+0000] {logging_mixin.py:190} INFO - [2024-09-03T11:34:42.385+0000] {dag.py:4138} INFO - Setting next_dagrun for read_dataset_event_from_classic to 2024-09-02 00:00:00+00:00, run_after=2024-09-03 00:00:00+00:00
[2024-09-03T11:34:42.438+0000] {processor.py:208} INFO - Processing /home/airflow/.local/lib/python3.12/site-packages/airflow/example_dags/example_inlet_event_extra.py took 0.410 seconds
[2024-09-03T11:35:13.396+0000] {processor.py:186} INFO - Started process (PID=1041) to work on /home/airflow/.local/lib/python3.12/site-packages/airflow/example_dags/example_inlet_event_extra.py
[2024-09-03T11:35:13.398+0000] {processor.py:914} INFO - Processing file /home/airflow/.local/lib/python3.12/site-packages/airflow/example_dags/example_inlet_event_extra.py for tasks to queue
[2024-09-03T11:35:13.402+0000] {logging_mixin.py:190} INFO - [2024-09-03T11:35:13.401+0000] {dagbag.py:587} INFO - Filling up the DagBag from /home/airflow/.local/lib/python3.12/site-packages/airflow/example_dags/example_inlet_event_extra.py
[2024-09-03T11:35:13.700+0000] {processor.py:925} INFO - DAG(s) 'read_dataset_event', 'read_dataset_event_from_classic' retrieved from /home/airflow/.local/lib/python3.12/site-packages/airflow/example_dags/example_inlet_event_extra.py
[2024-09-03T11:35:13.726+0000] {logging_mixin.py:190} INFO - [2024-09-03T11:35:13.725+0000] {dag.py:3211} INFO - Sync 2 DAGs
[2024-09-03T11:35:13.758+0000] {logging_mixin.py:190} INFO - [2024-09-03T11:35:13.758+0000] {dag.py:4138} INFO - Setting next_dagrun for read_dataset_event to 2024-09-02 00:00:00+00:00, run_after=2024-09-03 00:00:00+00:00
[2024-09-03T11:35:13.764+0000] {logging_mixin.py:190} INFO - [2024-09-03T11:35:13.764+0000] {dag.py:4138} INFO - Setting next_dagrun for read_dataset_event_from_classic to 2024-09-02 00:00:00+00:00, run_after=2024-09-03 00:00:00+00:00
[2024-09-03T11:35:13.787+0000] {processor.py:208} INFO - Processing /home/airflow/.local/lib/python3.12/site-packages/airflow/example_dags/example_inlet_event_extra.py took 0.400 seconds
[2024-09-03T11:35:43.908+0000] {processor.py:186} INFO - Started process (PID=1105) to work on /home/airflow/.local/lib/python3.12/site-packages/airflow/example_dags/example_inlet_event_extra.py
[2024-09-03T11:35:43.910+0000] {processor.py:914} INFO - Processing file /home/airflow/.local/lib/python3.12/site-packages/airflow/example_dags/example_inlet_event_extra.py for tasks to queue
[2024-09-03T11:35:43.912+0000] {logging_mixin.py:190} INFO - [2024-09-03T11:35:43.912+0000] {dagbag.py:587} INFO - Filling up the DagBag from /home/airflow/.local/lib/python3.12/site-packages/airflow/example_dags/example_inlet_event_extra.py
[2024-09-03T11:35:44.049+0000] {processor.py:925} INFO - DAG(s) 'read_dataset_event_from_classic', 'read_dataset_event' retrieved from /home/airflow/.local/lib/python3.12/site-packages/airflow/example_dags/example_inlet_event_extra.py
[2024-09-03T11:35:44.076+0000] {logging_mixin.py:190} INFO - [2024-09-03T11:35:44.076+0000] {dag.py:3211} INFO - Sync 2 DAGs
[2024-09-03T11:35:44.103+0000] {logging_mixin.py:190} INFO - [2024-09-03T11:35:44.102+0000] {dag.py:4138} INFO - Setting next_dagrun for read_dataset_event to 2024-09-02 00:00:00+00:00, run_after=2024-09-03 00:00:00+00:00
[2024-09-03T11:35:44.108+0000] {logging_mixin.py:190} INFO - [2024-09-03T11:35:44.108+0000] {dag.py:4138} INFO - Setting next_dagrun for read_dataset_event_from_classic to 2024-09-02 00:00:00+00:00, run_after=2024-09-03 00:00:00+00:00
[2024-09-03T11:35:44.131+0000] {processor.py:208} INFO - Processing /home/airflow/.local/lib/python3.12/site-packages/airflow/example_dags/example_inlet_event_extra.py took 0.228 seconds
[2024-09-03T11:36:14.752+0000] {processor.py:186} INFO - Started process (PID=1167) to work on /home/airflow/.local/lib/python3.12/site-packages/airflow/example_dags/example_inlet_event_extra.py
[2024-09-03T11:36:14.753+0000] {processor.py:914} INFO - Processing file /home/airflow/.local/lib/python3.12/site-packages/airflow/example_dags/example_inlet_event_extra.py for tasks to queue
[2024-09-03T11:36:14.755+0000] {logging_mixin.py:190} INFO - [2024-09-03T11:36:14.755+0000] {dagbag.py:587} INFO - Filling up the DagBag from /home/airflow/.local/lib/python3.12/site-packages/airflow/example_dags/example_inlet_event_extra.py
[2024-09-03T11:36:14.884+0000] {processor.py:925} INFO - DAG(s) 'read_dataset_event_from_classic', 'read_dataset_event' retrieved from /home/airflow/.local/lib/python3.12/site-packages/airflow/example_dags/example_inlet_event_extra.py
[2024-09-03T11:36:14.911+0000] {logging_mixin.py:190} INFO - [2024-09-03T11:36:14.910+0000] {dag.py:3211} INFO - Sync 2 DAGs
[2024-09-03T11:36:14.940+0000] {logging_mixin.py:190} INFO - [2024-09-03T11:36:14.940+0000] {dag.py:4138} INFO - Setting next_dagrun for read_dataset_event to 2024-09-02 00:00:00+00:00, run_after=2024-09-03 00:00:00+00:00
[2024-09-03T11:36:14.947+0000] {logging_mixin.py:190} INFO - [2024-09-03T11:36:14.946+0000] {dag.py:4138} INFO - Setting next_dagrun for read_dataset_event_from_classic to 2024-09-02 00:00:00+00:00, run_after=2024-09-03 00:00:00+00:00
[2024-09-03T11:36:14.977+0000] {processor.py:208} INFO - Processing /home/airflow/.local/lib/python3.12/site-packages/airflow/example_dags/example_inlet_event_extra.py took 0.230 seconds
[2024-09-03T11:36:45.109+0000] {processor.py:186} INFO - Started process (PID=1230) to work on /home/airflow/.local/lib/python3.12/site-packages/airflow/example_dags/example_inlet_event_extra.py
[2024-09-03T11:36:45.111+0000] {processor.py:914} INFO - Processing file /home/airflow/.local/lib/python3.12/site-packages/airflow/example_dags/example_inlet_event_extra.py for tasks to queue
[2024-09-03T11:36:45.115+0000] {logging_mixin.py:190} INFO - [2024-09-03T11:36:45.114+0000] {dagbag.py:587} INFO - Filling up the DagBag from /home/airflow/.local/lib/python3.12/site-packages/airflow/example_dags/example_inlet_event_extra.py
[2024-09-03T11:36:45.376+0000] {processor.py:925} INFO - DAG(s) 'read_dataset_event_from_classic', 'read_dataset_event' retrieved from /home/airflow/.local/lib/python3.12/site-packages/airflow/example_dags/example_inlet_event_extra.py
[2024-09-03T11:36:45.412+0000] {logging_mixin.py:190} INFO - [2024-09-03T11:36:45.411+0000] {dag.py:3211} INFO - Sync 2 DAGs
[2024-09-03T11:36:45.451+0000] {logging_mixin.py:190} INFO - [2024-09-03T11:36:45.451+0000] {dag.py:4138} INFO - Setting next_dagrun for read_dataset_event to 2024-09-02 00:00:00+00:00, run_after=2024-09-03 00:00:00+00:00
[2024-09-03T11:36:45.457+0000] {logging_mixin.py:190} INFO - [2024-09-03T11:36:45.457+0000] {dag.py:4138} INFO - Setting next_dagrun for read_dataset_event_from_classic to 2024-09-02 00:00:00+00:00, run_after=2024-09-03 00:00:00+00:00
[2024-09-03T11:36:45.485+0000] {processor.py:208} INFO - Processing /home/airflow/.local/lib/python3.12/site-packages/airflow/example_dags/example_inlet_event_extra.py took 0.385 seconds
[2024-09-03T11:37:15.939+0000] {processor.py:186} INFO - Started process (PID=1291) to work on /home/airflow/.local/lib/python3.12/site-packages/airflow/example_dags/example_inlet_event_extra.py
[2024-09-03T11:37:15.941+0000] {processor.py:914} INFO - Processing file /home/airflow/.local/lib/python3.12/site-packages/airflow/example_dags/example_inlet_event_extra.py for tasks to queue
[2024-09-03T11:37:15.945+0000] {logging_mixin.py:190} INFO - [2024-09-03T11:37:15.944+0000] {dagbag.py:587} INFO - Filling up the DagBag from /home/airflow/.local/lib/python3.12/site-packages/airflow/example_dags/example_inlet_event_extra.py
[2024-09-03T11:37:16.186+0000] {processor.py:925} INFO - DAG(s) 'read_dataset_event_from_classic', 'read_dataset_event' retrieved from /home/airflow/.local/lib/python3.12/site-packages/airflow/example_dags/example_inlet_event_extra.py
[2024-09-03T11:37:16.222+0000] {logging_mixin.py:190} INFO - [2024-09-03T11:37:16.222+0000] {dag.py:3211} INFO - Sync 2 DAGs
[2024-09-03T11:37:16.264+0000] {logging_mixin.py:190} INFO - [2024-09-03T11:37:16.263+0000] {dag.py:4138} INFO - Setting next_dagrun for read_dataset_event to 2024-09-02 00:00:00+00:00, run_after=2024-09-03 00:00:00+00:00
[2024-09-03T11:37:16.272+0000] {logging_mixin.py:190} INFO - [2024-09-03T11:37:16.271+0000] {dag.py:4138} INFO - Setting next_dagrun for read_dataset_event_from_classic to 2024-09-02 00:00:00+00:00, run_after=2024-09-03 00:00:00+00:00
[2024-09-03T11:37:16.306+0000] {processor.py:208} INFO - Processing /home/airflow/.local/lib/python3.12/site-packages/airflow/example_dags/example_inlet_event_extra.py took 0.376 seconds
[2024-09-03T11:37:47.191+0000] {processor.py:186} INFO - Started process (PID=1355) to work on /home/airflow/.local/lib/python3.12/site-packages/airflow/example_dags/example_inlet_event_extra.py
[2024-09-03T11:37:47.193+0000] {processor.py:914} INFO - Processing file /home/airflow/.local/lib/python3.12/site-packages/airflow/example_dags/example_inlet_event_extra.py for tasks to queue
[2024-09-03T11:37:47.196+0000] {logging_mixin.py:190} INFO - [2024-09-03T11:37:47.196+0000] {dagbag.py:587} INFO - Filling up the DagBag from /home/airflow/.local/lib/python3.12/site-packages/airflow/example_dags/example_inlet_event_extra.py
[2024-09-03T11:37:47.424+0000] {processor.py:925} INFO - DAG(s) 'read_dataset_event', 'read_dataset_event_from_classic' retrieved from /home/airflow/.local/lib/python3.12/site-packages/airflow/example_dags/example_inlet_event_extra.py
[2024-09-03T11:37:47.463+0000] {logging_mixin.py:190} INFO - [2024-09-03T11:37:47.462+0000] {dag.py:3211} INFO - Sync 2 DAGs
[2024-09-03T11:37:47.496+0000] {logging_mixin.py:190} INFO - [2024-09-03T11:37:47.495+0000] {dag.py:4138} INFO - Setting next_dagrun for read_dataset_event to 2024-09-02 00:00:00+00:00, run_after=2024-09-03 00:00:00+00:00
[2024-09-03T11:37:47.502+0000] {logging_mixin.py:190} INFO - [2024-09-03T11:37:47.502+0000] {dag.py:4138} INFO - Setting next_dagrun for read_dataset_event_from_classic to 2024-09-02 00:00:00+00:00, run_after=2024-09-03 00:00:00+00:00
[2024-09-03T11:37:47.530+0000] {processor.py:208} INFO - Processing /home/airflow/.local/lib/python3.12/site-packages/airflow/example_dags/example_inlet_event_extra.py took 0.346 seconds
[2024-09-03T11:38:18.136+0000] {processor.py:186} INFO - Started process (PID=1418) to work on /home/airflow/.local/lib/python3.12/site-packages/airflow/example_dags/example_inlet_event_extra.py
[2024-09-03T11:38:18.139+0000] {processor.py:914} INFO - Processing file /home/airflow/.local/lib/python3.12/site-packages/airflow/example_dags/example_inlet_event_extra.py for tasks to queue
[2024-09-03T11:38:18.144+0000] {logging_mixin.py:190} INFO - [2024-09-03T11:38:18.143+0000] {dagbag.py:587} INFO - Filling up the DagBag from /home/airflow/.local/lib/python3.12/site-packages/airflow/example_dags/example_inlet_event_extra.py
[2024-09-03T11:38:18.443+0000] {processor.py:925} INFO - DAG(s) 'read_dataset_event', 'read_dataset_event_from_classic' retrieved from /home/airflow/.local/lib/python3.12/site-packages/airflow/example_dags/example_inlet_event_extra.py
[2024-09-03T11:38:18.492+0000] {logging_mixin.py:190} INFO - [2024-09-03T11:38:18.491+0000] {dag.py:3211} INFO - Sync 2 DAGs
[2024-09-03T11:38:18.544+0000] {logging_mixin.py:190} INFO - [2024-09-03T11:38:18.544+0000] {dag.py:4138} INFO - Setting next_dagrun for read_dataset_event to 2024-09-02 00:00:00+00:00, run_after=2024-09-03 00:00:00+00:00
[2024-09-03T11:38:18.554+0000] {logging_mixin.py:190} INFO - [2024-09-03T11:38:18.553+0000] {dag.py:4138} INFO - Setting next_dagrun for read_dataset_event_from_classic to 2024-09-02 00:00:00+00:00, run_after=2024-09-03 00:00:00+00:00
[2024-09-03T11:38:18.587+0000] {processor.py:208} INFO - Processing /home/airflow/.local/lib/python3.12/site-packages/airflow/example_dags/example_inlet_event_extra.py took 0.460 seconds
[2024-09-03T11:38:49.060+0000] {processor.py:186} INFO - Started process (PID=1481) to work on /home/airflow/.local/lib/python3.12/site-packages/airflow/example_dags/example_inlet_event_extra.py
[2024-09-03T11:38:49.062+0000] {processor.py:914} INFO - Processing file /home/airflow/.local/lib/python3.12/site-packages/airflow/example_dags/example_inlet_event_extra.py for tasks to queue
[2024-09-03T11:38:49.065+0000] {logging_mixin.py:190} INFO - [2024-09-03T11:38:49.064+0000] {dagbag.py:587} INFO - Filling up the DagBag from /home/airflow/.local/lib/python3.12/site-packages/airflow/example_dags/example_inlet_event_extra.py
[2024-09-03T11:38:49.260+0000] {processor.py:925} INFO - DAG(s) 'read_dataset_event_from_classic', 'read_dataset_event' retrieved from /home/airflow/.local/lib/python3.12/site-packages/airflow/example_dags/example_inlet_event_extra.py
[2024-09-03T11:38:49.304+0000] {logging_mixin.py:190} INFO - [2024-09-03T11:38:49.304+0000] {dag.py:3211} INFO - Sync 2 DAGs
[2024-09-03T11:38:49.344+0000] {logging_mixin.py:190} INFO - [2024-09-03T11:38:49.344+0000] {dag.py:4138} INFO - Setting next_dagrun for read_dataset_event to 2024-09-02 00:00:00+00:00, run_after=2024-09-03 00:00:00+00:00
[2024-09-03T11:38:49.354+0000] {logging_mixin.py:190} INFO - [2024-09-03T11:38:49.354+0000] {dag.py:4138} INFO - Setting next_dagrun for read_dataset_event_from_classic to 2024-09-02 00:00:00+00:00, run_after=2024-09-03 00:00:00+00:00
[2024-09-03T11:38:49.393+0000] {processor.py:208} INFO - Processing /home/airflow/.local/lib/python3.12/site-packages/airflow/example_dags/example_inlet_event_extra.py took 0.339 seconds
[2024-09-03T11:39:19.696+0000] {processor.py:186} INFO - Started process (PID=1545) to work on /home/airflow/.local/lib/python3.12/site-packages/airflow/example_dags/example_inlet_event_extra.py
[2024-09-03T11:39:19.697+0000] {processor.py:914} INFO - Processing file /home/airflow/.local/lib/python3.12/site-packages/airflow/example_dags/example_inlet_event_extra.py for tasks to queue
[2024-09-03T11:39:19.701+0000] {logging_mixin.py:190} INFO - [2024-09-03T11:39:19.700+0000] {dagbag.py:587} INFO - Filling up the DagBag from /home/airflow/.local/lib/python3.12/site-packages/airflow/example_dags/example_inlet_event_extra.py
[2024-09-03T11:39:19.923+0000] {processor.py:925} INFO - DAG(s) 'read_dataset_event_from_classic', 'read_dataset_event' retrieved from /home/airflow/.local/lib/python3.12/site-packages/airflow/example_dags/example_inlet_event_extra.py
[2024-09-03T11:39:19.974+0000] {logging_mixin.py:190} INFO - [2024-09-03T11:39:19.973+0000] {dag.py:3211} INFO - Sync 2 DAGs
[2024-09-03T11:39:20.028+0000] {logging_mixin.py:190} INFO - [2024-09-03T11:39:20.028+0000] {dag.py:4138} INFO - Setting next_dagrun for read_dataset_event to 2024-09-02 00:00:00+00:00, run_after=2024-09-03 00:00:00+00:00
[2024-09-03T11:39:20.038+0000] {logging_mixin.py:190} INFO - [2024-09-03T11:39:20.038+0000] {dag.py:4138} INFO - Setting next_dagrun for read_dataset_event_from_classic to 2024-09-02 00:00:00+00:00, run_after=2024-09-03 00:00:00+00:00
[2024-09-03T11:39:20.072+0000] {processor.py:208} INFO - Processing /home/airflow/.local/lib/python3.12/site-packages/airflow/example_dags/example_inlet_event_extra.py took 0.383 seconds
[2024-09-03T11:39:50.195+0000] {processor.py:186} INFO - Started process (PID=1609) to work on /home/airflow/.local/lib/python3.12/site-packages/airflow/example_dags/example_inlet_event_extra.py
[2024-09-03T11:39:50.197+0000] {processor.py:914} INFO - Processing file /home/airflow/.local/lib/python3.12/site-packages/airflow/example_dags/example_inlet_event_extra.py for tasks to queue
[2024-09-03T11:39:50.201+0000] {logging_mixin.py:190} INFO - [2024-09-03T11:39:50.201+0000] {dagbag.py:587} INFO - Filling up the DagBag from /home/airflow/.local/lib/python3.12/site-packages/airflow/example_dags/example_inlet_event_extra.py
[2024-09-03T11:39:50.396+0000] {processor.py:925} INFO - DAG(s) 'read_dataset_event', 'read_dataset_event_from_classic' retrieved from /home/airflow/.local/lib/python3.12/site-packages/airflow/example_dags/example_inlet_event_extra.py
[2024-09-03T11:39:50.431+0000] {logging_mixin.py:190} INFO - [2024-09-03T11:39:50.430+0000] {dag.py:3211} INFO - Sync 2 DAGs
[2024-09-03T11:39:50.473+0000] {logging_mixin.py:190} INFO - [2024-09-03T11:39:50.472+0000] {dag.py:4138} INFO - Setting next_dagrun for read_dataset_event to 2024-09-02 00:00:00+00:00, run_after=2024-09-03 00:00:00+00:00
[2024-09-03T11:39:50.479+0000] {logging_mixin.py:190} INFO - [2024-09-03T11:39:50.479+0000] {dag.py:4138} INFO - Setting next_dagrun for read_dataset_event_from_classic to 2024-09-02 00:00:00+00:00, run_after=2024-09-03 00:00:00+00:00
[2024-09-03T11:39:50.508+0000] {processor.py:208} INFO - Processing /home/airflow/.local/lib/python3.12/site-packages/airflow/example_dags/example_inlet_event_extra.py took 0.320 seconds
[2024-09-03T11:40:20.684+0000] {processor.py:186} INFO - Started process (PID=1673) to work on /home/airflow/.local/lib/python3.12/site-packages/airflow/example_dags/example_inlet_event_extra.py
[2024-09-03T11:40:20.685+0000] {processor.py:914} INFO - Processing file /home/airflow/.local/lib/python3.12/site-packages/airflow/example_dags/example_inlet_event_extra.py for tasks to queue
[2024-09-03T11:40:20.689+0000] {logging_mixin.py:190} INFO - [2024-09-03T11:40:20.688+0000] {dagbag.py:587} INFO - Filling up the DagBag from /home/airflow/.local/lib/python3.12/site-packages/airflow/example_dags/example_inlet_event_extra.py
[2024-09-03T11:40:20.908+0000] {processor.py:925} INFO - DAG(s) 'read_dataset_event_from_classic', 'read_dataset_event' retrieved from /home/airflow/.local/lib/python3.12/site-packages/airflow/example_dags/example_inlet_event_extra.py
[2024-09-03T11:40:20.940+0000] {logging_mixin.py:190} INFO - [2024-09-03T11:40:20.940+0000] {dag.py:3211} INFO - Sync 2 DAGs
[2024-09-03T11:40:20.973+0000] {logging_mixin.py:190} INFO - [2024-09-03T11:40:20.973+0000] {dag.py:4138} INFO - Setting next_dagrun for read_dataset_event to 2024-09-02 00:00:00+00:00, run_after=2024-09-03 00:00:00+00:00
[2024-09-03T11:40:20.981+0000] {logging_mixin.py:190} INFO - [2024-09-03T11:40:20.981+0000] {dag.py:4138} INFO - Setting next_dagrun for read_dataset_event_from_classic to 2024-09-02 00:00:00+00:00, run_after=2024-09-03 00:00:00+00:00
[2024-09-03T11:40:21.013+0000] {processor.py:208} INFO - Processing /home/airflow/.local/lib/python3.12/site-packages/airflow/example_dags/example_inlet_event_extra.py took 0.338 seconds
[2024-09-03T11:40:51.646+0000] {processor.py:186} INFO - Started process (PID=1738) to work on /home/airflow/.local/lib/python3.12/site-packages/airflow/example_dags/example_inlet_event_extra.py
[2024-09-03T11:40:51.648+0000] {processor.py:914} INFO - Processing file /home/airflow/.local/lib/python3.12/site-packages/airflow/example_dags/example_inlet_event_extra.py for tasks to queue
[2024-09-03T11:40:51.653+0000] {logging_mixin.py:190} INFO - [2024-09-03T11:40:51.652+0000] {dagbag.py:587} INFO - Filling up the DagBag from /home/airflow/.local/lib/python3.12/site-packages/airflow/example_dags/example_inlet_event_extra.py
[2024-09-03T11:40:52.059+0000] {processor.py:925} INFO - DAG(s) 'read_dataset_event', 'read_dataset_event_from_classic' retrieved from /home/airflow/.local/lib/python3.12/site-packages/airflow/example_dags/example_inlet_event_extra.py
[2024-09-03T11:40:52.101+0000] {logging_mixin.py:190} INFO - [2024-09-03T11:40:52.100+0000] {dag.py:3211} INFO - Sync 2 DAGs
[2024-09-03T11:40:52.153+0000] {logging_mixin.py:190} INFO - [2024-09-03T11:40:52.152+0000] {dag.py:4138} INFO - Setting next_dagrun for read_dataset_event to 2024-09-02 00:00:00+00:00, run_after=2024-09-03 00:00:00+00:00
[2024-09-03T11:40:52.163+0000] {logging_mixin.py:190} INFO - [2024-09-03T11:40:52.162+0000] {dag.py:4138} INFO - Setting next_dagrun for read_dataset_event_from_classic to 2024-09-02 00:00:00+00:00, run_after=2024-09-03 00:00:00+00:00
[2024-09-03T11:40:52.210+0000] {processor.py:208} INFO - Processing /home/airflow/.local/lib/python3.12/site-packages/airflow/example_dags/example_inlet_event_extra.py took 0.580 seconds
[2024-09-03T11:41:22.326+0000] {processor.py:186} INFO - Started process (PID=1800) to work on /home/airflow/.local/lib/python3.12/site-packages/airflow/example_dags/example_inlet_event_extra.py
[2024-09-03T11:41:22.328+0000] {processor.py:914} INFO - Processing file /home/airflow/.local/lib/python3.12/site-packages/airflow/example_dags/example_inlet_event_extra.py for tasks to queue
[2024-09-03T11:41:22.333+0000] {logging_mixin.py:190} INFO - [2024-09-03T11:41:22.331+0000] {dagbag.py:587} INFO - Filling up the DagBag from /home/airflow/.local/lib/python3.12/site-packages/airflow/example_dags/example_inlet_event_extra.py
[2024-09-03T11:41:22.820+0000] {processor.py:925} INFO - DAG(s) 'read_dataset_event', 'read_dataset_event_from_classic' retrieved from /home/airflow/.local/lib/python3.12/site-packages/airflow/example_dags/example_inlet_event_extra.py
[2024-09-03T11:41:22.891+0000] {logging_mixin.py:190} INFO - [2024-09-03T11:41:22.891+0000] {dag.py:3211} INFO - Sync 2 DAGs
[2024-09-03T11:41:22.964+0000] {logging_mixin.py:190} INFO - [2024-09-03T11:41:22.963+0000] {dag.py:4138} INFO - Setting next_dagrun for read_dataset_event to 2024-09-02 00:00:00+00:00, run_after=2024-09-03 00:00:00+00:00
[2024-09-03T11:41:22.978+0000] {logging_mixin.py:190} INFO - [2024-09-03T11:41:22.977+0000] {dag.py:4138} INFO - Setting next_dagrun for read_dataset_event_from_classic to 2024-09-02 00:00:00+00:00, run_after=2024-09-03 00:00:00+00:00
[2024-09-03T11:41:23.031+0000] {processor.py:208} INFO - Processing /home/airflow/.local/lib/python3.12/site-packages/airflow/example_dags/example_inlet_event_extra.py took 0.718 seconds
[2024-09-03T11:41:53.825+0000] {processor.py:186} INFO - Started process (PID=1864) to work on /home/airflow/.local/lib/python3.12/site-packages/airflow/example_dags/example_inlet_event_extra.py
[2024-09-03T11:41:53.827+0000] {processor.py:914} INFO - Processing file /home/airflow/.local/lib/python3.12/site-packages/airflow/example_dags/example_inlet_event_extra.py for tasks to queue
[2024-09-03T11:41:53.832+0000] {logging_mixin.py:190} INFO - [2024-09-03T11:41:53.831+0000] {dagbag.py:587} INFO - Filling up the DagBag from /home/airflow/.local/lib/python3.12/site-packages/airflow/example_dags/example_inlet_event_extra.py
[2024-09-03T11:41:54.137+0000] {processor.py:925} INFO - DAG(s) 'read_dataset_event', 'read_dataset_event_from_classic' retrieved from /home/airflow/.local/lib/python3.12/site-packages/airflow/example_dags/example_inlet_event_extra.py
[2024-09-03T11:41:54.191+0000] {logging_mixin.py:190} INFO - [2024-09-03T11:41:54.190+0000] {dag.py:3211} INFO - Sync 2 DAGs
[2024-09-03T11:41:54.242+0000] {logging_mixin.py:190} INFO - [2024-09-03T11:41:54.241+0000] {dag.py:4138} INFO - Setting next_dagrun for read_dataset_event to 2024-09-02 00:00:00+00:00, run_after=2024-09-03 00:00:00+00:00
[2024-09-03T11:41:54.251+0000] {logging_mixin.py:190} INFO - [2024-09-03T11:41:54.251+0000] {dag.py:4138} INFO - Setting next_dagrun for read_dataset_event_from_classic to 2024-09-02 00:00:00+00:00, run_after=2024-09-03 00:00:00+00:00
[2024-09-03T11:41:54.298+0000] {processor.py:208} INFO - Processing /home/airflow/.local/lib/python3.12/site-packages/airflow/example_dags/example_inlet_event_extra.py took 0.488 seconds
[2024-09-03T11:42:24.573+0000] {processor.py:186} INFO - Started process (PID=1927) to work on /home/airflow/.local/lib/python3.12/site-packages/airflow/example_dags/example_inlet_event_extra.py
[2024-09-03T11:42:24.575+0000] {processor.py:914} INFO - Processing file /home/airflow/.local/lib/python3.12/site-packages/airflow/example_dags/example_inlet_event_extra.py for tasks to queue
[2024-09-03T11:42:24.581+0000] {logging_mixin.py:190} INFO - [2024-09-03T11:42:24.580+0000] {dagbag.py:587} INFO - Filling up the DagBag from /home/airflow/.local/lib/python3.12/site-packages/airflow/example_dags/example_inlet_event_extra.py
[2024-09-03T11:42:24.973+0000] {processor.py:925} INFO - DAG(s) 'read_dataset_event', 'read_dataset_event_from_classic' retrieved from /home/airflow/.local/lib/python3.12/site-packages/airflow/example_dags/example_inlet_event_extra.py
[2024-09-03T11:42:25.029+0000] {logging_mixin.py:190} INFO - [2024-09-03T11:42:25.028+0000] {dag.py:3211} INFO - Sync 2 DAGs
[2024-09-03T11:42:25.544+0000] {logging_mixin.py:190} INFO - [2024-09-03T11:42:25.543+0000] {dag.py:4138} INFO - Setting next_dagrun for read_dataset_event to 2024-09-02 00:00:00+00:00, run_after=2024-09-03 00:00:00+00:00
[2024-09-03T11:42:25.554+0000] {logging_mixin.py:190} INFO - [2024-09-03T11:42:25.554+0000] {dag.py:4138} INFO - Setting next_dagrun for read_dataset_event_from_classic to 2024-09-02 00:00:00+00:00, run_after=2024-09-03 00:00:00+00:00
[2024-09-03T11:42:25.591+0000] {processor.py:208} INFO - Processing /home/airflow/.local/lib/python3.12/site-packages/airflow/example_dags/example_inlet_event_extra.py took 1.030 seconds
[2024-09-03T11:42:56.018+0000] {processor.py:186} INFO - Started process (PID=1992) to work on /home/airflow/.local/lib/python3.12/site-packages/airflow/example_dags/example_inlet_event_extra.py
[2024-09-03T11:42:56.020+0000] {processor.py:914} INFO - Processing file /home/airflow/.local/lib/python3.12/site-packages/airflow/example_dags/example_inlet_event_extra.py for tasks to queue
[2024-09-03T11:42:56.025+0000] {logging_mixin.py:190} INFO - [2024-09-03T11:42:56.024+0000] {dagbag.py:587} INFO - Filling up the DagBag from /home/airflow/.local/lib/python3.12/site-packages/airflow/example_dags/example_inlet_event_extra.py
[2024-09-03T11:42:56.308+0000] {processor.py:925} INFO - DAG(s) 'read_dataset_event_from_classic', 'read_dataset_event' retrieved from /home/airflow/.local/lib/python3.12/site-packages/airflow/example_dags/example_inlet_event_extra.py
[2024-09-03T11:42:56.376+0000] {logging_mixin.py:190} INFO - [2024-09-03T11:42:56.376+0000] {dag.py:3211} INFO - Sync 2 DAGs
[2024-09-03T11:42:56.769+0000] {logging_mixin.py:190} INFO - [2024-09-03T11:42:56.769+0000] {dag.py:4138} INFO - Setting next_dagrun for read_dataset_event to 2024-09-02 00:00:00+00:00, run_after=2024-09-03 00:00:00+00:00
[2024-09-03T11:42:56.780+0000] {logging_mixin.py:190} INFO - [2024-09-03T11:42:56.779+0000] {dag.py:4138} INFO - Setting next_dagrun for read_dataset_event_from_classic to 2024-09-02 00:00:00+00:00, run_after=2024-09-03 00:00:00+00:00
[2024-09-03T11:42:56.813+0000] {processor.py:208} INFO - Processing /home/airflow/.local/lib/python3.12/site-packages/airflow/example_dags/example_inlet_event_extra.py took 0.804 seconds
[2024-09-03T11:43:26.955+0000] {processor.py:186} INFO - Started process (PID=2058) to work on /home/airflow/.local/lib/python3.12/site-packages/airflow/example_dags/example_inlet_event_extra.py
[2024-09-03T11:43:26.956+0000] {processor.py:914} INFO - Processing file /home/airflow/.local/lib/python3.12/site-packages/airflow/example_dags/example_inlet_event_extra.py for tasks to queue
[2024-09-03T11:43:26.960+0000] {logging_mixin.py:190} INFO - [2024-09-03T11:43:26.959+0000] {dagbag.py:587} INFO - Filling up the DagBag from /home/airflow/.local/lib/python3.12/site-packages/airflow/example_dags/example_inlet_event_extra.py
[2024-09-03T11:43:27.191+0000] {processor.py:925} INFO - DAG(s) 'read_dataset_event_from_classic', 'read_dataset_event' retrieved from /home/airflow/.local/lib/python3.12/site-packages/airflow/example_dags/example_inlet_event_extra.py
[2024-09-03T11:43:27.226+0000] {logging_mixin.py:190} INFO - [2024-09-03T11:43:27.226+0000] {dag.py:3211} INFO - Sync 2 DAGs
[2024-09-03T11:43:27.578+0000] {logging_mixin.py:190} INFO - [2024-09-03T11:43:27.578+0000] {dag.py:4138} INFO - Setting next_dagrun for read_dataset_event to 2024-09-02 00:00:00+00:00, run_after=2024-09-03 00:00:00+00:00
[2024-09-03T11:43:27.590+0000] {logging_mixin.py:190} INFO - [2024-09-03T11:43:27.589+0000] {dag.py:4138} INFO - Setting next_dagrun for read_dataset_event_from_classic to 2024-09-02 00:00:00+00:00, run_after=2024-09-03 00:00:00+00:00
[2024-09-03T11:43:27.626+0000] {processor.py:208} INFO - Processing /home/airflow/.local/lib/python3.12/site-packages/airflow/example_dags/example_inlet_event_extra.py took 0.680 seconds
[2024-09-03T11:43:57.782+0000] {processor.py:186} INFO - Started process (PID=2120) to work on /home/airflow/.local/lib/python3.12/site-packages/airflow/example_dags/example_inlet_event_extra.py
[2024-09-03T11:43:57.784+0000] {processor.py:914} INFO - Processing file /home/airflow/.local/lib/python3.12/site-packages/airflow/example_dags/example_inlet_event_extra.py for tasks to queue
[2024-09-03T11:43:57.788+0000] {logging_mixin.py:190} INFO - [2024-09-03T11:43:57.787+0000] {dagbag.py:587} INFO - Filling up the DagBag from /home/airflow/.local/lib/python3.12/site-packages/airflow/example_dags/example_inlet_event_extra.py
[2024-09-03T11:43:57.966+0000] {processor.py:925} INFO - DAG(s) 'read_dataset_event_from_classic', 'read_dataset_event' retrieved from /home/airflow/.local/lib/python3.12/site-packages/airflow/example_dags/example_inlet_event_extra.py
[2024-09-03T11:43:58.001+0000] {logging_mixin.py:190} INFO - [2024-09-03T11:43:58.000+0000] {dag.py:3211} INFO - Sync 2 DAGs
[2024-09-03T11:43:58.378+0000] {logging_mixin.py:190} INFO - [2024-09-03T11:43:58.377+0000] {dag.py:4138} INFO - Setting next_dagrun for read_dataset_event to 2024-09-02 00:00:00+00:00, run_after=2024-09-03 00:00:00+00:00
[2024-09-03T11:43:58.385+0000] {logging_mixin.py:190} INFO - [2024-09-03T11:43:58.384+0000] {dag.py:4138} INFO - Setting next_dagrun for read_dataset_event_from_classic to 2024-09-02 00:00:00+00:00, run_after=2024-09-03 00:00:00+00:00
[2024-09-03T11:43:58.409+0000] {processor.py:208} INFO - Processing /home/airflow/.local/lib/python3.12/site-packages/airflow/example_dags/example_inlet_event_extra.py took 0.634 seconds
[2024-09-03T11:44:28.548+0000] {processor.py:186} INFO - Started process (PID=2187) to work on /home/airflow/.local/lib/python3.12/site-packages/airflow/example_dags/example_inlet_event_extra.py
[2024-09-03T11:44:28.549+0000] {processor.py:914} INFO - Processing file /home/airflow/.local/lib/python3.12/site-packages/airflow/example_dags/example_inlet_event_extra.py for tasks to queue
[2024-09-03T11:44:28.551+0000] {logging_mixin.py:190} INFO - [2024-09-03T11:44:28.551+0000] {dagbag.py:587} INFO - Filling up the DagBag from /home/airflow/.local/lib/python3.12/site-packages/airflow/example_dags/example_inlet_event_extra.py
[2024-09-03T11:44:28.705+0000] {processor.py:925} INFO - DAG(s) 'read_dataset_event_from_classic', 'read_dataset_event' retrieved from /home/airflow/.local/lib/python3.12/site-packages/airflow/example_dags/example_inlet_event_extra.py
[2024-09-03T11:44:28.733+0000] {logging_mixin.py:190} INFO - [2024-09-03T11:44:28.732+0000] {dag.py:3211} INFO - Sync 2 DAGs
[2024-09-03T11:44:28.919+0000] {logging_mixin.py:190} INFO - [2024-09-03T11:44:28.918+0000] {dag.py:4138} INFO - Setting next_dagrun for read_dataset_event to 2024-09-02 00:00:00+00:00, run_after=2024-09-03 00:00:00+00:00
[2024-09-03T11:44:28.926+0000] {logging_mixin.py:190} INFO - [2024-09-03T11:44:28.925+0000] {dag.py:4138} INFO - Setting next_dagrun for read_dataset_event_from_classic to 2024-09-02 00:00:00+00:00, run_after=2024-09-03 00:00:00+00:00
[2024-09-03T11:44:28.960+0000] {processor.py:208} INFO - Processing /home/airflow/.local/lib/python3.12/site-packages/airflow/example_dags/example_inlet_event_extra.py took 0.417 seconds
[2024-09-03T11:44:59.373+0000] {processor.py:186} INFO - Started process (PID=2248) to work on /home/airflow/.local/lib/python3.12/site-packages/airflow/example_dags/example_inlet_event_extra.py
[2024-09-03T11:44:59.375+0000] {processor.py:914} INFO - Processing file /home/airflow/.local/lib/python3.12/site-packages/airflow/example_dags/example_inlet_event_extra.py for tasks to queue
[2024-09-03T11:44:59.378+0000] {logging_mixin.py:190} INFO - [2024-09-03T11:44:59.378+0000] {dagbag.py:587} INFO - Filling up the DagBag from /home/airflow/.local/lib/python3.12/site-packages/airflow/example_dags/example_inlet_event_extra.py
[2024-09-03T11:44:59.525+0000] {processor.py:925} INFO - DAG(s) 'read_dataset_event_from_classic', 'read_dataset_event' retrieved from /home/airflow/.local/lib/python3.12/site-packages/airflow/example_dags/example_inlet_event_extra.py
[2024-09-03T11:44:59.550+0000] {logging_mixin.py:190} INFO - [2024-09-03T11:44:59.550+0000] {dag.py:3211} INFO - Sync 2 DAGs
[2024-09-03T11:44:59.575+0000] {logging_mixin.py:190} INFO - [2024-09-03T11:44:59.575+0000] {dag.py:4138} INFO - Setting next_dagrun for read_dataset_event to 2024-09-02 00:00:00+00:00, run_after=2024-09-03 00:00:00+00:00
[2024-09-03T11:44:59.581+0000] {logging_mixin.py:190} INFO - [2024-09-03T11:44:59.580+0000] {dag.py:4138} INFO - Setting next_dagrun for read_dataset_event_from_classic to 2024-09-02 00:00:00+00:00, run_after=2024-09-03 00:00:00+00:00
[2024-09-03T11:44:59.603+0000] {processor.py:208} INFO - Processing /home/airflow/.local/lib/python3.12/site-packages/airflow/example_dags/example_inlet_event_extra.py took 0.235 seconds
[2024-09-03T11:45:29.778+0000] {processor.py:186} INFO - Started process (PID=2313) to work on /home/airflow/.local/lib/python3.12/site-packages/airflow/example_dags/example_inlet_event_extra.py
[2024-09-03T11:45:29.779+0000] {processor.py:914} INFO - Processing file /home/airflow/.local/lib/python3.12/site-packages/airflow/example_dags/example_inlet_event_extra.py for tasks to queue
[2024-09-03T11:45:29.782+0000] {logging_mixin.py:190} INFO - [2024-09-03T11:45:29.781+0000] {dagbag.py:587} INFO - Filling up the DagBag from /home/airflow/.local/lib/python3.12/site-packages/airflow/example_dags/example_inlet_event_extra.py
[2024-09-03T11:45:30.056+0000] {processor.py:925} INFO - DAG(s) 'read_dataset_event_from_classic', 'read_dataset_event' retrieved from /home/airflow/.local/lib/python3.12/site-packages/airflow/example_dags/example_inlet_event_extra.py
[2024-09-03T11:45:30.080+0000] {logging_mixin.py:190} INFO - [2024-09-03T11:45:30.080+0000] {dag.py:3211} INFO - Sync 2 DAGs
[2024-09-03T11:45:30.103+0000] {logging_mixin.py:190} INFO - [2024-09-03T11:45:30.102+0000] {dag.py:4138} INFO - Setting next_dagrun for read_dataset_event to 2024-09-02 00:00:00+00:00, run_after=2024-09-03 00:00:00+00:00
[2024-09-03T11:45:30.110+0000] {logging_mixin.py:190} INFO - [2024-09-03T11:45:30.109+0000] {dag.py:4138} INFO - Setting next_dagrun for read_dataset_event_from_classic to 2024-09-02 00:00:00+00:00, run_after=2024-09-03 00:00:00+00:00
[2024-09-03T11:45:30.134+0000] {processor.py:208} INFO - Processing /home/airflow/.local/lib/python3.12/site-packages/airflow/example_dags/example_inlet_event_extra.py took 0.361 seconds
[2024-09-03T11:46:00.290+0000] {processor.py:186} INFO - Started process (PID=2377) to work on /home/airflow/.local/lib/python3.12/site-packages/airflow/example_dags/example_inlet_event_extra.py
[2024-09-03T11:46:00.291+0000] {processor.py:914} INFO - Processing file /home/airflow/.local/lib/python3.12/site-packages/airflow/example_dags/example_inlet_event_extra.py for tasks to queue
[2024-09-03T11:46:00.295+0000] {logging_mixin.py:190} INFO - [2024-09-03T11:46:00.295+0000] {dagbag.py:587} INFO - Filling up the DagBag from /home/airflow/.local/lib/python3.12/site-packages/airflow/example_dags/example_inlet_event_extra.py
[2024-09-03T11:46:00.574+0000] {processor.py:925} INFO - DAG(s) 'read_dataset_event_from_classic', 'read_dataset_event' retrieved from /home/airflow/.local/lib/python3.12/site-packages/airflow/example_dags/example_inlet_event_extra.py
[2024-09-03T11:46:00.600+0000] {logging_mixin.py:190} INFO - [2024-09-03T11:46:00.600+0000] {dag.py:3211} INFO - Sync 2 DAGs
[2024-09-03T11:46:00.622+0000] {logging_mixin.py:190} INFO - [2024-09-03T11:46:00.622+0000] {dag.py:4138} INFO - Setting next_dagrun for read_dataset_event to 2024-09-02 00:00:00+00:00, run_after=2024-09-03 00:00:00+00:00
[2024-09-03T11:46:00.628+0000] {logging_mixin.py:190} INFO - [2024-09-03T11:46:00.627+0000] {dag.py:4138} INFO - Setting next_dagrun for read_dataset_event_from_classic to 2024-09-02 00:00:00+00:00, run_after=2024-09-03 00:00:00+00:00
[2024-09-03T11:46:00.662+0000] {processor.py:208} INFO - Processing /home/airflow/.local/lib/python3.12/site-packages/airflow/example_dags/example_inlet_event_extra.py took 0.378 seconds
[2024-09-03T11:46:31.522+0000] {processor.py:186} INFO - Started process (PID=2440) to work on /home/airflow/.local/lib/python3.12/site-packages/airflow/example_dags/example_inlet_event_extra.py
[2024-09-03T11:46:31.523+0000] {processor.py:914} INFO - Processing file /home/airflow/.local/lib/python3.12/site-packages/airflow/example_dags/example_inlet_event_extra.py for tasks to queue
[2024-09-03T11:46:31.526+0000] {logging_mixin.py:190} INFO - [2024-09-03T11:46:31.526+0000] {dagbag.py:587} INFO - Filling up the DagBag from /home/airflow/.local/lib/python3.12/site-packages/airflow/example_dags/example_inlet_event_extra.py
[2024-09-03T11:46:31.810+0000] {processor.py:925} INFO - DAG(s) 'read_dataset_event_from_classic', 'read_dataset_event' retrieved from /home/airflow/.local/lib/python3.12/site-packages/airflow/example_dags/example_inlet_event_extra.py
[2024-09-03T11:46:31.832+0000] {logging_mixin.py:190} INFO - [2024-09-03T11:46:31.832+0000] {dag.py:3211} INFO - Sync 2 DAGs
[2024-09-03T11:46:31.856+0000] {logging_mixin.py:190} INFO - [2024-09-03T11:46:31.856+0000] {dag.py:4138} INFO - Setting next_dagrun for read_dataset_event to 2024-09-02 00:00:00+00:00, run_after=2024-09-03 00:00:00+00:00
[2024-09-03T11:46:31.863+0000] {logging_mixin.py:190} INFO - [2024-09-03T11:46:31.863+0000] {dag.py:4138} INFO - Setting next_dagrun for read_dataset_event_from_classic to 2024-09-02 00:00:00+00:00, run_after=2024-09-03 00:00:00+00:00
[2024-09-03T11:46:31.896+0000] {processor.py:208} INFO - Processing /home/airflow/.local/lib/python3.12/site-packages/airflow/example_dags/example_inlet_event_extra.py took 0.380 seconds
[2024-09-03T11:47:02.426+0000] {processor.py:186} INFO - Started process (PID=2510) to work on /home/airflow/.local/lib/python3.12/site-packages/airflow/example_dags/example_inlet_event_extra.py
[2024-09-03T11:47:02.430+0000] {processor.py:914} INFO - Processing file /home/airflow/.local/lib/python3.12/site-packages/airflow/example_dags/example_inlet_event_extra.py for tasks to queue
[2024-09-03T11:47:02.436+0000] {logging_mixin.py:190} INFO - [2024-09-03T11:47:02.435+0000] {dagbag.py:587} INFO - Filling up the DagBag from /home/airflow/.local/lib/python3.12/site-packages/airflow/example_dags/example_inlet_event_extra.py
[2024-09-03T11:47:03.300+0000] {processor.py:925} INFO - DAG(s) 'read_dataset_event', 'read_dataset_event_from_classic' retrieved from /home/airflow/.local/lib/python3.12/site-packages/airflow/example_dags/example_inlet_event_extra.py
[2024-09-03T11:47:03.355+0000] {logging_mixin.py:190} INFO - [2024-09-03T11:47:03.354+0000] {dag.py:3211} INFO - Sync 2 DAGs
[2024-09-03T11:47:03.412+0000] {logging_mixin.py:190} INFO - [2024-09-03T11:47:03.412+0000] {dag.py:4138} INFO - Setting next_dagrun for read_dataset_event to 2024-09-02 00:00:00+00:00, run_after=2024-09-03 00:00:00+00:00
[2024-09-03T11:47:03.426+0000] {logging_mixin.py:190} INFO - [2024-09-03T11:47:03.426+0000] {dag.py:4138} INFO - Setting next_dagrun for read_dataset_event_from_classic to 2024-09-02 00:00:00+00:00, run_after=2024-09-03 00:00:00+00:00
[2024-09-03T11:47:03.490+0000] {processor.py:208} INFO - Processing /home/airflow/.local/lib/python3.12/site-packages/airflow/example_dags/example_inlet_event_extra.py took 1.078 seconds
[2024-09-03T11:47:33.737+0000] {processor.py:186} INFO - Started process (PID=2573) to work on /home/airflow/.local/lib/python3.12/site-packages/airflow/example_dags/example_inlet_event_extra.py
[2024-09-03T11:47:33.739+0000] {processor.py:914} INFO - Processing file /home/airflow/.local/lib/python3.12/site-packages/airflow/example_dags/example_inlet_event_extra.py for tasks to queue
[2024-09-03T11:47:33.743+0000] {logging_mixin.py:190} INFO - [2024-09-03T11:47:33.742+0000] {dagbag.py:587} INFO - Filling up the DagBag from /home/airflow/.local/lib/python3.12/site-packages/airflow/example_dags/example_inlet_event_extra.py
[2024-09-03T11:47:34.388+0000] {processor.py:925} INFO - DAG(s) 'read_dataset_event_from_classic', 'read_dataset_event' retrieved from /home/airflow/.local/lib/python3.12/site-packages/airflow/example_dags/example_inlet_event_extra.py
[2024-09-03T11:47:34.432+0000] {logging_mixin.py:190} INFO - [2024-09-03T11:47:34.431+0000] {dag.py:3211} INFO - Sync 2 DAGs
[2024-09-03T11:47:34.496+0000] {logging_mixin.py:190} INFO - [2024-09-03T11:47:34.495+0000] {dag.py:4138} INFO - Setting next_dagrun for read_dataset_event to 2024-09-02 00:00:00+00:00, run_after=2024-09-03 00:00:00+00:00
[2024-09-03T11:47:34.506+0000] {logging_mixin.py:190} INFO - [2024-09-03T11:47:34.506+0000] {dag.py:4138} INFO - Setting next_dagrun for read_dataset_event_from_classic to 2024-09-02 00:00:00+00:00, run_after=2024-09-03 00:00:00+00:00
[2024-09-03T11:47:34.543+0000] {processor.py:208} INFO - Processing /home/airflow/.local/lib/python3.12/site-packages/airflow/example_dags/example_inlet_event_extra.py took 0.817 seconds
[2024-09-03T11:48:05.093+0000] {processor.py:186} INFO - Started process (PID=2636) to work on /home/airflow/.local/lib/python3.12/site-packages/airflow/example_dags/example_inlet_event_extra.py
[2024-09-03T11:48:05.095+0000] {processor.py:914} INFO - Processing file /home/airflow/.local/lib/python3.12/site-packages/airflow/example_dags/example_inlet_event_extra.py for tasks to queue
[2024-09-03T11:48:05.100+0000] {logging_mixin.py:190} INFO - [2024-09-03T11:48:05.099+0000] {dagbag.py:587} INFO - Filling up the DagBag from /home/airflow/.local/lib/python3.12/site-packages/airflow/example_dags/example_inlet_event_extra.py
[2024-09-03T11:48:05.751+0000] {processor.py:925} INFO - DAG(s) 'read_dataset_event', 'read_dataset_event_from_classic' retrieved from /home/airflow/.local/lib/python3.12/site-packages/airflow/example_dags/example_inlet_event_extra.py
[2024-09-03T11:48:05.801+0000] {logging_mixin.py:190} INFO - [2024-09-03T11:48:05.800+0000] {dag.py:3211} INFO - Sync 2 DAGs
[2024-09-03T11:48:05.853+0000] {logging_mixin.py:190} INFO - [2024-09-03T11:48:05.853+0000] {dag.py:4138} INFO - Setting next_dagrun for read_dataset_event to 2024-09-02 00:00:00+00:00, run_after=2024-09-03 00:00:00+00:00
[2024-09-03T11:48:05.865+0000] {logging_mixin.py:190} INFO - [2024-09-03T11:48:05.864+0000] {dag.py:4138} INFO - Setting next_dagrun for read_dataset_event_from_classic to 2024-09-02 00:00:00+00:00, run_after=2024-09-03 00:00:00+00:00
[2024-09-03T11:48:05.907+0000] {processor.py:208} INFO - Processing /home/airflow/.local/lib/python3.12/site-packages/airflow/example_dags/example_inlet_event_extra.py took 0.825 seconds
[2024-09-03T11:48:36.223+0000] {processor.py:186} INFO - Started process (PID=2699) to work on /home/airflow/.local/lib/python3.12/site-packages/airflow/example_dags/example_inlet_event_extra.py
[2024-09-03T11:48:36.226+0000] {processor.py:914} INFO - Processing file /home/airflow/.local/lib/python3.12/site-packages/airflow/example_dags/example_inlet_event_extra.py for tasks to queue
[2024-09-03T11:48:36.231+0000] {logging_mixin.py:190} INFO - [2024-09-03T11:48:36.230+0000] {dagbag.py:587} INFO - Filling up the DagBag from /home/airflow/.local/lib/python3.12/site-packages/airflow/example_dags/example_inlet_event_extra.py
[2024-09-03T11:48:36.869+0000] {processor.py:925} INFO - DAG(s) 'read_dataset_event_from_classic', 'read_dataset_event' retrieved from /home/airflow/.local/lib/python3.12/site-packages/airflow/example_dags/example_inlet_event_extra.py
[2024-09-03T11:48:36.917+0000] {logging_mixin.py:190} INFO - [2024-09-03T11:48:36.917+0000] {dag.py:3211} INFO - Sync 2 DAGs
[2024-09-03T11:48:36.958+0000] {logging_mixin.py:190} INFO - [2024-09-03T11:48:36.958+0000] {dag.py:4138} INFO - Setting next_dagrun for read_dataset_event to 2024-09-02 00:00:00+00:00, run_after=2024-09-03 00:00:00+00:00
[2024-09-03T11:48:36.965+0000] {logging_mixin.py:190} INFO - [2024-09-03T11:48:36.965+0000] {dag.py:4138} INFO - Setting next_dagrun for read_dataset_event_from_classic to 2024-09-02 00:00:00+00:00, run_after=2024-09-03 00:00:00+00:00
[2024-09-03T11:48:37.000+0000] {processor.py:208} INFO - Processing /home/airflow/.local/lib/python3.12/site-packages/airflow/example_dags/example_inlet_event_extra.py took 0.789 seconds
[2024-09-03T11:49:07.093+0000] {processor.py:186} INFO - Started process (PID=2762) to work on /home/airflow/.local/lib/python3.12/site-packages/airflow/example_dags/example_inlet_event_extra.py
[2024-09-03T11:49:07.095+0000] {processor.py:914} INFO - Processing file /home/airflow/.local/lib/python3.12/site-packages/airflow/example_dags/example_inlet_event_extra.py for tasks to queue
[2024-09-03T11:49:07.099+0000] {logging_mixin.py:190} INFO - [2024-09-03T11:49:07.098+0000] {dagbag.py:587} INFO - Filling up the DagBag from /home/airflow/.local/lib/python3.12/site-packages/airflow/example_dags/example_inlet_event_extra.py
[2024-09-03T11:49:07.642+0000] {processor.py:925} INFO - DAG(s) 'read_dataset_event', 'read_dataset_event_from_classic' retrieved from /home/airflow/.local/lib/python3.12/site-packages/airflow/example_dags/example_inlet_event_extra.py
[2024-09-03T11:49:07.682+0000] {logging_mixin.py:190} INFO - [2024-09-03T11:49:07.681+0000] {dag.py:3211} INFO - Sync 2 DAGs
[2024-09-03T11:49:07.740+0000] {logging_mixin.py:190} INFO - [2024-09-03T11:49:07.739+0000] {dag.py:4138} INFO - Setting next_dagrun for read_dataset_event to 2024-09-02 00:00:00+00:00, run_after=2024-09-03 00:00:00+00:00
[2024-09-03T11:49:07.757+0000] {logging_mixin.py:190} INFO - [2024-09-03T11:49:07.755+0000] {dag.py:4138} INFO - Setting next_dagrun for read_dataset_event_from_classic to 2024-09-02 00:00:00+00:00, run_after=2024-09-03 00:00:00+00:00
[2024-09-03T11:49:07.837+0000] {processor.py:208} INFO - Processing /home/airflow/.local/lib/python3.12/site-packages/airflow/example_dags/example_inlet_event_extra.py took 0.752 seconds
[2024-09-03T11:49:38.376+0000] {processor.py:186} INFO - Started process (PID=2825) to work on /home/airflow/.local/lib/python3.12/site-packages/airflow/example_dags/example_inlet_event_extra.py
[2024-09-03T11:49:38.378+0000] {processor.py:914} INFO - Processing file /home/airflow/.local/lib/python3.12/site-packages/airflow/example_dags/example_inlet_event_extra.py for tasks to queue
[2024-09-03T11:49:38.383+0000] {logging_mixin.py:190} INFO - [2024-09-03T11:49:38.383+0000] {dagbag.py:587} INFO - Filling up the DagBag from /home/airflow/.local/lib/python3.12/site-packages/airflow/example_dags/example_inlet_event_extra.py
[2024-09-03T11:49:38.945+0000] {processor.py:925} INFO - DAG(s) 'read_dataset_event', 'read_dataset_event_from_classic' retrieved from /home/airflow/.local/lib/python3.12/site-packages/airflow/example_dags/example_inlet_event_extra.py
[2024-09-03T11:49:38.980+0000] {logging_mixin.py:190} INFO - [2024-09-03T11:49:38.980+0000] {dag.py:3211} INFO - Sync 2 DAGs
[2024-09-03T11:49:39.016+0000] {logging_mixin.py:190} INFO - [2024-09-03T11:49:39.015+0000] {dag.py:4138} INFO - Setting next_dagrun for read_dataset_event to 2024-09-02 00:00:00+00:00, run_after=2024-09-03 00:00:00+00:00
[2024-09-03T11:49:39.023+0000] {logging_mixin.py:190} INFO - [2024-09-03T11:49:39.023+0000] {dag.py:4138} INFO - Setting next_dagrun for read_dataset_event_from_classic to 2024-09-02 00:00:00+00:00, run_after=2024-09-03 00:00:00+00:00
[2024-09-03T11:49:39.051+0000] {processor.py:208} INFO - Processing /home/airflow/.local/lib/python3.12/site-packages/airflow/example_dags/example_inlet_event_extra.py took 0.692 seconds
[2024-09-03T11:50:09.760+0000] {processor.py:186} INFO - Started process (PID=2888) to work on /home/airflow/.local/lib/python3.12/site-packages/airflow/example_dags/example_inlet_event_extra.py
[2024-09-03T11:50:09.762+0000] {processor.py:914} INFO - Processing file /home/airflow/.local/lib/python3.12/site-packages/airflow/example_dags/example_inlet_event_extra.py for tasks to queue
[2024-09-03T11:50:09.767+0000] {logging_mixin.py:190} INFO - [2024-09-03T11:50:09.766+0000] {dagbag.py:587} INFO - Filling up the DagBag from /home/airflow/.local/lib/python3.12/site-packages/airflow/example_dags/example_inlet_event_extra.py
[2024-09-03T11:50:10.464+0000] {processor.py:925} INFO - DAG(s) 'read_dataset_event', 'read_dataset_event_from_classic' retrieved from /home/airflow/.local/lib/python3.12/site-packages/airflow/example_dags/example_inlet_event_extra.py
[2024-09-03T11:50:10.508+0000] {logging_mixin.py:190} INFO - [2024-09-03T11:50:10.507+0000] {dag.py:3211} INFO - Sync 2 DAGs
[2024-09-03T11:50:10.563+0000] {logging_mixin.py:190} INFO - [2024-09-03T11:50:10.562+0000] {dag.py:4138} INFO - Setting next_dagrun for read_dataset_event to 2024-09-02 00:00:00+00:00, run_after=2024-09-03 00:00:00+00:00
[2024-09-03T11:50:10.573+0000] {logging_mixin.py:190} INFO - [2024-09-03T11:50:10.572+0000] {dag.py:4138} INFO - Setting next_dagrun for read_dataset_event_from_classic to 2024-09-02 00:00:00+00:00, run_after=2024-09-03 00:00:00+00:00
[2024-09-03T11:50:10.604+0000] {processor.py:208} INFO - Processing /home/airflow/.local/lib/python3.12/site-packages/airflow/example_dags/example_inlet_event_extra.py took 0.855 seconds
