[2024-09-03T11:27:33.476+0000] {processor.py:186} INFO - Started process (PID=87) to work on /home/airflow/.local/lib/python3.12/site-packages/airflow/example_dags/example_dag_decorator.py
[2024-09-03T11:27:33.478+0000] {processor.py:914} INFO - Processing file /home/airflow/.local/lib/python3.12/site-packages/airflow/example_dags/example_dag_decorator.py for tasks to queue
[2024-09-03T11:27:33.482+0000] {logging_mixin.py:190} INFO - [2024-09-03T11:27:33.482+0000] {dagbag.py:587} INFO - Filling up the DagBag from /home/airflow/.local/lib/python3.12/site-packages/airflow/example_dags/example_dag_decorator.py
[2024-09-03T11:27:33.511+0000] {processor.py:925} INFO - DAG(s) 'example_dag_decorator' retrieved from /home/airflow/.local/lib/python3.12/site-packages/airflow/example_dags/example_dag_decorator.py
[2024-09-03T11:27:33.732+0000] {logging_mixin.py:190} INFO - [2024-09-03T11:27:33.732+0000] {dag.py:3211} INFO - Sync 1 DAGs
[2024-09-03T11:27:33.746+0000] {logging_mixin.py:190} INFO - [2024-09-03T11:27:33.746+0000] {dag.py:4138} INFO - Setting next_dagrun for example_dag_decorator to None, run_after=None
[2024-09-03T11:27:33.779+0000] {processor.py:208} INFO - Processing /home/airflow/.local/lib/python3.12/site-packages/airflow/example_dags/example_dag_decorator.py took 0.315 seconds
[2024-09-03T11:28:04.292+0000] {processor.py:186} INFO - Started process (PID=150) to work on /home/airflow/.local/lib/python3.12/site-packages/airflow/example_dags/example_dag_decorator.py
[2024-09-03T11:28:04.294+0000] {processor.py:914} INFO - Processing file /home/airflow/.local/lib/python3.12/site-packages/airflow/example_dags/example_dag_decorator.py for tasks to queue
[2024-09-03T11:28:04.297+0000] {logging_mixin.py:190} INFO - [2024-09-03T11:28:04.296+0000] {dagbag.py:587} INFO - Filling up the DagBag from /home/airflow/.local/lib/python3.12/site-packages/airflow/example_dags/example_dag_decorator.py
[2024-09-03T11:28:04.308+0000] {processor.py:925} INFO - DAG(s) 'example_dag_decorator' retrieved from /home/airflow/.local/lib/python3.12/site-packages/airflow/example_dags/example_dag_decorator.py
[2024-09-03T11:28:04.420+0000] {logging_mixin.py:190} INFO - [2024-09-03T11:28:04.420+0000] {dag.py:3211} INFO - Sync 1 DAGs
[2024-09-03T11:28:04.433+0000] {logging_mixin.py:190} INFO - [2024-09-03T11:28:04.433+0000] {dag.py:4138} INFO - Setting next_dagrun for example_dag_decorator to None, run_after=None
[2024-09-03T11:28:04.459+0000] {processor.py:208} INFO - Processing /home/airflow/.local/lib/python3.12/site-packages/airflow/example_dags/example_dag_decorator.py took 0.173 seconds
[2024-09-03T11:28:34.678+0000] {processor.py:186} INFO - Started process (PID=221) to work on /home/airflow/.local/lib/python3.12/site-packages/airflow/example_dags/example_dag_decorator.py
[2024-09-03T11:28:34.680+0000] {processor.py:914} INFO - Processing file /home/airflow/.local/lib/python3.12/site-packages/airflow/example_dags/example_dag_decorator.py for tasks to queue
[2024-09-03T11:28:34.684+0000] {logging_mixin.py:190} INFO - [2024-09-03T11:28:34.683+0000] {dagbag.py:587} INFO - Filling up the DagBag from /home/airflow/.local/lib/python3.12/site-packages/airflow/example_dags/example_dag_decorator.py
[2024-09-03T11:28:34.697+0000] {processor.py:925} INFO - DAG(s) 'example_dag_decorator' retrieved from /home/airflow/.local/lib/python3.12/site-packages/airflow/example_dags/example_dag_decorator.py
[2024-09-03T11:28:34.803+0000] {logging_mixin.py:190} INFO - [2024-09-03T11:28:34.803+0000] {dag.py:3211} INFO - Sync 1 DAGs
[2024-09-03T11:28:34.816+0000] {logging_mixin.py:190} INFO - [2024-09-03T11:28:34.816+0000] {dag.py:4138} INFO - Setting next_dagrun for example_dag_decorator to None, run_after=None
[2024-09-03T11:28:34.846+0000] {processor.py:208} INFO - Processing /home/airflow/.local/lib/python3.12/site-packages/airflow/example_dags/example_dag_decorator.py took 0.175 seconds
[2024-09-03T11:29:05.460+0000] {processor.py:186} INFO - Started process (PID=284) to work on /home/airflow/.local/lib/python3.12/site-packages/airflow/example_dags/example_dag_decorator.py
[2024-09-03T11:29:05.462+0000] {processor.py:914} INFO - Processing file /home/airflow/.local/lib/python3.12/site-packages/airflow/example_dags/example_dag_decorator.py for tasks to queue
[2024-09-03T11:29:05.465+0000] {logging_mixin.py:190} INFO - [2024-09-03T11:29:05.465+0000] {dagbag.py:587} INFO - Filling up the DagBag from /home/airflow/.local/lib/python3.12/site-packages/airflow/example_dags/example_dag_decorator.py
[2024-09-03T11:29:05.480+0000] {processor.py:925} INFO - DAG(s) 'example_dag_decorator' retrieved from /home/airflow/.local/lib/python3.12/site-packages/airflow/example_dags/example_dag_decorator.py
[2024-09-03T11:29:05.753+0000] {logging_mixin.py:190} INFO - [2024-09-03T11:29:05.753+0000] {dag.py:3211} INFO - Sync 1 DAGs
[2024-09-03T11:29:05.804+0000] {logging_mixin.py:190} INFO - [2024-09-03T11:29:05.804+0000] {dag.py:4138} INFO - Setting next_dagrun for example_dag_decorator to None, run_after=None
[2024-09-03T11:29:05.849+0000] {processor.py:208} INFO - Processing /home/airflow/.local/lib/python3.12/site-packages/airflow/example_dags/example_dag_decorator.py took 0.394 seconds
[2024-09-03T11:29:36.103+0000] {processor.py:186} INFO - Started process (PID=347) to work on /home/airflow/.local/lib/python3.12/site-packages/airflow/example_dags/example_dag_decorator.py
[2024-09-03T11:29:36.105+0000] {processor.py:914} INFO - Processing file /home/airflow/.local/lib/python3.12/site-packages/airflow/example_dags/example_dag_decorator.py for tasks to queue
[2024-09-03T11:29:36.108+0000] {logging_mixin.py:190} INFO - [2024-09-03T11:29:36.108+0000] {dagbag.py:587} INFO - Filling up the DagBag from /home/airflow/.local/lib/python3.12/site-packages/airflow/example_dags/example_dag_decorator.py
[2024-09-03T11:29:36.125+0000] {processor.py:925} INFO - DAG(s) 'example_dag_decorator' retrieved from /home/airflow/.local/lib/python3.12/site-packages/airflow/example_dags/example_dag_decorator.py
[2024-09-03T11:29:36.269+0000] {logging_mixin.py:190} INFO - [2024-09-03T11:29:36.268+0000] {dag.py:3211} INFO - Sync 1 DAGs
[2024-09-03T11:29:36.284+0000] {logging_mixin.py:190} INFO - [2024-09-03T11:29:36.283+0000] {dag.py:4138} INFO - Setting next_dagrun for example_dag_decorator to None, run_after=None
[2024-09-03T11:29:36.311+0000] {processor.py:208} INFO - Processing /home/airflow/.local/lib/python3.12/site-packages/airflow/example_dags/example_dag_decorator.py took 0.216 seconds
[2024-09-03T11:30:06.660+0000] {processor.py:186} INFO - Started process (PID=410) to work on /home/airflow/.local/lib/python3.12/site-packages/airflow/example_dags/example_dag_decorator.py
[2024-09-03T11:30:06.661+0000] {processor.py:914} INFO - Processing file /home/airflow/.local/lib/python3.12/site-packages/airflow/example_dags/example_dag_decorator.py for tasks to queue
[2024-09-03T11:30:06.664+0000] {logging_mixin.py:190} INFO - [2024-09-03T11:30:06.663+0000] {dagbag.py:587} INFO - Filling up the DagBag from /home/airflow/.local/lib/python3.12/site-packages/airflow/example_dags/example_dag_decorator.py
[2024-09-03T11:30:06.676+0000] {processor.py:925} INFO - DAG(s) 'example_dag_decorator' retrieved from /home/airflow/.local/lib/python3.12/site-packages/airflow/example_dags/example_dag_decorator.py
[2024-09-03T11:30:06.792+0000] {logging_mixin.py:190} INFO - [2024-09-03T11:30:06.792+0000] {dag.py:3211} INFO - Sync 1 DAGs
[2024-09-03T11:30:06.803+0000] {logging_mixin.py:190} INFO - [2024-09-03T11:30:06.803+0000] {dag.py:4138} INFO - Setting next_dagrun for example_dag_decorator to None, run_after=None
[2024-09-03T11:30:06.828+0000] {processor.py:208} INFO - Processing /home/airflow/.local/lib/python3.12/site-packages/airflow/example_dags/example_dag_decorator.py took 0.174 seconds
[2024-09-03T11:30:36.999+0000] {processor.py:186} INFO - Started process (PID=474) to work on /home/airflow/.local/lib/python3.12/site-packages/airflow/example_dags/example_dag_decorator.py
[2024-09-03T11:30:37.000+0000] {processor.py:914} INFO - Processing file /home/airflow/.local/lib/python3.12/site-packages/airflow/example_dags/example_dag_decorator.py for tasks to queue
[2024-09-03T11:30:37.003+0000] {logging_mixin.py:190} INFO - [2024-09-03T11:30:37.003+0000] {dagbag.py:587} INFO - Filling up the DagBag from /home/airflow/.local/lib/python3.12/site-packages/airflow/example_dags/example_dag_decorator.py
[2024-09-03T11:30:37.017+0000] {processor.py:925} INFO - DAG(s) 'example_dag_decorator' retrieved from /home/airflow/.local/lib/python3.12/site-packages/airflow/example_dags/example_dag_decorator.py
[2024-09-03T11:30:37.047+0000] {logging_mixin.py:190} INFO - [2024-09-03T11:30:37.046+0000] {dag.py:3211} INFO - Sync 1 DAGs
[2024-09-03T11:30:37.065+0000] {logging_mixin.py:190} INFO - [2024-09-03T11:30:37.065+0000] {dag.py:4138} INFO - Setting next_dagrun for example_dag_decorator to None, run_after=None
[2024-09-03T11:30:37.091+0000] {processor.py:208} INFO - Processing /home/airflow/.local/lib/python3.12/site-packages/airflow/example_dags/example_dag_decorator.py took 0.099 seconds
[2024-09-03T11:31:07.427+0000] {processor.py:186} INFO - Started process (PID=538) to work on /home/airflow/.local/lib/python3.12/site-packages/airflow/example_dags/example_dag_decorator.py
[2024-09-03T11:31:07.430+0000] {processor.py:914} INFO - Processing file /home/airflow/.local/lib/python3.12/site-packages/airflow/example_dags/example_dag_decorator.py for tasks to queue
[2024-09-03T11:31:07.436+0000] {logging_mixin.py:190} INFO - [2024-09-03T11:31:07.434+0000] {dagbag.py:587} INFO - Filling up the DagBag from /home/airflow/.local/lib/python3.12/site-packages/airflow/example_dags/example_dag_decorator.py
[2024-09-03T11:31:07.460+0000] {processor.py:925} INFO - DAG(s) 'example_dag_decorator' retrieved from /home/airflow/.local/lib/python3.12/site-packages/airflow/example_dags/example_dag_decorator.py
[2024-09-03T11:31:07.745+0000] {logging_mixin.py:190} INFO - [2024-09-03T11:31:07.743+0000] {dag.py:3211} INFO - Sync 1 DAGs
[2024-09-03T11:31:07.778+0000] {logging_mixin.py:190} INFO - [2024-09-03T11:31:07.778+0000] {dag.py:4138} INFO - Setting next_dagrun for example_dag_decorator to None, run_after=None
[2024-09-03T11:31:07.845+0000] {processor.py:208} INFO - Processing /home/airflow/.local/lib/python3.12/site-packages/airflow/example_dags/example_dag_decorator.py took 0.428 seconds
[2024-09-03T11:31:38.813+0000] {processor.py:186} INFO - Started process (PID=601) to work on /home/airflow/.local/lib/python3.12/site-packages/airflow/example_dags/example_dag_decorator.py
[2024-09-03T11:31:38.816+0000] {processor.py:914} INFO - Processing file /home/airflow/.local/lib/python3.12/site-packages/airflow/example_dags/example_dag_decorator.py for tasks to queue
[2024-09-03T11:31:38.823+0000] {logging_mixin.py:190} INFO - [2024-09-03T11:31:38.822+0000] {dagbag.py:587} INFO - Filling up the DagBag from /home/airflow/.local/lib/python3.12/site-packages/airflow/example_dags/example_dag_decorator.py
[2024-09-03T11:31:38.854+0000] {processor.py:925} INFO - DAG(s) 'example_dag_decorator' retrieved from /home/airflow/.local/lib/python3.12/site-packages/airflow/example_dags/example_dag_decorator.py
[2024-09-03T11:31:39.019+0000] {logging_mixin.py:190} INFO - [2024-09-03T11:31:39.018+0000] {dag.py:3211} INFO - Sync 1 DAGs
[2024-09-03T11:31:39.035+0000] {logging_mixin.py:190} INFO - [2024-09-03T11:31:39.035+0000] {dag.py:4138} INFO - Setting next_dagrun for example_dag_decorator to None, run_after=None
[2024-09-03T11:31:39.067+0000] {processor.py:208} INFO - Processing /home/airflow/.local/lib/python3.12/site-packages/airflow/example_dags/example_dag_decorator.py took 0.260 seconds
[2024-09-03T11:32:09.184+0000] {processor.py:186} INFO - Started process (PID=663) to work on /home/airflow/.local/lib/python3.12/site-packages/airflow/example_dags/example_dag_decorator.py
[2024-09-03T11:32:09.185+0000] {processor.py:914} INFO - Processing file /home/airflow/.local/lib/python3.12/site-packages/airflow/example_dags/example_dag_decorator.py for tasks to queue
[2024-09-03T11:32:09.188+0000] {logging_mixin.py:190} INFO - [2024-09-03T11:32:09.188+0000] {dagbag.py:587} INFO - Filling up the DagBag from /home/airflow/.local/lib/python3.12/site-packages/airflow/example_dags/example_dag_decorator.py
[2024-09-03T11:32:09.199+0000] {processor.py:925} INFO - DAG(s) 'example_dag_decorator' retrieved from /home/airflow/.local/lib/python3.12/site-packages/airflow/example_dags/example_dag_decorator.py
[2024-09-03T11:32:09.298+0000] {logging_mixin.py:190} INFO - [2024-09-03T11:32:09.297+0000] {dag.py:3211} INFO - Sync 1 DAGs
[2024-09-03T11:32:09.325+0000] {logging_mixin.py:190} INFO - [2024-09-03T11:32:09.324+0000] {dag.py:4138} INFO - Setting next_dagrun for example_dag_decorator to None, run_after=None
[2024-09-03T11:32:09.368+0000] {processor.py:208} INFO - Processing /home/airflow/.local/lib/python3.12/site-packages/airflow/example_dags/example_dag_decorator.py took 0.189 seconds
[2024-09-03T11:32:39.653+0000] {processor.py:186} INFO - Started process (PID=726) to work on /home/airflow/.local/lib/python3.12/site-packages/airflow/example_dags/example_dag_decorator.py
[2024-09-03T11:32:39.655+0000] {processor.py:914} INFO - Processing file /home/airflow/.local/lib/python3.12/site-packages/airflow/example_dags/example_dag_decorator.py for tasks to queue
[2024-09-03T11:32:39.658+0000] {logging_mixin.py:190} INFO - [2024-09-03T11:32:39.658+0000] {dagbag.py:587} INFO - Filling up the DagBag from /home/airflow/.local/lib/python3.12/site-packages/airflow/example_dags/example_dag_decorator.py
[2024-09-03T11:32:39.669+0000] {processor.py:925} INFO - DAG(s) 'example_dag_decorator' retrieved from /home/airflow/.local/lib/python3.12/site-packages/airflow/example_dags/example_dag_decorator.py
[2024-09-03T11:32:39.818+0000] {logging_mixin.py:190} INFO - [2024-09-03T11:32:39.817+0000] {dag.py:3211} INFO - Sync 1 DAGs
[2024-09-03T11:32:39.836+0000] {logging_mixin.py:190} INFO - [2024-09-03T11:32:39.835+0000] {dag.py:4138} INFO - Setting next_dagrun for example_dag_decorator to None, run_after=None
[2024-09-03T11:32:39.876+0000] {processor.py:208} INFO - Processing /home/airflow/.local/lib/python3.12/site-packages/airflow/example_dags/example_dag_decorator.py took 0.230 seconds
[2024-09-03T11:33:10.376+0000] {processor.py:186} INFO - Started process (PID=790) to work on /home/airflow/.local/lib/python3.12/site-packages/airflow/example_dags/example_dag_decorator.py
[2024-09-03T11:33:10.378+0000] {processor.py:914} INFO - Processing file /home/airflow/.local/lib/python3.12/site-packages/airflow/example_dags/example_dag_decorator.py for tasks to queue
[2024-09-03T11:33:10.382+0000] {logging_mixin.py:190} INFO - [2024-09-03T11:33:10.381+0000] {dagbag.py:587} INFO - Filling up the DagBag from /home/airflow/.local/lib/python3.12/site-packages/airflow/example_dags/example_dag_decorator.py
[2024-09-03T11:33:10.401+0000] {processor.py:925} INFO - DAG(s) 'example_dag_decorator' retrieved from /home/airflow/.local/lib/python3.12/site-packages/airflow/example_dags/example_dag_decorator.py
[2024-09-03T11:33:10.560+0000] {logging_mixin.py:190} INFO - [2024-09-03T11:33:10.560+0000] {dag.py:3211} INFO - Sync 1 DAGs
[2024-09-03T11:33:10.581+0000] {logging_mixin.py:190} INFO - [2024-09-03T11:33:10.581+0000] {dag.py:4138} INFO - Setting next_dagrun for example_dag_decorator to None, run_after=None
[2024-09-03T11:33:10.615+0000] {processor.py:208} INFO - Processing /home/airflow/.local/lib/python3.12/site-packages/airflow/example_dags/example_dag_decorator.py took 0.247 seconds
[2024-09-03T11:33:40.763+0000] {processor.py:186} INFO - Started process (PID=853) to work on /home/airflow/.local/lib/python3.12/site-packages/airflow/example_dags/example_dag_decorator.py
[2024-09-03T11:33:40.764+0000] {processor.py:914} INFO - Processing file /home/airflow/.local/lib/python3.12/site-packages/airflow/example_dags/example_dag_decorator.py for tasks to queue
[2024-09-03T11:33:40.767+0000] {logging_mixin.py:190} INFO - [2024-09-03T11:33:40.766+0000] {dagbag.py:587} INFO - Filling up the DagBag from /home/airflow/.local/lib/python3.12/site-packages/airflow/example_dags/example_dag_decorator.py
[2024-09-03T11:33:40.777+0000] {processor.py:925} INFO - DAG(s) 'example_dag_decorator' retrieved from /home/airflow/.local/lib/python3.12/site-packages/airflow/example_dags/example_dag_decorator.py
[2024-09-03T11:33:40.906+0000] {logging_mixin.py:190} INFO - [2024-09-03T11:33:40.905+0000] {dag.py:3211} INFO - Sync 1 DAGs
[2024-09-03T11:33:40.927+0000] {logging_mixin.py:190} INFO - [2024-09-03T11:33:40.927+0000] {dag.py:4138} INFO - Setting next_dagrun for example_dag_decorator to None, run_after=None
[2024-09-03T11:33:40.956+0000] {processor.py:208} INFO - Processing /home/airflow/.local/lib/python3.12/site-packages/airflow/example_dags/example_dag_decorator.py took 0.198 seconds
[2024-09-03T11:34:11.325+0000] {processor.py:186} INFO - Started process (PID=916) to work on /home/airflow/.local/lib/python3.12/site-packages/airflow/example_dags/example_dag_decorator.py
[2024-09-03T11:34:11.326+0000] {processor.py:914} INFO - Processing file /home/airflow/.local/lib/python3.12/site-packages/airflow/example_dags/example_dag_decorator.py for tasks to queue
[2024-09-03T11:34:11.329+0000] {logging_mixin.py:190} INFO - [2024-09-03T11:34:11.329+0000] {dagbag.py:587} INFO - Filling up the DagBag from /home/airflow/.local/lib/python3.12/site-packages/airflow/example_dags/example_dag_decorator.py
[2024-09-03T11:34:11.343+0000] {processor.py:925} INFO - DAG(s) 'example_dag_decorator' retrieved from /home/airflow/.local/lib/python3.12/site-packages/airflow/example_dags/example_dag_decorator.py
[2024-09-03T11:34:11.490+0000] {logging_mixin.py:190} INFO - [2024-09-03T11:34:11.489+0000] {dag.py:3211} INFO - Sync 1 DAGs
[2024-09-03T11:34:11.505+0000] {logging_mixin.py:190} INFO - [2024-09-03T11:34:11.504+0000] {dag.py:4138} INFO - Setting next_dagrun for example_dag_decorator to None, run_after=None
[2024-09-03T11:34:11.533+0000] {processor.py:208} INFO - Processing /home/airflow/.local/lib/python3.12/site-packages/airflow/example_dags/example_dag_decorator.py took 0.214 seconds
[2024-09-03T11:34:42.039+0000] {processor.py:186} INFO - Started process (PID=979) to work on /home/airflow/.local/lib/python3.12/site-packages/airflow/example_dags/example_dag_decorator.py
[2024-09-03T11:34:42.041+0000] {processor.py:914} INFO - Processing file /home/airflow/.local/lib/python3.12/site-packages/airflow/example_dags/example_dag_decorator.py for tasks to queue
[2024-09-03T11:34:42.045+0000] {logging_mixin.py:190} INFO - [2024-09-03T11:34:42.045+0000] {dagbag.py:587} INFO - Filling up the DagBag from /home/airflow/.local/lib/python3.12/site-packages/airflow/example_dags/example_dag_decorator.py
[2024-09-03T11:34:42.062+0000] {processor.py:925} INFO - DAG(s) 'example_dag_decorator' retrieved from /home/airflow/.local/lib/python3.12/site-packages/airflow/example_dags/example_dag_decorator.py
[2024-09-03T11:34:42.257+0000] {logging_mixin.py:190} INFO - [2024-09-03T11:34:42.256+0000] {dag.py:3211} INFO - Sync 1 DAGs
[2024-09-03T11:34:42.275+0000] {logging_mixin.py:190} INFO - [2024-09-03T11:34:42.275+0000] {dag.py:4138} INFO - Setting next_dagrun for example_dag_decorator to None, run_after=None
[2024-09-03T11:34:42.313+0000] {processor.py:208} INFO - Processing /home/airflow/.local/lib/python3.12/site-packages/airflow/example_dags/example_dag_decorator.py took 0.283 seconds
[2024-09-03T11:35:13.396+0000] {processor.py:186} INFO - Started process (PID=1042) to work on /home/airflow/.local/lib/python3.12/site-packages/airflow/example_dags/example_dag_decorator.py
[2024-09-03T11:35:13.397+0000] {processor.py:914} INFO - Processing file /home/airflow/.local/lib/python3.12/site-packages/airflow/example_dags/example_dag_decorator.py for tasks to queue
[2024-09-03T11:35:13.402+0000] {logging_mixin.py:190} INFO - [2024-09-03T11:35:13.401+0000] {dagbag.py:587} INFO - Filling up the DagBag from /home/airflow/.local/lib/python3.12/site-packages/airflow/example_dags/example_dag_decorator.py
[2024-09-03T11:35:13.423+0000] {processor.py:925} INFO - DAG(s) 'example_dag_decorator' retrieved from /home/airflow/.local/lib/python3.12/site-packages/airflow/example_dags/example_dag_decorator.py
[2024-09-03T11:35:13.659+0000] {logging_mixin.py:190} INFO - [2024-09-03T11:35:13.658+0000] {dag.py:3211} INFO - Sync 1 DAGs
[2024-09-03T11:35:13.677+0000] {logging_mixin.py:190} INFO - [2024-09-03T11:35:13.677+0000] {dag.py:4138} INFO - Setting next_dagrun for example_dag_decorator to None, run_after=None
[2024-09-03T11:35:13.707+0000] {processor.py:208} INFO - Processing /home/airflow/.local/lib/python3.12/site-packages/airflow/example_dags/example_dag_decorator.py took 0.320 seconds
[2024-09-03T11:35:43.800+0000] {processor.py:186} INFO - Started process (PID=1104) to work on /home/airflow/.local/lib/python3.12/site-packages/airflow/example_dags/example_dag_decorator.py
[2024-09-03T11:35:43.801+0000] {processor.py:914} INFO - Processing file /home/airflow/.local/lib/python3.12/site-packages/airflow/example_dags/example_dag_decorator.py for tasks to queue
[2024-09-03T11:35:43.805+0000] {logging_mixin.py:190} INFO - [2024-09-03T11:35:43.804+0000] {dagbag.py:587} INFO - Filling up the DagBag from /home/airflow/.local/lib/python3.12/site-packages/airflow/example_dags/example_dag_decorator.py
[2024-09-03T11:35:43.817+0000] {processor.py:925} INFO - DAG(s) 'example_dag_decorator' retrieved from /home/airflow/.local/lib/python3.12/site-packages/airflow/example_dags/example_dag_decorator.py
[2024-09-03T11:35:43.921+0000] {logging_mixin.py:190} INFO - [2024-09-03T11:35:43.921+0000] {dag.py:3211} INFO - Sync 1 DAGs
[2024-09-03T11:35:43.935+0000] {logging_mixin.py:190} INFO - [2024-09-03T11:35:43.934+0000] {dag.py:4138} INFO - Setting next_dagrun for example_dag_decorator to None, run_after=None
[2024-09-03T11:35:43.963+0000] {processor.py:208} INFO - Processing /home/airflow/.local/lib/python3.12/site-packages/airflow/example_dags/example_dag_decorator.py took 0.169 seconds
[2024-09-03T11:36:14.752+0000] {processor.py:186} INFO - Started process (PID=1168) to work on /home/airflow/.local/lib/python3.12/site-packages/airflow/example_dags/example_dag_decorator.py
[2024-09-03T11:36:14.753+0000] {processor.py:914} INFO - Processing file /home/airflow/.local/lib/python3.12/site-packages/airflow/example_dags/example_dag_decorator.py for tasks to queue
[2024-09-03T11:36:14.756+0000] {logging_mixin.py:190} INFO - [2024-09-03T11:36:14.755+0000] {dagbag.py:587} INFO - Filling up the DagBag from /home/airflow/.local/lib/python3.12/site-packages/airflow/example_dags/example_dag_decorator.py
[2024-09-03T11:36:14.766+0000] {processor.py:925} INFO - DAG(s) 'example_dag_decorator' retrieved from /home/airflow/.local/lib/python3.12/site-packages/airflow/example_dags/example_dag_decorator.py
[2024-09-03T11:36:14.866+0000] {logging_mixin.py:190} INFO - [2024-09-03T11:36:14.866+0000] {dag.py:3211} INFO - Sync 1 DAGs
[2024-09-03T11:36:14.880+0000] {logging_mixin.py:190} INFO - [2024-09-03T11:36:14.880+0000] {dag.py:4138} INFO - Setting next_dagrun for example_dag_decorator to None, run_after=None
[2024-09-03T11:36:14.913+0000] {processor.py:208} INFO - Processing /home/airflow/.local/lib/python3.12/site-packages/airflow/example_dags/example_dag_decorator.py took 0.167 seconds
[2024-09-03T11:36:45.109+0000] {processor.py:186} INFO - Started process (PID=1231) to work on /home/airflow/.local/lib/python3.12/site-packages/airflow/example_dags/example_dag_decorator.py
[2024-09-03T11:36:45.111+0000] {processor.py:914} INFO - Processing file /home/airflow/.local/lib/python3.12/site-packages/airflow/example_dags/example_dag_decorator.py for tasks to queue
[2024-09-03T11:36:45.115+0000] {logging_mixin.py:190} INFO - [2024-09-03T11:36:45.114+0000] {dagbag.py:587} INFO - Filling up the DagBag from /home/airflow/.local/lib/python3.12/site-packages/airflow/example_dags/example_dag_decorator.py
[2024-09-03T11:36:45.133+0000] {processor.py:925} INFO - DAG(s) 'example_dag_decorator' retrieved from /home/airflow/.local/lib/python3.12/site-packages/airflow/example_dags/example_dag_decorator.py
[2024-09-03T11:36:45.344+0000] {logging_mixin.py:190} INFO - [2024-09-03T11:36:45.343+0000] {dag.py:3211} INFO - Sync 1 DAGs
[2024-09-03T11:36:45.364+0000] {logging_mixin.py:190} INFO - [2024-09-03T11:36:45.364+0000] {dag.py:4138} INFO - Setting next_dagrun for example_dag_decorator to None, run_after=None
[2024-09-03T11:36:45.399+0000] {processor.py:208} INFO - Processing /home/airflow/.local/lib/python3.12/site-packages/airflow/example_dags/example_dag_decorator.py took 0.299 seconds
[2024-09-03T11:37:16.146+0000] {processor.py:186} INFO - Started process (PID=1293) to work on /home/airflow/.local/lib/python3.12/site-packages/airflow/example_dags/example_dag_decorator.py
[2024-09-03T11:37:16.148+0000] {processor.py:914} INFO - Processing file /home/airflow/.local/lib/python3.12/site-packages/airflow/example_dags/example_dag_decorator.py for tasks to queue
[2024-09-03T11:37:16.152+0000] {logging_mixin.py:190} INFO - [2024-09-03T11:37:16.151+0000] {dagbag.py:587} INFO - Filling up the DagBag from /home/airflow/.local/lib/python3.12/site-packages/airflow/example_dags/example_dag_decorator.py
[2024-09-03T11:37:16.165+0000] {processor.py:925} INFO - DAG(s) 'example_dag_decorator' retrieved from /home/airflow/.local/lib/python3.12/site-packages/airflow/example_dags/example_dag_decorator.py
[2024-09-03T11:37:16.322+0000] {logging_mixin.py:190} INFO - [2024-09-03T11:37:16.322+0000] {dag.py:3211} INFO - Sync 1 DAGs
[2024-09-03T11:37:16.344+0000] {logging_mixin.py:190} INFO - [2024-09-03T11:37:16.344+0000] {dag.py:4138} INFO - Setting next_dagrun for example_dag_decorator to None, run_after=None
[2024-09-03T11:37:16.387+0000] {processor.py:208} INFO - Processing /home/airflow/.local/lib/python3.12/site-packages/airflow/example_dags/example_dag_decorator.py took 0.248 seconds
[2024-09-03T11:37:47.194+0000] {processor.py:186} INFO - Started process (PID=1356) to work on /home/airflow/.local/lib/python3.12/site-packages/airflow/example_dags/example_dag_decorator.py
[2024-09-03T11:37:47.196+0000] {processor.py:914} INFO - Processing file /home/airflow/.local/lib/python3.12/site-packages/airflow/example_dags/example_dag_decorator.py for tasks to queue
[2024-09-03T11:37:47.200+0000] {logging_mixin.py:190} INFO - [2024-09-03T11:37:47.199+0000] {dagbag.py:587} INFO - Filling up the DagBag from /home/airflow/.local/lib/python3.12/site-packages/airflow/example_dags/example_dag_decorator.py
[2024-09-03T11:37:47.214+0000] {processor.py:925} INFO - DAG(s) 'example_dag_decorator' retrieved from /home/airflow/.local/lib/python3.12/site-packages/airflow/example_dags/example_dag_decorator.py
[2024-09-03T11:37:47.352+0000] {logging_mixin.py:190} INFO - [2024-09-03T11:37:47.351+0000] {dag.py:3211} INFO - Sync 1 DAGs
[2024-09-03T11:37:47.369+0000] {logging_mixin.py:190} INFO - [2024-09-03T11:37:47.368+0000] {dag.py:4138} INFO - Setting next_dagrun for example_dag_decorator to None, run_after=None
[2024-09-03T11:37:47.414+0000] {processor.py:208} INFO - Processing /home/airflow/.local/lib/python3.12/site-packages/airflow/example_dags/example_dag_decorator.py took 0.226 seconds
[2024-09-03T11:38:18.139+0000] {processor.py:186} INFO - Started process (PID=1419) to work on /home/airflow/.local/lib/python3.12/site-packages/airflow/example_dags/example_dag_decorator.py
[2024-09-03T11:38:18.141+0000] {processor.py:914} INFO - Processing file /home/airflow/.local/lib/python3.12/site-packages/airflow/example_dags/example_dag_decorator.py for tasks to queue
[2024-09-03T11:38:18.146+0000] {logging_mixin.py:190} INFO - [2024-09-03T11:38:18.145+0000] {dagbag.py:587} INFO - Filling up the DagBag from /home/airflow/.local/lib/python3.12/site-packages/airflow/example_dags/example_dag_decorator.py
[2024-09-03T11:38:18.170+0000] {processor.py:925} INFO - DAG(s) 'example_dag_decorator' retrieved from /home/airflow/.local/lib/python3.12/site-packages/airflow/example_dags/example_dag_decorator.py
[2024-09-03T11:38:18.409+0000] {logging_mixin.py:190} INFO - [2024-09-03T11:38:18.409+0000] {dag.py:3211} INFO - Sync 1 DAGs
[2024-09-03T11:38:18.432+0000] {logging_mixin.py:190} INFO - [2024-09-03T11:38:18.431+0000] {dag.py:4138} INFO - Setting next_dagrun for example_dag_decorator to None, run_after=None
[2024-09-03T11:38:18.478+0000] {processor.py:208} INFO - Processing /home/airflow/.local/lib/python3.12/site-packages/airflow/example_dags/example_dag_decorator.py took 0.348 seconds
[2024-09-03T11:38:49.062+0000] {processor.py:186} INFO - Started process (PID=1482) to work on /home/airflow/.local/lib/python3.12/site-packages/airflow/example_dags/example_dag_decorator.py
[2024-09-03T11:38:49.064+0000] {processor.py:914} INFO - Processing file /home/airflow/.local/lib/python3.12/site-packages/airflow/example_dags/example_dag_decorator.py for tasks to queue
[2024-09-03T11:38:49.068+0000] {logging_mixin.py:190} INFO - [2024-09-03T11:38:49.067+0000] {dagbag.py:587} INFO - Filling up the DagBag from /home/airflow/.local/lib/python3.12/site-packages/airflow/example_dags/example_dag_decorator.py
[2024-09-03T11:38:49.088+0000] {processor.py:925} INFO - DAG(s) 'example_dag_decorator' retrieved from /home/airflow/.local/lib/python3.12/site-packages/airflow/example_dags/example_dag_decorator.py
[2024-09-03T11:38:49.252+0000] {logging_mixin.py:190} INFO - [2024-09-03T11:38:49.252+0000] {dag.py:3211} INFO - Sync 1 DAGs
[2024-09-03T11:38:49.273+0000] {logging_mixin.py:190} INFO - [2024-09-03T11:38:49.272+0000] {dag.py:4138} INFO - Setting next_dagrun for example_dag_decorator to None, run_after=None
[2024-09-03T11:38:49.319+0000] {processor.py:208} INFO - Processing /home/airflow/.local/lib/python3.12/site-packages/airflow/example_dags/example_dag_decorator.py took 0.265 seconds
[2024-09-03T11:39:19.470+0000] {processor.py:186} INFO - Started process (PID=1544) to work on /home/airflow/.local/lib/python3.12/site-packages/airflow/example_dags/example_dag_decorator.py
[2024-09-03T11:39:19.471+0000] {processor.py:914} INFO - Processing file /home/airflow/.local/lib/python3.12/site-packages/airflow/example_dags/example_dag_decorator.py for tasks to queue
[2024-09-03T11:39:19.475+0000] {logging_mixin.py:190} INFO - [2024-09-03T11:39:19.474+0000] {dagbag.py:587} INFO - Filling up the DagBag from /home/airflow/.local/lib/python3.12/site-packages/airflow/example_dags/example_dag_decorator.py
[2024-09-03T11:39:19.489+0000] {processor.py:925} INFO - DAG(s) 'example_dag_decorator' retrieved from /home/airflow/.local/lib/python3.12/site-packages/airflow/example_dags/example_dag_decorator.py
[2024-09-03T11:39:19.641+0000] {logging_mixin.py:190} INFO - [2024-09-03T11:39:19.641+0000] {dag.py:3211} INFO - Sync 1 DAGs
[2024-09-03T11:39:19.660+0000] {logging_mixin.py:190} INFO - [2024-09-03T11:39:19.659+0000] {dag.py:4138} INFO - Setting next_dagrun for example_dag_decorator to None, run_after=None
[2024-09-03T11:39:19.697+0000] {processor.py:208} INFO - Processing /home/airflow/.local/lib/python3.12/site-packages/airflow/example_dags/example_dag_decorator.py took 0.236 seconds
[2024-09-03T11:39:49.828+0000] {processor.py:186} INFO - Started process (PID=1607) to work on /home/airflow/.local/lib/python3.12/site-packages/airflow/example_dags/example_dag_decorator.py
[2024-09-03T11:39:49.829+0000] {processor.py:914} INFO - Processing file /home/airflow/.local/lib/python3.12/site-packages/airflow/example_dags/example_dag_decorator.py for tasks to queue
[2024-09-03T11:39:49.833+0000] {logging_mixin.py:190} INFO - [2024-09-03T11:39:49.832+0000] {dagbag.py:587} INFO - Filling up the DagBag from /home/airflow/.local/lib/python3.12/site-packages/airflow/example_dags/example_dag_decorator.py
[2024-09-03T11:39:49.847+0000] {processor.py:925} INFO - DAG(s) 'example_dag_decorator' retrieved from /home/airflow/.local/lib/python3.12/site-packages/airflow/example_dags/example_dag_decorator.py
[2024-09-03T11:39:49.883+0000] {logging_mixin.py:190} INFO - [2024-09-03T11:39:49.883+0000] {dag.py:3211} INFO - Sync 1 DAGs
[2024-09-03T11:39:49.901+0000] {logging_mixin.py:190} INFO - [2024-09-03T11:39:49.901+0000] {dag.py:4138} INFO - Setting next_dagrun for example_dag_decorator to None, run_after=None
[2024-09-03T11:39:49.946+0000] {processor.py:208} INFO - Processing /home/airflow/.local/lib/python3.12/site-packages/airflow/example_dags/example_dag_decorator.py took 0.124 seconds
[2024-09-03T11:40:20.138+0000] {processor.py:186} INFO - Started process (PID=1670) to work on /home/airflow/.local/lib/python3.12/site-packages/airflow/example_dags/example_dag_decorator.py
[2024-09-03T11:40:20.140+0000] {processor.py:914} INFO - Processing file /home/airflow/.local/lib/python3.12/site-packages/airflow/example_dags/example_dag_decorator.py for tasks to queue
[2024-09-03T11:40:20.144+0000] {logging_mixin.py:190} INFO - [2024-09-03T11:40:20.143+0000] {dagbag.py:587} INFO - Filling up the DagBag from /home/airflow/.local/lib/python3.12/site-packages/airflow/example_dags/example_dag_decorator.py
[2024-09-03T11:40:20.164+0000] {processor.py:925} INFO - DAG(s) 'example_dag_decorator' retrieved from /home/airflow/.local/lib/python3.12/site-packages/airflow/example_dags/example_dag_decorator.py
[2024-09-03T11:40:20.355+0000] {logging_mixin.py:190} INFO - [2024-09-03T11:40:20.355+0000] {dag.py:3211} INFO - Sync 1 DAGs
[2024-09-03T11:40:20.377+0000] {logging_mixin.py:190} INFO - [2024-09-03T11:40:20.376+0000] {dag.py:4138} INFO - Setting next_dagrun for example_dag_decorator to None, run_after=None
[2024-09-03T11:40:20.419+0000] {processor.py:208} INFO - Processing /home/airflow/.local/lib/python3.12/site-packages/airflow/example_dags/example_dag_decorator.py took 0.290 seconds
[2024-09-03T11:40:51.022+0000] {processor.py:186} INFO - Started process (PID=1734) to work on /home/airflow/.local/lib/python3.12/site-packages/airflow/example_dags/example_dag_decorator.py
[2024-09-03T11:40:51.025+0000] {processor.py:914} INFO - Processing file /home/airflow/.local/lib/python3.12/site-packages/airflow/example_dags/example_dag_decorator.py for tasks to queue
[2024-09-03T11:40:51.031+0000] {logging_mixin.py:190} INFO - [2024-09-03T11:40:51.030+0000] {dagbag.py:587} INFO - Filling up the DagBag from /home/airflow/.local/lib/python3.12/site-packages/airflow/example_dags/example_dag_decorator.py
[2024-09-03T11:40:51.071+0000] {processor.py:925} INFO - DAG(s) 'example_dag_decorator' retrieved from /home/airflow/.local/lib/python3.12/site-packages/airflow/example_dags/example_dag_decorator.py
[2024-09-03T11:40:51.372+0000] {logging_mixin.py:190} INFO - [2024-09-03T11:40:51.372+0000] {dag.py:3211} INFO - Sync 1 DAGs
[2024-09-03T11:40:51.409+0000] {logging_mixin.py:190} INFO - [2024-09-03T11:40:51.407+0000] {dag.py:4138} INFO - Setting next_dagrun for example_dag_decorator to None, run_after=None
[2024-09-03T11:40:51.472+0000] {processor.py:208} INFO - Processing /home/airflow/.local/lib/python3.12/site-packages/airflow/example_dags/example_dag_decorator.py took 0.462 seconds
[2024-09-03T11:41:21.764+0000] {processor.py:186} INFO - Started process (PID=1797) to work on /home/airflow/.local/lib/python3.12/site-packages/airflow/example_dags/example_dag_decorator.py
[2024-09-03T11:41:21.767+0000] {processor.py:914} INFO - Processing file /home/airflow/.local/lib/python3.12/site-packages/airflow/example_dags/example_dag_decorator.py for tasks to queue
[2024-09-03T11:41:21.771+0000] {logging_mixin.py:190} INFO - [2024-09-03T11:41:21.771+0000] {dagbag.py:587} INFO - Filling up the DagBag from /home/airflow/.local/lib/python3.12/site-packages/airflow/example_dags/example_dag_decorator.py
[2024-09-03T11:41:21.798+0000] {processor.py:925} INFO - DAG(s) 'example_dag_decorator' retrieved from /home/airflow/.local/lib/python3.12/site-packages/airflow/example_dags/example_dag_decorator.py
[2024-09-03T11:41:22.060+0000] {logging_mixin.py:190} INFO - [2024-09-03T11:41:22.060+0000] {dag.py:3211} INFO - Sync 1 DAGs
[2024-09-03T11:41:22.088+0000] {logging_mixin.py:190} INFO - [2024-09-03T11:41:22.088+0000] {dag.py:4138} INFO - Setting next_dagrun for example_dag_decorator to None, run_after=None
[2024-09-03T11:41:22.144+0000] {processor.py:208} INFO - Processing /home/airflow/.local/lib/python3.12/site-packages/airflow/example_dags/example_dag_decorator.py took 0.391 seconds
[2024-09-03T11:41:53.035+0000] {processor.py:186} INFO - Started process (PID=1860) to work on /home/airflow/.local/lib/python3.12/site-packages/airflow/example_dags/example_dag_decorator.py
[2024-09-03T11:41:53.037+0000] {processor.py:914} INFO - Processing file /home/airflow/.local/lib/python3.12/site-packages/airflow/example_dags/example_dag_decorator.py for tasks to queue
[2024-09-03T11:41:53.045+0000] {logging_mixin.py:190} INFO - [2024-09-03T11:41:53.044+0000] {dagbag.py:587} INFO - Filling up the DagBag from /home/airflow/.local/lib/python3.12/site-packages/airflow/example_dags/example_dag_decorator.py
[2024-09-03T11:41:53.074+0000] {processor.py:925} INFO - DAG(s) 'example_dag_decorator' retrieved from /home/airflow/.local/lib/python3.12/site-packages/airflow/example_dags/example_dag_decorator.py
[2024-09-03T11:41:53.410+0000] {logging_mixin.py:190} INFO - [2024-09-03T11:41:53.409+0000] {dag.py:3211} INFO - Sync 1 DAGs
[2024-09-03T11:41:53.439+0000] {logging_mixin.py:190} INFO - [2024-09-03T11:41:53.439+0000] {dag.py:4138} INFO - Setting next_dagrun for example_dag_decorator to None, run_after=None
[2024-09-03T11:41:53.491+0000] {processor.py:208} INFO - Processing /home/airflow/.local/lib/python3.12/site-packages/airflow/example_dags/example_dag_decorator.py took 0.470 seconds
[2024-09-03T11:42:23.986+0000] {processor.py:186} INFO - Started process (PID=1923) to work on /home/airflow/.local/lib/python3.12/site-packages/airflow/example_dags/example_dag_decorator.py
[2024-09-03T11:42:23.988+0000] {processor.py:914} INFO - Processing file /home/airflow/.local/lib/python3.12/site-packages/airflow/example_dags/example_dag_decorator.py for tasks to queue
[2024-09-03T11:42:23.992+0000] {logging_mixin.py:190} INFO - [2024-09-03T11:42:23.992+0000] {dagbag.py:587} INFO - Filling up the DagBag from /home/airflow/.local/lib/python3.12/site-packages/airflow/example_dags/example_dag_decorator.py
[2024-09-03T11:42:24.013+0000] {processor.py:925} INFO - DAG(s) 'example_dag_decorator' retrieved from /home/airflow/.local/lib/python3.12/site-packages/airflow/example_dags/example_dag_decorator.py
[2024-09-03T11:42:24.061+0000] {logging_mixin.py:190} INFO - [2024-09-03T11:42:24.060+0000] {dag.py:3211} INFO - Sync 1 DAGs
[2024-09-03T11:42:24.092+0000] {logging_mixin.py:190} INFO - [2024-09-03T11:42:24.091+0000] {dag.py:4138} INFO - Setting next_dagrun for example_dag_decorator to None, run_after=None
[2024-09-03T11:42:24.134+0000] {processor.py:208} INFO - Processing /home/airflow/.local/lib/python3.12/site-packages/airflow/example_dags/example_dag_decorator.py took 0.158 seconds
[2024-09-03T11:42:54.848+0000] {processor.py:186} INFO - Started process (PID=1986) to work on /home/airflow/.local/lib/python3.12/site-packages/airflow/example_dags/example_dag_decorator.py
[2024-09-03T11:42:54.850+0000] {processor.py:914} INFO - Processing file /home/airflow/.local/lib/python3.12/site-packages/airflow/example_dags/example_dag_decorator.py for tasks to queue
[2024-09-03T11:42:54.854+0000] {logging_mixin.py:190} INFO - [2024-09-03T11:42:54.853+0000] {dagbag.py:587} INFO - Filling up the DagBag from /home/airflow/.local/lib/python3.12/site-packages/airflow/example_dags/example_dag_decorator.py
[2024-09-03T11:42:54.873+0000] {processor.py:925} INFO - DAG(s) 'example_dag_decorator' retrieved from /home/airflow/.local/lib/python3.12/site-packages/airflow/example_dags/example_dag_decorator.py
[2024-09-03T11:42:54.907+0000] {logging_mixin.py:190} INFO - [2024-09-03T11:42:54.907+0000] {dag.py:3211} INFO - Sync 1 DAGs
[2024-09-03T11:42:54.931+0000] {logging_mixin.py:190} INFO - [2024-09-03T11:42:54.931+0000] {dag.py:4138} INFO - Setting next_dagrun for example_dag_decorator to None, run_after=None
[2024-09-03T11:42:54.971+0000] {processor.py:208} INFO - Processing /home/airflow/.local/lib/python3.12/site-packages/airflow/example_dags/example_dag_decorator.py took 0.132 seconds
[2024-09-03T11:43:25.535+0000] {processor.py:186} INFO - Started process (PID=2049) to work on /home/airflow/.local/lib/python3.12/site-packages/airflow/example_dags/example_dag_decorator.py
[2024-09-03T11:43:25.537+0000] {processor.py:914} INFO - Processing file /home/airflow/.local/lib/python3.12/site-packages/airflow/example_dags/example_dag_decorator.py for tasks to queue
[2024-09-03T11:43:25.541+0000] {logging_mixin.py:190} INFO - [2024-09-03T11:43:25.540+0000] {dagbag.py:587} INFO - Filling up the DagBag from /home/airflow/.local/lib/python3.12/site-packages/airflow/example_dags/example_dag_decorator.py
[2024-09-03T11:43:25.562+0000] {processor.py:925} INFO - DAG(s) 'example_dag_decorator' retrieved from /home/airflow/.local/lib/python3.12/site-packages/airflow/example_dags/example_dag_decorator.py
[2024-09-03T11:43:25.762+0000] {logging_mixin.py:190} INFO - [2024-09-03T11:43:25.761+0000] {dag.py:3211} INFO - Sync 1 DAGs
[2024-09-03T11:43:25.787+0000] {logging_mixin.py:190} INFO - [2024-09-03T11:43:25.786+0000] {dag.py:4138} INFO - Setting next_dagrun for example_dag_decorator to None, run_after=None
[2024-09-03T11:43:25.840+0000] {processor.py:208} INFO - Processing /home/airflow/.local/lib/python3.12/site-packages/airflow/example_dags/example_dag_decorator.py took 0.314 seconds
[2024-09-03T11:43:56.035+0000] {processor.py:186} INFO - Started process (PID=2112) to work on /home/airflow/.local/lib/python3.12/site-packages/airflow/example_dags/example_dag_decorator.py
[2024-09-03T11:43:56.037+0000] {processor.py:914} INFO - Processing file /home/airflow/.local/lib/python3.12/site-packages/airflow/example_dags/example_dag_decorator.py for tasks to queue
[2024-09-03T11:43:56.041+0000] {logging_mixin.py:190} INFO - [2024-09-03T11:43:56.040+0000] {dagbag.py:587} INFO - Filling up the DagBag from /home/airflow/.local/lib/python3.12/site-packages/airflow/example_dags/example_dag_decorator.py
[2024-09-03T11:43:56.056+0000] {processor.py:925} INFO - DAG(s) 'example_dag_decorator' retrieved from /home/airflow/.local/lib/python3.12/site-packages/airflow/example_dags/example_dag_decorator.py
[2024-09-03T11:43:56.223+0000] {logging_mixin.py:190} INFO - [2024-09-03T11:43:56.223+0000] {dag.py:3211} INFO - Sync 1 DAGs
[2024-09-03T11:43:56.238+0000] {logging_mixin.py:190} INFO - [2024-09-03T11:43:56.238+0000] {dag.py:4138} INFO - Setting next_dagrun for example_dag_decorator to None, run_after=None
[2024-09-03T11:43:56.271+0000] {processor.py:208} INFO - Processing /home/airflow/.local/lib/python3.12/site-packages/airflow/example_dags/example_dag_decorator.py took 0.245 seconds
[2024-09-03T11:44:26.335+0000] {processor.py:186} INFO - Started process (PID=2175) to work on /home/airflow/.local/lib/python3.12/site-packages/airflow/example_dags/example_dag_decorator.py
[2024-09-03T11:44:26.336+0000] {processor.py:914} INFO - Processing file /home/airflow/.local/lib/python3.12/site-packages/airflow/example_dags/example_dag_decorator.py for tasks to queue
[2024-09-03T11:44:26.340+0000] {logging_mixin.py:190} INFO - [2024-09-03T11:44:26.339+0000] {dagbag.py:587} INFO - Filling up the DagBag from /home/airflow/.local/lib/python3.12/site-packages/airflow/example_dags/example_dag_decorator.py
[2024-09-03T11:44:26.351+0000] {processor.py:925} INFO - DAG(s) 'example_dag_decorator' retrieved from /home/airflow/.local/lib/python3.12/site-packages/airflow/example_dags/example_dag_decorator.py
[2024-09-03T11:44:26.473+0000] {logging_mixin.py:190} INFO - [2024-09-03T11:44:26.473+0000] {dag.py:3211} INFO - Sync 1 DAGs
[2024-09-03T11:44:26.487+0000] {logging_mixin.py:190} INFO - [2024-09-03T11:44:26.486+0000] {dag.py:4138} INFO - Setting next_dagrun for example_dag_decorator to None, run_after=None
[2024-09-03T11:44:26.512+0000] {processor.py:208} INFO - Processing /home/airflow/.local/lib/python3.12/site-packages/airflow/example_dags/example_dag_decorator.py took 0.182 seconds
[2024-09-03T11:44:56.586+0000] {processor.py:186} INFO - Started process (PID=2238) to work on /home/airflow/.local/lib/python3.12/site-packages/airflow/example_dags/example_dag_decorator.py
[2024-09-03T11:44:56.587+0000] {processor.py:914} INFO - Processing file /home/airflow/.local/lib/python3.12/site-packages/airflow/example_dags/example_dag_decorator.py for tasks to queue
[2024-09-03T11:44:56.590+0000] {logging_mixin.py:190} INFO - [2024-09-03T11:44:56.589+0000] {dagbag.py:587} INFO - Filling up the DagBag from /home/airflow/.local/lib/python3.12/site-packages/airflow/example_dags/example_dag_decorator.py
[2024-09-03T11:44:56.603+0000] {processor.py:925} INFO - DAG(s) 'example_dag_decorator' retrieved from /home/airflow/.local/lib/python3.12/site-packages/airflow/example_dags/example_dag_decorator.py
[2024-09-03T11:44:56.719+0000] {logging_mixin.py:190} INFO - [2024-09-03T11:44:56.719+0000] {dag.py:3211} INFO - Sync 1 DAGs
[2024-09-03T11:44:56.735+0000] {logging_mixin.py:190} INFO - [2024-09-03T11:44:56.735+0000] {dag.py:4138} INFO - Setting next_dagrun for example_dag_decorator to None, run_after=None
[2024-09-03T11:44:56.763+0000] {processor.py:208} INFO - Processing /home/airflow/.local/lib/python3.12/site-packages/airflow/example_dags/example_dag_decorator.py took 0.185 seconds
[2024-09-03T11:45:26.855+0000] {processor.py:186} INFO - Started process (PID=2301) to work on /home/airflow/.local/lib/python3.12/site-packages/airflow/example_dags/example_dag_decorator.py
[2024-09-03T11:45:26.856+0000] {processor.py:914} INFO - Processing file /home/airflow/.local/lib/python3.12/site-packages/airflow/example_dags/example_dag_decorator.py for tasks to queue
[2024-09-03T11:45:26.859+0000] {logging_mixin.py:190} INFO - [2024-09-03T11:45:26.859+0000] {dagbag.py:587} INFO - Filling up the DagBag from /home/airflow/.local/lib/python3.12/site-packages/airflow/example_dags/example_dag_decorator.py
[2024-09-03T11:45:26.873+0000] {processor.py:925} INFO - DAG(s) 'example_dag_decorator' retrieved from /home/airflow/.local/lib/python3.12/site-packages/airflow/example_dags/example_dag_decorator.py
[2024-09-03T11:45:26.988+0000] {logging_mixin.py:190} INFO - [2024-09-03T11:45:26.988+0000] {dag.py:3211} INFO - Sync 1 DAGs
[2024-09-03T11:45:27.004+0000] {logging_mixin.py:190} INFO - [2024-09-03T11:45:27.003+0000] {dag.py:4138} INFO - Setting next_dagrun for example_dag_decorator to None, run_after=None
[2024-09-03T11:45:27.034+0000] {processor.py:208} INFO - Processing /home/airflow/.local/lib/python3.12/site-packages/airflow/example_dags/example_dag_decorator.py took 0.186 seconds
[2024-09-03T11:45:57.128+0000] {processor.py:186} INFO - Started process (PID=2365) to work on /home/airflow/.local/lib/python3.12/site-packages/airflow/example_dags/example_dag_decorator.py
[2024-09-03T11:45:57.129+0000] {processor.py:914} INFO - Processing file /home/airflow/.local/lib/python3.12/site-packages/airflow/example_dags/example_dag_decorator.py for tasks to queue
[2024-09-03T11:45:57.132+0000] {logging_mixin.py:190} INFO - [2024-09-03T11:45:57.132+0000] {dagbag.py:587} INFO - Filling up the DagBag from /home/airflow/.local/lib/python3.12/site-packages/airflow/example_dags/example_dag_decorator.py
[2024-09-03T11:45:57.143+0000] {processor.py:925} INFO - DAG(s) 'example_dag_decorator' retrieved from /home/airflow/.local/lib/python3.12/site-packages/airflow/example_dags/example_dag_decorator.py
[2024-09-03T11:45:57.245+0000] {logging_mixin.py:190} INFO - [2024-09-03T11:45:57.244+0000] {dag.py:3211} INFO - Sync 1 DAGs
[2024-09-03T11:45:57.258+0000] {logging_mixin.py:190} INFO - [2024-09-03T11:45:57.258+0000] {dag.py:4138} INFO - Setting next_dagrun for example_dag_decorator to None, run_after=None
[2024-09-03T11:45:57.472+0000] {processor.py:208} INFO - Processing /home/airflow/.local/lib/python3.12/site-packages/airflow/example_dags/example_dag_decorator.py took 0.349 seconds
[2024-09-03T11:46:27.530+0000] {processor.py:186} INFO - Started process (PID=2428) to work on /home/airflow/.local/lib/python3.12/site-packages/airflow/example_dags/example_dag_decorator.py
[2024-09-03T11:46:27.531+0000] {processor.py:914} INFO - Processing file /home/airflow/.local/lib/python3.12/site-packages/airflow/example_dags/example_dag_decorator.py for tasks to queue
[2024-09-03T11:46:27.534+0000] {logging_mixin.py:190} INFO - [2024-09-03T11:46:27.534+0000] {dagbag.py:587} INFO - Filling up the DagBag from /home/airflow/.local/lib/python3.12/site-packages/airflow/example_dags/example_dag_decorator.py
[2024-09-03T11:46:27.545+0000] {processor.py:925} INFO - DAG(s) 'example_dag_decorator' retrieved from /home/airflow/.local/lib/python3.12/site-packages/airflow/example_dags/example_dag_decorator.py
[2024-09-03T11:46:27.686+0000] {logging_mixin.py:190} INFO - [2024-09-03T11:46:27.686+0000] {dag.py:3211} INFO - Sync 1 DAGs
[2024-09-03T11:46:27.702+0000] {logging_mixin.py:190} INFO - [2024-09-03T11:46:27.702+0000] {dag.py:4138} INFO - Setting next_dagrun for example_dag_decorator to None, run_after=None
[2024-09-03T11:46:27.737+0000] {processor.py:208} INFO - Processing /home/airflow/.local/lib/python3.12/site-packages/airflow/example_dags/example_dag_decorator.py took 0.213 seconds
[2024-09-03T11:46:57.815+0000] {processor.py:186} INFO - Started process (PID=2492) to work on /home/airflow/.local/lib/python3.12/site-packages/airflow/example_dags/example_dag_decorator.py
[2024-09-03T11:46:57.818+0000] {processor.py:914} INFO - Processing file /home/airflow/.local/lib/python3.12/site-packages/airflow/example_dags/example_dag_decorator.py for tasks to queue
[2024-09-03T11:46:57.822+0000] {logging_mixin.py:190} INFO - [2024-09-03T11:46:57.821+0000] {dagbag.py:587} INFO - Filling up the DagBag from /home/airflow/.local/lib/python3.12/site-packages/airflow/example_dags/example_dag_decorator.py
[2024-09-03T11:46:57.843+0000] {processor.py:925} INFO - DAG(s) 'example_dag_decorator' retrieved from /home/airflow/.local/lib/python3.12/site-packages/airflow/example_dags/example_dag_decorator.py
[2024-09-03T11:46:58.049+0000] {logging_mixin.py:190} INFO - [2024-09-03T11:46:58.047+0000] {dag.py:3211} INFO - Sync 1 DAGs
[2024-09-03T11:46:58.074+0000] {logging_mixin.py:190} INFO - [2024-09-03T11:46:58.074+0000] {dag.py:4138} INFO - Setting next_dagrun for example_dag_decorator to None, run_after=None
[2024-09-03T11:46:58.120+0000] {processor.py:208} INFO - Processing /home/airflow/.local/lib/python3.12/site-packages/airflow/example_dags/example_dag_decorator.py took 0.314 seconds
[2024-09-03T11:47:28.516+0000] {processor.py:186} INFO - Started process (PID=2555) to work on /home/airflow/.local/lib/python3.12/site-packages/airflow/example_dags/example_dag_decorator.py
[2024-09-03T11:47:28.519+0000] {processor.py:914} INFO - Processing file /home/airflow/.local/lib/python3.12/site-packages/airflow/example_dags/example_dag_decorator.py for tasks to queue
[2024-09-03T11:47:28.525+0000] {logging_mixin.py:190} INFO - [2024-09-03T11:47:28.524+0000] {dagbag.py:587} INFO - Filling up the DagBag from /home/airflow/.local/lib/python3.12/site-packages/airflow/example_dags/example_dag_decorator.py
[2024-09-03T11:47:28.566+0000] {processor.py:925} INFO - DAG(s) 'example_dag_decorator' retrieved from /home/airflow/.local/lib/python3.12/site-packages/airflow/example_dags/example_dag_decorator.py
[2024-09-03T11:47:28.946+0000] {logging_mixin.py:190} INFO - [2024-09-03T11:47:28.946+0000] {dag.py:3211} INFO - Sync 1 DAGs
[2024-09-03T11:47:28.984+0000] {logging_mixin.py:190} INFO - [2024-09-03T11:47:28.983+0000] {dag.py:4138} INFO - Setting next_dagrun for example_dag_decorator to None, run_after=None
[2024-09-03T11:47:29.051+0000] {processor.py:208} INFO - Processing /home/airflow/.local/lib/python3.12/site-packages/airflow/example_dags/example_dag_decorator.py took 0.552 seconds
[2024-09-03T11:47:59.593+0000] {processor.py:186} INFO - Started process (PID=2618) to work on /home/airflow/.local/lib/python3.12/site-packages/airflow/example_dags/example_dag_decorator.py
[2024-09-03T11:47:59.595+0000] {processor.py:914} INFO - Processing file /home/airflow/.local/lib/python3.12/site-packages/airflow/example_dags/example_dag_decorator.py for tasks to queue
[2024-09-03T11:47:59.599+0000] {logging_mixin.py:190} INFO - [2024-09-03T11:47:59.599+0000] {dagbag.py:587} INFO - Filling up the DagBag from /home/airflow/.local/lib/python3.12/site-packages/airflow/example_dags/example_dag_decorator.py
[2024-09-03T11:47:59.622+0000] {processor.py:925} INFO - DAG(s) 'example_dag_decorator' retrieved from /home/airflow/.local/lib/python3.12/site-packages/airflow/example_dags/example_dag_decorator.py
[2024-09-03T11:48:00.222+0000] {logging_mixin.py:190} INFO - [2024-09-03T11:48:00.222+0000] {dag.py:3211} INFO - Sync 1 DAGs
[2024-09-03T11:48:00.256+0000] {logging_mixin.py:190} INFO - [2024-09-03T11:48:00.256+0000] {dag.py:4138} INFO - Setting next_dagrun for example_dag_decorator to None, run_after=None
[2024-09-03T11:48:00.311+0000] {processor.py:208} INFO - Processing /home/airflow/.local/lib/python3.12/site-packages/airflow/example_dags/example_dag_decorator.py took 0.728 seconds
[2024-09-03T11:48:30.862+0000] {processor.py:186} INFO - Started process (PID=2682) to work on /home/airflow/.local/lib/python3.12/site-packages/airflow/example_dags/example_dag_decorator.py
[2024-09-03T11:48:30.864+0000] {processor.py:914} INFO - Processing file /home/airflow/.local/lib/python3.12/site-packages/airflow/example_dags/example_dag_decorator.py for tasks to queue
[2024-09-03T11:48:30.869+0000] {logging_mixin.py:190} INFO - [2024-09-03T11:48:30.868+0000] {dagbag.py:587} INFO - Filling up the DagBag from /home/airflow/.local/lib/python3.12/site-packages/airflow/example_dags/example_dag_decorator.py
[2024-09-03T11:48:30.890+0000] {processor.py:925} INFO - DAG(s) 'example_dag_decorator' retrieved from /home/airflow/.local/lib/python3.12/site-packages/airflow/example_dags/example_dag_decorator.py
[2024-09-03T11:48:31.422+0000] {logging_mixin.py:190} INFO - [2024-09-03T11:48:31.421+0000] {dag.py:3211} INFO - Sync 1 DAGs
[2024-09-03T11:48:31.444+0000] {logging_mixin.py:190} INFO - [2024-09-03T11:48:31.444+0000] {dag.py:4138} INFO - Setting next_dagrun for example_dag_decorator to None, run_after=None
[2024-09-03T11:48:31.485+0000] {processor.py:208} INFO - Processing /home/airflow/.local/lib/python3.12/site-packages/airflow/example_dags/example_dag_decorator.py took 0.634 seconds
[2024-09-03T11:49:01.752+0000] {processor.py:186} INFO - Started process (PID=2747) to work on /home/airflow/.local/lib/python3.12/site-packages/airflow/example_dags/example_dag_decorator.py
[2024-09-03T11:49:01.754+0000] {processor.py:914} INFO - Processing file /home/airflow/.local/lib/python3.12/site-packages/airflow/example_dags/example_dag_decorator.py for tasks to queue
[2024-09-03T11:49:01.760+0000] {logging_mixin.py:190} INFO - [2024-09-03T11:49:01.759+0000] {dagbag.py:587} INFO - Filling up the DagBag from /home/airflow/.local/lib/python3.12/site-packages/airflow/example_dags/example_dag_decorator.py
[2024-09-03T11:49:01.798+0000] {processor.py:925} INFO - DAG(s) 'example_dag_decorator' retrieved from /home/airflow/.local/lib/python3.12/site-packages/airflow/example_dags/example_dag_decorator.py
[2024-09-03T11:49:02.744+0000] {logging_mixin.py:190} INFO - [2024-09-03T11:49:02.743+0000] {dag.py:3211} INFO - Sync 1 DAGs
[2024-09-03T11:49:02.794+0000] {logging_mixin.py:190} INFO - [2024-09-03T11:49:02.794+0000] {dag.py:4138} INFO - Setting next_dagrun for example_dag_decorator to None, run_after=None
[2024-09-03T11:49:02.868+0000] {processor.py:208} INFO - Processing /home/airflow/.local/lib/python3.12/site-packages/airflow/example_dags/example_dag_decorator.py took 1.132 seconds
[2024-09-03T11:49:33.143+0000] {processor.py:186} INFO - Started process (PID=2816) to work on /home/airflow/.local/lib/python3.12/site-packages/airflow/example_dags/example_dag_decorator.py
[2024-09-03T11:49:33.144+0000] {processor.py:914} INFO - Processing file /home/airflow/.local/lib/python3.12/site-packages/airflow/example_dags/example_dag_decorator.py for tasks to queue
[2024-09-03T11:49:33.149+0000] {logging_mixin.py:190} INFO - [2024-09-03T11:49:33.148+0000] {dagbag.py:587} INFO - Filling up the DagBag from /home/airflow/.local/lib/python3.12/site-packages/airflow/example_dags/example_dag_decorator.py
[2024-09-03T11:49:33.177+0000] {processor.py:925} INFO - DAG(s) 'example_dag_decorator' retrieved from /home/airflow/.local/lib/python3.12/site-packages/airflow/example_dags/example_dag_decorator.py
[2024-09-03T11:49:34.394+0000] {logging_mixin.py:190} INFO - [2024-09-03T11:49:34.393+0000] {dag.py:3211} INFO - Sync 1 DAGs
[2024-09-03T11:49:34.439+0000] {logging_mixin.py:190} INFO - [2024-09-03T11:49:34.439+0000] {dag.py:4138} INFO - Setting next_dagrun for example_dag_decorator to None, run_after=None
[2024-09-03T11:49:34.496+0000] {processor.py:208} INFO - Processing /home/airflow/.local/lib/python3.12/site-packages/airflow/example_dags/example_dag_decorator.py took 1.371 seconds
[2024-09-03T11:50:05.007+0000] {processor.py:186} INFO - Started process (PID=2882) to work on /home/airflow/.local/lib/python3.12/site-packages/airflow/example_dags/example_dag_decorator.py
[2024-09-03T11:50:05.009+0000] {processor.py:914} INFO - Processing file /home/airflow/.local/lib/python3.12/site-packages/airflow/example_dags/example_dag_decorator.py for tasks to queue
[2024-09-03T11:50:05.013+0000] {logging_mixin.py:190} INFO - [2024-09-03T11:50:05.013+0000] {dagbag.py:587} INFO - Filling up the DagBag from /home/airflow/.local/lib/python3.12/site-packages/airflow/example_dags/example_dag_decorator.py
[2024-09-03T11:50:05.035+0000] {processor.py:925} INFO - DAG(s) 'example_dag_decorator' retrieved from /home/airflow/.local/lib/python3.12/site-packages/airflow/example_dags/example_dag_decorator.py
[2024-09-03T11:50:05.853+0000] {logging_mixin.py:190} INFO - [2024-09-03T11:50:05.853+0000] {dag.py:3211} INFO - Sync 1 DAGs
[2024-09-03T11:50:05.880+0000] {logging_mixin.py:190} INFO - [2024-09-03T11:50:05.880+0000] {dag.py:4138} INFO - Setting next_dagrun for example_dag_decorator to None, run_after=None
[2024-09-03T11:50:05.938+0000] {processor.py:208} INFO - Processing /home/airflow/.local/lib/python3.12/site-packages/airflow/example_dags/example_dag_decorator.py took 0.941 seconds
