[2024-09-03T11:27:36.670+0000] {processor.py:186} INFO - Started process (PID=117) to work on /home/airflow/.local/lib/python3.12/site-packages/airflow/example_dags/example_latest_only_with_trigger.py
[2024-09-03T11:27:36.672+0000] {processor.py:914} INFO - Processing file /home/airflow/.local/lib/python3.12/site-packages/airflow/example_dags/example_latest_only_with_trigger.py for tasks to queue
[2024-09-03T11:27:36.675+0000] {logging_mixin.py:190} INFO - [2024-09-03T11:27:36.674+0000] {dagbag.py:587} INFO - Filling up the DagBag from /home/airflow/.local/lib/python3.12/site-packages/airflow/example_dags/example_latest_only_with_trigger.py
[2024-09-03T11:27:36.682+0000] {processor.py:925} INFO - DAG(s) 'latest_only_with_trigger' retrieved from /home/airflow/.local/lib/python3.12/site-packages/airflow/example_dags/example_latest_only_with_trigger.py
[2024-09-03T11:27:36.704+0000] {logging_mixin.py:190} INFO - [2024-09-03T11:27:36.703+0000] {dag.py:3211} INFO - Sync 1 DAGs
[2024-09-03T11:27:36.729+0000] {logging_mixin.py:190} INFO - [2024-09-03T11:27:36.729+0000] {dag.py:4138} INFO - Setting next_dagrun for latest_only_with_trigger to 2024-09-03 04:00:00+00:00, run_after=2024-09-03 08:00:00+00:00
[2024-09-03T11:27:36.753+0000] {processor.py:208} INFO - Processing /home/airflow/.local/lib/python3.12/site-packages/airflow/example_dags/example_latest_only_with_trigger.py took 0.095 seconds
[2024-09-03T11:28:07.310+0000] {processor.py:186} INFO - Started process (PID=184) to work on /home/airflow/.local/lib/python3.12/site-packages/airflow/example_dags/example_latest_only_with_trigger.py
[2024-09-03T11:28:07.312+0000] {processor.py:914} INFO - Processing file /home/airflow/.local/lib/python3.12/site-packages/airflow/example_dags/example_latest_only_with_trigger.py for tasks to queue
[2024-09-03T11:28:07.316+0000] {logging_mixin.py:190} INFO - [2024-09-03T11:28:07.316+0000] {dagbag.py:587} INFO - Filling up the DagBag from /home/airflow/.local/lib/python3.12/site-packages/airflow/example_dags/example_latest_only_with_trigger.py
[2024-09-03T11:28:07.326+0000] {processor.py:925} INFO - DAG(s) 'latest_only_with_trigger' retrieved from /home/airflow/.local/lib/python3.12/site-packages/airflow/example_dags/example_latest_only_with_trigger.py
[2024-09-03T11:28:07.359+0000] {logging_mixin.py:190} INFO - [2024-09-03T11:28:07.358+0000] {dag.py:3211} INFO - Sync 1 DAGs
[2024-09-03T11:28:07.402+0000] {logging_mixin.py:190} INFO - [2024-09-03T11:28:07.401+0000] {dag.py:4138} INFO - Setting next_dagrun for latest_only_with_trigger to 2024-09-03 04:00:00+00:00, run_after=2024-09-03 08:00:00+00:00
[2024-09-03T11:28:07.441+0000] {processor.py:208} INFO - Processing /home/airflow/.local/lib/python3.12/site-packages/airflow/example_dags/example_latest_only_with_trigger.py took 0.137 seconds
[2024-09-03T11:28:37.771+0000] {processor.py:186} INFO - Started process (PID=251) to work on /home/airflow/.local/lib/python3.12/site-packages/airflow/example_dags/example_latest_only_with_trigger.py
[2024-09-03T11:28:37.772+0000] {processor.py:914} INFO - Processing file /home/airflow/.local/lib/python3.12/site-packages/airflow/example_dags/example_latest_only_with_trigger.py for tasks to queue
[2024-09-03T11:28:37.775+0000] {logging_mixin.py:190} INFO - [2024-09-03T11:28:37.775+0000] {dagbag.py:587} INFO - Filling up the DagBag from /home/airflow/.local/lib/python3.12/site-packages/airflow/example_dags/example_latest_only_with_trigger.py
[2024-09-03T11:28:37.782+0000] {processor.py:925} INFO - DAG(s) 'latest_only_with_trigger' retrieved from /home/airflow/.local/lib/python3.12/site-packages/airflow/example_dags/example_latest_only_with_trigger.py
[2024-09-03T11:28:37.806+0000] {logging_mixin.py:190} INFO - [2024-09-03T11:28:37.805+0000] {dag.py:3211} INFO - Sync 1 DAGs
[2024-09-03T11:28:37.832+0000] {logging_mixin.py:190} INFO - [2024-09-03T11:28:37.831+0000] {dag.py:4138} INFO - Setting next_dagrun for latest_only_with_trigger to 2024-09-03 04:00:00+00:00, run_after=2024-09-03 08:00:00+00:00
[2024-09-03T11:28:37.856+0000] {processor.py:208} INFO - Processing /home/airflow/.local/lib/python3.12/site-packages/airflow/example_dags/example_latest_only_with_trigger.py took 0.090 seconds
[2024-09-03T11:29:09.539+0000] {processor.py:186} INFO - Started process (PID=314) to work on /home/airflow/.local/lib/python3.12/site-packages/airflow/example_dags/example_latest_only_with_trigger.py
[2024-09-03T11:29:09.541+0000] {processor.py:914} INFO - Processing file /home/airflow/.local/lib/python3.12/site-packages/airflow/example_dags/example_latest_only_with_trigger.py for tasks to queue
[2024-09-03T11:29:09.544+0000] {logging_mixin.py:190} INFO - [2024-09-03T11:29:09.543+0000] {dagbag.py:587} INFO - Filling up the DagBag from /home/airflow/.local/lib/python3.12/site-packages/airflow/example_dags/example_latest_only_with_trigger.py
[2024-09-03T11:29:09.554+0000] {processor.py:925} INFO - DAG(s) 'latest_only_with_trigger' retrieved from /home/airflow/.local/lib/python3.12/site-packages/airflow/example_dags/example_latest_only_with_trigger.py
[2024-09-03T11:29:09.585+0000] {logging_mixin.py:190} INFO - [2024-09-03T11:29:09.584+0000] {dag.py:3211} INFO - Sync 1 DAGs
[2024-09-03T11:29:09.619+0000] {logging_mixin.py:190} INFO - [2024-09-03T11:29:09.619+0000] {dag.py:4138} INFO - Setting next_dagrun for latest_only_with_trigger to 2024-09-03 04:00:00+00:00, run_after=2024-09-03 08:00:00+00:00
[2024-09-03T11:29:09.658+0000] {processor.py:208} INFO - Processing /home/airflow/.local/lib/python3.12/site-packages/airflow/example_dags/example_latest_only_with_trigger.py took 0.125 seconds
[2024-09-03T11:29:41.142+0000] {processor.py:186} INFO - Started process (PID=377) to work on /home/airflow/.local/lib/python3.12/site-packages/airflow/example_dags/example_latest_only_with_trigger.py
[2024-09-03T11:29:41.144+0000] {processor.py:914} INFO - Processing file /home/airflow/.local/lib/python3.12/site-packages/airflow/example_dags/example_latest_only_with_trigger.py for tasks to queue
[2024-09-03T11:29:41.147+0000] {logging_mixin.py:190} INFO - [2024-09-03T11:29:41.147+0000] {dagbag.py:587} INFO - Filling up the DagBag from /home/airflow/.local/lib/python3.12/site-packages/airflow/example_dags/example_latest_only_with_trigger.py
[2024-09-03T11:29:41.156+0000] {processor.py:925} INFO - DAG(s) 'latest_only_with_trigger' retrieved from /home/airflow/.local/lib/python3.12/site-packages/airflow/example_dags/example_latest_only_with_trigger.py
[2024-09-03T11:29:41.182+0000] {logging_mixin.py:190} INFO - [2024-09-03T11:29:41.181+0000] {dag.py:3211} INFO - Sync 1 DAGs
[2024-09-03T11:29:41.211+0000] {logging_mixin.py:190} INFO - [2024-09-03T11:29:41.211+0000] {dag.py:4138} INFO - Setting next_dagrun for latest_only_with_trigger to 2024-09-03 04:00:00+00:00, run_after=2024-09-03 08:00:00+00:00
[2024-09-03T11:29:41.242+0000] {processor.py:208} INFO - Processing /home/airflow/.local/lib/python3.12/site-packages/airflow/example_dags/example_latest_only_with_trigger.py took 0.106 seconds
[2024-09-03T11:30:12.235+0000] {processor.py:186} INFO - Started process (PID=440) to work on /home/airflow/.local/lib/python3.12/site-packages/airflow/example_dags/example_latest_only_with_trigger.py
[2024-09-03T11:30:12.236+0000] {processor.py:914} INFO - Processing file /home/airflow/.local/lib/python3.12/site-packages/airflow/example_dags/example_latest_only_with_trigger.py for tasks to queue
[2024-09-03T11:30:12.240+0000] {logging_mixin.py:190} INFO - [2024-09-03T11:30:12.240+0000] {dagbag.py:587} INFO - Filling up the DagBag from /home/airflow/.local/lib/python3.12/site-packages/airflow/example_dags/example_latest_only_with_trigger.py
[2024-09-03T11:30:12.247+0000] {processor.py:925} INFO - DAG(s) 'latest_only_with_trigger' retrieved from /home/airflow/.local/lib/python3.12/site-packages/airflow/example_dags/example_latest_only_with_trigger.py
[2024-09-03T11:30:12.275+0000] {logging_mixin.py:190} INFO - [2024-09-03T11:30:12.275+0000] {dag.py:3211} INFO - Sync 1 DAGs
[2024-09-03T11:30:12.303+0000] {logging_mixin.py:190} INFO - [2024-09-03T11:30:12.303+0000] {dag.py:4138} INFO - Setting next_dagrun for latest_only_with_trigger to 2024-09-03 04:00:00+00:00, run_after=2024-09-03 08:00:00+00:00
[2024-09-03T11:30:12.332+0000] {processor.py:208} INFO - Processing /home/airflow/.local/lib/python3.12/site-packages/airflow/example_dags/example_latest_only_with_trigger.py took 0.103 seconds
[2024-09-03T11:30:43.293+0000] {processor.py:186} INFO - Started process (PID=502) to work on /home/airflow/.local/lib/python3.12/site-packages/airflow/example_dags/example_latest_only_with_trigger.py
[2024-09-03T11:30:43.295+0000] {processor.py:914} INFO - Processing file /home/airflow/.local/lib/python3.12/site-packages/airflow/example_dags/example_latest_only_with_trigger.py for tasks to queue
[2024-09-03T11:30:43.300+0000] {logging_mixin.py:190} INFO - [2024-09-03T11:30:43.300+0000] {dagbag.py:587} INFO - Filling up the DagBag from /home/airflow/.local/lib/python3.12/site-packages/airflow/example_dags/example_latest_only_with_trigger.py
[2024-09-03T11:30:43.329+0000] {processor.py:925} INFO - DAG(s) 'latest_only_with_trigger' retrieved from /home/airflow/.local/lib/python3.12/site-packages/airflow/example_dags/example_latest_only_with_trigger.py
[2024-09-03T11:30:43.372+0000] {logging_mixin.py:190} INFO - [2024-09-03T11:30:43.371+0000] {dag.py:3211} INFO - Sync 1 DAGs
[2024-09-03T11:30:43.429+0000] {logging_mixin.py:190} INFO - [2024-09-03T11:30:43.429+0000] {dag.py:4138} INFO - Setting next_dagrun for latest_only_with_trigger to 2024-09-03 04:00:00+00:00, run_after=2024-09-03 08:00:00+00:00
[2024-09-03T11:30:43.476+0000] {processor.py:208} INFO - Processing /home/airflow/.local/lib/python3.12/site-packages/airflow/example_dags/example_latest_only_with_trigger.py took 0.204 seconds
[2024-09-03T11:31:14.880+0000] {processor.py:186} INFO - Started process (PID=567) to work on /home/airflow/.local/lib/python3.12/site-packages/airflow/example_dags/example_latest_only_with_trigger.py
[2024-09-03T11:31:14.882+0000] {processor.py:914} INFO - Processing file /home/airflow/.local/lib/python3.12/site-packages/airflow/example_dags/example_latest_only_with_trigger.py for tasks to queue
[2024-09-03T11:31:14.886+0000] {logging_mixin.py:190} INFO - [2024-09-03T11:31:14.885+0000] {dagbag.py:587} INFO - Filling up the DagBag from /home/airflow/.local/lib/python3.12/site-packages/airflow/example_dags/example_latest_only_with_trigger.py
[2024-09-03T11:31:14.895+0000] {processor.py:925} INFO - DAG(s) 'latest_only_with_trigger' retrieved from /home/airflow/.local/lib/python3.12/site-packages/airflow/example_dags/example_latest_only_with_trigger.py
[2024-09-03T11:31:14.925+0000] {logging_mixin.py:190} INFO - [2024-09-03T11:31:14.925+0000] {dag.py:3211} INFO - Sync 1 DAGs
[2024-09-03T11:31:14.955+0000] {logging_mixin.py:190} INFO - [2024-09-03T11:31:14.955+0000] {dag.py:4138} INFO - Setting next_dagrun for latest_only_with_trigger to 2024-09-03 04:00:00+00:00, run_after=2024-09-03 08:00:00+00:00
[2024-09-03T11:31:14.981+0000] {processor.py:208} INFO - Processing /home/airflow/.local/lib/python3.12/site-packages/airflow/example_dags/example_latest_only_with_trigger.py took 0.107 seconds
[2024-09-03T11:31:45.705+0000] {processor.py:186} INFO - Started process (PID=630) to work on /home/airflow/.local/lib/python3.12/site-packages/airflow/example_dags/example_latest_only_with_trigger.py
[2024-09-03T11:31:45.707+0000] {processor.py:914} INFO - Processing file /home/airflow/.local/lib/python3.12/site-packages/airflow/example_dags/example_latest_only_with_trigger.py for tasks to queue
[2024-09-03T11:31:45.710+0000] {logging_mixin.py:190} INFO - [2024-09-03T11:31:45.709+0000] {dagbag.py:587} INFO - Filling up the DagBag from /home/airflow/.local/lib/python3.12/site-packages/airflow/example_dags/example_latest_only_with_trigger.py
[2024-09-03T11:31:45.717+0000] {processor.py:925} INFO - DAG(s) 'latest_only_with_trigger' retrieved from /home/airflow/.local/lib/python3.12/site-packages/airflow/example_dags/example_latest_only_with_trigger.py
[2024-09-03T11:31:45.747+0000] {logging_mixin.py:190} INFO - [2024-09-03T11:31:45.747+0000] {dag.py:3211} INFO - Sync 1 DAGs
[2024-09-03T11:31:45.778+0000] {logging_mixin.py:190} INFO - [2024-09-03T11:31:45.778+0000] {dag.py:4138} INFO - Setting next_dagrun for latest_only_with_trigger to 2024-09-03 04:00:00+00:00, run_after=2024-09-03 08:00:00+00:00
[2024-09-03T11:31:45.804+0000] {processor.py:208} INFO - Processing /home/airflow/.local/lib/python3.12/site-packages/airflow/example_dags/example_latest_only_with_trigger.py took 0.104 seconds
[2024-09-03T11:32:17.060+0000] {processor.py:186} INFO - Started process (PID=693) to work on /home/airflow/.local/lib/python3.12/site-packages/airflow/example_dags/example_latest_only_with_trigger.py
[2024-09-03T11:32:17.062+0000] {processor.py:914} INFO - Processing file /home/airflow/.local/lib/python3.12/site-packages/airflow/example_dags/example_latest_only_with_trigger.py for tasks to queue
[2024-09-03T11:32:17.072+0000] {logging_mixin.py:190} INFO - [2024-09-03T11:32:17.071+0000] {dagbag.py:587} INFO - Filling up the DagBag from /home/airflow/.local/lib/python3.12/site-packages/airflow/example_dags/example_latest_only_with_trigger.py
[2024-09-03T11:32:17.087+0000] {processor.py:925} INFO - DAG(s) 'latest_only_with_trigger' retrieved from /home/airflow/.local/lib/python3.12/site-packages/airflow/example_dags/example_latest_only_with_trigger.py
[2024-09-03T11:32:17.133+0000] {logging_mixin.py:190} INFO - [2024-09-03T11:32:17.132+0000] {dag.py:3211} INFO - Sync 1 DAGs
[2024-09-03T11:32:17.185+0000] {logging_mixin.py:190} INFO - [2024-09-03T11:32:17.184+0000] {dag.py:4138} INFO - Setting next_dagrun for latest_only_with_trigger to 2024-09-03 04:00:00+00:00, run_after=2024-09-03 08:00:00+00:00
[2024-09-03T11:32:17.228+0000] {processor.py:208} INFO - Processing /home/airflow/.local/lib/python3.12/site-packages/airflow/example_dags/example_latest_only_with_trigger.py took 0.178 seconds
[2024-09-03T11:32:47.559+0000] {processor.py:186} INFO - Started process (PID=756) to work on /home/airflow/.local/lib/python3.12/site-packages/airflow/example_dags/example_latest_only_with_trigger.py
[2024-09-03T11:32:47.561+0000] {processor.py:914} INFO - Processing file /home/airflow/.local/lib/python3.12/site-packages/airflow/example_dags/example_latest_only_with_trigger.py for tasks to queue
[2024-09-03T11:32:47.565+0000] {logging_mixin.py:190} INFO - [2024-09-03T11:32:47.564+0000] {dagbag.py:587} INFO - Filling up the DagBag from /home/airflow/.local/lib/python3.12/site-packages/airflow/example_dags/example_latest_only_with_trigger.py
[2024-09-03T11:32:47.575+0000] {processor.py:925} INFO - DAG(s) 'latest_only_with_trigger' retrieved from /home/airflow/.local/lib/python3.12/site-packages/airflow/example_dags/example_latest_only_with_trigger.py
[2024-09-03T11:32:47.602+0000] {logging_mixin.py:190} INFO - [2024-09-03T11:32:47.602+0000] {dag.py:3211} INFO - Sync 1 DAGs
[2024-09-03T11:32:47.640+0000] {logging_mixin.py:190} INFO - [2024-09-03T11:32:47.639+0000] {dag.py:4138} INFO - Setting next_dagrun for latest_only_with_trigger to 2024-09-03 04:00:00+00:00, run_after=2024-09-03 08:00:00+00:00
[2024-09-03T11:32:47.667+0000] {processor.py:208} INFO - Processing /home/airflow/.local/lib/python3.12/site-packages/airflow/example_dags/example_latest_only_with_trigger.py took 0.115 seconds
[2024-09-03T11:33:18.053+0000] {processor.py:186} INFO - Started process (PID=819) to work on /home/airflow/.local/lib/python3.12/site-packages/airflow/example_dags/example_latest_only_with_trigger.py
[2024-09-03T11:33:18.055+0000] {processor.py:914} INFO - Processing file /home/airflow/.local/lib/python3.12/site-packages/airflow/example_dags/example_latest_only_with_trigger.py for tasks to queue
[2024-09-03T11:33:18.058+0000] {logging_mixin.py:190} INFO - [2024-09-03T11:33:18.057+0000] {dagbag.py:587} INFO - Filling up the DagBag from /home/airflow/.local/lib/python3.12/site-packages/airflow/example_dags/example_latest_only_with_trigger.py
[2024-09-03T11:33:18.065+0000] {processor.py:925} INFO - DAG(s) 'latest_only_with_trigger' retrieved from /home/airflow/.local/lib/python3.12/site-packages/airflow/example_dags/example_latest_only_with_trigger.py
[2024-09-03T11:33:18.089+0000] {logging_mixin.py:190} INFO - [2024-09-03T11:33:18.089+0000] {dag.py:3211} INFO - Sync 1 DAGs
[2024-09-03T11:33:18.115+0000] {logging_mixin.py:190} INFO - [2024-09-03T11:33:18.115+0000] {dag.py:4138} INFO - Setting next_dagrun for latest_only_with_trigger to 2024-09-03 04:00:00+00:00, run_after=2024-09-03 08:00:00+00:00
[2024-09-03T11:33:18.140+0000] {processor.py:208} INFO - Processing /home/airflow/.local/lib/python3.12/site-packages/airflow/example_dags/example_latest_only_with_trigger.py took 0.092 seconds
[2024-09-03T11:33:49.477+0000] {processor.py:186} INFO - Started process (PID=882) to work on /home/airflow/.local/lib/python3.12/site-packages/airflow/example_dags/example_latest_only_with_trigger.py
[2024-09-03T11:33:49.479+0000] {processor.py:914} INFO - Processing file /home/airflow/.local/lib/python3.12/site-packages/airflow/example_dags/example_latest_only_with_trigger.py for tasks to queue
[2024-09-03T11:33:49.482+0000] {logging_mixin.py:190} INFO - [2024-09-03T11:33:49.481+0000] {dagbag.py:587} INFO - Filling up the DagBag from /home/airflow/.local/lib/python3.12/site-packages/airflow/example_dags/example_latest_only_with_trigger.py
[2024-09-03T11:33:49.490+0000] {processor.py:925} INFO - DAG(s) 'latest_only_with_trigger' retrieved from /home/airflow/.local/lib/python3.12/site-packages/airflow/example_dags/example_latest_only_with_trigger.py
[2024-09-03T11:33:49.517+0000] {logging_mixin.py:190} INFO - [2024-09-03T11:33:49.517+0000] {dag.py:3211} INFO - Sync 1 DAGs
[2024-09-03T11:33:49.548+0000] {logging_mixin.py:190} INFO - [2024-09-03T11:33:49.548+0000] {dag.py:4138} INFO - Setting next_dagrun for latest_only_with_trigger to 2024-09-03 04:00:00+00:00, run_after=2024-09-03 08:00:00+00:00
[2024-09-03T11:33:49.580+0000] {processor.py:208} INFO - Processing /home/airflow/.local/lib/python3.12/site-packages/airflow/example_dags/example_latest_only_with_trigger.py took 0.109 seconds
[2024-09-03T11:34:20.887+0000] {processor.py:186} INFO - Started process (PID=944) to work on /home/airflow/.local/lib/python3.12/site-packages/airflow/example_dags/example_latest_only_with_trigger.py
[2024-09-03T11:34:20.889+0000] {processor.py:914} INFO - Processing file /home/airflow/.local/lib/python3.12/site-packages/airflow/example_dags/example_latest_only_with_trigger.py for tasks to queue
[2024-09-03T11:34:20.892+0000] {logging_mixin.py:190} INFO - [2024-09-03T11:34:20.891+0000] {dagbag.py:587} INFO - Filling up the DagBag from /home/airflow/.local/lib/python3.12/site-packages/airflow/example_dags/example_latest_only_with_trigger.py
[2024-09-03T11:34:20.899+0000] {processor.py:925} INFO - DAG(s) 'latest_only_with_trigger' retrieved from /home/airflow/.local/lib/python3.12/site-packages/airflow/example_dags/example_latest_only_with_trigger.py
[2024-09-03T11:34:20.924+0000] {logging_mixin.py:190} INFO - [2024-09-03T11:34:20.923+0000] {dag.py:3211} INFO - Sync 1 DAGs
[2024-09-03T11:34:20.949+0000] {logging_mixin.py:190} INFO - [2024-09-03T11:34:20.949+0000] {dag.py:4138} INFO - Setting next_dagrun for latest_only_with_trigger to 2024-09-03 04:00:00+00:00, run_after=2024-09-03 08:00:00+00:00
[2024-09-03T11:34:20.977+0000] {processor.py:208} INFO - Processing /home/airflow/.local/lib/python3.12/site-packages/airflow/example_dags/example_latest_only_with_trigger.py took 0.096 seconds
[2024-09-03T11:34:51.208+0000] {processor.py:186} INFO - Started process (PID=1007) to work on /home/airflow/.local/lib/python3.12/site-packages/airflow/example_dags/example_latest_only_with_trigger.py
[2024-09-03T11:34:51.210+0000] {processor.py:914} INFO - Processing file /home/airflow/.local/lib/python3.12/site-packages/airflow/example_dags/example_latest_only_with_trigger.py for tasks to queue
[2024-09-03T11:34:51.213+0000] {logging_mixin.py:190} INFO - [2024-09-03T11:34:51.213+0000] {dagbag.py:587} INFO - Filling up the DagBag from /home/airflow/.local/lib/python3.12/site-packages/airflow/example_dags/example_latest_only_with_trigger.py
[2024-09-03T11:34:51.223+0000] {processor.py:925} INFO - DAG(s) 'latest_only_with_trigger' retrieved from /home/airflow/.local/lib/python3.12/site-packages/airflow/example_dags/example_latest_only_with_trigger.py
[2024-09-03T11:34:51.253+0000] {logging_mixin.py:190} INFO - [2024-09-03T11:34:51.252+0000] {dag.py:3211} INFO - Sync 1 DAGs
[2024-09-03T11:34:51.292+0000] {logging_mixin.py:190} INFO - [2024-09-03T11:34:51.291+0000] {dag.py:4138} INFO - Setting next_dagrun for latest_only_with_trigger to 2024-09-03 04:00:00+00:00, run_after=2024-09-03 08:00:00+00:00
[2024-09-03T11:34:51.325+0000] {processor.py:208} INFO - Processing /home/airflow/.local/lib/python3.12/site-packages/airflow/example_dags/example_latest_only_with_trigger.py took 0.125 seconds
[2024-09-03T11:35:22.569+0000] {processor.py:186} INFO - Started process (PID=1070) to work on /home/airflow/.local/lib/python3.12/site-packages/airflow/example_dags/example_latest_only_with_trigger.py
[2024-09-03T11:35:22.571+0000] {processor.py:914} INFO - Processing file /home/airflow/.local/lib/python3.12/site-packages/airflow/example_dags/example_latest_only_with_trigger.py for tasks to queue
[2024-09-03T11:35:22.574+0000] {logging_mixin.py:190} INFO - [2024-09-03T11:35:22.574+0000] {dagbag.py:587} INFO - Filling up the DagBag from /home/airflow/.local/lib/python3.12/site-packages/airflow/example_dags/example_latest_only_with_trigger.py
[2024-09-03T11:35:22.581+0000] {processor.py:925} INFO - DAG(s) 'latest_only_with_trigger' retrieved from /home/airflow/.local/lib/python3.12/site-packages/airflow/example_dags/example_latest_only_with_trigger.py
[2024-09-03T11:35:22.604+0000] {logging_mixin.py:190} INFO - [2024-09-03T11:35:22.603+0000] {dag.py:3211} INFO - Sync 1 DAGs
[2024-09-03T11:35:22.629+0000] {logging_mixin.py:190} INFO - [2024-09-03T11:35:22.629+0000] {dag.py:4138} INFO - Setting next_dagrun for latest_only_with_trigger to 2024-09-03 04:00:00+00:00, run_after=2024-09-03 08:00:00+00:00
[2024-09-03T11:35:22.655+0000] {processor.py:208} INFO - Processing /home/airflow/.local/lib/python3.12/site-packages/airflow/example_dags/example_latest_only_with_trigger.py took 0.092 seconds
[2024-09-03T11:35:53.445+0000] {processor.py:186} INFO - Started process (PID=1133) to work on /home/airflow/.local/lib/python3.12/site-packages/airflow/example_dags/example_latest_only_with_trigger.py
[2024-09-03T11:35:53.446+0000] {processor.py:914} INFO - Processing file /home/airflow/.local/lib/python3.12/site-packages/airflow/example_dags/example_latest_only_with_trigger.py for tasks to queue
[2024-09-03T11:35:53.450+0000] {logging_mixin.py:190} INFO - [2024-09-03T11:35:53.449+0000] {dagbag.py:587} INFO - Filling up the DagBag from /home/airflow/.local/lib/python3.12/site-packages/airflow/example_dags/example_latest_only_with_trigger.py
[2024-09-03T11:35:53.456+0000] {processor.py:925} INFO - DAG(s) 'latest_only_with_trigger' retrieved from /home/airflow/.local/lib/python3.12/site-packages/airflow/example_dags/example_latest_only_with_trigger.py
[2024-09-03T11:35:53.480+0000] {logging_mixin.py:190} INFO - [2024-09-03T11:35:53.480+0000] {dag.py:3211} INFO - Sync 1 DAGs
[2024-09-03T11:35:53.506+0000] {logging_mixin.py:190} INFO - [2024-09-03T11:35:53.505+0000] {dag.py:4138} INFO - Setting next_dagrun for latest_only_with_trigger to 2024-09-03 04:00:00+00:00, run_after=2024-09-03 08:00:00+00:00
[2024-09-03T11:35:53.530+0000] {processor.py:208} INFO - Processing /home/airflow/.local/lib/python3.12/site-packages/airflow/example_dags/example_latest_only_with_trigger.py took 0.090 seconds
[2024-09-03T11:36:24.379+0000] {processor.py:186} INFO - Started process (PID=1196) to work on /home/airflow/.local/lib/python3.12/site-packages/airflow/example_dags/example_latest_only_with_trigger.py
[2024-09-03T11:36:24.380+0000] {processor.py:914} INFO - Processing file /home/airflow/.local/lib/python3.12/site-packages/airflow/example_dags/example_latest_only_with_trigger.py for tasks to queue
[2024-09-03T11:36:24.385+0000] {logging_mixin.py:190} INFO - [2024-09-03T11:36:24.384+0000] {dagbag.py:587} INFO - Filling up the DagBag from /home/airflow/.local/lib/python3.12/site-packages/airflow/example_dags/example_latest_only_with_trigger.py
[2024-09-03T11:36:24.394+0000] {processor.py:925} INFO - DAG(s) 'latest_only_with_trigger' retrieved from /home/airflow/.local/lib/python3.12/site-packages/airflow/example_dags/example_latest_only_with_trigger.py
[2024-09-03T11:36:24.430+0000] {logging_mixin.py:190} INFO - [2024-09-03T11:36:24.429+0000] {dag.py:3211} INFO - Sync 1 DAGs
[2024-09-03T11:36:24.460+0000] {logging_mixin.py:190} INFO - [2024-09-03T11:36:24.460+0000] {dag.py:4138} INFO - Setting next_dagrun for latest_only_with_trigger to 2024-09-03 04:00:00+00:00, run_after=2024-09-03 08:00:00+00:00
[2024-09-03T11:36:24.491+0000] {processor.py:208} INFO - Processing /home/airflow/.local/lib/python3.12/site-packages/airflow/example_dags/example_latest_only_with_trigger.py took 0.126 seconds
[2024-09-03T11:36:55.931+0000] {processor.py:186} INFO - Started process (PID=1260) to work on /home/airflow/.local/lib/python3.12/site-packages/airflow/example_dags/example_latest_only_with_trigger.py
[2024-09-03T11:36:55.932+0000] {processor.py:914} INFO - Processing file /home/airflow/.local/lib/python3.12/site-packages/airflow/example_dags/example_latest_only_with_trigger.py for tasks to queue
[2024-09-03T11:36:55.937+0000] {logging_mixin.py:190} INFO - [2024-09-03T11:36:55.936+0000] {dagbag.py:587} INFO - Filling up the DagBag from /home/airflow/.local/lib/python3.12/site-packages/airflow/example_dags/example_latest_only_with_trigger.py
[2024-09-03T11:36:55.946+0000] {processor.py:925} INFO - DAG(s) 'latest_only_with_trigger' retrieved from /home/airflow/.local/lib/python3.12/site-packages/airflow/example_dags/example_latest_only_with_trigger.py
[2024-09-03T11:36:55.976+0000] {logging_mixin.py:190} INFO - [2024-09-03T11:36:55.975+0000] {dag.py:3211} INFO - Sync 1 DAGs
[2024-09-03T11:36:56.007+0000] {logging_mixin.py:190} INFO - [2024-09-03T11:36:56.007+0000] {dag.py:4138} INFO - Setting next_dagrun for latest_only_with_trigger to 2024-09-03 04:00:00+00:00, run_after=2024-09-03 08:00:00+00:00
[2024-09-03T11:36:56.042+0000] {processor.py:208} INFO - Processing /home/airflow/.local/lib/python3.12/site-packages/airflow/example_dags/example_latest_only_with_trigger.py took 0.118 seconds
[2024-09-03T11:37:26.994+0000] {processor.py:186} INFO - Started process (PID=1322) to work on /home/airflow/.local/lib/python3.12/site-packages/airflow/example_dags/example_latest_only_with_trigger.py
[2024-09-03T11:37:26.997+0000] {processor.py:914} INFO - Processing file /home/airflow/.local/lib/python3.12/site-packages/airflow/example_dags/example_latest_only_with_trigger.py for tasks to queue
[2024-09-03T11:37:27.003+0000] {logging_mixin.py:190} INFO - [2024-09-03T11:37:27.003+0000] {dagbag.py:587} INFO - Filling up the DagBag from /home/airflow/.local/lib/python3.12/site-packages/airflow/example_dags/example_latest_only_with_trigger.py
[2024-09-03T11:37:27.016+0000] {processor.py:925} INFO - DAG(s) 'latest_only_with_trigger' retrieved from /home/airflow/.local/lib/python3.12/site-packages/airflow/example_dags/example_latest_only_with_trigger.py
[2024-09-03T11:37:27.068+0000] {logging_mixin.py:190} INFO - [2024-09-03T11:37:27.067+0000] {dag.py:3211} INFO - Sync 1 DAGs
[2024-09-03T11:37:27.124+0000] {logging_mixin.py:190} INFO - [2024-09-03T11:37:27.124+0000] {dag.py:4138} INFO - Setting next_dagrun for latest_only_with_trigger to 2024-09-03 04:00:00+00:00, run_after=2024-09-03 08:00:00+00:00
[2024-09-03T11:37:27.188+0000] {processor.py:208} INFO - Processing /home/airflow/.local/lib/python3.12/site-packages/airflow/example_dags/example_latest_only_with_trigger.py took 0.205 seconds
[2024-09-03T11:37:57.612+0000] {processor.py:186} INFO - Started process (PID=1385) to work on /home/airflow/.local/lib/python3.12/site-packages/airflow/example_dags/example_latest_only_with_trigger.py
[2024-09-03T11:37:57.614+0000] {processor.py:914} INFO - Processing file /home/airflow/.local/lib/python3.12/site-packages/airflow/example_dags/example_latest_only_with_trigger.py for tasks to queue
[2024-09-03T11:37:57.619+0000] {logging_mixin.py:190} INFO - [2024-09-03T11:37:57.618+0000] {dagbag.py:587} INFO - Filling up the DagBag from /home/airflow/.local/lib/python3.12/site-packages/airflow/example_dags/example_latest_only_with_trigger.py
[2024-09-03T11:37:57.628+0000] {processor.py:925} INFO - DAG(s) 'latest_only_with_trigger' retrieved from /home/airflow/.local/lib/python3.12/site-packages/airflow/example_dags/example_latest_only_with_trigger.py
[2024-09-03T11:37:57.659+0000] {logging_mixin.py:190} INFO - [2024-09-03T11:37:57.658+0000] {dag.py:3211} INFO - Sync 1 DAGs
[2024-09-03T11:37:57.703+0000] {logging_mixin.py:190} INFO - [2024-09-03T11:37:57.702+0000] {dag.py:4138} INFO - Setting next_dagrun for latest_only_with_trigger to 2024-09-03 04:00:00+00:00, run_after=2024-09-03 08:00:00+00:00
[2024-09-03T11:37:57.740+0000] {processor.py:208} INFO - Processing /home/airflow/.local/lib/python3.12/site-packages/airflow/example_dags/example_latest_only_with_trigger.py took 0.137 seconds
[2024-09-03T11:38:29.232+0000] {processor.py:186} INFO - Started process (PID=1448) to work on /home/airflow/.local/lib/python3.12/site-packages/airflow/example_dags/example_latest_only_with_trigger.py
[2024-09-03T11:38:29.234+0000] {processor.py:914} INFO - Processing file /home/airflow/.local/lib/python3.12/site-packages/airflow/example_dags/example_latest_only_with_trigger.py for tasks to queue
[2024-09-03T11:38:29.238+0000] {logging_mixin.py:190} INFO - [2024-09-03T11:38:29.237+0000] {dagbag.py:587} INFO - Filling up the DagBag from /home/airflow/.local/lib/python3.12/site-packages/airflow/example_dags/example_latest_only_with_trigger.py
[2024-09-03T11:38:29.249+0000] {processor.py:925} INFO - DAG(s) 'latest_only_with_trigger' retrieved from /home/airflow/.local/lib/python3.12/site-packages/airflow/example_dags/example_latest_only_with_trigger.py
[2024-09-03T11:38:29.286+0000] {logging_mixin.py:190} INFO - [2024-09-03T11:38:29.285+0000] {dag.py:3211} INFO - Sync 1 DAGs
[2024-09-03T11:38:29.326+0000] {logging_mixin.py:190} INFO - [2024-09-03T11:38:29.325+0000] {dag.py:4138} INFO - Setting next_dagrun for latest_only_with_trigger to 2024-09-03 04:00:00+00:00, run_after=2024-09-03 08:00:00+00:00
[2024-09-03T11:38:29.366+0000] {processor.py:208} INFO - Processing /home/airflow/.local/lib/python3.12/site-packages/airflow/example_dags/example_latest_only_with_trigger.py took 0.143 seconds
[2024-09-03T11:39:00.349+0000] {processor.py:186} INFO - Started process (PID=1511) to work on /home/airflow/.local/lib/python3.12/site-packages/airflow/example_dags/example_latest_only_with_trigger.py
[2024-09-03T11:39:00.351+0000] {processor.py:914} INFO - Processing file /home/airflow/.local/lib/python3.12/site-packages/airflow/example_dags/example_latest_only_with_trigger.py for tasks to queue
[2024-09-03T11:39:00.357+0000] {logging_mixin.py:190} INFO - [2024-09-03T11:39:00.356+0000] {dagbag.py:587} INFO - Filling up the DagBag from /home/airflow/.local/lib/python3.12/site-packages/airflow/example_dags/example_latest_only_with_trigger.py
[2024-09-03T11:39:00.367+0000] {processor.py:925} INFO - DAG(s) 'latest_only_with_trigger' retrieved from /home/airflow/.local/lib/python3.12/site-packages/airflow/example_dags/example_latest_only_with_trigger.py
[2024-09-03T11:39:00.405+0000] {logging_mixin.py:190} INFO - [2024-09-03T11:39:00.405+0000] {dag.py:3211} INFO - Sync 1 DAGs
[2024-09-03T11:39:00.448+0000] {logging_mixin.py:190} INFO - [2024-09-03T11:39:00.448+0000] {dag.py:4138} INFO - Setting next_dagrun for latest_only_with_trigger to 2024-09-03 04:00:00+00:00, run_after=2024-09-03 08:00:00+00:00
[2024-09-03T11:39:00.489+0000] {processor.py:208} INFO - Processing /home/airflow/.local/lib/python3.12/site-packages/airflow/example_dags/example_latest_only_with_trigger.py took 0.147 seconds
[2024-09-03T11:39:31.206+0000] {processor.py:186} INFO - Started process (PID=1574) to work on /home/airflow/.local/lib/python3.12/site-packages/airflow/example_dags/example_latest_only_with_trigger.py
[2024-09-03T11:39:31.208+0000] {processor.py:914} INFO - Processing file /home/airflow/.local/lib/python3.12/site-packages/airflow/example_dags/example_latest_only_with_trigger.py for tasks to queue
[2024-09-03T11:39:31.213+0000] {logging_mixin.py:190} INFO - [2024-09-03T11:39:31.212+0000] {dagbag.py:587} INFO - Filling up the DagBag from /home/airflow/.local/lib/python3.12/site-packages/airflow/example_dags/example_latest_only_with_trigger.py
[2024-09-03T11:39:31.229+0000] {processor.py:925} INFO - DAG(s) 'latest_only_with_trigger' retrieved from /home/airflow/.local/lib/python3.12/site-packages/airflow/example_dags/example_latest_only_with_trigger.py
[2024-09-03T11:39:31.270+0000] {logging_mixin.py:190} INFO - [2024-09-03T11:39:31.270+0000] {dag.py:3211} INFO - Sync 1 DAGs
[2024-09-03T11:39:31.308+0000] {logging_mixin.py:190} INFO - [2024-09-03T11:39:31.308+0000] {dag.py:4138} INFO - Setting next_dagrun for latest_only_with_trigger to 2024-09-03 04:00:00+00:00, run_after=2024-09-03 08:00:00+00:00
[2024-09-03T11:39:31.358+0000] {processor.py:208} INFO - Processing /home/airflow/.local/lib/python3.12/site-packages/airflow/example_dags/example_latest_only_with_trigger.py took 0.161 seconds
[2024-09-03T11:40:02.055+0000] {processor.py:186} INFO - Started process (PID=1644) to work on /home/airflow/.local/lib/python3.12/site-packages/airflow/example_dags/example_latest_only_with_trigger.py
[2024-09-03T11:40:02.056+0000] {processor.py:914} INFO - Processing file /home/airflow/.local/lib/python3.12/site-packages/airflow/example_dags/example_latest_only_with_trigger.py for tasks to queue
[2024-09-03T11:40:02.061+0000] {logging_mixin.py:190} INFO - [2024-09-03T11:40:02.061+0000] {dagbag.py:587} INFO - Filling up the DagBag from /home/airflow/.local/lib/python3.12/site-packages/airflow/example_dags/example_latest_only_with_trigger.py
[2024-09-03T11:40:02.070+0000] {processor.py:925} INFO - DAG(s) 'latest_only_with_trigger' retrieved from /home/airflow/.local/lib/python3.12/site-packages/airflow/example_dags/example_latest_only_with_trigger.py
[2024-09-03T11:40:02.104+0000] {logging_mixin.py:190} INFO - [2024-09-03T11:40:02.103+0000] {dag.py:3211} INFO - Sync 1 DAGs
[2024-09-03T11:40:02.139+0000] {logging_mixin.py:190} INFO - [2024-09-03T11:40:02.138+0000] {dag.py:4138} INFO - Setting next_dagrun for latest_only_with_trigger to 2024-09-03 04:00:00+00:00, run_after=2024-09-03 08:00:00+00:00
[2024-09-03T11:40:02.180+0000] {processor.py:208} INFO - Processing /home/airflow/.local/lib/python3.12/site-packages/airflow/example_dags/example_latest_only_with_trigger.py took 0.132 seconds
[2024-09-03T11:40:34.118+0000] {processor.py:186} INFO - Started process (PID=1708) to work on /home/airflow/.local/lib/python3.12/site-packages/airflow/example_dags/example_latest_only_with_trigger.py
[2024-09-03T11:40:34.120+0000] {processor.py:914} INFO - Processing file /home/airflow/.local/lib/python3.12/site-packages/airflow/example_dags/example_latest_only_with_trigger.py for tasks to queue
[2024-09-03T11:40:34.125+0000] {logging_mixin.py:190} INFO - [2024-09-03T11:40:34.124+0000] {dagbag.py:587} INFO - Filling up the DagBag from /home/airflow/.local/lib/python3.12/site-packages/airflow/example_dags/example_latest_only_with_trigger.py
[2024-09-03T11:40:34.134+0000] {processor.py:925} INFO - DAG(s) 'latest_only_with_trigger' retrieved from /home/airflow/.local/lib/python3.12/site-packages/airflow/example_dags/example_latest_only_with_trigger.py
[2024-09-03T11:40:34.174+0000] {logging_mixin.py:190} INFO - [2024-09-03T11:40:34.173+0000] {dag.py:3211} INFO - Sync 1 DAGs
[2024-09-03T11:40:34.211+0000] {logging_mixin.py:190} INFO - [2024-09-03T11:40:34.211+0000] {dag.py:4138} INFO - Setting next_dagrun for latest_only_with_trigger to 2024-09-03 04:00:00+00:00, run_after=2024-09-03 08:00:00+00:00
[2024-09-03T11:40:34.253+0000] {processor.py:208} INFO - Processing /home/airflow/.local/lib/python3.12/site-packages/airflow/example_dags/example_latest_only_with_trigger.py took 0.142 seconds
[2024-09-03T11:41:06.317+0000] {processor.py:186} INFO - Started process (PID=1771) to work on /home/airflow/.local/lib/python3.12/site-packages/airflow/example_dags/example_latest_only_with_trigger.py
[2024-09-03T11:41:06.322+0000] {processor.py:914} INFO - Processing file /home/airflow/.local/lib/python3.12/site-packages/airflow/example_dags/example_latest_only_with_trigger.py for tasks to queue
[2024-09-03T11:41:06.328+0000] {logging_mixin.py:190} INFO - [2024-09-03T11:41:06.327+0000] {dagbag.py:587} INFO - Filling up the DagBag from /home/airflow/.local/lib/python3.12/site-packages/airflow/example_dags/example_latest_only_with_trigger.py
[2024-09-03T11:41:06.346+0000] {processor.py:925} INFO - DAG(s) 'latest_only_with_trigger' retrieved from /home/airflow/.local/lib/python3.12/site-packages/airflow/example_dags/example_latest_only_with_trigger.py
[2024-09-03T11:41:06.405+0000] {logging_mixin.py:190} INFO - [2024-09-03T11:41:06.404+0000] {dag.py:3211} INFO - Sync 1 DAGs
[2024-09-03T11:41:06.455+0000] {logging_mixin.py:190} INFO - [2024-09-03T11:41:06.455+0000] {dag.py:4138} INFO - Setting next_dagrun for latest_only_with_trigger to 2024-09-03 04:00:00+00:00, run_after=2024-09-03 08:00:00+00:00
[2024-09-03T11:41:06.506+0000] {processor.py:208} INFO - Processing /home/airflow/.local/lib/python3.12/site-packages/airflow/example_dags/example_latest_only_with_trigger.py took 0.200 seconds
[2024-09-03T11:41:37.144+0000] {processor.py:186} INFO - Started process (PID=1833) to work on /home/airflow/.local/lib/python3.12/site-packages/airflow/example_dags/example_latest_only_with_trigger.py
[2024-09-03T11:41:37.146+0000] {processor.py:914} INFO - Processing file /home/airflow/.local/lib/python3.12/site-packages/airflow/example_dags/example_latest_only_with_trigger.py for tasks to queue
[2024-09-03T11:41:37.152+0000] {logging_mixin.py:190} INFO - [2024-09-03T11:41:37.151+0000] {dagbag.py:587} INFO - Filling up the DagBag from /home/airflow/.local/lib/python3.12/site-packages/airflow/example_dags/example_latest_only_with_trigger.py
[2024-09-03T11:41:37.168+0000] {processor.py:925} INFO - DAG(s) 'latest_only_with_trigger' retrieved from /home/airflow/.local/lib/python3.12/site-packages/airflow/example_dags/example_latest_only_with_trigger.py
[2024-09-03T11:41:37.215+0000] {logging_mixin.py:190} INFO - [2024-09-03T11:41:37.214+0000] {dag.py:3211} INFO - Sync 1 DAGs
[2024-09-03T11:41:37.261+0000] {logging_mixin.py:190} INFO - [2024-09-03T11:41:37.260+0000] {dag.py:4138} INFO - Setting next_dagrun for latest_only_with_trigger to 2024-09-03 04:00:00+00:00, run_after=2024-09-03 08:00:00+00:00
[2024-09-03T11:41:37.315+0000] {processor.py:208} INFO - Processing /home/airflow/.local/lib/python3.12/site-packages/airflow/example_dags/example_latest_only_with_trigger.py took 0.182 seconds
[2024-09-03T11:42:07.548+0000] {processor.py:186} INFO - Started process (PID=1896) to work on /home/airflow/.local/lib/python3.12/site-packages/airflow/example_dags/example_latest_only_with_trigger.py
[2024-09-03T11:42:07.550+0000] {processor.py:914} INFO - Processing file /home/airflow/.local/lib/python3.12/site-packages/airflow/example_dags/example_latest_only_with_trigger.py for tasks to queue
[2024-09-03T11:42:07.556+0000] {logging_mixin.py:190} INFO - [2024-09-03T11:42:07.555+0000] {dagbag.py:587} INFO - Filling up the DagBag from /home/airflow/.local/lib/python3.12/site-packages/airflow/example_dags/example_latest_only_with_trigger.py
[2024-09-03T11:42:07.574+0000] {processor.py:925} INFO - DAG(s) 'latest_only_with_trigger' retrieved from /home/airflow/.local/lib/python3.12/site-packages/airflow/example_dags/example_latest_only_with_trigger.py
[2024-09-03T11:42:07.639+0000] {logging_mixin.py:190} INFO - [2024-09-03T11:42:07.636+0000] {dag.py:3211} INFO - Sync 1 DAGs
[2024-09-03T11:42:07.715+0000] {logging_mixin.py:190} INFO - [2024-09-03T11:42:07.715+0000] {dag.py:4138} INFO - Setting next_dagrun for latest_only_with_trigger to 2024-09-03 04:00:00+00:00, run_after=2024-09-03 08:00:00+00:00
[2024-09-03T11:42:07.796+0000] {processor.py:208} INFO - Processing /home/airflow/.local/lib/python3.12/site-packages/airflow/example_dags/example_latest_only_with_trigger.py took 0.266 seconds
[2024-09-03T11:42:38.745+0000] {processor.py:186} INFO - Started process (PID=1959) to work on /home/airflow/.local/lib/python3.12/site-packages/airflow/example_dags/example_latest_only_with_trigger.py
[2024-09-03T11:42:38.747+0000] {processor.py:914} INFO - Processing file /home/airflow/.local/lib/python3.12/site-packages/airflow/example_dags/example_latest_only_with_trigger.py for tasks to queue
[2024-09-03T11:42:38.753+0000] {logging_mixin.py:190} INFO - [2024-09-03T11:42:38.752+0000] {dagbag.py:587} INFO - Filling up the DagBag from /home/airflow/.local/lib/python3.12/site-packages/airflow/example_dags/example_latest_only_with_trigger.py
[2024-09-03T11:42:38.766+0000] {processor.py:925} INFO - DAG(s) 'latest_only_with_trigger' retrieved from /home/airflow/.local/lib/python3.12/site-packages/airflow/example_dags/example_latest_only_with_trigger.py
[2024-09-03T11:42:38.811+0000] {logging_mixin.py:190} INFO - [2024-09-03T11:42:38.811+0000] {dag.py:3211} INFO - Sync 1 DAGs
[2024-09-03T11:42:38.863+0000] {logging_mixin.py:190} INFO - [2024-09-03T11:42:38.862+0000] {dag.py:4138} INFO - Setting next_dagrun for latest_only_with_trigger to 2024-09-03 04:00:00+00:00, run_after=2024-09-03 08:00:00+00:00
[2024-09-03T11:42:38.904+0000] {processor.py:208} INFO - Processing /home/airflow/.local/lib/python3.12/site-packages/airflow/example_dags/example_latest_only_with_trigger.py took 0.169 seconds
[2024-09-03T11:43:10.132+0000] {processor.py:186} INFO - Started process (PID=2022) to work on /home/airflow/.local/lib/python3.12/site-packages/airflow/example_dags/example_latest_only_with_trigger.py
[2024-09-03T11:43:10.134+0000] {processor.py:914} INFO - Processing file /home/airflow/.local/lib/python3.12/site-packages/airflow/example_dags/example_latest_only_with_trigger.py for tasks to queue
[2024-09-03T11:43:10.139+0000] {logging_mixin.py:190} INFO - [2024-09-03T11:43:10.139+0000] {dagbag.py:587} INFO - Filling up the DagBag from /home/airflow/.local/lib/python3.12/site-packages/airflow/example_dags/example_latest_only_with_trigger.py
[2024-09-03T11:43:10.152+0000] {processor.py:925} INFO - DAG(s) 'latest_only_with_trigger' retrieved from /home/airflow/.local/lib/python3.12/site-packages/airflow/example_dags/example_latest_only_with_trigger.py
[2024-09-03T11:43:10.190+0000] {logging_mixin.py:190} INFO - [2024-09-03T11:43:10.190+0000] {dag.py:3211} INFO - Sync 1 DAGs
[2024-09-03T11:43:10.243+0000] {logging_mixin.py:190} INFO - [2024-09-03T11:43:10.243+0000] {dag.py:4138} INFO - Setting next_dagrun for latest_only_with_trigger to 2024-09-03 04:00:00+00:00, run_after=2024-09-03 08:00:00+00:00
[2024-09-03T11:43:10.291+0000] {processor.py:208} INFO - Processing /home/airflow/.local/lib/python3.12/site-packages/airflow/example_dags/example_latest_only_with_trigger.py took 0.166 seconds
[2024-09-03T11:43:41.316+0000] {processor.py:186} INFO - Started process (PID=2085) to work on /home/airflow/.local/lib/python3.12/site-packages/airflow/example_dags/example_latest_only_with_trigger.py
[2024-09-03T11:43:41.318+0000] {processor.py:914} INFO - Processing file /home/airflow/.local/lib/python3.12/site-packages/airflow/example_dags/example_latest_only_with_trigger.py for tasks to queue
[2024-09-03T11:43:41.321+0000] {logging_mixin.py:190} INFO - [2024-09-03T11:43:41.321+0000] {dagbag.py:587} INFO - Filling up the DagBag from /home/airflow/.local/lib/python3.12/site-packages/airflow/example_dags/example_latest_only_with_trigger.py
[2024-09-03T11:43:41.331+0000] {processor.py:925} INFO - DAG(s) 'latest_only_with_trigger' retrieved from /home/airflow/.local/lib/python3.12/site-packages/airflow/example_dags/example_latest_only_with_trigger.py
[2024-09-03T11:43:41.354+0000] {logging_mixin.py:190} INFO - [2024-09-03T11:43:41.354+0000] {dag.py:3211} INFO - Sync 1 DAGs
[2024-09-03T11:43:41.378+0000] {logging_mixin.py:190} INFO - [2024-09-03T11:43:41.378+0000] {dag.py:4138} INFO - Setting next_dagrun for latest_only_with_trigger to 2024-09-03 04:00:00+00:00, run_after=2024-09-03 08:00:00+00:00
[2024-09-03T11:43:41.405+0000] {processor.py:208} INFO - Processing /home/airflow/.local/lib/python3.12/site-packages/airflow/example_dags/example_latest_only_with_trigger.py took 0.095 seconds
[2024-09-03T11:44:11.757+0000] {processor.py:186} INFO - Started process (PID=2148) to work on /home/airflow/.local/lib/python3.12/site-packages/airflow/example_dags/example_latest_only_with_trigger.py
[2024-09-03T11:44:11.759+0000] {processor.py:914} INFO - Processing file /home/airflow/.local/lib/python3.12/site-packages/airflow/example_dags/example_latest_only_with_trigger.py for tasks to queue
[2024-09-03T11:44:11.762+0000] {logging_mixin.py:190} INFO - [2024-09-03T11:44:11.761+0000] {dagbag.py:587} INFO - Filling up the DagBag from /home/airflow/.local/lib/python3.12/site-packages/airflow/example_dags/example_latest_only_with_trigger.py
[2024-09-03T11:44:11.769+0000] {processor.py:925} INFO - DAG(s) 'latest_only_with_trigger' retrieved from /home/airflow/.local/lib/python3.12/site-packages/airflow/example_dags/example_latest_only_with_trigger.py
[2024-09-03T11:44:11.795+0000] {logging_mixin.py:190} INFO - [2024-09-03T11:44:11.794+0000] {dag.py:3211} INFO - Sync 1 DAGs
[2024-09-03T11:44:11.827+0000] {logging_mixin.py:190} INFO - [2024-09-03T11:44:11.827+0000] {dag.py:4138} INFO - Setting next_dagrun for latest_only_with_trigger to 2024-09-03 04:00:00+00:00, run_after=2024-09-03 08:00:00+00:00
[2024-09-03T11:44:11.856+0000] {processor.py:208} INFO - Processing /home/airflow/.local/lib/python3.12/site-packages/airflow/example_dags/example_latest_only_with_trigger.py took 0.105 seconds
[2024-09-03T11:44:42.920+0000] {processor.py:186} INFO - Started process (PID=2211) to work on /home/airflow/.local/lib/python3.12/site-packages/airflow/example_dags/example_latest_only_with_trigger.py
[2024-09-03T11:44:42.921+0000] {processor.py:914} INFO - Processing file /home/airflow/.local/lib/python3.12/site-packages/airflow/example_dags/example_latest_only_with_trigger.py for tasks to queue
[2024-09-03T11:44:42.924+0000] {logging_mixin.py:190} INFO - [2024-09-03T11:44:42.923+0000] {dagbag.py:587} INFO - Filling up the DagBag from /home/airflow/.local/lib/python3.12/site-packages/airflow/example_dags/example_latest_only_with_trigger.py
[2024-09-03T11:44:42.932+0000] {processor.py:925} INFO - DAG(s) 'latest_only_with_trigger' retrieved from /home/airflow/.local/lib/python3.12/site-packages/airflow/example_dags/example_latest_only_with_trigger.py
[2024-09-03T11:44:42.958+0000] {logging_mixin.py:190} INFO - [2024-09-03T11:44:42.958+0000] {dag.py:3211} INFO - Sync 1 DAGs
[2024-09-03T11:44:42.986+0000] {logging_mixin.py:190} INFO - [2024-09-03T11:44:42.986+0000] {dag.py:4138} INFO - Setting next_dagrun for latest_only_with_trigger to 2024-09-03 04:00:00+00:00, run_after=2024-09-03 08:00:00+00:00
[2024-09-03T11:44:43.016+0000] {processor.py:208} INFO - Processing /home/airflow/.local/lib/python3.12/site-packages/airflow/example_dags/example_latest_only_with_trigger.py took 0.102 seconds
[2024-09-03T11:45:13.781+0000] {processor.py:186} INFO - Started process (PID=2274) to work on /home/airflow/.local/lib/python3.12/site-packages/airflow/example_dags/example_latest_only_with_trigger.py
[2024-09-03T11:45:13.783+0000] {processor.py:914} INFO - Processing file /home/airflow/.local/lib/python3.12/site-packages/airflow/example_dags/example_latest_only_with_trigger.py for tasks to queue
[2024-09-03T11:45:13.786+0000] {logging_mixin.py:190} INFO - [2024-09-03T11:45:13.785+0000] {dagbag.py:587} INFO - Filling up the DagBag from /home/airflow/.local/lib/python3.12/site-packages/airflow/example_dags/example_latest_only_with_trigger.py
[2024-09-03T11:45:13.795+0000] {processor.py:925} INFO - DAG(s) 'latest_only_with_trigger' retrieved from /home/airflow/.local/lib/python3.12/site-packages/airflow/example_dags/example_latest_only_with_trigger.py
[2024-09-03T11:45:13.823+0000] {logging_mixin.py:190} INFO - [2024-09-03T11:45:13.822+0000] {dag.py:3211} INFO - Sync 1 DAGs
[2024-09-03T11:45:13.855+0000] {logging_mixin.py:190} INFO - [2024-09-03T11:45:13.855+0000] {dag.py:4138} INFO - Setting next_dagrun for latest_only_with_trigger to 2024-09-03 04:00:00+00:00, run_after=2024-09-03 08:00:00+00:00
[2024-09-03T11:45:13.885+0000] {processor.py:208} INFO - Processing /home/airflow/.local/lib/python3.12/site-packages/airflow/example_dags/example_latest_only_with_trigger.py took 0.111 seconds
[2024-09-03T11:45:44.667+0000] {processor.py:186} INFO - Started process (PID=2337) to work on /home/airflow/.local/lib/python3.12/site-packages/airflow/example_dags/example_latest_only_with_trigger.py
[2024-09-03T11:45:44.669+0000] {processor.py:914} INFO - Processing file /home/airflow/.local/lib/python3.12/site-packages/airflow/example_dags/example_latest_only_with_trigger.py for tasks to queue
[2024-09-03T11:45:44.672+0000] {logging_mixin.py:190} INFO - [2024-09-03T11:45:44.671+0000] {dagbag.py:587} INFO - Filling up the DagBag from /home/airflow/.local/lib/python3.12/site-packages/airflow/example_dags/example_latest_only_with_trigger.py
[2024-09-03T11:45:44.679+0000] {processor.py:925} INFO - DAG(s) 'latest_only_with_trigger' retrieved from /home/airflow/.local/lib/python3.12/site-packages/airflow/example_dags/example_latest_only_with_trigger.py
[2024-09-03T11:45:44.703+0000] {logging_mixin.py:190} INFO - [2024-09-03T11:45:44.703+0000] {dag.py:3211} INFO - Sync 1 DAGs
[2024-09-03T11:45:44.726+0000] {logging_mixin.py:190} INFO - [2024-09-03T11:45:44.726+0000] {dag.py:4138} INFO - Setting next_dagrun for latest_only_with_trigger to 2024-09-03 04:00:00+00:00, run_after=2024-09-03 08:00:00+00:00
[2024-09-03T11:45:44.751+0000] {processor.py:208} INFO - Processing /home/airflow/.local/lib/python3.12/site-packages/airflow/example_dags/example_latest_only_with_trigger.py took 0.089 seconds
[2024-09-03T11:46:15.392+0000] {processor.py:186} INFO - Started process (PID=2400) to work on /home/airflow/.local/lib/python3.12/site-packages/airflow/example_dags/example_latest_only_with_trigger.py
[2024-09-03T11:46:15.394+0000] {processor.py:914} INFO - Processing file /home/airflow/.local/lib/python3.12/site-packages/airflow/example_dags/example_latest_only_with_trigger.py for tasks to queue
[2024-09-03T11:46:15.397+0000] {logging_mixin.py:190} INFO - [2024-09-03T11:46:15.397+0000] {dagbag.py:587} INFO - Filling up the DagBag from /home/airflow/.local/lib/python3.12/site-packages/airflow/example_dags/example_latest_only_with_trigger.py
[2024-09-03T11:46:15.406+0000] {processor.py:925} INFO - DAG(s) 'latest_only_with_trigger' retrieved from /home/airflow/.local/lib/python3.12/site-packages/airflow/example_dags/example_latest_only_with_trigger.py
[2024-09-03T11:46:15.435+0000] {logging_mixin.py:190} INFO - [2024-09-03T11:46:15.435+0000] {dag.py:3211} INFO - Sync 1 DAGs
[2024-09-03T11:46:15.467+0000] {logging_mixin.py:190} INFO - [2024-09-03T11:46:15.467+0000] {dag.py:4138} INFO - Setting next_dagrun for latest_only_with_trigger to 2024-09-03 04:00:00+00:00, run_after=2024-09-03 08:00:00+00:00
[2024-09-03T11:46:15.499+0000] {processor.py:208} INFO - Processing /home/airflow/.local/lib/python3.12/site-packages/airflow/example_dags/example_latest_only_with_trigger.py took 0.113 seconds
[2024-09-03T11:46:46.940+0000] {processor.py:186} INFO - Started process (PID=2465) to work on /home/airflow/.local/lib/python3.12/site-packages/airflow/example_dags/example_latest_only_with_trigger.py
[2024-09-03T11:46:46.941+0000] {processor.py:914} INFO - Processing file /home/airflow/.local/lib/python3.12/site-packages/airflow/example_dags/example_latest_only_with_trigger.py for tasks to queue
[2024-09-03T11:46:46.945+0000] {logging_mixin.py:190} INFO - [2024-09-03T11:46:46.945+0000] {dagbag.py:587} INFO - Filling up the DagBag from /home/airflow/.local/lib/python3.12/site-packages/airflow/example_dags/example_latest_only_with_trigger.py
[2024-09-03T11:46:46.963+0000] {processor.py:925} INFO - DAG(s) 'latest_only_with_trigger' retrieved from /home/airflow/.local/lib/python3.12/site-packages/airflow/example_dags/example_latest_only_with_trigger.py
[2024-09-03T11:46:47.008+0000] {logging_mixin.py:190} INFO - [2024-09-03T11:46:47.008+0000] {dag.py:3211} INFO - Sync 1 DAGs
[2024-09-03T11:46:47.071+0000] {logging_mixin.py:190} INFO - [2024-09-03T11:46:47.071+0000] {dag.py:4138} INFO - Setting next_dagrun for latest_only_with_trigger to 2024-09-03 04:00:00+00:00, run_after=2024-09-03 08:00:00+00:00
[2024-09-03T11:46:47.118+0000] {processor.py:208} INFO - Processing /home/airflow/.local/lib/python3.12/site-packages/airflow/example_dags/example_latest_only_with_trigger.py took 0.188 seconds
[2024-09-03T11:47:18.946+0000] {processor.py:186} INFO - Started process (PID=2528) to work on /home/airflow/.local/lib/python3.12/site-packages/airflow/example_dags/example_latest_only_with_trigger.py
[2024-09-03T11:47:18.948+0000] {processor.py:914} INFO - Processing file /home/airflow/.local/lib/python3.12/site-packages/airflow/example_dags/example_latest_only_with_trigger.py for tasks to queue
[2024-09-03T11:47:18.953+0000] {logging_mixin.py:190} INFO - [2024-09-03T11:47:18.952+0000] {dagbag.py:587} INFO - Filling up the DagBag from /home/airflow/.local/lib/python3.12/site-packages/airflow/example_dags/example_latest_only_with_trigger.py
[2024-09-03T11:47:18.966+0000] {processor.py:925} INFO - DAG(s) 'latest_only_with_trigger' retrieved from /home/airflow/.local/lib/python3.12/site-packages/airflow/example_dags/example_latest_only_with_trigger.py
[2024-09-03T11:47:19.018+0000] {logging_mixin.py:190} INFO - [2024-09-03T11:47:19.017+0000] {dag.py:3211} INFO - Sync 1 DAGs
[2024-09-03T11:47:19.077+0000] {logging_mixin.py:190} INFO - [2024-09-03T11:47:19.076+0000] {dag.py:4138} INFO - Setting next_dagrun for latest_only_with_trigger to 2024-09-03 04:00:00+00:00, run_after=2024-09-03 08:00:00+00:00
[2024-09-03T11:47:19.124+0000] {processor.py:208} INFO - Processing /home/airflow/.local/lib/python3.12/site-packages/airflow/example_dags/example_latest_only_with_trigger.py took 0.188 seconds
[2024-09-03T11:47:49.549+0000] {processor.py:186} INFO - Started process (PID=2590) to work on /home/airflow/.local/lib/python3.12/site-packages/airflow/example_dags/example_latest_only_with_trigger.py
[2024-09-03T11:47:49.552+0000] {processor.py:914} INFO - Processing file /home/airflow/.local/lib/python3.12/site-packages/airflow/example_dags/example_latest_only_with_trigger.py for tasks to queue
[2024-09-03T11:47:49.556+0000] {logging_mixin.py:190} INFO - [2024-09-03T11:47:49.556+0000] {dagbag.py:587} INFO - Filling up the DagBag from /home/airflow/.local/lib/python3.12/site-packages/airflow/example_dags/example_latest_only_with_trigger.py
[2024-09-03T11:47:49.575+0000] {processor.py:925} INFO - DAG(s) 'latest_only_with_trigger' retrieved from /home/airflow/.local/lib/python3.12/site-packages/airflow/example_dags/example_latest_only_with_trigger.py
[2024-09-03T11:47:49.624+0000] {logging_mixin.py:190} INFO - [2024-09-03T11:47:49.623+0000] {dag.py:3211} INFO - Sync 1 DAGs
[2024-09-03T11:47:49.685+0000] {logging_mixin.py:190} INFO - [2024-09-03T11:47:49.684+0000] {dag.py:4138} INFO - Setting next_dagrun for latest_only_with_trigger to 2024-09-03 04:00:00+00:00, run_after=2024-09-03 08:00:00+00:00
[2024-09-03T11:47:49.738+0000] {processor.py:208} INFO - Processing /home/airflow/.local/lib/python3.12/site-packages/airflow/example_dags/example_latest_only_with_trigger.py took 0.201 seconds
[2024-09-03T11:48:20.290+0000] {processor.py:186} INFO - Started process (PID=2653) to work on /home/airflow/.local/lib/python3.12/site-packages/airflow/example_dags/example_latest_only_with_trigger.py
[2024-09-03T11:48:20.292+0000] {processor.py:914} INFO - Processing file /home/airflow/.local/lib/python3.12/site-packages/airflow/example_dags/example_latest_only_with_trigger.py for tasks to queue
[2024-09-03T11:48:20.296+0000] {logging_mixin.py:190} INFO - [2024-09-03T11:48:20.295+0000] {dagbag.py:587} INFO - Filling up the DagBag from /home/airflow/.local/lib/python3.12/site-packages/airflow/example_dags/example_latest_only_with_trigger.py
[2024-09-03T11:48:20.310+0000] {processor.py:925} INFO - DAG(s) 'latest_only_with_trigger' retrieved from /home/airflow/.local/lib/python3.12/site-packages/airflow/example_dags/example_latest_only_with_trigger.py
[2024-09-03T11:48:20.351+0000] {logging_mixin.py:190} INFO - [2024-09-03T11:48:20.350+0000] {dag.py:3211} INFO - Sync 1 DAGs
[2024-09-03T11:48:20.393+0000] {logging_mixin.py:190} INFO - [2024-09-03T11:48:20.393+0000] {dag.py:4138} INFO - Setting next_dagrun for latest_only_with_trigger to 2024-09-03 04:00:00+00:00, run_after=2024-09-03 08:00:00+00:00
[2024-09-03T11:48:20.430+0000] {processor.py:208} INFO - Processing /home/airflow/.local/lib/python3.12/site-packages/airflow/example_dags/example_latest_only_with_trigger.py took 0.148 seconds
[2024-09-03T11:48:52.174+0000] {processor.py:186} INFO - Started process (PID=2716) to work on /home/airflow/.local/lib/python3.12/site-packages/airflow/example_dags/example_latest_only_with_trigger.py
[2024-09-03T11:48:52.176+0000] {processor.py:914} INFO - Processing file /home/airflow/.local/lib/python3.12/site-packages/airflow/example_dags/example_latest_only_with_trigger.py for tasks to queue
[2024-09-03T11:48:52.181+0000] {logging_mixin.py:190} INFO - [2024-09-03T11:48:52.180+0000] {dagbag.py:587} INFO - Filling up the DagBag from /home/airflow/.local/lib/python3.12/site-packages/airflow/example_dags/example_latest_only_with_trigger.py
[2024-09-03T11:48:52.195+0000] {processor.py:925} INFO - DAG(s) 'latest_only_with_trigger' retrieved from /home/airflow/.local/lib/python3.12/site-packages/airflow/example_dags/example_latest_only_with_trigger.py
[2024-09-03T11:48:52.239+0000] {logging_mixin.py:190} INFO - [2024-09-03T11:48:52.239+0000] {dag.py:3211} INFO - Sync 1 DAGs
[2024-09-03T11:48:52.288+0000] {logging_mixin.py:190} INFO - [2024-09-03T11:48:52.288+0000] {dag.py:4138} INFO - Setting next_dagrun for latest_only_with_trigger to 2024-09-03 04:00:00+00:00, run_after=2024-09-03 08:00:00+00:00
[2024-09-03T11:48:52.345+0000] {processor.py:208} INFO - Processing /home/airflow/.local/lib/python3.12/site-packages/airflow/example_dags/example_latest_only_with_trigger.py took 0.183 seconds
[2024-09-03T11:49:23.371+0000] {processor.py:186} INFO - Started process (PID=2779) to work on /home/airflow/.local/lib/python3.12/site-packages/airflow/example_dags/example_latest_only_with_trigger.py
[2024-09-03T11:49:23.373+0000] {processor.py:914} INFO - Processing file /home/airflow/.local/lib/python3.12/site-packages/airflow/example_dags/example_latest_only_with_trigger.py for tasks to queue
[2024-09-03T11:49:23.377+0000] {logging_mixin.py:190} INFO - [2024-09-03T11:49:23.376+0000] {dagbag.py:587} INFO - Filling up the DagBag from /home/airflow/.local/lib/python3.12/site-packages/airflow/example_dags/example_latest_only_with_trigger.py
[2024-09-03T11:49:23.389+0000] {processor.py:925} INFO - DAG(s) 'latest_only_with_trigger' retrieved from /home/airflow/.local/lib/python3.12/site-packages/airflow/example_dags/example_latest_only_with_trigger.py
[2024-09-03T11:49:23.432+0000] {logging_mixin.py:190} INFO - [2024-09-03T11:49:23.431+0000] {dag.py:3211} INFO - Sync 1 DAGs
[2024-09-03T11:49:23.496+0000] {logging_mixin.py:190} INFO - [2024-09-03T11:49:23.495+0000] {dag.py:4138} INFO - Setting next_dagrun for latest_only_with_trigger to 2024-09-03 04:00:00+00:00, run_after=2024-09-03 08:00:00+00:00
[2024-09-03T11:49:23.550+0000] {processor.py:208} INFO - Processing /home/airflow/.local/lib/python3.12/site-packages/airflow/example_dags/example_latest_only_with_trigger.py took 0.187 seconds
[2024-09-03T11:49:54.818+0000] {processor.py:186} INFO - Started process (PID=2842) to work on /home/airflow/.local/lib/python3.12/site-packages/airflow/example_dags/example_latest_only_with_trigger.py
[2024-09-03T11:49:54.820+0000] {processor.py:914} INFO - Processing file /home/airflow/.local/lib/python3.12/site-packages/airflow/example_dags/example_latest_only_with_trigger.py for tasks to queue
[2024-09-03T11:49:54.825+0000] {logging_mixin.py:190} INFO - [2024-09-03T11:49:54.824+0000] {dagbag.py:587} INFO - Filling up the DagBag from /home/airflow/.local/lib/python3.12/site-packages/airflow/example_dags/example_latest_only_with_trigger.py
[2024-09-03T11:49:54.852+0000] {processor.py:925} INFO - DAG(s) 'latest_only_with_trigger' retrieved from /home/airflow/.local/lib/python3.12/site-packages/airflow/example_dags/example_latest_only_with_trigger.py
[2024-09-03T11:49:54.916+0000] {logging_mixin.py:190} INFO - [2024-09-03T11:49:54.915+0000] {dag.py:3211} INFO - Sync 1 DAGs
[2024-09-03T11:49:55.000+0000] {logging_mixin.py:190} INFO - [2024-09-03T11:49:54.999+0000] {dag.py:4138} INFO - Setting next_dagrun for latest_only_with_trigger to 2024-09-03 04:00:00+00:00, run_after=2024-09-03 08:00:00+00:00
[2024-09-03T11:49:55.058+0000] {processor.py:208} INFO - Processing /home/airflow/.local/lib/python3.12/site-packages/airflow/example_dags/example_latest_only_with_trigger.py took 0.256 seconds
[2024-09-03T11:50:26.099+0000] {processor.py:186} INFO - Started process (PID=2904) to work on /home/airflow/.local/lib/python3.12/site-packages/airflow/example_dags/example_latest_only_with_trigger.py
[2024-09-03T11:50:26.101+0000] {processor.py:914} INFO - Processing file /home/airflow/.local/lib/python3.12/site-packages/airflow/example_dags/example_latest_only_with_trigger.py for tasks to queue
[2024-09-03T11:50:26.105+0000] {logging_mixin.py:190} INFO - [2024-09-03T11:50:26.105+0000] {dagbag.py:587} INFO - Filling up the DagBag from /home/airflow/.local/lib/python3.12/site-packages/airflow/example_dags/example_latest_only_with_trigger.py
[2024-09-03T11:50:26.119+0000] {processor.py:925} INFO - DAG(s) 'latest_only_with_trigger' retrieved from /home/airflow/.local/lib/python3.12/site-packages/airflow/example_dags/example_latest_only_with_trigger.py
[2024-09-03T11:50:26.162+0000] {logging_mixin.py:190} INFO - [2024-09-03T11:50:26.161+0000] {dag.py:3211} INFO - Sync 1 DAGs
[2024-09-03T11:50:26.608+0000] {logging_mixin.py:190} INFO - [2024-09-03T11:50:26.608+0000] {dag.py:4138} INFO - Setting next_dagrun for latest_only_with_trigger to 2024-09-03 04:00:00+00:00, run_after=2024-09-03 08:00:00+00:00
[2024-09-03T11:50:26.689+0000] {processor.py:208} INFO - Processing /home/airflow/.local/lib/python3.12/site-packages/airflow/example_dags/example_latest_only_with_trigger.py took 0.601 seconds
