[2024-09-03T11:27:30.933+0000] {processor.py:186} INFO - Started process (PID=74) to work on /home/airflow/.local/lib/python3.12/site-packages/airflow/example_dags/example_branch_operator.py
[2024-09-03T11:27:30.935+0000] {processor.py:914} INFO - Processing file /home/airflow/.local/lib/python3.12/site-packages/airflow/example_dags/example_branch_operator.py for tasks to queue
[2024-09-03T11:27:30.940+0000] {logging_mixin.py:190} INFO - [2024-09-03T11:27:30.940+0000] {dagbag.py:587} INFO - Filling up the DagBag from /home/airflow/.local/lib/python3.12/site-packages/airflow/example_dags/example_branch_operator.py
[2024-09-03T11:27:30.982+0000] {processor.py:925} INFO - DAG(s) 'example_branch_operator' retrieved from /home/airflow/.local/lib/python3.12/site-packages/airflow/example_dags/example_branch_operator.py
[2024-09-03T11:27:31.327+0000] {logging_mixin.py:190} INFO - [2024-09-03T11:27:31.326+0000] {dag.py:3211} INFO - Sync 1 DAGs
[2024-09-03T11:27:31.387+0000] {logging_mixin.py:190} INFO - [2024-09-03T11:27:31.386+0000] {dag.py:4138} INFO - Setting next_dagrun for example_branch_operator to 2024-09-02 00:00:00+00:00, run_after=2024-09-03 00:00:00+00:00
[2024-09-03T11:27:31.452+0000] {processor.py:208} INFO - Processing /home/airflow/.local/lib/python3.12/site-packages/airflow/example_dags/example_branch_operator.py took 0.531 seconds
[2024-09-03T11:28:02.112+0000] {processor.py:186} INFO - Started process (PID=137) to work on /home/airflow/.local/lib/python3.12/site-packages/airflow/example_dags/example_branch_operator.py
[2024-09-03T11:28:02.113+0000] {processor.py:914} INFO - Processing file /home/airflow/.local/lib/python3.12/site-packages/airflow/example_dags/example_branch_operator.py for tasks to queue
[2024-09-03T11:28:02.116+0000] {logging_mixin.py:190} INFO - [2024-09-03T11:28:02.116+0000] {dagbag.py:587} INFO - Filling up the DagBag from /home/airflow/.local/lib/python3.12/site-packages/airflow/example_dags/example_branch_operator.py
[2024-09-03T11:28:02.132+0000] {processor.py:925} INFO - DAG(s) 'example_branch_operator' retrieved from /home/airflow/.local/lib/python3.12/site-packages/airflow/example_dags/example_branch_operator.py
[2024-09-03T11:28:02.163+0000] {logging_mixin.py:190} INFO - [2024-09-03T11:28:02.163+0000] {dag.py:3211} INFO - Sync 1 DAGs
[2024-09-03T11:28:02.189+0000] {logging_mixin.py:190} INFO - [2024-09-03T11:28:02.189+0000] {dag.py:4138} INFO - Setting next_dagrun for example_branch_operator to 2024-09-02 00:00:00+00:00, run_after=2024-09-03 00:00:00+00:00
[2024-09-03T11:28:02.216+0000] {processor.py:208} INFO - Processing /home/airflow/.local/lib/python3.12/site-packages/airflow/example_dags/example_branch_operator.py took 0.110 seconds
[2024-09-03T11:28:32.698+0000] {processor.py:186} INFO - Started process (PID=208) to work on /home/airflow/.local/lib/python3.12/site-packages/airflow/example_dags/example_branch_operator.py
[2024-09-03T11:28:32.699+0000] {processor.py:914} INFO - Processing file /home/airflow/.local/lib/python3.12/site-packages/airflow/example_dags/example_branch_operator.py for tasks to queue
[2024-09-03T11:28:32.702+0000] {logging_mixin.py:190} INFO - [2024-09-03T11:28:32.702+0000] {dagbag.py:587} INFO - Filling up the DagBag from /home/airflow/.local/lib/python3.12/site-packages/airflow/example_dags/example_branch_operator.py
[2024-09-03T11:28:32.724+0000] {processor.py:925} INFO - DAG(s) 'example_branch_operator' retrieved from /home/airflow/.local/lib/python3.12/site-packages/airflow/example_dags/example_branch_operator.py
[2024-09-03T11:28:32.762+0000] {logging_mixin.py:190} INFO - [2024-09-03T11:28:32.762+0000] {dag.py:3211} INFO - Sync 1 DAGs
[2024-09-03T11:28:32.799+0000] {logging_mixin.py:190} INFO - [2024-09-03T11:28:32.799+0000] {dag.py:4138} INFO - Setting next_dagrun for example_branch_operator to 2024-09-02 00:00:00+00:00, run_after=2024-09-03 00:00:00+00:00
[2024-09-03T11:28:32.828+0000] {processor.py:208} INFO - Processing /home/airflow/.local/lib/python3.12/site-packages/airflow/example_dags/example_branch_operator.py took 0.136 seconds
[2024-09-03T11:29:03.055+0000] {processor.py:186} INFO - Started process (PID=271) to work on /home/airflow/.local/lib/python3.12/site-packages/airflow/example_dags/example_branch_operator.py
[2024-09-03T11:29:03.056+0000] {processor.py:914} INFO - Processing file /home/airflow/.local/lib/python3.12/site-packages/airflow/example_dags/example_branch_operator.py for tasks to queue
[2024-09-03T11:29:03.059+0000] {logging_mixin.py:190} INFO - [2024-09-03T11:29:03.059+0000] {dagbag.py:587} INFO - Filling up the DagBag from /home/airflow/.local/lib/python3.12/site-packages/airflow/example_dags/example_branch_operator.py
[2024-09-03T11:29:03.075+0000] {processor.py:925} INFO - DAG(s) 'example_branch_operator' retrieved from /home/airflow/.local/lib/python3.12/site-packages/airflow/example_dags/example_branch_operator.py
[2024-09-03T11:29:03.115+0000] {logging_mixin.py:190} INFO - [2024-09-03T11:29:03.114+0000] {dag.py:3211} INFO - Sync 1 DAGs
[2024-09-03T11:29:03.145+0000] {logging_mixin.py:190} INFO - [2024-09-03T11:29:03.145+0000] {dag.py:4138} INFO - Setting next_dagrun for example_branch_operator to 2024-09-02 00:00:00+00:00, run_after=2024-09-03 00:00:00+00:00
[2024-09-03T11:29:03.174+0000] {processor.py:208} INFO - Processing /home/airflow/.local/lib/python3.12/site-packages/airflow/example_dags/example_branch_operator.py took 0.124 seconds
[2024-09-03T11:29:33.801+0000] {processor.py:186} INFO - Started process (PID=334) to work on /home/airflow/.local/lib/python3.12/site-packages/airflow/example_dags/example_branch_operator.py
[2024-09-03T11:29:33.803+0000] {processor.py:914} INFO - Processing file /home/airflow/.local/lib/python3.12/site-packages/airflow/example_dags/example_branch_operator.py for tasks to queue
[2024-09-03T11:29:33.806+0000] {logging_mixin.py:190} INFO - [2024-09-03T11:29:33.805+0000] {dagbag.py:587} INFO - Filling up the DagBag from /home/airflow/.local/lib/python3.12/site-packages/airflow/example_dags/example_branch_operator.py
[2024-09-03T11:29:33.834+0000] {processor.py:925} INFO - DAG(s) 'example_branch_operator' retrieved from /home/airflow/.local/lib/python3.12/site-packages/airflow/example_dags/example_branch_operator.py
[2024-09-03T11:29:33.874+0000] {logging_mixin.py:190} INFO - [2024-09-03T11:29:33.874+0000] {dag.py:3211} INFO - Sync 1 DAGs
[2024-09-03T11:29:33.906+0000] {logging_mixin.py:190} INFO - [2024-09-03T11:29:33.906+0000] {dag.py:4138} INFO - Setting next_dagrun for example_branch_operator to 2024-09-02 00:00:00+00:00, run_after=2024-09-03 00:00:00+00:00
[2024-09-03T11:29:33.936+0000] {processor.py:208} INFO - Processing /home/airflow/.local/lib/python3.12/site-packages/airflow/example_dags/example_branch_operator.py took 0.141 seconds
[2024-09-03T11:30:04.550+0000] {processor.py:186} INFO - Started process (PID=397) to work on /home/airflow/.local/lib/python3.12/site-packages/airflow/example_dags/example_branch_operator.py
[2024-09-03T11:30:04.552+0000] {processor.py:914} INFO - Processing file /home/airflow/.local/lib/python3.12/site-packages/airflow/example_dags/example_branch_operator.py for tasks to queue
[2024-09-03T11:30:04.555+0000] {logging_mixin.py:190} INFO - [2024-09-03T11:30:04.554+0000] {dagbag.py:587} INFO - Filling up the DagBag from /home/airflow/.local/lib/python3.12/site-packages/airflow/example_dags/example_branch_operator.py
[2024-09-03T11:30:04.571+0000] {processor.py:925} INFO - DAG(s) 'example_branch_operator' retrieved from /home/airflow/.local/lib/python3.12/site-packages/airflow/example_dags/example_branch_operator.py
[2024-09-03T11:30:04.601+0000] {logging_mixin.py:190} INFO - [2024-09-03T11:30:04.600+0000] {dag.py:3211} INFO - Sync 1 DAGs
[2024-09-03T11:30:04.627+0000] {logging_mixin.py:190} INFO - [2024-09-03T11:30:04.627+0000] {dag.py:4138} INFO - Setting next_dagrun for example_branch_operator to 2024-09-02 00:00:00+00:00, run_after=2024-09-03 00:00:00+00:00
[2024-09-03T11:30:04.656+0000] {processor.py:208} INFO - Processing /home/airflow/.local/lib/python3.12/site-packages/airflow/example_dags/example_branch_operator.py took 0.111 seconds
[2024-09-03T11:30:34.848+0000] {processor.py:186} INFO - Started process (PID=460) to work on /home/airflow/.local/lib/python3.12/site-packages/airflow/example_dags/example_branch_operator.py
[2024-09-03T11:30:34.850+0000] {processor.py:914} INFO - Processing file /home/airflow/.local/lib/python3.12/site-packages/airflow/example_dags/example_branch_operator.py for tasks to queue
[2024-09-03T11:30:34.853+0000] {logging_mixin.py:190} INFO - [2024-09-03T11:30:34.852+0000] {dagbag.py:587} INFO - Filling up the DagBag from /home/airflow/.local/lib/python3.12/site-packages/airflow/example_dags/example_branch_operator.py
[2024-09-03T11:30:34.892+0000] {processor.py:925} INFO - DAG(s) 'example_branch_operator' retrieved from /home/airflow/.local/lib/python3.12/site-packages/airflow/example_dags/example_branch_operator.py
[2024-09-03T11:30:34.943+0000] {logging_mixin.py:190} INFO - [2024-09-03T11:30:34.942+0000] {dag.py:3211} INFO - Sync 1 DAGs
[2024-09-03T11:30:34.985+0000] {logging_mixin.py:190} INFO - [2024-09-03T11:30:34.984+0000] {dag.py:4138} INFO - Setting next_dagrun for example_branch_operator to 2024-09-02 00:00:00+00:00, run_after=2024-09-03 00:00:00+00:00
[2024-09-03T11:30:35.031+0000] {processor.py:208} INFO - Processing /home/airflow/.local/lib/python3.12/site-packages/airflow/example_dags/example_branch_operator.py took 0.189 seconds
[2024-09-03T11:31:05.354+0000] {processor.py:186} INFO - Started process (PID=525) to work on /home/airflow/.local/lib/python3.12/site-packages/airflow/example_dags/example_branch_operator.py
[2024-09-03T11:31:05.356+0000] {processor.py:914} INFO - Processing file /home/airflow/.local/lib/python3.12/site-packages/airflow/example_dags/example_branch_operator.py for tasks to queue
[2024-09-03T11:31:05.359+0000] {logging_mixin.py:190} INFO - [2024-09-03T11:31:05.359+0000] {dagbag.py:587} INFO - Filling up the DagBag from /home/airflow/.local/lib/python3.12/site-packages/airflow/example_dags/example_branch_operator.py
[2024-09-03T11:31:05.385+0000] {processor.py:925} INFO - DAG(s) 'example_branch_operator' retrieved from /home/airflow/.local/lib/python3.12/site-packages/airflow/example_dags/example_branch_operator.py
[2024-09-03T11:31:05.419+0000] {logging_mixin.py:190} INFO - [2024-09-03T11:31:05.418+0000] {dag.py:3211} INFO - Sync 1 DAGs
[2024-09-03T11:31:05.453+0000] {logging_mixin.py:190} INFO - [2024-09-03T11:31:05.452+0000] {dag.py:4138} INFO - Setting next_dagrun for example_branch_operator to 2024-09-02 00:00:00+00:00, run_after=2024-09-03 00:00:00+00:00
[2024-09-03T11:31:05.484+0000] {processor.py:208} INFO - Processing /home/airflow/.local/lib/python3.12/site-packages/airflow/example_dags/example_branch_operator.py took 0.138 seconds
[2024-09-03T11:31:35.559+0000] {processor.py:186} INFO - Started process (PID=587) to work on /home/airflow/.local/lib/python3.12/site-packages/airflow/example_dags/example_branch_operator.py
[2024-09-03T11:31:35.560+0000] {processor.py:914} INFO - Processing file /home/airflow/.local/lib/python3.12/site-packages/airflow/example_dags/example_branch_operator.py for tasks to queue
[2024-09-03T11:31:35.564+0000] {logging_mixin.py:190} INFO - [2024-09-03T11:31:35.563+0000] {dagbag.py:587} INFO - Filling up the DagBag from /home/airflow/.local/lib/python3.12/site-packages/airflow/example_dags/example_branch_operator.py
[2024-09-03T11:31:35.590+0000] {processor.py:925} INFO - DAG(s) 'example_branch_operator' retrieved from /home/airflow/.local/lib/python3.12/site-packages/airflow/example_dags/example_branch_operator.py
[2024-09-03T11:31:35.633+0000] {logging_mixin.py:190} INFO - [2024-09-03T11:31:35.633+0000] {dag.py:3211} INFO - Sync 1 DAGs
[2024-09-03T11:31:35.664+0000] {logging_mixin.py:190} INFO - [2024-09-03T11:31:35.663+0000] {dag.py:4138} INFO - Setting next_dagrun for example_branch_operator to 2024-09-02 00:00:00+00:00, run_after=2024-09-03 00:00:00+00:00
[2024-09-03T11:31:35.690+0000] {processor.py:208} INFO - Processing /home/airflow/.local/lib/python3.12/site-packages/airflow/example_dags/example_branch_operator.py took 0.139 seconds
[2024-09-03T11:32:06.026+0000] {processor.py:186} INFO - Started process (PID=650) to work on /home/airflow/.local/lib/python3.12/site-packages/airflow/example_dags/example_branch_operator.py
[2024-09-03T11:32:06.027+0000] {processor.py:914} INFO - Processing file /home/airflow/.local/lib/python3.12/site-packages/airflow/example_dags/example_branch_operator.py for tasks to queue
[2024-09-03T11:32:06.030+0000] {logging_mixin.py:190} INFO - [2024-09-03T11:32:06.029+0000] {dagbag.py:587} INFO - Filling up the DagBag from /home/airflow/.local/lib/python3.12/site-packages/airflow/example_dags/example_branch_operator.py
[2024-09-03T11:32:06.047+0000] {processor.py:925} INFO - DAG(s) 'example_branch_operator' retrieved from /home/airflow/.local/lib/python3.12/site-packages/airflow/example_dags/example_branch_operator.py
[2024-09-03T11:32:06.077+0000] {logging_mixin.py:190} INFO - [2024-09-03T11:32:06.077+0000] {dag.py:3211} INFO - Sync 1 DAGs
[2024-09-03T11:32:06.103+0000] {logging_mixin.py:190} INFO - [2024-09-03T11:32:06.102+0000] {dag.py:4138} INFO - Setting next_dagrun for example_branch_operator to 2024-09-02 00:00:00+00:00, run_after=2024-09-03 00:00:00+00:00
[2024-09-03T11:32:06.126+0000] {processor.py:208} INFO - Processing /home/airflow/.local/lib/python3.12/site-packages/airflow/example_dags/example_branch_operator.py took 0.105 seconds
[2024-09-03T11:32:37.002+0000] {processor.py:186} INFO - Started process (PID=713) to work on /home/airflow/.local/lib/python3.12/site-packages/airflow/example_dags/example_branch_operator.py
[2024-09-03T11:32:37.004+0000] {processor.py:914} INFO - Processing file /home/airflow/.local/lib/python3.12/site-packages/airflow/example_dags/example_branch_operator.py for tasks to queue
[2024-09-03T11:32:37.008+0000] {logging_mixin.py:190} INFO - [2024-09-03T11:32:37.007+0000] {dagbag.py:587} INFO - Filling up the DagBag from /home/airflow/.local/lib/python3.12/site-packages/airflow/example_dags/example_branch_operator.py
[2024-09-03T11:32:37.052+0000] {processor.py:925} INFO - DAG(s) 'example_branch_operator' retrieved from /home/airflow/.local/lib/python3.12/site-packages/airflow/example_dags/example_branch_operator.py
[2024-09-03T11:32:37.107+0000] {logging_mixin.py:190} INFO - [2024-09-03T11:32:37.106+0000] {dag.py:3211} INFO - Sync 1 DAGs
[2024-09-03T11:32:37.145+0000] {logging_mixin.py:190} INFO - [2024-09-03T11:32:37.145+0000] {dag.py:4138} INFO - Setting next_dagrun for example_branch_operator to 2024-09-02 00:00:00+00:00, run_after=2024-09-03 00:00:00+00:00
[2024-09-03T11:32:37.175+0000] {processor.py:208} INFO - Processing /home/airflow/.local/lib/python3.12/site-packages/airflow/example_dags/example_branch_operator.py took 0.184 seconds
[2024-09-03T11:33:08.075+0000] {processor.py:186} INFO - Started process (PID=776) to work on /home/airflow/.local/lib/python3.12/site-packages/airflow/example_dags/example_branch_operator.py
[2024-09-03T11:33:08.076+0000] {processor.py:914} INFO - Processing file /home/airflow/.local/lib/python3.12/site-packages/airflow/example_dags/example_branch_operator.py for tasks to queue
[2024-09-03T11:33:08.079+0000] {logging_mixin.py:190} INFO - [2024-09-03T11:33:08.079+0000] {dagbag.py:587} INFO - Filling up the DagBag from /home/airflow/.local/lib/python3.12/site-packages/airflow/example_dags/example_branch_operator.py
[2024-09-03T11:33:08.097+0000] {processor.py:925} INFO - DAG(s) 'example_branch_operator' retrieved from /home/airflow/.local/lib/python3.12/site-packages/airflow/example_dags/example_branch_operator.py
[2024-09-03T11:33:08.136+0000] {logging_mixin.py:190} INFO - [2024-09-03T11:33:08.136+0000] {dag.py:3211} INFO - Sync 1 DAGs
[2024-09-03T11:33:08.169+0000] {logging_mixin.py:190} INFO - [2024-09-03T11:33:08.169+0000] {dag.py:4138} INFO - Setting next_dagrun for example_branch_operator to 2024-09-02 00:00:00+00:00, run_after=2024-09-03 00:00:00+00:00
[2024-09-03T11:33:08.196+0000] {processor.py:208} INFO - Processing /home/airflow/.local/lib/python3.12/site-packages/airflow/example_dags/example_branch_operator.py took 0.127 seconds
[2024-09-03T11:33:38.358+0000] {processor.py:186} INFO - Started process (PID=839) to work on /home/airflow/.local/lib/python3.12/site-packages/airflow/example_dags/example_branch_operator.py
[2024-09-03T11:33:38.359+0000] {processor.py:914} INFO - Processing file /home/airflow/.local/lib/python3.12/site-packages/airflow/example_dags/example_branch_operator.py for tasks to queue
[2024-09-03T11:33:38.362+0000] {logging_mixin.py:190} INFO - [2024-09-03T11:33:38.362+0000] {dagbag.py:587} INFO - Filling up the DagBag from /home/airflow/.local/lib/python3.12/site-packages/airflow/example_dags/example_branch_operator.py
[2024-09-03T11:33:38.382+0000] {processor.py:925} INFO - DAG(s) 'example_branch_operator' retrieved from /home/airflow/.local/lib/python3.12/site-packages/airflow/example_dags/example_branch_operator.py
[2024-09-03T11:33:38.411+0000] {logging_mixin.py:190} INFO - [2024-09-03T11:33:38.411+0000] {dag.py:3211} INFO - Sync 1 DAGs
[2024-09-03T11:33:38.438+0000] {logging_mixin.py:190} INFO - [2024-09-03T11:33:38.437+0000] {dag.py:4138} INFO - Setting next_dagrun for example_branch_operator to 2024-09-02 00:00:00+00:00, run_after=2024-09-03 00:00:00+00:00
[2024-09-03T11:33:38.463+0000] {processor.py:208} INFO - Processing /home/airflow/.local/lib/python3.12/site-packages/airflow/example_dags/example_branch_operator.py took 0.111 seconds
[2024-09-03T11:34:09.046+0000] {processor.py:186} INFO - Started process (PID=902) to work on /home/airflow/.local/lib/python3.12/site-packages/airflow/example_dags/example_branch_operator.py
[2024-09-03T11:34:09.048+0000] {processor.py:914} INFO - Processing file /home/airflow/.local/lib/python3.12/site-packages/airflow/example_dags/example_branch_operator.py for tasks to queue
[2024-09-03T11:34:09.052+0000] {logging_mixin.py:190} INFO - [2024-09-03T11:34:09.051+0000] {dagbag.py:587} INFO - Filling up the DagBag from /home/airflow/.local/lib/python3.12/site-packages/airflow/example_dags/example_branch_operator.py
[2024-09-03T11:34:09.073+0000] {processor.py:925} INFO - DAG(s) 'example_branch_operator' retrieved from /home/airflow/.local/lib/python3.12/site-packages/airflow/example_dags/example_branch_operator.py
[2024-09-03T11:34:09.110+0000] {logging_mixin.py:190} INFO - [2024-09-03T11:34:09.110+0000] {dag.py:3211} INFO - Sync 1 DAGs
[2024-09-03T11:34:09.138+0000] {logging_mixin.py:190} INFO - [2024-09-03T11:34:09.137+0000] {dag.py:4138} INFO - Setting next_dagrun for example_branch_operator to 2024-09-02 00:00:00+00:00, run_after=2024-09-03 00:00:00+00:00
[2024-09-03T11:34:09.175+0000] {processor.py:208} INFO - Processing /home/airflow/.local/lib/python3.12/site-packages/airflow/example_dags/example_branch_operator.py took 0.136 seconds
[2024-09-03T11:34:39.875+0000] {processor.py:186} INFO - Started process (PID=966) to work on /home/airflow/.local/lib/python3.12/site-packages/airflow/example_dags/example_branch_operator.py
[2024-09-03T11:34:39.877+0000] {processor.py:914} INFO - Processing file /home/airflow/.local/lib/python3.12/site-packages/airflow/example_dags/example_branch_operator.py for tasks to queue
[2024-09-03T11:34:39.882+0000] {logging_mixin.py:190} INFO - [2024-09-03T11:34:39.881+0000] {dagbag.py:587} INFO - Filling up the DagBag from /home/airflow/.local/lib/python3.12/site-packages/airflow/example_dags/example_branch_operator.py
[2024-09-03T11:34:39.911+0000] {processor.py:925} INFO - DAG(s) 'example_branch_operator' retrieved from /home/airflow/.local/lib/python3.12/site-packages/airflow/example_dags/example_branch_operator.py
[2024-09-03T11:34:39.945+0000] {logging_mixin.py:190} INFO - [2024-09-03T11:34:39.945+0000] {dag.py:3211} INFO - Sync 1 DAGs
[2024-09-03T11:34:39.982+0000] {logging_mixin.py:190} INFO - [2024-09-03T11:34:39.982+0000] {dag.py:4138} INFO - Setting next_dagrun for example_branch_operator to 2024-09-02 00:00:00+00:00, run_after=2024-09-03 00:00:00+00:00
[2024-09-03T11:34:40.010+0000] {processor.py:208} INFO - Processing /home/airflow/.local/lib/python3.12/site-packages/airflow/example_dags/example_branch_operator.py took 0.143 seconds
[2024-09-03T11:35:10.104+0000] {processor.py:186} INFO - Started process (PID=1028) to work on /home/airflow/.local/lib/python3.12/site-packages/airflow/example_dags/example_branch_operator.py
[2024-09-03T11:35:10.105+0000] {processor.py:914} INFO - Processing file /home/airflow/.local/lib/python3.12/site-packages/airflow/example_dags/example_branch_operator.py for tasks to queue
[2024-09-03T11:35:10.109+0000] {logging_mixin.py:190} INFO - [2024-09-03T11:35:10.108+0000] {dagbag.py:587} INFO - Filling up the DagBag from /home/airflow/.local/lib/python3.12/site-packages/airflow/example_dags/example_branch_operator.py
[2024-09-03T11:35:10.127+0000] {processor.py:925} INFO - DAG(s) 'example_branch_operator' retrieved from /home/airflow/.local/lib/python3.12/site-packages/airflow/example_dags/example_branch_operator.py
[2024-09-03T11:35:10.159+0000] {logging_mixin.py:190} INFO - [2024-09-03T11:35:10.159+0000] {dag.py:3211} INFO - Sync 1 DAGs
[2024-09-03T11:35:10.184+0000] {logging_mixin.py:190} INFO - [2024-09-03T11:35:10.184+0000] {dag.py:4138} INFO - Setting next_dagrun for example_branch_operator to 2024-09-02 00:00:00+00:00, run_after=2024-09-03 00:00:00+00:00
[2024-09-03T11:35:10.210+0000] {processor.py:208} INFO - Processing /home/airflow/.local/lib/python3.12/site-packages/airflow/example_dags/example_branch_operator.py took 0.112 seconds
[2024-09-03T11:35:40.803+0000] {processor.py:186} INFO - Started process (PID=1091) to work on /home/airflow/.local/lib/python3.12/site-packages/airflow/example_dags/example_branch_operator.py
[2024-09-03T11:35:40.804+0000] {processor.py:914} INFO - Processing file /home/airflow/.local/lib/python3.12/site-packages/airflow/example_dags/example_branch_operator.py for tasks to queue
[2024-09-03T11:35:40.807+0000] {logging_mixin.py:190} INFO - [2024-09-03T11:35:40.807+0000] {dagbag.py:587} INFO - Filling up the DagBag from /home/airflow/.local/lib/python3.12/site-packages/airflow/example_dags/example_branch_operator.py
[2024-09-03T11:35:40.823+0000] {processor.py:925} INFO - DAG(s) 'example_branch_operator' retrieved from /home/airflow/.local/lib/python3.12/site-packages/airflow/example_dags/example_branch_operator.py
[2024-09-03T11:35:40.854+0000] {logging_mixin.py:190} INFO - [2024-09-03T11:35:40.854+0000] {dag.py:3211} INFO - Sync 1 DAGs
[2024-09-03T11:35:40.880+0000] {logging_mixin.py:190} INFO - [2024-09-03T11:35:40.880+0000] {dag.py:4138} INFO - Setting next_dagrun for example_branch_operator to 2024-09-02 00:00:00+00:00, run_after=2024-09-03 00:00:00+00:00
[2024-09-03T11:35:40.904+0000] {processor.py:208} INFO - Processing /home/airflow/.local/lib/python3.12/site-packages/airflow/example_dags/example_branch_operator.py took 0.107 seconds
[2024-09-03T11:36:11.644+0000] {processor.py:186} INFO - Started process (PID=1154) to work on /home/airflow/.local/lib/python3.12/site-packages/airflow/example_dags/example_branch_operator.py
[2024-09-03T11:36:11.645+0000] {processor.py:914} INFO - Processing file /home/airflow/.local/lib/python3.12/site-packages/airflow/example_dags/example_branch_operator.py for tasks to queue
[2024-09-03T11:36:11.648+0000] {logging_mixin.py:190} INFO - [2024-09-03T11:36:11.648+0000] {dagbag.py:587} INFO - Filling up the DagBag from /home/airflow/.local/lib/python3.12/site-packages/airflow/example_dags/example_branch_operator.py
[2024-09-03T11:36:11.664+0000] {processor.py:925} INFO - DAG(s) 'example_branch_operator' retrieved from /home/airflow/.local/lib/python3.12/site-packages/airflow/example_dags/example_branch_operator.py
[2024-09-03T11:36:11.697+0000] {logging_mixin.py:190} INFO - [2024-09-03T11:36:11.696+0000] {dag.py:3211} INFO - Sync 1 DAGs
[2024-09-03T11:36:11.722+0000] {logging_mixin.py:190} INFO - [2024-09-03T11:36:11.722+0000] {dag.py:4138} INFO - Setting next_dagrun for example_branch_operator to 2024-09-02 00:00:00+00:00, run_after=2024-09-03 00:00:00+00:00
[2024-09-03T11:36:11.745+0000] {processor.py:208} INFO - Processing /home/airflow/.local/lib/python3.12/site-packages/airflow/example_dags/example_branch_operator.py took 0.107 seconds
[2024-09-03T11:36:42.787+0000] {processor.py:186} INFO - Started process (PID=1217) to work on /home/airflow/.local/lib/python3.12/site-packages/airflow/example_dags/example_branch_operator.py
[2024-09-03T11:36:42.788+0000] {processor.py:914} INFO - Processing file /home/airflow/.local/lib/python3.12/site-packages/airflow/example_dags/example_branch_operator.py for tasks to queue
[2024-09-03T11:36:42.791+0000] {logging_mixin.py:190} INFO - [2024-09-03T11:36:42.791+0000] {dagbag.py:587} INFO - Filling up the DagBag from /home/airflow/.local/lib/python3.12/site-packages/airflow/example_dags/example_branch_operator.py
[2024-09-03T11:36:42.818+0000] {processor.py:925} INFO - DAG(s) 'example_branch_operator' retrieved from /home/airflow/.local/lib/python3.12/site-packages/airflow/example_dags/example_branch_operator.py
[2024-09-03T11:36:42.867+0000] {logging_mixin.py:190} INFO - [2024-09-03T11:36:42.867+0000] {dag.py:3211} INFO - Sync 1 DAGs
[2024-09-03T11:36:42.905+0000] {logging_mixin.py:190} INFO - [2024-09-03T11:36:42.905+0000] {dag.py:4138} INFO - Setting next_dagrun for example_branch_operator to 2024-09-02 00:00:00+00:00, run_after=2024-09-03 00:00:00+00:00
[2024-09-03T11:36:42.939+0000] {processor.py:208} INFO - Processing /home/airflow/.local/lib/python3.12/site-packages/airflow/example_dags/example_branch_operator.py took 0.160 seconds
[2024-09-03T11:37:13.535+0000] {processor.py:186} INFO - Started process (PID=1280) to work on /home/airflow/.local/lib/python3.12/site-packages/airflow/example_dags/example_branch_operator.py
[2024-09-03T11:37:13.537+0000] {processor.py:914} INFO - Processing file /home/airflow/.local/lib/python3.12/site-packages/airflow/example_dags/example_branch_operator.py for tasks to queue
[2024-09-03T11:37:13.540+0000] {logging_mixin.py:190} INFO - [2024-09-03T11:37:13.539+0000] {dagbag.py:587} INFO - Filling up the DagBag from /home/airflow/.local/lib/python3.12/site-packages/airflow/example_dags/example_branch_operator.py
[2024-09-03T11:37:13.569+0000] {processor.py:925} INFO - DAG(s) 'example_branch_operator' retrieved from /home/airflow/.local/lib/python3.12/site-packages/airflow/example_dags/example_branch_operator.py
[2024-09-03T11:37:13.624+0000] {logging_mixin.py:190} INFO - [2024-09-03T11:37:13.623+0000] {dag.py:3211} INFO - Sync 1 DAGs
[2024-09-03T11:37:13.674+0000] {logging_mixin.py:190} INFO - [2024-09-03T11:37:13.673+0000] {dag.py:4138} INFO - Setting next_dagrun for example_branch_operator to 2024-09-02 00:00:00+00:00, run_after=2024-09-03 00:00:00+00:00
[2024-09-03T11:37:13.821+0000] {processor.py:208} INFO - Processing /home/airflow/.local/lib/python3.12/site-packages/airflow/example_dags/example_branch_operator.py took 0.293 seconds
[2024-09-03T11:37:44.829+0000] {processor.py:186} INFO - Started process (PID=1343) to work on /home/airflow/.local/lib/python3.12/site-packages/airflow/example_dags/example_branch_operator.py
[2024-09-03T11:37:44.831+0000] {processor.py:914} INFO - Processing file /home/airflow/.local/lib/python3.12/site-packages/airflow/example_dags/example_branch_operator.py for tasks to queue
[2024-09-03T11:37:44.835+0000] {logging_mixin.py:190} INFO - [2024-09-03T11:37:44.835+0000] {dagbag.py:587} INFO - Filling up the DagBag from /home/airflow/.local/lib/python3.12/site-packages/airflow/example_dags/example_branch_operator.py
[2024-09-03T11:37:44.856+0000] {processor.py:925} INFO - DAG(s) 'example_branch_operator' retrieved from /home/airflow/.local/lib/python3.12/site-packages/airflow/example_dags/example_branch_operator.py
[2024-09-03T11:37:44.894+0000] {logging_mixin.py:190} INFO - [2024-09-03T11:37:44.893+0000] {dag.py:3211} INFO - Sync 1 DAGs
[2024-09-03T11:37:44.925+0000] {logging_mixin.py:190} INFO - [2024-09-03T11:37:44.924+0000] {dag.py:4138} INFO - Setting next_dagrun for example_branch_operator to 2024-09-02 00:00:00+00:00, run_after=2024-09-03 00:00:00+00:00
[2024-09-03T11:37:44.960+0000] {processor.py:208} INFO - Processing /home/airflow/.local/lib/python3.12/site-packages/airflow/example_dags/example_branch_operator.py took 0.139 seconds
[2024-09-03T11:38:15.210+0000] {processor.py:186} INFO - Started process (PID=1406) to work on /home/airflow/.local/lib/python3.12/site-packages/airflow/example_dags/example_branch_operator.py
[2024-09-03T11:38:15.212+0000] {processor.py:914} INFO - Processing file /home/airflow/.local/lib/python3.12/site-packages/airflow/example_dags/example_branch_operator.py for tasks to queue
[2024-09-03T11:38:15.216+0000] {logging_mixin.py:190} INFO - [2024-09-03T11:38:15.216+0000] {dagbag.py:587} INFO - Filling up the DagBag from /home/airflow/.local/lib/python3.12/site-packages/airflow/example_dags/example_branch_operator.py
[2024-09-03T11:38:15.248+0000] {processor.py:925} INFO - DAG(s) 'example_branch_operator' retrieved from /home/airflow/.local/lib/python3.12/site-packages/airflow/example_dags/example_branch_operator.py
[2024-09-03T11:38:15.298+0000] {logging_mixin.py:190} INFO - [2024-09-03T11:38:15.298+0000] {dag.py:3211} INFO - Sync 1 DAGs
[2024-09-03T11:38:15.335+0000] {logging_mixin.py:190} INFO - [2024-09-03T11:38:15.335+0000] {dag.py:4138} INFO - Setting next_dagrun for example_branch_operator to 2024-09-02 00:00:00+00:00, run_after=2024-09-03 00:00:00+00:00
[2024-09-03T11:38:15.370+0000] {processor.py:208} INFO - Processing /home/airflow/.local/lib/python3.12/site-packages/airflow/example_dags/example_branch_operator.py took 0.169 seconds
[2024-09-03T11:38:45.613+0000] {processor.py:186} INFO - Started process (PID=1469) to work on /home/airflow/.local/lib/python3.12/site-packages/airflow/example_dags/example_branch_operator.py
[2024-09-03T11:38:45.615+0000] {processor.py:914} INFO - Processing file /home/airflow/.local/lib/python3.12/site-packages/airflow/example_dags/example_branch_operator.py for tasks to queue
[2024-09-03T11:38:45.619+0000] {logging_mixin.py:190} INFO - [2024-09-03T11:38:45.619+0000] {dagbag.py:587} INFO - Filling up the DagBag from /home/airflow/.local/lib/python3.12/site-packages/airflow/example_dags/example_branch_operator.py
[2024-09-03T11:38:45.650+0000] {processor.py:925} INFO - DAG(s) 'example_branch_operator' retrieved from /home/airflow/.local/lib/python3.12/site-packages/airflow/example_dags/example_branch_operator.py
[2024-09-03T11:38:45.709+0000] {logging_mixin.py:190} INFO - [2024-09-03T11:38:45.709+0000] {dag.py:3211} INFO - Sync 1 DAGs
[2024-09-03T11:38:45.762+0000] {logging_mixin.py:190} INFO - [2024-09-03T11:38:45.762+0000] {dag.py:4138} INFO - Setting next_dagrun for example_branch_operator to 2024-09-02 00:00:00+00:00, run_after=2024-09-03 00:00:00+00:00
[2024-09-03T11:38:45.803+0000] {processor.py:208} INFO - Processing /home/airflow/.local/lib/python3.12/site-packages/airflow/example_dags/example_branch_operator.py took 0.199 seconds
[2024-09-03T11:39:16.152+0000] {processor.py:186} INFO - Started process (PID=1532) to work on /home/airflow/.local/lib/python3.12/site-packages/airflow/example_dags/example_branch_operator.py
[2024-09-03T11:39:16.155+0000] {processor.py:914} INFO - Processing file /home/airflow/.local/lib/python3.12/site-packages/airflow/example_dags/example_branch_operator.py for tasks to queue
[2024-09-03T11:39:16.158+0000] {logging_mixin.py:190} INFO - [2024-09-03T11:39:16.157+0000] {dagbag.py:587} INFO - Filling up the DagBag from /home/airflow/.local/lib/python3.12/site-packages/airflow/example_dags/example_branch_operator.py
[2024-09-03T11:39:16.189+0000] {processor.py:925} INFO - DAG(s) 'example_branch_operator' retrieved from /home/airflow/.local/lib/python3.12/site-packages/airflow/example_dags/example_branch_operator.py
[2024-09-03T11:39:16.237+0000] {logging_mixin.py:190} INFO - [2024-09-03T11:39:16.237+0000] {dag.py:3211} INFO - Sync 1 DAGs
[2024-09-03T11:39:16.271+0000] {logging_mixin.py:190} INFO - [2024-09-03T11:39:16.271+0000] {dag.py:4138} INFO - Setting next_dagrun for example_branch_operator to 2024-09-02 00:00:00+00:00, run_after=2024-09-03 00:00:00+00:00
[2024-09-03T11:39:16.307+0000] {processor.py:208} INFO - Processing /home/airflow/.local/lib/python3.12/site-packages/airflow/example_dags/example_branch_operator.py took 0.163 seconds
[2024-09-03T11:39:46.532+0000] {processor.py:186} INFO - Started process (PID=1595) to work on /home/airflow/.local/lib/python3.12/site-packages/airflow/example_dags/example_branch_operator.py
[2024-09-03T11:39:46.534+0000] {processor.py:914} INFO - Processing file /home/airflow/.local/lib/python3.12/site-packages/airflow/example_dags/example_branch_operator.py for tasks to queue
[2024-09-03T11:39:46.537+0000] {logging_mixin.py:190} INFO - [2024-09-03T11:39:46.537+0000] {dagbag.py:587} INFO - Filling up the DagBag from /home/airflow/.local/lib/python3.12/site-packages/airflow/example_dags/example_branch_operator.py
[2024-09-03T11:39:46.561+0000] {processor.py:925} INFO - DAG(s) 'example_branch_operator' retrieved from /home/airflow/.local/lib/python3.12/site-packages/airflow/example_dags/example_branch_operator.py
[2024-09-03T11:39:46.601+0000] {logging_mixin.py:190} INFO - [2024-09-03T11:39:46.600+0000] {dag.py:3211} INFO - Sync 1 DAGs
[2024-09-03T11:39:46.637+0000] {logging_mixin.py:190} INFO - [2024-09-03T11:39:46.636+0000] {dag.py:4138} INFO - Setting next_dagrun for example_branch_operator to 2024-09-02 00:00:00+00:00, run_after=2024-09-03 00:00:00+00:00
[2024-09-03T11:39:46.671+0000] {processor.py:208} INFO - Processing /home/airflow/.local/lib/python3.12/site-packages/airflow/example_dags/example_branch_operator.py took 0.147 seconds
[2024-09-03T11:40:16.896+0000] {processor.py:186} INFO - Started process (PID=1658) to work on /home/airflow/.local/lib/python3.12/site-packages/airflow/example_dags/example_branch_operator.py
[2024-09-03T11:40:16.898+0000] {processor.py:914} INFO - Processing file /home/airflow/.local/lib/python3.12/site-packages/airflow/example_dags/example_branch_operator.py for tasks to queue
[2024-09-03T11:40:16.902+0000] {logging_mixin.py:190} INFO - [2024-09-03T11:40:16.901+0000] {dagbag.py:587} INFO - Filling up the DagBag from /home/airflow/.local/lib/python3.12/site-packages/airflow/example_dags/example_branch_operator.py
[2024-09-03T11:40:16.934+0000] {processor.py:925} INFO - DAG(s) 'example_branch_operator' retrieved from /home/airflow/.local/lib/python3.12/site-packages/airflow/example_dags/example_branch_operator.py
[2024-09-03T11:40:16.992+0000] {logging_mixin.py:190} INFO - [2024-09-03T11:40:16.991+0000] {dag.py:3211} INFO - Sync 1 DAGs
[2024-09-03T11:40:17.033+0000] {logging_mixin.py:190} INFO - [2024-09-03T11:40:17.032+0000] {dag.py:4138} INFO - Setting next_dagrun for example_branch_operator to 2024-09-02 00:00:00+00:00, run_after=2024-09-03 00:00:00+00:00
[2024-09-03T11:40:17.072+0000] {processor.py:208} INFO - Processing /home/airflow/.local/lib/python3.12/site-packages/airflow/example_dags/example_branch_operator.py took 0.186 seconds
[2024-09-03T11:40:47.265+0000] {processor.py:186} INFO - Started process (PID=1722) to work on /home/airflow/.local/lib/python3.12/site-packages/airflow/example_dags/example_branch_operator.py
[2024-09-03T11:40:47.267+0000] {processor.py:914} INFO - Processing file /home/airflow/.local/lib/python3.12/site-packages/airflow/example_dags/example_branch_operator.py for tasks to queue
[2024-09-03T11:40:47.271+0000] {logging_mixin.py:190} INFO - [2024-09-03T11:40:47.270+0000] {dagbag.py:587} INFO - Filling up the DagBag from /home/airflow/.local/lib/python3.12/site-packages/airflow/example_dags/example_branch_operator.py
[2024-09-03T11:40:47.320+0000] {processor.py:925} INFO - DAG(s) 'example_branch_operator' retrieved from /home/airflow/.local/lib/python3.12/site-packages/airflow/example_dags/example_branch_operator.py
[2024-09-03T11:40:47.386+0000] {logging_mixin.py:190} INFO - [2024-09-03T11:40:47.386+0000] {dag.py:3211} INFO - Sync 1 DAGs
[2024-09-03T11:40:47.428+0000] {logging_mixin.py:190} INFO - [2024-09-03T11:40:47.427+0000] {dag.py:4138} INFO - Setting next_dagrun for example_branch_operator to 2024-09-02 00:00:00+00:00, run_after=2024-09-03 00:00:00+00:00
[2024-09-03T11:40:47.465+0000] {processor.py:208} INFO - Processing /home/airflow/.local/lib/python3.12/site-packages/airflow/example_dags/example_branch_operator.py took 0.207 seconds
[2024-09-03T11:41:17.842+0000] {processor.py:186} INFO - Started process (PID=1785) to work on /home/airflow/.local/lib/python3.12/site-packages/airflow/example_dags/example_branch_operator.py
[2024-09-03T11:41:17.844+0000] {processor.py:914} INFO - Processing file /home/airflow/.local/lib/python3.12/site-packages/airflow/example_dags/example_branch_operator.py for tasks to queue
[2024-09-03T11:41:17.852+0000] {logging_mixin.py:190} INFO - [2024-09-03T11:41:17.852+0000] {dagbag.py:587} INFO - Filling up the DagBag from /home/airflow/.local/lib/python3.12/site-packages/airflow/example_dags/example_branch_operator.py
[2024-09-03T11:41:17.902+0000] {processor.py:925} INFO - DAG(s) 'example_branch_operator' retrieved from /home/airflow/.local/lib/python3.12/site-packages/airflow/example_dags/example_branch_operator.py
[2024-09-03T11:41:17.981+0000] {logging_mixin.py:190} INFO - [2024-09-03T11:41:17.980+0000] {dag.py:3211} INFO - Sync 1 DAGs
[2024-09-03T11:41:18.036+0000] {logging_mixin.py:190} INFO - [2024-09-03T11:41:18.035+0000] {dag.py:4138} INFO - Setting next_dagrun for example_branch_operator to 2024-09-02 00:00:00+00:00, run_after=2024-09-03 00:00:00+00:00
[2024-09-03T11:41:18.099+0000] {processor.py:208} INFO - Processing /home/airflow/.local/lib/python3.12/site-packages/airflow/example_dags/example_branch_operator.py took 0.268 seconds
[2024-09-03T11:41:49.381+0000] {processor.py:186} INFO - Started process (PID=1848) to work on /home/airflow/.local/lib/python3.12/site-packages/airflow/example_dags/example_branch_operator.py
[2024-09-03T11:41:49.384+0000] {processor.py:914} INFO - Processing file /home/airflow/.local/lib/python3.12/site-packages/airflow/example_dags/example_branch_operator.py for tasks to queue
[2024-09-03T11:41:49.393+0000] {logging_mixin.py:190} INFO - [2024-09-03T11:41:49.392+0000] {dagbag.py:587} INFO - Filling up the DagBag from /home/airflow/.local/lib/python3.12/site-packages/airflow/example_dags/example_branch_operator.py
[2024-09-03T11:41:49.451+0000] {processor.py:925} INFO - DAG(s) 'example_branch_operator' retrieved from /home/airflow/.local/lib/python3.12/site-packages/airflow/example_dags/example_branch_operator.py
[2024-09-03T11:41:49.510+0000] {logging_mixin.py:190} INFO - [2024-09-03T11:41:49.509+0000] {dag.py:3211} INFO - Sync 1 DAGs
[2024-09-03T11:41:49.559+0000] {logging_mixin.py:190} INFO - [2024-09-03T11:41:49.558+0000] {dag.py:4138} INFO - Setting next_dagrun for example_branch_operator to 2024-09-02 00:00:00+00:00, run_after=2024-09-03 00:00:00+00:00
[2024-09-03T11:41:49.603+0000] {processor.py:208} INFO - Processing /home/airflow/.local/lib/python3.12/site-packages/airflow/example_dags/example_branch_operator.py took 0.237 seconds
[2024-09-03T11:42:20.168+0000] {processor.py:186} INFO - Started process (PID=1911) to work on /home/airflow/.local/lib/python3.12/site-packages/airflow/example_dags/example_branch_operator.py
[2024-09-03T11:42:20.170+0000] {processor.py:914} INFO - Processing file /home/airflow/.local/lib/python3.12/site-packages/airflow/example_dags/example_branch_operator.py for tasks to queue
[2024-09-03T11:42:20.176+0000] {logging_mixin.py:190} INFO - [2024-09-03T11:42:20.175+0000] {dagbag.py:587} INFO - Filling up the DagBag from /home/airflow/.local/lib/python3.12/site-packages/airflow/example_dags/example_branch_operator.py
[2024-09-03T11:42:20.217+0000] {processor.py:925} INFO - DAG(s) 'example_branch_operator' retrieved from /home/airflow/.local/lib/python3.12/site-packages/airflow/example_dags/example_branch_operator.py
[2024-09-03T11:42:20.283+0000] {logging_mixin.py:190} INFO - [2024-09-03T11:42:20.282+0000] {dag.py:3211} INFO - Sync 1 DAGs
[2024-09-03T11:42:20.341+0000] {logging_mixin.py:190} INFO - [2024-09-03T11:42:20.341+0000] {dag.py:4138} INFO - Setting next_dagrun for example_branch_operator to 2024-09-02 00:00:00+00:00, run_after=2024-09-03 00:00:00+00:00
[2024-09-03T11:42:20.391+0000] {processor.py:208} INFO - Processing /home/airflow/.local/lib/python3.12/site-packages/airflow/example_dags/example_branch_operator.py took 0.235 seconds
[2024-09-03T11:42:50.546+0000] {processor.py:186} INFO - Started process (PID=1974) to work on /home/airflow/.local/lib/python3.12/site-packages/airflow/example_dags/example_branch_operator.py
[2024-09-03T11:42:50.547+0000] {processor.py:914} INFO - Processing file /home/airflow/.local/lib/python3.12/site-packages/airflow/example_dags/example_branch_operator.py for tasks to queue
[2024-09-03T11:42:50.552+0000] {logging_mixin.py:190} INFO - [2024-09-03T11:42:50.551+0000] {dagbag.py:587} INFO - Filling up the DagBag from /home/airflow/.local/lib/python3.12/site-packages/airflow/example_dags/example_branch_operator.py
[2024-09-03T11:42:50.585+0000] {processor.py:925} INFO - DAG(s) 'example_branch_operator' retrieved from /home/airflow/.local/lib/python3.12/site-packages/airflow/example_dags/example_branch_operator.py
[2024-09-03T11:42:50.638+0000] {logging_mixin.py:190} INFO - [2024-09-03T11:42:50.637+0000] {dag.py:3211} INFO - Sync 1 DAGs
[2024-09-03T11:42:50.682+0000] {logging_mixin.py:190} INFO - [2024-09-03T11:42:50.681+0000] {dag.py:4138} INFO - Setting next_dagrun for example_branch_operator to 2024-09-02 00:00:00+00:00, run_after=2024-09-03 00:00:00+00:00
[2024-09-03T11:42:50.726+0000] {processor.py:208} INFO - Processing /home/airflow/.local/lib/python3.12/site-packages/airflow/example_dags/example_branch_operator.py took 0.191 seconds
[2024-09-03T11:43:20.883+0000] {processor.py:186} INFO - Started process (PID=2037) to work on /home/airflow/.local/lib/python3.12/site-packages/airflow/example_dags/example_branch_operator.py
[2024-09-03T11:43:20.885+0000] {processor.py:914} INFO - Processing file /home/airflow/.local/lib/python3.12/site-packages/airflow/example_dags/example_branch_operator.py for tasks to queue
[2024-09-03T11:43:20.890+0000] {logging_mixin.py:190} INFO - [2024-09-03T11:43:20.890+0000] {dagbag.py:587} INFO - Filling up the DagBag from /home/airflow/.local/lib/python3.12/site-packages/airflow/example_dags/example_branch_operator.py
[2024-09-03T11:43:20.928+0000] {processor.py:925} INFO - DAG(s) 'example_branch_operator' retrieved from /home/airflow/.local/lib/python3.12/site-packages/airflow/example_dags/example_branch_operator.py
[2024-09-03T11:43:20.983+0000] {logging_mixin.py:190} INFO - [2024-09-03T11:43:20.982+0000] {dag.py:3211} INFO - Sync 1 DAGs
[2024-09-03T11:43:21.027+0000] {logging_mixin.py:190} INFO - [2024-09-03T11:43:21.026+0000] {dag.py:4138} INFO - Setting next_dagrun for example_branch_operator to 2024-09-02 00:00:00+00:00, run_after=2024-09-03 00:00:00+00:00
[2024-09-03T11:43:21.067+0000] {processor.py:208} INFO - Processing /home/airflow/.local/lib/python3.12/site-packages/airflow/example_dags/example_branch_operator.py took 0.195 seconds
[2024-09-03T11:43:51.697+0000] {processor.py:186} INFO - Started process (PID=2100) to work on /home/airflow/.local/lib/python3.12/site-packages/airflow/example_dags/example_branch_operator.py
[2024-09-03T11:43:51.699+0000] {processor.py:914} INFO - Processing file /home/airflow/.local/lib/python3.12/site-packages/airflow/example_dags/example_branch_operator.py for tasks to queue
[2024-09-03T11:43:51.702+0000] {logging_mixin.py:190} INFO - [2024-09-03T11:43:51.702+0000] {dagbag.py:587} INFO - Filling up the DagBag from /home/airflow/.local/lib/python3.12/site-packages/airflow/example_dags/example_branch_operator.py
[2024-09-03T11:43:51.727+0000] {processor.py:925} INFO - DAG(s) 'example_branch_operator' retrieved from /home/airflow/.local/lib/python3.12/site-packages/airflow/example_dags/example_branch_operator.py
[2024-09-03T11:43:51.777+0000] {logging_mixin.py:190} INFO - [2024-09-03T11:43:51.777+0000] {dag.py:3211} INFO - Sync 1 DAGs
[2024-09-03T11:43:51.815+0000] {logging_mixin.py:190} INFO - [2024-09-03T11:43:51.815+0000] {dag.py:4138} INFO - Setting next_dagrun for example_branch_operator to 2024-09-02 00:00:00+00:00, run_after=2024-09-03 00:00:00+00:00
[2024-09-03T11:43:51.847+0000] {processor.py:208} INFO - Processing /home/airflow/.local/lib/python3.12/site-packages/airflow/example_dags/example_branch_operator.py took 0.158 seconds
[2024-09-03T11:44:22.225+0000] {processor.py:186} INFO - Started process (PID=2163) to work on /home/airflow/.local/lib/python3.12/site-packages/airflow/example_dags/example_branch_operator.py
[2024-09-03T11:44:22.227+0000] {processor.py:914} INFO - Processing file /home/airflow/.local/lib/python3.12/site-packages/airflow/example_dags/example_branch_operator.py for tasks to queue
[2024-09-03T11:44:22.230+0000] {logging_mixin.py:190} INFO - [2024-09-03T11:44:22.230+0000] {dagbag.py:587} INFO - Filling up the DagBag from /home/airflow/.local/lib/python3.12/site-packages/airflow/example_dags/example_branch_operator.py
[2024-09-03T11:44:22.252+0000] {processor.py:925} INFO - DAG(s) 'example_branch_operator' retrieved from /home/airflow/.local/lib/python3.12/site-packages/airflow/example_dags/example_branch_operator.py
[2024-09-03T11:44:22.290+0000] {logging_mixin.py:190} INFO - [2024-09-03T11:44:22.290+0000] {dag.py:3211} INFO - Sync 1 DAGs
[2024-09-03T11:44:22.321+0000] {logging_mixin.py:190} INFO - [2024-09-03T11:44:22.320+0000] {dag.py:4138} INFO - Setting next_dagrun for example_branch_operator to 2024-09-02 00:00:00+00:00, run_after=2024-09-03 00:00:00+00:00
[2024-09-03T11:44:22.351+0000] {processor.py:208} INFO - Processing /home/airflow/.local/lib/python3.12/site-packages/airflow/example_dags/example_branch_operator.py took 0.132 seconds
[2024-09-03T11:44:52.509+0000] {processor.py:186} INFO - Started process (PID=2226) to work on /home/airflow/.local/lib/python3.12/site-packages/airflow/example_dags/example_branch_operator.py
[2024-09-03T11:44:52.511+0000] {processor.py:914} INFO - Processing file /home/airflow/.local/lib/python3.12/site-packages/airflow/example_dags/example_branch_operator.py for tasks to queue
[2024-09-03T11:44:52.514+0000] {logging_mixin.py:190} INFO - [2024-09-03T11:44:52.513+0000] {dagbag.py:587} INFO - Filling up the DagBag from /home/airflow/.local/lib/python3.12/site-packages/airflow/example_dags/example_branch_operator.py
[2024-09-03T11:44:52.531+0000] {processor.py:925} INFO - DAG(s) 'example_branch_operator' retrieved from /home/airflow/.local/lib/python3.12/site-packages/airflow/example_dags/example_branch_operator.py
[2024-09-03T11:44:52.563+0000] {logging_mixin.py:190} INFO - [2024-09-03T11:44:52.563+0000] {dag.py:3211} INFO - Sync 1 DAGs
[2024-09-03T11:44:52.588+0000] {logging_mixin.py:190} INFO - [2024-09-03T11:44:52.587+0000] {dag.py:4138} INFO - Setting next_dagrun for example_branch_operator to 2024-09-02 00:00:00+00:00, run_after=2024-09-03 00:00:00+00:00
[2024-09-03T11:44:52.616+0000] {processor.py:208} INFO - Processing /home/airflow/.local/lib/python3.12/site-packages/airflow/example_dags/example_branch_operator.py took 0.111 seconds
[2024-09-03T11:45:23.628+0000] {processor.py:186} INFO - Started process (PID=2289) to work on /home/airflow/.local/lib/python3.12/site-packages/airflow/example_dags/example_branch_operator.py
[2024-09-03T11:45:23.630+0000] {processor.py:914} INFO - Processing file /home/airflow/.local/lib/python3.12/site-packages/airflow/example_dags/example_branch_operator.py for tasks to queue
[2024-09-03T11:45:23.634+0000] {logging_mixin.py:190} INFO - [2024-09-03T11:45:23.633+0000] {dagbag.py:587} INFO - Filling up the DagBag from /home/airflow/.local/lib/python3.12/site-packages/airflow/example_dags/example_branch_operator.py
[2024-09-03T11:45:23.659+0000] {processor.py:925} INFO - DAG(s) 'example_branch_operator' retrieved from /home/airflow/.local/lib/python3.12/site-packages/airflow/example_dags/example_branch_operator.py
[2024-09-03T11:45:23.695+0000] {logging_mixin.py:190} INFO - [2024-09-03T11:45:23.694+0000] {dag.py:3211} INFO - Sync 1 DAGs
[2024-09-03T11:45:23.733+0000] {logging_mixin.py:190} INFO - [2024-09-03T11:45:23.733+0000] {dag.py:4138} INFO - Setting next_dagrun for example_branch_operator to 2024-09-02 00:00:00+00:00, run_after=2024-09-03 00:00:00+00:00
[2024-09-03T11:45:23.772+0000] {processor.py:208} INFO - Processing /home/airflow/.local/lib/python3.12/site-packages/airflow/example_dags/example_branch_operator.py took 0.154 seconds
[2024-09-03T11:45:54.051+0000] {processor.py:186} INFO - Started process (PID=2352) to work on /home/airflow/.local/lib/python3.12/site-packages/airflow/example_dags/example_branch_operator.py
[2024-09-03T11:45:54.053+0000] {processor.py:914} INFO - Processing file /home/airflow/.local/lib/python3.12/site-packages/airflow/example_dags/example_branch_operator.py for tasks to queue
[2024-09-03T11:45:54.057+0000] {logging_mixin.py:190} INFO - [2024-09-03T11:45:54.056+0000] {dagbag.py:587} INFO - Filling up the DagBag from /home/airflow/.local/lib/python3.12/site-packages/airflow/example_dags/example_branch_operator.py
[2024-09-03T11:45:54.076+0000] {processor.py:925} INFO - DAG(s) 'example_branch_operator' retrieved from /home/airflow/.local/lib/python3.12/site-packages/airflow/example_dags/example_branch_operator.py
[2024-09-03T11:45:54.112+0000] {logging_mixin.py:190} INFO - [2024-09-03T11:45:54.111+0000] {dag.py:3211} INFO - Sync 1 DAGs
[2024-09-03T11:45:54.139+0000] {logging_mixin.py:190} INFO - [2024-09-03T11:45:54.139+0000] {dag.py:4138} INFO - Setting next_dagrun for example_branch_operator to 2024-09-02 00:00:00+00:00, run_after=2024-09-03 00:00:00+00:00
[2024-09-03T11:45:54.166+0000] {processor.py:208} INFO - Processing /home/airflow/.local/lib/python3.12/site-packages/airflow/example_dags/example_branch_operator.py took 0.123 seconds
[2024-09-03T11:46:24.491+0000] {processor.py:186} INFO - Started process (PID=2415) to work on /home/airflow/.local/lib/python3.12/site-packages/airflow/example_dags/example_branch_operator.py
[2024-09-03T11:46:24.492+0000] {processor.py:914} INFO - Processing file /home/airflow/.local/lib/python3.12/site-packages/airflow/example_dags/example_branch_operator.py for tasks to queue
[2024-09-03T11:46:24.495+0000] {logging_mixin.py:190} INFO - [2024-09-03T11:46:24.494+0000] {dagbag.py:587} INFO - Filling up the DagBag from /home/airflow/.local/lib/python3.12/site-packages/airflow/example_dags/example_branch_operator.py
[2024-09-03T11:46:24.529+0000] {processor.py:925} INFO - DAG(s) 'example_branch_operator' retrieved from /home/airflow/.local/lib/python3.12/site-packages/airflow/example_dags/example_branch_operator.py
[2024-09-03T11:46:24.572+0000] {logging_mixin.py:190} INFO - [2024-09-03T11:46:24.571+0000] {dag.py:3211} INFO - Sync 1 DAGs
[2024-09-03T11:46:24.601+0000] {logging_mixin.py:190} INFO - [2024-09-03T11:46:24.601+0000] {dag.py:4138} INFO - Setting next_dagrun for example_branch_operator to 2024-09-02 00:00:00+00:00, run_after=2024-09-03 00:00:00+00:00
[2024-09-03T11:46:24.629+0000] {processor.py:208} INFO - Processing /home/airflow/.local/lib/python3.12/site-packages/airflow/example_dags/example_branch_operator.py took 0.143 seconds
[2024-09-03T11:46:55.146+0000] {processor.py:186} INFO - Started process (PID=2479) to work on /home/airflow/.local/lib/python3.12/site-packages/airflow/example_dags/example_branch_operator.py
[2024-09-03T11:46:55.148+0000] {processor.py:914} INFO - Processing file /home/airflow/.local/lib/python3.12/site-packages/airflow/example_dags/example_branch_operator.py for tasks to queue
[2024-09-03T11:46:55.152+0000] {logging_mixin.py:190} INFO - [2024-09-03T11:46:55.151+0000] {dagbag.py:587} INFO - Filling up the DagBag from /home/airflow/.local/lib/python3.12/site-packages/airflow/example_dags/example_branch_operator.py
[2024-09-03T11:46:55.176+0000] {processor.py:925} INFO - DAG(s) 'example_branch_operator' retrieved from /home/airflow/.local/lib/python3.12/site-packages/airflow/example_dags/example_branch_operator.py
[2024-09-03T11:46:55.222+0000] {logging_mixin.py:190} INFO - [2024-09-03T11:46:55.221+0000] {dag.py:3211} INFO - Sync 1 DAGs
[2024-09-03T11:46:55.258+0000] {logging_mixin.py:190} INFO - [2024-09-03T11:46:55.258+0000] {dag.py:4138} INFO - Setting next_dagrun for example_branch_operator to 2024-09-02 00:00:00+00:00, run_after=2024-09-03 00:00:00+00:00
[2024-09-03T11:46:55.291+0000] {processor.py:208} INFO - Processing /home/airflow/.local/lib/python3.12/site-packages/airflow/example_dags/example_branch_operator.py took 0.152 seconds
[2024-09-03T11:47:26.004+0000] {processor.py:186} INFO - Started process (PID=2542) to work on /home/airflow/.local/lib/python3.12/site-packages/airflow/example_dags/example_branch_operator.py
[2024-09-03T11:47:26.009+0000] {processor.py:914} INFO - Processing file /home/airflow/.local/lib/python3.12/site-packages/airflow/example_dags/example_branch_operator.py for tasks to queue
[2024-09-03T11:47:26.013+0000] {logging_mixin.py:190} INFO - [2024-09-03T11:47:26.012+0000] {dagbag.py:587} INFO - Filling up the DagBag from /home/airflow/.local/lib/python3.12/site-packages/airflow/example_dags/example_branch_operator.py
[2024-09-03T11:47:26.055+0000] {processor.py:925} INFO - DAG(s) 'example_branch_operator' retrieved from /home/airflow/.local/lib/python3.12/site-packages/airflow/example_dags/example_branch_operator.py
[2024-09-03T11:47:26.126+0000] {logging_mixin.py:190} INFO - [2024-09-03T11:47:26.125+0000] {dag.py:3211} INFO - Sync 1 DAGs
[2024-09-03T11:47:26.182+0000] {logging_mixin.py:190} INFO - [2024-09-03T11:47:26.182+0000] {dag.py:4138} INFO - Setting next_dagrun for example_branch_operator to 2024-09-02 00:00:00+00:00, run_after=2024-09-03 00:00:00+00:00
[2024-09-03T11:47:26.242+0000] {processor.py:208} INFO - Processing /home/airflow/.local/lib/python3.12/site-packages/airflow/example_dags/example_branch_operator.py took 0.259 seconds
[2024-09-03T11:47:57.034+0000] {processor.py:186} INFO - Started process (PID=2605) to work on /home/airflow/.local/lib/python3.12/site-packages/airflow/example_dags/example_branch_operator.py
[2024-09-03T11:47:57.036+0000] {processor.py:914} INFO - Processing file /home/airflow/.local/lib/python3.12/site-packages/airflow/example_dags/example_branch_operator.py for tasks to queue
[2024-09-03T11:47:57.041+0000] {logging_mixin.py:190} INFO - [2024-09-03T11:47:57.040+0000] {dagbag.py:587} INFO - Filling up the DagBag from /home/airflow/.local/lib/python3.12/site-packages/airflow/example_dags/example_branch_operator.py
[2024-09-03T11:47:57.096+0000] {processor.py:925} INFO - DAG(s) 'example_branch_operator' retrieved from /home/airflow/.local/lib/python3.12/site-packages/airflow/example_dags/example_branch_operator.py
[2024-09-03T11:47:57.167+0000] {logging_mixin.py:190} INFO - [2024-09-03T11:47:57.166+0000] {dag.py:3211} INFO - Sync 1 DAGs
[2024-09-03T11:47:57.219+0000] {logging_mixin.py:190} INFO - [2024-09-03T11:47:57.218+0000] {dag.py:4138} INFO - Setting next_dagrun for example_branch_operator to 2024-09-02 00:00:00+00:00, run_after=2024-09-03 00:00:00+00:00
[2024-09-03T11:47:57.270+0000] {processor.py:208} INFO - Processing /home/airflow/.local/lib/python3.12/site-packages/airflow/example_dags/example_branch_operator.py took 0.249 seconds
[2024-09-03T11:48:27.547+0000] {processor.py:186} INFO - Started process (PID=2668) to work on /home/airflow/.local/lib/python3.12/site-packages/airflow/example_dags/example_branch_operator.py
[2024-09-03T11:48:27.549+0000] {processor.py:914} INFO - Processing file /home/airflow/.local/lib/python3.12/site-packages/airflow/example_dags/example_branch_operator.py for tasks to queue
[2024-09-03T11:48:27.554+0000] {logging_mixin.py:190} INFO - [2024-09-03T11:48:27.553+0000] {dagbag.py:587} INFO - Filling up the DagBag from /home/airflow/.local/lib/python3.12/site-packages/airflow/example_dags/example_branch_operator.py
[2024-09-03T11:48:27.585+0000] {processor.py:925} INFO - DAG(s) 'example_branch_operator' retrieved from /home/airflow/.local/lib/python3.12/site-packages/airflow/example_dags/example_branch_operator.py
[2024-09-03T11:48:27.637+0000] {logging_mixin.py:190} INFO - [2024-09-03T11:48:27.636+0000] {dag.py:3211} INFO - Sync 1 DAGs
[2024-09-03T11:48:27.682+0000] {logging_mixin.py:190} INFO - [2024-09-03T11:48:27.681+0000] {dag.py:4138} INFO - Setting next_dagrun for example_branch_operator to 2024-09-02 00:00:00+00:00, run_after=2024-09-03 00:00:00+00:00
[2024-09-03T11:48:27.724+0000] {processor.py:208} INFO - Processing /home/airflow/.local/lib/python3.12/site-packages/airflow/example_dags/example_branch_operator.py took 0.184 seconds
[2024-09-03T11:48:57.897+0000] {processor.py:186} INFO - Started process (PID=2731) to work on /home/airflow/.local/lib/python3.12/site-packages/airflow/example_dags/example_branch_operator.py
[2024-09-03T11:48:57.900+0000] {processor.py:914} INFO - Processing file /home/airflow/.local/lib/python3.12/site-packages/airflow/example_dags/example_branch_operator.py for tasks to queue
[2024-09-03T11:48:57.907+0000] {logging_mixin.py:190} INFO - [2024-09-03T11:48:57.906+0000] {dagbag.py:587} INFO - Filling up the DagBag from /home/airflow/.local/lib/python3.12/site-packages/airflow/example_dags/example_branch_operator.py
[2024-09-03T11:48:57.953+0000] {processor.py:925} INFO - DAG(s) 'example_branch_operator' retrieved from /home/airflow/.local/lib/python3.12/site-packages/airflow/example_dags/example_branch_operator.py
[2024-09-03T11:48:58.013+0000] {logging_mixin.py:190} INFO - [2024-09-03T11:48:58.013+0000] {dag.py:3211} INFO - Sync 1 DAGs
[2024-09-03T11:48:58.067+0000] {logging_mixin.py:190} INFO - [2024-09-03T11:48:58.066+0000] {dag.py:4138} INFO - Setting next_dagrun for example_branch_operator to 2024-09-02 00:00:00+00:00, run_after=2024-09-03 00:00:00+00:00
[2024-09-03T11:48:58.121+0000] {processor.py:208} INFO - Processing /home/airflow/.local/lib/python3.12/site-packages/airflow/example_dags/example_branch_operator.py took 0.233 seconds
[2024-09-03T11:49:28.914+0000] {processor.py:186} INFO - Started process (PID=2794) to work on /home/airflow/.local/lib/python3.12/site-packages/airflow/example_dags/example_branch_operator.py
[2024-09-03T11:49:28.916+0000] {processor.py:914} INFO - Processing file /home/airflow/.local/lib/python3.12/site-packages/airflow/example_dags/example_branch_operator.py for tasks to queue
[2024-09-03T11:49:28.921+0000] {logging_mixin.py:190} INFO - [2024-09-03T11:49:28.920+0000] {dagbag.py:587} INFO - Filling up the DagBag from /home/airflow/.local/lib/python3.12/site-packages/airflow/example_dags/example_branch_operator.py
[2024-09-03T11:49:29.067+0000] {processor.py:925} INFO - DAG(s) 'example_branch_operator' retrieved from /home/airflow/.local/lib/python3.12/site-packages/airflow/example_dags/example_branch_operator.py
[2024-09-03T11:49:29.232+0000] {logging_mixin.py:190} INFO - [2024-09-03T11:49:29.232+0000] {dag.py:3211} INFO - Sync 1 DAGs
[2024-09-03T11:49:29.355+0000] {logging_mixin.py:190} INFO - [2024-09-03T11:49:29.354+0000] {dag.py:4138} INFO - Setting next_dagrun for example_branch_operator to 2024-09-02 00:00:00+00:00, run_after=2024-09-03 00:00:00+00:00
[2024-09-03T11:49:29.455+0000] {processor.py:208} INFO - Processing /home/airflow/.local/lib/python3.12/site-packages/airflow/example_dags/example_branch_operator.py took 0.573 seconds
[2024-09-03T11:49:59.595+0000] {processor.py:186} INFO - Started process (PID=2858) to work on /home/airflow/.local/lib/python3.12/site-packages/airflow/example_dags/example_branch_operator.py
[2024-09-03T11:49:59.598+0000] {processor.py:914} INFO - Processing file /home/airflow/.local/lib/python3.12/site-packages/airflow/example_dags/example_branch_operator.py for tasks to queue
[2024-09-03T11:49:59.606+0000] {logging_mixin.py:190} INFO - [2024-09-03T11:49:59.602+0000] {dagbag.py:587} INFO - Filling up the DagBag from /home/airflow/.local/lib/python3.12/site-packages/airflow/example_dags/example_branch_operator.py
[2024-09-03T11:49:59.646+0000] {processor.py:925} INFO - DAG(s) 'example_branch_operator' retrieved from /home/airflow/.local/lib/python3.12/site-packages/airflow/example_dags/example_branch_operator.py
[2024-09-03T11:49:59.696+0000] {logging_mixin.py:190} INFO - [2024-09-03T11:49:59.696+0000] {dag.py:3211} INFO - Sync 1 DAGs
[2024-09-03T11:49:59.773+0000] {logging_mixin.py:190} INFO - [2024-09-03T11:49:59.772+0000] {dag.py:4138} INFO - Setting next_dagrun for example_branch_operator to 2024-09-02 00:00:00+00:00, run_after=2024-09-03 00:00:00+00:00
[2024-09-03T11:49:59.834+0000] {processor.py:208} INFO - Processing /home/airflow/.local/lib/python3.12/site-packages/airflow/example_dags/example_branch_operator.py took 0.257 seconds
[2024-09-03T11:50:30.047+0000] {processor.py:186} INFO - Started process (PID=2921) to work on /home/airflow/.local/lib/python3.12/site-packages/airflow/example_dags/example_branch_operator.py
[2024-09-03T11:50:30.050+0000] {processor.py:914} INFO - Processing file /home/airflow/.local/lib/python3.12/site-packages/airflow/example_dags/example_branch_operator.py for tasks to queue
[2024-09-03T11:50:30.056+0000] {logging_mixin.py:190} INFO - [2024-09-03T11:50:30.055+0000] {dagbag.py:587} INFO - Filling up the DagBag from /home/airflow/.local/lib/python3.12/site-packages/airflow/example_dags/example_branch_operator.py
[2024-09-03T11:50:30.096+0000] {processor.py:925} INFO - DAG(s) 'example_branch_operator' retrieved from /home/airflow/.local/lib/python3.12/site-packages/airflow/example_dags/example_branch_operator.py
[2024-09-03T11:50:30.145+0000] {logging_mixin.py:190} INFO - [2024-09-03T11:50:30.144+0000] {dag.py:3211} INFO - Sync 1 DAGs
[2024-09-03T11:50:30.195+0000] {logging_mixin.py:190} INFO - [2024-09-03T11:50:30.194+0000] {dag.py:4138} INFO - Setting next_dagrun for example_branch_operator to 2024-09-02 00:00:00+00:00, run_after=2024-09-03 00:00:00+00:00
[2024-09-03T11:50:30.252+0000] {processor.py:208} INFO - Processing /home/airflow/.local/lib/python3.12/site-packages/airflow/example_dags/example_branch_operator.py took 0.214 seconds
