[2024-09-03T11:27:35.515+0000] {processor.py:186} INFO - Started process (PID=104) to work on /home/airflow/.local/lib/python3.12/site-packages/airflow/example_dags/example_external_task_marker_dag.py
[2024-09-03T11:27:35.517+0000] {processor.py:914} INFO - Processing file /home/airflow/.local/lib/python3.12/site-packages/airflow/example_dags/example_external_task_marker_dag.py for tasks to queue
[2024-09-03T11:27:35.520+0000] {logging_mixin.py:190} INFO - [2024-09-03T11:27:35.520+0000] {dagbag.py:587} INFO - Filling up the DagBag from /home/airflow/.local/lib/python3.12/site-packages/airflow/example_dags/example_external_task_marker_dag.py
[2024-09-03T11:27:35.531+0000] {processor.py:925} INFO - DAG(s) 'example_external_task_marker_child', 'example_external_task_marker_parent' retrieved from /home/airflow/.local/lib/python3.12/site-packages/airflow/example_dags/example_external_task_marker_dag.py
[2024-09-03T11:27:35.560+0000] {logging_mixin.py:190} INFO - [2024-09-03T11:27:35.560+0000] {dag.py:3211} INFO - Sync 2 DAGs
[2024-09-03T11:27:35.577+0000] {logging_mixin.py:190} INFO - [2024-09-03T11:27:35.576+0000] {dag.py:4138} INFO - Setting next_dagrun for example_external_task_marker_child to None, run_after=None
[2024-09-03T11:27:35.584+0000] {logging_mixin.py:190} INFO - [2024-09-03T11:27:35.584+0000] {dag.py:4138} INFO - Setting next_dagrun for example_external_task_marker_parent to None, run_after=None
[2024-09-03T11:27:35.608+0000] {processor.py:208} INFO - Processing /home/airflow/.local/lib/python3.12/site-packages/airflow/example_dags/example_external_task_marker_dag.py took 0.099 seconds
[2024-09-03T11:28:06.100+0000] {processor.py:186} INFO - Started process (PID=171) to work on /home/airflow/.local/lib/python3.12/site-packages/airflow/example_dags/example_external_task_marker_dag.py
[2024-09-03T11:28:06.102+0000] {processor.py:914} INFO - Processing file /home/airflow/.local/lib/python3.12/site-packages/airflow/example_dags/example_external_task_marker_dag.py for tasks to queue
[2024-09-03T11:28:06.104+0000] {logging_mixin.py:190} INFO - [2024-09-03T11:28:06.104+0000] {dagbag.py:587} INFO - Filling up the DagBag from /home/airflow/.local/lib/python3.12/site-packages/airflow/example_dags/example_external_task_marker_dag.py
[2024-09-03T11:28:06.116+0000] {processor.py:925} INFO - DAG(s) 'example_external_task_marker_parent', 'example_external_task_marker_child' retrieved from /home/airflow/.local/lib/python3.12/site-packages/airflow/example_dags/example_external_task_marker_dag.py
[2024-09-03T11:28:06.149+0000] {logging_mixin.py:190} INFO - [2024-09-03T11:28:06.148+0000] {dag.py:3211} INFO - Sync 2 DAGs
[2024-09-03T11:28:06.167+0000] {logging_mixin.py:190} INFO - [2024-09-03T11:28:06.167+0000] {dag.py:4138} INFO - Setting next_dagrun for example_external_task_marker_child to None, run_after=None
[2024-09-03T11:28:06.173+0000] {logging_mixin.py:190} INFO - [2024-09-03T11:28:06.172+0000] {dag.py:4138} INFO - Setting next_dagrun for example_external_task_marker_parent to None, run_after=None
[2024-09-03T11:28:06.198+0000] {processor.py:208} INFO - Processing /home/airflow/.local/lib/python3.12/site-packages/airflow/example_dags/example_external_task_marker_dag.py took 0.105 seconds
[2024-09-03T11:28:36.377+0000] {processor.py:186} INFO - Started process (PID=238) to work on /home/airflow/.local/lib/python3.12/site-packages/airflow/example_dags/example_external_task_marker_dag.py
[2024-09-03T11:28:36.378+0000] {processor.py:914} INFO - Processing file /home/airflow/.local/lib/python3.12/site-packages/airflow/example_dags/example_external_task_marker_dag.py for tasks to queue
[2024-09-03T11:28:36.380+0000] {logging_mixin.py:190} INFO - [2024-09-03T11:28:36.380+0000] {dagbag.py:587} INFO - Filling up the DagBag from /home/airflow/.local/lib/python3.12/site-packages/airflow/example_dags/example_external_task_marker_dag.py
[2024-09-03T11:28:36.388+0000] {processor.py:925} INFO - DAG(s) 'example_external_task_marker_child', 'example_external_task_marker_parent' retrieved from /home/airflow/.local/lib/python3.12/site-packages/airflow/example_dags/example_external_task_marker_dag.py
[2024-09-03T11:28:36.413+0000] {logging_mixin.py:190} INFO - [2024-09-03T11:28:36.412+0000] {dag.py:3211} INFO - Sync 2 DAGs
[2024-09-03T11:28:36.427+0000] {logging_mixin.py:190} INFO - [2024-09-03T11:28:36.427+0000] {dag.py:4138} INFO - Setting next_dagrun for example_external_task_marker_child to None, run_after=None
[2024-09-03T11:28:36.432+0000] {logging_mixin.py:190} INFO - [2024-09-03T11:28:36.432+0000] {dag.py:4138} INFO - Setting next_dagrun for example_external_task_marker_parent to None, run_after=None
[2024-09-03T11:28:36.454+0000] {processor.py:208} INFO - Processing /home/airflow/.local/lib/python3.12/site-packages/airflow/example_dags/example_external_task_marker_dag.py took 0.082 seconds
[2024-09-03T11:29:07.856+0000] {processor.py:186} INFO - Started process (PID=301) to work on /home/airflow/.local/lib/python3.12/site-packages/airflow/example_dags/example_external_task_marker_dag.py
[2024-09-03T11:29:07.857+0000] {processor.py:914} INFO - Processing file /home/airflow/.local/lib/python3.12/site-packages/airflow/example_dags/example_external_task_marker_dag.py for tasks to queue
[2024-09-03T11:29:07.862+0000] {logging_mixin.py:190} INFO - [2024-09-03T11:29:07.862+0000] {dagbag.py:587} INFO - Filling up the DagBag from /home/airflow/.local/lib/python3.12/site-packages/airflow/example_dags/example_external_task_marker_dag.py
[2024-09-03T11:29:07.877+0000] {processor.py:925} INFO - DAG(s) 'example_external_task_marker_child', 'example_external_task_marker_parent' retrieved from /home/airflow/.local/lib/python3.12/site-packages/airflow/example_dags/example_external_task_marker_dag.py
[2024-09-03T11:29:07.910+0000] {logging_mixin.py:190} INFO - [2024-09-03T11:29:07.910+0000] {dag.py:3211} INFO - Sync 2 DAGs
[2024-09-03T11:29:07.930+0000] {logging_mixin.py:190} INFO - [2024-09-03T11:29:07.930+0000] {dag.py:4138} INFO - Setting next_dagrun for example_external_task_marker_child to None, run_after=None
[2024-09-03T11:29:07.938+0000] {logging_mixin.py:190} INFO - [2024-09-03T11:29:07.937+0000] {dag.py:4138} INFO - Setting next_dagrun for example_external_task_marker_parent to None, run_after=None
[2024-09-03T11:29:07.964+0000] {processor.py:208} INFO - Processing /home/airflow/.local/lib/python3.12/site-packages/airflow/example_dags/example_external_task_marker_dag.py took 0.120 seconds
[2024-09-03T11:29:40.010+0000] {processor.py:186} INFO - Started process (PID=364) to work on /home/airflow/.local/lib/python3.12/site-packages/airflow/example_dags/example_external_task_marker_dag.py
[2024-09-03T11:29:40.012+0000] {processor.py:914} INFO - Processing file /home/airflow/.local/lib/python3.12/site-packages/airflow/example_dags/example_external_task_marker_dag.py for tasks to queue
[2024-09-03T11:29:40.015+0000] {logging_mixin.py:190} INFO - [2024-09-03T11:29:40.014+0000] {dagbag.py:587} INFO - Filling up the DagBag from /home/airflow/.local/lib/python3.12/site-packages/airflow/example_dags/example_external_task_marker_dag.py
[2024-09-03T11:29:40.024+0000] {processor.py:925} INFO - DAG(s) 'example_external_task_marker_child', 'example_external_task_marker_parent' retrieved from /home/airflow/.local/lib/python3.12/site-packages/airflow/example_dags/example_external_task_marker_dag.py
[2024-09-03T11:29:40.055+0000] {logging_mixin.py:190} INFO - [2024-09-03T11:29:40.055+0000] {dag.py:3211} INFO - Sync 2 DAGs
[2024-09-03T11:29:40.074+0000] {logging_mixin.py:190} INFO - [2024-09-03T11:29:40.073+0000] {dag.py:4138} INFO - Setting next_dagrun for example_external_task_marker_child to None, run_after=None
[2024-09-03T11:29:40.081+0000] {logging_mixin.py:190} INFO - [2024-09-03T11:29:40.080+0000] {dag.py:4138} INFO - Setting next_dagrun for example_external_task_marker_parent to None, run_after=None
[2024-09-03T11:29:40.112+0000] {processor.py:208} INFO - Processing /home/airflow/.local/lib/python3.12/site-packages/airflow/example_dags/example_external_task_marker_dag.py took 0.107 seconds
[2024-09-03T11:30:10.828+0000] {processor.py:186} INFO - Started process (PID=427) to work on /home/airflow/.local/lib/python3.12/site-packages/airflow/example_dags/example_external_task_marker_dag.py
[2024-09-03T11:30:10.830+0000] {processor.py:914} INFO - Processing file /home/airflow/.local/lib/python3.12/site-packages/airflow/example_dags/example_external_task_marker_dag.py for tasks to queue
[2024-09-03T11:30:10.833+0000] {logging_mixin.py:190} INFO - [2024-09-03T11:30:10.832+0000] {dagbag.py:587} INFO - Filling up the DagBag from /home/airflow/.local/lib/python3.12/site-packages/airflow/example_dags/example_external_task_marker_dag.py
[2024-09-03T11:30:10.841+0000] {processor.py:925} INFO - DAG(s) 'example_external_task_marker_parent', 'example_external_task_marker_child' retrieved from /home/airflow/.local/lib/python3.12/site-packages/airflow/example_dags/example_external_task_marker_dag.py
[2024-09-03T11:30:10.873+0000] {logging_mixin.py:190} INFO - [2024-09-03T11:30:10.873+0000] {dag.py:3211} INFO - Sync 2 DAGs
[2024-09-03T11:30:10.894+0000] {logging_mixin.py:190} INFO - [2024-09-03T11:30:10.893+0000] {dag.py:4138} INFO - Setting next_dagrun for example_external_task_marker_child to None, run_after=None
[2024-09-03T11:30:10.899+0000] {logging_mixin.py:190} INFO - [2024-09-03T11:30:10.899+0000] {dag.py:4138} INFO - Setting next_dagrun for example_external_task_marker_parent to None, run_after=None
[2024-09-03T11:30:10.931+0000] {processor.py:208} INFO - Processing /home/airflow/.local/lib/python3.12/site-packages/airflow/example_dags/example_external_task_marker_dag.py took 0.108 seconds
[2024-09-03T11:30:41.644+0000] {processor.py:186} INFO - Started process (PID=489) to work on /home/airflow/.local/lib/python3.12/site-packages/airflow/example_dags/example_external_task_marker_dag.py
[2024-09-03T11:30:41.645+0000] {processor.py:914} INFO - Processing file /home/airflow/.local/lib/python3.12/site-packages/airflow/example_dags/example_external_task_marker_dag.py for tasks to queue
[2024-09-03T11:30:41.649+0000] {logging_mixin.py:190} INFO - [2024-09-03T11:30:41.648+0000] {dagbag.py:587} INFO - Filling up the DagBag from /home/airflow/.local/lib/python3.12/site-packages/airflow/example_dags/example_external_task_marker_dag.py
[2024-09-03T11:30:41.664+0000] {processor.py:925} INFO - DAG(s) 'example_external_task_marker_parent', 'example_external_task_marker_child' retrieved from /home/airflow/.local/lib/python3.12/site-packages/airflow/example_dags/example_external_task_marker_dag.py
[2024-09-03T11:30:41.700+0000] {logging_mixin.py:190} INFO - [2024-09-03T11:30:41.699+0000] {dag.py:3211} INFO - Sync 2 DAGs
[2024-09-03T11:30:41.722+0000] {logging_mixin.py:190} INFO - [2024-09-03T11:30:41.721+0000] {dag.py:4138} INFO - Setting next_dagrun for example_external_task_marker_child to None, run_after=None
[2024-09-03T11:30:41.729+0000] {logging_mixin.py:190} INFO - [2024-09-03T11:30:41.728+0000] {dag.py:4138} INFO - Setting next_dagrun for example_external_task_marker_parent to None, run_after=None
[2024-09-03T11:30:41.769+0000] {processor.py:208} INFO - Processing /home/airflow/.local/lib/python3.12/site-packages/airflow/example_dags/example_external_task_marker_dag.py took 0.132 seconds
[2024-09-03T11:31:13.280+0000] {processor.py:186} INFO - Started process (PID=554) to work on /home/airflow/.local/lib/python3.12/site-packages/airflow/example_dags/example_external_task_marker_dag.py
[2024-09-03T11:31:13.281+0000] {processor.py:914} INFO - Processing file /home/airflow/.local/lib/python3.12/site-packages/airflow/example_dags/example_external_task_marker_dag.py for tasks to queue
[2024-09-03T11:31:13.286+0000] {logging_mixin.py:190} INFO - [2024-09-03T11:31:13.285+0000] {dagbag.py:587} INFO - Filling up the DagBag from /home/airflow/.local/lib/python3.12/site-packages/airflow/example_dags/example_external_task_marker_dag.py
[2024-09-03T11:31:13.303+0000] {processor.py:925} INFO - DAG(s) 'example_external_task_marker_child', 'example_external_task_marker_parent' retrieved from /home/airflow/.local/lib/python3.12/site-packages/airflow/example_dags/example_external_task_marker_dag.py
[2024-09-03T11:31:13.340+0000] {logging_mixin.py:190} INFO - [2024-09-03T11:31:13.340+0000] {dag.py:3211} INFO - Sync 2 DAGs
[2024-09-03T11:31:13.358+0000] {logging_mixin.py:190} INFO - [2024-09-03T11:31:13.358+0000] {dag.py:4138} INFO - Setting next_dagrun for example_external_task_marker_child to None, run_after=None
[2024-09-03T11:31:13.362+0000] {logging_mixin.py:190} INFO - [2024-09-03T11:31:13.362+0000] {dag.py:4138} INFO - Setting next_dagrun for example_external_task_marker_parent to None, run_after=None
[2024-09-03T11:31:13.386+0000] {processor.py:208} INFO - Processing /home/airflow/.local/lib/python3.12/site-packages/airflow/example_dags/example_external_task_marker_dag.py took 0.113 seconds
[2024-09-03T11:31:44.466+0000] {processor.py:186} INFO - Started process (PID=617) to work on /home/airflow/.local/lib/python3.12/site-packages/airflow/example_dags/example_external_task_marker_dag.py
[2024-09-03T11:31:44.467+0000] {processor.py:914} INFO - Processing file /home/airflow/.local/lib/python3.12/site-packages/airflow/example_dags/example_external_task_marker_dag.py for tasks to queue
[2024-09-03T11:31:44.470+0000] {logging_mixin.py:190} INFO - [2024-09-03T11:31:44.469+0000] {dagbag.py:587} INFO - Filling up the DagBag from /home/airflow/.local/lib/python3.12/site-packages/airflow/example_dags/example_external_task_marker_dag.py
[2024-09-03T11:31:44.479+0000] {processor.py:925} INFO - DAG(s) 'example_external_task_marker_parent', 'example_external_task_marker_child' retrieved from /home/airflow/.local/lib/python3.12/site-packages/airflow/example_dags/example_external_task_marker_dag.py
[2024-09-03T11:31:44.507+0000] {logging_mixin.py:190} INFO - [2024-09-03T11:31:44.507+0000] {dag.py:3211} INFO - Sync 2 DAGs
[2024-09-03T11:31:44.522+0000] {logging_mixin.py:190} INFO - [2024-09-03T11:31:44.522+0000] {dag.py:4138} INFO - Setting next_dagrun for example_external_task_marker_child to None, run_after=None
[2024-09-03T11:31:44.527+0000] {logging_mixin.py:190} INFO - [2024-09-03T11:31:44.527+0000] {dag.py:4138} INFO - Setting next_dagrun for example_external_task_marker_parent to None, run_after=None
[2024-09-03T11:31:44.549+0000] {processor.py:208} INFO - Processing /home/airflow/.local/lib/python3.12/site-packages/airflow/example_dags/example_external_task_marker_dag.py took 0.089 seconds
[2024-09-03T11:32:15.440+0000] {processor.py:186} INFO - Started process (PID=680) to work on /home/airflow/.local/lib/python3.12/site-packages/airflow/example_dags/example_external_task_marker_dag.py
[2024-09-03T11:32:15.442+0000] {processor.py:914} INFO - Processing file /home/airflow/.local/lib/python3.12/site-packages/airflow/example_dags/example_external_task_marker_dag.py for tasks to queue
[2024-09-03T11:32:15.446+0000] {logging_mixin.py:190} INFO - [2024-09-03T11:32:15.445+0000] {dagbag.py:587} INFO - Filling up the DagBag from /home/airflow/.local/lib/python3.12/site-packages/airflow/example_dags/example_external_task_marker_dag.py
[2024-09-03T11:32:15.460+0000] {processor.py:925} INFO - DAG(s) 'example_external_task_marker_parent', 'example_external_task_marker_child' retrieved from /home/airflow/.local/lib/python3.12/site-packages/airflow/example_dags/example_external_task_marker_dag.py
[2024-09-03T11:32:15.504+0000] {logging_mixin.py:190} INFO - [2024-09-03T11:32:15.503+0000] {dag.py:3211} INFO - Sync 2 DAGs
[2024-09-03T11:32:15.536+0000] {logging_mixin.py:190} INFO - [2024-09-03T11:32:15.536+0000] {dag.py:4138} INFO - Setting next_dagrun for example_external_task_marker_child to None, run_after=None
[2024-09-03T11:32:15.545+0000] {logging_mixin.py:190} INFO - [2024-09-03T11:32:15.545+0000] {dag.py:4138} INFO - Setting next_dagrun for example_external_task_marker_parent to None, run_after=None
[2024-09-03T11:32:15.580+0000] {processor.py:208} INFO - Processing /home/airflow/.local/lib/python3.12/site-packages/airflow/example_dags/example_external_task_marker_dag.py took 0.148 seconds
[2024-09-03T11:32:46.551+0000] {processor.py:186} INFO - Started process (PID=743) to work on /home/airflow/.local/lib/python3.12/site-packages/airflow/example_dags/example_external_task_marker_dag.py
[2024-09-03T11:32:46.552+0000] {processor.py:914} INFO - Processing file /home/airflow/.local/lib/python3.12/site-packages/airflow/example_dags/example_external_task_marker_dag.py for tasks to queue
[2024-09-03T11:32:46.556+0000] {logging_mixin.py:190} INFO - [2024-09-03T11:32:46.555+0000] {dagbag.py:587} INFO - Filling up the DagBag from /home/airflow/.local/lib/python3.12/site-packages/airflow/example_dags/example_external_task_marker_dag.py
[2024-09-03T11:32:46.565+0000] {processor.py:925} INFO - DAG(s) 'example_external_task_marker_child', 'example_external_task_marker_parent' retrieved from /home/airflow/.local/lib/python3.12/site-packages/airflow/example_dags/example_external_task_marker_dag.py
[2024-09-03T11:32:46.594+0000] {logging_mixin.py:190} INFO - [2024-09-03T11:32:46.594+0000] {dag.py:3211} INFO - Sync 2 DAGs
[2024-09-03T11:32:46.610+0000] {logging_mixin.py:190} INFO - [2024-09-03T11:32:46.610+0000] {dag.py:4138} INFO - Setting next_dagrun for example_external_task_marker_child to None, run_after=None
[2024-09-03T11:32:46.615+0000] {logging_mixin.py:190} INFO - [2024-09-03T11:32:46.615+0000] {dag.py:4138} INFO - Setting next_dagrun for example_external_task_marker_parent to None, run_after=None
[2024-09-03T11:32:46.641+0000] {processor.py:208} INFO - Processing /home/airflow/.local/lib/python3.12/site-packages/airflow/example_dags/example_external_task_marker_dag.py took 0.096 seconds
[2024-09-03T11:33:17.061+0000] {processor.py:186} INFO - Started process (PID=806) to work on /home/airflow/.local/lib/python3.12/site-packages/airflow/example_dags/example_external_task_marker_dag.py
[2024-09-03T11:33:17.062+0000] {processor.py:914} INFO - Processing file /home/airflow/.local/lib/python3.12/site-packages/airflow/example_dags/example_external_task_marker_dag.py for tasks to queue
[2024-09-03T11:33:17.065+0000] {logging_mixin.py:190} INFO - [2024-09-03T11:33:17.064+0000] {dagbag.py:587} INFO - Filling up the DagBag from /home/airflow/.local/lib/python3.12/site-packages/airflow/example_dags/example_external_task_marker_dag.py
[2024-09-03T11:33:17.072+0000] {processor.py:925} INFO - DAG(s) 'example_external_task_marker_parent', 'example_external_task_marker_child' retrieved from /home/airflow/.local/lib/python3.12/site-packages/airflow/example_dags/example_external_task_marker_dag.py
[2024-09-03T11:33:17.099+0000] {logging_mixin.py:190} INFO - [2024-09-03T11:33:17.099+0000] {dag.py:3211} INFO - Sync 2 DAGs
[2024-09-03T11:33:17.115+0000] {logging_mixin.py:190} INFO - [2024-09-03T11:33:17.114+0000] {dag.py:4138} INFO - Setting next_dagrun for example_external_task_marker_child to None, run_after=None
[2024-09-03T11:33:17.120+0000] {logging_mixin.py:190} INFO - [2024-09-03T11:33:17.119+0000] {dag.py:4138} INFO - Setting next_dagrun for example_external_task_marker_parent to None, run_after=None
[2024-09-03T11:33:17.142+0000] {processor.py:208} INFO - Processing /home/airflow/.local/lib/python3.12/site-packages/airflow/example_dags/example_external_task_marker_dag.py took 0.086 seconds
[2024-09-03T11:33:48.341+0000] {processor.py:186} INFO - Started process (PID=869) to work on /home/airflow/.local/lib/python3.12/site-packages/airflow/example_dags/example_external_task_marker_dag.py
[2024-09-03T11:33:48.343+0000] {processor.py:914} INFO - Processing file /home/airflow/.local/lib/python3.12/site-packages/airflow/example_dags/example_external_task_marker_dag.py for tasks to queue
[2024-09-03T11:33:48.346+0000] {logging_mixin.py:190} INFO - [2024-09-03T11:33:48.346+0000] {dagbag.py:587} INFO - Filling up the DagBag from /home/airflow/.local/lib/python3.12/site-packages/airflow/example_dags/example_external_task_marker_dag.py
[2024-09-03T11:33:48.354+0000] {processor.py:925} INFO - DAG(s) 'example_external_task_marker_child', 'example_external_task_marker_parent' retrieved from /home/airflow/.local/lib/python3.12/site-packages/airflow/example_dags/example_external_task_marker_dag.py
[2024-09-03T11:33:48.395+0000] {logging_mixin.py:190} INFO - [2024-09-03T11:33:48.395+0000] {dag.py:3211} INFO - Sync 2 DAGs
[2024-09-03T11:33:48.421+0000] {logging_mixin.py:190} INFO - [2024-09-03T11:33:48.420+0000] {dag.py:4138} INFO - Setting next_dagrun for example_external_task_marker_child to None, run_after=None
[2024-09-03T11:33:48.427+0000] {logging_mixin.py:190} INFO - [2024-09-03T11:33:48.426+0000] {dag.py:4138} INFO - Setting next_dagrun for example_external_task_marker_parent to None, run_after=None
[2024-09-03T11:33:48.457+0000] {processor.py:208} INFO - Processing /home/airflow/.local/lib/python3.12/site-packages/airflow/example_dags/example_external_task_marker_dag.py took 0.122 seconds
[2024-09-03T11:34:19.725+0000] {processor.py:186} INFO - Started process (PID=932) to work on /home/airflow/.local/lib/python3.12/site-packages/airflow/example_dags/example_external_task_marker_dag.py
[2024-09-03T11:34:19.726+0000] {processor.py:914} INFO - Processing file /home/airflow/.local/lib/python3.12/site-packages/airflow/example_dags/example_external_task_marker_dag.py for tasks to queue
[2024-09-03T11:34:19.729+0000] {logging_mixin.py:190} INFO - [2024-09-03T11:34:19.729+0000] {dagbag.py:587} INFO - Filling up the DagBag from /home/airflow/.local/lib/python3.12/site-packages/airflow/example_dags/example_external_task_marker_dag.py
[2024-09-03T11:34:19.739+0000] {processor.py:925} INFO - DAG(s) 'example_external_task_marker_parent', 'example_external_task_marker_child' retrieved from /home/airflow/.local/lib/python3.12/site-packages/airflow/example_dags/example_external_task_marker_dag.py
[2024-09-03T11:34:19.777+0000] {logging_mixin.py:190} INFO - [2024-09-03T11:34:19.777+0000] {dag.py:3211} INFO - Sync 2 DAGs
[2024-09-03T11:34:19.796+0000] {logging_mixin.py:190} INFO - [2024-09-03T11:34:19.796+0000] {dag.py:4138} INFO - Setting next_dagrun for example_external_task_marker_child to None, run_after=None
[2024-09-03T11:34:19.802+0000] {logging_mixin.py:190} INFO - [2024-09-03T11:34:19.802+0000] {dag.py:4138} INFO - Setting next_dagrun for example_external_task_marker_parent to None, run_after=None
[2024-09-03T11:34:19.827+0000] {processor.py:208} INFO - Processing /home/airflow/.local/lib/python3.12/site-packages/airflow/example_dags/example_external_task_marker_dag.py took 0.108 seconds
[2024-09-03T11:34:50.072+0000] {processor.py:186} INFO - Started process (PID=995) to work on /home/airflow/.local/lib/python3.12/site-packages/airflow/example_dags/example_external_task_marker_dag.py
[2024-09-03T11:34:50.073+0000] {processor.py:914} INFO - Processing file /home/airflow/.local/lib/python3.12/site-packages/airflow/example_dags/example_external_task_marker_dag.py for tasks to queue
[2024-09-03T11:34:50.076+0000] {logging_mixin.py:190} INFO - [2024-09-03T11:34:50.076+0000] {dagbag.py:587} INFO - Filling up the DagBag from /home/airflow/.local/lib/python3.12/site-packages/airflow/example_dags/example_external_task_marker_dag.py
[2024-09-03T11:34:50.084+0000] {processor.py:925} INFO - DAG(s) 'example_external_task_marker_parent', 'example_external_task_marker_child' retrieved from /home/airflow/.local/lib/python3.12/site-packages/airflow/example_dags/example_external_task_marker_dag.py
[2024-09-03T11:34:50.115+0000] {logging_mixin.py:190} INFO - [2024-09-03T11:34:50.115+0000] {dag.py:3211} INFO - Sync 2 DAGs
[2024-09-03T11:34:50.130+0000] {logging_mixin.py:190} INFO - [2024-09-03T11:34:50.130+0000] {dag.py:4138} INFO - Setting next_dagrun for example_external_task_marker_child to None, run_after=None
[2024-09-03T11:34:50.135+0000] {logging_mixin.py:190} INFO - [2024-09-03T11:34:50.135+0000] {dag.py:4138} INFO - Setting next_dagrun for example_external_task_marker_parent to None, run_after=None
[2024-09-03T11:34:50.160+0000] {processor.py:208} INFO - Processing /home/airflow/.local/lib/python3.12/site-packages/airflow/example_dags/example_external_task_marker_dag.py took 0.095 seconds
[2024-09-03T11:35:21.418+0000] {processor.py:186} INFO - Started process (PID=1058) to work on /home/airflow/.local/lib/python3.12/site-packages/airflow/example_dags/example_external_task_marker_dag.py
[2024-09-03T11:35:21.419+0000] {processor.py:914} INFO - Processing file /home/airflow/.local/lib/python3.12/site-packages/airflow/example_dags/example_external_task_marker_dag.py for tasks to queue
[2024-09-03T11:35:21.423+0000] {logging_mixin.py:190} INFO - [2024-09-03T11:35:21.422+0000] {dagbag.py:587} INFO - Filling up the DagBag from /home/airflow/.local/lib/python3.12/site-packages/airflow/example_dags/example_external_task_marker_dag.py
[2024-09-03T11:35:21.431+0000] {processor.py:925} INFO - DAG(s) 'example_external_task_marker_child', 'example_external_task_marker_parent' retrieved from /home/airflow/.local/lib/python3.12/site-packages/airflow/example_dags/example_external_task_marker_dag.py
[2024-09-03T11:35:21.463+0000] {logging_mixin.py:190} INFO - [2024-09-03T11:35:21.463+0000] {dag.py:3211} INFO - Sync 2 DAGs
[2024-09-03T11:35:21.479+0000] {logging_mixin.py:190} INFO - [2024-09-03T11:35:21.479+0000] {dag.py:4138} INFO - Setting next_dagrun for example_external_task_marker_child to None, run_after=None
[2024-09-03T11:35:21.484+0000] {logging_mixin.py:190} INFO - [2024-09-03T11:35:21.484+0000] {dag.py:4138} INFO - Setting next_dagrun for example_external_task_marker_parent to None, run_after=None
[2024-09-03T11:35:21.509+0000] {processor.py:208} INFO - Processing /home/airflow/.local/lib/python3.12/site-packages/airflow/example_dags/example_external_task_marker_dag.py took 0.098 seconds
[2024-09-03T11:35:52.448+0000] {processor.py:186} INFO - Started process (PID=1121) to work on /home/airflow/.local/lib/python3.12/site-packages/airflow/example_dags/example_external_task_marker_dag.py
[2024-09-03T11:35:52.449+0000] {processor.py:914} INFO - Processing file /home/airflow/.local/lib/python3.12/site-packages/airflow/example_dags/example_external_task_marker_dag.py for tasks to queue
[2024-09-03T11:35:52.452+0000] {logging_mixin.py:190} INFO - [2024-09-03T11:35:52.452+0000] {dagbag.py:587} INFO - Filling up the DagBag from /home/airflow/.local/lib/python3.12/site-packages/airflow/example_dags/example_external_task_marker_dag.py
[2024-09-03T11:35:52.460+0000] {processor.py:925} INFO - DAG(s) 'example_external_task_marker_child', 'example_external_task_marker_parent' retrieved from /home/airflow/.local/lib/python3.12/site-packages/airflow/example_dags/example_external_task_marker_dag.py
[2024-09-03T11:35:52.488+0000] {logging_mixin.py:190} INFO - [2024-09-03T11:35:52.488+0000] {dag.py:3211} INFO - Sync 2 DAGs
[2024-09-03T11:35:52.505+0000] {logging_mixin.py:190} INFO - [2024-09-03T11:35:52.505+0000] {dag.py:4138} INFO - Setting next_dagrun for example_external_task_marker_child to None, run_after=None
[2024-09-03T11:35:52.511+0000] {logging_mixin.py:190} INFO - [2024-09-03T11:35:52.511+0000] {dag.py:4138} INFO - Setting next_dagrun for example_external_task_marker_parent to None, run_after=None
[2024-09-03T11:35:52.533+0000] {processor.py:208} INFO - Processing /home/airflow/.local/lib/python3.12/site-packages/airflow/example_dags/example_external_task_marker_dag.py took 0.090 seconds
[2024-09-03T11:36:23.233+0000] {processor.py:186} INFO - Started process (PID=1184) to work on /home/airflow/.local/lib/python3.12/site-packages/airflow/example_dags/example_external_task_marker_dag.py
[2024-09-03T11:36:23.234+0000] {processor.py:914} INFO - Processing file /home/airflow/.local/lib/python3.12/site-packages/airflow/example_dags/example_external_task_marker_dag.py for tasks to queue
[2024-09-03T11:36:23.237+0000] {logging_mixin.py:190} INFO - [2024-09-03T11:36:23.236+0000] {dagbag.py:587} INFO - Filling up the DagBag from /home/airflow/.local/lib/python3.12/site-packages/airflow/example_dags/example_external_task_marker_dag.py
[2024-09-03T11:36:23.247+0000] {processor.py:925} INFO - DAG(s) 'example_external_task_marker_parent', 'example_external_task_marker_child' retrieved from /home/airflow/.local/lib/python3.12/site-packages/airflow/example_dags/example_external_task_marker_dag.py
[2024-09-03T11:36:23.283+0000] {logging_mixin.py:190} INFO - [2024-09-03T11:36:23.282+0000] {dag.py:3211} INFO - Sync 2 DAGs
[2024-09-03T11:36:23.298+0000] {logging_mixin.py:190} INFO - [2024-09-03T11:36:23.298+0000] {dag.py:4138} INFO - Setting next_dagrun for example_external_task_marker_child to None, run_after=None
[2024-09-03T11:36:23.304+0000] {logging_mixin.py:190} INFO - [2024-09-03T11:36:23.304+0000] {dag.py:4138} INFO - Setting next_dagrun for example_external_task_marker_parent to None, run_after=None
[2024-09-03T11:36:23.327+0000] {processor.py:208} INFO - Processing /home/airflow/.local/lib/python3.12/site-packages/airflow/example_dags/example_external_task_marker_dag.py took 0.100 seconds
[2024-09-03T11:36:54.494+0000] {processor.py:186} INFO - Started process (PID=1247) to work on /home/airflow/.local/lib/python3.12/site-packages/airflow/example_dags/example_external_task_marker_dag.py
[2024-09-03T11:36:54.496+0000] {processor.py:914} INFO - Processing file /home/airflow/.local/lib/python3.12/site-packages/airflow/example_dags/example_external_task_marker_dag.py for tasks to queue
[2024-09-03T11:36:54.500+0000] {logging_mixin.py:190} INFO - [2024-09-03T11:36:54.499+0000] {dagbag.py:587} INFO - Filling up the DagBag from /home/airflow/.local/lib/python3.12/site-packages/airflow/example_dags/example_external_task_marker_dag.py
[2024-09-03T11:36:54.513+0000] {processor.py:925} INFO - DAG(s) 'example_external_task_marker_parent', 'example_external_task_marker_child' retrieved from /home/airflow/.local/lib/python3.12/site-packages/airflow/example_dags/example_external_task_marker_dag.py
[2024-09-03T11:36:54.551+0000] {logging_mixin.py:190} INFO - [2024-09-03T11:36:54.551+0000] {dag.py:3211} INFO - Sync 2 DAGs
[2024-09-03T11:36:54.572+0000] {logging_mixin.py:190} INFO - [2024-09-03T11:36:54.572+0000] {dag.py:4138} INFO - Setting next_dagrun for example_external_task_marker_child to None, run_after=None
[2024-09-03T11:36:54.578+0000] {logging_mixin.py:190} INFO - [2024-09-03T11:36:54.578+0000] {dag.py:4138} INFO - Setting next_dagrun for example_external_task_marker_parent to None, run_after=None
[2024-09-03T11:36:54.610+0000] {processor.py:208} INFO - Processing /home/airflow/.local/lib/python3.12/site-packages/airflow/example_dags/example_external_task_marker_dag.py took 0.123 seconds
[2024-09-03T11:37:25.440+0000] {processor.py:186} INFO - Started process (PID=1310) to work on /home/airflow/.local/lib/python3.12/site-packages/airflow/example_dags/example_external_task_marker_dag.py
[2024-09-03T11:37:25.442+0000] {processor.py:914} INFO - Processing file /home/airflow/.local/lib/python3.12/site-packages/airflow/example_dags/example_external_task_marker_dag.py for tasks to queue
[2024-09-03T11:37:25.446+0000] {logging_mixin.py:190} INFO - [2024-09-03T11:37:25.445+0000] {dagbag.py:587} INFO - Filling up the DagBag from /home/airflow/.local/lib/python3.12/site-packages/airflow/example_dags/example_external_task_marker_dag.py
[2024-09-03T11:37:25.458+0000] {processor.py:925} INFO - DAG(s) 'example_external_task_marker_parent', 'example_external_task_marker_child' retrieved from /home/airflow/.local/lib/python3.12/site-packages/airflow/example_dags/example_external_task_marker_dag.py
[2024-09-03T11:37:25.493+0000] {logging_mixin.py:190} INFO - [2024-09-03T11:37:25.493+0000] {dag.py:3211} INFO - Sync 2 DAGs
[2024-09-03T11:37:25.520+0000] {logging_mixin.py:190} INFO - [2024-09-03T11:37:25.519+0000] {dag.py:4138} INFO - Setting next_dagrun for example_external_task_marker_child to None, run_after=None
[2024-09-03T11:37:25.529+0000] {logging_mixin.py:190} INFO - [2024-09-03T11:37:25.528+0000] {dag.py:4138} INFO - Setting next_dagrun for example_external_task_marker_parent to None, run_after=None
[2024-09-03T11:37:25.562+0000] {processor.py:208} INFO - Processing /home/airflow/.local/lib/python3.12/site-packages/airflow/example_dags/example_external_task_marker_dag.py took 0.130 seconds
[2024-09-03T11:37:56.351+0000] {processor.py:186} INFO - Started process (PID=1373) to work on /home/airflow/.local/lib/python3.12/site-packages/airflow/example_dags/example_external_task_marker_dag.py
[2024-09-03T11:37:56.352+0000] {processor.py:914} INFO - Processing file /home/airflow/.local/lib/python3.12/site-packages/airflow/example_dags/example_external_task_marker_dag.py for tasks to queue
[2024-09-03T11:37:56.357+0000] {logging_mixin.py:190} INFO - [2024-09-03T11:37:56.356+0000] {dagbag.py:587} INFO - Filling up the DagBag from /home/airflow/.local/lib/python3.12/site-packages/airflow/example_dags/example_external_task_marker_dag.py
[2024-09-03T11:37:56.366+0000] {processor.py:925} INFO - DAG(s) 'example_external_task_marker_child', 'example_external_task_marker_parent' retrieved from /home/airflow/.local/lib/python3.12/site-packages/airflow/example_dags/example_external_task_marker_dag.py
[2024-09-03T11:37:56.399+0000] {logging_mixin.py:190} INFO - [2024-09-03T11:37:56.398+0000] {dag.py:3211} INFO - Sync 2 DAGs
[2024-09-03T11:37:56.422+0000] {logging_mixin.py:190} INFO - [2024-09-03T11:37:56.421+0000] {dag.py:4138} INFO - Setting next_dagrun for example_external_task_marker_child to None, run_after=None
[2024-09-03T11:37:56.428+0000] {logging_mixin.py:190} INFO - [2024-09-03T11:37:56.428+0000] {dag.py:4138} INFO - Setting next_dagrun for example_external_task_marker_parent to None, run_after=None
[2024-09-03T11:37:56.460+0000] {processor.py:208} INFO - Processing /home/airflow/.local/lib/python3.12/site-packages/airflow/example_dags/example_external_task_marker_dag.py took 0.117 seconds
[2024-09-03T11:38:27.694+0000] {processor.py:186} INFO - Started process (PID=1436) to work on /home/airflow/.local/lib/python3.12/site-packages/airflow/example_dags/example_external_task_marker_dag.py
[2024-09-03T11:38:27.696+0000] {processor.py:914} INFO - Processing file /home/airflow/.local/lib/python3.12/site-packages/airflow/example_dags/example_external_task_marker_dag.py for tasks to queue
[2024-09-03T11:38:27.700+0000] {logging_mixin.py:190} INFO - [2024-09-03T11:38:27.700+0000] {dagbag.py:587} INFO - Filling up the DagBag from /home/airflow/.local/lib/python3.12/site-packages/airflow/example_dags/example_external_task_marker_dag.py
[2024-09-03T11:38:27.711+0000] {processor.py:925} INFO - DAG(s) 'example_external_task_marker_child', 'example_external_task_marker_parent' retrieved from /home/airflow/.local/lib/python3.12/site-packages/airflow/example_dags/example_external_task_marker_dag.py
[2024-09-03T11:38:27.753+0000] {logging_mixin.py:190} INFO - [2024-09-03T11:38:27.752+0000] {dag.py:3211} INFO - Sync 2 DAGs
[2024-09-03T11:38:27.778+0000] {logging_mixin.py:190} INFO - [2024-09-03T11:38:27.777+0000] {dag.py:4138} INFO - Setting next_dagrun for example_external_task_marker_child to None, run_after=None
[2024-09-03T11:38:27.788+0000] {logging_mixin.py:190} INFO - [2024-09-03T11:38:27.787+0000] {dag.py:4138} INFO - Setting next_dagrun for example_external_task_marker_parent to None, run_after=None
[2024-09-03T11:38:27.828+0000] {processor.py:208} INFO - Processing /home/airflow/.local/lib/python3.12/site-packages/airflow/example_dags/example_external_task_marker_dag.py took 0.142 seconds
[2024-09-03T11:38:58.725+0000] {processor.py:186} INFO - Started process (PID=1499) to work on /home/airflow/.local/lib/python3.12/site-packages/airflow/example_dags/example_external_task_marker_dag.py
[2024-09-03T11:38:58.727+0000] {processor.py:914} INFO - Processing file /home/airflow/.local/lib/python3.12/site-packages/airflow/example_dags/example_external_task_marker_dag.py for tasks to queue
[2024-09-03T11:38:58.732+0000] {logging_mixin.py:190} INFO - [2024-09-03T11:38:58.731+0000] {dagbag.py:587} INFO - Filling up the DagBag from /home/airflow/.local/lib/python3.12/site-packages/airflow/example_dags/example_external_task_marker_dag.py
[2024-09-03T11:38:58.747+0000] {processor.py:925} INFO - DAG(s) 'example_external_task_marker_parent', 'example_external_task_marker_child' retrieved from /home/airflow/.local/lib/python3.12/site-packages/airflow/example_dags/example_external_task_marker_dag.py
[2024-09-03T11:38:58.790+0000] {logging_mixin.py:190} INFO - [2024-09-03T11:38:58.789+0000] {dag.py:3211} INFO - Sync 2 DAGs
[2024-09-03T11:38:58.816+0000] {logging_mixin.py:190} INFO - [2024-09-03T11:38:58.815+0000] {dag.py:4138} INFO - Setting next_dagrun for example_external_task_marker_child to None, run_after=None
[2024-09-03T11:38:58.827+0000] {logging_mixin.py:190} INFO - [2024-09-03T11:38:58.827+0000] {dag.py:4138} INFO - Setting next_dagrun for example_external_task_marker_parent to None, run_after=None
[2024-09-03T11:38:58.870+0000] {processor.py:208} INFO - Processing /home/airflow/.local/lib/python3.12/site-packages/airflow/example_dags/example_external_task_marker_dag.py took 0.155 seconds
[2024-09-03T11:39:29.830+0000] {processor.py:186} INFO - Started process (PID=1562) to work on /home/airflow/.local/lib/python3.12/site-packages/airflow/example_dags/example_external_task_marker_dag.py
[2024-09-03T11:39:29.831+0000] {processor.py:914} INFO - Processing file /home/airflow/.local/lib/python3.12/site-packages/airflow/example_dags/example_external_task_marker_dag.py for tasks to queue
[2024-09-03T11:39:29.835+0000] {logging_mixin.py:190} INFO - [2024-09-03T11:39:29.834+0000] {dagbag.py:587} INFO - Filling up the DagBag from /home/airflow/.local/lib/python3.12/site-packages/airflow/example_dags/example_external_task_marker_dag.py
[2024-09-03T11:39:29.855+0000] {processor.py:925} INFO - DAG(s) 'example_external_task_marker_parent', 'example_external_task_marker_child' retrieved from /home/airflow/.local/lib/python3.12/site-packages/airflow/example_dags/example_external_task_marker_dag.py
[2024-09-03T11:39:29.905+0000] {logging_mixin.py:190} INFO - [2024-09-03T11:39:29.905+0000] {dag.py:3211} INFO - Sync 2 DAGs
[2024-09-03T11:39:29.936+0000] {logging_mixin.py:190} INFO - [2024-09-03T11:39:29.936+0000] {dag.py:4138} INFO - Setting next_dagrun for example_external_task_marker_child to None, run_after=None
[2024-09-03T11:39:29.945+0000] {logging_mixin.py:190} INFO - [2024-09-03T11:39:29.944+0000] {dag.py:4138} INFO - Setting next_dagrun for example_external_task_marker_parent to None, run_after=None
[2024-09-03T11:39:29.982+0000] {processor.py:208} INFO - Processing /home/airflow/.local/lib/python3.12/site-packages/airflow/example_dags/example_external_task_marker_dag.py took 0.158 seconds
[2024-09-03T11:40:00.477+0000] {processor.py:186} INFO - Started process (PID=1625) to work on /home/airflow/.local/lib/python3.12/site-packages/airflow/example_dags/example_external_task_marker_dag.py
[2024-09-03T11:40:00.479+0000] {processor.py:914} INFO - Processing file /home/airflow/.local/lib/python3.12/site-packages/airflow/example_dags/example_external_task_marker_dag.py for tasks to queue
[2024-09-03T11:40:00.482+0000] {logging_mixin.py:190} INFO - [2024-09-03T11:40:00.482+0000] {dagbag.py:587} INFO - Filling up the DagBag from /home/airflow/.local/lib/python3.12/site-packages/airflow/example_dags/example_external_task_marker_dag.py
[2024-09-03T11:40:00.494+0000] {processor.py:925} INFO - DAG(s) 'example_external_task_marker_child', 'example_external_task_marker_parent' retrieved from /home/airflow/.local/lib/python3.12/site-packages/airflow/example_dags/example_external_task_marker_dag.py
[2024-09-03T11:40:00.532+0000] {logging_mixin.py:190} INFO - [2024-09-03T11:40:00.532+0000] {dag.py:3211} INFO - Sync 2 DAGs
[2024-09-03T11:40:00.562+0000] {logging_mixin.py:190} INFO - [2024-09-03T11:40:00.562+0000] {dag.py:4138} INFO - Setting next_dagrun for example_external_task_marker_child to None, run_after=None
[2024-09-03T11:40:00.570+0000] {logging_mixin.py:190} INFO - [2024-09-03T11:40:00.570+0000] {dag.py:4138} INFO - Setting next_dagrun for example_external_task_marker_parent to None, run_after=None
[2024-09-03T11:40:00.604+0000] {processor.py:208} INFO - Processing /home/airflow/.local/lib/python3.12/site-packages/airflow/example_dags/example_external_task_marker_dag.py took 0.136 seconds
[2024-09-03T11:40:31.978+0000] {processor.py:186} INFO - Started process (PID=1695) to work on /home/airflow/.local/lib/python3.12/site-packages/airflow/example_dags/example_external_task_marker_dag.py
[2024-09-03T11:40:31.980+0000] {processor.py:914} INFO - Processing file /home/airflow/.local/lib/python3.12/site-packages/airflow/example_dags/example_external_task_marker_dag.py for tasks to queue
[2024-09-03T11:40:31.983+0000] {logging_mixin.py:190} INFO - [2024-09-03T11:40:31.983+0000] {dagbag.py:587} INFO - Filling up the DagBag from /home/airflow/.local/lib/python3.12/site-packages/airflow/example_dags/example_external_task_marker_dag.py
[2024-09-03T11:40:32.009+0000] {processor.py:925} INFO - DAG(s) 'example_external_task_marker_child', 'example_external_task_marker_parent' retrieved from /home/airflow/.local/lib/python3.12/site-packages/airflow/example_dags/example_external_task_marker_dag.py
[2024-09-03T11:40:32.062+0000] {logging_mixin.py:190} INFO - [2024-09-03T11:40:32.061+0000] {dag.py:3211} INFO - Sync 2 DAGs
[2024-09-03T11:40:32.089+0000] {logging_mixin.py:190} INFO - [2024-09-03T11:40:32.088+0000] {dag.py:4138} INFO - Setting next_dagrun for example_external_task_marker_child to None, run_after=None
[2024-09-03T11:40:32.096+0000] {logging_mixin.py:190} INFO - [2024-09-03T11:40:32.096+0000] {dag.py:4138} INFO - Setting next_dagrun for example_external_task_marker_parent to None, run_after=None
[2024-09-03T11:40:32.132+0000] {processor.py:208} INFO - Processing /home/airflow/.local/lib/python3.12/site-packages/airflow/example_dags/example_external_task_marker_dag.py took 0.163 seconds
[2024-09-03T11:41:02.463+0000] {processor.py:186} INFO - Started process (PID=1757) to work on /home/airflow/.local/lib/python3.12/site-packages/airflow/example_dags/example_external_task_marker_dag.py
[2024-09-03T11:41:02.468+0000] {processor.py:914} INFO - Processing file /home/airflow/.local/lib/python3.12/site-packages/airflow/example_dags/example_external_task_marker_dag.py for tasks to queue
[2024-09-03T11:41:02.473+0000] {logging_mixin.py:190} INFO - [2024-09-03T11:41:02.472+0000] {dagbag.py:587} INFO - Filling up the DagBag from /home/airflow/.local/lib/python3.12/site-packages/airflow/example_dags/example_external_task_marker_dag.py
[2024-09-03T11:41:02.493+0000] {processor.py:925} INFO - DAG(s) 'example_external_task_marker_child', 'example_external_task_marker_parent' retrieved from /home/airflow/.local/lib/python3.12/site-packages/airflow/example_dags/example_external_task_marker_dag.py
[2024-09-03T11:41:02.551+0000] {logging_mixin.py:190} INFO - [2024-09-03T11:41:02.550+0000] {dag.py:3211} INFO - Sync 2 DAGs
[2024-09-03T11:41:02.580+0000] {logging_mixin.py:190} INFO - [2024-09-03T11:41:02.580+0000] {dag.py:4138} INFO - Setting next_dagrun for example_external_task_marker_child to None, run_after=None
[2024-09-03T11:41:02.588+0000] {logging_mixin.py:190} INFO - [2024-09-03T11:41:02.588+0000] {dag.py:4138} INFO - Setting next_dagrun for example_external_task_marker_parent to None, run_after=None
[2024-09-03T11:41:02.657+0000] {processor.py:208} INFO - Processing /home/airflow/.local/lib/python3.12/site-packages/airflow/example_dags/example_external_task_marker_dag.py took 0.206 seconds
[2024-09-03T11:41:32.765+0000] {processor.py:186} INFO - Started process (PID=1819) to work on /home/airflow/.local/lib/python3.12/site-packages/airflow/example_dags/example_external_task_marker_dag.py
[2024-09-03T11:41:32.767+0000] {processor.py:914} INFO - Processing file /home/airflow/.local/lib/python3.12/site-packages/airflow/example_dags/example_external_task_marker_dag.py for tasks to queue
[2024-09-03T11:41:32.771+0000] {logging_mixin.py:190} INFO - [2024-09-03T11:41:32.771+0000] {dagbag.py:587} INFO - Filling up the DagBag from /home/airflow/.local/lib/python3.12/site-packages/airflow/example_dags/example_external_task_marker_dag.py
[2024-09-03T11:41:32.783+0000] {processor.py:925} INFO - DAG(s) 'example_external_task_marker_child', 'example_external_task_marker_parent' retrieved from /home/airflow/.local/lib/python3.12/site-packages/airflow/example_dags/example_external_task_marker_dag.py
[2024-09-03T11:41:32.832+0000] {logging_mixin.py:190} INFO - [2024-09-03T11:41:32.831+0000] {dag.py:3211} INFO - Sync 2 DAGs
[2024-09-03T11:41:32.863+0000] {logging_mixin.py:190} INFO - [2024-09-03T11:41:32.862+0000] {dag.py:4138} INFO - Setting next_dagrun for example_external_task_marker_child to None, run_after=None
[2024-09-03T11:41:32.870+0000] {logging_mixin.py:190} INFO - [2024-09-03T11:41:32.869+0000] {dag.py:4138} INFO - Setting next_dagrun for example_external_task_marker_parent to None, run_after=None
[2024-09-03T11:41:32.908+0000] {processor.py:208} INFO - Processing /home/airflow/.local/lib/python3.12/site-packages/airflow/example_dags/example_external_task_marker_dag.py took 0.152 seconds
[2024-09-03T11:42:03.016+0000] {processor.py:186} INFO - Started process (PID=1882) to work on /home/airflow/.local/lib/python3.12/site-packages/airflow/example_dags/example_external_task_marker_dag.py
[2024-09-03T11:42:03.019+0000] {processor.py:914} INFO - Processing file /home/airflow/.local/lib/python3.12/site-packages/airflow/example_dags/example_external_task_marker_dag.py for tasks to queue
[2024-09-03T11:42:03.025+0000] {logging_mixin.py:190} INFO - [2024-09-03T11:42:03.024+0000] {dagbag.py:587} INFO - Filling up the DagBag from /home/airflow/.local/lib/python3.12/site-packages/airflow/example_dags/example_external_task_marker_dag.py
[2024-09-03T11:42:03.043+0000] {processor.py:925} INFO - DAG(s) 'example_external_task_marker_child', 'example_external_task_marker_parent' retrieved from /home/airflow/.local/lib/python3.12/site-packages/airflow/example_dags/example_external_task_marker_dag.py
[2024-09-03T11:42:03.095+0000] {logging_mixin.py:190} INFO - [2024-09-03T11:42:03.094+0000] {dag.py:3211} INFO - Sync 2 DAGs
[2024-09-03T11:42:03.125+0000] {logging_mixin.py:190} INFO - [2024-09-03T11:42:03.125+0000] {dag.py:4138} INFO - Setting next_dagrun for example_external_task_marker_child to None, run_after=None
[2024-09-03T11:42:03.134+0000] {logging_mixin.py:190} INFO - [2024-09-03T11:42:03.134+0000] {dag.py:4138} INFO - Setting next_dagrun for example_external_task_marker_parent to None, run_after=None
[2024-09-03T11:42:03.171+0000] {processor.py:208} INFO - Processing /home/airflow/.local/lib/python3.12/site-packages/airflow/example_dags/example_external_task_marker_dag.py took 0.166 seconds
[2024-09-03T11:42:33.875+0000] {processor.py:186} INFO - Started process (PID=1945) to work on /home/airflow/.local/lib/python3.12/site-packages/airflow/example_dags/example_external_task_marker_dag.py
[2024-09-03T11:42:33.877+0000] {processor.py:914} INFO - Processing file /home/airflow/.local/lib/python3.12/site-packages/airflow/example_dags/example_external_task_marker_dag.py for tasks to queue
[2024-09-03T11:42:33.881+0000] {logging_mixin.py:190} INFO - [2024-09-03T11:42:33.881+0000] {dagbag.py:587} INFO - Filling up the DagBag from /home/airflow/.local/lib/python3.12/site-packages/airflow/example_dags/example_external_task_marker_dag.py
[2024-09-03T11:42:33.894+0000] {processor.py:925} INFO - DAG(s) 'example_external_task_marker_parent', 'example_external_task_marker_child' retrieved from /home/airflow/.local/lib/python3.12/site-packages/airflow/example_dags/example_external_task_marker_dag.py
[2024-09-03T11:42:33.933+0000] {logging_mixin.py:190} INFO - [2024-09-03T11:42:33.933+0000] {dag.py:3211} INFO - Sync 2 DAGs
[2024-09-03T11:42:33.953+0000] {logging_mixin.py:190} INFO - [2024-09-03T11:42:33.952+0000] {dag.py:4138} INFO - Setting next_dagrun for example_external_task_marker_child to None, run_after=None
[2024-09-03T11:42:33.959+0000] {logging_mixin.py:190} INFO - [2024-09-03T11:42:33.959+0000] {dag.py:4138} INFO - Setting next_dagrun for example_external_task_marker_parent to None, run_after=None
[2024-09-03T11:42:33.989+0000] {processor.py:208} INFO - Processing /home/airflow/.local/lib/python3.12/site-packages/airflow/example_dags/example_external_task_marker_dag.py took 0.123 seconds
[2024-09-03T11:43:04.606+0000] {processor.py:186} INFO - Started process (PID=2008) to work on /home/airflow/.local/lib/python3.12/site-packages/airflow/example_dags/example_external_task_marker_dag.py
[2024-09-03T11:43:04.608+0000] {processor.py:914} INFO - Processing file /home/airflow/.local/lib/python3.12/site-packages/airflow/example_dags/example_external_task_marker_dag.py for tasks to queue
[2024-09-03T11:43:04.612+0000] {logging_mixin.py:190} INFO - [2024-09-03T11:43:04.611+0000] {dagbag.py:587} INFO - Filling up the DagBag from /home/airflow/.local/lib/python3.12/site-packages/airflow/example_dags/example_external_task_marker_dag.py
[2024-09-03T11:43:04.624+0000] {processor.py:925} INFO - DAG(s) 'example_external_task_marker_parent', 'example_external_task_marker_child' retrieved from /home/airflow/.local/lib/python3.12/site-packages/airflow/example_dags/example_external_task_marker_dag.py
[2024-09-03T11:43:04.661+0000] {logging_mixin.py:190} INFO - [2024-09-03T11:43:04.660+0000] {dag.py:3211} INFO - Sync 2 DAGs
[2024-09-03T11:43:04.680+0000] {logging_mixin.py:190} INFO - [2024-09-03T11:43:04.680+0000] {dag.py:4138} INFO - Setting next_dagrun for example_external_task_marker_child to None, run_after=None
[2024-09-03T11:43:04.688+0000] {logging_mixin.py:190} INFO - [2024-09-03T11:43:04.688+0000] {dag.py:4138} INFO - Setting next_dagrun for example_external_task_marker_parent to None, run_after=None
[2024-09-03T11:43:04.720+0000] {processor.py:208} INFO - Processing /home/airflow/.local/lib/python3.12/site-packages/airflow/example_dags/example_external_task_marker_dag.py took 0.123 seconds
[2024-09-03T11:43:35.230+0000] {processor.py:186} INFO - Started process (PID=2071) to work on /home/airflow/.local/lib/python3.12/site-packages/airflow/example_dags/example_external_task_marker_dag.py
[2024-09-03T11:43:35.232+0000] {processor.py:914} INFO - Processing file /home/airflow/.local/lib/python3.12/site-packages/airflow/example_dags/example_external_task_marker_dag.py for tasks to queue
[2024-09-03T11:43:35.237+0000] {logging_mixin.py:190} INFO - [2024-09-03T11:43:35.236+0000] {dagbag.py:587} INFO - Filling up the DagBag from /home/airflow/.local/lib/python3.12/site-packages/airflow/example_dags/example_external_task_marker_dag.py
[2024-09-03T11:43:35.257+0000] {processor.py:925} INFO - DAG(s) 'example_external_task_marker_child', 'example_external_task_marker_parent' retrieved from /home/airflow/.local/lib/python3.12/site-packages/airflow/example_dags/example_external_task_marker_dag.py
[2024-09-03T11:43:35.305+0000] {logging_mixin.py:190} INFO - [2024-09-03T11:43:35.305+0000] {dag.py:3211} INFO - Sync 2 DAGs
[2024-09-03T11:43:35.338+0000] {logging_mixin.py:190} INFO - [2024-09-03T11:43:35.337+0000] {dag.py:4138} INFO - Setting next_dagrun for example_external_task_marker_child to None, run_after=None
[2024-09-03T11:43:35.348+0000] {logging_mixin.py:190} INFO - [2024-09-03T11:43:35.348+0000] {dag.py:4138} INFO - Setting next_dagrun for example_external_task_marker_parent to None, run_after=None
[2024-09-03T11:43:35.391+0000] {processor.py:208} INFO - Processing /home/airflow/.local/lib/python3.12/site-packages/airflow/example_dags/example_external_task_marker_dag.py took 0.169 seconds
[2024-09-03T11:44:05.671+0000] {processor.py:186} INFO - Started process (PID=2134) to work on /home/airflow/.local/lib/python3.12/site-packages/airflow/example_dags/example_external_task_marker_dag.py
[2024-09-03T11:44:05.672+0000] {processor.py:914} INFO - Processing file /home/airflow/.local/lib/python3.12/site-packages/airflow/example_dags/example_external_task_marker_dag.py for tasks to queue
[2024-09-03T11:44:05.676+0000] {logging_mixin.py:190} INFO - [2024-09-03T11:44:05.675+0000] {dagbag.py:587} INFO - Filling up the DagBag from /home/airflow/.local/lib/python3.12/site-packages/airflow/example_dags/example_external_task_marker_dag.py
[2024-09-03T11:44:05.685+0000] {processor.py:925} INFO - DAG(s) 'example_external_task_marker_parent', 'example_external_task_marker_child' retrieved from /home/airflow/.local/lib/python3.12/site-packages/airflow/example_dags/example_external_task_marker_dag.py
[2024-09-03T11:44:05.714+0000] {logging_mixin.py:190} INFO - [2024-09-03T11:44:05.714+0000] {dag.py:3211} INFO - Sync 2 DAGs
[2024-09-03T11:44:05.730+0000] {logging_mixin.py:190} INFO - [2024-09-03T11:44:05.730+0000] {dag.py:4138} INFO - Setting next_dagrun for example_external_task_marker_child to None, run_after=None
[2024-09-03T11:44:05.734+0000] {logging_mixin.py:190} INFO - [2024-09-03T11:44:05.734+0000] {dag.py:4138} INFO - Setting next_dagrun for example_external_task_marker_parent to None, run_after=None
[2024-09-03T11:44:05.759+0000] {processor.py:208} INFO - Processing /home/airflow/.local/lib/python3.12/site-packages/airflow/example_dags/example_external_task_marker_dag.py took 0.093 seconds
[2024-09-03T11:44:35.908+0000] {processor.py:186} INFO - Started process (PID=2197) to work on /home/airflow/.local/lib/python3.12/site-packages/airflow/example_dags/example_external_task_marker_dag.py
[2024-09-03T11:44:35.909+0000] {processor.py:914} INFO - Processing file /home/airflow/.local/lib/python3.12/site-packages/airflow/example_dags/example_external_task_marker_dag.py for tasks to queue
[2024-09-03T11:44:35.913+0000] {logging_mixin.py:190} INFO - [2024-09-03T11:44:35.913+0000] {dagbag.py:587} INFO - Filling up the DagBag from /home/airflow/.local/lib/python3.12/site-packages/airflow/example_dags/example_external_task_marker_dag.py
[2024-09-03T11:44:35.922+0000] {processor.py:925} INFO - DAG(s) 'example_external_task_marker_child', 'example_external_task_marker_parent' retrieved from /home/airflow/.local/lib/python3.12/site-packages/airflow/example_dags/example_external_task_marker_dag.py
[2024-09-03T11:44:35.953+0000] {logging_mixin.py:190} INFO - [2024-09-03T11:44:35.953+0000] {dag.py:3211} INFO - Sync 2 DAGs
[2024-09-03T11:44:35.969+0000] {logging_mixin.py:190} INFO - [2024-09-03T11:44:35.969+0000] {dag.py:4138} INFO - Setting next_dagrun for example_external_task_marker_child to None, run_after=None
[2024-09-03T11:44:35.974+0000] {logging_mixin.py:190} INFO - [2024-09-03T11:44:35.974+0000] {dag.py:4138} INFO - Setting next_dagrun for example_external_task_marker_parent to None, run_after=None
[2024-09-03T11:44:35.998+0000] {processor.py:208} INFO - Processing /home/airflow/.local/lib/python3.12/site-packages/airflow/example_dags/example_external_task_marker_dag.py took 0.096 seconds
[2024-09-03T11:45:06.858+0000] {processor.py:186} INFO - Started process (PID=2260) to work on /home/airflow/.local/lib/python3.12/site-packages/airflow/example_dags/example_external_task_marker_dag.py
[2024-09-03T11:45:06.860+0000] {processor.py:914} INFO - Processing file /home/airflow/.local/lib/python3.12/site-packages/airflow/example_dags/example_external_task_marker_dag.py for tasks to queue
[2024-09-03T11:45:06.863+0000] {logging_mixin.py:190} INFO - [2024-09-03T11:45:06.862+0000] {dagbag.py:587} INFO - Filling up the DagBag from /home/airflow/.local/lib/python3.12/site-packages/airflow/example_dags/example_external_task_marker_dag.py
[2024-09-03T11:45:06.871+0000] {processor.py:925} INFO - DAG(s) 'example_external_task_marker_parent', 'example_external_task_marker_child' retrieved from /home/airflow/.local/lib/python3.12/site-packages/airflow/example_dags/example_external_task_marker_dag.py
[2024-09-03T11:45:06.901+0000] {logging_mixin.py:190} INFO - [2024-09-03T11:45:06.901+0000] {dag.py:3211} INFO - Sync 2 DAGs
[2024-09-03T11:45:06.916+0000] {logging_mixin.py:190} INFO - [2024-09-03T11:45:06.915+0000] {dag.py:4138} INFO - Setting next_dagrun for example_external_task_marker_child to None, run_after=None
[2024-09-03T11:45:06.921+0000] {logging_mixin.py:190} INFO - [2024-09-03T11:45:06.921+0000] {dag.py:4138} INFO - Setting next_dagrun for example_external_task_marker_parent to None, run_after=None
[2024-09-03T11:45:06.945+0000] {processor.py:208} INFO - Processing /home/airflow/.local/lib/python3.12/site-packages/airflow/example_dags/example_external_task_marker_dag.py took 0.092 seconds
[2024-09-03T11:45:37.146+0000] {processor.py:186} INFO - Started process (PID=2323) to work on /home/airflow/.local/lib/python3.12/site-packages/airflow/example_dags/example_external_task_marker_dag.py
[2024-09-03T11:45:37.147+0000] {processor.py:914} INFO - Processing file /home/airflow/.local/lib/python3.12/site-packages/airflow/example_dags/example_external_task_marker_dag.py for tasks to queue
[2024-09-03T11:45:37.150+0000] {logging_mixin.py:190} INFO - [2024-09-03T11:45:37.149+0000] {dagbag.py:587} INFO - Filling up the DagBag from /home/airflow/.local/lib/python3.12/site-packages/airflow/example_dags/example_external_task_marker_dag.py
[2024-09-03T11:45:37.158+0000] {processor.py:925} INFO - DAG(s) 'example_external_task_marker_child', 'example_external_task_marker_parent' retrieved from /home/airflow/.local/lib/python3.12/site-packages/airflow/example_dags/example_external_task_marker_dag.py
[2024-09-03T11:45:37.187+0000] {logging_mixin.py:190} INFO - [2024-09-03T11:45:37.186+0000] {dag.py:3211} INFO - Sync 2 DAGs
[2024-09-03T11:45:37.202+0000] {logging_mixin.py:190} INFO - [2024-09-03T11:45:37.202+0000] {dag.py:4138} INFO - Setting next_dagrun for example_external_task_marker_child to None, run_after=None
[2024-09-03T11:45:37.207+0000] {logging_mixin.py:190} INFO - [2024-09-03T11:45:37.207+0000] {dag.py:4138} INFO - Setting next_dagrun for example_external_task_marker_parent to None, run_after=None
[2024-09-03T11:45:37.232+0000] {processor.py:208} INFO - Processing /home/airflow/.local/lib/python3.12/site-packages/airflow/example_dags/example_external_task_marker_dag.py took 0.092 seconds
[2024-09-03T11:46:07.499+0000] {processor.py:186} INFO - Started process (PID=2386) to work on /home/airflow/.local/lib/python3.12/site-packages/airflow/example_dags/example_external_task_marker_dag.py
[2024-09-03T11:46:07.501+0000] {processor.py:914} INFO - Processing file /home/airflow/.local/lib/python3.12/site-packages/airflow/example_dags/example_external_task_marker_dag.py for tasks to queue
[2024-09-03T11:46:07.504+0000] {logging_mixin.py:190} INFO - [2024-09-03T11:46:07.504+0000] {dagbag.py:587} INFO - Filling up the DagBag from /home/airflow/.local/lib/python3.12/site-packages/airflow/example_dags/example_external_task_marker_dag.py
[2024-09-03T11:46:07.515+0000] {processor.py:925} INFO - DAG(s) 'example_external_task_marker_parent', 'example_external_task_marker_child' retrieved from /home/airflow/.local/lib/python3.12/site-packages/airflow/example_dags/example_external_task_marker_dag.py
[2024-09-03T11:46:07.556+0000] {logging_mixin.py:190} INFO - [2024-09-03T11:46:07.556+0000] {dag.py:3211} INFO - Sync 2 DAGs
[2024-09-03T11:46:07.574+0000] {logging_mixin.py:190} INFO - [2024-09-03T11:46:07.574+0000] {dag.py:4138} INFO - Setting next_dagrun for example_external_task_marker_child to None, run_after=None
[2024-09-03T11:46:07.579+0000] {logging_mixin.py:190} INFO - [2024-09-03T11:46:07.578+0000] {dag.py:4138} INFO - Setting next_dagrun for example_external_task_marker_parent to None, run_after=None
[2024-09-03T11:46:07.602+0000] {processor.py:208} INFO - Processing /home/airflow/.local/lib/python3.12/site-packages/airflow/example_dags/example_external_task_marker_dag.py took 0.109 seconds
[2024-09-03T11:46:37.868+0000] {processor.py:186} INFO - Started process (PID=2450) to work on /home/airflow/.local/lib/python3.12/site-packages/airflow/example_dags/example_external_task_marker_dag.py
[2024-09-03T11:46:37.870+0000] {processor.py:914} INFO - Processing file /home/airflow/.local/lib/python3.12/site-packages/airflow/example_dags/example_external_task_marker_dag.py for tasks to queue
[2024-09-03T11:46:37.874+0000] {logging_mixin.py:190} INFO - [2024-09-03T11:46:37.873+0000] {dagbag.py:587} INFO - Filling up the DagBag from /home/airflow/.local/lib/python3.12/site-packages/airflow/example_dags/example_external_task_marker_dag.py
[2024-09-03T11:46:37.883+0000] {processor.py:925} INFO - DAG(s) 'example_external_task_marker_child', 'example_external_task_marker_parent' retrieved from /home/airflow/.local/lib/python3.12/site-packages/airflow/example_dags/example_external_task_marker_dag.py
[2024-09-03T11:46:37.914+0000] {logging_mixin.py:190} INFO - [2024-09-03T11:46:37.914+0000] {dag.py:3211} INFO - Sync 2 DAGs
[2024-09-03T11:46:37.930+0000] {logging_mixin.py:190} INFO - [2024-09-03T11:46:37.929+0000] {dag.py:4138} INFO - Setting next_dagrun for example_external_task_marker_child to None, run_after=None
[2024-09-03T11:46:37.944+0000] {logging_mixin.py:190} INFO - [2024-09-03T11:46:37.943+0000] {dag.py:4138} INFO - Setting next_dagrun for example_external_task_marker_parent to None, run_after=None
[2024-09-03T11:46:37.972+0000] {processor.py:208} INFO - Processing /home/airflow/.local/lib/python3.12/site-packages/airflow/example_dags/example_external_task_marker_dag.py took 0.109 seconds
[2024-09-03T11:47:09.018+0000] {processor.py:186} INFO - Started process (PID=2513) to work on /home/airflow/.local/lib/python3.12/site-packages/airflow/example_dags/example_external_task_marker_dag.py
[2024-09-03T11:47:09.030+0000] {processor.py:914} INFO - Processing file /home/airflow/.local/lib/python3.12/site-packages/airflow/example_dags/example_external_task_marker_dag.py for tasks to queue
[2024-09-03T11:47:09.035+0000] {logging_mixin.py:190} INFO - [2024-09-03T11:47:09.035+0000] {dagbag.py:587} INFO - Filling up the DagBag from /home/airflow/.local/lib/python3.12/site-packages/airflow/example_dags/example_external_task_marker_dag.py
[2024-09-03T11:47:09.061+0000] {processor.py:925} INFO - DAG(s) 'example_external_task_marker_parent', 'example_external_task_marker_child' retrieved from /home/airflow/.local/lib/python3.12/site-packages/airflow/example_dags/example_external_task_marker_dag.py
[2024-09-03T11:47:09.158+0000] {logging_mixin.py:190} INFO - [2024-09-03T11:47:09.157+0000] {dag.py:3211} INFO - Sync 2 DAGs
[2024-09-03T11:47:09.227+0000] {logging_mixin.py:190} INFO - [2024-09-03T11:47:09.227+0000] {dag.py:4138} INFO - Setting next_dagrun for example_external_task_marker_child to None, run_after=None
[2024-09-03T11:47:09.260+0000] {logging_mixin.py:190} INFO - [2024-09-03T11:47:09.250+0000] {dag.py:4138} INFO - Setting next_dagrun for example_external_task_marker_parent to None, run_after=None
[2024-09-03T11:47:09.334+0000] {processor.py:208} INFO - Processing /home/airflow/.local/lib/python3.12/site-packages/airflow/example_dags/example_external_task_marker_dag.py took 0.335 seconds
[2024-09-03T11:47:39.598+0000] {processor.py:186} INFO - Started process (PID=2576) to work on /home/airflow/.local/lib/python3.12/site-packages/airflow/example_dags/example_external_task_marker_dag.py
[2024-09-03T11:47:39.599+0000] {processor.py:914} INFO - Processing file /home/airflow/.local/lib/python3.12/site-packages/airflow/example_dags/example_external_task_marker_dag.py for tasks to queue
[2024-09-03T11:47:39.604+0000] {logging_mixin.py:190} INFO - [2024-09-03T11:47:39.603+0000] {dagbag.py:587} INFO - Filling up the DagBag from /home/airflow/.local/lib/python3.12/site-packages/airflow/example_dags/example_external_task_marker_dag.py
[2024-09-03T11:47:39.620+0000] {processor.py:925} INFO - DAG(s) 'example_external_task_marker_parent', 'example_external_task_marker_child' retrieved from /home/airflow/.local/lib/python3.12/site-packages/airflow/example_dags/example_external_task_marker_dag.py
[2024-09-03T11:47:39.707+0000] {logging_mixin.py:190} INFO - [2024-09-03T11:47:39.706+0000] {dag.py:3211} INFO - Sync 2 DAGs
[2024-09-03T11:47:39.753+0000] {logging_mixin.py:190} INFO - [2024-09-03T11:47:39.753+0000] {dag.py:4138} INFO - Setting next_dagrun for example_external_task_marker_child to None, run_after=None
[2024-09-03T11:47:39.766+0000] {logging_mixin.py:190} INFO - [2024-09-03T11:47:39.764+0000] {dag.py:4138} INFO - Setting next_dagrun for example_external_task_marker_parent to None, run_after=None
[2024-09-03T11:47:39.808+0000] {processor.py:208} INFO - Processing /home/airflow/.local/lib/python3.12/site-packages/airflow/example_dags/example_external_task_marker_dag.py took 0.220 seconds
[2024-09-03T11:48:10.364+0000] {processor.py:186} INFO - Started process (PID=2639) to work on /home/airflow/.local/lib/python3.12/site-packages/airflow/example_dags/example_external_task_marker_dag.py
[2024-09-03T11:48:10.366+0000] {processor.py:914} INFO - Processing file /home/airflow/.local/lib/python3.12/site-packages/airflow/example_dags/example_external_task_marker_dag.py for tasks to queue
[2024-09-03T11:48:10.371+0000] {logging_mixin.py:190} INFO - [2024-09-03T11:48:10.370+0000] {dagbag.py:587} INFO - Filling up the DagBag from /home/airflow/.local/lib/python3.12/site-packages/airflow/example_dags/example_external_task_marker_dag.py
[2024-09-03T11:48:10.384+0000] {processor.py:925} INFO - DAG(s) 'example_external_task_marker_parent', 'example_external_task_marker_child' retrieved from /home/airflow/.local/lib/python3.12/site-packages/airflow/example_dags/example_external_task_marker_dag.py
[2024-09-03T11:48:10.439+0000] {logging_mixin.py:190} INFO - [2024-09-03T11:48:10.438+0000] {dag.py:3211} INFO - Sync 2 DAGs
[2024-09-03T11:48:10.468+0000] {logging_mixin.py:190} INFO - [2024-09-03T11:48:10.467+0000] {dag.py:4138} INFO - Setting next_dagrun for example_external_task_marker_child to None, run_after=None
[2024-09-03T11:48:10.477+0000] {logging_mixin.py:190} INFO - [2024-09-03T11:48:10.477+0000] {dag.py:4138} INFO - Setting next_dagrun for example_external_task_marker_parent to None, run_after=None
[2024-09-03T11:48:10.520+0000] {processor.py:208} INFO - Processing /home/airflow/.local/lib/python3.12/site-packages/airflow/example_dags/example_external_task_marker_dag.py took 0.166 seconds
[2024-09-03T11:48:41.163+0000] {processor.py:186} INFO - Started process (PID=2702) to work on /home/airflow/.local/lib/python3.12/site-packages/airflow/example_dags/example_external_task_marker_dag.py
[2024-09-03T11:48:41.165+0000] {processor.py:914} INFO - Processing file /home/airflow/.local/lib/python3.12/site-packages/airflow/example_dags/example_external_task_marker_dag.py for tasks to queue
[2024-09-03T11:48:41.168+0000] {logging_mixin.py:190} INFO - [2024-09-03T11:48:41.168+0000] {dagbag.py:587} INFO - Filling up the DagBag from /home/airflow/.local/lib/python3.12/site-packages/airflow/example_dags/example_external_task_marker_dag.py
[2024-09-03T11:48:41.179+0000] {processor.py:925} INFO - DAG(s) 'example_external_task_marker_parent', 'example_external_task_marker_child' retrieved from /home/airflow/.local/lib/python3.12/site-packages/airflow/example_dags/example_external_task_marker_dag.py
[2024-09-03T11:48:41.221+0000] {logging_mixin.py:190} INFO - [2024-09-03T11:48:41.221+0000] {dag.py:3211} INFO - Sync 2 DAGs
[2024-09-03T11:48:41.254+0000] {logging_mixin.py:190} INFO - [2024-09-03T11:48:41.254+0000] {dag.py:4138} INFO - Setting next_dagrun for example_external_task_marker_child to None, run_after=None
[2024-09-03T11:48:41.264+0000] {logging_mixin.py:190} INFO - [2024-09-03T11:48:41.264+0000] {dag.py:4138} INFO - Setting next_dagrun for example_external_task_marker_parent to None, run_after=None
[2024-09-03T11:48:41.305+0000] {processor.py:208} INFO - Processing /home/airflow/.local/lib/python3.12/site-packages/airflow/example_dags/example_external_task_marker_dag.py took 0.151 seconds
[2024-09-03T11:49:11.556+0000] {processor.py:186} INFO - Started process (PID=2764) to work on /home/airflow/.local/lib/python3.12/site-packages/airflow/example_dags/example_external_task_marker_dag.py
[2024-09-03T11:49:11.559+0000] {processor.py:914} INFO - Processing file /home/airflow/.local/lib/python3.12/site-packages/airflow/example_dags/example_external_task_marker_dag.py for tasks to queue
[2024-09-03T11:49:11.564+0000] {logging_mixin.py:190} INFO - [2024-09-03T11:49:11.563+0000] {dagbag.py:587} INFO - Filling up the DagBag from /home/airflow/.local/lib/python3.12/site-packages/airflow/example_dags/example_external_task_marker_dag.py
[2024-09-03T11:49:11.578+0000] {processor.py:925} INFO - DAG(s) 'example_external_task_marker_child', 'example_external_task_marker_parent' retrieved from /home/airflow/.local/lib/python3.12/site-packages/airflow/example_dags/example_external_task_marker_dag.py
[2024-09-03T11:49:11.626+0000] {logging_mixin.py:190} INFO - [2024-09-03T11:49:11.625+0000] {dag.py:3211} INFO - Sync 2 DAGs
[2024-09-03T11:49:11.651+0000] {logging_mixin.py:190} INFO - [2024-09-03T11:49:11.650+0000] {dag.py:4138} INFO - Setting next_dagrun for example_external_task_marker_child to None, run_after=None
[2024-09-03T11:49:11.658+0000] {logging_mixin.py:190} INFO - [2024-09-03T11:49:11.658+0000] {dag.py:4138} INFO - Setting next_dagrun for example_external_task_marker_parent to None, run_after=None
[2024-09-03T11:49:11.692+0000] {processor.py:208} INFO - Processing /home/airflow/.local/lib/python3.12/site-packages/airflow/example_dags/example_external_task_marker_dag.py took 0.147 seconds
[2024-09-03T11:49:42.625+0000] {processor.py:186} INFO - Started process (PID=2828) to work on /home/airflow/.local/lib/python3.12/site-packages/airflow/example_dags/example_external_task_marker_dag.py
[2024-09-03T11:49:42.626+0000] {processor.py:914} INFO - Processing file /home/airflow/.local/lib/python3.12/site-packages/airflow/example_dags/example_external_task_marker_dag.py for tasks to queue
[2024-09-03T11:49:42.630+0000] {logging_mixin.py:190} INFO - [2024-09-03T11:49:42.630+0000] {dagbag.py:587} INFO - Filling up the DagBag from /home/airflow/.local/lib/python3.12/site-packages/airflow/example_dags/example_external_task_marker_dag.py
[2024-09-03T11:49:42.642+0000] {processor.py:925} INFO - DAG(s) 'example_external_task_marker_child', 'example_external_task_marker_parent' retrieved from /home/airflow/.local/lib/python3.12/site-packages/airflow/example_dags/example_external_task_marker_dag.py
[2024-09-03T11:49:42.683+0000] {logging_mixin.py:190} INFO - [2024-09-03T11:49:42.682+0000] {dag.py:3211} INFO - Sync 2 DAGs
[2024-09-03T11:49:42.705+0000] {logging_mixin.py:190} INFO - [2024-09-03T11:49:42.705+0000] {dag.py:4138} INFO - Setting next_dagrun for example_external_task_marker_child to None, run_after=None
[2024-09-03T11:49:42.713+0000] {logging_mixin.py:190} INFO - [2024-09-03T11:49:42.712+0000] {dag.py:4138} INFO - Setting next_dagrun for example_external_task_marker_parent to None, run_after=None
[2024-09-03T11:49:43.317+0000] {processor.py:208} INFO - Processing /home/airflow/.local/lib/python3.12/site-packages/airflow/example_dags/example_external_task_marker_dag.py took 0.701 seconds
[2024-09-03T11:50:13.879+0000] {processor.py:186} INFO - Started process (PID=2891) to work on /home/airflow/.local/lib/python3.12/site-packages/airflow/example_dags/example_external_task_marker_dag.py
[2024-09-03T11:50:13.881+0000] {processor.py:914} INFO - Processing file /home/airflow/.local/lib/python3.12/site-packages/airflow/example_dags/example_external_task_marker_dag.py for tasks to queue
[2024-09-03T11:50:13.886+0000] {logging_mixin.py:190} INFO - [2024-09-03T11:50:13.885+0000] {dagbag.py:587} INFO - Filling up the DagBag from /home/airflow/.local/lib/python3.12/site-packages/airflow/example_dags/example_external_task_marker_dag.py
[2024-09-03T11:50:13.898+0000] {processor.py:925} INFO - DAG(s) 'example_external_task_marker_parent', 'example_external_task_marker_child' retrieved from /home/airflow/.local/lib/python3.12/site-packages/airflow/example_dags/example_external_task_marker_dag.py
[2024-09-03T11:50:13.952+0000] {logging_mixin.py:190} INFO - [2024-09-03T11:50:13.952+0000] {dag.py:3211} INFO - Sync 2 DAGs
[2024-09-03T11:50:14.346+0000] {logging_mixin.py:190} INFO - [2024-09-03T11:50:14.345+0000] {dag.py:4138} INFO - Setting next_dagrun for example_external_task_marker_child to None, run_after=None
[2024-09-03T11:50:14.354+0000] {logging_mixin.py:190} INFO - [2024-09-03T11:50:14.354+0000] {dag.py:4138} INFO - Setting next_dagrun for example_external_task_marker_parent to None, run_after=None
[2024-09-03T11:50:14.400+0000] {processor.py:208} INFO - Processing /home/airflow/.local/lib/python3.12/site-packages/airflow/example_dags/example_external_task_marker_dag.py took 0.531 seconds
