[2024-09-03T11:27:32.844+0000] {processor.py:186} INFO - Started process (PID=85) to work on /home/airflow/.local/lib/python3.12/site-packages/airflow/example_dags/example_setup_teardown.py
[2024-09-03T11:27:32.847+0000] {processor.py:914} INFO - Processing file /home/airflow/.local/lib/python3.12/site-packages/airflow/example_dags/example_setup_teardown.py for tasks to queue
[2024-09-03T11:27:32.859+0000] {logging_mixin.py:190} INFO - [2024-09-03T11:27:32.858+0000] {dagbag.py:587} INFO - Filling up the DagBag from /home/airflow/.local/lib/python3.12/site-packages/airflow/example_dags/example_setup_teardown.py
[2024-09-03T11:27:32.909+0000] {processor.py:925} INFO - DAG(s) 'example_setup_teardown' retrieved from /home/airflow/.local/lib/python3.12/site-packages/airflow/example_dags/example_setup_teardown.py
[2024-09-03T11:27:33.018+0000] {logging_mixin.py:190} INFO - [2024-09-03T11:27:33.017+0000] {dag.py:3211} INFO - Sync 1 DAGs
[2024-09-03T11:27:33.099+0000] {logging_mixin.py:190} INFO - [2024-09-03T11:27:33.099+0000] {dag.py:4138} INFO - Setting next_dagrun for example_setup_teardown to 2024-09-02 00:00:00+00:00, run_after=2024-09-03 00:00:00+00:00
[2024-09-03T11:27:33.141+0000] {processor.py:208} INFO - Processing /home/airflow/.local/lib/python3.12/site-packages/airflow/example_dags/example_setup_teardown.py took 0.326 seconds
[2024-09-03T11:28:04.024+0000] {processor.py:186} INFO - Started process (PID=148) to work on /home/airflow/.local/lib/python3.12/site-packages/airflow/example_dags/example_setup_teardown.py
[2024-09-03T11:28:04.025+0000] {processor.py:914} INFO - Processing file /home/airflow/.local/lib/python3.12/site-packages/airflow/example_dags/example_setup_teardown.py for tasks to queue
[2024-09-03T11:28:04.028+0000] {logging_mixin.py:190} INFO - [2024-09-03T11:28:04.027+0000] {dagbag.py:587} INFO - Filling up the DagBag from /home/airflow/.local/lib/python3.12/site-packages/airflow/example_dags/example_setup_teardown.py
[2024-09-03T11:28:04.036+0000] {processor.py:925} INFO - DAG(s) 'example_setup_teardown' retrieved from /home/airflow/.local/lib/python3.12/site-packages/airflow/example_dags/example_setup_teardown.py
[2024-09-03T11:28:04.060+0000] {logging_mixin.py:190} INFO - [2024-09-03T11:28:04.059+0000] {dag.py:3211} INFO - Sync 1 DAGs
[2024-09-03T11:28:04.084+0000] {logging_mixin.py:190} INFO - [2024-09-03T11:28:04.084+0000] {dag.py:4138} INFO - Setting next_dagrun for example_setup_teardown to 2024-09-02 00:00:00+00:00, run_after=2024-09-03 00:00:00+00:00
[2024-09-03T11:28:04.110+0000] {processor.py:208} INFO - Processing /home/airflow/.local/lib/python3.12/site-packages/airflow/example_dags/example_setup_teardown.py took 0.091 seconds
[2024-09-03T11:28:34.382+0000] {processor.py:186} INFO - Started process (PID=219) to work on /home/airflow/.local/lib/python3.12/site-packages/airflow/example_dags/example_setup_teardown.py
[2024-09-03T11:28:34.383+0000] {processor.py:914} INFO - Processing file /home/airflow/.local/lib/python3.12/site-packages/airflow/example_dags/example_setup_teardown.py for tasks to queue
[2024-09-03T11:28:34.387+0000] {logging_mixin.py:190} INFO - [2024-09-03T11:28:34.386+0000] {dagbag.py:587} INFO - Filling up the DagBag from /home/airflow/.local/lib/python3.12/site-packages/airflow/example_dags/example_setup_teardown.py
[2024-09-03T11:28:34.395+0000] {processor.py:925} INFO - DAG(s) 'example_setup_teardown' retrieved from /home/airflow/.local/lib/python3.12/site-packages/airflow/example_dags/example_setup_teardown.py
[2024-09-03T11:28:34.418+0000] {logging_mixin.py:190} INFO - [2024-09-03T11:28:34.418+0000] {dag.py:3211} INFO - Sync 1 DAGs
[2024-09-03T11:28:34.440+0000] {logging_mixin.py:190} INFO - [2024-09-03T11:28:34.440+0000] {dag.py:4138} INFO - Setting next_dagrun for example_setup_teardown to 2024-09-02 00:00:00+00:00, run_after=2024-09-03 00:00:00+00:00
[2024-09-03T11:28:34.464+0000] {processor.py:208} INFO - Processing /home/airflow/.local/lib/python3.12/site-packages/airflow/example_dags/example_setup_teardown.py took 0.089 seconds
[2024-09-03T11:29:04.863+0000] {processor.py:186} INFO - Started process (PID=282) to work on /home/airflow/.local/lib/python3.12/site-packages/airflow/example_dags/example_setup_teardown.py
[2024-09-03T11:29:04.865+0000] {processor.py:914} INFO - Processing file /home/airflow/.local/lib/python3.12/site-packages/airflow/example_dags/example_setup_teardown.py for tasks to queue
[2024-09-03T11:29:04.868+0000] {logging_mixin.py:190} INFO - [2024-09-03T11:29:04.867+0000] {dagbag.py:587} INFO - Filling up the DagBag from /home/airflow/.local/lib/python3.12/site-packages/airflow/example_dags/example_setup_teardown.py
[2024-09-03T11:29:04.877+0000] {processor.py:925} INFO - DAG(s) 'example_setup_teardown' retrieved from /home/airflow/.local/lib/python3.12/site-packages/airflow/example_dags/example_setup_teardown.py
[2024-09-03T11:29:04.903+0000] {logging_mixin.py:190} INFO - [2024-09-03T11:29:04.902+0000] {dag.py:3211} INFO - Sync 1 DAGs
[2024-09-03T11:29:04.931+0000] {logging_mixin.py:190} INFO - [2024-09-03T11:29:04.931+0000] {dag.py:4138} INFO - Setting next_dagrun for example_setup_teardown to 2024-09-02 00:00:00+00:00, run_after=2024-09-03 00:00:00+00:00
[2024-09-03T11:29:04.958+0000] {processor.py:208} INFO - Processing /home/airflow/.local/lib/python3.12/site-packages/airflow/example_dags/example_setup_teardown.py took 0.101 seconds
[2024-09-03T11:29:35.529+0000] {processor.py:186} INFO - Started process (PID=345) to work on /home/airflow/.local/lib/python3.12/site-packages/airflow/example_dags/example_setup_teardown.py
[2024-09-03T11:29:35.530+0000] {processor.py:914} INFO - Processing file /home/airflow/.local/lib/python3.12/site-packages/airflow/example_dags/example_setup_teardown.py for tasks to queue
[2024-09-03T11:29:35.533+0000] {logging_mixin.py:190} INFO - [2024-09-03T11:29:35.532+0000] {dagbag.py:587} INFO - Filling up the DagBag from /home/airflow/.local/lib/python3.12/site-packages/airflow/example_dags/example_setup_teardown.py
[2024-09-03T11:29:35.542+0000] {processor.py:925} INFO - DAG(s) 'example_setup_teardown' retrieved from /home/airflow/.local/lib/python3.12/site-packages/airflow/example_dags/example_setup_teardown.py
[2024-09-03T11:29:35.566+0000] {logging_mixin.py:190} INFO - [2024-09-03T11:29:35.566+0000] {dag.py:3211} INFO - Sync 1 DAGs
[2024-09-03T11:29:35.593+0000] {logging_mixin.py:190} INFO - [2024-09-03T11:29:35.592+0000] {dag.py:4138} INFO - Setting next_dagrun for example_setup_teardown to 2024-09-02 00:00:00+00:00, run_after=2024-09-03 00:00:00+00:00
[2024-09-03T11:29:35.618+0000] {processor.py:208} INFO - Processing /home/airflow/.local/lib/python3.12/site-packages/airflow/example_dags/example_setup_teardown.py took 0.095 seconds
[2024-09-03T11:30:06.386+0000] {processor.py:186} INFO - Started process (PID=408) to work on /home/airflow/.local/lib/python3.12/site-packages/airflow/example_dags/example_setup_teardown.py
[2024-09-03T11:30:06.388+0000] {processor.py:914} INFO - Processing file /home/airflow/.local/lib/python3.12/site-packages/airflow/example_dags/example_setup_teardown.py for tasks to queue
[2024-09-03T11:30:06.391+0000] {logging_mixin.py:190} INFO - [2024-09-03T11:30:06.390+0000] {dagbag.py:587} INFO - Filling up the DagBag from /home/airflow/.local/lib/python3.12/site-packages/airflow/example_dags/example_setup_teardown.py
[2024-09-03T11:30:06.402+0000] {processor.py:925} INFO - DAG(s) 'example_setup_teardown' retrieved from /home/airflow/.local/lib/python3.12/site-packages/airflow/example_dags/example_setup_teardown.py
[2024-09-03T11:30:06.428+0000] {logging_mixin.py:190} INFO - [2024-09-03T11:30:06.427+0000] {dag.py:3211} INFO - Sync 1 DAGs
[2024-09-03T11:30:06.457+0000] {logging_mixin.py:190} INFO - [2024-09-03T11:30:06.456+0000] {dag.py:4138} INFO - Setting next_dagrun for example_setup_teardown to 2024-09-02 00:00:00+00:00, run_after=2024-09-03 00:00:00+00:00
[2024-09-03T11:30:06.483+0000] {processor.py:208} INFO - Processing /home/airflow/.local/lib/python3.12/site-packages/airflow/example_dags/example_setup_teardown.py took 0.102 seconds
[2024-09-03T11:30:36.705+0000] {processor.py:186} INFO - Started process (PID=470) to work on /home/airflow/.local/lib/python3.12/site-packages/airflow/example_dags/example_setup_teardown.py
[2024-09-03T11:30:36.707+0000] {processor.py:914} INFO - Processing file /home/airflow/.local/lib/python3.12/site-packages/airflow/example_dags/example_setup_teardown.py for tasks to queue
[2024-09-03T11:30:36.710+0000] {logging_mixin.py:190} INFO - [2024-09-03T11:30:36.709+0000] {dagbag.py:587} INFO - Filling up the DagBag from /home/airflow/.local/lib/python3.12/site-packages/airflow/example_dags/example_setup_teardown.py
[2024-09-03T11:30:36.718+0000] {processor.py:925} INFO - DAG(s) 'example_setup_teardown' retrieved from /home/airflow/.local/lib/python3.12/site-packages/airflow/example_dags/example_setup_teardown.py
[2024-09-03T11:30:36.741+0000] {logging_mixin.py:190} INFO - [2024-09-03T11:30:36.741+0000] {dag.py:3211} INFO - Sync 1 DAGs
[2024-09-03T11:30:36.774+0000] {logging_mixin.py:190} INFO - [2024-09-03T11:30:36.773+0000] {dag.py:4138} INFO - Setting next_dagrun for example_setup_teardown to 2024-09-02 00:00:00+00:00, run_after=2024-09-03 00:00:00+00:00
[2024-09-03T11:30:36.800+0000] {processor.py:208} INFO - Processing /home/airflow/.local/lib/python3.12/site-packages/airflow/example_dags/example_setup_teardown.py took 0.101 seconds
[2024-09-03T11:31:07.059+0000] {processor.py:186} INFO - Started process (PID=534) to work on /home/airflow/.local/lib/python3.12/site-packages/airflow/example_dags/example_setup_teardown.py
[2024-09-03T11:31:07.061+0000] {processor.py:914} INFO - Processing file /home/airflow/.local/lib/python3.12/site-packages/airflow/example_dags/example_setup_teardown.py for tasks to queue
[2024-09-03T11:31:07.064+0000] {logging_mixin.py:190} INFO - [2024-09-03T11:31:07.063+0000] {dagbag.py:587} INFO - Filling up the DagBag from /home/airflow/.local/lib/python3.12/site-packages/airflow/example_dags/example_setup_teardown.py
[2024-09-03T11:31:07.074+0000] {processor.py:925} INFO - DAG(s) 'example_setup_teardown' retrieved from /home/airflow/.local/lib/python3.12/site-packages/airflow/example_dags/example_setup_teardown.py
[2024-09-03T11:31:07.099+0000] {logging_mixin.py:190} INFO - [2024-09-03T11:31:07.099+0000] {dag.py:3211} INFO - Sync 1 DAGs
[2024-09-03T11:31:07.129+0000] {logging_mixin.py:190} INFO - [2024-09-03T11:31:07.129+0000] {dag.py:4138} INFO - Setting next_dagrun for example_setup_teardown to 2024-09-02 00:00:00+00:00, run_after=2024-09-03 00:00:00+00:00
[2024-09-03T11:31:07.155+0000] {processor.py:208} INFO - Processing /home/airflow/.local/lib/python3.12/site-packages/airflow/example_dags/example_setup_teardown.py took 0.102 seconds
[2024-09-03T11:31:37.553+0000] {processor.py:186} INFO - Started process (PID=597) to work on /home/airflow/.local/lib/python3.12/site-packages/airflow/example_dags/example_setup_teardown.py
[2024-09-03T11:31:37.555+0000] {processor.py:914} INFO - Processing file /home/airflow/.local/lib/python3.12/site-packages/airflow/example_dags/example_setup_teardown.py for tasks to queue
[2024-09-03T11:31:37.558+0000] {logging_mixin.py:190} INFO - [2024-09-03T11:31:37.558+0000] {dagbag.py:587} INFO - Filling up the DagBag from /home/airflow/.local/lib/python3.12/site-packages/airflow/example_dags/example_setup_teardown.py
[2024-09-03T11:31:37.571+0000] {processor.py:925} INFO - DAG(s) 'example_setup_teardown' retrieved from /home/airflow/.local/lib/python3.12/site-packages/airflow/example_dags/example_setup_teardown.py
[2024-09-03T11:31:37.602+0000] {logging_mixin.py:190} INFO - [2024-09-03T11:31:37.601+0000] {dag.py:3211} INFO - Sync 1 DAGs
[2024-09-03T11:31:37.632+0000] {logging_mixin.py:190} INFO - [2024-09-03T11:31:37.632+0000] {dag.py:4138} INFO - Setting next_dagrun for example_setup_teardown to 2024-09-02 00:00:00+00:00, run_after=2024-09-03 00:00:00+00:00
[2024-09-03T11:31:37.661+0000] {processor.py:208} INFO - Processing /home/airflow/.local/lib/python3.12/site-packages/airflow/example_dags/example_setup_teardown.py took 0.117 seconds
[2024-09-03T11:32:07.872+0000] {processor.py:186} INFO - Started process (PID=660) to work on /home/airflow/.local/lib/python3.12/site-packages/airflow/example_dags/example_setup_teardown.py
[2024-09-03T11:32:07.873+0000] {processor.py:914} INFO - Processing file /home/airflow/.local/lib/python3.12/site-packages/airflow/example_dags/example_setup_teardown.py for tasks to queue
[2024-09-03T11:32:07.876+0000] {logging_mixin.py:190} INFO - [2024-09-03T11:32:07.876+0000] {dagbag.py:587} INFO - Filling up the DagBag from /home/airflow/.local/lib/python3.12/site-packages/airflow/example_dags/example_setup_teardown.py
[2024-09-03T11:32:07.885+0000] {processor.py:925} INFO - DAG(s) 'example_setup_teardown' retrieved from /home/airflow/.local/lib/python3.12/site-packages/airflow/example_dags/example_setup_teardown.py
[2024-09-03T11:32:07.908+0000] {logging_mixin.py:190} INFO - [2024-09-03T11:32:07.908+0000] {dag.py:3211} INFO - Sync 1 DAGs
[2024-09-03T11:32:07.934+0000] {logging_mixin.py:190} INFO - [2024-09-03T11:32:07.934+0000] {dag.py:4138} INFO - Setting next_dagrun for example_setup_teardown to 2024-09-02 00:00:00+00:00, run_after=2024-09-03 00:00:00+00:00
[2024-09-03T11:32:07.960+0000] {processor.py:208} INFO - Processing /home/airflow/.local/lib/python3.12/site-packages/airflow/example_dags/example_setup_teardown.py took 0.095 seconds
[2024-09-03T11:32:38.069+0000] {processor.py:186} INFO - Started process (PID=723) to work on /home/airflow/.local/lib/python3.12/site-packages/airflow/example_dags/example_setup_teardown.py
[2024-09-03T11:32:38.071+0000] {processor.py:914} INFO - Processing file /home/airflow/.local/lib/python3.12/site-packages/airflow/example_dags/example_setup_teardown.py for tasks to queue
[2024-09-03T11:32:38.076+0000] {logging_mixin.py:190} INFO - [2024-09-03T11:32:38.076+0000] {dagbag.py:587} INFO - Filling up the DagBag from /home/airflow/.local/lib/python3.12/site-packages/airflow/example_dags/example_setup_teardown.py
[2024-09-03T11:32:38.097+0000] {processor.py:925} INFO - DAG(s) 'example_setup_teardown' retrieved from /home/airflow/.local/lib/python3.12/site-packages/airflow/example_dags/example_setup_teardown.py
[2024-09-03T11:32:38.153+0000] {logging_mixin.py:190} INFO - [2024-09-03T11:32:38.152+0000] {dag.py:3211} INFO - Sync 1 DAGs
[2024-09-03T11:32:38.209+0000] {logging_mixin.py:190} INFO - [2024-09-03T11:32:38.209+0000] {dag.py:4138} INFO - Setting next_dagrun for example_setup_teardown to 2024-09-02 00:00:00+00:00, run_after=2024-09-03 00:00:00+00:00
[2024-09-03T11:32:38.255+0000] {processor.py:208} INFO - Processing /home/airflow/.local/lib/python3.12/site-packages/airflow/example_dags/example_setup_teardown.py took 0.201 seconds
[2024-09-03T11:33:08.975+0000] {processor.py:186} INFO - Started process (PID=786) to work on /home/airflow/.local/lib/python3.12/site-packages/airflow/example_dags/example_setup_teardown.py
[2024-09-03T11:33:08.977+0000] {processor.py:914} INFO - Processing file /home/airflow/.local/lib/python3.12/site-packages/airflow/example_dags/example_setup_teardown.py for tasks to queue
[2024-09-03T11:33:08.980+0000] {logging_mixin.py:190} INFO - [2024-09-03T11:33:08.980+0000] {dagbag.py:587} INFO - Filling up the DagBag from /home/airflow/.local/lib/python3.12/site-packages/airflow/example_dags/example_setup_teardown.py
[2024-09-03T11:33:08.996+0000] {processor.py:925} INFO - DAG(s) 'example_setup_teardown' retrieved from /home/airflow/.local/lib/python3.12/site-packages/airflow/example_dags/example_setup_teardown.py
[2024-09-03T11:33:09.033+0000] {logging_mixin.py:190} INFO - [2024-09-03T11:33:09.033+0000] {dag.py:3211} INFO - Sync 1 DAGs
[2024-09-03T11:33:09.084+0000] {logging_mixin.py:190} INFO - [2024-09-03T11:33:09.084+0000] {dag.py:4138} INFO - Setting next_dagrun for example_setup_teardown to 2024-09-02 00:00:00+00:00, run_after=2024-09-03 00:00:00+00:00
[2024-09-03T11:33:09.121+0000] {processor.py:208} INFO - Processing /home/airflow/.local/lib/python3.12/site-packages/airflow/example_dags/example_setup_teardown.py took 0.153 seconds
[2024-09-03T11:33:39.273+0000] {processor.py:186} INFO - Started process (PID=849) to work on /home/airflow/.local/lib/python3.12/site-packages/airflow/example_dags/example_setup_teardown.py
[2024-09-03T11:33:39.274+0000] {processor.py:914} INFO - Processing file /home/airflow/.local/lib/python3.12/site-packages/airflow/example_dags/example_setup_teardown.py for tasks to queue
[2024-09-03T11:33:39.277+0000] {logging_mixin.py:190} INFO - [2024-09-03T11:33:39.276+0000] {dagbag.py:587} INFO - Filling up the DagBag from /home/airflow/.local/lib/python3.12/site-packages/airflow/example_dags/example_setup_teardown.py
[2024-09-03T11:33:39.284+0000] {processor.py:925} INFO - DAG(s) 'example_setup_teardown' retrieved from /home/airflow/.local/lib/python3.12/site-packages/airflow/example_dags/example_setup_teardown.py
[2024-09-03T11:33:39.310+0000] {logging_mixin.py:190} INFO - [2024-09-03T11:33:39.310+0000] {dag.py:3211} INFO - Sync 1 DAGs
[2024-09-03T11:33:39.334+0000] {logging_mixin.py:190} INFO - [2024-09-03T11:33:39.334+0000] {dag.py:4138} INFO - Setting next_dagrun for example_setup_teardown to 2024-09-02 00:00:00+00:00, run_after=2024-09-03 00:00:00+00:00
[2024-09-03T11:33:39.363+0000] {processor.py:208} INFO - Processing /home/airflow/.local/lib/python3.12/site-packages/airflow/example_dags/example_setup_teardown.py took 0.096 seconds
[2024-09-03T11:34:10.104+0000] {processor.py:186} INFO - Started process (PID=912) to work on /home/airflow/.local/lib/python3.12/site-packages/airflow/example_dags/example_setup_teardown.py
[2024-09-03T11:34:10.105+0000] {processor.py:914} INFO - Processing file /home/airflow/.local/lib/python3.12/site-packages/airflow/example_dags/example_setup_teardown.py for tasks to queue
[2024-09-03T11:34:10.109+0000] {logging_mixin.py:190} INFO - [2024-09-03T11:34:10.109+0000] {dagbag.py:587} INFO - Filling up the DagBag from /home/airflow/.local/lib/python3.12/site-packages/airflow/example_dags/example_setup_teardown.py
[2024-09-03T11:34:10.123+0000] {processor.py:925} INFO - DAG(s) 'example_setup_teardown' retrieved from /home/airflow/.local/lib/python3.12/site-packages/airflow/example_dags/example_setup_teardown.py
[2024-09-03T11:34:10.152+0000] {logging_mixin.py:190} INFO - [2024-09-03T11:34:10.152+0000] {dag.py:3211} INFO - Sync 1 DAGs
[2024-09-03T11:34:10.179+0000] {logging_mixin.py:190} INFO - [2024-09-03T11:34:10.178+0000] {dag.py:4138} INFO - Setting next_dagrun for example_setup_teardown to 2024-09-02 00:00:00+00:00, run_after=2024-09-03 00:00:00+00:00
[2024-09-03T11:34:10.219+0000] {processor.py:208} INFO - Processing /home/airflow/.local/lib/python3.12/site-packages/airflow/example_dags/example_setup_teardown.py took 0.123 seconds
[2024-09-03T11:34:40.621+0000] {processor.py:186} INFO - Started process (PID=975) to work on /home/airflow/.local/lib/python3.12/site-packages/airflow/example_dags/example_setup_teardown.py
[2024-09-03T11:34:40.623+0000] {processor.py:914} INFO - Processing file /home/airflow/.local/lib/python3.12/site-packages/airflow/example_dags/example_setup_teardown.py for tasks to queue
[2024-09-03T11:34:40.626+0000] {logging_mixin.py:190} INFO - [2024-09-03T11:34:40.626+0000] {dagbag.py:587} INFO - Filling up the DagBag from /home/airflow/.local/lib/python3.12/site-packages/airflow/example_dags/example_setup_teardown.py
[2024-09-03T11:34:40.640+0000] {processor.py:925} INFO - DAG(s) 'example_setup_teardown' retrieved from /home/airflow/.local/lib/python3.12/site-packages/airflow/example_dags/example_setup_teardown.py
[2024-09-03T11:34:40.693+0000] {logging_mixin.py:190} INFO - [2024-09-03T11:34:40.692+0000] {dag.py:3211} INFO - Sync 1 DAGs
[2024-09-03T11:34:40.741+0000] {logging_mixin.py:190} INFO - [2024-09-03T11:34:40.741+0000] {dag.py:4138} INFO - Setting next_dagrun for example_setup_teardown to 2024-09-02 00:00:00+00:00, run_after=2024-09-03 00:00:00+00:00
[2024-09-03T11:34:40.785+0000] {processor.py:208} INFO - Processing /home/airflow/.local/lib/python3.12/site-packages/airflow/example_dags/example_setup_teardown.py took 0.172 seconds
[2024-09-03T11:35:10.994+0000] {processor.py:186} INFO - Started process (PID=1038) to work on /home/airflow/.local/lib/python3.12/site-packages/airflow/example_dags/example_setup_teardown.py
[2024-09-03T11:35:10.995+0000] {processor.py:914} INFO - Processing file /home/airflow/.local/lib/python3.12/site-packages/airflow/example_dags/example_setup_teardown.py for tasks to queue
[2024-09-03T11:35:10.999+0000] {logging_mixin.py:190} INFO - [2024-09-03T11:35:10.998+0000] {dagbag.py:587} INFO - Filling up the DagBag from /home/airflow/.local/lib/python3.12/site-packages/airflow/example_dags/example_setup_teardown.py
[2024-09-03T11:35:11.007+0000] {processor.py:925} INFO - DAG(s) 'example_setup_teardown' retrieved from /home/airflow/.local/lib/python3.12/site-packages/airflow/example_dags/example_setup_teardown.py
[2024-09-03T11:35:11.033+0000] {logging_mixin.py:190} INFO - [2024-09-03T11:35:11.033+0000] {dag.py:3211} INFO - Sync 1 DAGs
[2024-09-03T11:35:11.058+0000] {logging_mixin.py:190} INFO - [2024-09-03T11:35:11.058+0000] {dag.py:4138} INFO - Setting next_dagrun for example_setup_teardown to 2024-09-02 00:00:00+00:00, run_after=2024-09-03 00:00:00+00:00
[2024-09-03T11:35:11.082+0000] {processor.py:208} INFO - Processing /home/airflow/.local/lib/python3.12/site-packages/airflow/example_dags/example_setup_teardown.py took 0.094 seconds
[2024-09-03T11:35:41.616+0000] {processor.py:186} INFO - Started process (PID=1101) to work on /home/airflow/.local/lib/python3.12/site-packages/airflow/example_dags/example_setup_teardown.py
[2024-09-03T11:35:41.617+0000] {processor.py:914} INFO - Processing file /home/airflow/.local/lib/python3.12/site-packages/airflow/example_dags/example_setup_teardown.py for tasks to queue
[2024-09-03T11:35:41.621+0000] {logging_mixin.py:190} INFO - [2024-09-03T11:35:41.620+0000] {dagbag.py:587} INFO - Filling up the DagBag from /home/airflow/.local/lib/python3.12/site-packages/airflow/example_dags/example_setup_teardown.py
[2024-09-03T11:35:41.630+0000] {processor.py:925} INFO - DAG(s) 'example_setup_teardown' retrieved from /home/airflow/.local/lib/python3.12/site-packages/airflow/example_dags/example_setup_teardown.py
[2024-09-03T11:35:41.654+0000] {logging_mixin.py:190} INFO - [2024-09-03T11:35:41.653+0000] {dag.py:3211} INFO - Sync 1 DAGs
[2024-09-03T11:35:41.679+0000] {logging_mixin.py:190} INFO - [2024-09-03T11:35:41.678+0000] {dag.py:4138} INFO - Setting next_dagrun for example_setup_teardown to 2024-09-02 00:00:00+00:00, run_after=2024-09-03 00:00:00+00:00
[2024-09-03T11:35:41.705+0000] {processor.py:208} INFO - Processing /home/airflow/.local/lib/python3.12/site-packages/airflow/example_dags/example_setup_teardown.py took 0.094 seconds
[2024-09-03T11:36:12.580+0000] {processor.py:186} INFO - Started process (PID=1164) to work on /home/airflow/.local/lib/python3.12/site-packages/airflow/example_dags/example_setup_teardown.py
[2024-09-03T11:36:12.581+0000] {processor.py:914} INFO - Processing file /home/airflow/.local/lib/python3.12/site-packages/airflow/example_dags/example_setup_teardown.py for tasks to queue
[2024-09-03T11:36:12.585+0000] {logging_mixin.py:190} INFO - [2024-09-03T11:36:12.584+0000] {dagbag.py:587} INFO - Filling up the DagBag from /home/airflow/.local/lib/python3.12/site-packages/airflow/example_dags/example_setup_teardown.py
[2024-09-03T11:36:12.593+0000] {processor.py:925} INFO - DAG(s) 'example_setup_teardown' retrieved from /home/airflow/.local/lib/python3.12/site-packages/airflow/example_dags/example_setup_teardown.py
[2024-09-03T11:36:12.618+0000] {logging_mixin.py:190} INFO - [2024-09-03T11:36:12.618+0000] {dag.py:3211} INFO - Sync 1 DAGs
[2024-09-03T11:36:12.642+0000] {logging_mixin.py:190} INFO - [2024-09-03T11:36:12.642+0000] {dag.py:4138} INFO - Setting next_dagrun for example_setup_teardown to 2024-09-02 00:00:00+00:00, run_after=2024-09-03 00:00:00+00:00
[2024-09-03T11:36:12.666+0000] {processor.py:208} INFO - Processing /home/airflow/.local/lib/python3.12/site-packages/airflow/example_dags/example_setup_teardown.py took 0.091 seconds
[2024-09-03T11:36:43.694+0000] {processor.py:186} INFO - Started process (PID=1227) to work on /home/airflow/.local/lib/python3.12/site-packages/airflow/example_dags/example_setup_teardown.py
[2024-09-03T11:36:43.696+0000] {processor.py:914} INFO - Processing file /home/airflow/.local/lib/python3.12/site-packages/airflow/example_dags/example_setup_teardown.py for tasks to queue
[2024-09-03T11:36:43.700+0000] {logging_mixin.py:190} INFO - [2024-09-03T11:36:43.700+0000] {dagbag.py:587} INFO - Filling up the DagBag from /home/airflow/.local/lib/python3.12/site-packages/airflow/example_dags/example_setup_teardown.py
[2024-09-03T11:36:43.716+0000] {processor.py:925} INFO - DAG(s) 'example_setup_teardown' retrieved from /home/airflow/.local/lib/python3.12/site-packages/airflow/example_dags/example_setup_teardown.py
[2024-09-03T11:36:43.747+0000] {logging_mixin.py:190} INFO - [2024-09-03T11:36:43.747+0000] {dag.py:3211} INFO - Sync 1 DAGs
[2024-09-03T11:36:43.785+0000] {logging_mixin.py:190} INFO - [2024-09-03T11:36:43.784+0000] {dag.py:4138} INFO - Setting next_dagrun for example_setup_teardown to 2024-09-02 00:00:00+00:00, run_after=2024-09-03 00:00:00+00:00
[2024-09-03T11:36:43.819+0000] {processor.py:208} INFO - Processing /home/airflow/.local/lib/python3.12/site-packages/airflow/example_dags/example_setup_teardown.py took 0.133 seconds
[2024-09-03T11:37:15.713+0000] {processor.py:186} INFO - Started process (PID=1290) to work on /home/airflow/.local/lib/python3.12/site-packages/airflow/example_dags/example_setup_teardown.py
[2024-09-03T11:37:15.715+0000] {processor.py:914} INFO - Processing file /home/airflow/.local/lib/python3.12/site-packages/airflow/example_dags/example_setup_teardown.py for tasks to queue
[2024-09-03T11:37:15.720+0000] {logging_mixin.py:190} INFO - [2024-09-03T11:37:15.719+0000] {dagbag.py:587} INFO - Filling up the DagBag from /home/airflow/.local/lib/python3.12/site-packages/airflow/example_dags/example_setup_teardown.py
[2024-09-03T11:37:15.736+0000] {processor.py:925} INFO - DAG(s) 'example_setup_teardown' retrieved from /home/airflow/.local/lib/python3.12/site-packages/airflow/example_dags/example_setup_teardown.py
[2024-09-03T11:37:15.774+0000] {logging_mixin.py:190} INFO - [2024-09-03T11:37:15.774+0000] {dag.py:3211} INFO - Sync 1 DAGs
[2024-09-03T11:37:15.819+0000] {logging_mixin.py:190} INFO - [2024-09-03T11:37:15.818+0000] {dag.py:4138} INFO - Setting next_dagrun for example_setup_teardown to 2024-09-02 00:00:00+00:00, run_after=2024-09-03 00:00:00+00:00
[2024-09-03T11:37:15.862+0000] {processor.py:208} INFO - Processing /home/airflow/.local/lib/python3.12/site-packages/airflow/example_dags/example_setup_teardown.py took 0.158 seconds
[2024-09-03T11:37:45.981+0000] {processor.py:186} INFO - Started process (PID=1353) to work on /home/airflow/.local/lib/python3.12/site-packages/airflow/example_dags/example_setup_teardown.py
[2024-09-03T11:37:45.982+0000] {processor.py:914} INFO - Processing file /home/airflow/.local/lib/python3.12/site-packages/airflow/example_dags/example_setup_teardown.py for tasks to queue
[2024-09-03T11:37:45.987+0000] {logging_mixin.py:190} INFO - [2024-09-03T11:37:45.986+0000] {dagbag.py:587} INFO - Filling up the DagBag from /home/airflow/.local/lib/python3.12/site-packages/airflow/example_dags/example_setup_teardown.py
[2024-09-03T11:37:46.001+0000] {processor.py:925} INFO - DAG(s) 'example_setup_teardown' retrieved from /home/airflow/.local/lib/python3.12/site-packages/airflow/example_dags/example_setup_teardown.py
[2024-09-03T11:37:46.031+0000] {logging_mixin.py:190} INFO - [2024-09-03T11:37:46.030+0000] {dag.py:3211} INFO - Sync 1 DAGs
[2024-09-03T11:37:46.065+0000] {logging_mixin.py:190} INFO - [2024-09-03T11:37:46.065+0000] {dag.py:4138} INFO - Setting next_dagrun for example_setup_teardown to 2024-09-02 00:00:00+00:00, run_after=2024-09-03 00:00:00+00:00
[2024-09-03T11:37:46.104+0000] {processor.py:208} INFO - Processing /home/airflow/.local/lib/python3.12/site-packages/airflow/example_dags/example_setup_teardown.py took 0.130 seconds
[2024-09-03T11:38:16.886+0000] {processor.py:186} INFO - Started process (PID=1416) to work on /home/airflow/.local/lib/python3.12/site-packages/airflow/example_dags/example_setup_teardown.py
[2024-09-03T11:38:16.888+0000] {processor.py:914} INFO - Processing file /home/airflow/.local/lib/python3.12/site-packages/airflow/example_dags/example_setup_teardown.py for tasks to queue
[2024-09-03T11:38:16.892+0000] {logging_mixin.py:190} INFO - [2024-09-03T11:38:16.892+0000] {dagbag.py:587} INFO - Filling up the DagBag from /home/airflow/.local/lib/python3.12/site-packages/airflow/example_dags/example_setup_teardown.py
[2024-09-03T11:38:16.908+0000] {processor.py:925} INFO - DAG(s) 'example_setup_teardown' retrieved from /home/airflow/.local/lib/python3.12/site-packages/airflow/example_dags/example_setup_teardown.py
[2024-09-03T11:38:16.948+0000] {logging_mixin.py:190} INFO - [2024-09-03T11:38:16.947+0000] {dag.py:3211} INFO - Sync 1 DAGs
[2024-09-03T11:38:16.995+0000] {logging_mixin.py:190} INFO - [2024-09-03T11:38:16.994+0000] {dag.py:4138} INFO - Setting next_dagrun for example_setup_teardown to 2024-09-02 00:00:00+00:00, run_after=2024-09-03 00:00:00+00:00
[2024-09-03T11:38:17.037+0000] {processor.py:208} INFO - Processing /home/airflow/.local/lib/python3.12/site-packages/airflow/example_dags/example_setup_teardown.py took 0.160 seconds
[2024-09-03T11:38:47.815+0000] {processor.py:186} INFO - Started process (PID=1479) to work on /home/airflow/.local/lib/python3.12/site-packages/airflow/example_dags/example_setup_teardown.py
[2024-09-03T11:38:47.817+0000] {processor.py:914} INFO - Processing file /home/airflow/.local/lib/python3.12/site-packages/airflow/example_dags/example_setup_teardown.py for tasks to queue
[2024-09-03T11:38:47.822+0000] {logging_mixin.py:190} INFO - [2024-09-03T11:38:47.821+0000] {dagbag.py:587} INFO - Filling up the DagBag from /home/airflow/.local/lib/python3.12/site-packages/airflow/example_dags/example_setup_teardown.py
[2024-09-03T11:38:47.836+0000] {processor.py:925} INFO - DAG(s) 'example_setup_teardown' retrieved from /home/airflow/.local/lib/python3.12/site-packages/airflow/example_dags/example_setup_teardown.py
[2024-09-03T11:38:47.881+0000] {logging_mixin.py:190} INFO - [2024-09-03T11:38:47.880+0000] {dag.py:3211} INFO - Sync 1 DAGs
[2024-09-03T11:38:47.927+0000] {logging_mixin.py:190} INFO - [2024-09-03T11:38:47.927+0000] {dag.py:4138} INFO - Setting next_dagrun for example_setup_teardown to 2024-09-02 00:00:00+00:00, run_after=2024-09-03 00:00:00+00:00
[2024-09-03T11:38:47.967+0000] {processor.py:208} INFO - Processing /home/airflow/.local/lib/python3.12/site-packages/airflow/example_dags/example_setup_teardown.py took 0.161 seconds
[2024-09-03T11:39:18.215+0000] {processor.py:186} INFO - Started process (PID=1542) to work on /home/airflow/.local/lib/python3.12/site-packages/airflow/example_dags/example_setup_teardown.py
[2024-09-03T11:39:18.217+0000] {processor.py:914} INFO - Processing file /home/airflow/.local/lib/python3.12/site-packages/airflow/example_dags/example_setup_teardown.py for tasks to queue
[2024-09-03T11:39:18.221+0000] {logging_mixin.py:190} INFO - [2024-09-03T11:39:18.221+0000] {dagbag.py:587} INFO - Filling up the DagBag from /home/airflow/.local/lib/python3.12/site-packages/airflow/example_dags/example_setup_teardown.py
[2024-09-03T11:39:18.232+0000] {processor.py:925} INFO - DAG(s) 'example_setup_teardown' retrieved from /home/airflow/.local/lib/python3.12/site-packages/airflow/example_dags/example_setup_teardown.py
[2024-09-03T11:39:18.273+0000] {logging_mixin.py:190} INFO - [2024-09-03T11:39:18.273+0000] {dag.py:3211} INFO - Sync 1 DAGs
[2024-09-03T11:39:18.315+0000] {logging_mixin.py:190} INFO - [2024-09-03T11:39:18.315+0000] {dag.py:4138} INFO - Setting next_dagrun for example_setup_teardown to 2024-09-02 00:00:00+00:00, run_after=2024-09-03 00:00:00+00:00
[2024-09-03T11:39:18.356+0000] {processor.py:208} INFO - Processing /home/airflow/.local/lib/python3.12/site-packages/airflow/example_dags/example_setup_teardown.py took 0.147 seconds
[2024-09-03T11:39:48.648+0000] {processor.py:186} INFO - Started process (PID=1605) to work on /home/airflow/.local/lib/python3.12/site-packages/airflow/example_dags/example_setup_teardown.py
[2024-09-03T11:39:48.650+0000] {processor.py:914} INFO - Processing file /home/airflow/.local/lib/python3.12/site-packages/airflow/example_dags/example_setup_teardown.py for tasks to queue
[2024-09-03T11:39:48.654+0000] {logging_mixin.py:190} INFO - [2024-09-03T11:39:48.653+0000] {dagbag.py:587} INFO - Filling up the DagBag from /home/airflow/.local/lib/python3.12/site-packages/airflow/example_dags/example_setup_teardown.py
[2024-09-03T11:39:48.663+0000] {processor.py:925} INFO - DAG(s) 'example_setup_teardown' retrieved from /home/airflow/.local/lib/python3.12/site-packages/airflow/example_dags/example_setup_teardown.py
[2024-09-03T11:39:48.692+0000] {logging_mixin.py:190} INFO - [2024-09-03T11:39:48.691+0000] {dag.py:3211} INFO - Sync 1 DAGs
[2024-09-03T11:39:48.722+0000] {logging_mixin.py:190} INFO - [2024-09-03T11:39:48.722+0000] {dag.py:4138} INFO - Setting next_dagrun for example_setup_teardown to 2024-09-02 00:00:00+00:00, run_after=2024-09-03 00:00:00+00:00
[2024-09-03T11:39:48.752+0000] {processor.py:208} INFO - Processing /home/airflow/.local/lib/python3.12/site-packages/airflow/example_dags/example_setup_teardown.py took 0.111 seconds
[2024-09-03T11:40:18.900+0000] {processor.py:186} INFO - Started process (PID=1668) to work on /home/airflow/.local/lib/python3.12/site-packages/airflow/example_dags/example_setup_teardown.py
[2024-09-03T11:40:18.901+0000] {processor.py:914} INFO - Processing file /home/airflow/.local/lib/python3.12/site-packages/airflow/example_dags/example_setup_teardown.py for tasks to queue
[2024-09-03T11:40:18.905+0000] {logging_mixin.py:190} INFO - [2024-09-03T11:40:18.904+0000] {dagbag.py:587} INFO - Filling up the DagBag from /home/airflow/.local/lib/python3.12/site-packages/airflow/example_dags/example_setup_teardown.py
[2024-09-03T11:40:18.915+0000] {processor.py:925} INFO - DAG(s) 'example_setup_teardown' retrieved from /home/airflow/.local/lib/python3.12/site-packages/airflow/example_dags/example_setup_teardown.py
[2024-09-03T11:40:18.944+0000] {logging_mixin.py:190} INFO - [2024-09-03T11:40:18.943+0000] {dag.py:3211} INFO - Sync 1 DAGs
[2024-09-03T11:40:18.991+0000] {logging_mixin.py:190} INFO - [2024-09-03T11:40:18.991+0000] {dag.py:4138} INFO - Setting next_dagrun for example_setup_teardown to 2024-09-02 00:00:00+00:00, run_after=2024-09-03 00:00:00+00:00
[2024-09-03T11:40:19.032+0000] {processor.py:208} INFO - Processing /home/airflow/.local/lib/python3.12/site-packages/airflow/example_dags/example_setup_teardown.py took 0.138 seconds
[2024-09-03T11:40:50.230+0000] {processor.py:186} INFO - Started process (PID=1732) to work on /home/airflow/.local/lib/python3.12/site-packages/airflow/example_dags/example_setup_teardown.py
[2024-09-03T11:40:50.234+0000] {processor.py:914} INFO - Processing file /home/airflow/.local/lib/python3.12/site-packages/airflow/example_dags/example_setup_teardown.py for tasks to queue
[2024-09-03T11:40:50.247+0000] {logging_mixin.py:190} INFO - [2024-09-03T11:40:50.247+0000] {dagbag.py:587} INFO - Filling up the DagBag from /home/airflow/.local/lib/python3.12/site-packages/airflow/example_dags/example_setup_teardown.py
[2024-09-03T11:40:50.290+0000] {processor.py:925} INFO - DAG(s) 'example_setup_teardown' retrieved from /home/airflow/.local/lib/python3.12/site-packages/airflow/example_dags/example_setup_teardown.py
[2024-09-03T11:40:50.399+0000] {logging_mixin.py:190} INFO - [2024-09-03T11:40:50.398+0000] {dag.py:3211} INFO - Sync 1 DAGs
[2024-09-03T11:40:50.507+0000] {logging_mixin.py:190} INFO - [2024-09-03T11:40:50.507+0000] {dag.py:4138} INFO - Setting next_dagrun for example_setup_teardown to 2024-09-02 00:00:00+00:00, run_after=2024-09-03 00:00:00+00:00
[2024-09-03T11:40:50.589+0000] {processor.py:208} INFO - Processing /home/airflow/.local/lib/python3.12/site-packages/airflow/example_dags/example_setup_teardown.py took 0.380 seconds
[2024-09-03T11:41:20.735+0000] {processor.py:186} INFO - Started process (PID=1795) to work on /home/airflow/.local/lib/python3.12/site-packages/airflow/example_dags/example_setup_teardown.py
[2024-09-03T11:41:20.737+0000] {processor.py:914} INFO - Processing file /home/airflow/.local/lib/python3.12/site-packages/airflow/example_dags/example_setup_teardown.py for tasks to queue
[2024-09-03T11:41:20.741+0000] {logging_mixin.py:190} INFO - [2024-09-03T11:41:20.741+0000] {dagbag.py:587} INFO - Filling up the DagBag from /home/airflow/.local/lib/python3.12/site-packages/airflow/example_dags/example_setup_teardown.py
[2024-09-03T11:41:20.756+0000] {processor.py:925} INFO - DAG(s) 'example_setup_teardown' retrieved from /home/airflow/.local/lib/python3.12/site-packages/airflow/example_dags/example_setup_teardown.py
[2024-09-03T11:41:20.809+0000] {logging_mixin.py:190} INFO - [2024-09-03T11:41:20.809+0000] {dag.py:3211} INFO - Sync 1 DAGs
[2024-09-03T11:41:20.867+0000] {logging_mixin.py:190} INFO - [2024-09-03T11:41:20.867+0000] {dag.py:4138} INFO - Setting next_dagrun for example_setup_teardown to 2024-09-02 00:00:00+00:00, run_after=2024-09-03 00:00:00+00:00
[2024-09-03T11:41:20.912+0000] {processor.py:208} INFO - Processing /home/airflow/.local/lib/python3.12/site-packages/airflow/example_dags/example_setup_teardown.py took 0.186 seconds
[2024-09-03T11:41:51.781+0000] {processor.py:186} INFO - Started process (PID=1858) to work on /home/airflow/.local/lib/python3.12/site-packages/airflow/example_dags/example_setup_teardown.py
[2024-09-03T11:41:51.783+0000] {processor.py:914} INFO - Processing file /home/airflow/.local/lib/python3.12/site-packages/airflow/example_dags/example_setup_teardown.py for tasks to queue
[2024-09-03T11:41:51.787+0000] {logging_mixin.py:190} INFO - [2024-09-03T11:41:51.787+0000] {dagbag.py:587} INFO - Filling up the DagBag from /home/airflow/.local/lib/python3.12/site-packages/airflow/example_dags/example_setup_teardown.py
[2024-09-03T11:41:51.806+0000] {processor.py:925} INFO - DAG(s) 'example_setup_teardown' retrieved from /home/airflow/.local/lib/python3.12/site-packages/airflow/example_dags/example_setup_teardown.py
[2024-09-03T11:41:51.844+0000] {logging_mixin.py:190} INFO - [2024-09-03T11:41:51.843+0000] {dag.py:3211} INFO - Sync 1 DAGs
[2024-09-03T11:41:51.893+0000] {logging_mixin.py:190} INFO - [2024-09-03T11:41:51.893+0000] {dag.py:4138} INFO - Setting next_dagrun for example_setup_teardown to 2024-09-02 00:00:00+00:00, run_after=2024-09-03 00:00:00+00:00
[2024-09-03T11:41:51.948+0000] {processor.py:208} INFO - Processing /home/airflow/.local/lib/python3.12/site-packages/airflow/example_dags/example_setup_teardown.py took 0.177 seconds
[2024-09-03T11:42:22.909+0000] {processor.py:186} INFO - Started process (PID=1921) to work on /home/airflow/.local/lib/python3.12/site-packages/airflow/example_dags/example_setup_teardown.py
[2024-09-03T11:42:22.911+0000] {processor.py:914} INFO - Processing file /home/airflow/.local/lib/python3.12/site-packages/airflow/example_dags/example_setup_teardown.py for tasks to queue
[2024-09-03T11:42:22.924+0000] {logging_mixin.py:190} INFO - [2024-09-03T11:42:22.923+0000] {dagbag.py:587} INFO - Filling up the DagBag from /home/airflow/.local/lib/python3.12/site-packages/airflow/example_dags/example_setup_teardown.py
[2024-09-03T11:42:22.947+0000] {processor.py:925} INFO - DAG(s) 'example_setup_teardown' retrieved from /home/airflow/.local/lib/python3.12/site-packages/airflow/example_dags/example_setup_teardown.py
[2024-09-03T11:42:22.995+0000] {logging_mixin.py:190} INFO - [2024-09-03T11:42:22.991+0000] {dag.py:3211} INFO - Sync 1 DAGs
[2024-09-03T11:42:23.057+0000] {logging_mixin.py:190} INFO - [2024-09-03T11:42:23.056+0000] {dag.py:4138} INFO - Setting next_dagrun for example_setup_teardown to 2024-09-02 00:00:00+00:00, run_after=2024-09-03 00:00:00+00:00
[2024-09-03T11:42:23.114+0000] {processor.py:208} INFO - Processing /home/airflow/.local/lib/python3.12/site-packages/airflow/example_dags/example_setup_teardown.py took 0.225 seconds
[2024-09-03T11:42:53.725+0000] {processor.py:186} INFO - Started process (PID=1984) to work on /home/airflow/.local/lib/python3.12/site-packages/airflow/example_dags/example_setup_teardown.py
[2024-09-03T11:42:53.726+0000] {processor.py:914} INFO - Processing file /home/airflow/.local/lib/python3.12/site-packages/airflow/example_dags/example_setup_teardown.py for tasks to queue
[2024-09-03T11:42:53.730+0000] {logging_mixin.py:190} INFO - [2024-09-03T11:42:53.729+0000] {dagbag.py:587} INFO - Filling up the DagBag from /home/airflow/.local/lib/python3.12/site-packages/airflow/example_dags/example_setup_teardown.py
[2024-09-03T11:42:53.740+0000] {processor.py:925} INFO - DAG(s) 'example_setup_teardown' retrieved from /home/airflow/.local/lib/python3.12/site-packages/airflow/example_dags/example_setup_teardown.py
[2024-09-03T11:42:53.772+0000] {logging_mixin.py:190} INFO - [2024-09-03T11:42:53.771+0000] {dag.py:3211} INFO - Sync 1 DAGs
[2024-09-03T11:42:53.820+0000] {logging_mixin.py:190} INFO - [2024-09-03T11:42:53.819+0000] {dag.py:4138} INFO - Setting next_dagrun for example_setup_teardown to 2024-09-02 00:00:00+00:00, run_after=2024-09-03 00:00:00+00:00
[2024-09-03T11:42:53.878+0000] {processor.py:208} INFO - Processing /home/airflow/.local/lib/python3.12/site-packages/airflow/example_dags/example_setup_teardown.py took 0.160 seconds
[2024-09-03T11:43:24.456+0000] {processor.py:186} INFO - Started process (PID=2047) to work on /home/airflow/.local/lib/python3.12/site-packages/airflow/example_dags/example_setup_teardown.py
[2024-09-03T11:43:24.458+0000] {processor.py:914} INFO - Processing file /home/airflow/.local/lib/python3.12/site-packages/airflow/example_dags/example_setup_teardown.py for tasks to queue
[2024-09-03T11:43:24.464+0000] {logging_mixin.py:190} INFO - [2024-09-03T11:43:24.463+0000] {dagbag.py:587} INFO - Filling up the DagBag from /home/airflow/.local/lib/python3.12/site-packages/airflow/example_dags/example_setup_teardown.py
[2024-09-03T11:43:24.482+0000] {processor.py:925} INFO - DAG(s) 'example_setup_teardown' retrieved from /home/airflow/.local/lib/python3.12/site-packages/airflow/example_dags/example_setup_teardown.py
[2024-09-03T11:43:24.525+0000] {logging_mixin.py:190} INFO - [2024-09-03T11:43:24.524+0000] {dag.py:3211} INFO - Sync 1 DAGs
[2024-09-03T11:43:24.571+0000] {logging_mixin.py:190} INFO - [2024-09-03T11:43:24.570+0000] {dag.py:4138} INFO - Setting next_dagrun for example_setup_teardown to 2024-09-02 00:00:00+00:00, run_after=2024-09-03 00:00:00+00:00
[2024-09-03T11:43:24.606+0000] {processor.py:208} INFO - Processing /home/airflow/.local/lib/python3.12/site-packages/airflow/example_dags/example_setup_teardown.py took 0.159 seconds
[2024-09-03T11:43:54.866+0000] {processor.py:186} INFO - Started process (PID=2110) to work on /home/airflow/.local/lib/python3.12/site-packages/airflow/example_dags/example_setup_teardown.py
[2024-09-03T11:43:54.867+0000] {processor.py:914} INFO - Processing file /home/airflow/.local/lib/python3.12/site-packages/airflow/example_dags/example_setup_teardown.py for tasks to queue
[2024-09-03T11:43:54.870+0000] {logging_mixin.py:190} INFO - [2024-09-03T11:43:54.870+0000] {dagbag.py:587} INFO - Filling up the DagBag from /home/airflow/.local/lib/python3.12/site-packages/airflow/example_dags/example_setup_teardown.py
[2024-09-03T11:43:54.879+0000] {processor.py:925} INFO - DAG(s) 'example_setup_teardown' retrieved from /home/airflow/.local/lib/python3.12/site-packages/airflow/example_dags/example_setup_teardown.py
[2024-09-03T11:43:54.903+0000] {logging_mixin.py:190} INFO - [2024-09-03T11:43:54.903+0000] {dag.py:3211} INFO - Sync 1 DAGs
[2024-09-03T11:43:54.937+0000] {logging_mixin.py:190} INFO - [2024-09-03T11:43:54.937+0000] {dag.py:4138} INFO - Setting next_dagrun for example_setup_teardown to 2024-09-02 00:00:00+00:00, run_after=2024-09-03 00:00:00+00:00
[2024-09-03T11:43:54.973+0000] {processor.py:208} INFO - Processing /home/airflow/.local/lib/python3.12/site-packages/airflow/example_dags/example_setup_teardown.py took 0.113 seconds
[2024-09-03T11:44:25.050+0000] {processor.py:186} INFO - Started process (PID=2173) to work on /home/airflow/.local/lib/python3.12/site-packages/airflow/example_dags/example_setup_teardown.py
[2024-09-03T11:44:25.052+0000] {processor.py:914} INFO - Processing file /home/airflow/.local/lib/python3.12/site-packages/airflow/example_dags/example_setup_teardown.py for tasks to queue
[2024-09-03T11:44:25.055+0000] {logging_mixin.py:190} INFO - [2024-09-03T11:44:25.055+0000] {dagbag.py:587} INFO - Filling up the DagBag from /home/airflow/.local/lib/python3.12/site-packages/airflow/example_dags/example_setup_teardown.py
[2024-09-03T11:44:25.064+0000] {processor.py:925} INFO - DAG(s) 'example_setup_teardown' retrieved from /home/airflow/.local/lib/python3.12/site-packages/airflow/example_dags/example_setup_teardown.py
[2024-09-03T11:44:25.095+0000] {logging_mixin.py:190} INFO - [2024-09-03T11:44:25.095+0000] {dag.py:3211} INFO - Sync 1 DAGs
[2024-09-03T11:44:25.124+0000] {logging_mixin.py:190} INFO - [2024-09-03T11:44:25.124+0000] {dag.py:4138} INFO - Setting next_dagrun for example_setup_teardown to 2024-09-02 00:00:00+00:00, run_after=2024-09-03 00:00:00+00:00
[2024-09-03T11:44:25.153+0000] {processor.py:208} INFO - Processing /home/airflow/.local/lib/python3.12/site-packages/airflow/example_dags/example_setup_teardown.py took 0.108 seconds
[2024-09-03T11:44:55.261+0000] {processor.py:186} INFO - Started process (PID=2236) to work on /home/airflow/.local/lib/python3.12/site-packages/airflow/example_dags/example_setup_teardown.py
[2024-09-03T11:44:55.263+0000] {processor.py:914} INFO - Processing file /home/airflow/.local/lib/python3.12/site-packages/airflow/example_dags/example_setup_teardown.py for tasks to queue
[2024-09-03T11:44:55.265+0000] {logging_mixin.py:190} INFO - [2024-09-03T11:44:55.265+0000] {dagbag.py:587} INFO - Filling up the DagBag from /home/airflow/.local/lib/python3.12/site-packages/airflow/example_dags/example_setup_teardown.py
[2024-09-03T11:44:55.273+0000] {processor.py:925} INFO - DAG(s) 'example_setup_teardown' retrieved from /home/airflow/.local/lib/python3.12/site-packages/airflow/example_dags/example_setup_teardown.py
[2024-09-03T11:44:55.299+0000] {logging_mixin.py:190} INFO - [2024-09-03T11:44:55.299+0000] {dag.py:3211} INFO - Sync 1 DAGs
[2024-09-03T11:44:55.334+0000] {logging_mixin.py:190} INFO - [2024-09-03T11:44:55.334+0000] {dag.py:4138} INFO - Setting next_dagrun for example_setup_teardown to 2024-09-02 00:00:00+00:00, run_after=2024-09-03 00:00:00+00:00
[2024-09-03T11:44:55.365+0000] {processor.py:208} INFO - Processing /home/airflow/.local/lib/python3.12/site-packages/airflow/example_dags/example_setup_teardown.py took 0.109 seconds
[2024-09-03T11:45:25.515+0000] {processor.py:186} INFO - Started process (PID=2299) to work on /home/airflow/.local/lib/python3.12/site-packages/airflow/example_dags/example_setup_teardown.py
[2024-09-03T11:45:25.516+0000] {processor.py:914} INFO - Processing file /home/airflow/.local/lib/python3.12/site-packages/airflow/example_dags/example_setup_teardown.py for tasks to queue
[2024-09-03T11:45:25.519+0000] {logging_mixin.py:190} INFO - [2024-09-03T11:45:25.519+0000] {dagbag.py:587} INFO - Filling up the DagBag from /home/airflow/.local/lib/python3.12/site-packages/airflow/example_dags/example_setup_teardown.py
[2024-09-03T11:45:25.527+0000] {processor.py:925} INFO - DAG(s) 'example_setup_teardown' retrieved from /home/airflow/.local/lib/python3.12/site-packages/airflow/example_dags/example_setup_teardown.py
[2024-09-03T11:45:25.551+0000] {logging_mixin.py:190} INFO - [2024-09-03T11:45:25.550+0000] {dag.py:3211} INFO - Sync 1 DAGs
[2024-09-03T11:45:25.575+0000] {logging_mixin.py:190} INFO - [2024-09-03T11:45:25.575+0000] {dag.py:4138} INFO - Setting next_dagrun for example_setup_teardown to 2024-09-02 00:00:00+00:00, run_after=2024-09-03 00:00:00+00:00
[2024-09-03T11:45:25.602+0000] {processor.py:208} INFO - Processing /home/airflow/.local/lib/python3.12/site-packages/airflow/example_dags/example_setup_teardown.py took 0.092 seconds
[2024-09-03T11:45:55.853+0000] {processor.py:186} INFO - Started process (PID=2362) to work on /home/airflow/.local/lib/python3.12/site-packages/airflow/example_dags/example_setup_teardown.py
[2024-09-03T11:45:55.854+0000] {processor.py:914} INFO - Processing file /home/airflow/.local/lib/python3.12/site-packages/airflow/example_dags/example_setup_teardown.py for tasks to queue
[2024-09-03T11:45:55.857+0000] {logging_mixin.py:190} INFO - [2024-09-03T11:45:55.857+0000] {dagbag.py:587} INFO - Filling up the DagBag from /home/airflow/.local/lib/python3.12/site-packages/airflow/example_dags/example_setup_teardown.py
[2024-09-03T11:45:55.866+0000] {processor.py:925} INFO - DAG(s) 'example_setup_teardown' retrieved from /home/airflow/.local/lib/python3.12/site-packages/airflow/example_dags/example_setup_teardown.py
[2024-09-03T11:45:55.890+0000] {logging_mixin.py:190} INFO - [2024-09-03T11:45:55.890+0000] {dag.py:3211} INFO - Sync 1 DAGs
[2024-09-03T11:45:55.914+0000] {logging_mixin.py:190} INFO - [2024-09-03T11:45:55.914+0000] {dag.py:4138} INFO - Setting next_dagrun for example_setup_teardown to 2024-09-02 00:00:00+00:00, run_after=2024-09-03 00:00:00+00:00
[2024-09-03T11:45:55.941+0000] {processor.py:208} INFO - Processing /home/airflow/.local/lib/python3.12/site-packages/airflow/example_dags/example_setup_teardown.py took 0.093 seconds
[2024-09-03T11:46:26.262+0000] {processor.py:186} INFO - Started process (PID=2425) to work on /home/airflow/.local/lib/python3.12/site-packages/airflow/example_dags/example_setup_teardown.py
[2024-09-03T11:46:26.264+0000] {processor.py:914} INFO - Processing file /home/airflow/.local/lib/python3.12/site-packages/airflow/example_dags/example_setup_teardown.py for tasks to queue
[2024-09-03T11:46:26.267+0000] {logging_mixin.py:190} INFO - [2024-09-03T11:46:26.266+0000] {dagbag.py:587} INFO - Filling up the DagBag from /home/airflow/.local/lib/python3.12/site-packages/airflow/example_dags/example_setup_teardown.py
[2024-09-03T11:46:26.279+0000] {processor.py:925} INFO - DAG(s) 'example_setup_teardown' retrieved from /home/airflow/.local/lib/python3.12/site-packages/airflow/example_dags/example_setup_teardown.py
[2024-09-03T11:46:26.307+0000] {logging_mixin.py:190} INFO - [2024-09-03T11:46:26.307+0000] {dag.py:3211} INFO - Sync 1 DAGs
[2024-09-03T11:46:26.338+0000] {logging_mixin.py:190} INFO - [2024-09-03T11:46:26.338+0000] {dag.py:4138} INFO - Setting next_dagrun for example_setup_teardown to 2024-09-02 00:00:00+00:00, run_after=2024-09-03 00:00:00+00:00
[2024-09-03T11:46:26.368+0000] {processor.py:208} INFO - Processing /home/airflow/.local/lib/python3.12/site-packages/airflow/example_dags/example_setup_teardown.py took 0.112 seconds
[2024-09-03T11:46:57.372+0000] {processor.py:186} INFO - Started process (PID=2489) to work on /home/airflow/.local/lib/python3.12/site-packages/airflow/example_dags/example_setup_teardown.py
[2024-09-03T11:46:57.373+0000] {processor.py:914} INFO - Processing file /home/airflow/.local/lib/python3.12/site-packages/airflow/example_dags/example_setup_teardown.py for tasks to queue
[2024-09-03T11:46:57.378+0000] {logging_mixin.py:190} INFO - [2024-09-03T11:46:57.377+0000] {dagbag.py:587} INFO - Filling up the DagBag from /home/airflow/.local/lib/python3.12/site-packages/airflow/example_dags/example_setup_teardown.py
[2024-09-03T11:46:57.392+0000] {processor.py:925} INFO - DAG(s) 'example_setup_teardown' retrieved from /home/airflow/.local/lib/python3.12/site-packages/airflow/example_dags/example_setup_teardown.py
[2024-09-03T11:46:57.423+0000] {logging_mixin.py:190} INFO - [2024-09-03T11:46:57.423+0000] {dag.py:3211} INFO - Sync 1 DAGs
[2024-09-03T11:46:57.456+0000] {logging_mixin.py:190} INFO - [2024-09-03T11:46:57.456+0000] {dag.py:4138} INFO - Setting next_dagrun for example_setup_teardown to 2024-09-02 00:00:00+00:00, run_after=2024-09-03 00:00:00+00:00
[2024-09-03T11:46:57.492+0000] {processor.py:208} INFO - Processing /home/airflow/.local/lib/python3.12/site-packages/airflow/example_dags/example_setup_teardown.py took 0.129 seconds
[2024-09-03T11:47:27.646+0000] {processor.py:186} INFO - Started process (PID=2552) to work on /home/airflow/.local/lib/python3.12/site-packages/airflow/example_dags/example_setup_teardown.py
[2024-09-03T11:47:27.648+0000] {processor.py:914} INFO - Processing file /home/airflow/.local/lib/python3.12/site-packages/airflow/example_dags/example_setup_teardown.py for tasks to queue
[2024-09-03T11:47:27.653+0000] {logging_mixin.py:190} INFO - [2024-09-03T11:47:27.652+0000] {dagbag.py:587} INFO - Filling up the DagBag from /home/airflow/.local/lib/python3.12/site-packages/airflow/example_dags/example_setup_teardown.py
[2024-09-03T11:47:27.682+0000] {processor.py:925} INFO - DAG(s) 'example_setup_teardown' retrieved from /home/airflow/.local/lib/python3.12/site-packages/airflow/example_dags/example_setup_teardown.py
[2024-09-03T11:47:27.738+0000] {logging_mixin.py:190} INFO - [2024-09-03T11:47:27.737+0000] {dag.py:3211} INFO - Sync 1 DAGs
[2024-09-03T11:47:27.825+0000] {logging_mixin.py:190} INFO - [2024-09-03T11:47:27.824+0000] {dag.py:4138} INFO - Setting next_dagrun for example_setup_teardown to 2024-09-02 00:00:00+00:00, run_after=2024-09-03 00:00:00+00:00
[2024-09-03T11:47:27.899+0000] {processor.py:208} INFO - Processing /home/airflow/.local/lib/python3.12/site-packages/airflow/example_dags/example_setup_teardown.py took 0.263 seconds
[2024-09-03T11:47:58.833+0000] {processor.py:186} INFO - Started process (PID=2615) to work on /home/airflow/.local/lib/python3.12/site-packages/airflow/example_dags/example_setup_teardown.py
[2024-09-03T11:47:58.835+0000] {processor.py:914} INFO - Processing file /home/airflow/.local/lib/python3.12/site-packages/airflow/example_dags/example_setup_teardown.py for tasks to queue
[2024-09-03T11:47:58.839+0000] {logging_mixin.py:190} INFO - [2024-09-03T11:47:58.839+0000] {dagbag.py:587} INFO - Filling up the DagBag from /home/airflow/.local/lib/python3.12/site-packages/airflow/example_dags/example_setup_teardown.py
[2024-09-03T11:47:58.856+0000] {processor.py:925} INFO - DAG(s) 'example_setup_teardown' retrieved from /home/airflow/.local/lib/python3.12/site-packages/airflow/example_dags/example_setup_teardown.py
[2024-09-03T11:47:58.899+0000] {logging_mixin.py:190} INFO - [2024-09-03T11:47:58.898+0000] {dag.py:3211} INFO - Sync 1 DAGs
[2024-09-03T11:47:58.945+0000] {logging_mixin.py:190} INFO - [2024-09-03T11:47:58.944+0000] {dag.py:4138} INFO - Setting next_dagrun for example_setup_teardown to 2024-09-02 00:00:00+00:00, run_after=2024-09-03 00:00:00+00:00
[2024-09-03T11:47:58.993+0000] {processor.py:208} INFO - Processing /home/airflow/.local/lib/python3.12/site-packages/airflow/example_dags/example_setup_teardown.py took 0.170 seconds
[2024-09-03T11:48:29.134+0000] {processor.py:186} INFO - Started process (PID=2678) to work on /home/airflow/.local/lib/python3.12/site-packages/airflow/example_dags/example_setup_teardown.py
[2024-09-03T11:48:29.135+0000] {processor.py:914} INFO - Processing file /home/airflow/.local/lib/python3.12/site-packages/airflow/example_dags/example_setup_teardown.py for tasks to queue
[2024-09-03T11:48:29.139+0000] {logging_mixin.py:190} INFO - [2024-09-03T11:48:29.138+0000] {dagbag.py:587} INFO - Filling up the DagBag from /home/airflow/.local/lib/python3.12/site-packages/airflow/example_dags/example_setup_teardown.py
[2024-09-03T11:48:29.154+0000] {processor.py:925} INFO - DAG(s) 'example_setup_teardown' retrieved from /home/airflow/.local/lib/python3.12/site-packages/airflow/example_dags/example_setup_teardown.py
[2024-09-03T11:48:29.193+0000] {logging_mixin.py:190} INFO - [2024-09-03T11:48:29.192+0000] {dag.py:3211} INFO - Sync 1 DAGs
[2024-09-03T11:48:29.228+0000] {logging_mixin.py:190} INFO - [2024-09-03T11:48:29.227+0000] {dag.py:4138} INFO - Setting next_dagrun for example_setup_teardown to 2024-09-02 00:00:00+00:00, run_after=2024-09-03 00:00:00+00:00
[2024-09-03T11:48:29.265+0000] {processor.py:208} INFO - Processing /home/airflow/.local/lib/python3.12/site-packages/airflow/example_dags/example_setup_teardown.py took 0.140 seconds
[2024-09-03T11:48:59.725+0000] {processor.py:186} INFO - Started process (PID=2741) to work on /home/airflow/.local/lib/python3.12/site-packages/airflow/example_dags/example_setup_teardown.py
[2024-09-03T11:48:59.727+0000] {processor.py:914} INFO - Processing file /home/airflow/.local/lib/python3.12/site-packages/airflow/example_dags/example_setup_teardown.py for tasks to queue
[2024-09-03T11:48:59.733+0000] {logging_mixin.py:190} INFO - [2024-09-03T11:48:59.732+0000] {dagbag.py:587} INFO - Filling up the DagBag from /home/airflow/.local/lib/python3.12/site-packages/airflow/example_dags/example_setup_teardown.py
[2024-09-03T11:48:59.760+0000] {processor.py:925} INFO - DAG(s) 'example_setup_teardown' retrieved from /home/airflow/.local/lib/python3.12/site-packages/airflow/example_dags/example_setup_teardown.py
[2024-09-03T11:48:59.822+0000] {logging_mixin.py:190} INFO - [2024-09-03T11:48:59.822+0000] {dag.py:3211} INFO - Sync 1 DAGs
[2024-09-03T11:48:59.887+0000] {logging_mixin.py:190} INFO - [2024-09-03T11:48:59.886+0000] {dag.py:4138} INFO - Setting next_dagrun for example_setup_teardown to 2024-09-02 00:00:00+00:00, run_after=2024-09-03 00:00:00+00:00
[2024-09-03T11:48:59.948+0000] {processor.py:208} INFO - Processing /home/airflow/.local/lib/python3.12/site-packages/airflow/example_dags/example_setup_teardown.py took 0.244 seconds
[2024-09-03T11:49:30.798+0000] {processor.py:186} INFO - Started process (PID=2804) to work on /home/airflow/.local/lib/python3.12/site-packages/airflow/example_dags/example_setup_teardown.py
[2024-09-03T11:49:30.800+0000] {processor.py:914} INFO - Processing file /home/airflow/.local/lib/python3.12/site-packages/airflow/example_dags/example_setup_teardown.py for tasks to queue
[2024-09-03T11:49:30.804+0000] {logging_mixin.py:190} INFO - [2024-09-03T11:49:30.803+0000] {dagbag.py:587} INFO - Filling up the DagBag from /home/airflow/.local/lib/python3.12/site-packages/airflow/example_dags/example_setup_teardown.py
[2024-09-03T11:49:30.832+0000] {processor.py:925} INFO - DAG(s) 'example_setup_teardown' retrieved from /home/airflow/.local/lib/python3.12/site-packages/airflow/example_dags/example_setup_teardown.py
[2024-09-03T11:49:30.921+0000] {logging_mixin.py:190} INFO - [2024-09-03T11:49:30.914+0000] {dag.py:3211} INFO - Sync 1 DAGs
[2024-09-03T11:49:30.986+0000] {logging_mixin.py:190} INFO - [2024-09-03T11:49:30.986+0000] {dag.py:4138} INFO - Setting next_dagrun for example_setup_teardown to 2024-09-02 00:00:00+00:00, run_after=2024-09-03 00:00:00+00:00
[2024-09-03T11:49:31.041+0000] {processor.py:208} INFO - Processing /home/airflow/.local/lib/python3.12/site-packages/airflow/example_dags/example_setup_teardown.py took 0.255 seconds
[2024-09-03T11:50:01.440+0000] {processor.py:186} INFO - Started process (PID=2867) to work on /home/airflow/.local/lib/python3.12/site-packages/airflow/example_dags/example_setup_teardown.py
[2024-09-03T11:50:01.443+0000] {processor.py:914} INFO - Processing file /home/airflow/.local/lib/python3.12/site-packages/airflow/example_dags/example_setup_teardown.py for tasks to queue
[2024-09-03T11:50:01.447+0000] {logging_mixin.py:190} INFO - [2024-09-03T11:50:01.447+0000] {dagbag.py:587} INFO - Filling up the DagBag from /home/airflow/.local/lib/python3.12/site-packages/airflow/example_dags/example_setup_teardown.py
[2024-09-03T11:50:01.467+0000] {processor.py:925} INFO - DAG(s) 'example_setup_teardown' retrieved from /home/airflow/.local/lib/python3.12/site-packages/airflow/example_dags/example_setup_teardown.py
[2024-09-03T11:50:01.521+0000] {logging_mixin.py:190} INFO - [2024-09-03T11:50:01.521+0000] {dag.py:3211} INFO - Sync 1 DAGs
[2024-09-03T11:50:01.585+0000] {logging_mixin.py:190} INFO - [2024-09-03T11:50:01.584+0000] {dag.py:4138} INFO - Setting next_dagrun for example_setup_teardown to 2024-09-02 00:00:00+00:00, run_after=2024-09-03 00:00:00+00:00
[2024-09-03T11:50:01.659+0000] {processor.py:208} INFO - Processing /home/airflow/.local/lib/python3.12/site-packages/airflow/example_dags/example_setup_teardown.py took 0.231 seconds
