[2024-09-03T11:27:34.673+0000] {processor.py:186} INFO - Started process (PID=97) to work on /home/airflow/.local/lib/python3.12/site-packages/airflow/example_dags/example_display_name.py
[2024-09-03T11:27:34.675+0000] {processor.py:914} INFO - Processing file /home/airflow/.local/lib/python3.12/site-packages/airflow/example_dags/example_display_name.py for tasks to queue
[2024-09-03T11:27:34.678+0000] {logging_mixin.py:190} INFO - [2024-09-03T11:27:34.678+0000] {dagbag.py:587} INFO - Filling up the DagBag from /home/airflow/.local/lib/python3.12/site-packages/airflow/example_dags/example_display_name.py
[2024-09-03T11:27:34.689+0000] {processor.py:925} INFO - DAG(s) 'example_display_name' retrieved from /home/airflow/.local/lib/python3.12/site-packages/airflow/example_dags/example_display_name.py
[2024-09-03T11:27:34.716+0000] {logging_mixin.py:190} INFO - [2024-09-03T11:27:34.716+0000] {dag.py:3211} INFO - Sync 1 DAGs
[2024-09-03T11:27:34.731+0000] {logging_mixin.py:190} INFO - [2024-09-03T11:27:34.731+0000] {dag.py:4138} INFO - Setting next_dagrun for example_display_name to None, run_after=None
[2024-09-03T11:27:34.755+0000] {processor.py:208} INFO - Processing /home/airflow/.local/lib/python3.12/site-packages/airflow/example_dags/example_display_name.py took 0.089 seconds
[2024-09-03T11:28:05.272+0000] {processor.py:186} INFO - Started process (PID=164) to work on /home/airflow/.local/lib/python3.12/site-packages/airflow/example_dags/example_display_name.py
[2024-09-03T11:28:05.273+0000] {processor.py:914} INFO - Processing file /home/airflow/.local/lib/python3.12/site-packages/airflow/example_dags/example_display_name.py for tasks to queue
[2024-09-03T11:28:05.276+0000] {logging_mixin.py:190} INFO - [2024-09-03T11:28:05.275+0000] {dagbag.py:587} INFO - Filling up the DagBag from /home/airflow/.local/lib/python3.12/site-packages/airflow/example_dags/example_display_name.py
[2024-09-03T11:28:05.284+0000] {processor.py:925} INFO - DAG(s) 'example_display_name' retrieved from /home/airflow/.local/lib/python3.12/site-packages/airflow/example_dags/example_display_name.py
[2024-09-03T11:28:05.306+0000] {logging_mixin.py:190} INFO - [2024-09-03T11:28:05.306+0000] {dag.py:3211} INFO - Sync 1 DAGs
[2024-09-03T11:28:05.320+0000] {logging_mixin.py:190} INFO - [2024-09-03T11:28:05.320+0000] {dag.py:4138} INFO - Setting next_dagrun for example_display_name to None, run_after=None
[2024-09-03T11:28:05.350+0000] {processor.py:208} INFO - Processing /home/airflow/.local/lib/python3.12/site-packages/airflow/example_dags/example_display_name.py took 0.083 seconds
[2024-09-03T11:28:35.695+0000] {processor.py:186} INFO - Started process (PID=231) to work on /home/airflow/.local/lib/python3.12/site-packages/airflow/example_dags/example_display_name.py
[2024-09-03T11:28:35.696+0000] {processor.py:914} INFO - Processing file /home/airflow/.local/lib/python3.12/site-packages/airflow/example_dags/example_display_name.py for tasks to queue
[2024-09-03T11:28:35.699+0000] {logging_mixin.py:190} INFO - [2024-09-03T11:28:35.699+0000] {dagbag.py:587} INFO - Filling up the DagBag from /home/airflow/.local/lib/python3.12/site-packages/airflow/example_dags/example_display_name.py
[2024-09-03T11:28:35.707+0000] {processor.py:925} INFO - DAG(s) 'example_display_name' retrieved from /home/airflow/.local/lib/python3.12/site-packages/airflow/example_dags/example_display_name.py
[2024-09-03T11:28:35.731+0000] {logging_mixin.py:190} INFO - [2024-09-03T11:28:35.730+0000] {dag.py:3211} INFO - Sync 1 DAGs
[2024-09-03T11:28:35.746+0000] {logging_mixin.py:190} INFO - [2024-09-03T11:28:35.745+0000] {dag.py:4138} INFO - Setting next_dagrun for example_display_name to None, run_after=None
[2024-09-03T11:28:35.775+0000] {processor.py:208} INFO - Processing /home/airflow/.local/lib/python3.12/site-packages/airflow/example_dags/example_display_name.py took 0.085 seconds
[2024-09-03T11:29:06.903+0000] {processor.py:186} INFO - Started process (PID=294) to work on /home/airflow/.local/lib/python3.12/site-packages/airflow/example_dags/example_display_name.py
[2024-09-03T11:29:06.905+0000] {processor.py:914} INFO - Processing file /home/airflow/.local/lib/python3.12/site-packages/airflow/example_dags/example_display_name.py for tasks to queue
[2024-09-03T11:29:06.911+0000] {logging_mixin.py:190} INFO - [2024-09-03T11:29:06.911+0000] {dagbag.py:587} INFO - Filling up the DagBag from /home/airflow/.local/lib/python3.12/site-packages/airflow/example_dags/example_display_name.py
[2024-09-03T11:29:06.919+0000] {processor.py:925} INFO - DAG(s) 'example_display_name' retrieved from /home/airflow/.local/lib/python3.12/site-packages/airflow/example_dags/example_display_name.py
[2024-09-03T11:29:06.954+0000] {logging_mixin.py:190} INFO - [2024-09-03T11:29:06.954+0000] {dag.py:3211} INFO - Sync 1 DAGs
[2024-09-03T11:29:06.987+0000] {logging_mixin.py:190} INFO - [2024-09-03T11:29:06.987+0000] {dag.py:4138} INFO - Setting next_dagrun for example_display_name to None, run_after=None
[2024-09-03T11:29:07.046+0000] {processor.py:208} INFO - Processing /home/airflow/.local/lib/python3.12/site-packages/airflow/example_dags/example_display_name.py took 0.151 seconds
[2024-09-03T11:29:38.000+0000] {processor.py:186} INFO - Started process (PID=357) to work on /home/airflow/.local/lib/python3.12/site-packages/airflow/example_dags/example_display_name.py
[2024-09-03T11:29:38.002+0000] {processor.py:914} INFO - Processing file /home/airflow/.local/lib/python3.12/site-packages/airflow/example_dags/example_display_name.py for tasks to queue
[2024-09-03T11:29:38.005+0000] {logging_mixin.py:190} INFO - [2024-09-03T11:29:38.005+0000] {dagbag.py:587} INFO - Filling up the DagBag from /home/airflow/.local/lib/python3.12/site-packages/airflow/example_dags/example_display_name.py
[2024-09-03T11:29:38.019+0000] {processor.py:925} INFO - DAG(s) 'example_display_name' retrieved from /home/airflow/.local/lib/python3.12/site-packages/airflow/example_dags/example_display_name.py
[2024-09-03T11:29:38.060+0000] {logging_mixin.py:190} INFO - [2024-09-03T11:29:38.059+0000] {dag.py:3211} INFO - Sync 1 DAGs
[2024-09-03T11:29:38.092+0000] {logging_mixin.py:190} INFO - [2024-09-03T11:29:38.091+0000] {dag.py:4138} INFO - Setting next_dagrun for example_display_name to None, run_after=None
[2024-09-03T11:29:38.142+0000] {processor.py:208} INFO - Processing /home/airflow/.local/lib/python3.12/site-packages/airflow/example_dags/example_display_name.py took 0.148 seconds
[2024-09-03T11:30:08.581+0000] {processor.py:186} INFO - Started process (PID=420) to work on /home/airflow/.local/lib/python3.12/site-packages/airflow/example_dags/example_display_name.py
[2024-09-03T11:30:08.583+0000] {processor.py:914} INFO - Processing file /home/airflow/.local/lib/python3.12/site-packages/airflow/example_dags/example_display_name.py for tasks to queue
[2024-09-03T11:30:08.587+0000] {logging_mixin.py:190} INFO - [2024-09-03T11:30:08.586+0000] {dagbag.py:587} INFO - Filling up the DagBag from /home/airflow/.local/lib/python3.12/site-packages/airflow/example_dags/example_display_name.py
[2024-09-03T11:30:08.608+0000] {processor.py:925} INFO - DAG(s) 'example_display_name' retrieved from /home/airflow/.local/lib/python3.12/site-packages/airflow/example_dags/example_display_name.py
[2024-09-03T11:30:08.669+0000] {logging_mixin.py:190} INFO - [2024-09-03T11:30:08.668+0000] {dag.py:3211} INFO - Sync 1 DAGs
[2024-09-03T11:30:08.729+0000] {logging_mixin.py:190} INFO - [2024-09-03T11:30:08.728+0000] {dag.py:4138} INFO - Setting next_dagrun for example_display_name to None, run_after=None
[2024-09-03T11:30:08.790+0000] {processor.py:208} INFO - Processing /home/airflow/.local/lib/python3.12/site-packages/airflow/example_dags/example_display_name.py took 0.221 seconds
[2024-09-03T11:30:38.966+0000] {processor.py:186} INFO - Started process (PID=483) to work on /home/airflow/.local/lib/python3.12/site-packages/airflow/example_dags/example_display_name.py
[2024-09-03T11:30:38.967+0000] {processor.py:914} INFO - Processing file /home/airflow/.local/lib/python3.12/site-packages/airflow/example_dags/example_display_name.py for tasks to queue
[2024-09-03T11:30:38.970+0000] {logging_mixin.py:190} INFO - [2024-09-03T11:30:38.969+0000] {dagbag.py:587} INFO - Filling up the DagBag from /home/airflow/.local/lib/python3.12/site-packages/airflow/example_dags/example_display_name.py
[2024-09-03T11:30:38.979+0000] {processor.py:925} INFO - DAG(s) 'example_display_name' retrieved from /home/airflow/.local/lib/python3.12/site-packages/airflow/example_dags/example_display_name.py
[2024-09-03T11:30:39.004+0000] {logging_mixin.py:190} INFO - [2024-09-03T11:30:39.004+0000] {dag.py:3211} INFO - Sync 1 DAGs
[2024-09-03T11:30:39.021+0000] {logging_mixin.py:190} INFO - [2024-09-03T11:30:39.021+0000] {dag.py:4138} INFO - Setting next_dagrun for example_display_name to None, run_after=None
[2024-09-03T11:30:39.048+0000] {processor.py:208} INFO - Processing /home/airflow/.local/lib/python3.12/site-packages/airflow/example_dags/example_display_name.py took 0.089 seconds
[2024-09-03T11:31:09.235+0000] {processor.py:186} INFO - Started process (PID=547) to work on /home/airflow/.local/lib/python3.12/site-packages/airflow/example_dags/example_display_name.py
[2024-09-03T11:31:09.236+0000] {processor.py:914} INFO - Processing file /home/airflow/.local/lib/python3.12/site-packages/airflow/example_dags/example_display_name.py for tasks to queue
[2024-09-03T11:31:09.239+0000] {logging_mixin.py:190} INFO - [2024-09-03T11:31:09.239+0000] {dagbag.py:587} INFO - Filling up the DagBag from /home/airflow/.local/lib/python3.12/site-packages/airflow/example_dags/example_display_name.py
[2024-09-03T11:31:09.249+0000] {processor.py:925} INFO - DAG(s) 'example_display_name' retrieved from /home/airflow/.local/lib/python3.12/site-packages/airflow/example_dags/example_display_name.py
[2024-09-03T11:31:09.274+0000] {logging_mixin.py:190} INFO - [2024-09-03T11:31:09.274+0000] {dag.py:3211} INFO - Sync 1 DAGs
[2024-09-03T11:31:09.289+0000] {logging_mixin.py:190} INFO - [2024-09-03T11:31:09.289+0000] {dag.py:4138} INFO - Setting next_dagrun for example_display_name to None, run_after=None
[2024-09-03T11:31:09.315+0000] {processor.py:208} INFO - Processing /home/airflow/.local/lib/python3.12/site-packages/airflow/example_dags/example_display_name.py took 0.086 seconds
[2024-09-03T11:31:39.702+0000] {processor.py:186} INFO - Started process (PID=610) to work on /home/airflow/.local/lib/python3.12/site-packages/airflow/example_dags/example_display_name.py
[2024-09-03T11:31:39.705+0000] {processor.py:914} INFO - Processing file /home/airflow/.local/lib/python3.12/site-packages/airflow/example_dags/example_display_name.py for tasks to queue
[2024-09-03T11:31:39.709+0000] {logging_mixin.py:190} INFO - [2024-09-03T11:31:39.708+0000] {dagbag.py:587} INFO - Filling up the DagBag from /home/airflow/.local/lib/python3.12/site-packages/airflow/example_dags/example_display_name.py
[2024-09-03T11:31:39.719+0000] {processor.py:925} INFO - DAG(s) 'example_display_name' retrieved from /home/airflow/.local/lib/python3.12/site-packages/airflow/example_dags/example_display_name.py
[2024-09-03T11:31:39.753+0000] {logging_mixin.py:190} INFO - [2024-09-03T11:31:39.752+0000] {dag.py:3211} INFO - Sync 1 DAGs
[2024-09-03T11:31:39.775+0000] {logging_mixin.py:190} INFO - [2024-09-03T11:31:39.775+0000] {dag.py:4138} INFO - Setting next_dagrun for example_display_name to None, run_after=None
[2024-09-03T11:31:39.807+0000] {processor.py:208} INFO - Processing /home/airflow/.local/lib/python3.12/site-packages/airflow/example_dags/example_display_name.py took 0.112 seconds
[2024-09-03T11:32:10.364+0000] {processor.py:186} INFO - Started process (PID=673) to work on /home/airflow/.local/lib/python3.12/site-packages/airflow/example_dags/example_display_name.py
[2024-09-03T11:32:10.365+0000] {processor.py:914} INFO - Processing file /home/airflow/.local/lib/python3.12/site-packages/airflow/example_dags/example_display_name.py for tasks to queue
[2024-09-03T11:32:10.367+0000] {logging_mixin.py:190} INFO - [2024-09-03T11:32:10.367+0000] {dagbag.py:587} INFO - Filling up the DagBag from /home/airflow/.local/lib/python3.12/site-packages/airflow/example_dags/example_display_name.py
[2024-09-03T11:32:10.375+0000] {processor.py:925} INFO - DAG(s) 'example_display_name' retrieved from /home/airflow/.local/lib/python3.12/site-packages/airflow/example_dags/example_display_name.py
[2024-09-03T11:32:10.398+0000] {logging_mixin.py:190} INFO - [2024-09-03T11:32:10.397+0000] {dag.py:3211} INFO - Sync 1 DAGs
[2024-09-03T11:32:10.413+0000] {logging_mixin.py:190} INFO - [2024-09-03T11:32:10.412+0000] {dag.py:4138} INFO - Setting next_dagrun for example_display_name to None, run_after=None
[2024-09-03T11:32:10.437+0000] {processor.py:208} INFO - Processing /home/airflow/.local/lib/python3.12/site-packages/airflow/example_dags/example_display_name.py took 0.079 seconds
[2024-09-03T11:32:40.604+0000] {processor.py:186} INFO - Started process (PID=736) to work on /home/airflow/.local/lib/python3.12/site-packages/airflow/example_dags/example_display_name.py
[2024-09-03T11:32:40.606+0000] {processor.py:914} INFO - Processing file /home/airflow/.local/lib/python3.12/site-packages/airflow/example_dags/example_display_name.py for tasks to queue
[2024-09-03T11:32:40.609+0000] {logging_mixin.py:190} INFO - [2024-09-03T11:32:40.608+0000] {dagbag.py:587} INFO - Filling up the DagBag from /home/airflow/.local/lib/python3.12/site-packages/airflow/example_dags/example_display_name.py
[2024-09-03T11:32:40.615+0000] {processor.py:925} INFO - DAG(s) 'example_display_name' retrieved from /home/airflow/.local/lib/python3.12/site-packages/airflow/example_dags/example_display_name.py
[2024-09-03T11:32:40.637+0000] {logging_mixin.py:190} INFO - [2024-09-03T11:32:40.637+0000] {dag.py:3211} INFO - Sync 1 DAGs
[2024-09-03T11:32:40.655+0000] {logging_mixin.py:190} INFO - [2024-09-03T11:32:40.654+0000] {dag.py:4138} INFO - Setting next_dagrun for example_display_name to None, run_after=None
[2024-09-03T11:32:40.686+0000] {processor.py:208} INFO - Processing /home/airflow/.local/lib/python3.12/site-packages/airflow/example_dags/example_display_name.py took 0.087 seconds
[2024-09-03T11:33:11.288+0000] {processor.py:186} INFO - Started process (PID=799) to work on /home/airflow/.local/lib/python3.12/site-packages/airflow/example_dags/example_display_name.py
[2024-09-03T11:33:11.290+0000] {processor.py:914} INFO - Processing file /home/airflow/.local/lib/python3.12/site-packages/airflow/example_dags/example_display_name.py for tasks to queue
[2024-09-03T11:33:11.295+0000] {logging_mixin.py:190} INFO - [2024-09-03T11:33:11.294+0000] {dagbag.py:587} INFO - Filling up the DagBag from /home/airflow/.local/lib/python3.12/site-packages/airflow/example_dags/example_display_name.py
[2024-09-03T11:33:11.304+0000] {processor.py:925} INFO - DAG(s) 'example_display_name' retrieved from /home/airflow/.local/lib/python3.12/site-packages/airflow/example_dags/example_display_name.py
[2024-09-03T11:33:11.328+0000] {logging_mixin.py:190} INFO - [2024-09-03T11:33:11.328+0000] {dag.py:3211} INFO - Sync 1 DAGs
[2024-09-03T11:33:11.345+0000] {logging_mixin.py:190} INFO - [2024-09-03T11:33:11.345+0000] {dag.py:4138} INFO - Setting next_dagrun for example_display_name to None, run_after=None
[2024-09-03T11:33:11.372+0000] {processor.py:208} INFO - Processing /home/airflow/.local/lib/python3.12/site-packages/airflow/example_dags/example_display_name.py took 0.090 seconds
[2024-09-03T11:33:41.530+0000] {processor.py:186} INFO - Started process (PID=862) to work on /home/airflow/.local/lib/python3.12/site-packages/airflow/example_dags/example_display_name.py
[2024-09-03T11:33:41.531+0000] {processor.py:914} INFO - Processing file /home/airflow/.local/lib/python3.12/site-packages/airflow/example_dags/example_display_name.py for tasks to queue
[2024-09-03T11:33:41.534+0000] {logging_mixin.py:190} INFO - [2024-09-03T11:33:41.534+0000] {dagbag.py:587} INFO - Filling up the DagBag from /home/airflow/.local/lib/python3.12/site-packages/airflow/example_dags/example_display_name.py
[2024-09-03T11:33:41.544+0000] {processor.py:925} INFO - DAG(s) 'example_display_name' retrieved from /home/airflow/.local/lib/python3.12/site-packages/airflow/example_dags/example_display_name.py
[2024-09-03T11:33:41.567+0000] {logging_mixin.py:190} INFO - [2024-09-03T11:33:41.567+0000] {dag.py:3211} INFO - Sync 1 DAGs
[2024-09-03T11:33:41.584+0000] {logging_mixin.py:190} INFO - [2024-09-03T11:33:41.584+0000] {dag.py:4138} INFO - Setting next_dagrun for example_display_name to None, run_after=None
[2024-09-03T11:33:41.609+0000] {processor.py:208} INFO - Processing /home/airflow/.local/lib/python3.12/site-packages/airflow/example_dags/example_display_name.py took 0.084 seconds
[2024-09-03T11:34:12.181+0000] {processor.py:186} INFO - Started process (PID=925) to work on /home/airflow/.local/lib/python3.12/site-packages/airflow/example_dags/example_display_name.py
[2024-09-03T11:34:12.182+0000] {processor.py:914} INFO - Processing file /home/airflow/.local/lib/python3.12/site-packages/airflow/example_dags/example_display_name.py for tasks to queue
[2024-09-03T11:34:12.185+0000] {logging_mixin.py:190} INFO - [2024-09-03T11:34:12.185+0000] {dagbag.py:587} INFO - Filling up the DagBag from /home/airflow/.local/lib/python3.12/site-packages/airflow/example_dags/example_display_name.py
[2024-09-03T11:34:12.194+0000] {processor.py:925} INFO - DAG(s) 'example_display_name' retrieved from /home/airflow/.local/lib/python3.12/site-packages/airflow/example_dags/example_display_name.py
[2024-09-03T11:34:12.220+0000] {logging_mixin.py:190} INFO - [2024-09-03T11:34:12.220+0000] {dag.py:3211} INFO - Sync 1 DAGs
[2024-09-03T11:34:12.239+0000] {logging_mixin.py:190} INFO - [2024-09-03T11:34:12.239+0000] {dag.py:4138} INFO - Setting next_dagrun for example_display_name to None, run_after=None
[2024-09-03T11:34:12.270+0000] {processor.py:208} INFO - Processing /home/airflow/.local/lib/python3.12/site-packages/airflow/example_dags/example_display_name.py took 0.096 seconds
[2024-09-03T11:34:44.294+0000] {processor.py:186} INFO - Started process (PID=988) to work on /home/airflow/.local/lib/python3.12/site-packages/airflow/example_dags/example_display_name.py
[2024-09-03T11:34:44.296+0000] {processor.py:914} INFO - Processing file /home/airflow/.local/lib/python3.12/site-packages/airflow/example_dags/example_display_name.py for tasks to queue
[2024-09-03T11:34:44.300+0000] {logging_mixin.py:190} INFO - [2024-09-03T11:34:44.300+0000] {dagbag.py:587} INFO - Filling up the DagBag from /home/airflow/.local/lib/python3.12/site-packages/airflow/example_dags/example_display_name.py
[2024-09-03T11:34:44.312+0000] {processor.py:925} INFO - DAG(s) 'example_display_name' retrieved from /home/airflow/.local/lib/python3.12/site-packages/airflow/example_dags/example_display_name.py
[2024-09-03T11:34:44.347+0000] {logging_mixin.py:190} INFO - [2024-09-03T11:34:44.347+0000] {dag.py:3211} INFO - Sync 1 DAGs
[2024-09-03T11:34:44.374+0000] {logging_mixin.py:190} INFO - [2024-09-03T11:34:44.373+0000] {dag.py:4138} INFO - Setting next_dagrun for example_display_name to None, run_after=None
[2024-09-03T11:34:44.412+0000] {processor.py:208} INFO - Processing /home/airflow/.local/lib/python3.12/site-packages/airflow/example_dags/example_display_name.py took 0.135 seconds
[2024-09-03T11:35:14.493+0000] {processor.py:186} INFO - Started process (PID=1051) to work on /home/airflow/.local/lib/python3.12/site-packages/airflow/example_dags/example_display_name.py
[2024-09-03T11:35:14.495+0000] {processor.py:914} INFO - Processing file /home/airflow/.local/lib/python3.12/site-packages/airflow/example_dags/example_display_name.py for tasks to queue
[2024-09-03T11:35:14.498+0000] {logging_mixin.py:190} INFO - [2024-09-03T11:35:14.498+0000] {dagbag.py:587} INFO - Filling up the DagBag from /home/airflow/.local/lib/python3.12/site-packages/airflow/example_dags/example_display_name.py
[2024-09-03T11:35:14.510+0000] {processor.py:925} INFO - DAG(s) 'example_display_name' retrieved from /home/airflow/.local/lib/python3.12/site-packages/airflow/example_dags/example_display_name.py
[2024-09-03T11:35:14.546+0000] {logging_mixin.py:190} INFO - [2024-09-03T11:35:14.545+0000] {dag.py:3211} INFO - Sync 1 DAGs
[2024-09-03T11:35:14.568+0000] {logging_mixin.py:190} INFO - [2024-09-03T11:35:14.567+0000] {dag.py:4138} INFO - Setting next_dagrun for example_display_name to None, run_after=None
[2024-09-03T11:35:14.599+0000] {processor.py:208} INFO - Processing /home/airflow/.local/lib/python3.12/site-packages/airflow/example_dags/example_display_name.py took 0.113 seconds
[2024-09-03T11:35:44.667+0000] {processor.py:186} INFO - Started process (PID=1114) to work on /home/airflow/.local/lib/python3.12/site-packages/airflow/example_dags/example_display_name.py
[2024-09-03T11:35:44.669+0000] {processor.py:914} INFO - Processing file /home/airflow/.local/lib/python3.12/site-packages/airflow/example_dags/example_display_name.py for tasks to queue
[2024-09-03T11:35:44.672+0000] {logging_mixin.py:190} INFO - [2024-09-03T11:35:44.671+0000] {dagbag.py:587} INFO - Filling up the DagBag from /home/airflow/.local/lib/python3.12/site-packages/airflow/example_dags/example_display_name.py
[2024-09-03T11:35:44.679+0000] {processor.py:925} INFO - DAG(s) 'example_display_name' retrieved from /home/airflow/.local/lib/python3.12/site-packages/airflow/example_dags/example_display_name.py
[2024-09-03T11:35:44.701+0000] {logging_mixin.py:190} INFO - [2024-09-03T11:35:44.701+0000] {dag.py:3211} INFO - Sync 1 DAGs
[2024-09-03T11:35:44.716+0000] {logging_mixin.py:190} INFO - [2024-09-03T11:35:44.716+0000] {dag.py:4138} INFO - Setting next_dagrun for example_display_name to None, run_after=None
[2024-09-03T11:35:44.743+0000] {processor.py:208} INFO - Processing /home/airflow/.local/lib/python3.12/site-packages/airflow/example_dags/example_display_name.py took 0.080 seconds
[2024-09-03T11:36:15.472+0000] {processor.py:186} INFO - Started process (PID=1177) to work on /home/airflow/.local/lib/python3.12/site-packages/airflow/example_dags/example_display_name.py
[2024-09-03T11:36:15.474+0000] {processor.py:914} INFO - Processing file /home/airflow/.local/lib/python3.12/site-packages/airflow/example_dags/example_display_name.py for tasks to queue
[2024-09-03T11:36:15.477+0000] {logging_mixin.py:190} INFO - [2024-09-03T11:36:15.477+0000] {dagbag.py:587} INFO - Filling up the DagBag from /home/airflow/.local/lib/python3.12/site-packages/airflow/example_dags/example_display_name.py
[2024-09-03T11:36:15.484+0000] {processor.py:925} INFO - DAG(s) 'example_display_name' retrieved from /home/airflow/.local/lib/python3.12/site-packages/airflow/example_dags/example_display_name.py
[2024-09-03T11:36:15.506+0000] {logging_mixin.py:190} INFO - [2024-09-03T11:36:15.505+0000] {dag.py:3211} INFO - Sync 1 DAGs
[2024-09-03T11:36:15.520+0000] {logging_mixin.py:190} INFO - [2024-09-03T11:36:15.520+0000] {dag.py:4138} INFO - Setting next_dagrun for example_display_name to None, run_after=None
[2024-09-03T11:36:15.547+0000] {processor.py:208} INFO - Processing /home/airflow/.local/lib/python3.12/site-packages/airflow/example_dags/example_display_name.py took 0.079 seconds
[2024-09-03T11:36:46.498+0000] {processor.py:186} INFO - Started process (PID=1240) to work on /home/airflow/.local/lib/python3.12/site-packages/airflow/example_dags/example_display_name.py
[2024-09-03T11:36:46.499+0000] {processor.py:914} INFO - Processing file /home/airflow/.local/lib/python3.12/site-packages/airflow/example_dags/example_display_name.py for tasks to queue
[2024-09-03T11:36:46.502+0000] {logging_mixin.py:190} INFO - [2024-09-03T11:36:46.502+0000] {dagbag.py:587} INFO - Filling up the DagBag from /home/airflow/.local/lib/python3.12/site-packages/airflow/example_dags/example_display_name.py
[2024-09-03T11:36:46.511+0000] {processor.py:925} INFO - DAG(s) 'example_display_name' retrieved from /home/airflow/.local/lib/python3.12/site-packages/airflow/example_dags/example_display_name.py
[2024-09-03T11:36:46.553+0000] {logging_mixin.py:190} INFO - [2024-09-03T11:36:46.552+0000] {dag.py:3211} INFO - Sync 1 DAGs
[2024-09-03T11:36:46.581+0000] {logging_mixin.py:190} INFO - [2024-09-03T11:36:46.580+0000] {dag.py:4138} INFO - Setting next_dagrun for example_display_name to None, run_after=None
[2024-09-03T11:36:46.621+0000] {processor.py:208} INFO - Processing /home/airflow/.local/lib/python3.12/site-packages/airflow/example_dags/example_display_name.py took 0.132 seconds
[2024-09-03T11:37:17.290+0000] {processor.py:186} INFO - Started process (PID=1303) to work on /home/airflow/.local/lib/python3.12/site-packages/airflow/example_dags/example_display_name.py
[2024-09-03T11:37:17.292+0000] {processor.py:914} INFO - Processing file /home/airflow/.local/lib/python3.12/site-packages/airflow/example_dags/example_display_name.py for tasks to queue
[2024-09-03T11:37:17.296+0000] {logging_mixin.py:190} INFO - [2024-09-03T11:37:17.295+0000] {dagbag.py:587} INFO - Filling up the DagBag from /home/airflow/.local/lib/python3.12/site-packages/airflow/example_dags/example_display_name.py
[2024-09-03T11:37:17.307+0000] {processor.py:925} INFO - DAG(s) 'example_display_name' retrieved from /home/airflow/.local/lib/python3.12/site-packages/airflow/example_dags/example_display_name.py
[2024-09-03T11:37:17.337+0000] {logging_mixin.py:190} INFO - [2024-09-03T11:37:17.337+0000] {dag.py:3211} INFO - Sync 1 DAGs
[2024-09-03T11:37:17.357+0000] {logging_mixin.py:190} INFO - [2024-09-03T11:37:17.357+0000] {dag.py:4138} INFO - Setting next_dagrun for example_display_name to None, run_after=None
[2024-09-03T11:37:17.391+0000] {processor.py:208} INFO - Processing /home/airflow/.local/lib/python3.12/site-packages/airflow/example_dags/example_display_name.py took 0.108 seconds
[2024-09-03T11:37:48.349+0000] {processor.py:186} INFO - Started process (PID=1366) to work on /home/airflow/.local/lib/python3.12/site-packages/airflow/example_dags/example_display_name.py
[2024-09-03T11:37:48.351+0000] {processor.py:914} INFO - Processing file /home/airflow/.local/lib/python3.12/site-packages/airflow/example_dags/example_display_name.py for tasks to queue
[2024-09-03T11:37:48.355+0000] {logging_mixin.py:190} INFO - [2024-09-03T11:37:48.354+0000] {dagbag.py:587} INFO - Filling up the DagBag from /home/airflow/.local/lib/python3.12/site-packages/airflow/example_dags/example_display_name.py
[2024-09-03T11:37:48.365+0000] {processor.py:925} INFO - DAG(s) 'example_display_name' retrieved from /home/airflow/.local/lib/python3.12/site-packages/airflow/example_dags/example_display_name.py
[2024-09-03T11:37:48.393+0000] {logging_mixin.py:190} INFO - [2024-09-03T11:37:48.393+0000] {dag.py:3211} INFO - Sync 1 DAGs
[2024-09-03T11:37:48.413+0000] {logging_mixin.py:190} INFO - [2024-09-03T11:37:48.413+0000] {dag.py:4138} INFO - Setting next_dagrun for example_display_name to None, run_after=None
[2024-09-03T11:37:48.446+0000] {processor.py:208} INFO - Processing /home/airflow/.local/lib/python3.12/site-packages/airflow/example_dags/example_display_name.py took 0.105 seconds
[2024-09-03T11:38:19.463+0000] {processor.py:186} INFO - Started process (PID=1429) to work on /home/airflow/.local/lib/python3.12/site-packages/airflow/example_dags/example_display_name.py
[2024-09-03T11:38:19.465+0000] {processor.py:914} INFO - Processing file /home/airflow/.local/lib/python3.12/site-packages/airflow/example_dags/example_display_name.py for tasks to queue
[2024-09-03T11:38:19.469+0000] {logging_mixin.py:190} INFO - [2024-09-03T11:38:19.468+0000] {dagbag.py:587} INFO - Filling up the DagBag from /home/airflow/.local/lib/python3.12/site-packages/airflow/example_dags/example_display_name.py
[2024-09-03T11:38:19.479+0000] {processor.py:925} INFO - DAG(s) 'example_display_name' retrieved from /home/airflow/.local/lib/python3.12/site-packages/airflow/example_dags/example_display_name.py
[2024-09-03T11:38:19.516+0000] {logging_mixin.py:190} INFO - [2024-09-03T11:38:19.515+0000] {dag.py:3211} INFO - Sync 1 DAGs
[2024-09-03T11:38:19.543+0000] {logging_mixin.py:190} INFO - [2024-09-03T11:38:19.542+0000] {dag.py:4138} INFO - Setting next_dagrun for example_display_name to None, run_after=None
[2024-09-03T11:38:19.585+0000] {processor.py:208} INFO - Processing /home/airflow/.local/lib/python3.12/site-packages/airflow/example_dags/example_display_name.py took 0.133 seconds
[2024-09-03T11:38:50.346+0000] {processor.py:186} INFO - Started process (PID=1492) to work on /home/airflow/.local/lib/python3.12/site-packages/airflow/example_dags/example_display_name.py
[2024-09-03T11:38:50.348+0000] {processor.py:914} INFO - Processing file /home/airflow/.local/lib/python3.12/site-packages/airflow/example_dags/example_display_name.py for tasks to queue
[2024-09-03T11:38:50.353+0000] {logging_mixin.py:190} INFO - [2024-09-03T11:38:50.353+0000] {dagbag.py:587} INFO - Filling up the DagBag from /home/airflow/.local/lib/python3.12/site-packages/airflow/example_dags/example_display_name.py
[2024-09-03T11:38:50.371+0000] {processor.py:925} INFO - DAG(s) 'example_display_name' retrieved from /home/airflow/.local/lib/python3.12/site-packages/airflow/example_dags/example_display_name.py
[2024-09-03T11:38:50.419+0000] {logging_mixin.py:190} INFO - [2024-09-03T11:38:50.419+0000] {dag.py:3211} INFO - Sync 1 DAGs
[2024-09-03T11:38:50.453+0000] {logging_mixin.py:190} INFO - [2024-09-03T11:38:50.452+0000] {dag.py:4138} INFO - Setting next_dagrun for example_display_name to None, run_after=None
[2024-09-03T11:38:50.510+0000] {processor.py:208} INFO - Processing /home/airflow/.local/lib/python3.12/site-packages/airflow/example_dags/example_display_name.py took 0.176 seconds
[2024-09-03T11:39:21.111+0000] {processor.py:186} INFO - Started process (PID=1555) to work on /home/airflow/.local/lib/python3.12/site-packages/airflow/example_dags/example_display_name.py
[2024-09-03T11:39:21.112+0000] {processor.py:914} INFO - Processing file /home/airflow/.local/lib/python3.12/site-packages/airflow/example_dags/example_display_name.py for tasks to queue
[2024-09-03T11:39:21.117+0000] {logging_mixin.py:190} INFO - [2024-09-03T11:39:21.116+0000] {dagbag.py:587} INFO - Filling up the DagBag from /home/airflow/.local/lib/python3.12/site-packages/airflow/example_dags/example_display_name.py
[2024-09-03T11:39:21.129+0000] {processor.py:925} INFO - DAG(s) 'example_display_name' retrieved from /home/airflow/.local/lib/python3.12/site-packages/airflow/example_dags/example_display_name.py
[2024-09-03T11:39:21.163+0000] {logging_mixin.py:190} INFO - [2024-09-03T11:39:21.163+0000] {dag.py:3211} INFO - Sync 1 DAGs
[2024-09-03T11:39:21.187+0000] {logging_mixin.py:190} INFO - [2024-09-03T11:39:21.187+0000] {dag.py:4138} INFO - Setting next_dagrun for example_display_name to None, run_after=None
[2024-09-03T11:39:21.224+0000] {processor.py:208} INFO - Processing /home/airflow/.local/lib/python3.12/site-packages/airflow/example_dags/example_display_name.py took 0.119 seconds
[2024-09-03T11:39:51.391+0000] {processor.py:186} INFO - Started process (PID=1618) to work on /home/airflow/.local/lib/python3.12/site-packages/airflow/example_dags/example_display_name.py
[2024-09-03T11:39:51.392+0000] {processor.py:914} INFO - Processing file /home/airflow/.local/lib/python3.12/site-packages/airflow/example_dags/example_display_name.py for tasks to queue
[2024-09-03T11:39:51.395+0000] {logging_mixin.py:190} INFO - [2024-09-03T11:39:51.395+0000] {dagbag.py:587} INFO - Filling up the DagBag from /home/airflow/.local/lib/python3.12/site-packages/airflow/example_dags/example_display_name.py
[2024-09-03T11:39:51.405+0000] {processor.py:925} INFO - DAG(s) 'example_display_name' retrieved from /home/airflow/.local/lib/python3.12/site-packages/airflow/example_dags/example_display_name.py
[2024-09-03T11:39:51.433+0000] {logging_mixin.py:190} INFO - [2024-09-03T11:39:51.433+0000] {dag.py:3211} INFO - Sync 1 DAGs
[2024-09-03T11:39:51.454+0000] {logging_mixin.py:190} INFO - [2024-09-03T11:39:51.454+0000] {dag.py:4138} INFO - Setting next_dagrun for example_display_name to None, run_after=None
[2024-09-03T11:39:51.485+0000] {processor.py:208} INFO - Processing /home/airflow/.local/lib/python3.12/site-packages/airflow/example_dags/example_display_name.py took 0.101 seconds
[2024-09-03T11:40:21.601+0000] {processor.py:186} INFO - Started process (PID=1681) to work on /home/airflow/.local/lib/python3.12/site-packages/airflow/example_dags/example_display_name.py
[2024-09-03T11:40:21.602+0000] {processor.py:914} INFO - Processing file /home/airflow/.local/lib/python3.12/site-packages/airflow/example_dags/example_display_name.py for tasks to queue
[2024-09-03T11:40:21.606+0000] {logging_mixin.py:190} INFO - [2024-09-03T11:40:21.605+0000] {dagbag.py:587} INFO - Filling up the DagBag from /home/airflow/.local/lib/python3.12/site-packages/airflow/example_dags/example_display_name.py
[2024-09-03T11:40:21.615+0000] {processor.py:925} INFO - DAG(s) 'example_display_name' retrieved from /home/airflow/.local/lib/python3.12/site-packages/airflow/example_dags/example_display_name.py
[2024-09-03T11:40:21.645+0000] {logging_mixin.py:190} INFO - [2024-09-03T11:40:21.644+0000] {dag.py:3211} INFO - Sync 1 DAGs
[2024-09-03T11:40:21.663+0000] {logging_mixin.py:190} INFO - [2024-09-03T11:40:21.663+0000] {dag.py:4138} INFO - Setting next_dagrun for example_display_name to None, run_after=None
[2024-09-03T11:40:21.696+0000] {processor.py:208} INFO - Processing /home/airflow/.local/lib/python3.12/site-packages/airflow/example_dags/example_display_name.py took 0.102 seconds
[2024-09-03T11:40:53.223+0000] {processor.py:186} INFO - Started process (PID=1745) to work on /home/airflow/.local/lib/python3.12/site-packages/airflow/example_dags/example_display_name.py
[2024-09-03T11:40:53.226+0000] {processor.py:914} INFO - Processing file /home/airflow/.local/lib/python3.12/site-packages/airflow/example_dags/example_display_name.py for tasks to queue
[2024-09-03T11:40:53.231+0000] {logging_mixin.py:190} INFO - [2024-09-03T11:40:53.230+0000] {dagbag.py:587} INFO - Filling up the DagBag from /home/airflow/.local/lib/python3.12/site-packages/airflow/example_dags/example_display_name.py
[2024-09-03T11:40:53.256+0000] {processor.py:925} INFO - DAG(s) 'example_display_name' retrieved from /home/airflow/.local/lib/python3.12/site-packages/airflow/example_dags/example_display_name.py
[2024-09-03T11:40:53.332+0000] {logging_mixin.py:190} INFO - [2024-09-03T11:40:53.331+0000] {dag.py:3211} INFO - Sync 1 DAGs
[2024-09-03T11:40:53.395+0000] {logging_mixin.py:190} INFO - [2024-09-03T11:40:53.394+0000] {dag.py:4138} INFO - Setting next_dagrun for example_display_name to None, run_after=None
[2024-09-03T11:40:53.466+0000] {processor.py:208} INFO - Processing /home/airflow/.local/lib/python3.12/site-packages/airflow/example_dags/example_display_name.py took 0.262 seconds
[2024-09-03T11:41:23.893+0000] {processor.py:186} INFO - Started process (PID=1808) to work on /home/airflow/.local/lib/python3.12/site-packages/airflow/example_dags/example_display_name.py
[2024-09-03T11:41:23.895+0000] {processor.py:914} INFO - Processing file /home/airflow/.local/lib/python3.12/site-packages/airflow/example_dags/example_display_name.py for tasks to queue
[2024-09-03T11:41:23.902+0000] {logging_mixin.py:190} INFO - [2024-09-03T11:41:23.901+0000] {dagbag.py:587} INFO - Filling up the DagBag from /home/airflow/.local/lib/python3.12/site-packages/airflow/example_dags/example_display_name.py
[2024-09-03T11:41:23.918+0000] {processor.py:925} INFO - DAG(s) 'example_display_name' retrieved from /home/airflow/.local/lib/python3.12/site-packages/airflow/example_dags/example_display_name.py
[2024-09-03T11:41:23.971+0000] {logging_mixin.py:190} INFO - [2024-09-03T11:41:23.970+0000] {dag.py:3211} INFO - Sync 1 DAGs
[2024-09-03T11:41:24.005+0000] {logging_mixin.py:190} INFO - [2024-09-03T11:41:24.004+0000] {dag.py:4138} INFO - Setting next_dagrun for example_display_name to None, run_after=None
[2024-09-03T11:41:24.065+0000] {processor.py:208} INFO - Processing /home/airflow/.local/lib/python3.12/site-packages/airflow/example_dags/example_display_name.py took 0.182 seconds
[2024-09-03T11:41:54.851+0000] {processor.py:186} INFO - Started process (PID=1871) to work on /home/airflow/.local/lib/python3.12/site-packages/airflow/example_dags/example_display_name.py
[2024-09-03T11:41:54.853+0000] {processor.py:914} INFO - Processing file /home/airflow/.local/lib/python3.12/site-packages/airflow/example_dags/example_display_name.py for tasks to queue
[2024-09-03T11:41:54.858+0000] {logging_mixin.py:190} INFO - [2024-09-03T11:41:54.857+0000] {dagbag.py:587} INFO - Filling up the DagBag from /home/airflow/.local/lib/python3.12/site-packages/airflow/example_dags/example_display_name.py
[2024-09-03T11:41:54.874+0000] {processor.py:925} INFO - DAG(s) 'example_display_name' retrieved from /home/airflow/.local/lib/python3.12/site-packages/airflow/example_dags/example_display_name.py
[2024-09-03T11:41:54.911+0000] {logging_mixin.py:190} INFO - [2024-09-03T11:41:54.910+0000] {dag.py:3211} INFO - Sync 1 DAGs
[2024-09-03T11:41:54.938+0000] {logging_mixin.py:190} INFO - [2024-09-03T11:41:54.937+0000] {dag.py:4138} INFO - Setting next_dagrun for example_display_name to None, run_after=None
[2024-09-03T11:41:54.982+0000] {processor.py:208} INFO - Processing /home/airflow/.local/lib/python3.12/site-packages/airflow/example_dags/example_display_name.py took 0.141 seconds
[2024-09-03T11:42:25.943+0000] {processor.py:186} INFO - Started process (PID=1934) to work on /home/airflow/.local/lib/python3.12/site-packages/airflow/example_dags/example_display_name.py
[2024-09-03T11:42:25.945+0000] {processor.py:914} INFO - Processing file /home/airflow/.local/lib/python3.12/site-packages/airflow/example_dags/example_display_name.py for tasks to queue
[2024-09-03T11:42:25.950+0000] {logging_mixin.py:190} INFO - [2024-09-03T11:42:25.949+0000] {dagbag.py:587} INFO - Filling up the DagBag from /home/airflow/.local/lib/python3.12/site-packages/airflow/example_dags/example_display_name.py
[2024-09-03T11:42:25.966+0000] {processor.py:925} INFO - DAG(s) 'example_display_name' retrieved from /home/airflow/.local/lib/python3.12/site-packages/airflow/example_dags/example_display_name.py
[2024-09-03T11:42:26.012+0000] {logging_mixin.py:190} INFO - [2024-09-03T11:42:26.012+0000] {dag.py:3211} INFO - Sync 1 DAGs
[2024-09-03T11:42:26.040+0000] {logging_mixin.py:190} INFO - [2024-09-03T11:42:26.040+0000] {dag.py:4138} INFO - Setting next_dagrun for example_display_name to None, run_after=None
[2024-09-03T11:42:26.084+0000] {processor.py:208} INFO - Processing /home/airflow/.local/lib/python3.12/site-packages/airflow/example_dags/example_display_name.py took 0.153 seconds
[2024-09-03T11:42:56.888+0000] {processor.py:186} INFO - Started process (PID=1997) to work on /home/airflow/.local/lib/python3.12/site-packages/airflow/example_dags/example_display_name.py
[2024-09-03T11:42:56.890+0000] {processor.py:914} INFO - Processing file /home/airflow/.local/lib/python3.12/site-packages/airflow/example_dags/example_display_name.py for tasks to queue
[2024-09-03T11:42:56.894+0000] {logging_mixin.py:190} INFO - [2024-09-03T11:42:56.893+0000] {dagbag.py:587} INFO - Filling up the DagBag from /home/airflow/.local/lib/python3.12/site-packages/airflow/example_dags/example_display_name.py
[2024-09-03T11:42:56.903+0000] {processor.py:925} INFO - DAG(s) 'example_display_name' retrieved from /home/airflow/.local/lib/python3.12/site-packages/airflow/example_dags/example_display_name.py
[2024-09-03T11:42:56.934+0000] {logging_mixin.py:190} INFO - [2024-09-03T11:42:56.933+0000] {dag.py:3211} INFO - Sync 1 DAGs
[2024-09-03T11:42:56.959+0000] {logging_mixin.py:190} INFO - [2024-09-03T11:42:56.959+0000] {dag.py:4138} INFO - Setting next_dagrun for example_display_name to None, run_after=None
[2024-09-03T11:42:57.002+0000] {processor.py:208} INFO - Processing /home/airflow/.local/lib/python3.12/site-packages/airflow/example_dags/example_display_name.py took 0.122 seconds
[2024-09-03T11:43:27.120+0000] {processor.py:186} INFO - Started process (PID=2060) to work on /home/airflow/.local/lib/python3.12/site-packages/airflow/example_dags/example_display_name.py
[2024-09-03T11:43:27.122+0000] {processor.py:914} INFO - Processing file /home/airflow/.local/lib/python3.12/site-packages/airflow/example_dags/example_display_name.py for tasks to queue
[2024-09-03T11:43:27.126+0000] {logging_mixin.py:190} INFO - [2024-09-03T11:43:27.126+0000] {dagbag.py:587} INFO - Filling up the DagBag from /home/airflow/.local/lib/python3.12/site-packages/airflow/example_dags/example_display_name.py
[2024-09-03T11:43:27.139+0000] {processor.py:925} INFO - DAG(s) 'example_display_name' retrieved from /home/airflow/.local/lib/python3.12/site-packages/airflow/example_dags/example_display_name.py
[2024-09-03T11:43:27.171+0000] {logging_mixin.py:190} INFO - [2024-09-03T11:43:27.171+0000] {dag.py:3211} INFO - Sync 1 DAGs
[2024-09-03T11:43:27.194+0000] {logging_mixin.py:190} INFO - [2024-09-03T11:43:27.193+0000] {dag.py:4138} INFO - Setting next_dagrun for example_display_name to None, run_after=None
[2024-09-03T11:43:27.227+0000] {processor.py:208} INFO - Processing /home/airflow/.local/lib/python3.12/site-packages/airflow/example_dags/example_display_name.py took 0.117 seconds
[2024-09-03T11:43:58.055+0000] {processor.py:186} INFO - Started process (PID=2123) to work on /home/airflow/.local/lib/python3.12/site-packages/airflow/example_dags/example_display_name.py
[2024-09-03T11:43:58.057+0000] {processor.py:914} INFO - Processing file /home/airflow/.local/lib/python3.12/site-packages/airflow/example_dags/example_display_name.py for tasks to queue
[2024-09-03T11:43:58.061+0000] {logging_mixin.py:190} INFO - [2024-09-03T11:43:58.060+0000] {dagbag.py:587} INFO - Filling up the DagBag from /home/airflow/.local/lib/python3.12/site-packages/airflow/example_dags/example_display_name.py
[2024-09-03T11:43:58.074+0000] {processor.py:925} INFO - DAG(s) 'example_display_name' retrieved from /home/airflow/.local/lib/python3.12/site-packages/airflow/example_dags/example_display_name.py
[2024-09-03T11:43:58.110+0000] {logging_mixin.py:190} INFO - [2024-09-03T11:43:58.110+0000] {dag.py:3211} INFO - Sync 1 DAGs
[2024-09-03T11:43:58.131+0000] {logging_mixin.py:190} INFO - [2024-09-03T11:43:58.130+0000] {dag.py:4138} INFO - Setting next_dagrun for example_display_name to None, run_after=None
[2024-09-03T11:43:58.166+0000] {processor.py:208} INFO - Processing /home/airflow/.local/lib/python3.12/site-packages/airflow/example_dags/example_display_name.py took 0.116 seconds
[2024-09-03T11:44:28.264+0000] {processor.py:186} INFO - Started process (PID=2185) to work on /home/airflow/.local/lib/python3.12/site-packages/airflow/example_dags/example_display_name.py
[2024-09-03T11:44:28.265+0000] {processor.py:914} INFO - Processing file /home/airflow/.local/lib/python3.12/site-packages/airflow/example_dags/example_display_name.py for tasks to queue
[2024-09-03T11:44:28.268+0000] {logging_mixin.py:190} INFO - [2024-09-03T11:44:28.267+0000] {dagbag.py:587} INFO - Filling up the DagBag from /home/airflow/.local/lib/python3.12/site-packages/airflow/example_dags/example_display_name.py
[2024-09-03T11:44:28.277+0000] {processor.py:925} INFO - DAG(s) 'example_display_name' retrieved from /home/airflow/.local/lib/python3.12/site-packages/airflow/example_dags/example_display_name.py
[2024-09-03T11:44:28.302+0000] {logging_mixin.py:190} INFO - [2024-09-03T11:44:28.301+0000] {dag.py:3211} INFO - Sync 1 DAGs
[2024-09-03T11:44:28.322+0000] {logging_mixin.py:190} INFO - [2024-09-03T11:44:28.321+0000] {dag.py:4138} INFO - Setting next_dagrun for example_display_name to None, run_after=None
[2024-09-03T11:44:28.351+0000] {processor.py:208} INFO - Processing /home/airflow/.local/lib/python3.12/site-packages/airflow/example_dags/example_display_name.py took 0.094 seconds
[2024-09-03T11:44:59.373+0000] {processor.py:186} INFO - Started process (PID=2249) to work on /home/airflow/.local/lib/python3.12/site-packages/airflow/example_dags/example_display_name.py
[2024-09-03T11:44:59.375+0000] {processor.py:914} INFO - Processing file /home/airflow/.local/lib/python3.12/site-packages/airflow/example_dags/example_display_name.py for tasks to queue
[2024-09-03T11:44:59.378+0000] {logging_mixin.py:190} INFO - [2024-09-03T11:44:59.378+0000] {dagbag.py:587} INFO - Filling up the DagBag from /home/airflow/.local/lib/python3.12/site-packages/airflow/example_dags/example_display_name.py
[2024-09-03T11:44:59.387+0000] {processor.py:925} INFO - DAG(s) 'example_display_name' retrieved from /home/airflow/.local/lib/python3.12/site-packages/airflow/example_dags/example_display_name.py
[2024-09-03T11:44:59.411+0000] {logging_mixin.py:190} INFO - [2024-09-03T11:44:59.411+0000] {dag.py:3211} INFO - Sync 1 DAGs
[2024-09-03T11:44:59.425+0000] {logging_mixin.py:190} INFO - [2024-09-03T11:44:59.425+0000] {dag.py:4138} INFO - Setting next_dagrun for example_display_name to None, run_after=None
[2024-09-03T11:44:59.450+0000] {processor.py:208} INFO - Processing /home/airflow/.local/lib/python3.12/site-packages/airflow/example_dags/example_display_name.py took 0.082 seconds
[2024-09-03T11:45:29.515+0000] {processor.py:186} INFO - Started process (PID=2311) to work on /home/airflow/.local/lib/python3.12/site-packages/airflow/example_dags/example_display_name.py
[2024-09-03T11:45:29.516+0000] {processor.py:914} INFO - Processing file /home/airflow/.local/lib/python3.12/site-packages/airflow/example_dags/example_display_name.py for tasks to queue
[2024-09-03T11:45:29.520+0000] {logging_mixin.py:190} INFO - [2024-09-03T11:45:29.520+0000] {dagbag.py:587} INFO - Filling up the DagBag from /home/airflow/.local/lib/python3.12/site-packages/airflow/example_dags/example_display_name.py
[2024-09-03T11:45:29.527+0000] {processor.py:925} INFO - DAG(s) 'example_display_name' retrieved from /home/airflow/.local/lib/python3.12/site-packages/airflow/example_dags/example_display_name.py
[2024-09-03T11:45:29.550+0000] {logging_mixin.py:190} INFO - [2024-09-03T11:45:29.550+0000] {dag.py:3211} INFO - Sync 1 DAGs
[2024-09-03T11:45:29.564+0000] {logging_mixin.py:190} INFO - [2024-09-03T11:45:29.564+0000] {dag.py:4138} INFO - Setting next_dagrun for example_display_name to None, run_after=None
[2024-09-03T11:45:29.589+0000] {processor.py:208} INFO - Processing /home/airflow/.local/lib/python3.12/site-packages/airflow/example_dags/example_display_name.py took 0.080 seconds
[2024-09-03T11:46:00.009+0000] {processor.py:186} INFO - Started process (PID=2374) to work on /home/airflow/.local/lib/python3.12/site-packages/airflow/example_dags/example_display_name.py
[2024-09-03T11:46:00.010+0000] {processor.py:914} INFO - Processing file /home/airflow/.local/lib/python3.12/site-packages/airflow/example_dags/example_display_name.py for tasks to queue
[2024-09-03T11:46:00.014+0000] {logging_mixin.py:190} INFO - [2024-09-03T11:46:00.013+0000] {dagbag.py:587} INFO - Filling up the DagBag from /home/airflow/.local/lib/python3.12/site-packages/airflow/example_dags/example_display_name.py
[2024-09-03T11:46:00.021+0000] {processor.py:925} INFO - DAG(s) 'example_display_name' retrieved from /home/airflow/.local/lib/python3.12/site-packages/airflow/example_dags/example_display_name.py
[2024-09-03T11:46:00.045+0000] {logging_mixin.py:190} INFO - [2024-09-03T11:46:00.045+0000] {dag.py:3211} INFO - Sync 1 DAGs
[2024-09-03T11:46:00.061+0000] {logging_mixin.py:190} INFO - [2024-09-03T11:46:00.061+0000] {dag.py:4138} INFO - Setting next_dagrun for example_display_name to None, run_after=None
[2024-09-03T11:46:00.097+0000] {processor.py:208} INFO - Processing /home/airflow/.local/lib/python3.12/site-packages/airflow/example_dags/example_display_name.py took 0.093 seconds
[2024-09-03T11:46:30.372+0000] {processor.py:186} INFO - Started process (PID=2437) to work on /home/airflow/.local/lib/python3.12/site-packages/airflow/example_dags/example_display_name.py
[2024-09-03T11:46:30.373+0000] {processor.py:914} INFO - Processing file /home/airflow/.local/lib/python3.12/site-packages/airflow/example_dags/example_display_name.py for tasks to queue
[2024-09-03T11:46:30.377+0000] {logging_mixin.py:190} INFO - [2024-09-03T11:46:30.377+0000] {dagbag.py:587} INFO - Filling up the DagBag from /home/airflow/.local/lib/python3.12/site-packages/airflow/example_dags/example_display_name.py
[2024-09-03T11:46:30.385+0000] {processor.py:925} INFO - DAG(s) 'example_display_name' retrieved from /home/airflow/.local/lib/python3.12/site-packages/airflow/example_dags/example_display_name.py
[2024-09-03T11:46:30.407+0000] {logging_mixin.py:190} INFO - [2024-09-03T11:46:30.407+0000] {dag.py:3211} INFO - Sync 1 DAGs
[2024-09-03T11:46:30.422+0000] {logging_mixin.py:190} INFO - [2024-09-03T11:46:30.421+0000] {dag.py:4138} INFO - Setting next_dagrun for example_display_name to None, run_after=None
[2024-09-03T11:46:30.450+0000] {processor.py:208} INFO - Processing /home/airflow/.local/lib/python3.12/site-packages/airflow/example_dags/example_display_name.py took 0.083 seconds
[2024-09-03T11:47:00.619+0000] {processor.py:186} INFO - Started process (PID=2501) to work on /home/airflow/.local/lib/python3.12/site-packages/airflow/example_dags/example_display_name.py
[2024-09-03T11:47:00.625+0000] {processor.py:914} INFO - Processing file /home/airflow/.local/lib/python3.12/site-packages/airflow/example_dags/example_display_name.py for tasks to queue
[2024-09-03T11:47:00.636+0000] {logging_mixin.py:190} INFO - [2024-09-03T11:47:00.635+0000] {dagbag.py:587} INFO - Filling up the DagBag from /home/airflow/.local/lib/python3.12/site-packages/airflow/example_dags/example_display_name.py
[2024-09-03T11:47:00.660+0000] {processor.py:925} INFO - DAG(s) 'example_display_name' retrieved from /home/airflow/.local/lib/python3.12/site-packages/airflow/example_dags/example_display_name.py
[2024-09-03T11:47:00.744+0000] {logging_mixin.py:190} INFO - [2024-09-03T11:47:00.743+0000] {dag.py:3211} INFO - Sync 1 DAGs
[2024-09-03T11:47:00.802+0000] {logging_mixin.py:190} INFO - [2024-09-03T11:47:00.802+0000] {dag.py:4138} INFO - Setting next_dagrun for example_display_name to None, run_after=None
[2024-09-03T11:47:00.880+0000] {processor.py:208} INFO - Processing /home/airflow/.local/lib/python3.12/site-packages/airflow/example_dags/example_display_name.py took 0.282 seconds
[2024-09-03T11:47:31.266+0000] {processor.py:186} INFO - Started process (PID=2564) to work on /home/airflow/.local/lib/python3.12/site-packages/airflow/example_dags/example_display_name.py
[2024-09-03T11:47:31.268+0000] {processor.py:914} INFO - Processing file /home/airflow/.local/lib/python3.12/site-packages/airflow/example_dags/example_display_name.py for tasks to queue
[2024-09-03T11:47:31.272+0000] {logging_mixin.py:190} INFO - [2024-09-03T11:47:31.271+0000] {dagbag.py:587} INFO - Filling up the DagBag from /home/airflow/.local/lib/python3.12/site-packages/airflow/example_dags/example_display_name.py
[2024-09-03T11:47:31.295+0000] {processor.py:925} INFO - DAG(s) 'example_display_name' retrieved from /home/airflow/.local/lib/python3.12/site-packages/airflow/example_dags/example_display_name.py
[2024-09-03T11:47:31.328+0000] {logging_mixin.py:190} INFO - [2024-09-03T11:47:31.328+0000] {dag.py:3211} INFO - Sync 1 DAGs
[2024-09-03T11:47:31.355+0000] {logging_mixin.py:190} INFO - [2024-09-03T11:47:31.354+0000] {dag.py:4138} INFO - Setting next_dagrun for example_display_name to None, run_after=None
[2024-09-03T11:47:31.395+0000] {processor.py:208} INFO - Processing /home/airflow/.local/lib/python3.12/site-packages/airflow/example_dags/example_display_name.py took 0.142 seconds
[2024-09-03T11:48:01.837+0000] {processor.py:186} INFO - Started process (PID=2627) to work on /home/airflow/.local/lib/python3.12/site-packages/airflow/example_dags/example_display_name.py
[2024-09-03T11:48:01.838+0000] {processor.py:914} INFO - Processing file /home/airflow/.local/lib/python3.12/site-packages/airflow/example_dags/example_display_name.py for tasks to queue
[2024-09-03T11:48:01.842+0000] {logging_mixin.py:190} INFO - [2024-09-03T11:48:01.842+0000] {dagbag.py:587} INFO - Filling up the DagBag from /home/airflow/.local/lib/python3.12/site-packages/airflow/example_dags/example_display_name.py
[2024-09-03T11:48:01.853+0000] {processor.py:925} INFO - DAG(s) 'example_display_name' retrieved from /home/airflow/.local/lib/python3.12/site-packages/airflow/example_dags/example_display_name.py
[2024-09-03T11:48:01.886+0000] {logging_mixin.py:190} INFO - [2024-09-03T11:48:01.886+0000] {dag.py:3211} INFO - Sync 1 DAGs
[2024-09-03T11:48:01.913+0000] {logging_mixin.py:190} INFO - [2024-09-03T11:48:01.912+0000] {dag.py:4138} INFO - Setting next_dagrun for example_display_name to None, run_after=None
[2024-09-03T11:48:01.948+0000] {processor.py:208} INFO - Processing /home/airflow/.local/lib/python3.12/site-packages/airflow/example_dags/example_display_name.py took 0.120 seconds
[2024-09-03T11:48:32.949+0000] {processor.py:186} INFO - Started process (PID=2696) to work on /home/airflow/.local/lib/python3.12/site-packages/airflow/example_dags/example_display_name.py
[2024-09-03T11:48:32.950+0000] {processor.py:914} INFO - Processing file /home/airflow/.local/lib/python3.12/site-packages/airflow/example_dags/example_display_name.py for tasks to queue
[2024-09-03T11:48:32.954+0000] {logging_mixin.py:190} INFO - [2024-09-03T11:48:32.954+0000] {dagbag.py:587} INFO - Filling up the DagBag from /home/airflow/.local/lib/python3.12/site-packages/airflow/example_dags/example_display_name.py
[2024-09-03T11:48:32.966+0000] {processor.py:925} INFO - DAG(s) 'example_display_name' retrieved from /home/airflow/.local/lib/python3.12/site-packages/airflow/example_dags/example_display_name.py
[2024-09-03T11:48:33.001+0000] {logging_mixin.py:190} INFO - [2024-09-03T11:48:33.001+0000] {dag.py:3211} INFO - Sync 1 DAGs
[2024-09-03T11:48:33.020+0000] {logging_mixin.py:190} INFO - [2024-09-03T11:48:33.020+0000] {dag.py:4138} INFO - Setting next_dagrun for example_display_name to None, run_after=None
[2024-09-03T11:48:33.054+0000] {processor.py:208} INFO - Processing /home/airflow/.local/lib/python3.12/site-packages/airflow/example_dags/example_display_name.py took 0.114 seconds
[2024-09-03T11:49:03.352+0000] {processor.py:186} INFO - Started process (PID=2759) to work on /home/airflow/.local/lib/python3.12/site-packages/airflow/example_dags/example_display_name.py
[2024-09-03T11:49:03.361+0000] {processor.py:914} INFO - Processing file /home/airflow/.local/lib/python3.12/site-packages/airflow/example_dags/example_display_name.py for tasks to queue
[2024-09-03T11:49:03.367+0000] {logging_mixin.py:190} INFO - [2024-09-03T11:49:03.366+0000] {dagbag.py:587} INFO - Filling up the DagBag from /home/airflow/.local/lib/python3.12/site-packages/airflow/example_dags/example_display_name.py
[2024-09-03T11:49:03.391+0000] {processor.py:925} INFO - DAG(s) 'example_display_name' retrieved from /home/airflow/.local/lib/python3.12/site-packages/airflow/example_dags/example_display_name.py
[2024-09-03T11:49:03.437+0000] {logging_mixin.py:190} INFO - [2024-09-03T11:49:03.437+0000] {dag.py:3211} INFO - Sync 1 DAGs
[2024-09-03T11:49:03.486+0000] {logging_mixin.py:190} INFO - [2024-09-03T11:49:03.485+0000] {dag.py:4138} INFO - Setting next_dagrun for example_display_name to None, run_after=None
[2024-09-03T11:49:03.559+0000] {processor.py:208} INFO - Processing /home/airflow/.local/lib/python3.12/site-packages/airflow/example_dags/example_display_name.py took 0.217 seconds
[2024-09-03T11:49:34.826+0000] {processor.py:186} INFO - Started process (PID=2822) to work on /home/airflow/.local/lib/python3.12/site-packages/airflow/example_dags/example_display_name.py
[2024-09-03T11:49:34.830+0000] {processor.py:914} INFO - Processing file /home/airflow/.local/lib/python3.12/site-packages/airflow/example_dags/example_display_name.py for tasks to queue
[2024-09-03T11:49:34.835+0000] {logging_mixin.py:190} INFO - [2024-09-03T11:49:34.834+0000] {dagbag.py:587} INFO - Filling up the DagBag from /home/airflow/.local/lib/python3.12/site-packages/airflow/example_dags/example_display_name.py
[2024-09-03T11:49:34.854+0000] {processor.py:925} INFO - DAG(s) 'example_display_name' retrieved from /home/airflow/.local/lib/python3.12/site-packages/airflow/example_dags/example_display_name.py
[2024-09-03T11:49:34.904+0000] {logging_mixin.py:190} INFO - [2024-09-03T11:49:34.903+0000] {dag.py:3211} INFO - Sync 1 DAGs
[2024-09-03T11:49:34.940+0000] {logging_mixin.py:190} INFO - [2024-09-03T11:49:34.939+0000] {dag.py:4138} INFO - Setting next_dagrun for example_display_name to None, run_after=None
[2024-09-03T11:49:35.014+0000] {processor.py:208} INFO - Processing /home/airflow/.local/lib/python3.12/site-packages/airflow/example_dags/example_display_name.py took 0.201 seconds
[2024-09-03T11:50:05.868+0000] {processor.py:186} INFO - Started process (PID=2885) to work on /home/airflow/.local/lib/python3.12/site-packages/airflow/example_dags/example_display_name.py
[2024-09-03T11:50:05.870+0000] {processor.py:914} INFO - Processing file /home/airflow/.local/lib/python3.12/site-packages/airflow/example_dags/example_display_name.py for tasks to queue
[2024-09-03T11:50:05.876+0000] {logging_mixin.py:190} INFO - [2024-09-03T11:50:05.875+0000] {dagbag.py:587} INFO - Filling up the DagBag from /home/airflow/.local/lib/python3.12/site-packages/airflow/example_dags/example_display_name.py
[2024-09-03T11:50:05.893+0000] {processor.py:925} INFO - DAG(s) 'example_display_name' retrieved from /home/airflow/.local/lib/python3.12/site-packages/airflow/example_dags/example_display_name.py
[2024-09-03T11:50:05.942+0000] {logging_mixin.py:190} INFO - [2024-09-03T11:50:05.941+0000] {dag.py:3211} INFO - Sync 1 DAGs
[2024-09-03T11:50:05.978+0000] {logging_mixin.py:190} INFO - [2024-09-03T11:50:05.977+0000] {dag.py:4138} INFO - Setting next_dagrun for example_display_name to None, run_after=None
[2024-09-03T11:50:06.042+0000] {processor.py:208} INFO - Processing /home/airflow/.local/lib/python3.12/site-packages/airflow/example_dags/example_display_name.py took 0.184 seconds
