[2024-09-03T11:27:31.823+0000] {processor.py:186} INFO - Started process (PID=78) to work on /home/airflow/.local/lib/python3.12/site-packages/airflow/example_dags/example_task_group.py
[2024-09-03T11:27:31.825+0000] {processor.py:914} INFO - Processing file /home/airflow/.local/lib/python3.12/site-packages/airflow/example_dags/example_task_group.py for tasks to queue
[2024-09-03T11:27:31.830+0000] {logging_mixin.py:190} INFO - [2024-09-03T11:27:31.829+0000] {dagbag.py:587} INFO - Filling up the DagBag from /home/airflow/.local/lib/python3.12/site-packages/airflow/example_dags/example_task_group.py
[2024-09-03T11:27:31.848+0000] {processor.py:925} INFO - DAG(s) 'example_task_group' retrieved from /home/airflow/.local/lib/python3.12/site-packages/airflow/example_dags/example_task_group.py
[2024-09-03T11:27:31.932+0000] {logging_mixin.py:190} INFO - [2024-09-03T11:27:31.932+0000] {dag.py:3211} INFO - Sync 1 DAGs
[2024-09-03T11:27:32.005+0000] {logging_mixin.py:190} INFO - [2024-09-03T11:27:32.005+0000] {dag.py:4138} INFO - Setting next_dagrun for example_task_group to 2024-09-02 00:00:00+00:00, run_after=2024-09-03 00:00:00+00:00
[2024-09-03T11:27:32.054+0000] {processor.py:208} INFO - Processing /home/airflow/.local/lib/python3.12/site-packages/airflow/example_dags/example_task_group.py took 0.240 seconds
[2024-09-03T11:28:02.435+0000] {processor.py:186} INFO - Started process (PID=141) to work on /home/airflow/.local/lib/python3.12/site-packages/airflow/example_dags/example_task_group.py
[2024-09-03T11:28:02.437+0000] {processor.py:914} INFO - Processing file /home/airflow/.local/lib/python3.12/site-packages/airflow/example_dags/example_task_group.py for tasks to queue
[2024-09-03T11:28:02.440+0000] {logging_mixin.py:190} INFO - [2024-09-03T11:28:02.439+0000] {dagbag.py:587} INFO - Filling up the DagBag from /home/airflow/.local/lib/python3.12/site-packages/airflow/example_dags/example_task_group.py
[2024-09-03T11:28:02.452+0000] {processor.py:925} INFO - DAG(s) 'example_task_group' retrieved from /home/airflow/.local/lib/python3.12/site-packages/airflow/example_dags/example_task_group.py
[2024-09-03T11:28:02.481+0000] {logging_mixin.py:190} INFO - [2024-09-03T11:28:02.480+0000] {dag.py:3211} INFO - Sync 1 DAGs
[2024-09-03T11:28:02.509+0000] {logging_mixin.py:190} INFO - [2024-09-03T11:28:02.509+0000] {dag.py:4138} INFO - Setting next_dagrun for example_task_group to 2024-09-02 00:00:00+00:00, run_after=2024-09-03 00:00:00+00:00
[2024-09-03T11:28:02.537+0000] {processor.py:208} INFO - Processing /home/airflow/.local/lib/python3.12/site-packages/airflow/example_dags/example_task_group.py took 0.109 seconds
[2024-09-03T11:28:32.976+0000] {processor.py:186} INFO - Started process (PID=212) to work on /home/airflow/.local/lib/python3.12/site-packages/airflow/example_dags/example_task_group.py
[2024-09-03T11:28:32.977+0000] {processor.py:914} INFO - Processing file /home/airflow/.local/lib/python3.12/site-packages/airflow/example_dags/example_task_group.py for tasks to queue
[2024-09-03T11:28:32.981+0000] {logging_mixin.py:190} INFO - [2024-09-03T11:28:32.980+0000] {dagbag.py:587} INFO - Filling up the DagBag from /home/airflow/.local/lib/python3.12/site-packages/airflow/example_dags/example_task_group.py
[2024-09-03T11:28:32.990+0000] {processor.py:925} INFO - DAG(s) 'example_task_group' retrieved from /home/airflow/.local/lib/python3.12/site-packages/airflow/example_dags/example_task_group.py
[2024-09-03T11:28:33.017+0000] {logging_mixin.py:190} INFO - [2024-09-03T11:28:33.017+0000] {dag.py:3211} INFO - Sync 1 DAGs
[2024-09-03T11:28:33.041+0000] {logging_mixin.py:190} INFO - [2024-09-03T11:28:33.041+0000] {dag.py:4138} INFO - Setting next_dagrun for example_task_group to 2024-09-02 00:00:00+00:00, run_after=2024-09-03 00:00:00+00:00
[2024-09-03T11:28:33.066+0000] {processor.py:208} INFO - Processing /home/airflow/.local/lib/python3.12/site-packages/airflow/example_dags/example_task_group.py took 0.095 seconds
[2024-09-03T11:29:03.348+0000] {processor.py:186} INFO - Started process (PID=275) to work on /home/airflow/.local/lib/python3.12/site-packages/airflow/example_dags/example_task_group.py
[2024-09-03T11:29:03.349+0000] {processor.py:914} INFO - Processing file /home/airflow/.local/lib/python3.12/site-packages/airflow/example_dags/example_task_group.py for tasks to queue
[2024-09-03T11:29:03.352+0000] {logging_mixin.py:190} INFO - [2024-09-03T11:29:03.352+0000] {dagbag.py:587} INFO - Filling up the DagBag from /home/airflow/.local/lib/python3.12/site-packages/airflow/example_dags/example_task_group.py
[2024-09-03T11:29:03.363+0000] {processor.py:925} INFO - DAG(s) 'example_task_group' retrieved from /home/airflow/.local/lib/python3.12/site-packages/airflow/example_dags/example_task_group.py
[2024-09-03T11:29:03.386+0000] {logging_mixin.py:190} INFO - [2024-09-03T11:29:03.386+0000] {dag.py:3211} INFO - Sync 1 DAGs
[2024-09-03T11:29:03.412+0000] {logging_mixin.py:190} INFO - [2024-09-03T11:29:03.412+0000] {dag.py:4138} INFO - Setting next_dagrun for example_task_group to 2024-09-02 00:00:00+00:00, run_after=2024-09-03 00:00:00+00:00
[2024-09-03T11:29:03.442+0000] {processor.py:208} INFO - Processing /home/airflow/.local/lib/python3.12/site-packages/airflow/example_dags/example_task_group.py took 0.100 seconds
[2024-09-03T11:29:34.095+0000] {processor.py:186} INFO - Started process (PID=338) to work on /home/airflow/.local/lib/python3.12/site-packages/airflow/example_dags/example_task_group.py
[2024-09-03T11:29:34.096+0000] {processor.py:914} INFO - Processing file /home/airflow/.local/lib/python3.12/site-packages/airflow/example_dags/example_task_group.py for tasks to queue
[2024-09-03T11:29:34.099+0000] {logging_mixin.py:190} INFO - [2024-09-03T11:29:34.099+0000] {dagbag.py:587} INFO - Filling up the DagBag from /home/airflow/.local/lib/python3.12/site-packages/airflow/example_dags/example_task_group.py
[2024-09-03T11:29:34.110+0000] {processor.py:925} INFO - DAG(s) 'example_task_group' retrieved from /home/airflow/.local/lib/python3.12/site-packages/airflow/example_dags/example_task_group.py
[2024-09-03T11:29:34.134+0000] {logging_mixin.py:190} INFO - [2024-09-03T11:29:34.134+0000] {dag.py:3211} INFO - Sync 1 DAGs
[2024-09-03T11:29:34.158+0000] {logging_mixin.py:190} INFO - [2024-09-03T11:29:34.158+0000] {dag.py:4138} INFO - Setting next_dagrun for example_task_group to 2024-09-02 00:00:00+00:00, run_after=2024-09-03 00:00:00+00:00
[2024-09-03T11:29:34.184+0000] {processor.py:208} INFO - Processing /home/airflow/.local/lib/python3.12/site-packages/airflow/example_dags/example_task_group.py took 0.094 seconds
[2024-09-03T11:30:04.846+0000] {processor.py:186} INFO - Started process (PID=401) to work on /home/airflow/.local/lib/python3.12/site-packages/airflow/example_dags/example_task_group.py
[2024-09-03T11:30:04.848+0000] {processor.py:914} INFO - Processing file /home/airflow/.local/lib/python3.12/site-packages/airflow/example_dags/example_task_group.py for tasks to queue
[2024-09-03T11:30:04.850+0000] {logging_mixin.py:190} INFO - [2024-09-03T11:30:04.850+0000] {dagbag.py:587} INFO - Filling up the DagBag from /home/airflow/.local/lib/python3.12/site-packages/airflow/example_dags/example_task_group.py
[2024-09-03T11:30:04.860+0000] {processor.py:925} INFO - DAG(s) 'example_task_group' retrieved from /home/airflow/.local/lib/python3.12/site-packages/airflow/example_dags/example_task_group.py
[2024-09-03T11:30:04.885+0000] {logging_mixin.py:190} INFO - [2024-09-03T11:30:04.885+0000] {dag.py:3211} INFO - Sync 1 DAGs
[2024-09-03T11:30:04.910+0000] {logging_mixin.py:190} INFO - [2024-09-03T11:30:04.910+0000] {dag.py:4138} INFO - Setting next_dagrun for example_task_group to 2024-09-02 00:00:00+00:00, run_after=2024-09-03 00:00:00+00:00
[2024-09-03T11:30:04.934+0000] {processor.py:208} INFO - Processing /home/airflow/.local/lib/python3.12/site-packages/airflow/example_dags/example_task_group.py took 0.093 seconds
[2024-09-03T11:30:35.242+0000] {processor.py:186} INFO - Started process (PID=464) to work on /home/airflow/.local/lib/python3.12/site-packages/airflow/example_dags/example_task_group.py
[2024-09-03T11:30:35.243+0000] {processor.py:914} INFO - Processing file /home/airflow/.local/lib/python3.12/site-packages/airflow/example_dags/example_task_group.py for tasks to queue
[2024-09-03T11:30:35.246+0000] {logging_mixin.py:190} INFO - [2024-09-03T11:30:35.245+0000] {dagbag.py:587} INFO - Filling up the DagBag from /home/airflow/.local/lib/python3.12/site-packages/airflow/example_dags/example_task_group.py
[2024-09-03T11:30:35.257+0000] {processor.py:925} INFO - DAG(s) 'example_task_group' retrieved from /home/airflow/.local/lib/python3.12/site-packages/airflow/example_dags/example_task_group.py
[2024-09-03T11:30:35.283+0000] {logging_mixin.py:190} INFO - [2024-09-03T11:30:35.283+0000] {dag.py:3211} INFO - Sync 1 DAGs
[2024-09-03T11:30:35.309+0000] {logging_mixin.py:190} INFO - [2024-09-03T11:30:35.309+0000] {dag.py:4138} INFO - Setting next_dagrun for example_task_group to 2024-09-02 00:00:00+00:00, run_after=2024-09-03 00:00:00+00:00
[2024-09-03T11:30:35.334+0000] {processor.py:208} INFO - Processing /home/airflow/.local/lib/python3.12/site-packages/airflow/example_dags/example_task_group.py took 0.098 seconds
[2024-09-03T11:31:05.560+0000] {processor.py:186} INFO - Started process (PID=528) to work on /home/airflow/.local/lib/python3.12/site-packages/airflow/example_dags/example_task_group.py
[2024-09-03T11:31:05.562+0000] {processor.py:914} INFO - Processing file /home/airflow/.local/lib/python3.12/site-packages/airflow/example_dags/example_task_group.py for tasks to queue
[2024-09-03T11:31:05.565+0000] {logging_mixin.py:190} INFO - [2024-09-03T11:31:05.565+0000] {dagbag.py:587} INFO - Filling up the DagBag from /home/airflow/.local/lib/python3.12/site-packages/airflow/example_dags/example_task_group.py
[2024-09-03T11:31:05.575+0000] {processor.py:925} INFO - DAG(s) 'example_task_group' retrieved from /home/airflow/.local/lib/python3.12/site-packages/airflow/example_dags/example_task_group.py
[2024-09-03T11:31:05.605+0000] {logging_mixin.py:190} INFO - [2024-09-03T11:31:05.604+0000] {dag.py:3211} INFO - Sync 1 DAGs
[2024-09-03T11:31:05.638+0000] {logging_mixin.py:190} INFO - [2024-09-03T11:31:05.638+0000] {dag.py:4138} INFO - Setting next_dagrun for example_task_group to 2024-09-02 00:00:00+00:00, run_after=2024-09-03 00:00:00+00:00
[2024-09-03T11:31:05.669+0000] {processor.py:208} INFO - Processing /home/airflow/.local/lib/python3.12/site-packages/airflow/example_dags/example_task_group.py took 0.114 seconds
[2024-09-03T11:31:35.896+0000] {processor.py:186} INFO - Started process (PID=591) to work on /home/airflow/.local/lib/python3.12/site-packages/airflow/example_dags/example_task_group.py
[2024-09-03T11:31:35.897+0000] {processor.py:914} INFO - Processing file /home/airflow/.local/lib/python3.12/site-packages/airflow/example_dags/example_task_group.py for tasks to queue
[2024-09-03T11:31:35.902+0000] {logging_mixin.py:190} INFO - [2024-09-03T11:31:35.901+0000] {dagbag.py:587} INFO - Filling up the DagBag from /home/airflow/.local/lib/python3.12/site-packages/airflow/example_dags/example_task_group.py
[2024-09-03T11:31:35.915+0000] {processor.py:925} INFO - DAG(s) 'example_task_group' retrieved from /home/airflow/.local/lib/python3.12/site-packages/airflow/example_dags/example_task_group.py
[2024-09-03T11:31:35.946+0000] {logging_mixin.py:190} INFO - [2024-09-03T11:31:35.945+0000] {dag.py:3211} INFO - Sync 1 DAGs
[2024-09-03T11:31:35.974+0000] {logging_mixin.py:190} INFO - [2024-09-03T11:31:35.974+0000] {dag.py:4138} INFO - Setting next_dagrun for example_task_group to 2024-09-02 00:00:00+00:00, run_after=2024-09-03 00:00:00+00:00
[2024-09-03T11:31:36.005+0000] {processor.py:208} INFO - Processing /home/airflow/.local/lib/python3.12/site-packages/airflow/example_dags/example_task_group.py took 0.117 seconds
[2024-09-03T11:32:06.445+0000] {processor.py:186} INFO - Started process (PID=654) to work on /home/airflow/.local/lib/python3.12/site-packages/airflow/example_dags/example_task_group.py
[2024-09-03T11:32:06.446+0000] {processor.py:914} INFO - Processing file /home/airflow/.local/lib/python3.12/site-packages/airflow/example_dags/example_task_group.py for tasks to queue
[2024-09-03T11:32:06.449+0000] {logging_mixin.py:190} INFO - [2024-09-03T11:32:06.449+0000] {dagbag.py:587} INFO - Filling up the DagBag from /home/airflow/.local/lib/python3.12/site-packages/airflow/example_dags/example_task_group.py
[2024-09-03T11:32:06.458+0000] {processor.py:925} INFO - DAG(s) 'example_task_group' retrieved from /home/airflow/.local/lib/python3.12/site-packages/airflow/example_dags/example_task_group.py
[2024-09-03T11:32:06.481+0000] {logging_mixin.py:190} INFO - [2024-09-03T11:32:06.480+0000] {dag.py:3211} INFO - Sync 1 DAGs
[2024-09-03T11:32:06.511+0000] {logging_mixin.py:190} INFO - [2024-09-03T11:32:06.511+0000] {dag.py:4138} INFO - Setting next_dagrun for example_task_group to 2024-09-02 00:00:00+00:00, run_after=2024-09-03 00:00:00+00:00
[2024-09-03T11:32:06.538+0000] {processor.py:208} INFO - Processing /home/airflow/.local/lib/python3.12/site-packages/airflow/example_dags/example_task_group.py took 0.097 seconds
[2024-09-03T11:32:37.403+0000] {processor.py:186} INFO - Started process (PID=717) to work on /home/airflow/.local/lib/python3.12/site-packages/airflow/example_dags/example_task_group.py
[2024-09-03T11:32:37.406+0000] {processor.py:914} INFO - Processing file /home/airflow/.local/lib/python3.12/site-packages/airflow/example_dags/example_task_group.py for tasks to queue
[2024-09-03T11:32:37.409+0000] {logging_mixin.py:190} INFO - [2024-09-03T11:32:37.409+0000] {dagbag.py:587} INFO - Filling up the DagBag from /home/airflow/.local/lib/python3.12/site-packages/airflow/example_dags/example_task_group.py
[2024-09-03T11:32:37.423+0000] {processor.py:925} INFO - DAG(s) 'example_task_group' retrieved from /home/airflow/.local/lib/python3.12/site-packages/airflow/example_dags/example_task_group.py
[2024-09-03T11:32:37.459+0000] {logging_mixin.py:190} INFO - [2024-09-03T11:32:37.459+0000] {dag.py:3211} INFO - Sync 1 DAGs
[2024-09-03T11:32:37.496+0000] {logging_mixin.py:190} INFO - [2024-09-03T11:32:37.495+0000] {dag.py:4138} INFO - Setting next_dagrun for example_task_group to 2024-09-02 00:00:00+00:00, run_after=2024-09-03 00:00:00+00:00
[2024-09-03T11:32:37.534+0000] {processor.py:208} INFO - Processing /home/airflow/.local/lib/python3.12/site-packages/airflow/example_dags/example_task_group.py took 0.137 seconds
[2024-09-03T11:33:08.378+0000] {processor.py:186} INFO - Started process (PID=780) to work on /home/airflow/.local/lib/python3.12/site-packages/airflow/example_dags/example_task_group.py
[2024-09-03T11:33:08.380+0000] {processor.py:914} INFO - Processing file /home/airflow/.local/lib/python3.12/site-packages/airflow/example_dags/example_task_group.py for tasks to queue
[2024-09-03T11:33:08.383+0000] {logging_mixin.py:190} INFO - [2024-09-03T11:33:08.383+0000] {dagbag.py:587} INFO - Filling up the DagBag from /home/airflow/.local/lib/python3.12/site-packages/airflow/example_dags/example_task_group.py
[2024-09-03T11:33:08.393+0000] {processor.py:925} INFO - DAG(s) 'example_task_group' retrieved from /home/airflow/.local/lib/python3.12/site-packages/airflow/example_dags/example_task_group.py
[2024-09-03T11:33:08.425+0000] {logging_mixin.py:190} INFO - [2024-09-03T11:33:08.424+0000] {dag.py:3211} INFO - Sync 1 DAGs
[2024-09-03T11:33:08.456+0000] {logging_mixin.py:190} INFO - [2024-09-03T11:33:08.456+0000] {dag.py:4138} INFO - Setting next_dagrun for example_task_group to 2024-09-02 00:00:00+00:00, run_after=2024-09-03 00:00:00+00:00
[2024-09-03T11:33:08.483+0000] {processor.py:208} INFO - Processing /home/airflow/.local/lib/python3.12/site-packages/airflow/example_dags/example_task_group.py took 0.111 seconds
[2024-09-03T11:33:38.663+0000] {processor.py:186} INFO - Started process (PID=843) to work on /home/airflow/.local/lib/python3.12/site-packages/airflow/example_dags/example_task_group.py
[2024-09-03T11:33:38.665+0000] {processor.py:914} INFO - Processing file /home/airflow/.local/lib/python3.12/site-packages/airflow/example_dags/example_task_group.py for tasks to queue
[2024-09-03T11:33:38.668+0000] {logging_mixin.py:190} INFO - [2024-09-03T11:33:38.668+0000] {dagbag.py:587} INFO - Filling up the DagBag from /home/airflow/.local/lib/python3.12/site-packages/airflow/example_dags/example_task_group.py
[2024-09-03T11:33:38.678+0000] {processor.py:925} INFO - DAG(s) 'example_task_group' retrieved from /home/airflow/.local/lib/python3.12/site-packages/airflow/example_dags/example_task_group.py
[2024-09-03T11:33:38.706+0000] {logging_mixin.py:190} INFO - [2024-09-03T11:33:38.705+0000] {dag.py:3211} INFO - Sync 1 DAGs
[2024-09-03T11:33:38.729+0000] {logging_mixin.py:190} INFO - [2024-09-03T11:33:38.729+0000] {dag.py:4138} INFO - Setting next_dagrun for example_task_group to 2024-09-02 00:00:00+00:00, run_after=2024-09-03 00:00:00+00:00
[2024-09-03T11:33:38.757+0000] {processor.py:208} INFO - Processing /home/airflow/.local/lib/python3.12/site-packages/airflow/example_dags/example_task_group.py took 0.098 seconds
[2024-09-03T11:34:09.367+0000] {processor.py:186} INFO - Started process (PID=906) to work on /home/airflow/.local/lib/python3.12/site-packages/airflow/example_dags/example_task_group.py
[2024-09-03T11:34:09.368+0000] {processor.py:914} INFO - Processing file /home/airflow/.local/lib/python3.12/site-packages/airflow/example_dags/example_task_group.py for tasks to queue
[2024-09-03T11:34:09.372+0000] {logging_mixin.py:190} INFO - [2024-09-03T11:34:09.371+0000] {dagbag.py:587} INFO - Filling up the DagBag from /home/airflow/.local/lib/python3.12/site-packages/airflow/example_dags/example_task_group.py
[2024-09-03T11:34:09.384+0000] {processor.py:925} INFO - DAG(s) 'example_task_group' retrieved from /home/airflow/.local/lib/python3.12/site-packages/airflow/example_dags/example_task_group.py
[2024-09-03T11:34:09.412+0000] {logging_mixin.py:190} INFO - [2024-09-03T11:34:09.412+0000] {dag.py:3211} INFO - Sync 1 DAGs
[2024-09-03T11:34:09.443+0000] {logging_mixin.py:190} INFO - [2024-09-03T11:34:09.443+0000] {dag.py:4138} INFO - Setting next_dagrun for example_task_group to 2024-09-02 00:00:00+00:00, run_after=2024-09-03 00:00:00+00:00
[2024-09-03T11:34:09.467+0000] {processor.py:208} INFO - Processing /home/airflow/.local/lib/python3.12/site-packages/airflow/example_dags/example_task_group.py took 0.106 seconds
[2024-09-03T11:34:40.063+0000] {processor.py:186} INFO - Started process (PID=969) to work on /home/airflow/.local/lib/python3.12/site-packages/airflow/example_dags/example_task_group.py
[2024-09-03T11:34:40.065+0000] {processor.py:914} INFO - Processing file /home/airflow/.local/lib/python3.12/site-packages/airflow/example_dags/example_task_group.py for tasks to queue
[2024-09-03T11:34:40.068+0000] {logging_mixin.py:190} INFO - [2024-09-03T11:34:40.067+0000] {dagbag.py:587} INFO - Filling up the DagBag from /home/airflow/.local/lib/python3.12/site-packages/airflow/example_dags/example_task_group.py
[2024-09-03T11:34:40.079+0000] {processor.py:925} INFO - DAG(s) 'example_task_group' retrieved from /home/airflow/.local/lib/python3.12/site-packages/airflow/example_dags/example_task_group.py
[2024-09-03T11:34:40.114+0000] {logging_mixin.py:190} INFO - [2024-09-03T11:34:40.114+0000] {dag.py:3211} INFO - Sync 1 DAGs
[2024-09-03T11:34:40.152+0000] {logging_mixin.py:190} INFO - [2024-09-03T11:34:40.151+0000] {dag.py:4138} INFO - Setting next_dagrun for example_task_group to 2024-09-02 00:00:00+00:00, run_after=2024-09-03 00:00:00+00:00
[2024-09-03T11:34:40.198+0000] {processor.py:208} INFO - Processing /home/airflow/.local/lib/python3.12/site-packages/airflow/example_dags/example_task_group.py took 0.143 seconds
[2024-09-03T11:35:10.388+0000] {processor.py:186} INFO - Started process (PID=1032) to work on /home/airflow/.local/lib/python3.12/site-packages/airflow/example_dags/example_task_group.py
[2024-09-03T11:35:10.389+0000] {processor.py:914} INFO - Processing file /home/airflow/.local/lib/python3.12/site-packages/airflow/example_dags/example_task_group.py for tasks to queue
[2024-09-03T11:35:10.392+0000] {logging_mixin.py:190} INFO - [2024-09-03T11:35:10.392+0000] {dagbag.py:587} INFO - Filling up the DagBag from /home/airflow/.local/lib/python3.12/site-packages/airflow/example_dags/example_task_group.py
[2024-09-03T11:35:10.403+0000] {processor.py:925} INFO - DAG(s) 'example_task_group' retrieved from /home/airflow/.local/lib/python3.12/site-packages/airflow/example_dags/example_task_group.py
[2024-09-03T11:35:10.431+0000] {logging_mixin.py:190} INFO - [2024-09-03T11:35:10.431+0000] {dag.py:3211} INFO - Sync 1 DAGs
[2024-09-03T11:35:10.458+0000] {logging_mixin.py:190} INFO - [2024-09-03T11:35:10.458+0000] {dag.py:4138} INFO - Setting next_dagrun for example_task_group to 2024-09-02 00:00:00+00:00, run_after=2024-09-03 00:00:00+00:00
[2024-09-03T11:35:10.482+0000] {processor.py:208} INFO - Processing /home/airflow/.local/lib/python3.12/site-packages/airflow/example_dags/example_task_group.py took 0.100 seconds
[2024-09-03T11:35:41.063+0000] {processor.py:186} INFO - Started process (PID=1095) to work on /home/airflow/.local/lib/python3.12/site-packages/airflow/example_dags/example_task_group.py
[2024-09-03T11:35:41.065+0000] {processor.py:914} INFO - Processing file /home/airflow/.local/lib/python3.12/site-packages/airflow/example_dags/example_task_group.py for tasks to queue
[2024-09-03T11:35:41.067+0000] {logging_mixin.py:190} INFO - [2024-09-03T11:35:41.067+0000] {dagbag.py:587} INFO - Filling up the DagBag from /home/airflow/.local/lib/python3.12/site-packages/airflow/example_dags/example_task_group.py
[2024-09-03T11:35:41.076+0000] {processor.py:925} INFO - DAG(s) 'example_task_group' retrieved from /home/airflow/.local/lib/python3.12/site-packages/airflow/example_dags/example_task_group.py
[2024-09-03T11:35:41.101+0000] {logging_mixin.py:190} INFO - [2024-09-03T11:35:41.101+0000] {dag.py:3211} INFO - Sync 1 DAGs
[2024-09-03T11:35:41.127+0000] {logging_mixin.py:190} INFO - [2024-09-03T11:35:41.126+0000] {dag.py:4138} INFO - Setting next_dagrun for example_task_group to 2024-09-02 00:00:00+00:00, run_after=2024-09-03 00:00:00+00:00
[2024-09-03T11:35:41.153+0000] {processor.py:208} INFO - Processing /home/airflow/.local/lib/python3.12/site-packages/airflow/example_dags/example_task_group.py took 0.095 seconds
[2024-09-03T11:36:12.053+0000] {processor.py:186} INFO - Started process (PID=1158) to work on /home/airflow/.local/lib/python3.12/site-packages/airflow/example_dags/example_task_group.py
[2024-09-03T11:36:12.054+0000] {processor.py:914} INFO - Processing file /home/airflow/.local/lib/python3.12/site-packages/airflow/example_dags/example_task_group.py for tasks to queue
[2024-09-03T11:36:12.058+0000] {logging_mixin.py:190} INFO - [2024-09-03T11:36:12.057+0000] {dagbag.py:587} INFO - Filling up the DagBag from /home/airflow/.local/lib/python3.12/site-packages/airflow/example_dags/example_task_group.py
[2024-09-03T11:36:12.066+0000] {processor.py:925} INFO - DAG(s) 'example_task_group' retrieved from /home/airflow/.local/lib/python3.12/site-packages/airflow/example_dags/example_task_group.py
[2024-09-03T11:36:12.091+0000] {logging_mixin.py:190} INFO - [2024-09-03T11:36:12.090+0000] {dag.py:3211} INFO - Sync 1 DAGs
[2024-09-03T11:36:12.116+0000] {logging_mixin.py:190} INFO - [2024-09-03T11:36:12.116+0000] {dag.py:4138} INFO - Setting next_dagrun for example_task_group to 2024-09-02 00:00:00+00:00, run_after=2024-09-03 00:00:00+00:00
[2024-09-03T11:36:12.142+0000] {processor.py:208} INFO - Processing /home/airflow/.local/lib/python3.12/site-packages/airflow/example_dags/example_task_group.py took 0.094 seconds
[2024-09-03T11:36:43.129+0000] {processor.py:186} INFO - Started process (PID=1221) to work on /home/airflow/.local/lib/python3.12/site-packages/airflow/example_dags/example_task_group.py
[2024-09-03T11:36:43.130+0000] {processor.py:914} INFO - Processing file /home/airflow/.local/lib/python3.12/site-packages/airflow/example_dags/example_task_group.py for tasks to queue
[2024-09-03T11:36:43.134+0000] {logging_mixin.py:190} INFO - [2024-09-03T11:36:43.134+0000] {dagbag.py:587} INFO - Filling up the DagBag from /home/airflow/.local/lib/python3.12/site-packages/airflow/example_dags/example_task_group.py
[2024-09-03T11:36:43.145+0000] {processor.py:925} INFO - DAG(s) 'example_task_group' retrieved from /home/airflow/.local/lib/python3.12/site-packages/airflow/example_dags/example_task_group.py
[2024-09-03T11:36:43.177+0000] {logging_mixin.py:190} INFO - [2024-09-03T11:36:43.177+0000] {dag.py:3211} INFO - Sync 1 DAGs
[2024-09-03T11:36:43.218+0000] {logging_mixin.py:190} INFO - [2024-09-03T11:36:43.218+0000] {dag.py:4138} INFO - Setting next_dagrun for example_task_group to 2024-09-02 00:00:00+00:00, run_after=2024-09-03 00:00:00+00:00
[2024-09-03T11:36:43.256+0000] {processor.py:208} INFO - Processing /home/airflow/.local/lib/python3.12/site-packages/airflow/example_dags/example_task_group.py took 0.133 seconds
[2024-09-03T11:37:14.355+0000] {processor.py:186} INFO - Started process (PID=1284) to work on /home/airflow/.local/lib/python3.12/site-packages/airflow/example_dags/example_task_group.py
[2024-09-03T11:37:14.357+0000] {processor.py:914} INFO - Processing file /home/airflow/.local/lib/python3.12/site-packages/airflow/example_dags/example_task_group.py for tasks to queue
[2024-09-03T11:37:14.361+0000] {logging_mixin.py:190} INFO - [2024-09-03T11:37:14.360+0000] {dagbag.py:587} INFO - Filling up the DagBag from /home/airflow/.local/lib/python3.12/site-packages/airflow/example_dags/example_task_group.py
[2024-09-03T11:37:14.378+0000] {processor.py:925} INFO - DAG(s) 'example_task_group' retrieved from /home/airflow/.local/lib/python3.12/site-packages/airflow/example_dags/example_task_group.py
[2024-09-03T11:37:14.418+0000] {logging_mixin.py:190} INFO - [2024-09-03T11:37:14.418+0000] {dag.py:3211} INFO - Sync 1 DAGs
[2024-09-03T11:37:14.458+0000] {logging_mixin.py:190} INFO - [2024-09-03T11:37:14.457+0000] {dag.py:4138} INFO - Setting next_dagrun for example_task_group to 2024-09-02 00:00:00+00:00, run_after=2024-09-03 00:00:00+00:00
[2024-09-03T11:37:14.979+0000] {processor.py:208} INFO - Processing /home/airflow/.local/lib/python3.12/site-packages/airflow/example_dags/example_task_group.py took 0.635 seconds
[2024-09-03T11:37:45.460+0000] {processor.py:186} INFO - Started process (PID=1347) to work on /home/airflow/.local/lib/python3.12/site-packages/airflow/example_dags/example_task_group.py
[2024-09-03T11:37:45.462+0000] {processor.py:914} INFO - Processing file /home/airflow/.local/lib/python3.12/site-packages/airflow/example_dags/example_task_group.py for tasks to queue
[2024-09-03T11:37:45.468+0000] {logging_mixin.py:190} INFO - [2024-09-03T11:37:45.467+0000] {dagbag.py:587} INFO - Filling up the DagBag from /home/airflow/.local/lib/python3.12/site-packages/airflow/example_dags/example_task_group.py
[2024-09-03T11:37:45.481+0000] {processor.py:925} INFO - DAG(s) 'example_task_group' retrieved from /home/airflow/.local/lib/python3.12/site-packages/airflow/example_dags/example_task_group.py
[2024-09-03T11:37:45.516+0000] {logging_mixin.py:190} INFO - [2024-09-03T11:37:45.516+0000] {dag.py:3211} INFO - Sync 1 DAGs
[2024-09-03T11:37:45.553+0000] {logging_mixin.py:190} INFO - [2024-09-03T11:37:45.553+0000] {dag.py:4138} INFO - Setting next_dagrun for example_task_group to 2024-09-02 00:00:00+00:00, run_after=2024-09-03 00:00:00+00:00
[2024-09-03T11:37:45.594+0000] {processor.py:208} INFO - Processing /home/airflow/.local/lib/python3.12/site-packages/airflow/example_dags/example_task_group.py took 0.145 seconds
[2024-09-03T11:38:15.729+0000] {processor.py:186} INFO - Started process (PID=1410) to work on /home/airflow/.local/lib/python3.12/site-packages/airflow/example_dags/example_task_group.py
[2024-09-03T11:38:15.731+0000] {processor.py:914} INFO - Processing file /home/airflow/.local/lib/python3.12/site-packages/airflow/example_dags/example_task_group.py for tasks to queue
[2024-09-03T11:38:15.736+0000] {logging_mixin.py:190} INFO - [2024-09-03T11:38:15.735+0000] {dagbag.py:587} INFO - Filling up the DagBag from /home/airflow/.local/lib/python3.12/site-packages/airflow/example_dags/example_task_group.py
[2024-09-03T11:38:15.754+0000] {processor.py:925} INFO - DAG(s) 'example_task_group' retrieved from /home/airflow/.local/lib/python3.12/site-packages/airflow/example_dags/example_task_group.py
[2024-09-03T11:38:15.808+0000] {logging_mixin.py:190} INFO - [2024-09-03T11:38:15.807+0000] {dag.py:3211} INFO - Sync 1 DAGs
[2024-09-03T11:38:15.867+0000] {logging_mixin.py:190} INFO - [2024-09-03T11:38:15.865+0000] {dag.py:4138} INFO - Setting next_dagrun for example_task_group to 2024-09-02 00:00:00+00:00, run_after=2024-09-03 00:00:00+00:00
[2024-09-03T11:38:15.925+0000] {processor.py:208} INFO - Processing /home/airflow/.local/lib/python3.12/site-packages/airflow/example_dags/example_task_group.py took 0.211 seconds
[2024-09-03T11:38:46.068+0000] {processor.py:186} INFO - Started process (PID=1473) to work on /home/airflow/.local/lib/python3.12/site-packages/airflow/example_dags/example_task_group.py
[2024-09-03T11:38:46.070+0000] {processor.py:914} INFO - Processing file /home/airflow/.local/lib/python3.12/site-packages/airflow/example_dags/example_task_group.py for tasks to queue
[2024-09-03T11:38:46.074+0000] {logging_mixin.py:190} INFO - [2024-09-03T11:38:46.073+0000] {dagbag.py:587} INFO - Filling up the DagBag from /home/airflow/.local/lib/python3.12/site-packages/airflow/example_dags/example_task_group.py
[2024-09-03T11:38:46.090+0000] {processor.py:925} INFO - DAG(s) 'example_task_group' retrieved from /home/airflow/.local/lib/python3.12/site-packages/airflow/example_dags/example_task_group.py
[2024-09-03T11:38:46.128+0000] {logging_mixin.py:190} INFO - [2024-09-03T11:38:46.128+0000] {dag.py:3211} INFO - Sync 1 DAGs
[2024-09-03T11:38:46.169+0000] {logging_mixin.py:190} INFO - [2024-09-03T11:38:46.169+0000] {dag.py:4138} INFO - Setting next_dagrun for example_task_group to 2024-09-02 00:00:00+00:00, run_after=2024-09-03 00:00:00+00:00
[2024-09-03T11:38:46.212+0000] {processor.py:208} INFO - Processing /home/airflow/.local/lib/python3.12/site-packages/airflow/example_dags/example_task_group.py took 0.155 seconds
[2024-09-03T11:39:16.525+0000] {processor.py:186} INFO - Started process (PID=1536) to work on /home/airflow/.local/lib/python3.12/site-packages/airflow/example_dags/example_task_group.py
[2024-09-03T11:39:16.527+0000] {processor.py:914} INFO - Processing file /home/airflow/.local/lib/python3.12/site-packages/airflow/example_dags/example_task_group.py for tasks to queue
[2024-09-03T11:39:16.531+0000] {logging_mixin.py:190} INFO - [2024-09-03T11:39:16.530+0000] {dagbag.py:587} INFO - Filling up the DagBag from /home/airflow/.local/lib/python3.12/site-packages/airflow/example_dags/example_task_group.py
[2024-09-03T11:39:16.542+0000] {processor.py:925} INFO - DAG(s) 'example_task_group' retrieved from /home/airflow/.local/lib/python3.12/site-packages/airflow/example_dags/example_task_group.py
[2024-09-03T11:39:16.571+0000] {logging_mixin.py:190} INFO - [2024-09-03T11:39:16.571+0000] {dag.py:3211} INFO - Sync 1 DAGs
[2024-09-03T11:39:16.602+0000] {logging_mixin.py:190} INFO - [2024-09-03T11:39:16.601+0000] {dag.py:4138} INFO - Setting next_dagrun for example_task_group to 2024-09-02 00:00:00+00:00, run_after=2024-09-03 00:00:00+00:00
[2024-09-03T11:39:16.635+0000] {processor.py:208} INFO - Processing /home/airflow/.local/lib/python3.12/site-packages/airflow/example_dags/example_task_group.py took 0.118 seconds
[2024-09-03T11:39:46.888+0000] {processor.py:186} INFO - Started process (PID=1599) to work on /home/airflow/.local/lib/python3.12/site-packages/airflow/example_dags/example_task_group.py
[2024-09-03T11:39:46.889+0000] {processor.py:914} INFO - Processing file /home/airflow/.local/lib/python3.12/site-packages/airflow/example_dags/example_task_group.py for tasks to queue
[2024-09-03T11:39:46.893+0000] {logging_mixin.py:190} INFO - [2024-09-03T11:39:46.892+0000] {dagbag.py:587} INFO - Filling up the DagBag from /home/airflow/.local/lib/python3.12/site-packages/airflow/example_dags/example_task_group.py
[2024-09-03T11:39:46.904+0000] {processor.py:925} INFO - DAG(s) 'example_task_group' retrieved from /home/airflow/.local/lib/python3.12/site-packages/airflow/example_dags/example_task_group.py
[2024-09-03T11:39:46.934+0000] {logging_mixin.py:190} INFO - [2024-09-03T11:39:46.933+0000] {dag.py:3211} INFO - Sync 1 DAGs
[2024-09-03T11:39:46.964+0000] {logging_mixin.py:190} INFO - [2024-09-03T11:39:46.963+0000] {dag.py:4138} INFO - Setting next_dagrun for example_task_group to 2024-09-02 00:00:00+00:00, run_after=2024-09-03 00:00:00+00:00
[2024-09-03T11:39:46.994+0000] {processor.py:208} INFO - Processing /home/airflow/.local/lib/python3.12/site-packages/airflow/example_dags/example_task_group.py took 0.115 seconds
[2024-09-03T11:40:17.293+0000] {processor.py:186} INFO - Started process (PID=1662) to work on /home/airflow/.local/lib/python3.12/site-packages/airflow/example_dags/example_task_group.py
[2024-09-03T11:40:17.296+0000] {processor.py:914} INFO - Processing file /home/airflow/.local/lib/python3.12/site-packages/airflow/example_dags/example_task_group.py for tasks to queue
[2024-09-03T11:40:17.300+0000] {logging_mixin.py:190} INFO - [2024-09-03T11:40:17.299+0000] {dagbag.py:587} INFO - Filling up the DagBag from /home/airflow/.local/lib/python3.12/site-packages/airflow/example_dags/example_task_group.py
[2024-09-03T11:40:17.319+0000] {processor.py:925} INFO - DAG(s) 'example_task_group' retrieved from /home/airflow/.local/lib/python3.12/site-packages/airflow/example_dags/example_task_group.py
[2024-09-03T11:40:17.350+0000] {logging_mixin.py:190} INFO - [2024-09-03T11:40:17.350+0000] {dag.py:3211} INFO - Sync 1 DAGs
[2024-09-03T11:40:17.387+0000] {logging_mixin.py:190} INFO - [2024-09-03T11:40:17.386+0000] {dag.py:4138} INFO - Setting next_dagrun for example_task_group to 2024-09-02 00:00:00+00:00, run_after=2024-09-03 00:00:00+00:00
[2024-09-03T11:40:17.422+0000] {processor.py:208} INFO - Processing /home/airflow/.local/lib/python3.12/site-packages/airflow/example_dags/example_task_group.py took 0.148 seconds
[2024-09-03T11:40:47.789+0000] {processor.py:186} INFO - Started process (PID=1726) to work on /home/airflow/.local/lib/python3.12/site-packages/airflow/example_dags/example_task_group.py
[2024-09-03T11:40:47.791+0000] {processor.py:914} INFO - Processing file /home/airflow/.local/lib/python3.12/site-packages/airflow/example_dags/example_task_group.py for tasks to queue
[2024-09-03T11:40:47.796+0000] {logging_mixin.py:190} INFO - [2024-09-03T11:40:47.795+0000] {dagbag.py:587} INFO - Filling up the DagBag from /home/airflow/.local/lib/python3.12/site-packages/airflow/example_dags/example_task_group.py
[2024-09-03T11:40:47.812+0000] {processor.py:925} INFO - DAG(s) 'example_task_group' retrieved from /home/airflow/.local/lib/python3.12/site-packages/airflow/example_dags/example_task_group.py
[2024-09-03T11:40:47.865+0000] {logging_mixin.py:190} INFO - [2024-09-03T11:40:47.865+0000] {dag.py:3211} INFO - Sync 1 DAGs
[2024-09-03T11:40:47.930+0000] {logging_mixin.py:190} INFO - [2024-09-03T11:40:47.929+0000] {dag.py:4138} INFO - Setting next_dagrun for example_task_group to 2024-09-02 00:00:00+00:00, run_after=2024-09-03 00:00:00+00:00
[2024-09-03T11:40:47.994+0000] {processor.py:208} INFO - Processing /home/airflow/.local/lib/python3.12/site-packages/airflow/example_dags/example_task_group.py took 0.212 seconds
[2024-09-03T11:41:18.490+0000] {processor.py:186} INFO - Started process (PID=1789) to work on /home/airflow/.local/lib/python3.12/site-packages/airflow/example_dags/example_task_group.py
[2024-09-03T11:41:18.492+0000] {processor.py:914} INFO - Processing file /home/airflow/.local/lib/python3.12/site-packages/airflow/example_dags/example_task_group.py for tasks to queue
[2024-09-03T11:41:18.498+0000] {logging_mixin.py:190} INFO - [2024-09-03T11:41:18.497+0000] {dagbag.py:587} INFO - Filling up the DagBag from /home/airflow/.local/lib/python3.12/site-packages/airflow/example_dags/example_task_group.py
[2024-09-03T11:41:18.512+0000] {processor.py:925} INFO - DAG(s) 'example_task_group' retrieved from /home/airflow/.local/lib/python3.12/site-packages/airflow/example_dags/example_task_group.py
[2024-09-03T11:41:18.555+0000] {logging_mixin.py:190} INFO - [2024-09-03T11:41:18.554+0000] {dag.py:3211} INFO - Sync 1 DAGs
[2024-09-03T11:41:18.603+0000] {logging_mixin.py:190} INFO - [2024-09-03T11:41:18.603+0000] {dag.py:4138} INFO - Setting next_dagrun for example_task_group to 2024-09-02 00:00:00+00:00, run_after=2024-09-03 00:00:00+00:00
[2024-09-03T11:41:18.649+0000] {processor.py:208} INFO - Processing /home/airflow/.local/lib/python3.12/site-packages/airflow/example_dags/example_task_group.py took 0.169 seconds
[2024-09-03T11:41:49.931+0000] {processor.py:186} INFO - Started process (PID=1852) to work on /home/airflow/.local/lib/python3.12/site-packages/airflow/example_dags/example_task_group.py
[2024-09-03T11:41:49.934+0000] {processor.py:914} INFO - Processing file /home/airflow/.local/lib/python3.12/site-packages/airflow/example_dags/example_task_group.py for tasks to queue
[2024-09-03T11:41:49.939+0000] {logging_mixin.py:190} INFO - [2024-09-03T11:41:49.938+0000] {dagbag.py:587} INFO - Filling up the DagBag from /home/airflow/.local/lib/python3.12/site-packages/airflow/example_dags/example_task_group.py
[2024-09-03T11:41:49.958+0000] {processor.py:925} INFO - DAG(s) 'example_task_group' retrieved from /home/airflow/.local/lib/python3.12/site-packages/airflow/example_dags/example_task_group.py
[2024-09-03T11:41:50.003+0000] {logging_mixin.py:190} INFO - [2024-09-03T11:41:50.003+0000] {dag.py:3211} INFO - Sync 1 DAGs
[2024-09-03T11:41:50.054+0000] {logging_mixin.py:190} INFO - [2024-09-03T11:41:50.054+0000] {dag.py:4138} INFO - Setting next_dagrun for example_task_group to 2024-09-02 00:00:00+00:00, run_after=2024-09-03 00:00:00+00:00
[2024-09-03T11:41:50.094+0000] {processor.py:208} INFO - Processing /home/airflow/.local/lib/python3.12/site-packages/airflow/example_dags/example_task_group.py took 0.174 seconds
[2024-09-03T11:42:21.054+0000] {processor.py:186} INFO - Started process (PID=1915) to work on /home/airflow/.local/lib/python3.12/site-packages/airflow/example_dags/example_task_group.py
[2024-09-03T11:42:21.056+0000] {processor.py:914} INFO - Processing file /home/airflow/.local/lib/python3.12/site-packages/airflow/example_dags/example_task_group.py for tasks to queue
[2024-09-03T11:42:21.061+0000] {logging_mixin.py:190} INFO - [2024-09-03T11:42:21.060+0000] {dagbag.py:587} INFO - Filling up the DagBag from /home/airflow/.local/lib/python3.12/site-packages/airflow/example_dags/example_task_group.py
[2024-09-03T11:42:21.085+0000] {processor.py:925} INFO - DAG(s) 'example_task_group' retrieved from /home/airflow/.local/lib/python3.12/site-packages/airflow/example_dags/example_task_group.py
[2024-09-03T11:42:21.136+0000] {logging_mixin.py:190} INFO - [2024-09-03T11:42:21.136+0000] {dag.py:3211} INFO - Sync 1 DAGs
[2024-09-03T11:42:21.198+0000] {logging_mixin.py:190} INFO - [2024-09-03T11:42:21.197+0000] {dag.py:4138} INFO - Setting next_dagrun for example_task_group to 2024-09-02 00:00:00+00:00, run_after=2024-09-03 00:00:00+00:00
[2024-09-03T11:42:21.256+0000] {processor.py:208} INFO - Processing /home/airflow/.local/lib/python3.12/site-packages/airflow/example_dags/example_task_group.py took 0.214 seconds
[2024-09-03T11:42:51.831+0000] {processor.py:186} INFO - Started process (PID=1978) to work on /home/airflow/.local/lib/python3.12/site-packages/airflow/example_dags/example_task_group.py
[2024-09-03T11:42:51.833+0000] {processor.py:914} INFO - Processing file /home/airflow/.local/lib/python3.12/site-packages/airflow/example_dags/example_task_group.py for tasks to queue
[2024-09-03T11:42:51.837+0000] {logging_mixin.py:190} INFO - [2024-09-03T11:42:51.837+0000] {dagbag.py:587} INFO - Filling up the DagBag from /home/airflow/.local/lib/python3.12/site-packages/airflow/example_dags/example_task_group.py
[2024-09-03T11:42:51.855+0000] {processor.py:925} INFO - DAG(s) 'example_task_group' retrieved from /home/airflow/.local/lib/python3.12/site-packages/airflow/example_dags/example_task_group.py
[2024-09-03T11:42:51.903+0000] {logging_mixin.py:190} INFO - [2024-09-03T11:42:51.902+0000] {dag.py:3211} INFO - Sync 1 DAGs
[2024-09-03T11:42:51.943+0000] {logging_mixin.py:190} INFO - [2024-09-03T11:42:51.943+0000] {dag.py:4138} INFO - Setting next_dagrun for example_task_group to 2024-09-02 00:00:00+00:00, run_after=2024-09-03 00:00:00+00:00
[2024-09-03T11:42:51.985+0000] {processor.py:208} INFO - Processing /home/airflow/.local/lib/python3.12/site-packages/airflow/example_dags/example_task_group.py took 0.164 seconds
[2024-09-03T11:43:22.303+0000] {processor.py:186} INFO - Started process (PID=2041) to work on /home/airflow/.local/lib/python3.12/site-packages/airflow/example_dags/example_task_group.py
[2024-09-03T11:43:22.304+0000] {processor.py:914} INFO - Processing file /home/airflow/.local/lib/python3.12/site-packages/airflow/example_dags/example_task_group.py for tasks to queue
[2024-09-03T11:43:22.309+0000] {logging_mixin.py:190} INFO - [2024-09-03T11:43:22.308+0000] {dagbag.py:587} INFO - Filling up the DagBag from /home/airflow/.local/lib/python3.12/site-packages/airflow/example_dags/example_task_group.py
[2024-09-03T11:43:22.324+0000] {processor.py:925} INFO - DAG(s) 'example_task_group' retrieved from /home/airflow/.local/lib/python3.12/site-packages/airflow/example_dags/example_task_group.py
[2024-09-03T11:43:22.373+0000] {logging_mixin.py:190} INFO - [2024-09-03T11:43:22.372+0000] {dag.py:3211} INFO - Sync 1 DAGs
[2024-09-03T11:43:22.431+0000] {logging_mixin.py:190} INFO - [2024-09-03T11:43:22.431+0000] {dag.py:4138} INFO - Setting next_dagrun for example_task_group to 2024-09-02 00:00:00+00:00, run_after=2024-09-03 00:00:00+00:00
[2024-09-03T11:43:22.484+0000] {processor.py:208} INFO - Processing /home/airflow/.local/lib/python3.12/site-packages/airflow/example_dags/example_task_group.py took 0.190 seconds
[2024-09-03T11:43:52.958+0000] {processor.py:186} INFO - Started process (PID=2104) to work on /home/airflow/.local/lib/python3.12/site-packages/airflow/example_dags/example_task_group.py
[2024-09-03T11:43:52.961+0000] {processor.py:914} INFO - Processing file /home/airflow/.local/lib/python3.12/site-packages/airflow/example_dags/example_task_group.py for tasks to queue
[2024-09-03T11:43:52.968+0000] {logging_mixin.py:190} INFO - [2024-09-03T11:43:52.967+0000] {dagbag.py:587} INFO - Filling up the DagBag from /home/airflow/.local/lib/python3.12/site-packages/airflow/example_dags/example_task_group.py
[2024-09-03T11:43:52.991+0000] {processor.py:925} INFO - DAG(s) 'example_task_group' retrieved from /home/airflow/.local/lib/python3.12/site-packages/airflow/example_dags/example_task_group.py
[2024-09-03T11:43:53.054+0000] {logging_mixin.py:190} INFO - [2024-09-03T11:43:53.053+0000] {dag.py:3211} INFO - Sync 1 DAGs
[2024-09-03T11:43:53.116+0000] {logging_mixin.py:190} INFO - [2024-09-03T11:43:53.115+0000] {dag.py:4138} INFO - Setting next_dagrun for example_task_group to 2024-09-02 00:00:00+00:00, run_after=2024-09-03 00:00:00+00:00
[2024-09-03T11:43:53.159+0000] {processor.py:208} INFO - Processing /home/airflow/.local/lib/python3.12/site-packages/airflow/example_dags/example_task_group.py took 0.212 seconds
[2024-09-03T11:44:23.429+0000] {processor.py:186} INFO - Started process (PID=2167) to work on /home/airflow/.local/lib/python3.12/site-packages/airflow/example_dags/example_task_group.py
[2024-09-03T11:44:23.431+0000] {processor.py:914} INFO - Processing file /home/airflow/.local/lib/python3.12/site-packages/airflow/example_dags/example_task_group.py for tasks to queue
[2024-09-03T11:44:23.436+0000] {logging_mixin.py:190} INFO - [2024-09-03T11:44:23.435+0000] {dagbag.py:587} INFO - Filling up the DagBag from /home/airflow/.local/lib/python3.12/site-packages/airflow/example_dags/example_task_group.py
[2024-09-03T11:44:23.454+0000] {processor.py:925} INFO - DAG(s) 'example_task_group' retrieved from /home/airflow/.local/lib/python3.12/site-packages/airflow/example_dags/example_task_group.py
[2024-09-03T11:44:23.486+0000] {logging_mixin.py:190} INFO - [2024-09-03T11:44:23.485+0000] {dag.py:3211} INFO - Sync 1 DAGs
[2024-09-03T11:44:23.516+0000] {logging_mixin.py:190} INFO - [2024-09-03T11:44:23.515+0000] {dag.py:4138} INFO - Setting next_dagrun for example_task_group to 2024-09-02 00:00:00+00:00, run_after=2024-09-03 00:00:00+00:00
[2024-09-03T11:44:23.542+0000] {processor.py:208} INFO - Processing /home/airflow/.local/lib/python3.12/site-packages/airflow/example_dags/example_task_group.py took 0.124 seconds
[2024-09-03T11:44:53.671+0000] {processor.py:186} INFO - Started process (PID=2230) to work on /home/airflow/.local/lib/python3.12/site-packages/airflow/example_dags/example_task_group.py
[2024-09-03T11:44:53.672+0000] {processor.py:914} INFO - Processing file /home/airflow/.local/lib/python3.12/site-packages/airflow/example_dags/example_task_group.py for tasks to queue
[2024-09-03T11:44:53.675+0000] {logging_mixin.py:190} INFO - [2024-09-03T11:44:53.674+0000] {dagbag.py:587} INFO - Filling up the DagBag from /home/airflow/.local/lib/python3.12/site-packages/airflow/example_dags/example_task_group.py
[2024-09-03T11:44:53.684+0000] {processor.py:925} INFO - DAG(s) 'example_task_group' retrieved from /home/airflow/.local/lib/python3.12/site-packages/airflow/example_dags/example_task_group.py
[2024-09-03T11:44:53.709+0000] {logging_mixin.py:190} INFO - [2024-09-03T11:44:53.708+0000] {dag.py:3211} INFO - Sync 1 DAGs
[2024-09-03T11:44:53.734+0000] {logging_mixin.py:190} INFO - [2024-09-03T11:44:53.734+0000] {dag.py:4138} INFO - Setting next_dagrun for example_task_group to 2024-09-02 00:00:00+00:00, run_after=2024-09-03 00:00:00+00:00
[2024-09-03T11:44:53.759+0000] {processor.py:208} INFO - Processing /home/airflow/.local/lib/python3.12/site-packages/airflow/example_dags/example_task_group.py took 0.094 seconds
[2024-09-03T11:45:23.976+0000] {processor.py:186} INFO - Started process (PID=2293) to work on /home/airflow/.local/lib/python3.12/site-packages/airflow/example_dags/example_task_group.py
[2024-09-03T11:45:23.977+0000] {processor.py:914} INFO - Processing file /home/airflow/.local/lib/python3.12/site-packages/airflow/example_dags/example_task_group.py for tasks to queue
[2024-09-03T11:45:23.980+0000] {logging_mixin.py:190} INFO - [2024-09-03T11:45:23.980+0000] {dagbag.py:587} INFO - Filling up the DagBag from /home/airflow/.local/lib/python3.12/site-packages/airflow/example_dags/example_task_group.py
[2024-09-03T11:45:23.991+0000] {processor.py:925} INFO - DAG(s) 'example_task_group' retrieved from /home/airflow/.local/lib/python3.12/site-packages/airflow/example_dags/example_task_group.py
[2024-09-03T11:45:24.020+0000] {logging_mixin.py:190} INFO - [2024-09-03T11:45:24.020+0000] {dag.py:3211} INFO - Sync 1 DAGs
[2024-09-03T11:45:24.047+0000] {logging_mixin.py:190} INFO - [2024-09-03T11:45:24.046+0000] {dag.py:4138} INFO - Setting next_dagrun for example_task_group to 2024-09-02 00:00:00+00:00, run_after=2024-09-03 00:00:00+00:00
[2024-09-03T11:45:24.079+0000] {processor.py:208} INFO - Processing /home/airflow/.local/lib/python3.12/site-packages/airflow/example_dags/example_task_group.py took 0.109 seconds
[2024-09-03T11:45:54.363+0000] {processor.py:186} INFO - Started process (PID=2356) to work on /home/airflow/.local/lib/python3.12/site-packages/airflow/example_dags/example_task_group.py
[2024-09-03T11:45:54.364+0000] {processor.py:914} INFO - Processing file /home/airflow/.local/lib/python3.12/site-packages/airflow/example_dags/example_task_group.py for tasks to queue
[2024-09-03T11:45:54.368+0000] {logging_mixin.py:190} INFO - [2024-09-03T11:45:54.367+0000] {dagbag.py:587} INFO - Filling up the DagBag from /home/airflow/.local/lib/python3.12/site-packages/airflow/example_dags/example_task_group.py
[2024-09-03T11:45:54.378+0000] {processor.py:925} INFO - DAG(s) 'example_task_group' retrieved from /home/airflow/.local/lib/python3.12/site-packages/airflow/example_dags/example_task_group.py
[2024-09-03T11:45:54.416+0000] {logging_mixin.py:190} INFO - [2024-09-03T11:45:54.415+0000] {dag.py:3211} INFO - Sync 1 DAGs
[2024-09-03T11:45:54.455+0000] {logging_mixin.py:190} INFO - [2024-09-03T11:45:54.454+0000] {dag.py:4138} INFO - Setting next_dagrun for example_task_group to 2024-09-02 00:00:00+00:00, run_after=2024-09-03 00:00:00+00:00
[2024-09-03T11:45:54.486+0000] {processor.py:208} INFO - Processing /home/airflow/.local/lib/python3.12/site-packages/airflow/example_dags/example_task_group.py took 0.129 seconds
[2024-09-03T11:46:24.821+0000] {processor.py:186} INFO - Started process (PID=2419) to work on /home/airflow/.local/lib/python3.12/site-packages/airflow/example_dags/example_task_group.py
[2024-09-03T11:46:24.822+0000] {processor.py:914} INFO - Processing file /home/airflow/.local/lib/python3.12/site-packages/airflow/example_dags/example_task_group.py for tasks to queue
[2024-09-03T11:46:24.824+0000] {logging_mixin.py:190} INFO - [2024-09-03T11:46:24.824+0000] {dagbag.py:587} INFO - Filling up the DagBag from /home/airflow/.local/lib/python3.12/site-packages/airflow/example_dags/example_task_group.py
[2024-09-03T11:46:24.836+0000] {processor.py:925} INFO - DAG(s) 'example_task_group' retrieved from /home/airflow/.local/lib/python3.12/site-packages/airflow/example_dags/example_task_group.py
[2024-09-03T11:46:24.862+0000] {logging_mixin.py:190} INFO - [2024-09-03T11:46:24.862+0000] {dag.py:3211} INFO - Sync 1 DAGs
[2024-09-03T11:46:24.889+0000] {logging_mixin.py:190} INFO - [2024-09-03T11:46:24.889+0000] {dag.py:4138} INFO - Setting next_dagrun for example_task_group to 2024-09-02 00:00:00+00:00, run_after=2024-09-03 00:00:00+00:00
[2024-09-03T11:46:24.915+0000] {processor.py:208} INFO - Processing /home/airflow/.local/lib/python3.12/site-packages/airflow/example_dags/example_task_group.py took 0.101 seconds
[2024-09-03T11:46:55.791+0000] {processor.py:186} INFO - Started process (PID=2483) to work on /home/airflow/.local/lib/python3.12/site-packages/airflow/example_dags/example_task_group.py
[2024-09-03T11:46:55.792+0000] {processor.py:914} INFO - Processing file /home/airflow/.local/lib/python3.12/site-packages/airflow/example_dags/example_task_group.py for tasks to queue
[2024-09-03T11:46:55.796+0000] {logging_mixin.py:190} INFO - [2024-09-03T11:46:55.795+0000] {dagbag.py:587} INFO - Filling up the DagBag from /home/airflow/.local/lib/python3.12/site-packages/airflow/example_dags/example_task_group.py
[2024-09-03T11:46:55.811+0000] {processor.py:925} INFO - DAG(s) 'example_task_group' retrieved from /home/airflow/.local/lib/python3.12/site-packages/airflow/example_dags/example_task_group.py
[2024-09-03T11:46:55.849+0000] {logging_mixin.py:190} INFO - [2024-09-03T11:46:55.849+0000] {dag.py:3211} INFO - Sync 1 DAGs
[2024-09-03T11:46:55.891+0000] {logging_mixin.py:190} INFO - [2024-09-03T11:46:55.891+0000] {dag.py:4138} INFO - Setting next_dagrun for example_task_group to 2024-09-02 00:00:00+00:00, run_after=2024-09-03 00:00:00+00:00
[2024-09-03T11:46:55.927+0000] {processor.py:208} INFO - Processing /home/airflow/.local/lib/python3.12/site-packages/airflow/example_dags/example_task_group.py took 0.143 seconds
[2024-09-03T11:47:26.862+0000] {processor.py:186} INFO - Started process (PID=2546) to work on /home/airflow/.local/lib/python3.12/site-packages/airflow/example_dags/example_task_group.py
[2024-09-03T11:47:26.865+0000] {processor.py:914} INFO - Processing file /home/airflow/.local/lib/python3.12/site-packages/airflow/example_dags/example_task_group.py for tasks to queue
[2024-09-03T11:47:26.869+0000] {logging_mixin.py:190} INFO - [2024-09-03T11:47:26.869+0000] {dagbag.py:587} INFO - Filling up the DagBag from /home/airflow/.local/lib/python3.12/site-packages/airflow/example_dags/example_task_group.py
[2024-09-03T11:47:26.893+0000] {processor.py:925} INFO - DAG(s) 'example_task_group' retrieved from /home/airflow/.local/lib/python3.12/site-packages/airflow/example_dags/example_task_group.py
[2024-09-03T11:47:26.943+0000] {logging_mixin.py:190} INFO - [2024-09-03T11:47:26.942+0000] {dag.py:3211} INFO - Sync 1 DAGs
[2024-09-03T11:47:27.014+0000] {logging_mixin.py:190} INFO - [2024-09-03T11:47:27.013+0000] {dag.py:4138} INFO - Setting next_dagrun for example_task_group to 2024-09-02 00:00:00+00:00, run_after=2024-09-03 00:00:00+00:00
[2024-09-03T11:47:27.086+0000] {processor.py:208} INFO - Processing /home/airflow/.local/lib/python3.12/site-packages/airflow/example_dags/example_task_group.py took 0.236 seconds
[2024-09-03T11:47:57.660+0000] {processor.py:186} INFO - Started process (PID=2609) to work on /home/airflow/.local/lib/python3.12/site-packages/airflow/example_dags/example_task_group.py
[2024-09-03T11:47:57.664+0000] {processor.py:914} INFO - Processing file /home/airflow/.local/lib/python3.12/site-packages/airflow/example_dags/example_task_group.py for tasks to queue
[2024-09-03T11:47:57.669+0000] {logging_mixin.py:190} INFO - [2024-09-03T11:47:57.668+0000] {dagbag.py:587} INFO - Filling up the DagBag from /home/airflow/.local/lib/python3.12/site-packages/airflow/example_dags/example_task_group.py
[2024-09-03T11:47:57.689+0000] {processor.py:925} INFO - DAG(s) 'example_task_group' retrieved from /home/airflow/.local/lib/python3.12/site-packages/airflow/example_dags/example_task_group.py
[2024-09-03T11:47:57.751+0000] {logging_mixin.py:190} INFO - [2024-09-03T11:47:57.751+0000] {dag.py:3211} INFO - Sync 1 DAGs
[2024-09-03T11:47:57.813+0000] {logging_mixin.py:190} INFO - [2024-09-03T11:47:57.812+0000] {dag.py:4138} INFO - Setting next_dagrun for example_task_group to 2024-09-02 00:00:00+00:00, run_after=2024-09-03 00:00:00+00:00
[2024-09-03T11:47:57.860+0000] {processor.py:208} INFO - Processing /home/airflow/.local/lib/python3.12/site-packages/airflow/example_dags/example_task_group.py took 0.211 seconds
[2024-09-03T11:48:28.219+0000] {processor.py:186} INFO - Started process (PID=2672) to work on /home/airflow/.local/lib/python3.12/site-packages/airflow/example_dags/example_task_group.py
[2024-09-03T11:48:28.222+0000] {processor.py:914} INFO - Processing file /home/airflow/.local/lib/python3.12/site-packages/airflow/example_dags/example_task_group.py for tasks to queue
[2024-09-03T11:48:28.227+0000] {logging_mixin.py:190} INFO - [2024-09-03T11:48:28.226+0000] {dagbag.py:587} INFO - Filling up the DagBag from /home/airflow/.local/lib/python3.12/site-packages/airflow/example_dags/example_task_group.py
[2024-09-03T11:48:28.245+0000] {processor.py:925} INFO - DAG(s) 'example_task_group' retrieved from /home/airflow/.local/lib/python3.12/site-packages/airflow/example_dags/example_task_group.py
[2024-09-03T11:48:28.286+0000] {logging_mixin.py:190} INFO - [2024-09-03T11:48:28.286+0000] {dag.py:3211} INFO - Sync 1 DAGs
[2024-09-03T11:48:28.334+0000] {logging_mixin.py:190} INFO - [2024-09-03T11:48:28.333+0000] {dag.py:4138} INFO - Setting next_dagrun for example_task_group to 2024-09-02 00:00:00+00:00, run_after=2024-09-03 00:00:00+00:00
[2024-09-03T11:48:28.379+0000] {processor.py:208} INFO - Processing /home/airflow/.local/lib/python3.12/site-packages/airflow/example_dags/example_task_group.py took 0.169 seconds
[2024-09-03T11:48:58.539+0000] {processor.py:186} INFO - Started process (PID=2735) to work on /home/airflow/.local/lib/python3.12/site-packages/airflow/example_dags/example_task_group.py
[2024-09-03T11:48:58.541+0000] {processor.py:914} INFO - Processing file /home/airflow/.local/lib/python3.12/site-packages/airflow/example_dags/example_task_group.py for tasks to queue
[2024-09-03T11:48:58.546+0000] {logging_mixin.py:190} INFO - [2024-09-03T11:48:58.545+0000] {dagbag.py:587} INFO - Filling up the DagBag from /home/airflow/.local/lib/python3.12/site-packages/airflow/example_dags/example_task_group.py
[2024-09-03T11:48:58.567+0000] {processor.py:925} INFO - DAG(s) 'example_task_group' retrieved from /home/airflow/.local/lib/python3.12/site-packages/airflow/example_dags/example_task_group.py
[2024-09-03T11:48:58.627+0000] {logging_mixin.py:190} INFO - [2024-09-03T11:48:58.627+0000] {dag.py:3211} INFO - Sync 1 DAGs
[2024-09-03T11:48:58.703+0000] {logging_mixin.py:190} INFO - [2024-09-03T11:48:58.701+0000] {dag.py:4138} INFO - Setting next_dagrun for example_task_group to 2024-09-02 00:00:00+00:00, run_after=2024-09-03 00:00:00+00:00
[2024-09-03T11:48:58.758+0000] {processor.py:208} INFO - Processing /home/airflow/.local/lib/python3.12/site-packages/airflow/example_dags/example_task_group.py took 0.232 seconds
[2024-09-03T11:49:29.822+0000] {processor.py:186} INFO - Started process (PID=2798) to work on /home/airflow/.local/lib/python3.12/site-packages/airflow/example_dags/example_task_group.py
[2024-09-03T11:49:29.826+0000] {processor.py:914} INFO - Processing file /home/airflow/.local/lib/python3.12/site-packages/airflow/example_dags/example_task_group.py for tasks to queue
[2024-09-03T11:49:29.834+0000] {logging_mixin.py:190} INFO - [2024-09-03T11:49:29.833+0000] {dagbag.py:587} INFO - Filling up the DagBag from /home/airflow/.local/lib/python3.12/site-packages/airflow/example_dags/example_task_group.py
[2024-09-03T11:49:29.861+0000] {processor.py:925} INFO - DAG(s) 'example_task_group' retrieved from /home/airflow/.local/lib/python3.12/site-packages/airflow/example_dags/example_task_group.py
[2024-09-03T11:49:29.953+0000] {logging_mixin.py:190} INFO - [2024-09-03T11:49:29.952+0000] {dag.py:3211} INFO - Sync 1 DAGs
[2024-09-03T11:49:30.049+0000] {logging_mixin.py:190} INFO - [2024-09-03T11:49:30.049+0000] {dag.py:4138} INFO - Setting next_dagrun for example_task_group to 2024-09-02 00:00:00+00:00, run_after=2024-09-03 00:00:00+00:00
[2024-09-03T11:49:30.118+0000] {processor.py:208} INFO - Processing /home/airflow/.local/lib/python3.12/site-packages/airflow/example_dags/example_task_group.py took 0.317 seconds
[2024-09-03T11:50:00.294+0000] {processor.py:186} INFO - Started process (PID=2861) to work on /home/airflow/.local/lib/python3.12/site-packages/airflow/example_dags/example_task_group.py
[2024-09-03T11:50:00.296+0000] {processor.py:914} INFO - Processing file /home/airflow/.local/lib/python3.12/site-packages/airflow/example_dags/example_task_group.py for tasks to queue
[2024-09-03T11:50:00.300+0000] {logging_mixin.py:190} INFO - [2024-09-03T11:50:00.299+0000] {dagbag.py:587} INFO - Filling up the DagBag from /home/airflow/.local/lib/python3.12/site-packages/airflow/example_dags/example_task_group.py
[2024-09-03T11:50:00.314+0000] {processor.py:925} INFO - DAG(s) 'example_task_group' retrieved from /home/airflow/.local/lib/python3.12/site-packages/airflow/example_dags/example_task_group.py
[2024-09-03T11:50:00.355+0000] {logging_mixin.py:190} INFO - [2024-09-03T11:50:00.354+0000] {dag.py:3211} INFO - Sync 1 DAGs
[2024-09-03T11:50:00.404+0000] {logging_mixin.py:190} INFO - [2024-09-03T11:50:00.404+0000] {dag.py:4138} INFO - Setting next_dagrun for example_task_group to 2024-09-02 00:00:00+00:00, run_after=2024-09-03 00:00:00+00:00
[2024-09-03T11:50:00.456+0000] {processor.py:208} INFO - Processing /home/airflow/.local/lib/python3.12/site-packages/airflow/example_dags/example_task_group.py took 0.173 seconds
[2024-09-03T11:50:30.657+0000] {processor.py:186} INFO - Started process (PID=2924) to work on /home/airflow/.local/lib/python3.12/site-packages/airflow/example_dags/example_task_group.py
[2024-09-03T11:50:30.663+0000] {processor.py:914} INFO - Processing file /home/airflow/.local/lib/python3.12/site-packages/airflow/example_dags/example_task_group.py for tasks to queue
[2024-09-03T11:50:30.690+0000] {logging_mixin.py:190} INFO - [2024-09-03T11:50:30.689+0000] {dagbag.py:587} INFO - Filling up the DagBag from /home/airflow/.local/lib/python3.12/site-packages/airflow/example_dags/example_task_group.py
[2024-09-03T11:50:30.731+0000] {processor.py:925} INFO - DAG(s) 'example_task_group' retrieved from /home/airflow/.local/lib/python3.12/site-packages/airflow/example_dags/example_task_group.py
[2024-09-03T11:50:30.995+0000] {logging_mixin.py:190} INFO - [2024-09-03T11:50:30.994+0000] {dag.py:3211} INFO - Sync 1 DAGs
[2024-09-03T11:50:31.710+0000] {logging_mixin.py:190} INFO - [2024-09-03T11:50:31.710+0000] {dag.py:4138} INFO - Setting next_dagrun for example_task_group to 2024-09-02 00:00:00+00:00, run_after=2024-09-03 00:00:00+00:00
[2024-09-03T11:50:37.273+0000] {logging_mixin.py:190} INFO - [2024-09-03T11:50:37.270+0000] {process_utils.py:266} INFO - Waiting up to 5 seconds for processes to exit...
[2024-09-03T11:50:37.382+0000] {logging_mixin.py:190} INFO - [2024-09-03T11:50:37.381+0000] {process_utils.py:266} INFO - Waiting up to 5 seconds for processes to exit...
