[2024-09-03T11:27:34.127+0000] {processor.py:186} INFO - Started process (PID=92) to work on /home/airflow/.local/lib/python3.12/site-packages/airflow/example_dags/example_short_circuit_operator.py
[2024-09-03T11:27:34.128+0000] {processor.py:914} INFO - Processing file /home/airflow/.local/lib/python3.12/site-packages/airflow/example_dags/example_short_circuit_operator.py for tasks to queue
[2024-09-03T11:27:34.131+0000] {logging_mixin.py:190} INFO - [2024-09-03T11:27:34.131+0000] {dagbag.py:587} INFO - Filling up the DagBag from /home/airflow/.local/lib/python3.12/site-packages/airflow/example_dags/example_short_circuit_operator.py
[2024-09-03T11:27:34.143+0000] {processor.py:925} INFO - DAG(s) 'example_short_circuit_operator' retrieved from /home/airflow/.local/lib/python3.12/site-packages/airflow/example_dags/example_short_circuit_operator.py
[2024-09-03T11:27:34.174+0000] {logging_mixin.py:190} INFO - [2024-09-03T11:27:34.174+0000] {dag.py:3211} INFO - Sync 1 DAGs
[2024-09-03T11:27:34.199+0000] {logging_mixin.py:190} INFO - [2024-09-03T11:27:34.198+0000] {dag.py:4138} INFO - Setting next_dagrun for example_short_circuit_operator to 2024-09-02 00:00:00+00:00, run_after=2024-09-03 00:00:00+00:00
[2024-09-03T11:27:34.227+0000] {processor.py:208} INFO - Processing /home/airflow/.local/lib/python3.12/site-packages/airflow/example_dags/example_short_circuit_operator.py took 0.105 seconds
[2024-09-03T11:28:04.868+0000] {processor.py:186} INFO - Started process (PID=159) to work on /home/airflow/.local/lib/python3.12/site-packages/airflow/example_dags/example_short_circuit_operator.py
[2024-09-03T11:28:04.869+0000] {processor.py:914} INFO - Processing file /home/airflow/.local/lib/python3.12/site-packages/airflow/example_dags/example_short_circuit_operator.py for tasks to queue
[2024-09-03T11:28:04.872+0000] {logging_mixin.py:190} INFO - [2024-09-03T11:28:04.872+0000] {dagbag.py:587} INFO - Filling up the DagBag from /home/airflow/.local/lib/python3.12/site-packages/airflow/example_dags/example_short_circuit_operator.py
[2024-09-03T11:28:04.882+0000] {processor.py:925} INFO - DAG(s) 'example_short_circuit_operator' retrieved from /home/airflow/.local/lib/python3.12/site-packages/airflow/example_dags/example_short_circuit_operator.py
[2024-09-03T11:28:04.910+0000] {logging_mixin.py:190} INFO - [2024-09-03T11:28:04.910+0000] {dag.py:3211} INFO - Sync 1 DAGs
[2024-09-03T11:28:04.937+0000] {logging_mixin.py:190} INFO - [2024-09-03T11:28:04.937+0000] {dag.py:4138} INFO - Setting next_dagrun for example_short_circuit_operator to 2024-09-02 00:00:00+00:00, run_after=2024-09-03 00:00:00+00:00
[2024-09-03T11:28:04.963+0000] {processor.py:208} INFO - Processing /home/airflow/.local/lib/python3.12/site-packages/airflow/example_dags/example_short_circuit_operator.py took 0.101 seconds
[2024-09-03T11:28:35.185+0000] {processor.py:186} INFO - Started process (PID=226) to work on /home/airflow/.local/lib/python3.12/site-packages/airflow/example_dags/example_short_circuit_operator.py
[2024-09-03T11:28:35.186+0000] {processor.py:914} INFO - Processing file /home/airflow/.local/lib/python3.12/site-packages/airflow/example_dags/example_short_circuit_operator.py for tasks to queue
[2024-09-03T11:28:35.188+0000] {logging_mixin.py:190} INFO - [2024-09-03T11:28:35.188+0000] {dagbag.py:587} INFO - Filling up the DagBag from /home/airflow/.local/lib/python3.12/site-packages/airflow/example_dags/example_short_circuit_operator.py
[2024-09-03T11:28:35.197+0000] {processor.py:925} INFO - DAG(s) 'example_short_circuit_operator' retrieved from /home/airflow/.local/lib/python3.12/site-packages/airflow/example_dags/example_short_circuit_operator.py
[2024-09-03T11:28:35.222+0000] {logging_mixin.py:190} INFO - [2024-09-03T11:28:35.222+0000] {dag.py:3211} INFO - Sync 1 DAGs
[2024-09-03T11:28:35.244+0000] {logging_mixin.py:190} INFO - [2024-09-03T11:28:35.244+0000] {dag.py:4138} INFO - Setting next_dagrun for example_short_circuit_operator to 2024-09-02 00:00:00+00:00, run_after=2024-09-03 00:00:00+00:00
[2024-09-03T11:28:35.269+0000] {processor.py:208} INFO - Processing /home/airflow/.local/lib/python3.12/site-packages/airflow/example_dags/example_short_circuit_operator.py took 0.090 seconds
[2024-09-03T11:29:06.130+0000] {processor.py:186} INFO - Started process (PID=289) to work on /home/airflow/.local/lib/python3.12/site-packages/airflow/example_dags/example_short_circuit_operator.py
[2024-09-03T11:29:06.131+0000] {processor.py:914} INFO - Processing file /home/airflow/.local/lib/python3.12/site-packages/airflow/example_dags/example_short_circuit_operator.py for tasks to queue
[2024-09-03T11:29:06.134+0000] {logging_mixin.py:190} INFO - [2024-09-03T11:29:06.133+0000] {dagbag.py:587} INFO - Filling up the DagBag from /home/airflow/.local/lib/python3.12/site-packages/airflow/example_dags/example_short_circuit_operator.py
[2024-09-03T11:29:06.145+0000] {processor.py:925} INFO - DAG(s) 'example_short_circuit_operator' retrieved from /home/airflow/.local/lib/python3.12/site-packages/airflow/example_dags/example_short_circuit_operator.py
[2024-09-03T11:29:06.183+0000] {logging_mixin.py:190} INFO - [2024-09-03T11:29:06.183+0000] {dag.py:3211} INFO - Sync 1 DAGs
[2024-09-03T11:29:06.241+0000] {logging_mixin.py:190} INFO - [2024-09-03T11:29:06.241+0000] {dag.py:4138} INFO - Setting next_dagrun for example_short_circuit_operator to 2024-09-02 00:00:00+00:00, run_after=2024-09-03 00:00:00+00:00
[2024-09-03T11:29:06.302+0000] {processor.py:208} INFO - Processing /home/airflow/.local/lib/python3.12/site-packages/airflow/example_dags/example_short_circuit_operator.py took 0.177 seconds
[2024-09-03T11:29:36.492+0000] {processor.py:186} INFO - Started process (PID=352) to work on /home/airflow/.local/lib/python3.12/site-packages/airflow/example_dags/example_short_circuit_operator.py
[2024-09-03T11:29:36.493+0000] {processor.py:914} INFO - Processing file /home/airflow/.local/lib/python3.12/site-packages/airflow/example_dags/example_short_circuit_operator.py for tasks to queue
[2024-09-03T11:29:36.496+0000] {logging_mixin.py:190} INFO - [2024-09-03T11:29:36.495+0000] {dagbag.py:587} INFO - Filling up the DagBag from /home/airflow/.local/lib/python3.12/site-packages/airflow/example_dags/example_short_circuit_operator.py
[2024-09-03T11:29:36.505+0000] {processor.py:925} INFO - DAG(s) 'example_short_circuit_operator' retrieved from /home/airflow/.local/lib/python3.12/site-packages/airflow/example_dags/example_short_circuit_operator.py
[2024-09-03T11:29:36.530+0000] {logging_mixin.py:190} INFO - [2024-09-03T11:29:36.530+0000] {dag.py:3211} INFO - Sync 1 DAGs
[2024-09-03T11:29:36.555+0000] {logging_mixin.py:190} INFO - [2024-09-03T11:29:36.555+0000] {dag.py:4138} INFO - Setting next_dagrun for example_short_circuit_operator to 2024-09-02 00:00:00+00:00, run_after=2024-09-03 00:00:00+00:00
[2024-09-03T11:29:36.583+0000] {processor.py:208} INFO - Processing /home/airflow/.local/lib/python3.12/site-packages/airflow/example_dags/example_short_circuit_operator.py took 0.096 seconds
[2024-09-03T11:30:07.005+0000] {processor.py:186} INFO - Started process (PID=415) to work on /home/airflow/.local/lib/python3.12/site-packages/airflow/example_dags/example_short_circuit_operator.py
[2024-09-03T11:30:07.006+0000] {processor.py:914} INFO - Processing file /home/airflow/.local/lib/python3.12/site-packages/airflow/example_dags/example_short_circuit_operator.py for tasks to queue
[2024-09-03T11:30:07.009+0000] {logging_mixin.py:190} INFO - [2024-09-03T11:30:07.009+0000] {dagbag.py:587} INFO - Filling up the DagBag from /home/airflow/.local/lib/python3.12/site-packages/airflow/example_dags/example_short_circuit_operator.py
[2024-09-03T11:30:07.018+0000] {processor.py:925} INFO - DAG(s) 'example_short_circuit_operator' retrieved from /home/airflow/.local/lib/python3.12/site-packages/airflow/example_dags/example_short_circuit_operator.py
[2024-09-03T11:30:07.046+0000] {logging_mixin.py:190} INFO - [2024-09-03T11:30:07.045+0000] {dag.py:3211} INFO - Sync 1 DAGs
[2024-09-03T11:30:07.092+0000] {logging_mixin.py:190} INFO - [2024-09-03T11:30:07.091+0000] {dag.py:4138} INFO - Setting next_dagrun for example_short_circuit_operator to 2024-09-02 00:00:00+00:00, run_after=2024-09-03 00:00:00+00:00
[2024-09-03T11:30:07.119+0000] {processor.py:208} INFO - Processing /home/airflow/.local/lib/python3.12/site-packages/airflow/example_dags/example_short_circuit_operator.py took 0.120 seconds
[2024-09-03T11:30:37.437+0000] {processor.py:186} INFO - Started process (PID=478) to work on /home/airflow/.local/lib/python3.12/site-packages/airflow/example_dags/example_short_circuit_operator.py
[2024-09-03T11:30:37.438+0000] {processor.py:914} INFO - Processing file /home/airflow/.local/lib/python3.12/site-packages/airflow/example_dags/example_short_circuit_operator.py for tasks to queue
[2024-09-03T11:30:37.442+0000] {logging_mixin.py:190} INFO - [2024-09-03T11:30:37.441+0000] {dagbag.py:587} INFO - Filling up the DagBag from /home/airflow/.local/lib/python3.12/site-packages/airflow/example_dags/example_short_circuit_operator.py
[2024-09-03T11:30:37.454+0000] {processor.py:925} INFO - DAG(s) 'example_short_circuit_operator' retrieved from /home/airflow/.local/lib/python3.12/site-packages/airflow/example_dags/example_short_circuit_operator.py
[2024-09-03T11:30:37.487+0000] {logging_mixin.py:190} INFO - [2024-09-03T11:30:37.486+0000] {dag.py:3211} INFO - Sync 1 DAGs
[2024-09-03T11:30:37.530+0000] {logging_mixin.py:190} INFO - [2024-09-03T11:30:37.529+0000] {dag.py:4138} INFO - Setting next_dagrun for example_short_circuit_operator to 2024-09-02 00:00:00+00:00, run_after=2024-09-03 00:00:00+00:00
[2024-09-03T11:30:37.576+0000] {processor.py:208} INFO - Processing /home/airflow/.local/lib/python3.12/site-packages/airflow/example_dags/example_short_circuit_operator.py took 0.146 seconds
[2024-09-03T11:31:08.236+0000] {processor.py:186} INFO - Started process (PID=542) to work on /home/airflow/.local/lib/python3.12/site-packages/airflow/example_dags/example_short_circuit_operator.py
[2024-09-03T11:31:08.243+0000] {processor.py:914} INFO - Processing file /home/airflow/.local/lib/python3.12/site-packages/airflow/example_dags/example_short_circuit_operator.py for tasks to queue
[2024-09-03T11:31:08.251+0000] {logging_mixin.py:190} INFO - [2024-09-03T11:31:08.248+0000] {dagbag.py:587} INFO - Filling up the DagBag from /home/airflow/.local/lib/python3.12/site-packages/airflow/example_dags/example_short_circuit_operator.py
[2024-09-03T11:31:08.278+0000] {processor.py:925} INFO - DAG(s) 'example_short_circuit_operator' retrieved from /home/airflow/.local/lib/python3.12/site-packages/airflow/example_dags/example_short_circuit_operator.py
[2024-09-03T11:31:08.390+0000] {logging_mixin.py:190} INFO - [2024-09-03T11:31:08.381+0000] {dag.py:3211} INFO - Sync 1 DAGs
[2024-09-03T11:31:08.480+0000] {logging_mixin.py:190} INFO - [2024-09-03T11:31:08.479+0000] {dag.py:4138} INFO - Setting next_dagrun for example_short_circuit_operator to 2024-09-02 00:00:00+00:00, run_after=2024-09-03 00:00:00+00:00
[2024-09-03T11:31:08.686+0000] {processor.py:208} INFO - Processing /home/airflow/.local/lib/python3.12/site-packages/airflow/example_dags/example_short_circuit_operator.py took 0.462 seconds
[2024-09-03T11:31:39.369+0000] {processor.py:186} INFO - Started process (PID=605) to work on /home/airflow/.local/lib/python3.12/site-packages/airflow/example_dags/example_short_circuit_operator.py
[2024-09-03T11:31:39.371+0000] {processor.py:914} INFO - Processing file /home/airflow/.local/lib/python3.12/site-packages/airflow/example_dags/example_short_circuit_operator.py for tasks to queue
[2024-09-03T11:31:39.374+0000] {logging_mixin.py:190} INFO - [2024-09-03T11:31:39.374+0000] {dagbag.py:587} INFO - Filling up the DagBag from /home/airflow/.local/lib/python3.12/site-packages/airflow/example_dags/example_short_circuit_operator.py
[2024-09-03T11:31:39.387+0000] {processor.py:925} INFO - DAG(s) 'example_short_circuit_operator' retrieved from /home/airflow/.local/lib/python3.12/site-packages/airflow/example_dags/example_short_circuit_operator.py
[2024-09-03T11:31:39.415+0000] {logging_mixin.py:190} INFO - [2024-09-03T11:31:39.415+0000] {dag.py:3211} INFO - Sync 1 DAGs
[2024-09-03T11:31:39.441+0000] {logging_mixin.py:190} INFO - [2024-09-03T11:31:39.441+0000] {dag.py:4138} INFO - Setting next_dagrun for example_short_circuit_operator to 2024-09-02 00:00:00+00:00, run_after=2024-09-03 00:00:00+00:00
[2024-09-03T11:31:39.464+0000] {processor.py:208} INFO - Processing /home/airflow/.local/lib/python3.12/site-packages/airflow/example_dags/example_short_circuit_operator.py took 0.100 seconds
[2024-09-03T11:32:09.843+0000] {processor.py:186} INFO - Started process (PID=668) to work on /home/airflow/.local/lib/python3.12/site-packages/airflow/example_dags/example_short_circuit_operator.py
[2024-09-03T11:32:09.844+0000] {processor.py:914} INFO - Processing file /home/airflow/.local/lib/python3.12/site-packages/airflow/example_dags/example_short_circuit_operator.py for tasks to queue
[2024-09-03T11:32:09.848+0000] {logging_mixin.py:190} INFO - [2024-09-03T11:32:09.847+0000] {dagbag.py:587} INFO - Filling up the DagBag from /home/airflow/.local/lib/python3.12/site-packages/airflow/example_dags/example_short_circuit_operator.py
[2024-09-03T11:32:09.863+0000] {processor.py:925} INFO - DAG(s) 'example_short_circuit_operator' retrieved from /home/airflow/.local/lib/python3.12/site-packages/airflow/example_dags/example_short_circuit_operator.py
[2024-09-03T11:32:09.909+0000] {logging_mixin.py:190} INFO - [2024-09-03T11:32:09.908+0000] {dag.py:3211} INFO - Sync 1 DAGs
[2024-09-03T11:32:09.947+0000] {logging_mixin.py:190} INFO - [2024-09-03T11:32:09.947+0000] {dag.py:4138} INFO - Setting next_dagrun for example_short_circuit_operator to 2024-09-02 00:00:00+00:00, run_after=2024-09-03 00:00:00+00:00
[2024-09-03T11:32:09.978+0000] {processor.py:208} INFO - Processing /home/airflow/.local/lib/python3.12/site-packages/airflow/example_dags/example_short_circuit_operator.py took 0.149 seconds
[2024-09-03T11:32:40.150+0000] {processor.py:186} INFO - Started process (PID=731) to work on /home/airflow/.local/lib/python3.12/site-packages/airflow/example_dags/example_short_circuit_operator.py
[2024-09-03T11:32:40.152+0000] {processor.py:914} INFO - Processing file /home/airflow/.local/lib/python3.12/site-packages/airflow/example_dags/example_short_circuit_operator.py for tasks to queue
[2024-09-03T11:32:40.154+0000] {logging_mixin.py:190} INFO - [2024-09-03T11:32:40.154+0000] {dagbag.py:587} INFO - Filling up the DagBag from /home/airflow/.local/lib/python3.12/site-packages/airflow/example_dags/example_short_circuit_operator.py
[2024-09-03T11:32:40.164+0000] {processor.py:925} INFO - DAG(s) 'example_short_circuit_operator' retrieved from /home/airflow/.local/lib/python3.12/site-packages/airflow/example_dags/example_short_circuit_operator.py
[2024-09-03T11:32:40.193+0000] {logging_mixin.py:190} INFO - [2024-09-03T11:32:40.193+0000] {dag.py:3211} INFO - Sync 1 DAGs
[2024-09-03T11:32:40.222+0000] {logging_mixin.py:190} INFO - [2024-09-03T11:32:40.222+0000] {dag.py:4138} INFO - Setting next_dagrun for example_short_circuit_operator to 2024-09-02 00:00:00+00:00, run_after=2024-09-03 00:00:00+00:00
[2024-09-03T11:32:40.248+0000] {processor.py:208} INFO - Processing /home/airflow/.local/lib/python3.12/site-packages/airflow/example_dags/example_short_circuit_operator.py took 0.104 seconds
[2024-09-03T11:33:10.935+0000] {processor.py:186} INFO - Started process (PID=794) to work on /home/airflow/.local/lib/python3.12/site-packages/airflow/example_dags/example_short_circuit_operator.py
[2024-09-03T11:33:10.936+0000] {processor.py:914} INFO - Processing file /home/airflow/.local/lib/python3.12/site-packages/airflow/example_dags/example_short_circuit_operator.py for tasks to queue
[2024-09-03T11:33:10.940+0000] {logging_mixin.py:190} INFO - [2024-09-03T11:33:10.939+0000] {dagbag.py:587} INFO - Filling up the DagBag from /home/airflow/.local/lib/python3.12/site-packages/airflow/example_dags/example_short_circuit_operator.py
[2024-09-03T11:33:10.954+0000] {processor.py:925} INFO - DAG(s) 'example_short_circuit_operator' retrieved from /home/airflow/.local/lib/python3.12/site-packages/airflow/example_dags/example_short_circuit_operator.py
[2024-09-03T11:33:10.985+0000] {logging_mixin.py:190} INFO - [2024-09-03T11:33:10.985+0000] {dag.py:3211} INFO - Sync 1 DAGs
[2024-09-03T11:33:11.020+0000] {logging_mixin.py:190} INFO - [2024-09-03T11:33:11.020+0000] {dag.py:4138} INFO - Setting next_dagrun for example_short_circuit_operator to 2024-09-02 00:00:00+00:00, run_after=2024-09-03 00:00:00+00:00
[2024-09-03T11:33:11.051+0000] {processor.py:208} INFO - Processing /home/airflow/.local/lib/python3.12/site-packages/airflow/example_dags/example_short_circuit_operator.py took 0.124 seconds
[2024-09-03T11:33:41.203+0000] {processor.py:186} INFO - Started process (PID=857) to work on /home/airflow/.local/lib/python3.12/site-packages/airflow/example_dags/example_short_circuit_operator.py
[2024-09-03T11:33:41.205+0000] {processor.py:914} INFO - Processing file /home/airflow/.local/lib/python3.12/site-packages/airflow/example_dags/example_short_circuit_operator.py for tasks to queue
[2024-09-03T11:33:41.208+0000] {logging_mixin.py:190} INFO - [2024-09-03T11:33:41.208+0000] {dagbag.py:587} INFO - Filling up the DagBag from /home/airflow/.local/lib/python3.12/site-packages/airflow/example_dags/example_short_circuit_operator.py
[2024-09-03T11:33:41.217+0000] {processor.py:925} INFO - DAG(s) 'example_short_circuit_operator' retrieved from /home/airflow/.local/lib/python3.12/site-packages/airflow/example_dags/example_short_circuit_operator.py
[2024-09-03T11:33:41.243+0000] {logging_mixin.py:190} INFO - [2024-09-03T11:33:41.242+0000] {dag.py:3211} INFO - Sync 1 DAGs
[2024-09-03T11:33:41.269+0000] {logging_mixin.py:190} INFO - [2024-09-03T11:33:41.269+0000] {dag.py:4138} INFO - Setting next_dagrun for example_short_circuit_operator to 2024-09-02 00:00:00+00:00, run_after=2024-09-03 00:00:00+00:00
[2024-09-03T11:33:41.292+0000] {processor.py:208} INFO - Processing /home/airflow/.local/lib/python3.12/site-packages/airflow/example_dags/example_short_circuit_operator.py took 0.094 seconds
[2024-09-03T11:34:11.859+0000] {processor.py:186} INFO - Started process (PID=920) to work on /home/airflow/.local/lib/python3.12/site-packages/airflow/example_dags/example_short_circuit_operator.py
[2024-09-03T11:34:11.860+0000] {processor.py:914} INFO - Processing file /home/airflow/.local/lib/python3.12/site-packages/airflow/example_dags/example_short_circuit_operator.py for tasks to queue
[2024-09-03T11:34:11.863+0000] {logging_mixin.py:190} INFO - [2024-09-03T11:34:11.863+0000] {dagbag.py:587} INFO - Filling up the DagBag from /home/airflow/.local/lib/python3.12/site-packages/airflow/example_dags/example_short_circuit_operator.py
[2024-09-03T11:34:11.873+0000] {processor.py:925} INFO - DAG(s) 'example_short_circuit_operator' retrieved from /home/airflow/.local/lib/python3.12/site-packages/airflow/example_dags/example_short_circuit_operator.py
[2024-09-03T11:34:11.899+0000] {logging_mixin.py:190} INFO - [2024-09-03T11:34:11.899+0000] {dag.py:3211} INFO - Sync 1 DAGs
[2024-09-03T11:34:11.924+0000] {logging_mixin.py:190} INFO - [2024-09-03T11:34:11.924+0000] {dag.py:4138} INFO - Setting next_dagrun for example_short_circuit_operator to 2024-09-02 00:00:00+00:00, run_after=2024-09-03 00:00:00+00:00
[2024-09-03T11:34:11.950+0000] {processor.py:208} INFO - Processing /home/airflow/.local/lib/python3.12/site-packages/airflow/example_dags/example_short_circuit_operator.py took 0.096 seconds
[2024-09-03T11:34:42.823+0000] {processor.py:186} INFO - Started process (PID=983) to work on /home/airflow/.local/lib/python3.12/site-packages/airflow/example_dags/example_short_circuit_operator.py
[2024-09-03T11:34:42.826+0000] {processor.py:914} INFO - Processing file /home/airflow/.local/lib/python3.12/site-packages/airflow/example_dags/example_short_circuit_operator.py for tasks to queue
[2024-09-03T11:34:42.830+0000] {logging_mixin.py:190} INFO - [2024-09-03T11:34:42.829+0000] {dagbag.py:587} INFO - Filling up the DagBag from /home/airflow/.local/lib/python3.12/site-packages/airflow/example_dags/example_short_circuit_operator.py
[2024-09-03T11:34:42.856+0000] {processor.py:925} INFO - DAG(s) 'example_short_circuit_operator' retrieved from /home/airflow/.local/lib/python3.12/site-packages/airflow/example_dags/example_short_circuit_operator.py
[2024-09-03T11:34:42.906+0000] {logging_mixin.py:190} INFO - [2024-09-03T11:34:42.905+0000] {dag.py:3211} INFO - Sync 1 DAGs
[2024-09-03T11:34:42.997+0000] {logging_mixin.py:190} INFO - [2024-09-03T11:34:42.997+0000] {dag.py:4138} INFO - Setting next_dagrun for example_short_circuit_operator to 2024-09-02 00:00:00+00:00, run_after=2024-09-03 00:00:00+00:00
[2024-09-03T11:34:43.070+0000] {processor.py:208} INFO - Processing /home/airflow/.local/lib/python3.12/site-packages/airflow/example_dags/example_short_circuit_operator.py took 0.256 seconds
[2024-09-03T11:35:13.981+0000] {processor.py:186} INFO - Started process (PID=1046) to work on /home/airflow/.local/lib/python3.12/site-packages/airflow/example_dags/example_short_circuit_operator.py
[2024-09-03T11:35:13.983+0000] {processor.py:914} INFO - Processing file /home/airflow/.local/lib/python3.12/site-packages/airflow/example_dags/example_short_circuit_operator.py for tasks to queue
[2024-09-03T11:35:13.987+0000] {logging_mixin.py:190} INFO - [2024-09-03T11:35:13.986+0000] {dagbag.py:587} INFO - Filling up the DagBag from /home/airflow/.local/lib/python3.12/site-packages/airflow/example_dags/example_short_circuit_operator.py
[2024-09-03T11:35:13.998+0000] {processor.py:925} INFO - DAG(s) 'example_short_circuit_operator' retrieved from /home/airflow/.local/lib/python3.12/site-packages/airflow/example_dags/example_short_circuit_operator.py
[2024-09-03T11:35:14.031+0000] {logging_mixin.py:190} INFO - [2024-09-03T11:35:14.030+0000] {dag.py:3211} INFO - Sync 1 DAGs
[2024-09-03T11:35:14.067+0000] {logging_mixin.py:190} INFO - [2024-09-03T11:35:14.066+0000] {dag.py:4138} INFO - Setting next_dagrun for example_short_circuit_operator to 2024-09-02 00:00:00+00:00, run_after=2024-09-03 00:00:00+00:00
[2024-09-03T11:35:14.095+0000] {processor.py:208} INFO - Processing /home/airflow/.local/lib/python3.12/site-packages/airflow/example_dags/example_short_circuit_operator.py took 0.123 seconds
[2024-09-03T11:35:44.288+0000] {processor.py:186} INFO - Started process (PID=1109) to work on /home/airflow/.local/lib/python3.12/site-packages/airflow/example_dags/example_short_circuit_operator.py
[2024-09-03T11:35:44.290+0000] {processor.py:914} INFO - Processing file /home/airflow/.local/lib/python3.12/site-packages/airflow/example_dags/example_short_circuit_operator.py for tasks to queue
[2024-09-03T11:35:44.293+0000] {logging_mixin.py:190} INFO - [2024-09-03T11:35:44.292+0000] {dagbag.py:587} INFO - Filling up the DagBag from /home/airflow/.local/lib/python3.12/site-packages/airflow/example_dags/example_short_circuit_operator.py
[2024-09-03T11:35:44.302+0000] {processor.py:925} INFO - DAG(s) 'example_short_circuit_operator' retrieved from /home/airflow/.local/lib/python3.12/site-packages/airflow/example_dags/example_short_circuit_operator.py
[2024-09-03T11:35:44.328+0000] {logging_mixin.py:190} INFO - [2024-09-03T11:35:44.327+0000] {dag.py:3211} INFO - Sync 1 DAGs
[2024-09-03T11:35:44.351+0000] {logging_mixin.py:190} INFO - [2024-09-03T11:35:44.350+0000] {dag.py:4138} INFO - Setting next_dagrun for example_short_circuit_operator to 2024-09-02 00:00:00+00:00, run_after=2024-09-03 00:00:00+00:00
[2024-09-03T11:35:44.375+0000] {processor.py:208} INFO - Processing /home/airflow/.local/lib/python3.12/site-packages/airflow/example_dags/example_short_circuit_operator.py took 0.093 seconds
[2024-09-03T11:36:15.165+0000] {processor.py:186} INFO - Started process (PID=1172) to work on /home/airflow/.local/lib/python3.12/site-packages/airflow/example_dags/example_short_circuit_operator.py
[2024-09-03T11:36:15.166+0000] {processor.py:914} INFO - Processing file /home/airflow/.local/lib/python3.12/site-packages/airflow/example_dags/example_short_circuit_operator.py for tasks to queue
[2024-09-03T11:36:15.169+0000] {logging_mixin.py:190} INFO - [2024-09-03T11:36:15.169+0000] {dagbag.py:587} INFO - Filling up the DagBag from /home/airflow/.local/lib/python3.12/site-packages/airflow/example_dags/example_short_circuit_operator.py
[2024-09-03T11:36:15.178+0000] {processor.py:925} INFO - DAG(s) 'example_short_circuit_operator' retrieved from /home/airflow/.local/lib/python3.12/site-packages/airflow/example_dags/example_short_circuit_operator.py
[2024-09-03T11:36:15.204+0000] {logging_mixin.py:190} INFO - [2024-09-03T11:36:15.204+0000] {dag.py:3211} INFO - Sync 1 DAGs
[2024-09-03T11:36:15.229+0000] {logging_mixin.py:190} INFO - [2024-09-03T11:36:15.229+0000] {dag.py:4138} INFO - Setting next_dagrun for example_short_circuit_operator to 2024-09-02 00:00:00+00:00, run_after=2024-09-03 00:00:00+00:00
[2024-09-03T11:36:15.254+0000] {processor.py:208} INFO - Processing /home/airflow/.local/lib/python3.12/site-packages/airflow/example_dags/example_short_circuit_operator.py took 0.094 seconds
[2024-09-03T11:36:45.733+0000] {processor.py:186} INFO - Started process (PID=1235) to work on /home/airflow/.local/lib/python3.12/site-packages/airflow/example_dags/example_short_circuit_operator.py
[2024-09-03T11:36:45.734+0000] {processor.py:914} INFO - Processing file /home/airflow/.local/lib/python3.12/site-packages/airflow/example_dags/example_short_circuit_operator.py for tasks to queue
[2024-09-03T11:36:45.737+0000] {logging_mixin.py:190} INFO - [2024-09-03T11:36:45.737+0000] {dagbag.py:587} INFO - Filling up the DagBag from /home/airflow/.local/lib/python3.12/site-packages/airflow/example_dags/example_short_circuit_operator.py
[2024-09-03T11:36:45.750+0000] {processor.py:925} INFO - DAG(s) 'example_short_circuit_operator' retrieved from /home/airflow/.local/lib/python3.12/site-packages/airflow/example_dags/example_short_circuit_operator.py
[2024-09-03T11:36:45.788+0000] {logging_mixin.py:190} INFO - [2024-09-03T11:36:45.788+0000] {dag.py:3211} INFO - Sync 1 DAGs
[2024-09-03T11:36:45.883+0000] {logging_mixin.py:190} INFO - [2024-09-03T11:36:45.882+0000] {dag.py:4138} INFO - Setting next_dagrun for example_short_circuit_operator to 2024-09-02 00:00:00+00:00, run_after=2024-09-03 00:00:00+00:00
[2024-09-03T11:36:45.984+0000] {processor.py:208} INFO - Processing /home/airflow/.local/lib/python3.12/site-packages/airflow/example_dags/example_short_circuit_operator.py took 0.260 seconds
[2024-09-03T11:37:16.833+0000] {processor.py:186} INFO - Started process (PID=1298) to work on /home/airflow/.local/lib/python3.12/site-packages/airflow/example_dags/example_short_circuit_operator.py
[2024-09-03T11:37:16.835+0000] {processor.py:914} INFO - Processing file /home/airflow/.local/lib/python3.12/site-packages/airflow/example_dags/example_short_circuit_operator.py for tasks to queue
[2024-09-03T11:37:16.839+0000] {logging_mixin.py:190} INFO - [2024-09-03T11:37:16.838+0000] {dagbag.py:587} INFO - Filling up the DagBag from /home/airflow/.local/lib/python3.12/site-packages/airflow/example_dags/example_short_circuit_operator.py
[2024-09-03T11:37:16.856+0000] {processor.py:925} INFO - DAG(s) 'example_short_circuit_operator' retrieved from /home/airflow/.local/lib/python3.12/site-packages/airflow/example_dags/example_short_circuit_operator.py
[2024-09-03T11:37:16.896+0000] {logging_mixin.py:190} INFO - [2024-09-03T11:37:16.896+0000] {dag.py:3211} INFO - Sync 1 DAGs
[2024-09-03T11:37:16.932+0000] {logging_mixin.py:190} INFO - [2024-09-03T11:37:16.932+0000] {dag.py:4138} INFO - Setting next_dagrun for example_short_circuit_operator to 2024-09-02 00:00:00+00:00, run_after=2024-09-03 00:00:00+00:00
[2024-09-03T11:37:16.969+0000] {processor.py:208} INFO - Processing /home/airflow/.local/lib/python3.12/site-packages/airflow/example_dags/example_short_circuit_operator.py took 0.145 seconds
[2024-09-03T11:37:47.876+0000] {processor.py:186} INFO - Started process (PID=1361) to work on /home/airflow/.local/lib/python3.12/site-packages/airflow/example_dags/example_short_circuit_operator.py
[2024-09-03T11:37:47.882+0000] {processor.py:914} INFO - Processing file /home/airflow/.local/lib/python3.12/site-packages/airflow/example_dags/example_short_circuit_operator.py for tasks to queue
[2024-09-03T11:37:47.886+0000] {logging_mixin.py:190} INFO - [2024-09-03T11:37:47.885+0000] {dagbag.py:587} INFO - Filling up the DagBag from /home/airflow/.local/lib/python3.12/site-packages/airflow/example_dags/example_short_circuit_operator.py
[2024-09-03T11:37:47.913+0000] {processor.py:925} INFO - DAG(s) 'example_short_circuit_operator' retrieved from /home/airflow/.local/lib/python3.12/site-packages/airflow/example_dags/example_short_circuit_operator.py
[2024-09-03T11:37:47.957+0000] {logging_mixin.py:190} INFO - [2024-09-03T11:37:47.957+0000] {dag.py:3211} INFO - Sync 1 DAGs
[2024-09-03T11:37:48.006+0000] {logging_mixin.py:190} INFO - [2024-09-03T11:37:48.006+0000] {dag.py:4138} INFO - Setting next_dagrun for example_short_circuit_operator to 2024-09-02 00:00:00+00:00, run_after=2024-09-03 00:00:00+00:00
[2024-09-03T11:37:48.046+0000] {processor.py:208} INFO - Processing /home/airflow/.local/lib/python3.12/site-packages/airflow/example_dags/example_short_circuit_operator.py took 0.184 seconds
[2024-09-03T11:38:18.959+0000] {processor.py:186} INFO - Started process (PID=1424) to work on /home/airflow/.local/lib/python3.12/site-packages/airflow/example_dags/example_short_circuit_operator.py
[2024-09-03T11:38:18.961+0000] {processor.py:914} INFO - Processing file /home/airflow/.local/lib/python3.12/site-packages/airflow/example_dags/example_short_circuit_operator.py for tasks to queue
[2024-09-03T11:38:18.966+0000] {logging_mixin.py:190} INFO - [2024-09-03T11:38:18.965+0000] {dagbag.py:587} INFO - Filling up the DagBag from /home/airflow/.local/lib/python3.12/site-packages/airflow/example_dags/example_short_circuit_operator.py
[2024-09-03T11:38:18.978+0000] {processor.py:925} INFO - DAG(s) 'example_short_circuit_operator' retrieved from /home/airflow/.local/lib/python3.12/site-packages/airflow/example_dags/example_short_circuit_operator.py
[2024-09-03T11:38:19.023+0000] {logging_mixin.py:190} INFO - [2024-09-03T11:38:19.022+0000] {dag.py:3211} INFO - Sync 1 DAGs
[2024-09-03T11:38:19.067+0000] {logging_mixin.py:190} INFO - [2024-09-03T11:38:19.066+0000] {dag.py:4138} INFO - Setting next_dagrun for example_short_circuit_operator to 2024-09-02 00:00:00+00:00, run_after=2024-09-03 00:00:00+00:00
[2024-09-03T11:38:19.106+0000] {processor.py:208} INFO - Processing /home/airflow/.local/lib/python3.12/site-packages/airflow/example_dags/example_short_circuit_operator.py took 0.156 seconds
[2024-09-03T11:38:49.851+0000] {processor.py:186} INFO - Started process (PID=1487) to work on /home/airflow/.local/lib/python3.12/site-packages/airflow/example_dags/example_short_circuit_operator.py
[2024-09-03T11:38:49.853+0000] {processor.py:914} INFO - Processing file /home/airflow/.local/lib/python3.12/site-packages/airflow/example_dags/example_short_circuit_operator.py for tasks to queue
[2024-09-03T11:38:49.857+0000] {logging_mixin.py:190} INFO - [2024-09-03T11:38:49.857+0000] {dagbag.py:587} INFO - Filling up the DagBag from /home/airflow/.local/lib/python3.12/site-packages/airflow/example_dags/example_short_circuit_operator.py
[2024-09-03T11:38:49.874+0000] {processor.py:925} INFO - DAG(s) 'example_short_circuit_operator' retrieved from /home/airflow/.local/lib/python3.12/site-packages/airflow/example_dags/example_short_circuit_operator.py
[2024-09-03T11:38:49.911+0000] {logging_mixin.py:190} INFO - [2024-09-03T11:38:49.910+0000] {dag.py:3211} INFO - Sync 1 DAGs
[2024-09-03T11:38:49.952+0000] {logging_mixin.py:190} INFO - [2024-09-03T11:38:49.952+0000] {dag.py:4138} INFO - Setting next_dagrun for example_short_circuit_operator to 2024-09-02 00:00:00+00:00, run_after=2024-09-03 00:00:00+00:00
[2024-09-03T11:38:50.001+0000] {processor.py:208} INFO - Processing /home/airflow/.local/lib/python3.12/site-packages/airflow/example_dags/example_short_circuit_operator.py took 0.159 seconds
[2024-09-03T11:39:20.348+0000] {processor.py:186} INFO - Started process (PID=1550) to work on /home/airflow/.local/lib/python3.12/site-packages/airflow/example_dags/example_short_circuit_operator.py
[2024-09-03T11:39:20.350+0000] {processor.py:914} INFO - Processing file /home/airflow/.local/lib/python3.12/site-packages/airflow/example_dags/example_short_circuit_operator.py for tasks to queue
[2024-09-03T11:39:20.354+0000] {logging_mixin.py:190} INFO - [2024-09-03T11:39:20.354+0000] {dagbag.py:587} INFO - Filling up the DagBag from /home/airflow/.local/lib/python3.12/site-packages/airflow/example_dags/example_short_circuit_operator.py
[2024-09-03T11:39:20.365+0000] {processor.py:925} INFO - DAG(s) 'example_short_circuit_operator' retrieved from /home/airflow/.local/lib/python3.12/site-packages/airflow/example_dags/example_short_circuit_operator.py
[2024-09-03T11:39:20.400+0000] {logging_mixin.py:190} INFO - [2024-09-03T11:39:20.399+0000] {dag.py:3211} INFO - Sync 1 DAGs
[2024-09-03T11:39:20.438+0000] {logging_mixin.py:190} INFO - [2024-09-03T11:39:20.438+0000] {dag.py:4138} INFO - Setting next_dagrun for example_short_circuit_operator to 2024-09-02 00:00:00+00:00, run_after=2024-09-03 00:00:00+00:00
[2024-09-03T11:39:20.478+0000] {processor.py:208} INFO - Processing /home/airflow/.local/lib/python3.12/site-packages/airflow/example_dags/example_short_circuit_operator.py took 0.139 seconds
[2024-09-03T11:39:50.720+0000] {processor.py:186} INFO - Started process (PID=1613) to work on /home/airflow/.local/lib/python3.12/site-packages/airflow/example_dags/example_short_circuit_operator.py
[2024-09-03T11:39:50.722+0000] {processor.py:914} INFO - Processing file /home/airflow/.local/lib/python3.12/site-packages/airflow/example_dags/example_short_circuit_operator.py for tasks to queue
[2024-09-03T11:39:50.725+0000] {logging_mixin.py:190} INFO - [2024-09-03T11:39:50.725+0000] {dagbag.py:587} INFO - Filling up the DagBag from /home/airflow/.local/lib/python3.12/site-packages/airflow/example_dags/example_short_circuit_operator.py
[2024-09-03T11:39:50.735+0000] {processor.py:925} INFO - DAG(s) 'example_short_circuit_operator' retrieved from /home/airflow/.local/lib/python3.12/site-packages/airflow/example_dags/example_short_circuit_operator.py
[2024-09-03T11:39:50.767+0000] {logging_mixin.py:190} INFO - [2024-09-03T11:39:50.767+0000] {dag.py:3211} INFO - Sync 1 DAGs
[2024-09-03T11:39:50.796+0000] {logging_mixin.py:190} INFO - [2024-09-03T11:39:50.796+0000] {dag.py:4138} INFO - Setting next_dagrun for example_short_circuit_operator to 2024-09-02 00:00:00+00:00, run_after=2024-09-03 00:00:00+00:00
[2024-09-03T11:39:50.831+0000] {processor.py:208} INFO - Processing /home/airflow/.local/lib/python3.12/site-packages/airflow/example_dags/example_short_circuit_operator.py took 0.117 seconds
[2024-09-03T11:40:21.021+0000] {processor.py:186} INFO - Started process (PID=1676) to work on /home/airflow/.local/lib/python3.12/site-packages/airflow/example_dags/example_short_circuit_operator.py
[2024-09-03T11:40:21.023+0000] {processor.py:914} INFO - Processing file /home/airflow/.local/lib/python3.12/site-packages/airflow/example_dags/example_short_circuit_operator.py for tasks to queue
[2024-09-03T11:40:21.027+0000] {logging_mixin.py:190} INFO - [2024-09-03T11:40:21.027+0000] {dagbag.py:587} INFO - Filling up the DagBag from /home/airflow/.local/lib/python3.12/site-packages/airflow/example_dags/example_short_circuit_operator.py
[2024-09-03T11:40:21.042+0000] {processor.py:925} INFO - DAG(s) 'example_short_circuit_operator' retrieved from /home/airflow/.local/lib/python3.12/site-packages/airflow/example_dags/example_short_circuit_operator.py
[2024-09-03T11:40:21.075+0000] {logging_mixin.py:190} INFO - [2024-09-03T11:40:21.074+0000] {dag.py:3211} INFO - Sync 1 DAGs
[2024-09-03T11:40:21.106+0000] {logging_mixin.py:190} INFO - [2024-09-03T11:40:21.106+0000] {dag.py:4138} INFO - Setting next_dagrun for example_short_circuit_operator to 2024-09-02 00:00:00+00:00, run_after=2024-09-03 00:00:00+00:00
[2024-09-03T11:40:21.143+0000] {processor.py:208} INFO - Processing /home/airflow/.local/lib/python3.12/site-packages/airflow/example_dags/example_short_circuit_operator.py took 0.129 seconds
[2024-09-03T11:40:52.125+0000] {processor.py:186} INFO - Started process (PID=1740) to work on /home/airflow/.local/lib/python3.12/site-packages/airflow/example_dags/example_short_circuit_operator.py
[2024-09-03T11:40:52.127+0000] {processor.py:914} INFO - Processing file /home/airflow/.local/lib/python3.12/site-packages/airflow/example_dags/example_short_circuit_operator.py for tasks to queue
[2024-09-03T11:40:52.130+0000] {logging_mixin.py:190} INFO - [2024-09-03T11:40:52.130+0000] {dagbag.py:587} INFO - Filling up the DagBag from /home/airflow/.local/lib/python3.12/site-packages/airflow/example_dags/example_short_circuit_operator.py
[2024-09-03T11:40:52.144+0000] {processor.py:925} INFO - DAG(s) 'example_short_circuit_operator' retrieved from /home/airflow/.local/lib/python3.12/site-packages/airflow/example_dags/example_short_circuit_operator.py
[2024-09-03T11:40:52.195+0000] {logging_mixin.py:190} INFO - [2024-09-03T11:40:52.194+0000] {dag.py:3211} INFO - Sync 1 DAGs
[2024-09-03T11:40:52.248+0000] {logging_mixin.py:190} INFO - [2024-09-03T11:40:52.248+0000] {dag.py:4138} INFO - Setting next_dagrun for example_short_circuit_operator to 2024-09-02 00:00:00+00:00, run_after=2024-09-03 00:00:00+00:00
[2024-09-03T11:40:52.314+0000] {processor.py:208} INFO - Processing /home/airflow/.local/lib/python3.12/site-packages/airflow/example_dags/example_short_circuit_operator.py took 0.199 seconds
[2024-09-03T11:41:23.166+0000] {processor.py:186} INFO - Started process (PID=1803) to work on /home/airflow/.local/lib/python3.12/site-packages/airflow/example_dags/example_short_circuit_operator.py
[2024-09-03T11:41:23.171+0000] {processor.py:914} INFO - Processing file /home/airflow/.local/lib/python3.12/site-packages/airflow/example_dags/example_short_circuit_operator.py for tasks to queue
[2024-09-03T11:41:23.176+0000] {logging_mixin.py:190} INFO - [2024-09-03T11:41:23.176+0000] {dagbag.py:587} INFO - Filling up the DagBag from /home/airflow/.local/lib/python3.12/site-packages/airflow/example_dags/example_short_circuit_operator.py
[2024-09-03T11:41:23.207+0000] {processor.py:925} INFO - DAG(s) 'example_short_circuit_operator' retrieved from /home/airflow/.local/lib/python3.12/site-packages/airflow/example_dags/example_short_circuit_operator.py
[2024-09-03T11:41:23.268+0000] {logging_mixin.py:190} INFO - [2024-09-03T11:41:23.267+0000] {dag.py:3211} INFO - Sync 1 DAGs
[2024-09-03T11:41:23.344+0000] {logging_mixin.py:190} INFO - [2024-09-03T11:41:23.343+0000] {dag.py:4138} INFO - Setting next_dagrun for example_short_circuit_operator to 2024-09-02 00:00:00+00:00, run_after=2024-09-03 00:00:00+00:00
[2024-09-03T11:41:23.408+0000] {processor.py:208} INFO - Processing /home/airflow/.local/lib/python3.12/site-packages/airflow/example_dags/example_short_circuit_operator.py took 0.257 seconds
[2024-09-03T11:41:54.101+0000] {processor.py:186} INFO - Started process (PID=1866) to work on /home/airflow/.local/lib/python3.12/site-packages/airflow/example_dags/example_short_circuit_operator.py
[2024-09-03T11:41:54.103+0000] {processor.py:914} INFO - Processing file /home/airflow/.local/lib/python3.12/site-packages/airflow/example_dags/example_short_circuit_operator.py for tasks to queue
[2024-09-03T11:41:54.108+0000] {logging_mixin.py:190} INFO - [2024-09-03T11:41:54.107+0000] {dagbag.py:587} INFO - Filling up the DagBag from /home/airflow/.local/lib/python3.12/site-packages/airflow/example_dags/example_short_circuit_operator.py
[2024-09-03T11:41:54.126+0000] {processor.py:925} INFO - DAG(s) 'example_short_circuit_operator' retrieved from /home/airflow/.local/lib/python3.12/site-packages/airflow/example_dags/example_short_circuit_operator.py
[2024-09-03T11:41:54.169+0000] {logging_mixin.py:190} INFO - [2024-09-03T11:41:54.168+0000] {dag.py:3211} INFO - Sync 1 DAGs
[2024-09-03T11:41:54.225+0000] {logging_mixin.py:190} INFO - [2024-09-03T11:41:54.224+0000] {dag.py:4138} INFO - Setting next_dagrun for example_short_circuit_operator to 2024-09-02 00:00:00+00:00, run_after=2024-09-03 00:00:00+00:00
[2024-09-03T11:41:54.268+0000] {processor.py:208} INFO - Processing /home/airflow/.local/lib/python3.12/site-packages/airflow/example_dags/example_short_circuit_operator.py took 0.178 seconds
[2024-09-03T11:42:25.068+0000] {processor.py:186} INFO - Started process (PID=1929) to work on /home/airflow/.local/lib/python3.12/site-packages/airflow/example_dags/example_short_circuit_operator.py
[2024-09-03T11:42:25.070+0000] {processor.py:914} INFO - Processing file /home/airflow/.local/lib/python3.12/site-packages/airflow/example_dags/example_short_circuit_operator.py for tasks to queue
[2024-09-03T11:42:25.076+0000] {logging_mixin.py:190} INFO - [2024-09-03T11:42:25.075+0000] {dagbag.py:587} INFO - Filling up the DagBag from /home/airflow/.local/lib/python3.12/site-packages/airflow/example_dags/example_short_circuit_operator.py
[2024-09-03T11:42:25.098+0000] {processor.py:925} INFO - DAG(s) 'example_short_circuit_operator' retrieved from /home/airflow/.local/lib/python3.12/site-packages/airflow/example_dags/example_short_circuit_operator.py
[2024-09-03T11:42:25.161+0000] {logging_mixin.py:190} INFO - [2024-09-03T11:42:25.160+0000] {dag.py:3211} INFO - Sync 1 DAGs
[2024-09-03T11:42:25.230+0000] {logging_mixin.py:190} INFO - [2024-09-03T11:42:25.230+0000] {dag.py:4138} INFO - Setting next_dagrun for example_short_circuit_operator to 2024-09-02 00:00:00+00:00, run_after=2024-09-03 00:00:00+00:00
[2024-09-03T11:42:25.288+0000] {processor.py:208} INFO - Processing /home/airflow/.local/lib/python3.12/site-packages/airflow/example_dags/example_short_circuit_operator.py took 0.235 seconds
[2024-09-03T11:42:55.792+0000] {processor.py:186} INFO - Started process (PID=1991) to work on /home/airflow/.local/lib/python3.12/site-packages/airflow/example_dags/example_short_circuit_operator.py
[2024-09-03T11:42:55.794+0000] {processor.py:914} INFO - Processing file /home/airflow/.local/lib/python3.12/site-packages/airflow/example_dags/example_short_circuit_operator.py for tasks to queue
[2024-09-03T11:42:55.800+0000] {logging_mixin.py:190} INFO - [2024-09-03T11:42:55.799+0000] {dagbag.py:587} INFO - Filling up the DagBag from /home/airflow/.local/lib/python3.12/site-packages/airflow/example_dags/example_short_circuit_operator.py
[2024-09-03T11:42:55.819+0000] {processor.py:925} INFO - DAG(s) 'example_short_circuit_operator' retrieved from /home/airflow/.local/lib/python3.12/site-packages/airflow/example_dags/example_short_circuit_operator.py
[2024-09-03T11:42:55.865+0000] {logging_mixin.py:190} INFO - [2024-09-03T11:42:55.864+0000] {dag.py:3211} INFO - Sync 1 DAGs
[2024-09-03T11:42:55.906+0000] {logging_mixin.py:190} INFO - [2024-09-03T11:42:55.906+0000] {dag.py:4138} INFO - Setting next_dagrun for example_short_circuit_operator to 2024-09-02 00:00:00+00:00, run_after=2024-09-03 00:00:00+00:00
[2024-09-03T11:42:55.942+0000] {processor.py:208} INFO - Processing /home/airflow/.local/lib/python3.12/site-packages/airflow/example_dags/example_short_circuit_operator.py took 0.160 seconds
[2024-09-03T11:43:26.223+0000] {processor.py:186} INFO - Started process (PID=2054) to work on /home/airflow/.local/lib/python3.12/site-packages/airflow/example_dags/example_short_circuit_operator.py
[2024-09-03T11:43:26.224+0000] {processor.py:914} INFO - Processing file /home/airflow/.local/lib/python3.12/site-packages/airflow/example_dags/example_short_circuit_operator.py for tasks to queue
[2024-09-03T11:43:26.229+0000] {logging_mixin.py:190} INFO - [2024-09-03T11:43:26.228+0000] {dagbag.py:587} INFO - Filling up the DagBag from /home/airflow/.local/lib/python3.12/site-packages/airflow/example_dags/example_short_circuit_operator.py
[2024-09-03T11:43:26.245+0000] {processor.py:925} INFO - DAG(s) 'example_short_circuit_operator' retrieved from /home/airflow/.local/lib/python3.12/site-packages/airflow/example_dags/example_short_circuit_operator.py
[2024-09-03T11:43:26.285+0000] {logging_mixin.py:190} INFO - [2024-09-03T11:43:26.285+0000] {dag.py:3211} INFO - Sync 1 DAGs
[2024-09-03T11:43:26.328+0000] {logging_mixin.py:190} INFO - [2024-09-03T11:43:26.328+0000] {dag.py:4138} INFO - Setting next_dagrun for example_short_circuit_operator to 2024-09-02 00:00:00+00:00, run_after=2024-09-03 00:00:00+00:00
[2024-09-03T11:43:26.372+0000] {processor.py:208} INFO - Processing /home/airflow/.local/lib/python3.12/site-packages/airflow/example_dags/example_short_circuit_operator.py took 0.159 seconds
[2024-09-03T11:43:56.524+0000] {processor.py:186} INFO - Started process (PID=2117) to work on /home/airflow/.local/lib/python3.12/site-packages/airflow/example_dags/example_short_circuit_operator.py
[2024-09-03T11:43:56.525+0000] {processor.py:914} INFO - Processing file /home/airflow/.local/lib/python3.12/site-packages/airflow/example_dags/example_short_circuit_operator.py for tasks to queue
[2024-09-03T11:43:56.528+0000] {logging_mixin.py:190} INFO - [2024-09-03T11:43:56.527+0000] {dagbag.py:587} INFO - Filling up the DagBag from /home/airflow/.local/lib/python3.12/site-packages/airflow/example_dags/example_short_circuit_operator.py
[2024-09-03T11:43:56.540+0000] {processor.py:925} INFO - DAG(s) 'example_short_circuit_operator' retrieved from /home/airflow/.local/lib/python3.12/site-packages/airflow/example_dags/example_short_circuit_operator.py
[2024-09-03T11:43:56.574+0000] {logging_mixin.py:190} INFO - [2024-09-03T11:43:56.574+0000] {dag.py:3211} INFO - Sync 1 DAGs
[2024-09-03T11:43:56.605+0000] {logging_mixin.py:190} INFO - [2024-09-03T11:43:56.605+0000] {dag.py:4138} INFO - Setting next_dagrun for example_short_circuit_operator to 2024-09-02 00:00:00+00:00, run_after=2024-09-03 00:00:00+00:00
[2024-09-03T11:43:56.633+0000] {processor.py:208} INFO - Processing /home/airflow/.local/lib/python3.12/site-packages/airflow/example_dags/example_short_circuit_operator.py took 0.115 seconds
[2024-09-03T11:44:26.695+0000] {processor.py:186} INFO - Started process (PID=2180) to work on /home/airflow/.local/lib/python3.12/site-packages/airflow/example_dags/example_short_circuit_operator.py
[2024-09-03T11:44:26.696+0000] {processor.py:914} INFO - Processing file /home/airflow/.local/lib/python3.12/site-packages/airflow/example_dags/example_short_circuit_operator.py for tasks to queue
[2024-09-03T11:44:26.699+0000] {logging_mixin.py:190} INFO - [2024-09-03T11:44:26.699+0000] {dagbag.py:587} INFO - Filling up the DagBag from /home/airflow/.local/lib/python3.12/site-packages/airflow/example_dags/example_short_circuit_operator.py
[2024-09-03T11:44:26.709+0000] {processor.py:925} INFO - DAG(s) 'example_short_circuit_operator' retrieved from /home/airflow/.local/lib/python3.12/site-packages/airflow/example_dags/example_short_circuit_operator.py
[2024-09-03T11:44:26.735+0000] {logging_mixin.py:190} INFO - [2024-09-03T11:44:26.735+0000] {dag.py:3211} INFO - Sync 1 DAGs
[2024-09-03T11:44:26.758+0000] {logging_mixin.py:190} INFO - [2024-09-03T11:44:26.758+0000] {dag.py:4138} INFO - Setting next_dagrun for example_short_circuit_operator to 2024-09-02 00:00:00+00:00, run_after=2024-09-03 00:00:00+00:00
[2024-09-03T11:44:26.782+0000] {processor.py:208} INFO - Processing /home/airflow/.local/lib/python3.12/site-packages/airflow/example_dags/example_short_circuit_operator.py took 0.093 seconds
[2024-09-03T11:44:56.970+0000] {processor.py:186} INFO - Started process (PID=2243) to work on /home/airflow/.local/lib/python3.12/site-packages/airflow/example_dags/example_short_circuit_operator.py
[2024-09-03T11:44:56.971+0000] {processor.py:914} INFO - Processing file /home/airflow/.local/lib/python3.12/site-packages/airflow/example_dags/example_short_circuit_operator.py for tasks to queue
[2024-09-03T11:44:56.974+0000] {logging_mixin.py:190} INFO - [2024-09-03T11:44:56.974+0000] {dagbag.py:587} INFO - Filling up the DagBag from /home/airflow/.local/lib/python3.12/site-packages/airflow/example_dags/example_short_circuit_operator.py
[2024-09-03T11:44:56.983+0000] {processor.py:925} INFO - DAG(s) 'example_short_circuit_operator' retrieved from /home/airflow/.local/lib/python3.12/site-packages/airflow/example_dags/example_short_circuit_operator.py
[2024-09-03T11:44:57.011+0000] {logging_mixin.py:190} INFO - [2024-09-03T11:44:57.010+0000] {dag.py:3211} INFO - Sync 1 DAGs
[2024-09-03T11:44:57.038+0000] {logging_mixin.py:190} INFO - [2024-09-03T11:44:57.038+0000] {dag.py:4138} INFO - Setting next_dagrun for example_short_circuit_operator to 2024-09-02 00:00:00+00:00, run_after=2024-09-03 00:00:00+00:00
[2024-09-03T11:44:57.066+0000] {processor.py:208} INFO - Processing /home/airflow/.local/lib/python3.12/site-packages/airflow/example_dags/example_short_circuit_operator.py took 0.102 seconds
[2024-09-03T11:45:27.222+0000] {processor.py:186} INFO - Started process (PID=2306) to work on /home/airflow/.local/lib/python3.12/site-packages/airflow/example_dags/example_short_circuit_operator.py
[2024-09-03T11:45:27.223+0000] {processor.py:914} INFO - Processing file /home/airflow/.local/lib/python3.12/site-packages/airflow/example_dags/example_short_circuit_operator.py for tasks to queue
[2024-09-03T11:45:27.226+0000] {logging_mixin.py:190} INFO - [2024-09-03T11:45:27.225+0000] {dagbag.py:587} INFO - Filling up the DagBag from /home/airflow/.local/lib/python3.12/site-packages/airflow/example_dags/example_short_circuit_operator.py
[2024-09-03T11:45:27.235+0000] {processor.py:925} INFO - DAG(s) 'example_short_circuit_operator' retrieved from /home/airflow/.local/lib/python3.12/site-packages/airflow/example_dags/example_short_circuit_operator.py
[2024-09-03T11:45:27.262+0000] {logging_mixin.py:190} INFO - [2024-09-03T11:45:27.261+0000] {dag.py:3211} INFO - Sync 1 DAGs
[2024-09-03T11:45:27.287+0000] {logging_mixin.py:190} INFO - [2024-09-03T11:45:27.287+0000] {dag.py:4138} INFO - Setting next_dagrun for example_short_circuit_operator to 2024-09-02 00:00:00+00:00, run_after=2024-09-03 00:00:00+00:00
[2024-09-03T11:45:27.310+0000] {processor.py:208} INFO - Processing /home/airflow/.local/lib/python3.12/site-packages/airflow/example_dags/example_short_circuit_operator.py took 0.094 seconds
[2024-09-03T11:45:57.821+0000] {processor.py:186} INFO - Started process (PID=2369) to work on /home/airflow/.local/lib/python3.12/site-packages/airflow/example_dags/example_short_circuit_operator.py
[2024-09-03T11:45:57.822+0000] {processor.py:914} INFO - Processing file /home/airflow/.local/lib/python3.12/site-packages/airflow/example_dags/example_short_circuit_operator.py for tasks to queue
[2024-09-03T11:45:57.826+0000] {logging_mixin.py:190} INFO - [2024-09-03T11:45:57.825+0000] {dagbag.py:587} INFO - Filling up the DagBag from /home/airflow/.local/lib/python3.12/site-packages/airflow/example_dags/example_short_circuit_operator.py
[2024-09-03T11:45:57.837+0000] {processor.py:925} INFO - DAG(s) 'example_short_circuit_operator' retrieved from /home/airflow/.local/lib/python3.12/site-packages/airflow/example_dags/example_short_circuit_operator.py
[2024-09-03T11:45:57.868+0000] {logging_mixin.py:190} INFO - [2024-09-03T11:45:57.867+0000] {dag.py:3211} INFO - Sync 1 DAGs
[2024-09-03T11:45:57.894+0000] {logging_mixin.py:190} INFO - [2024-09-03T11:45:57.893+0000] {dag.py:4138} INFO - Setting next_dagrun for example_short_circuit_operator to 2024-09-02 00:00:00+00:00, run_after=2024-09-03 00:00:00+00:00
[2024-09-03T11:45:57.917+0000] {processor.py:208} INFO - Processing /home/airflow/.local/lib/python3.12/site-packages/airflow/example_dags/example_short_circuit_operator.py took 0.101 seconds
[2024-09-03T11:46:28.161+0000] {processor.py:186} INFO - Started process (PID=2432) to work on /home/airflow/.local/lib/python3.12/site-packages/airflow/example_dags/example_short_circuit_operator.py
[2024-09-03T11:46:28.162+0000] {processor.py:914} INFO - Processing file /home/airflow/.local/lib/python3.12/site-packages/airflow/example_dags/example_short_circuit_operator.py for tasks to queue
[2024-09-03T11:46:28.166+0000] {logging_mixin.py:190} INFO - [2024-09-03T11:46:28.165+0000] {dagbag.py:587} INFO - Filling up the DagBag from /home/airflow/.local/lib/python3.12/site-packages/airflow/example_dags/example_short_circuit_operator.py
[2024-09-03T11:46:28.179+0000] {processor.py:925} INFO - DAG(s) 'example_short_circuit_operator' retrieved from /home/airflow/.local/lib/python3.12/site-packages/airflow/example_dags/example_short_circuit_operator.py
[2024-09-03T11:46:28.210+0000] {logging_mixin.py:190} INFO - [2024-09-03T11:46:28.210+0000] {dag.py:3211} INFO - Sync 1 DAGs
[2024-09-03T11:46:28.248+0000] {logging_mixin.py:190} INFO - [2024-09-03T11:46:28.248+0000] {dag.py:4138} INFO - Setting next_dagrun for example_short_circuit_operator to 2024-09-02 00:00:00+00:00, run_after=2024-09-03 00:00:00+00:00
[2024-09-03T11:46:28.279+0000] {processor.py:208} INFO - Processing /home/airflow/.local/lib/python3.12/site-packages/airflow/example_dags/example_short_circuit_operator.py took 0.125 seconds
[2024-09-03T11:46:58.794+0000] {processor.py:186} INFO - Started process (PID=2496) to work on /home/airflow/.local/lib/python3.12/site-packages/airflow/example_dags/example_short_circuit_operator.py
[2024-09-03T11:46:58.796+0000] {processor.py:914} INFO - Processing file /home/airflow/.local/lib/python3.12/site-packages/airflow/example_dags/example_short_circuit_operator.py for tasks to queue
[2024-09-03T11:46:58.801+0000] {logging_mixin.py:190} INFO - [2024-09-03T11:46:58.800+0000] {dagbag.py:587} INFO - Filling up the DagBag from /home/airflow/.local/lib/python3.12/site-packages/airflow/example_dags/example_short_circuit_operator.py
[2024-09-03T11:46:58.816+0000] {processor.py:925} INFO - DAG(s) 'example_short_circuit_operator' retrieved from /home/airflow/.local/lib/python3.12/site-packages/airflow/example_dags/example_short_circuit_operator.py
[2024-09-03T11:46:58.870+0000] {logging_mixin.py:190} INFO - [2024-09-03T11:46:58.870+0000] {dag.py:3211} INFO - Sync 1 DAGs
[2024-09-03T11:46:58.926+0000] {logging_mixin.py:190} INFO - [2024-09-03T11:46:58.925+0000] {dag.py:4138} INFO - Setting next_dagrun for example_short_circuit_operator to 2024-09-02 00:00:00+00:00, run_after=2024-09-03 00:00:00+00:00
[2024-09-03T11:46:58.974+0000] {processor.py:208} INFO - Processing /home/airflow/.local/lib/python3.12/site-packages/airflow/example_dags/example_short_circuit_operator.py took 0.189 seconds
[2024-09-03T11:47:29.508+0000] {processor.py:186} INFO - Started process (PID=2559) to work on /home/airflow/.local/lib/python3.12/site-packages/airflow/example_dags/example_short_circuit_operator.py
[2024-09-03T11:47:29.510+0000] {processor.py:914} INFO - Processing file /home/airflow/.local/lib/python3.12/site-packages/airflow/example_dags/example_short_circuit_operator.py for tasks to queue
[2024-09-03T11:47:29.515+0000] {logging_mixin.py:190} INFO - [2024-09-03T11:47:29.514+0000] {dagbag.py:587} INFO - Filling up the DagBag from /home/airflow/.local/lib/python3.12/site-packages/airflow/example_dags/example_short_circuit_operator.py
[2024-09-03T11:47:29.545+0000] {processor.py:925} INFO - DAG(s) 'example_short_circuit_operator' retrieved from /home/airflow/.local/lib/python3.12/site-packages/airflow/example_dags/example_short_circuit_operator.py
[2024-09-03T11:47:29.607+0000] {logging_mixin.py:190} INFO - [2024-09-03T11:47:29.607+0000] {dag.py:3211} INFO - Sync 1 DAGs
[2024-09-03T11:47:29.677+0000] {logging_mixin.py:190} INFO - [2024-09-03T11:47:29.677+0000] {dag.py:4138} INFO - Setting next_dagrun for example_short_circuit_operator to 2024-09-02 00:00:00+00:00, run_after=2024-09-03 00:00:00+00:00
[2024-09-03T11:47:29.728+0000] {processor.py:208} INFO - Processing /home/airflow/.local/lib/python3.12/site-packages/airflow/example_dags/example_short_circuit_operator.py took 0.232 seconds
[2024-09-03T11:48:00.352+0000] {processor.py:186} INFO - Started process (PID=2622) to work on /home/airflow/.local/lib/python3.12/site-packages/airflow/example_dags/example_short_circuit_operator.py
[2024-09-03T11:48:00.354+0000] {processor.py:914} INFO - Processing file /home/airflow/.local/lib/python3.12/site-packages/airflow/example_dags/example_short_circuit_operator.py for tasks to queue
[2024-09-03T11:48:00.358+0000] {logging_mixin.py:190} INFO - [2024-09-03T11:48:00.358+0000] {dagbag.py:587} INFO - Filling up the DagBag from /home/airflow/.local/lib/python3.12/site-packages/airflow/example_dags/example_short_circuit_operator.py
[2024-09-03T11:48:00.375+0000] {processor.py:925} INFO - DAG(s) 'example_short_circuit_operator' retrieved from /home/airflow/.local/lib/python3.12/site-packages/airflow/example_dags/example_short_circuit_operator.py
[2024-09-03T11:48:00.421+0000] {logging_mixin.py:190} INFO - [2024-09-03T11:48:00.420+0000] {dag.py:3211} INFO - Sync 1 DAGs
[2024-09-03T11:48:00.472+0000] {logging_mixin.py:190} INFO - [2024-09-03T11:48:00.472+0000] {dag.py:4138} INFO - Setting next_dagrun for example_short_circuit_operator to 2024-09-02 00:00:00+00:00, run_after=2024-09-03 00:00:00+00:00
[2024-09-03T11:48:00.513+0000] {processor.py:208} INFO - Processing /home/airflow/.local/lib/python3.12/site-packages/airflow/example_dags/example_short_circuit_operator.py took 0.170 seconds
[2024-09-03T11:48:31.308+0000] {processor.py:186} INFO - Started process (PID=2685) to work on /home/airflow/.local/lib/python3.12/site-packages/airflow/example_dags/example_short_circuit_operator.py
[2024-09-03T11:48:31.309+0000] {processor.py:914} INFO - Processing file /home/airflow/.local/lib/python3.12/site-packages/airflow/example_dags/example_short_circuit_operator.py for tasks to queue
[2024-09-03T11:48:31.313+0000] {logging_mixin.py:190} INFO - [2024-09-03T11:48:31.312+0000] {dagbag.py:587} INFO - Filling up the DagBag from /home/airflow/.local/lib/python3.12/site-packages/airflow/example_dags/example_short_circuit_operator.py
[2024-09-03T11:48:31.330+0000] {processor.py:925} INFO - DAG(s) 'example_short_circuit_operator' retrieved from /home/airflow/.local/lib/python3.12/site-packages/airflow/example_dags/example_short_circuit_operator.py
[2024-09-03T11:48:31.366+0000] {logging_mixin.py:190} INFO - [2024-09-03T11:48:31.366+0000] {dag.py:3211} INFO - Sync 1 DAGs
[2024-09-03T11:48:31.411+0000] {logging_mixin.py:190} INFO - [2024-09-03T11:48:31.410+0000] {dag.py:4138} INFO - Setting next_dagrun for example_short_circuit_operator to 2024-09-02 00:00:00+00:00, run_after=2024-09-03 00:00:00+00:00
[2024-09-03T11:48:31.450+0000] {processor.py:208} INFO - Processing /home/airflow/.local/lib/python3.12/site-packages/airflow/example_dags/example_short_circuit_operator.py took 0.150 seconds
[2024-09-03T11:49:01.836+0000] {processor.py:186} INFO - Started process (PID=2748) to work on /home/airflow/.local/lib/python3.12/site-packages/airflow/example_dags/example_short_circuit_operator.py
[2024-09-03T11:49:01.842+0000] {processor.py:914} INFO - Processing file /home/airflow/.local/lib/python3.12/site-packages/airflow/example_dags/example_short_circuit_operator.py for tasks to queue
[2024-09-03T11:49:01.847+0000] {logging_mixin.py:190} INFO - [2024-09-03T11:49:01.846+0000] {dagbag.py:587} INFO - Filling up the DagBag from /home/airflow/.local/lib/python3.12/site-packages/airflow/example_dags/example_short_circuit_operator.py
[2024-09-03T11:49:01.880+0000] {processor.py:925} INFO - DAG(s) 'example_short_circuit_operator' retrieved from /home/airflow/.local/lib/python3.12/site-packages/airflow/example_dags/example_short_circuit_operator.py
[2024-09-03T11:49:01.957+0000] {logging_mixin.py:190} INFO - [2024-09-03T11:49:01.956+0000] {dag.py:3211} INFO - Sync 1 DAGs
[2024-09-03T11:49:02.049+0000] {logging_mixin.py:190} INFO - [2024-09-03T11:49:02.048+0000] {dag.py:4138} INFO - Setting next_dagrun for example_short_circuit_operator to 2024-09-02 00:00:00+00:00, run_after=2024-09-03 00:00:00+00:00
[2024-09-03T11:49:02.117+0000] {processor.py:208} INFO - Processing /home/airflow/.local/lib/python3.12/site-packages/airflow/example_dags/example_short_circuit_operator.py took 0.300 seconds
[2024-09-03T11:49:33.145+0000] {processor.py:186} INFO - Started process (PID=2817) to work on /home/airflow/.local/lib/python3.12/site-packages/airflow/example_dags/example_short_circuit_operator.py
[2024-09-03T11:49:33.148+0000] {processor.py:914} INFO - Processing file /home/airflow/.local/lib/python3.12/site-packages/airflow/example_dags/example_short_circuit_operator.py for tasks to queue
[2024-09-03T11:49:33.152+0000] {logging_mixin.py:190} INFO - [2024-09-03T11:49:33.151+0000] {dagbag.py:587} INFO - Filling up the DagBag from /home/airflow/.local/lib/python3.12/site-packages/airflow/example_dags/example_short_circuit_operator.py
[2024-09-03T11:49:33.176+0000] {processor.py:925} INFO - DAG(s) 'example_short_circuit_operator' retrieved from /home/airflow/.local/lib/python3.12/site-packages/airflow/example_dags/example_short_circuit_operator.py
[2024-09-03T11:49:33.243+0000] {logging_mixin.py:190} INFO - [2024-09-03T11:49:33.243+0000] {dag.py:3211} INFO - Sync 1 DAGs
[2024-09-03T11:49:33.319+0000] {logging_mixin.py:190} INFO - [2024-09-03T11:49:33.319+0000] {dag.py:4138} INFO - Setting next_dagrun for example_short_circuit_operator to 2024-09-02 00:00:00+00:00, run_after=2024-09-03 00:00:00+00:00
[2024-09-03T11:49:33.401+0000] {processor.py:208} INFO - Processing /home/airflow/.local/lib/python3.12/site-packages/airflow/example_dags/example_short_circuit_operator.py took 0.267 seconds
[2024-09-03T11:50:04.467+0000] {processor.py:186} INFO - Started process (PID=2879) to work on /home/airflow/.local/lib/python3.12/site-packages/airflow/example_dags/example_short_circuit_operator.py
[2024-09-03T11:50:04.470+0000] {processor.py:914} INFO - Processing file /home/airflow/.local/lib/python3.12/site-packages/airflow/example_dags/example_short_circuit_operator.py for tasks to queue
[2024-09-03T11:50:04.477+0000] {logging_mixin.py:190} INFO - [2024-09-03T11:50:04.476+0000] {dagbag.py:587} INFO - Filling up the DagBag from /home/airflow/.local/lib/python3.12/site-packages/airflow/example_dags/example_short_circuit_operator.py
[2024-09-03T11:50:04.507+0000] {processor.py:925} INFO - DAG(s) 'example_short_circuit_operator' retrieved from /home/airflow/.local/lib/python3.12/site-packages/airflow/example_dags/example_short_circuit_operator.py
[2024-09-03T11:50:04.557+0000] {logging_mixin.py:190} INFO - [2024-09-03T11:50:04.556+0000] {dag.py:3211} INFO - Sync 1 DAGs
[2024-09-03T11:50:04.611+0000] {logging_mixin.py:190} INFO - [2024-09-03T11:50:04.610+0000] {dag.py:4138} INFO - Setting next_dagrun for example_short_circuit_operator to 2024-09-02 00:00:00+00:00, run_after=2024-09-03 00:00:00+00:00
[2024-09-03T11:50:04.671+0000] {processor.py:208} INFO - Processing /home/airflow/.local/lib/python3.12/site-packages/airflow/example_dags/example_short_circuit_operator.py took 0.217 seconds
