[2024-09-03T11:27:35.413+0000] {processor.py:186} INFO - Started process (PID=103) to work on /home/airflow/.local/lib/python3.12/site-packages/airflow/example_dags/example_python_operator.py
[2024-09-03T11:27:35.414+0000] {processor.py:914} INFO - Processing file /home/airflow/.local/lib/python3.12/site-packages/airflow/example_dags/example_python_operator.py for tasks to queue
[2024-09-03T11:27:35.418+0000] {logging_mixin.py:190} INFO - [2024-09-03T11:27:35.417+0000] {dagbag.py:587} INFO - Filling up the DagBag from /home/airflow/.local/lib/python3.12/site-packages/airflow/example_dags/example_python_operator.py
[2024-09-03T11:27:35.429+0000] {processor.py:925} INFO - DAG(s) 'example_python_operator' retrieved from /home/airflow/.local/lib/python3.12/site-packages/airflow/example_dags/example_python_operator.py
[2024-09-03T11:27:35.593+0000] {logging_mixin.py:190} INFO - [2024-09-03T11:27:35.593+0000] {dag.py:3211} INFO - Sync 1 DAGs
[2024-09-03T11:27:35.608+0000] {logging_mixin.py:190} INFO - [2024-09-03T11:27:35.608+0000] {dag.py:4138} INFO - Setting next_dagrun for example_python_operator to None, run_after=None
[2024-09-03T11:27:35.633+0000] {processor.py:208} INFO - Processing /home/airflow/.local/lib/python3.12/site-packages/airflow/example_dags/example_python_operator.py took 0.225 seconds
[2024-09-03T11:28:05.958+0000] {processor.py:186} INFO - Started process (PID=170) to work on /home/airflow/.local/lib/python3.12/site-packages/airflow/example_dags/example_python_operator.py
[2024-09-03T11:28:05.959+0000] {processor.py:914} INFO - Processing file /home/airflow/.local/lib/python3.12/site-packages/airflow/example_dags/example_python_operator.py for tasks to queue
[2024-09-03T11:28:05.963+0000] {logging_mixin.py:190} INFO - [2024-09-03T11:28:05.962+0000] {dagbag.py:587} INFO - Filling up the DagBag from /home/airflow/.local/lib/python3.12/site-packages/airflow/example_dags/example_python_operator.py
[2024-09-03T11:28:05.975+0000] {processor.py:925} INFO - DAG(s) 'example_python_operator' retrieved from /home/airflow/.local/lib/python3.12/site-packages/airflow/example_dags/example_python_operator.py
[2024-09-03T11:28:06.007+0000] {logging_mixin.py:190} INFO - [2024-09-03T11:28:06.007+0000] {dag.py:3211} INFO - Sync 1 DAGs
[2024-09-03T11:28:06.027+0000] {logging_mixin.py:190} INFO - [2024-09-03T11:28:06.027+0000] {dag.py:4138} INFO - Setting next_dagrun for example_python_operator to None, run_after=None
[2024-09-03T11:28:06.055+0000] {processor.py:208} INFO - Processing /home/airflow/.local/lib/python3.12/site-packages/airflow/example_dags/example_python_operator.py took 0.103 seconds
[2024-09-03T11:28:36.255+0000] {processor.py:186} INFO - Started process (PID=237) to work on /home/airflow/.local/lib/python3.12/site-packages/airflow/example_dags/example_python_operator.py
[2024-09-03T11:28:36.256+0000] {processor.py:914} INFO - Processing file /home/airflow/.local/lib/python3.12/site-packages/airflow/example_dags/example_python_operator.py for tasks to queue
[2024-09-03T11:28:36.260+0000] {logging_mixin.py:190} INFO - [2024-09-03T11:28:36.259+0000] {dagbag.py:587} INFO - Filling up the DagBag from /home/airflow/.local/lib/python3.12/site-packages/airflow/example_dags/example_python_operator.py
[2024-09-03T11:28:36.272+0000] {processor.py:925} INFO - DAG(s) 'example_python_operator' retrieved from /home/airflow/.local/lib/python3.12/site-packages/airflow/example_dags/example_python_operator.py
[2024-09-03T11:28:36.299+0000] {logging_mixin.py:190} INFO - [2024-09-03T11:28:36.299+0000] {dag.py:3211} INFO - Sync 1 DAGs
[2024-09-03T11:28:36.314+0000] {logging_mixin.py:190} INFO - [2024-09-03T11:28:36.314+0000] {dag.py:4138} INFO - Setting next_dagrun for example_python_operator to None, run_after=None
[2024-09-03T11:28:36.338+0000] {processor.py:208} INFO - Processing /home/airflow/.local/lib/python3.12/site-packages/airflow/example_dags/example_python_operator.py took 0.088 seconds
[2024-09-03T11:29:07.659+0000] {processor.py:186} INFO - Started process (PID=300) to work on /home/airflow/.local/lib/python3.12/site-packages/airflow/example_dags/example_python_operator.py
[2024-09-03T11:29:07.661+0000] {processor.py:914} INFO - Processing file /home/airflow/.local/lib/python3.12/site-packages/airflow/example_dags/example_python_operator.py for tasks to queue
[2024-09-03T11:29:07.665+0000] {logging_mixin.py:190} INFO - [2024-09-03T11:29:07.664+0000] {dagbag.py:587} INFO - Filling up the DagBag from /home/airflow/.local/lib/python3.12/site-packages/airflow/example_dags/example_python_operator.py
[2024-09-03T11:29:07.687+0000] {processor.py:925} INFO - DAG(s) 'example_python_operator' retrieved from /home/airflow/.local/lib/python3.12/site-packages/airflow/example_dags/example_python_operator.py
[2024-09-03T11:29:07.727+0000] {logging_mixin.py:190} INFO - [2024-09-03T11:29:07.727+0000] {dag.py:3211} INFO - Sync 1 DAGs
[2024-09-03T11:29:07.753+0000] {logging_mixin.py:190} INFO - [2024-09-03T11:29:07.752+0000] {dag.py:4138} INFO - Setting next_dagrun for example_python_operator to None, run_after=None
[2024-09-03T11:29:07.794+0000] {processor.py:208} INFO - Processing /home/airflow/.local/lib/python3.12/site-packages/airflow/example_dags/example_python_operator.py took 0.144 seconds
[2024-09-03T11:29:39.878+0000] {processor.py:186} INFO - Started process (PID=363) to work on /home/airflow/.local/lib/python3.12/site-packages/airflow/example_dags/example_python_operator.py
[2024-09-03T11:29:39.879+0000] {processor.py:914} INFO - Processing file /home/airflow/.local/lib/python3.12/site-packages/airflow/example_dags/example_python_operator.py for tasks to queue
[2024-09-03T11:29:39.883+0000] {logging_mixin.py:190} INFO - [2024-09-03T11:29:39.882+0000] {dagbag.py:587} INFO - Filling up the DagBag from /home/airflow/.local/lib/python3.12/site-packages/airflow/example_dags/example_python_operator.py
[2024-09-03T11:29:39.903+0000] {processor.py:925} INFO - DAG(s) 'example_python_operator' retrieved from /home/airflow/.local/lib/python3.12/site-packages/airflow/example_dags/example_python_operator.py
[2024-09-03T11:29:39.927+0000] {logging_mixin.py:190} INFO - [2024-09-03T11:29:39.927+0000] {dag.py:3211} INFO - Sync 1 DAGs
[2024-09-03T11:29:39.943+0000] {logging_mixin.py:190} INFO - [2024-09-03T11:29:39.943+0000] {dag.py:4138} INFO - Setting next_dagrun for example_python_operator to None, run_after=None
[2024-09-03T11:29:39.967+0000] {processor.py:208} INFO - Processing /home/airflow/.local/lib/python3.12/site-packages/airflow/example_dags/example_python_operator.py took 0.098 seconds
[2024-09-03T11:30:10.679+0000] {processor.py:186} INFO - Started process (PID=425) to work on /home/airflow/.local/lib/python3.12/site-packages/airflow/example_dags/example_python_operator.py
[2024-09-03T11:30:10.680+0000] {processor.py:914} INFO - Processing file /home/airflow/.local/lib/python3.12/site-packages/airflow/example_dags/example_python_operator.py for tasks to queue
[2024-09-03T11:30:10.685+0000] {logging_mixin.py:190} INFO - [2024-09-03T11:30:10.684+0000] {dagbag.py:587} INFO - Filling up the DagBag from /home/airflow/.local/lib/python3.12/site-packages/airflow/example_dags/example_python_operator.py
[2024-09-03T11:30:10.706+0000] {processor.py:925} INFO - DAG(s) 'example_python_operator' retrieved from /home/airflow/.local/lib/python3.12/site-packages/airflow/example_dags/example_python_operator.py
[2024-09-03T11:30:10.740+0000] {logging_mixin.py:190} INFO - [2024-09-03T11:30:10.740+0000] {dag.py:3211} INFO - Sync 1 DAGs
[2024-09-03T11:30:10.765+0000] {logging_mixin.py:190} INFO - [2024-09-03T11:30:10.765+0000] {dag.py:4138} INFO - Setting next_dagrun for example_python_operator to None, run_after=None
[2024-09-03T11:30:10.791+0000] {processor.py:208} INFO - Processing /home/airflow/.local/lib/python3.12/site-packages/airflow/example_dags/example_python_operator.py took 0.124 seconds
[2024-09-03T11:30:41.605+0000] {processor.py:186} INFO - Started process (PID=488) to work on /home/airflow/.local/lib/python3.12/site-packages/airflow/example_dags/example_python_operator.py
[2024-09-03T11:30:41.607+0000] {processor.py:914} INFO - Processing file /home/airflow/.local/lib/python3.12/site-packages/airflow/example_dags/example_python_operator.py for tasks to queue
[2024-09-03T11:30:41.610+0000] {logging_mixin.py:190} INFO - [2024-09-03T11:30:41.609+0000] {dagbag.py:587} INFO - Filling up the DagBag from /home/airflow/.local/lib/python3.12/site-packages/airflow/example_dags/example_python_operator.py
[2024-09-03T11:30:41.629+0000] {processor.py:925} INFO - DAG(s) 'example_python_operator' retrieved from /home/airflow/.local/lib/python3.12/site-packages/airflow/example_dags/example_python_operator.py
[2024-09-03T11:30:41.667+0000] {logging_mixin.py:190} INFO - [2024-09-03T11:30:41.666+0000] {dag.py:3211} INFO - Sync 1 DAGs
[2024-09-03T11:30:41.689+0000] {logging_mixin.py:190} INFO - [2024-09-03T11:30:41.688+0000] {dag.py:4138} INFO - Setting next_dagrun for example_python_operator to None, run_after=None
[2024-09-03T11:30:41.725+0000] {processor.py:208} INFO - Processing /home/airflow/.local/lib/python3.12/site-packages/airflow/example_dags/example_python_operator.py took 0.126 seconds
[2024-09-03T11:31:13.178+0000] {processor.py:186} INFO - Started process (PID=553) to work on /home/airflow/.local/lib/python3.12/site-packages/airflow/example_dags/example_python_operator.py
[2024-09-03T11:31:13.180+0000] {processor.py:914} INFO - Processing file /home/airflow/.local/lib/python3.12/site-packages/airflow/example_dags/example_python_operator.py for tasks to queue
[2024-09-03T11:31:13.184+0000] {logging_mixin.py:190} INFO - [2024-09-03T11:31:13.183+0000] {dagbag.py:587} INFO - Filling up the DagBag from /home/airflow/.local/lib/python3.12/site-packages/airflow/example_dags/example_python_operator.py
[2024-09-03T11:31:13.203+0000] {processor.py:925} INFO - DAG(s) 'example_python_operator' retrieved from /home/airflow/.local/lib/python3.12/site-packages/airflow/example_dags/example_python_operator.py
[2024-09-03T11:31:13.237+0000] {logging_mixin.py:190} INFO - [2024-09-03T11:31:13.237+0000] {dag.py:3211} INFO - Sync 1 DAGs
[2024-09-03T11:31:13.254+0000] {logging_mixin.py:190} INFO - [2024-09-03T11:31:13.253+0000] {dag.py:4138} INFO - Setting next_dagrun for example_python_operator to None, run_after=None
[2024-09-03T11:31:13.282+0000] {processor.py:208} INFO - Processing /home/airflow/.local/lib/python3.12/site-packages/airflow/example_dags/example_python_operator.py took 0.113 seconds
[2024-09-03T11:31:44.363+0000] {processor.py:186} INFO - Started process (PID=616) to work on /home/airflow/.local/lib/python3.12/site-packages/airflow/example_dags/example_python_operator.py
[2024-09-03T11:31:44.364+0000] {processor.py:914} INFO - Processing file /home/airflow/.local/lib/python3.12/site-packages/airflow/example_dags/example_python_operator.py for tasks to queue
[2024-09-03T11:31:44.367+0000] {logging_mixin.py:190} INFO - [2024-09-03T11:31:44.367+0000] {dagbag.py:587} INFO - Filling up the DagBag from /home/airflow/.local/lib/python3.12/site-packages/airflow/example_dags/example_python_operator.py
[2024-09-03T11:31:44.384+0000] {processor.py:925} INFO - DAG(s) 'example_python_operator' retrieved from /home/airflow/.local/lib/python3.12/site-packages/airflow/example_dags/example_python_operator.py
[2024-09-03T11:31:44.411+0000] {logging_mixin.py:190} INFO - [2024-09-03T11:31:44.410+0000] {dag.py:3211} INFO - Sync 1 DAGs
[2024-09-03T11:31:44.425+0000] {logging_mixin.py:190} INFO - [2024-09-03T11:31:44.425+0000] {dag.py:4138} INFO - Setting next_dagrun for example_python_operator to None, run_after=None
[2024-09-03T11:31:44.451+0000] {processor.py:208} INFO - Processing /home/airflow/.local/lib/python3.12/site-packages/airflow/example_dags/example_python_operator.py took 0.095 seconds
[2024-09-03T11:32:15.307+0000] {processor.py:186} INFO - Started process (PID=679) to work on /home/airflow/.local/lib/python3.12/site-packages/airflow/example_dags/example_python_operator.py
[2024-09-03T11:32:15.309+0000] {processor.py:914} INFO - Processing file /home/airflow/.local/lib/python3.12/site-packages/airflow/example_dags/example_python_operator.py for tasks to queue
[2024-09-03T11:32:15.312+0000] {logging_mixin.py:190} INFO - [2024-09-03T11:32:15.312+0000] {dagbag.py:587} INFO - Filling up the DagBag from /home/airflow/.local/lib/python3.12/site-packages/airflow/example_dags/example_python_operator.py
[2024-09-03T11:32:15.335+0000] {processor.py:925} INFO - DAG(s) 'example_python_operator' retrieved from /home/airflow/.local/lib/python3.12/site-packages/airflow/example_dags/example_python_operator.py
[2024-09-03T11:32:15.373+0000] {logging_mixin.py:190} INFO - [2024-09-03T11:32:15.373+0000] {dag.py:3211} INFO - Sync 1 DAGs
[2024-09-03T11:32:15.400+0000] {logging_mixin.py:190} INFO - [2024-09-03T11:32:15.399+0000] {dag.py:4138} INFO - Setting next_dagrun for example_python_operator to None, run_after=None
[2024-09-03T11:32:15.438+0000] {processor.py:208} INFO - Processing /home/airflow/.local/lib/python3.12/site-packages/airflow/example_dags/example_python_operator.py took 0.138 seconds
[2024-09-03T11:32:46.454+0000] {processor.py:186} INFO - Started process (PID=742) to work on /home/airflow/.local/lib/python3.12/site-packages/airflow/example_dags/example_python_operator.py
[2024-09-03T11:32:46.455+0000] {processor.py:914} INFO - Processing file /home/airflow/.local/lib/python3.12/site-packages/airflow/example_dags/example_python_operator.py for tasks to queue
[2024-09-03T11:32:46.459+0000] {logging_mixin.py:190} INFO - [2024-09-03T11:32:46.458+0000] {dagbag.py:587} INFO - Filling up the DagBag from /home/airflow/.local/lib/python3.12/site-packages/airflow/example_dags/example_python_operator.py
[2024-09-03T11:32:46.472+0000] {processor.py:925} INFO - DAG(s) 'example_python_operator' retrieved from /home/airflow/.local/lib/python3.12/site-packages/airflow/example_dags/example_python_operator.py
[2024-09-03T11:32:46.500+0000] {logging_mixin.py:190} INFO - [2024-09-03T11:32:46.500+0000] {dag.py:3211} INFO - Sync 1 DAGs
[2024-09-03T11:32:46.517+0000] {logging_mixin.py:190} INFO - [2024-09-03T11:32:46.517+0000] {dag.py:4138} INFO - Setting next_dagrun for example_python_operator to None, run_after=None
[2024-09-03T11:32:46.546+0000] {processor.py:208} INFO - Processing /home/airflow/.local/lib/python3.12/site-packages/airflow/example_dags/example_python_operator.py took 0.099 seconds
[2024-09-03T11:33:16.939+0000] {processor.py:186} INFO - Started process (PID=805) to work on /home/airflow/.local/lib/python3.12/site-packages/airflow/example_dags/example_python_operator.py
[2024-09-03T11:33:16.940+0000] {processor.py:914} INFO - Processing file /home/airflow/.local/lib/python3.12/site-packages/airflow/example_dags/example_python_operator.py for tasks to queue
[2024-09-03T11:33:16.942+0000] {logging_mixin.py:190} INFO - [2024-09-03T11:33:16.942+0000] {dagbag.py:587} INFO - Filling up the DagBag from /home/airflow/.local/lib/python3.12/site-packages/airflow/example_dags/example_python_operator.py
[2024-09-03T11:33:16.958+0000] {processor.py:925} INFO - DAG(s) 'example_python_operator' retrieved from /home/airflow/.local/lib/python3.12/site-packages/airflow/example_dags/example_python_operator.py
[2024-09-03T11:33:16.987+0000] {logging_mixin.py:190} INFO - [2024-09-03T11:33:16.987+0000] {dag.py:3211} INFO - Sync 1 DAGs
[2024-09-03T11:33:17.008+0000] {logging_mixin.py:190} INFO - [2024-09-03T11:33:17.008+0000] {dag.py:4138} INFO - Setting next_dagrun for example_python_operator to None, run_after=None
[2024-09-03T11:33:17.037+0000] {processor.py:208} INFO - Processing /home/airflow/.local/lib/python3.12/site-packages/airflow/example_dags/example_python_operator.py took 0.104 seconds
[2024-09-03T11:33:48.202+0000] {processor.py:186} INFO - Started process (PID=868) to work on /home/airflow/.local/lib/python3.12/site-packages/airflow/example_dags/example_python_operator.py
[2024-09-03T11:33:48.204+0000] {processor.py:914} INFO - Processing file /home/airflow/.local/lib/python3.12/site-packages/airflow/example_dags/example_python_operator.py for tasks to queue
[2024-09-03T11:33:48.207+0000] {logging_mixin.py:190} INFO - [2024-09-03T11:33:48.207+0000] {dagbag.py:587} INFO - Filling up the DagBag from /home/airflow/.local/lib/python3.12/site-packages/airflow/example_dags/example_python_operator.py
[2024-09-03T11:33:48.222+0000] {processor.py:925} INFO - DAG(s) 'example_python_operator' retrieved from /home/airflow/.local/lib/python3.12/site-packages/airflow/example_dags/example_python_operator.py
[2024-09-03T11:33:48.247+0000] {logging_mixin.py:190} INFO - [2024-09-03T11:33:48.246+0000] {dag.py:3211} INFO - Sync 1 DAGs
[2024-09-03T11:33:48.260+0000] {logging_mixin.py:190} INFO - [2024-09-03T11:33:48.260+0000] {dag.py:4138} INFO - Setting next_dagrun for example_python_operator to None, run_after=None
[2024-09-03T11:33:48.289+0000] {processor.py:208} INFO - Processing /home/airflow/.local/lib/python3.12/site-packages/airflow/example_dags/example_python_operator.py took 0.093 seconds
[2024-09-03T11:34:19.504+0000] {processor.py:186} INFO - Started process (PID=931) to work on /home/airflow/.local/lib/python3.12/site-packages/airflow/example_dags/example_python_operator.py
[2024-09-03T11:34:19.507+0000] {processor.py:914} INFO - Processing file /home/airflow/.local/lib/python3.12/site-packages/airflow/example_dags/example_python_operator.py for tasks to queue
[2024-09-03T11:34:19.511+0000] {logging_mixin.py:190} INFO - [2024-09-03T11:34:19.510+0000] {dagbag.py:587} INFO - Filling up the DagBag from /home/airflow/.local/lib/python3.12/site-packages/airflow/example_dags/example_python_operator.py
[2024-09-03T11:34:19.532+0000] {processor.py:925} INFO - DAG(s) 'example_python_operator' retrieved from /home/airflow/.local/lib/python3.12/site-packages/airflow/example_dags/example_python_operator.py
[2024-09-03T11:34:19.575+0000] {logging_mixin.py:190} INFO - [2024-09-03T11:34:19.575+0000] {dag.py:3211} INFO - Sync 1 DAGs
[2024-09-03T11:34:19.603+0000] {logging_mixin.py:190} INFO - [2024-09-03T11:34:19.602+0000] {dag.py:4138} INFO - Setting next_dagrun for example_python_operator to None, run_after=None
[2024-09-03T11:34:19.649+0000] {processor.py:208} INFO - Processing /home/airflow/.local/lib/python3.12/site-packages/airflow/example_dags/example_python_operator.py took 0.157 seconds
[2024-09-03T11:34:49.971+0000] {processor.py:186} INFO - Started process (PID=994) to work on /home/airflow/.local/lib/python3.12/site-packages/airflow/example_dags/example_python_operator.py
[2024-09-03T11:34:49.973+0000] {processor.py:914} INFO - Processing file /home/airflow/.local/lib/python3.12/site-packages/airflow/example_dags/example_python_operator.py for tasks to queue
[2024-09-03T11:34:49.976+0000] {logging_mixin.py:190} INFO - [2024-09-03T11:34:49.975+0000] {dagbag.py:587} INFO - Filling up the DagBag from /home/airflow/.local/lib/python3.12/site-packages/airflow/example_dags/example_python_operator.py
[2024-09-03T11:34:49.989+0000] {processor.py:925} INFO - DAG(s) 'example_python_operator' retrieved from /home/airflow/.local/lib/python3.12/site-packages/airflow/example_dags/example_python_operator.py
[2024-09-03T11:34:50.013+0000] {logging_mixin.py:190} INFO - [2024-09-03T11:34:50.013+0000] {dag.py:3211} INFO - Sync 1 DAGs
[2024-09-03T11:34:50.029+0000] {logging_mixin.py:190} INFO - [2024-09-03T11:34:50.029+0000] {dag.py:4138} INFO - Setting next_dagrun for example_python_operator to None, run_after=None
[2024-09-03T11:34:50.057+0000] {processor.py:208} INFO - Processing /home/airflow/.local/lib/python3.12/site-packages/airflow/example_dags/example_python_operator.py took 0.091 seconds
[2024-09-03T11:35:21.307+0000] {processor.py:186} INFO - Started process (PID=1057) to work on /home/airflow/.local/lib/python3.12/site-packages/airflow/example_dags/example_python_operator.py
[2024-09-03T11:35:21.308+0000] {processor.py:914} INFO - Processing file /home/airflow/.local/lib/python3.12/site-packages/airflow/example_dags/example_python_operator.py for tasks to queue
[2024-09-03T11:35:21.312+0000] {logging_mixin.py:190} INFO - [2024-09-03T11:35:21.312+0000] {dagbag.py:587} INFO - Filling up the DagBag from /home/airflow/.local/lib/python3.12/site-packages/airflow/example_dags/example_python_operator.py
[2024-09-03T11:35:21.337+0000] {processor.py:925} INFO - DAG(s) 'example_python_operator' retrieved from /home/airflow/.local/lib/python3.12/site-packages/airflow/example_dags/example_python_operator.py
[2024-09-03T11:35:21.371+0000] {logging_mixin.py:190} INFO - [2024-09-03T11:35:21.370+0000] {dag.py:3211} INFO - Sync 1 DAGs
[2024-09-03T11:35:21.390+0000] {logging_mixin.py:190} INFO - [2024-09-03T11:35:21.390+0000] {dag.py:4138} INFO - Setting next_dagrun for example_python_operator to None, run_after=None
[2024-09-03T11:35:21.417+0000] {processor.py:208} INFO - Processing /home/airflow/.local/lib/python3.12/site-packages/airflow/example_dags/example_python_operator.py took 0.118 seconds
[2024-09-03T11:35:52.336+0000] {processor.py:186} INFO - Started process (PID=1120) to work on /home/airflow/.local/lib/python3.12/site-packages/airflow/example_dags/example_python_operator.py
[2024-09-03T11:35:52.338+0000] {processor.py:914} INFO - Processing file /home/airflow/.local/lib/python3.12/site-packages/airflow/example_dags/example_python_operator.py for tasks to queue
[2024-09-03T11:35:52.340+0000] {logging_mixin.py:190} INFO - [2024-09-03T11:35:52.340+0000] {dagbag.py:587} INFO - Filling up the DagBag from /home/airflow/.local/lib/python3.12/site-packages/airflow/example_dags/example_python_operator.py
[2024-09-03T11:35:52.352+0000] {processor.py:925} INFO - DAG(s) 'example_python_operator' retrieved from /home/airflow/.local/lib/python3.12/site-packages/airflow/example_dags/example_python_operator.py
[2024-09-03T11:35:52.378+0000] {logging_mixin.py:190} INFO - [2024-09-03T11:35:52.378+0000] {dag.py:3211} INFO - Sync 1 DAGs
[2024-09-03T11:35:52.392+0000] {logging_mixin.py:190} INFO - [2024-09-03T11:35:52.392+0000] {dag.py:4138} INFO - Setting next_dagrun for example_python_operator to None, run_after=None
[2024-09-03T11:35:52.416+0000] {processor.py:208} INFO - Processing /home/airflow/.local/lib/python3.12/site-packages/airflow/example_dags/example_python_operator.py took 0.085 seconds
[2024-09-03T11:36:23.104+0000] {processor.py:186} INFO - Started process (PID=1183) to work on /home/airflow/.local/lib/python3.12/site-packages/airflow/example_dags/example_python_operator.py
[2024-09-03T11:36:23.106+0000] {processor.py:914} INFO - Processing file /home/airflow/.local/lib/python3.12/site-packages/airflow/example_dags/example_python_operator.py for tasks to queue
[2024-09-03T11:36:23.109+0000] {logging_mixin.py:190} INFO - [2024-09-03T11:36:23.108+0000] {dagbag.py:587} INFO - Filling up the DagBag from /home/airflow/.local/lib/python3.12/site-packages/airflow/example_dags/example_python_operator.py
[2024-09-03T11:36:23.124+0000] {processor.py:925} INFO - DAG(s) 'example_python_operator' retrieved from /home/airflow/.local/lib/python3.12/site-packages/airflow/example_dags/example_python_operator.py
[2024-09-03T11:36:23.152+0000] {logging_mixin.py:190} INFO - [2024-09-03T11:36:23.152+0000] {dag.py:3211} INFO - Sync 1 DAGs
[2024-09-03T11:36:23.169+0000] {logging_mixin.py:190} INFO - [2024-09-03T11:36:23.169+0000] {dag.py:4138} INFO - Setting next_dagrun for example_python_operator to None, run_after=None
[2024-09-03T11:36:23.196+0000] {processor.py:208} INFO - Processing /home/airflow/.local/lib/python3.12/site-packages/airflow/example_dags/example_python_operator.py took 0.097 seconds
[2024-09-03T11:36:54.344+0000] {processor.py:186} INFO - Started process (PID=1246) to work on /home/airflow/.local/lib/python3.12/site-packages/airflow/example_dags/example_python_operator.py
[2024-09-03T11:36:54.346+0000] {processor.py:914} INFO - Processing file /home/airflow/.local/lib/python3.12/site-packages/airflow/example_dags/example_python_operator.py for tasks to queue
[2024-09-03T11:36:54.350+0000] {logging_mixin.py:190} INFO - [2024-09-03T11:36:54.349+0000] {dagbag.py:587} INFO - Filling up the DagBag from /home/airflow/.local/lib/python3.12/site-packages/airflow/example_dags/example_python_operator.py
[2024-09-03T11:36:54.371+0000] {processor.py:925} INFO - DAG(s) 'example_python_operator' retrieved from /home/airflow/.local/lib/python3.12/site-packages/airflow/example_dags/example_python_operator.py
[2024-09-03T11:36:54.410+0000] {logging_mixin.py:190} INFO - [2024-09-03T11:36:54.410+0000] {dag.py:3211} INFO - Sync 1 DAGs
[2024-09-03T11:36:54.433+0000] {logging_mixin.py:190} INFO - [2024-09-03T11:36:54.433+0000] {dag.py:4138} INFO - Setting next_dagrun for example_python_operator to None, run_after=None
[2024-09-03T11:36:54.467+0000] {processor.py:208} INFO - Processing /home/airflow/.local/lib/python3.12/site-packages/airflow/example_dags/example_python_operator.py took 0.133 seconds
[2024-09-03T11:37:25.297+0000] {processor.py:186} INFO - Started process (PID=1309) to work on /home/airflow/.local/lib/python3.12/site-packages/airflow/example_dags/example_python_operator.py
[2024-09-03T11:37:25.299+0000] {processor.py:914} INFO - Processing file /home/airflow/.local/lib/python3.12/site-packages/airflow/example_dags/example_python_operator.py for tasks to queue
[2024-09-03T11:37:25.304+0000] {logging_mixin.py:190} INFO - [2024-09-03T11:37:25.303+0000] {dagbag.py:587} INFO - Filling up the DagBag from /home/airflow/.local/lib/python3.12/site-packages/airflow/example_dags/example_python_operator.py
[2024-09-03T11:37:25.321+0000] {processor.py:925} INFO - DAG(s) 'example_python_operator' retrieved from /home/airflow/.local/lib/python3.12/site-packages/airflow/example_dags/example_python_operator.py
[2024-09-03T11:37:25.363+0000] {logging_mixin.py:190} INFO - [2024-09-03T11:37:25.362+0000] {dag.py:3211} INFO - Sync 1 DAGs
[2024-09-03T11:37:25.381+0000] {logging_mixin.py:190} INFO - [2024-09-03T11:37:25.381+0000] {dag.py:4138} INFO - Setting next_dagrun for example_python_operator to None, run_after=None
[2024-09-03T11:37:25.419+0000] {processor.py:208} INFO - Processing /home/airflow/.local/lib/python3.12/site-packages/airflow/example_dags/example_python_operator.py took 0.132 seconds
[2024-09-03T11:37:56.201+0000] {processor.py:186} INFO - Started process (PID=1372) to work on /home/airflow/.local/lib/python3.12/site-packages/airflow/example_dags/example_python_operator.py
[2024-09-03T11:37:56.203+0000] {processor.py:914} INFO - Processing file /home/airflow/.local/lib/python3.12/site-packages/airflow/example_dags/example_python_operator.py for tasks to queue
[2024-09-03T11:37:56.206+0000] {logging_mixin.py:190} INFO - [2024-09-03T11:37:56.205+0000] {dagbag.py:587} INFO - Filling up the DagBag from /home/airflow/.local/lib/python3.12/site-packages/airflow/example_dags/example_python_operator.py
[2024-09-03T11:37:56.220+0000] {processor.py:925} INFO - DAG(s) 'example_python_operator' retrieved from /home/airflow/.local/lib/python3.12/site-packages/airflow/example_dags/example_python_operator.py
[2024-09-03T11:37:56.259+0000] {logging_mixin.py:190} INFO - [2024-09-03T11:37:56.258+0000] {dag.py:3211} INFO - Sync 1 DAGs
[2024-09-03T11:37:56.282+0000] {logging_mixin.py:190} INFO - [2024-09-03T11:37:56.282+0000] {dag.py:4138} INFO - Setting next_dagrun for example_python_operator to None, run_after=None
[2024-09-03T11:37:56.316+0000] {processor.py:208} INFO - Processing /home/airflow/.local/lib/python3.12/site-packages/airflow/example_dags/example_python_operator.py took 0.121 seconds
[2024-09-03T11:38:27.545+0000] {processor.py:186} INFO - Started process (PID=1435) to work on /home/airflow/.local/lib/python3.12/site-packages/airflow/example_dags/example_python_operator.py
[2024-09-03T11:38:27.546+0000] {processor.py:914} INFO - Processing file /home/airflow/.local/lib/python3.12/site-packages/airflow/example_dags/example_python_operator.py for tasks to queue
[2024-09-03T11:38:27.551+0000] {logging_mixin.py:190} INFO - [2024-09-03T11:38:27.550+0000] {dagbag.py:587} INFO - Filling up the DagBag from /home/airflow/.local/lib/python3.12/site-packages/airflow/example_dags/example_python_operator.py
[2024-09-03T11:38:27.571+0000] {processor.py:925} INFO - DAG(s) 'example_python_operator' retrieved from /home/airflow/.local/lib/python3.12/site-packages/airflow/example_dags/example_python_operator.py
[2024-09-03T11:38:27.618+0000] {logging_mixin.py:190} INFO - [2024-09-03T11:38:27.618+0000] {dag.py:3211} INFO - Sync 1 DAGs
[2024-09-03T11:38:27.643+0000] {logging_mixin.py:190} INFO - [2024-09-03T11:38:27.643+0000] {dag.py:4138} INFO - Setting next_dagrun for example_python_operator to None, run_after=None
[2024-09-03T11:38:27.684+0000] {processor.py:208} INFO - Processing /home/airflow/.local/lib/python3.12/site-packages/airflow/example_dags/example_python_operator.py took 0.149 seconds
[2024-09-03T11:38:58.568+0000] {processor.py:186} INFO - Started process (PID=1498) to work on /home/airflow/.local/lib/python3.12/site-packages/airflow/example_dags/example_python_operator.py
[2024-09-03T11:38:58.571+0000] {processor.py:914} INFO - Processing file /home/airflow/.local/lib/python3.12/site-packages/airflow/example_dags/example_python_operator.py for tasks to queue
[2024-09-03T11:38:58.581+0000] {logging_mixin.py:190} INFO - [2024-09-03T11:38:58.580+0000] {dagbag.py:587} INFO - Filling up the DagBag from /home/airflow/.local/lib/python3.12/site-packages/airflow/example_dags/example_python_operator.py
[2024-09-03T11:38:58.603+0000] {processor.py:925} INFO - DAG(s) 'example_python_operator' retrieved from /home/airflow/.local/lib/python3.12/site-packages/airflow/example_dags/example_python_operator.py
[2024-09-03T11:38:58.649+0000] {logging_mixin.py:190} INFO - [2024-09-03T11:38:58.649+0000] {dag.py:3211} INFO - Sync 1 DAGs
[2024-09-03T11:38:58.680+0000] {logging_mixin.py:190} INFO - [2024-09-03T11:38:58.679+0000] {dag.py:4138} INFO - Setting next_dagrun for example_python_operator to None, run_after=None
[2024-09-03T11:38:58.724+0000] {processor.py:208} INFO - Processing /home/airflow/.local/lib/python3.12/site-packages/airflow/example_dags/example_python_operator.py took 0.166 seconds
[2024-09-03T11:39:29.671+0000] {processor.py:186} INFO - Started process (PID=1561) to work on /home/airflow/.local/lib/python3.12/site-packages/airflow/example_dags/example_python_operator.py
[2024-09-03T11:39:29.673+0000] {processor.py:914} INFO - Processing file /home/airflow/.local/lib/python3.12/site-packages/airflow/example_dags/example_python_operator.py for tasks to queue
[2024-09-03T11:39:29.678+0000] {logging_mixin.py:190} INFO - [2024-09-03T11:39:29.677+0000] {dagbag.py:587} INFO - Filling up the DagBag from /home/airflow/.local/lib/python3.12/site-packages/airflow/example_dags/example_python_operator.py
[2024-09-03T11:39:29.699+0000] {processor.py:925} INFO - DAG(s) 'example_python_operator' retrieved from /home/airflow/.local/lib/python3.12/site-packages/airflow/example_dags/example_python_operator.py
[2024-09-03T11:39:29.741+0000] {logging_mixin.py:190} INFO - [2024-09-03T11:39:29.740+0000] {dag.py:3211} INFO - Sync 1 DAGs
[2024-09-03T11:39:29.762+0000] {logging_mixin.py:190} INFO - [2024-09-03T11:39:29.761+0000] {dag.py:4138} INFO - Setting next_dagrun for example_python_operator to None, run_after=None
[2024-09-03T11:39:29.798+0000] {processor.py:208} INFO - Processing /home/airflow/.local/lib/python3.12/site-packages/airflow/example_dags/example_python_operator.py took 0.137 seconds
[2024-09-03T11:40:00.314+0000] {processor.py:186} INFO - Started process (PID=1624) to work on /home/airflow/.local/lib/python3.12/site-packages/airflow/example_dags/example_python_operator.py
[2024-09-03T11:40:00.316+0000] {processor.py:914} INFO - Processing file /home/airflow/.local/lib/python3.12/site-packages/airflow/example_dags/example_python_operator.py for tasks to queue
[2024-09-03T11:40:00.319+0000] {logging_mixin.py:190} INFO - [2024-09-03T11:40:00.318+0000] {dagbag.py:587} INFO - Filling up the DagBag from /home/airflow/.local/lib/python3.12/site-packages/airflow/example_dags/example_python_operator.py
[2024-09-03T11:40:00.336+0000] {processor.py:925} INFO - DAG(s) 'example_python_operator' retrieved from /home/airflow/.local/lib/python3.12/site-packages/airflow/example_dags/example_python_operator.py
[2024-09-03T11:40:00.368+0000] {logging_mixin.py:190} INFO - [2024-09-03T11:40:00.368+0000] {dag.py:3211} INFO - Sync 1 DAGs
[2024-09-03T11:40:00.385+0000] {logging_mixin.py:190} INFO - [2024-09-03T11:40:00.385+0000] {dag.py:4138} INFO - Setting next_dagrun for example_python_operator to None, run_after=None
[2024-09-03T11:40:00.419+0000] {processor.py:208} INFO - Processing /home/airflow/.local/lib/python3.12/site-packages/airflow/example_dags/example_python_operator.py took 0.111 seconds
[2024-09-03T11:40:31.802+0000] {processor.py:186} INFO - Started process (PID=1694) to work on /home/airflow/.local/lib/python3.12/site-packages/airflow/example_dags/example_python_operator.py
[2024-09-03T11:40:31.803+0000] {processor.py:914} INFO - Processing file /home/airflow/.local/lib/python3.12/site-packages/airflow/example_dags/example_python_operator.py for tasks to queue
[2024-09-03T11:40:31.806+0000] {logging_mixin.py:190} INFO - [2024-09-03T11:40:31.806+0000] {dagbag.py:587} INFO - Filling up the DagBag from /home/airflow/.local/lib/python3.12/site-packages/airflow/example_dags/example_python_operator.py
[2024-09-03T11:40:31.822+0000] {processor.py:925} INFO - DAG(s) 'example_python_operator' retrieved from /home/airflow/.local/lib/python3.12/site-packages/airflow/example_dags/example_python_operator.py
[2024-09-03T11:40:31.857+0000] {logging_mixin.py:190} INFO - [2024-09-03T11:40:31.857+0000] {dag.py:3211} INFO - Sync 1 DAGs
[2024-09-03T11:40:31.880+0000] {logging_mixin.py:190} INFO - [2024-09-03T11:40:31.880+0000] {dag.py:4138} INFO - Setting next_dagrun for example_python_operator to None, run_after=None
[2024-09-03T11:40:31.917+0000] {processor.py:208} INFO - Processing /home/airflow/.local/lib/python3.12/site-packages/airflow/example_dags/example_python_operator.py took 0.123 seconds
[2024-09-03T11:41:02.221+0000] {processor.py:186} INFO - Started process (PID=1756) to work on /home/airflow/.local/lib/python3.12/site-packages/airflow/example_dags/example_python_operator.py
[2024-09-03T11:41:02.223+0000] {processor.py:914} INFO - Processing file /home/airflow/.local/lib/python3.12/site-packages/airflow/example_dags/example_python_operator.py for tasks to queue
[2024-09-03T11:41:02.228+0000] {logging_mixin.py:190} INFO - [2024-09-03T11:41:02.227+0000] {dagbag.py:587} INFO - Filling up the DagBag from /home/airflow/.local/lib/python3.12/site-packages/airflow/example_dags/example_python_operator.py
[2024-09-03T11:41:02.251+0000] {processor.py:925} INFO - DAG(s) 'example_python_operator' retrieved from /home/airflow/.local/lib/python3.12/site-packages/airflow/example_dags/example_python_operator.py
[2024-09-03T11:41:02.294+0000] {logging_mixin.py:190} INFO - [2024-09-03T11:41:02.294+0000] {dag.py:3211} INFO - Sync 1 DAGs
[2024-09-03T11:41:02.320+0000] {logging_mixin.py:190} INFO - [2024-09-03T11:41:02.319+0000] {dag.py:4138} INFO - Setting next_dagrun for example_python_operator to None, run_after=None
[2024-09-03T11:41:02.373+0000] {processor.py:208} INFO - Processing /home/airflow/.local/lib/python3.12/site-packages/airflow/example_dags/example_python_operator.py took 0.164 seconds
[2024-09-03T11:41:32.517+0000] {processor.py:186} INFO - Started process (PID=1818) to work on /home/airflow/.local/lib/python3.12/site-packages/airflow/example_dags/example_python_operator.py
[2024-09-03T11:41:32.520+0000] {processor.py:914} INFO - Processing file /home/airflow/.local/lib/python3.12/site-packages/airflow/example_dags/example_python_operator.py for tasks to queue
[2024-09-03T11:41:32.526+0000] {logging_mixin.py:190} INFO - [2024-09-03T11:41:32.525+0000] {dagbag.py:587} INFO - Filling up the DagBag from /home/airflow/.local/lib/python3.12/site-packages/airflow/example_dags/example_python_operator.py
[2024-09-03T11:41:32.550+0000] {processor.py:925} INFO - DAG(s) 'example_python_operator' retrieved from /home/airflow/.local/lib/python3.12/site-packages/airflow/example_dags/example_python_operator.py
[2024-09-03T11:41:32.601+0000] {logging_mixin.py:190} INFO - [2024-09-03T11:41:32.601+0000] {dag.py:3211} INFO - Sync 1 DAGs
[2024-09-03T11:41:32.636+0000] {logging_mixin.py:190} INFO - [2024-09-03T11:41:32.636+0000] {dag.py:4138} INFO - Setting next_dagrun for example_python_operator to None, run_after=None
[2024-09-03T11:41:32.683+0000] {processor.py:208} INFO - Processing /home/airflow/.local/lib/python3.12/site-packages/airflow/example_dags/example_python_operator.py took 0.180 seconds
[2024-09-03T11:42:03.008+0000] {processor.py:186} INFO - Started process (PID=1881) to work on /home/airflow/.local/lib/python3.12/site-packages/airflow/example_dags/example_python_operator.py
[2024-09-03T11:42:03.010+0000] {processor.py:914} INFO - Processing file /home/airflow/.local/lib/python3.12/site-packages/airflow/example_dags/example_python_operator.py for tasks to queue
[2024-09-03T11:42:03.014+0000] {logging_mixin.py:190} INFO - [2024-09-03T11:42:03.014+0000] {dagbag.py:587} INFO - Filling up the DagBag from /home/airflow/.local/lib/python3.12/site-packages/airflow/example_dags/example_python_operator.py
[2024-09-03T11:42:03.036+0000] {processor.py:925} INFO - DAG(s) 'example_python_operator' retrieved from /home/airflow/.local/lib/python3.12/site-packages/airflow/example_dags/example_python_operator.py
[2024-09-03T11:42:03.088+0000] {logging_mixin.py:190} INFO - [2024-09-03T11:42:03.087+0000] {dag.py:3211} INFO - Sync 1 DAGs
[2024-09-03T11:42:03.115+0000] {logging_mixin.py:190} INFO - [2024-09-03T11:42:03.114+0000] {dag.py:4138} INFO - Setting next_dagrun for example_python_operator to None, run_after=None
[2024-09-03T11:42:03.162+0000] {processor.py:208} INFO - Processing /home/airflow/.local/lib/python3.12/site-packages/airflow/example_dags/example_python_operator.py took 0.163 seconds
[2024-09-03T11:42:33.649+0000] {processor.py:186} INFO - Started process (PID=1944) to work on /home/airflow/.local/lib/python3.12/site-packages/airflow/example_dags/example_python_operator.py
[2024-09-03T11:42:33.651+0000] {processor.py:914} INFO - Processing file /home/airflow/.local/lib/python3.12/site-packages/airflow/example_dags/example_python_operator.py for tasks to queue
[2024-09-03T11:42:33.656+0000] {logging_mixin.py:190} INFO - [2024-09-03T11:42:33.655+0000] {dagbag.py:587} INFO - Filling up the DagBag from /home/airflow/.local/lib/python3.12/site-packages/airflow/example_dags/example_python_operator.py
[2024-09-03T11:42:33.682+0000] {processor.py:925} INFO - DAG(s) 'example_python_operator' retrieved from /home/airflow/.local/lib/python3.12/site-packages/airflow/example_dags/example_python_operator.py
[2024-09-03T11:42:33.738+0000] {logging_mixin.py:190} INFO - [2024-09-03T11:42:33.737+0000] {dag.py:3211} INFO - Sync 1 DAGs
[2024-09-03T11:42:33.768+0000] {logging_mixin.py:190} INFO - [2024-09-03T11:42:33.768+0000] {dag.py:4138} INFO - Setting next_dagrun for example_python_operator to None, run_after=None
[2024-09-03T11:42:33.817+0000] {processor.py:208} INFO - Processing /home/airflow/.local/lib/python3.12/site-packages/airflow/example_dags/example_python_operator.py took 0.179 seconds
[2024-09-03T11:43:04.415+0000] {processor.py:186} INFO - Started process (PID=2007) to work on /home/airflow/.local/lib/python3.12/site-packages/airflow/example_dags/example_python_operator.py
[2024-09-03T11:43:04.417+0000] {processor.py:914} INFO - Processing file /home/airflow/.local/lib/python3.12/site-packages/airflow/example_dags/example_python_operator.py for tasks to queue
[2024-09-03T11:43:04.420+0000] {logging_mixin.py:190} INFO - [2024-09-03T11:43:04.420+0000] {dagbag.py:587} INFO - Filling up the DagBag from /home/airflow/.local/lib/python3.12/site-packages/airflow/example_dags/example_python_operator.py
[2024-09-03T11:43:04.440+0000] {processor.py:925} INFO - DAG(s) 'example_python_operator' retrieved from /home/airflow/.local/lib/python3.12/site-packages/airflow/example_dags/example_python_operator.py
[2024-09-03T11:43:04.483+0000] {logging_mixin.py:190} INFO - [2024-09-03T11:43:04.482+0000] {dag.py:3211} INFO - Sync 1 DAGs
[2024-09-03T11:43:04.506+0000] {logging_mixin.py:190} INFO - [2024-09-03T11:43:04.505+0000] {dag.py:4138} INFO - Setting next_dagrun for example_python_operator to None, run_after=None
[2024-09-03T11:43:04.544+0000] {processor.py:208} INFO - Processing /home/airflow/.local/lib/python3.12/site-packages/airflow/example_dags/example_python_operator.py took 0.138 seconds
[2024-09-03T11:43:35.041+0000] {processor.py:186} INFO - Started process (PID=2070) to work on /home/airflow/.local/lib/python3.12/site-packages/airflow/example_dags/example_python_operator.py
[2024-09-03T11:43:35.043+0000] {processor.py:914} INFO - Processing file /home/airflow/.local/lib/python3.12/site-packages/airflow/example_dags/example_python_operator.py for tasks to queue
[2024-09-03T11:43:35.048+0000] {logging_mixin.py:190} INFO - [2024-09-03T11:43:35.047+0000] {dagbag.py:587} INFO - Filling up the DagBag from /home/airflow/.local/lib/python3.12/site-packages/airflow/example_dags/example_python_operator.py
[2024-09-03T11:43:35.070+0000] {processor.py:925} INFO - DAG(s) 'example_python_operator' retrieved from /home/airflow/.local/lib/python3.12/site-packages/airflow/example_dags/example_python_operator.py
[2024-09-03T11:43:35.114+0000] {logging_mixin.py:190} INFO - [2024-09-03T11:43:35.114+0000] {dag.py:3211} INFO - Sync 1 DAGs
[2024-09-03T11:43:35.136+0000] {logging_mixin.py:190} INFO - [2024-09-03T11:43:35.135+0000] {dag.py:4138} INFO - Setting next_dagrun for example_python_operator to None, run_after=None
[2024-09-03T11:43:35.171+0000] {processor.py:208} INFO - Processing /home/airflow/.local/lib/python3.12/site-packages/airflow/example_dags/example_python_operator.py took 0.139 seconds
[2024-09-03T11:44:05.537+0000] {processor.py:186} INFO - Started process (PID=2133) to work on /home/airflow/.local/lib/python3.12/site-packages/airflow/example_dags/example_python_operator.py
[2024-09-03T11:44:05.538+0000] {processor.py:914} INFO - Processing file /home/airflow/.local/lib/python3.12/site-packages/airflow/example_dags/example_python_operator.py for tasks to queue
[2024-09-03T11:44:05.541+0000] {logging_mixin.py:190} INFO - [2024-09-03T11:44:05.541+0000] {dagbag.py:587} INFO - Filling up the DagBag from /home/airflow/.local/lib/python3.12/site-packages/airflow/example_dags/example_python_operator.py
[2024-09-03T11:44:05.557+0000] {processor.py:925} INFO - DAG(s) 'example_python_operator' retrieved from /home/airflow/.local/lib/python3.12/site-packages/airflow/example_dags/example_python_operator.py
[2024-09-03T11:44:05.589+0000] {logging_mixin.py:190} INFO - [2024-09-03T11:44:05.589+0000] {dag.py:3211} INFO - Sync 1 DAGs
[2024-09-03T11:44:05.605+0000] {logging_mixin.py:190} INFO - [2024-09-03T11:44:05.604+0000] {dag.py:4138} INFO - Setting next_dagrun for example_python_operator to None, run_after=None
[2024-09-03T11:44:05.631+0000] {processor.py:208} INFO - Processing /home/airflow/.local/lib/python3.12/site-packages/airflow/example_dags/example_python_operator.py took 0.100 seconds
[2024-09-03T11:44:35.777+0000] {processor.py:186} INFO - Started process (PID=2196) to work on /home/airflow/.local/lib/python3.12/site-packages/airflow/example_dags/example_python_operator.py
[2024-09-03T11:44:35.778+0000] {processor.py:914} INFO - Processing file /home/airflow/.local/lib/python3.12/site-packages/airflow/example_dags/example_python_operator.py for tasks to queue
[2024-09-03T11:44:35.781+0000] {logging_mixin.py:190} INFO - [2024-09-03T11:44:35.780+0000] {dagbag.py:587} INFO - Filling up the DagBag from /home/airflow/.local/lib/python3.12/site-packages/airflow/example_dags/example_python_operator.py
[2024-09-03T11:44:35.792+0000] {processor.py:925} INFO - DAG(s) 'example_python_operator' retrieved from /home/airflow/.local/lib/python3.12/site-packages/airflow/example_dags/example_python_operator.py
[2024-09-03T11:44:35.821+0000] {logging_mixin.py:190} INFO - [2024-09-03T11:44:35.820+0000] {dag.py:3211} INFO - Sync 1 DAGs
[2024-09-03T11:44:35.837+0000] {logging_mixin.py:190} INFO - [2024-09-03T11:44:35.836+0000] {dag.py:4138} INFO - Setting next_dagrun for example_python_operator to None, run_after=None
[2024-09-03T11:44:35.864+0000] {processor.py:208} INFO - Processing /home/airflow/.local/lib/python3.12/site-packages/airflow/example_dags/example_python_operator.py took 0.093 seconds
[2024-09-03T11:45:06.734+0000] {processor.py:186} INFO - Started process (PID=2259) to work on /home/airflow/.local/lib/python3.12/site-packages/airflow/example_dags/example_python_operator.py
[2024-09-03T11:45:06.735+0000] {processor.py:914} INFO - Processing file /home/airflow/.local/lib/python3.12/site-packages/airflow/example_dags/example_python_operator.py for tasks to queue
[2024-09-03T11:45:06.738+0000] {logging_mixin.py:190} INFO - [2024-09-03T11:45:06.738+0000] {dagbag.py:587} INFO - Filling up the DagBag from /home/airflow/.local/lib/python3.12/site-packages/airflow/example_dags/example_python_operator.py
[2024-09-03T11:45:06.753+0000] {processor.py:925} INFO - DAG(s) 'example_python_operator' retrieved from /home/airflow/.local/lib/python3.12/site-packages/airflow/example_dags/example_python_operator.py
[2024-09-03T11:45:06.782+0000] {logging_mixin.py:190} INFO - [2024-09-03T11:45:06.782+0000] {dag.py:3211} INFO - Sync 1 DAGs
[2024-09-03T11:45:06.796+0000] {logging_mixin.py:190} INFO - [2024-09-03T11:45:06.795+0000] {dag.py:4138} INFO - Setting next_dagrun for example_python_operator to None, run_after=None
[2024-09-03T11:45:06.822+0000] {processor.py:208} INFO - Processing /home/airflow/.local/lib/python3.12/site-packages/airflow/example_dags/example_python_operator.py took 0.098 seconds
[2024-09-03T11:45:37.006+0000] {processor.py:186} INFO - Started process (PID=2322) to work on /home/airflow/.local/lib/python3.12/site-packages/airflow/example_dags/example_python_operator.py
[2024-09-03T11:45:37.008+0000] {processor.py:914} INFO - Processing file /home/airflow/.local/lib/python3.12/site-packages/airflow/example_dags/example_python_operator.py for tasks to queue
[2024-09-03T11:45:37.011+0000] {logging_mixin.py:190} INFO - [2024-09-03T11:45:37.010+0000] {dagbag.py:587} INFO - Filling up the DagBag from /home/airflow/.local/lib/python3.12/site-packages/airflow/example_dags/example_python_operator.py
[2024-09-03T11:45:37.023+0000] {processor.py:925} INFO - DAG(s) 'example_python_operator' retrieved from /home/airflow/.local/lib/python3.12/site-packages/airflow/example_dags/example_python_operator.py
[2024-09-03T11:45:37.051+0000] {logging_mixin.py:190} INFO - [2024-09-03T11:45:37.051+0000] {dag.py:3211} INFO - Sync 1 DAGs
[2024-09-03T11:45:37.067+0000] {logging_mixin.py:190} INFO - [2024-09-03T11:45:37.066+0000] {dag.py:4138} INFO - Setting next_dagrun for example_python_operator to None, run_after=None
[2024-09-03T11:45:37.094+0000] {processor.py:208} INFO - Processing /home/airflow/.local/lib/python3.12/site-packages/airflow/example_dags/example_python_operator.py took 0.095 seconds
[2024-09-03T11:46:07.361+0000] {processor.py:186} INFO - Started process (PID=2385) to work on /home/airflow/.local/lib/python3.12/site-packages/airflow/example_dags/example_python_operator.py
[2024-09-03T11:46:07.363+0000] {processor.py:914} INFO - Processing file /home/airflow/.local/lib/python3.12/site-packages/airflow/example_dags/example_python_operator.py for tasks to queue
[2024-09-03T11:46:07.366+0000] {logging_mixin.py:190} INFO - [2024-09-03T11:46:07.365+0000] {dagbag.py:587} INFO - Filling up the DagBag from /home/airflow/.local/lib/python3.12/site-packages/airflow/example_dags/example_python_operator.py
[2024-09-03T11:46:07.378+0000] {processor.py:925} INFO - DAG(s) 'example_python_operator' retrieved from /home/airflow/.local/lib/python3.12/site-packages/airflow/example_dags/example_python_operator.py
[2024-09-03T11:46:07.408+0000] {logging_mixin.py:190} INFO - [2024-09-03T11:46:07.408+0000] {dag.py:3211} INFO - Sync 1 DAGs
[2024-09-03T11:46:07.426+0000] {logging_mixin.py:190} INFO - [2024-09-03T11:46:07.426+0000] {dag.py:4138} INFO - Setting next_dagrun for example_python_operator to None, run_after=None
[2024-09-03T11:46:07.454+0000] {processor.py:208} INFO - Processing /home/airflow/.local/lib/python3.12/site-packages/airflow/example_dags/example_python_operator.py took 0.098 seconds
[2024-09-03T11:46:37.721+0000] {processor.py:186} INFO - Started process (PID=2449) to work on /home/airflow/.local/lib/python3.12/site-packages/airflow/example_dags/example_python_operator.py
[2024-09-03T11:46:37.722+0000] {processor.py:914} INFO - Processing file /home/airflow/.local/lib/python3.12/site-packages/airflow/example_dags/example_python_operator.py for tasks to queue
[2024-09-03T11:46:37.725+0000] {logging_mixin.py:190} INFO - [2024-09-03T11:46:37.725+0000] {dagbag.py:587} INFO - Filling up the DagBag from /home/airflow/.local/lib/python3.12/site-packages/airflow/example_dags/example_python_operator.py
[2024-09-03T11:46:37.738+0000] {processor.py:925} INFO - DAG(s) 'example_python_operator' retrieved from /home/airflow/.local/lib/python3.12/site-packages/airflow/example_dags/example_python_operator.py
[2024-09-03T11:46:37.766+0000] {logging_mixin.py:190} INFO - [2024-09-03T11:46:37.765+0000] {dag.py:3211} INFO - Sync 1 DAGs
[2024-09-03T11:46:37.781+0000] {logging_mixin.py:190} INFO - [2024-09-03T11:46:37.781+0000] {dag.py:4138} INFO - Setting next_dagrun for example_python_operator to None, run_after=None
[2024-09-03T11:46:37.819+0000] {processor.py:208} INFO - Processing /home/airflow/.local/lib/python3.12/site-packages/airflow/example_dags/example_python_operator.py took 0.103 seconds
[2024-09-03T11:47:08.608+0000] {processor.py:186} INFO - Started process (PID=2512) to work on /home/airflow/.local/lib/python3.12/site-packages/airflow/example_dags/example_python_operator.py
[2024-09-03T11:47:08.610+0000] {processor.py:914} INFO - Processing file /home/airflow/.local/lib/python3.12/site-packages/airflow/example_dags/example_python_operator.py for tasks to queue
[2024-09-03T11:47:08.624+0000] {logging_mixin.py:190} INFO - [2024-09-03T11:47:08.623+0000] {dagbag.py:587} INFO - Filling up the DagBag from /home/airflow/.local/lib/python3.12/site-packages/airflow/example_dags/example_python_operator.py
[2024-09-03T11:47:08.665+0000] {processor.py:925} INFO - DAG(s) 'example_python_operator' retrieved from /home/airflow/.local/lib/python3.12/site-packages/airflow/example_dags/example_python_operator.py
[2024-09-03T11:47:08.743+0000] {logging_mixin.py:190} INFO - [2024-09-03T11:47:08.743+0000] {dag.py:3211} INFO - Sync 1 DAGs
[2024-09-03T11:47:08.799+0000] {logging_mixin.py:190} INFO - [2024-09-03T11:47:08.798+0000] {dag.py:4138} INFO - Setting next_dagrun for example_python_operator to None, run_after=None
[2024-09-03T11:47:08.886+0000] {processor.py:208} INFO - Processing /home/airflow/.local/lib/python3.12/site-packages/airflow/example_dags/example_python_operator.py took 0.297 seconds
[2024-09-03T11:47:39.033+0000] {processor.py:186} INFO - Started process (PID=2574) to work on /home/airflow/.local/lib/python3.12/site-packages/airflow/example_dags/example_python_operator.py
[2024-09-03T11:47:39.035+0000] {processor.py:914} INFO - Processing file /home/airflow/.local/lib/python3.12/site-packages/airflow/example_dags/example_python_operator.py for tasks to queue
[2024-09-03T11:47:39.040+0000] {logging_mixin.py:190} INFO - [2024-09-03T11:47:39.039+0000] {dagbag.py:587} INFO - Filling up the DagBag from /home/airflow/.local/lib/python3.12/site-packages/airflow/example_dags/example_python_operator.py
[2024-09-03T11:47:39.067+0000] {processor.py:925} INFO - DAG(s) 'example_python_operator' retrieved from /home/airflow/.local/lib/python3.12/site-packages/airflow/example_dags/example_python_operator.py
[2024-09-03T11:47:39.128+0000] {logging_mixin.py:190} INFO - [2024-09-03T11:47:39.127+0000] {dag.py:3211} INFO - Sync 1 DAGs
[2024-09-03T11:47:39.166+0000] {logging_mixin.py:190} INFO - [2024-09-03T11:47:39.165+0000] {dag.py:4138} INFO - Setting next_dagrun for example_python_operator to None, run_after=None
[2024-09-03T11:47:39.218+0000] {processor.py:208} INFO - Processing /home/airflow/.local/lib/python3.12/site-packages/airflow/example_dags/example_python_operator.py took 0.198 seconds
[2024-09-03T11:48:09.327+0000] {processor.py:186} INFO - Started process (PID=2637) to work on /home/airflow/.local/lib/python3.12/site-packages/airflow/example_dags/example_python_operator.py
[2024-09-03T11:48:09.329+0000] {processor.py:914} INFO - Processing file /home/airflow/.local/lib/python3.12/site-packages/airflow/example_dags/example_python_operator.py for tasks to queue
[2024-09-03T11:48:09.335+0000] {logging_mixin.py:190} INFO - [2024-09-03T11:48:09.334+0000] {dagbag.py:587} INFO - Filling up the DagBag from /home/airflow/.local/lib/python3.12/site-packages/airflow/example_dags/example_python_operator.py
[2024-09-03T11:48:09.352+0000] {processor.py:925} INFO - DAG(s) 'example_python_operator' retrieved from /home/airflow/.local/lib/python3.12/site-packages/airflow/example_dags/example_python_operator.py
[2024-09-03T11:48:09.388+0000] {logging_mixin.py:190} INFO - [2024-09-03T11:48:09.388+0000] {dag.py:3211} INFO - Sync 1 DAGs
[2024-09-03T11:48:09.414+0000] {logging_mixin.py:190} INFO - [2024-09-03T11:48:09.413+0000] {dag.py:4138} INFO - Setting next_dagrun for example_python_operator to None, run_after=None
[2024-09-03T11:48:09.452+0000] {processor.py:208} INFO - Processing /home/airflow/.local/lib/python3.12/site-packages/airflow/example_dags/example_python_operator.py took 0.134 seconds
[2024-09-03T11:48:40.152+0000] {processor.py:186} INFO - Started process (PID=2700) to work on /home/airflow/.local/lib/python3.12/site-packages/airflow/example_dags/example_python_operator.py
[2024-09-03T11:48:40.154+0000] {processor.py:914} INFO - Processing file /home/airflow/.local/lib/python3.12/site-packages/airflow/example_dags/example_python_operator.py for tasks to queue
[2024-09-03T11:48:40.158+0000] {logging_mixin.py:190} INFO - [2024-09-03T11:48:40.158+0000] {dagbag.py:587} INFO - Filling up the DagBag from /home/airflow/.local/lib/python3.12/site-packages/airflow/example_dags/example_python_operator.py
[2024-09-03T11:48:40.181+0000] {processor.py:925} INFO - DAG(s) 'example_python_operator' retrieved from /home/airflow/.local/lib/python3.12/site-packages/airflow/example_dags/example_python_operator.py
[2024-09-03T11:48:40.233+0000] {logging_mixin.py:190} INFO - [2024-09-03T11:48:40.232+0000] {dag.py:3211} INFO - Sync 1 DAGs
[2024-09-03T11:48:40.268+0000] {logging_mixin.py:190} INFO - [2024-09-03T11:48:40.267+0000] {dag.py:4138} INFO - Setting next_dagrun for example_python_operator to None, run_after=None
[2024-09-03T11:48:40.318+0000] {processor.py:208} INFO - Processing /home/airflow/.local/lib/python3.12/site-packages/airflow/example_dags/example_python_operator.py took 0.177 seconds
[2024-09-03T11:49:10.529+0000] {processor.py:186} INFO - Started process (PID=2763) to work on /home/airflow/.local/lib/python3.12/site-packages/airflow/example_dags/example_python_operator.py
[2024-09-03T11:49:10.531+0000] {processor.py:914} INFO - Processing file /home/airflow/.local/lib/python3.12/site-packages/airflow/example_dags/example_python_operator.py for tasks to queue
[2024-09-03T11:49:10.536+0000] {logging_mixin.py:190} INFO - [2024-09-03T11:49:10.535+0000] {dagbag.py:587} INFO - Filling up the DagBag from /home/airflow/.local/lib/python3.12/site-packages/airflow/example_dags/example_python_operator.py
[2024-09-03T11:49:10.562+0000] {processor.py:925} INFO - DAG(s) 'example_python_operator' retrieved from /home/airflow/.local/lib/python3.12/site-packages/airflow/example_dags/example_python_operator.py
[2024-09-03T11:49:10.615+0000] {logging_mixin.py:190} INFO - [2024-09-03T11:49:10.614+0000] {dag.py:3211} INFO - Sync 1 DAGs
[2024-09-03T11:49:10.645+0000] {logging_mixin.py:190} INFO - [2024-09-03T11:49:10.645+0000] {dag.py:4138} INFO - Setting next_dagrun for example_python_operator to None, run_after=None
[2024-09-03T11:49:10.708+0000] {processor.py:208} INFO - Processing /home/airflow/.local/lib/python3.12/site-packages/airflow/example_dags/example_python_operator.py took 0.191 seconds
[2024-09-03T11:49:41.159+0000] {processor.py:186} INFO - Started process (PID=2826) to work on /home/airflow/.local/lib/python3.12/site-packages/airflow/example_dags/example_python_operator.py
[2024-09-03T11:49:41.161+0000] {processor.py:914} INFO - Processing file /home/airflow/.local/lib/python3.12/site-packages/airflow/example_dags/example_python_operator.py for tasks to queue
[2024-09-03T11:49:41.168+0000] {logging_mixin.py:190} INFO - [2024-09-03T11:49:41.167+0000] {dagbag.py:587} INFO - Filling up the DagBag from /home/airflow/.local/lib/python3.12/site-packages/airflow/example_dags/example_python_operator.py
[2024-09-03T11:49:41.199+0000] {processor.py:925} INFO - DAG(s) 'example_python_operator' retrieved from /home/airflow/.local/lib/python3.12/site-packages/airflow/example_dags/example_python_operator.py
[2024-09-03T11:49:41.263+0000] {logging_mixin.py:190} INFO - [2024-09-03T11:49:41.263+0000] {dag.py:3211} INFO - Sync 1 DAGs
[2024-09-03T11:49:41.295+0000] {logging_mixin.py:190} INFO - [2024-09-03T11:49:41.295+0000] {dag.py:4138} INFO - Setting next_dagrun for example_python_operator to None, run_after=None
[2024-09-03T11:49:41.583+0000] {processor.py:208} INFO - Processing /home/airflow/.local/lib/python3.12/site-packages/airflow/example_dags/example_python_operator.py took 0.432 seconds
[2024-09-03T11:50:11.708+0000] {processor.py:186} INFO - Started process (PID=2889) to work on /home/airflow/.local/lib/python3.12/site-packages/airflow/example_dags/example_python_operator.py
[2024-09-03T11:50:11.711+0000] {processor.py:914} INFO - Processing file /home/airflow/.local/lib/python3.12/site-packages/airflow/example_dags/example_python_operator.py for tasks to queue
[2024-09-03T11:50:11.715+0000] {logging_mixin.py:190} INFO - [2024-09-03T11:50:11.715+0000] {dagbag.py:587} INFO - Filling up the DagBag from /home/airflow/.local/lib/python3.12/site-packages/airflow/example_dags/example_python_operator.py
[2024-09-03T11:50:11.736+0000] {processor.py:925} INFO - DAG(s) 'example_python_operator' retrieved from /home/airflow/.local/lib/python3.12/site-packages/airflow/example_dags/example_python_operator.py
[2024-09-03T11:50:11.770+0000] {logging_mixin.py:190} INFO - [2024-09-03T11:50:11.770+0000] {dag.py:3211} INFO - Sync 1 DAGs
[2024-09-03T11:50:11.798+0000] {logging_mixin.py:190} INFO - [2024-09-03T11:50:11.797+0000] {dag.py:4138} INFO - Setting next_dagrun for example_python_operator to None, run_after=None
[2024-09-03T11:50:12.115+0000] {processor.py:208} INFO - Processing /home/airflow/.local/lib/python3.12/site-packages/airflow/example_dags/example_python_operator.py took 0.416 seconds
