[2024-09-03T11:27:34.145+0000] {processor.py:186} INFO - Started process (PID=93) to work on /home/airflow/.local/lib/python3.12/site-packages/airflow/example_dags/tutorial.py
[2024-09-03T11:27:34.147+0000] {processor.py:914} INFO - Processing file /home/airflow/.local/lib/python3.12/site-packages/airflow/example_dags/tutorial.py for tasks to queue
[2024-09-03T11:27:34.149+0000] {logging_mixin.py:190} INFO - [2024-09-03T11:27:34.149+0000] {dagbag.py:587} INFO - Filling up the DagBag from /home/airflow/.local/lib/python3.12/site-packages/airflow/example_dags/tutorial.py
[2024-09-03T11:27:34.159+0000] {processor.py:925} INFO - DAG(s) 'tutorial' retrieved from /home/airflow/.local/lib/python3.12/site-packages/airflow/example_dags/tutorial.py
[2024-09-03T11:27:34.190+0000] {logging_mixin.py:190} INFO - [2024-09-03T11:27:34.189+0000] {dag.py:3211} INFO - Sync 1 DAGs
[2024-09-03T11:27:34.218+0000] {logging_mixin.py:190} INFO - [2024-09-03T11:27:34.218+0000] {dag.py:4138} INFO - Setting next_dagrun for tutorial to 2024-09-02 00:00:00+00:00, run_after=2024-09-03 00:00:00+00:00
[2024-09-03T11:27:34.245+0000] {processor.py:208} INFO - Processing /home/airflow/.local/lib/python3.12/site-packages/airflow/example_dags/tutorial.py took 0.105 seconds
[2024-09-03T11:28:04.983+0000] {processor.py:186} INFO - Started process (PID=160) to work on /home/airflow/.local/lib/python3.12/site-packages/airflow/example_dags/tutorial.py
[2024-09-03T11:28:04.985+0000] {processor.py:914} INFO - Processing file /home/airflow/.local/lib/python3.12/site-packages/airflow/example_dags/tutorial.py for tasks to queue
[2024-09-03T11:28:04.988+0000] {logging_mixin.py:190} INFO - [2024-09-03T11:28:04.987+0000] {dagbag.py:587} INFO - Filling up the DagBag from /home/airflow/.local/lib/python3.12/site-packages/airflow/example_dags/tutorial.py
[2024-09-03T11:28:04.997+0000] {processor.py:925} INFO - DAG(s) 'tutorial' retrieved from /home/airflow/.local/lib/python3.12/site-packages/airflow/example_dags/tutorial.py
[2024-09-03T11:28:05.022+0000] {logging_mixin.py:190} INFO - [2024-09-03T11:28:05.022+0000] {dag.py:3211} INFO - Sync 1 DAGs
[2024-09-03T11:28:05.050+0000] {logging_mixin.py:190} INFO - [2024-09-03T11:28:05.050+0000] {dag.py:4138} INFO - Setting next_dagrun for tutorial to 2024-09-02 00:00:00+00:00, run_after=2024-09-03 00:00:00+00:00
[2024-09-03T11:28:05.076+0000] {processor.py:208} INFO - Processing /home/airflow/.local/lib/python3.12/site-packages/airflow/example_dags/tutorial.py took 0.098 seconds
[2024-09-03T11:28:35.303+0000] {processor.py:186} INFO - Started process (PID=227) to work on /home/airflow/.local/lib/python3.12/site-packages/airflow/example_dags/tutorial.py
[2024-09-03T11:28:35.305+0000] {processor.py:914} INFO - Processing file /home/airflow/.local/lib/python3.12/site-packages/airflow/example_dags/tutorial.py for tasks to queue
[2024-09-03T11:28:35.308+0000] {logging_mixin.py:190} INFO - [2024-09-03T11:28:35.307+0000] {dagbag.py:587} INFO - Filling up the DagBag from /home/airflow/.local/lib/python3.12/site-packages/airflow/example_dags/tutorial.py
[2024-09-03T11:28:35.315+0000] {processor.py:925} INFO - DAG(s) 'tutorial' retrieved from /home/airflow/.local/lib/python3.12/site-packages/airflow/example_dags/tutorial.py
[2024-09-03T11:28:35.340+0000] {logging_mixin.py:190} INFO - [2024-09-03T11:28:35.340+0000] {dag.py:3211} INFO - Sync 1 DAGs
[2024-09-03T11:28:35.366+0000] {logging_mixin.py:190} INFO - [2024-09-03T11:28:35.365+0000] {dag.py:4138} INFO - Setting next_dagrun for tutorial to 2024-09-02 00:00:00+00:00, run_after=2024-09-03 00:00:00+00:00
[2024-09-03T11:28:35.391+0000] {processor.py:208} INFO - Processing /home/airflow/.local/lib/python3.12/site-packages/airflow/example_dags/tutorial.py took 0.093 seconds
[2024-09-03T11:29:06.221+0000] {processor.py:186} INFO - Started process (PID=290) to work on /home/airflow/.local/lib/python3.12/site-packages/airflow/example_dags/tutorial.py
[2024-09-03T11:29:06.223+0000] {processor.py:914} INFO - Processing file /home/airflow/.local/lib/python3.12/site-packages/airflow/example_dags/tutorial.py for tasks to queue
[2024-09-03T11:29:06.227+0000] {logging_mixin.py:190} INFO - [2024-09-03T11:29:06.226+0000] {dagbag.py:587} INFO - Filling up the DagBag from /home/airflow/.local/lib/python3.12/site-packages/airflow/example_dags/tutorial.py
[2024-09-03T11:29:06.241+0000] {processor.py:925} INFO - DAG(s) 'tutorial' retrieved from /home/airflow/.local/lib/python3.12/site-packages/airflow/example_dags/tutorial.py
[2024-09-03T11:29:06.306+0000] {logging_mixin.py:190} INFO - [2024-09-03T11:29:06.306+0000] {dag.py:3211} INFO - Sync 1 DAGs
[2024-09-03T11:29:06.392+0000] {logging_mixin.py:190} INFO - [2024-09-03T11:29:06.391+0000] {dag.py:4138} INFO - Setting next_dagrun for tutorial to 2024-09-02 00:00:00+00:00, run_after=2024-09-03 00:00:00+00:00
[2024-09-03T11:29:06.455+0000] {processor.py:208} INFO - Processing /home/airflow/.local/lib/python3.12/site-packages/airflow/example_dags/tutorial.py took 0.242 seconds
[2024-09-03T11:29:36.518+0000] {processor.py:186} INFO - Started process (PID=353) to work on /home/airflow/.local/lib/python3.12/site-packages/airflow/example_dags/tutorial.py
[2024-09-03T11:29:36.519+0000] {processor.py:914} INFO - Processing file /home/airflow/.local/lib/python3.12/site-packages/airflow/example_dags/tutorial.py for tasks to queue
[2024-09-03T11:29:36.522+0000] {logging_mixin.py:190} INFO - [2024-09-03T11:29:36.521+0000] {dagbag.py:587} INFO - Filling up the DagBag from /home/airflow/.local/lib/python3.12/site-packages/airflow/example_dags/tutorial.py
[2024-09-03T11:29:36.529+0000] {processor.py:925} INFO - DAG(s) 'tutorial' retrieved from /home/airflow/.local/lib/python3.12/site-packages/airflow/example_dags/tutorial.py
[2024-09-03T11:29:36.554+0000] {logging_mixin.py:190} INFO - [2024-09-03T11:29:36.554+0000] {dag.py:3211} INFO - Sync 1 DAGs
[2024-09-03T11:29:36.578+0000] {logging_mixin.py:190} INFO - [2024-09-03T11:29:36.578+0000] {dag.py:4138} INFO - Setting next_dagrun for tutorial to 2024-09-02 00:00:00+00:00, run_after=2024-09-03 00:00:00+00:00
[2024-09-03T11:29:36.606+0000] {processor.py:208} INFO - Processing /home/airflow/.local/lib/python3.12/site-packages/airflow/example_dags/tutorial.py took 0.093 seconds
[2024-09-03T11:30:07.099+0000] {processor.py:186} INFO - Started process (PID=416) to work on /home/airflow/.local/lib/python3.12/site-packages/airflow/example_dags/tutorial.py
[2024-09-03T11:30:07.100+0000] {processor.py:914} INFO - Processing file /home/airflow/.local/lib/python3.12/site-packages/airflow/example_dags/tutorial.py for tasks to queue
[2024-09-03T11:30:07.103+0000] {logging_mixin.py:190} INFO - [2024-09-03T11:30:07.103+0000] {dagbag.py:587} INFO - Filling up the DagBag from /home/airflow/.local/lib/python3.12/site-packages/airflow/example_dags/tutorial.py
[2024-09-03T11:30:07.113+0000] {processor.py:925} INFO - DAG(s) 'tutorial' retrieved from /home/airflow/.local/lib/python3.12/site-packages/airflow/example_dags/tutorial.py
[2024-09-03T11:30:07.139+0000] {logging_mixin.py:190} INFO - [2024-09-03T11:30:07.139+0000] {dag.py:3211} INFO - Sync 1 DAGs
[2024-09-03T11:30:07.168+0000] {logging_mixin.py:190} INFO - [2024-09-03T11:30:07.168+0000] {dag.py:4138} INFO - Setting next_dagrun for tutorial to 2024-09-02 00:00:00+00:00, run_after=2024-09-03 00:00:00+00:00
[2024-09-03T11:30:07.196+0000] {processor.py:208} INFO - Processing /home/airflow/.local/lib/python3.12/site-packages/airflow/example_dags/tutorial.py took 0.103 seconds
[2024-09-03T11:30:37.462+0000] {processor.py:186} INFO - Started process (PID=479) to work on /home/airflow/.local/lib/python3.12/site-packages/airflow/example_dags/tutorial.py
[2024-09-03T11:30:37.464+0000] {processor.py:914} INFO - Processing file /home/airflow/.local/lib/python3.12/site-packages/airflow/example_dags/tutorial.py for tasks to queue
[2024-09-03T11:30:37.466+0000] {logging_mixin.py:190} INFO - [2024-09-03T11:30:37.466+0000] {dagbag.py:587} INFO - Filling up the DagBag from /home/airflow/.local/lib/python3.12/site-packages/airflow/example_dags/tutorial.py
[2024-09-03T11:30:37.474+0000] {processor.py:925} INFO - DAG(s) 'tutorial' retrieved from /home/airflow/.local/lib/python3.12/site-packages/airflow/example_dags/tutorial.py
[2024-09-03T11:30:37.505+0000] {logging_mixin.py:190} INFO - [2024-09-03T11:30:37.504+0000] {dag.py:3211} INFO - Sync 1 DAGs
[2024-09-03T11:30:37.550+0000] {logging_mixin.py:190} INFO - [2024-09-03T11:30:37.550+0000] {dag.py:4138} INFO - Setting next_dagrun for tutorial to 2024-09-02 00:00:00+00:00, run_after=2024-09-03 00:00:00+00:00
[2024-09-03T11:30:37.596+0000] {processor.py:208} INFO - Processing /home/airflow/.local/lib/python3.12/site-packages/airflow/example_dags/tutorial.py took 0.139 seconds
[2024-09-03T11:31:08.434+0000] {processor.py:186} INFO - Started process (PID=543) to work on /home/airflow/.local/lib/python3.12/site-packages/airflow/example_dags/tutorial.py
[2024-09-03T11:31:08.437+0000] {processor.py:914} INFO - Processing file /home/airflow/.local/lib/python3.12/site-packages/airflow/example_dags/tutorial.py for tasks to queue
[2024-09-03T11:31:08.443+0000] {logging_mixin.py:190} INFO - [2024-09-03T11:31:08.441+0000] {dagbag.py:587} INFO - Filling up the DagBag from /home/airflow/.local/lib/python3.12/site-packages/airflow/example_dags/tutorial.py
[2024-09-03T11:31:08.475+0000] {processor.py:925} INFO - DAG(s) 'tutorial' retrieved from /home/airflow/.local/lib/python3.12/site-packages/airflow/example_dags/tutorial.py
[2024-09-03T11:31:08.600+0000] {logging_mixin.py:190} INFO - [2024-09-03T11:31:08.599+0000] {dag.py:3211} INFO - Sync 1 DAGs
[2024-09-03T11:31:08.743+0000] {logging_mixin.py:190} INFO - [2024-09-03T11:31:08.742+0000] {dag.py:4138} INFO - Setting next_dagrun for tutorial to 2024-09-02 00:00:00+00:00, run_after=2024-09-03 00:00:00+00:00
[2024-09-03T11:31:08.795+0000] {processor.py:208} INFO - Processing /home/airflow/.local/lib/python3.12/site-packages/airflow/example_dags/tutorial.py took 0.380 seconds
[2024-09-03T11:31:39.418+0000] {processor.py:186} INFO - Started process (PID=606) to work on /home/airflow/.local/lib/python3.12/site-packages/airflow/example_dags/tutorial.py
[2024-09-03T11:31:39.419+0000] {processor.py:914} INFO - Processing file /home/airflow/.local/lib/python3.12/site-packages/airflow/example_dags/tutorial.py for tasks to queue
[2024-09-03T11:31:39.422+0000] {logging_mixin.py:190} INFO - [2024-09-03T11:31:39.422+0000] {dagbag.py:587} INFO - Filling up the DagBag from /home/airflow/.local/lib/python3.12/site-packages/airflow/example_dags/tutorial.py
[2024-09-03T11:31:39.430+0000] {processor.py:925} INFO - DAG(s) 'tutorial' retrieved from /home/airflow/.local/lib/python3.12/site-packages/airflow/example_dags/tutorial.py
[2024-09-03T11:31:39.453+0000] {logging_mixin.py:190} INFO - [2024-09-03T11:31:39.453+0000] {dag.py:3211} INFO - Sync 1 DAGs
[2024-09-03T11:31:39.479+0000] {logging_mixin.py:190} INFO - [2024-09-03T11:31:39.479+0000] {dag.py:4138} INFO - Setting next_dagrun for tutorial to 2024-09-02 00:00:00+00:00, run_after=2024-09-03 00:00:00+00:00
[2024-09-03T11:31:39.506+0000] {processor.py:208} INFO - Processing /home/airflow/.local/lib/python3.12/site-packages/airflow/example_dags/tutorial.py took 0.093 seconds
[2024-09-03T11:32:09.840+0000] {processor.py:186} INFO - Started process (PID=669) to work on /home/airflow/.local/lib/python3.12/site-packages/airflow/example_dags/tutorial.py
[2024-09-03T11:32:09.842+0000] {processor.py:914} INFO - Processing file /home/airflow/.local/lib/python3.12/site-packages/airflow/example_dags/tutorial.py for tasks to queue
[2024-09-03T11:32:09.845+0000] {logging_mixin.py:190} INFO - [2024-09-03T11:32:09.844+0000] {dagbag.py:587} INFO - Filling up the DagBag from /home/airflow/.local/lib/python3.12/site-packages/airflow/example_dags/tutorial.py
[2024-09-03T11:32:09.857+0000] {processor.py:925} INFO - DAG(s) 'tutorial' retrieved from /home/airflow/.local/lib/python3.12/site-packages/airflow/example_dags/tutorial.py
[2024-09-03T11:32:09.894+0000] {logging_mixin.py:190} INFO - [2024-09-03T11:32:09.894+0000] {dag.py:3211} INFO - Sync 1 DAGs
[2024-09-03T11:32:09.937+0000] {logging_mixin.py:190} INFO - [2024-09-03T11:32:09.937+0000] {dag.py:4138} INFO - Setting next_dagrun for tutorial to 2024-09-02 00:00:00+00:00, run_after=2024-09-03 00:00:00+00:00
[2024-09-03T11:32:09.971+0000] {processor.py:208} INFO - Processing /home/airflow/.local/lib/python3.12/site-packages/airflow/example_dags/tutorial.py took 0.140 seconds
[2024-09-03T11:32:40.205+0000] {processor.py:186} INFO - Started process (PID=732) to work on /home/airflow/.local/lib/python3.12/site-packages/airflow/example_dags/tutorial.py
[2024-09-03T11:32:40.206+0000] {processor.py:914} INFO - Processing file /home/airflow/.local/lib/python3.12/site-packages/airflow/example_dags/tutorial.py for tasks to queue
[2024-09-03T11:32:40.209+0000] {logging_mixin.py:190} INFO - [2024-09-03T11:32:40.208+0000] {dagbag.py:587} INFO - Filling up the DagBag from /home/airflow/.local/lib/python3.12/site-packages/airflow/example_dags/tutorial.py
[2024-09-03T11:32:40.216+0000] {processor.py:925} INFO - DAG(s) 'tutorial' retrieved from /home/airflow/.local/lib/python3.12/site-packages/airflow/example_dags/tutorial.py
[2024-09-03T11:32:40.240+0000] {logging_mixin.py:190} INFO - [2024-09-03T11:32:40.240+0000] {dag.py:3211} INFO - Sync 1 DAGs
[2024-09-03T11:32:40.272+0000] {logging_mixin.py:190} INFO - [2024-09-03T11:32:40.272+0000] {dag.py:4138} INFO - Setting next_dagrun for tutorial to 2024-09-02 00:00:00+00:00, run_after=2024-09-03 00:00:00+00:00
[2024-09-03T11:32:40.302+0000] {processor.py:208} INFO - Processing /home/airflow/.local/lib/python3.12/site-packages/airflow/example_dags/tutorial.py took 0.102 seconds
[2024-09-03T11:33:10.991+0000] {processor.py:186} INFO - Started process (PID=795) to work on /home/airflow/.local/lib/python3.12/site-packages/airflow/example_dags/tutorial.py
[2024-09-03T11:33:10.993+0000] {processor.py:914} INFO - Processing file /home/airflow/.local/lib/python3.12/site-packages/airflow/example_dags/tutorial.py for tasks to queue
[2024-09-03T11:33:10.997+0000] {logging_mixin.py:190} INFO - [2024-09-03T11:33:10.997+0000] {dagbag.py:587} INFO - Filling up the DagBag from /home/airflow/.local/lib/python3.12/site-packages/airflow/example_dags/tutorial.py
[2024-09-03T11:33:11.007+0000] {processor.py:925} INFO - DAG(s) 'tutorial' retrieved from /home/airflow/.local/lib/python3.12/site-packages/airflow/example_dags/tutorial.py
[2024-09-03T11:33:11.035+0000] {logging_mixin.py:190} INFO - [2024-09-03T11:33:11.034+0000] {dag.py:3211} INFO - Sync 1 DAGs
[2024-09-03T11:33:11.066+0000] {logging_mixin.py:190} INFO - [2024-09-03T11:33:11.065+0000] {dag.py:4138} INFO - Setting next_dagrun for tutorial to 2024-09-02 00:00:00+00:00, run_after=2024-09-03 00:00:00+00:00
[2024-09-03T11:33:11.095+0000] {processor.py:208} INFO - Processing /home/airflow/.local/lib/python3.12/site-packages/airflow/example_dags/tutorial.py took 0.112 seconds
[2024-09-03T11:33:41.258+0000] {processor.py:186} INFO - Started process (PID=858) to work on /home/airflow/.local/lib/python3.12/site-packages/airflow/example_dags/tutorial.py
[2024-09-03T11:33:41.260+0000] {processor.py:914} INFO - Processing file /home/airflow/.local/lib/python3.12/site-packages/airflow/example_dags/tutorial.py for tasks to queue
[2024-09-03T11:33:41.263+0000] {logging_mixin.py:190} INFO - [2024-09-03T11:33:41.263+0000] {dagbag.py:587} INFO - Filling up the DagBag from /home/airflow/.local/lib/python3.12/site-packages/airflow/example_dags/tutorial.py
[2024-09-03T11:33:41.270+0000] {processor.py:925} INFO - DAG(s) 'tutorial' retrieved from /home/airflow/.local/lib/python3.12/site-packages/airflow/example_dags/tutorial.py
[2024-09-03T11:33:41.295+0000] {logging_mixin.py:190} INFO - [2024-09-03T11:33:41.295+0000] {dag.py:3211} INFO - Sync 1 DAGs
[2024-09-03T11:33:41.319+0000] {logging_mixin.py:190} INFO - [2024-09-03T11:33:41.319+0000] {dag.py:4138} INFO - Setting next_dagrun for tutorial to 2024-09-02 00:00:00+00:00, run_after=2024-09-03 00:00:00+00:00
[2024-09-03T11:33:41.345+0000] {processor.py:208} INFO - Processing /home/airflow/.local/lib/python3.12/site-packages/airflow/example_dags/tutorial.py took 0.092 seconds
[2024-09-03T11:34:11.900+0000] {processor.py:186} INFO - Started process (PID=921) to work on /home/airflow/.local/lib/python3.12/site-packages/airflow/example_dags/tutorial.py
[2024-09-03T11:34:11.902+0000] {processor.py:914} INFO - Processing file /home/airflow/.local/lib/python3.12/site-packages/airflow/example_dags/tutorial.py for tasks to queue
[2024-09-03T11:34:11.905+0000] {logging_mixin.py:190} INFO - [2024-09-03T11:34:11.904+0000] {dagbag.py:587} INFO - Filling up the DagBag from /home/airflow/.local/lib/python3.12/site-packages/airflow/example_dags/tutorial.py
[2024-09-03T11:34:11.914+0000] {processor.py:925} INFO - DAG(s) 'tutorial' retrieved from /home/airflow/.local/lib/python3.12/site-packages/airflow/example_dags/tutorial.py
[2024-09-03T11:34:11.938+0000] {logging_mixin.py:190} INFO - [2024-09-03T11:34:11.938+0000] {dag.py:3211} INFO - Sync 1 DAGs
[2024-09-03T11:34:11.963+0000] {logging_mixin.py:190} INFO - [2024-09-03T11:34:11.963+0000] {dag.py:4138} INFO - Setting next_dagrun for tutorial to 2024-09-02 00:00:00+00:00, run_after=2024-09-03 00:00:00+00:00
[2024-09-03T11:34:11.990+0000] {processor.py:208} INFO - Processing /home/airflow/.local/lib/python3.12/site-packages/airflow/example_dags/tutorial.py took 0.095 seconds
[2024-09-03T11:34:42.949+0000] {processor.py:186} INFO - Started process (PID=984) to work on /home/airflow/.local/lib/python3.12/site-packages/airflow/example_dags/tutorial.py
[2024-09-03T11:34:42.958+0000] {processor.py:914} INFO - Processing file /home/airflow/.local/lib/python3.12/site-packages/airflow/example_dags/tutorial.py for tasks to queue
[2024-09-03T11:34:42.964+0000] {logging_mixin.py:190} INFO - [2024-09-03T11:34:42.963+0000] {dagbag.py:587} INFO - Filling up the DagBag from /home/airflow/.local/lib/python3.12/site-packages/airflow/example_dags/tutorial.py
[2024-09-03T11:34:42.997+0000] {processor.py:925} INFO - DAG(s) 'tutorial' retrieved from /home/airflow/.local/lib/python3.12/site-packages/airflow/example_dags/tutorial.py
[2024-09-03T11:34:43.087+0000] {logging_mixin.py:190} INFO - [2024-09-03T11:34:43.086+0000] {dag.py:3211} INFO - Sync 1 DAGs
[2024-09-03T11:34:43.181+0000] {logging_mixin.py:190} INFO - [2024-09-03T11:34:43.181+0000] {dag.py:4138} INFO - Setting next_dagrun for tutorial to 2024-09-02 00:00:00+00:00, run_after=2024-09-03 00:00:00+00:00
[2024-09-03T11:34:43.239+0000] {processor.py:208} INFO - Processing /home/airflow/.local/lib/python3.12/site-packages/airflow/example_dags/tutorial.py took 0.320 seconds
[2024-09-03T11:35:14.022+0000] {processor.py:186} INFO - Started process (PID=1047) to work on /home/airflow/.local/lib/python3.12/site-packages/airflow/example_dags/tutorial.py
[2024-09-03T11:35:14.023+0000] {processor.py:914} INFO - Processing file /home/airflow/.local/lib/python3.12/site-packages/airflow/example_dags/tutorial.py for tasks to queue
[2024-09-03T11:35:14.026+0000] {logging_mixin.py:190} INFO - [2024-09-03T11:35:14.026+0000] {dagbag.py:587} INFO - Filling up the DagBag from /home/airflow/.local/lib/python3.12/site-packages/airflow/example_dags/tutorial.py
[2024-09-03T11:35:14.037+0000] {processor.py:925} INFO - DAG(s) 'tutorial' retrieved from /home/airflow/.local/lib/python3.12/site-packages/airflow/example_dags/tutorial.py
[2024-09-03T11:35:14.063+0000] {logging_mixin.py:190} INFO - [2024-09-03T11:35:14.063+0000] {dag.py:3211} INFO - Sync 1 DAGs
[2024-09-03T11:35:14.099+0000] {logging_mixin.py:190} INFO - [2024-09-03T11:35:14.098+0000] {dag.py:4138} INFO - Setting next_dagrun for tutorial to 2024-09-02 00:00:00+00:00, run_after=2024-09-03 00:00:00+00:00
[2024-09-03T11:35:14.125+0000] {processor.py:208} INFO - Processing /home/airflow/.local/lib/python3.12/site-packages/airflow/example_dags/tutorial.py took 0.110 seconds
[2024-09-03T11:35:44.310+0000] {processor.py:186} INFO - Started process (PID=1110) to work on /home/airflow/.local/lib/python3.12/site-packages/airflow/example_dags/tutorial.py
[2024-09-03T11:35:44.311+0000] {processor.py:914} INFO - Processing file /home/airflow/.local/lib/python3.12/site-packages/airflow/example_dags/tutorial.py for tasks to queue
[2024-09-03T11:35:44.314+0000] {logging_mixin.py:190} INFO - [2024-09-03T11:35:44.313+0000] {dagbag.py:587} INFO - Filling up the DagBag from /home/airflow/.local/lib/python3.12/site-packages/airflow/example_dags/tutorial.py
[2024-09-03T11:35:44.321+0000] {processor.py:925} INFO - DAG(s) 'tutorial' retrieved from /home/airflow/.local/lib/python3.12/site-packages/airflow/example_dags/tutorial.py
[2024-09-03T11:35:44.345+0000] {logging_mixin.py:190} INFO - [2024-09-03T11:35:44.345+0000] {dag.py:3211} INFO - Sync 1 DAGs
[2024-09-03T11:35:44.371+0000] {logging_mixin.py:190} INFO - [2024-09-03T11:35:44.370+0000] {dag.py:4138} INFO - Setting next_dagrun for tutorial to 2024-09-02 00:00:00+00:00, run_after=2024-09-03 00:00:00+00:00
[2024-09-03T11:35:44.395+0000] {processor.py:208} INFO - Processing /home/airflow/.local/lib/python3.12/site-packages/airflow/example_dags/tutorial.py took 0.091 seconds
[2024-09-03T11:36:15.227+0000] {processor.py:186} INFO - Started process (PID=1173) to work on /home/airflow/.local/lib/python3.12/site-packages/airflow/example_dags/tutorial.py
[2024-09-03T11:36:15.229+0000] {processor.py:914} INFO - Processing file /home/airflow/.local/lib/python3.12/site-packages/airflow/example_dags/tutorial.py for tasks to queue
[2024-09-03T11:36:15.232+0000] {logging_mixin.py:190} INFO - [2024-09-03T11:36:15.232+0000] {dagbag.py:587} INFO - Filling up the DagBag from /home/airflow/.local/lib/python3.12/site-packages/airflow/example_dags/tutorial.py
[2024-09-03T11:36:15.242+0000] {processor.py:925} INFO - DAG(s) 'tutorial' retrieved from /home/airflow/.local/lib/python3.12/site-packages/airflow/example_dags/tutorial.py
[2024-09-03T11:36:15.265+0000] {logging_mixin.py:190} INFO - [2024-09-03T11:36:15.264+0000] {dag.py:3211} INFO - Sync 1 DAGs
[2024-09-03T11:36:15.289+0000] {logging_mixin.py:190} INFO - [2024-09-03T11:36:15.289+0000] {dag.py:4138} INFO - Setting next_dagrun for tutorial to 2024-09-02 00:00:00+00:00, run_after=2024-09-03 00:00:00+00:00
[2024-09-03T11:36:15.317+0000] {processor.py:208} INFO - Processing /home/airflow/.local/lib/python3.12/site-packages/airflow/example_dags/tutorial.py took 0.097 seconds
[2024-09-03T11:36:45.798+0000] {processor.py:186} INFO - Started process (PID=1236) to work on /home/airflow/.local/lib/python3.12/site-packages/airflow/example_dags/tutorial.py
[2024-09-03T11:36:45.914+0000] {processor.py:914} INFO - Processing file /home/airflow/.local/lib/python3.12/site-packages/airflow/example_dags/tutorial.py for tasks to queue
[2024-09-03T11:36:45.918+0000] {logging_mixin.py:190} INFO - [2024-09-03T11:36:45.918+0000] {dagbag.py:587} INFO - Filling up the DagBag from /home/airflow/.local/lib/python3.12/site-packages/airflow/example_dags/tutorial.py
[2024-09-03T11:36:45.935+0000] {processor.py:925} INFO - DAG(s) 'tutorial' retrieved from /home/airflow/.local/lib/python3.12/site-packages/airflow/example_dags/tutorial.py
[2024-09-03T11:36:45.997+0000] {logging_mixin.py:190} INFO - [2024-09-03T11:36:45.997+0000] {dag.py:3211} INFO - Sync 1 DAGs
[2024-09-03T11:36:46.138+0000] {logging_mixin.py:190} INFO - [2024-09-03T11:36:46.138+0000] {dag.py:4138} INFO - Setting next_dagrun for tutorial to 2024-09-02 00:00:00+00:00, run_after=2024-09-03 00:00:00+00:00
[2024-09-03T11:36:46.180+0000] {processor.py:208} INFO - Processing /home/airflow/.local/lib/python3.12/site-packages/airflow/example_dags/tutorial.py took 0.392 seconds
[2024-09-03T11:37:16.880+0000] {processor.py:186} INFO - Started process (PID=1299) to work on /home/airflow/.local/lib/python3.12/site-packages/airflow/example_dags/tutorial.py
[2024-09-03T11:37:16.881+0000] {processor.py:914} INFO - Processing file /home/airflow/.local/lib/python3.12/site-packages/airflow/example_dags/tutorial.py for tasks to queue
[2024-09-03T11:37:16.886+0000] {logging_mixin.py:190} INFO - [2024-09-03T11:37:16.885+0000] {dagbag.py:587} INFO - Filling up the DagBag from /home/airflow/.local/lib/python3.12/site-packages/airflow/example_dags/tutorial.py
[2024-09-03T11:37:16.901+0000] {processor.py:925} INFO - DAG(s) 'tutorial' retrieved from /home/airflow/.local/lib/python3.12/site-packages/airflow/example_dags/tutorial.py
[2024-09-03T11:37:16.941+0000] {logging_mixin.py:190} INFO - [2024-09-03T11:37:16.941+0000] {dag.py:3211} INFO - Sync 1 DAGs
[2024-09-03T11:37:16.983+0000] {logging_mixin.py:190} INFO - [2024-09-03T11:37:16.982+0000] {dag.py:4138} INFO - Setting next_dagrun for tutorial to 2024-09-02 00:00:00+00:00, run_after=2024-09-03 00:00:00+00:00
[2024-09-03T11:37:17.019+0000] {processor.py:208} INFO - Processing /home/airflow/.local/lib/python3.12/site-packages/airflow/example_dags/tutorial.py took 0.149 seconds
[2024-09-03T11:37:48.008+0000] {processor.py:186} INFO - Started process (PID=1362) to work on /home/airflow/.local/lib/python3.12/site-packages/airflow/example_dags/tutorial.py
[2024-09-03T11:37:48.010+0000] {processor.py:914} INFO - Processing file /home/airflow/.local/lib/python3.12/site-packages/airflow/example_dags/tutorial.py for tasks to queue
[2024-09-03T11:37:48.014+0000] {logging_mixin.py:190} INFO - [2024-09-03T11:37:48.014+0000] {dagbag.py:587} INFO - Filling up the DagBag from /home/airflow/.local/lib/python3.12/site-packages/airflow/example_dags/tutorial.py
[2024-09-03T11:37:48.027+0000] {processor.py:925} INFO - DAG(s) 'tutorial' retrieved from /home/airflow/.local/lib/python3.12/site-packages/airflow/example_dags/tutorial.py
[2024-09-03T11:37:48.063+0000] {logging_mixin.py:190} INFO - [2024-09-03T11:37:48.063+0000] {dag.py:3211} INFO - Sync 1 DAGs
[2024-09-03T11:37:48.098+0000] {logging_mixin.py:190} INFO - [2024-09-03T11:37:48.098+0000] {dag.py:4138} INFO - Setting next_dagrun for tutorial to 2024-09-02 00:00:00+00:00, run_after=2024-09-03 00:00:00+00:00
[2024-09-03T11:37:48.132+0000] {processor.py:208} INFO - Processing /home/airflow/.local/lib/python3.12/site-packages/airflow/example_dags/tutorial.py took 0.132 seconds
[2024-09-03T11:38:19.067+0000] {processor.py:186} INFO - Started process (PID=1425) to work on /home/airflow/.local/lib/python3.12/site-packages/airflow/example_dags/tutorial.py
[2024-09-03T11:38:19.068+0000] {processor.py:914} INFO - Processing file /home/airflow/.local/lib/python3.12/site-packages/airflow/example_dags/tutorial.py for tasks to queue
[2024-09-03T11:38:19.073+0000] {logging_mixin.py:190} INFO - [2024-09-03T11:38:19.072+0000] {dagbag.py:587} INFO - Filling up the DagBag from /home/airflow/.local/lib/python3.12/site-packages/airflow/example_dags/tutorial.py
[2024-09-03T11:38:19.085+0000] {processor.py:925} INFO - DAG(s) 'tutorial' retrieved from /home/airflow/.local/lib/python3.12/site-packages/airflow/example_dags/tutorial.py
[2024-09-03T11:38:19.121+0000] {logging_mixin.py:190} INFO - [2024-09-03T11:38:19.120+0000] {dag.py:3211} INFO - Sync 1 DAGs
[2024-09-03T11:38:19.163+0000] {logging_mixin.py:190} INFO - [2024-09-03T11:38:19.163+0000] {dag.py:4138} INFO - Setting next_dagrun for tutorial to 2024-09-02 00:00:00+00:00, run_after=2024-09-03 00:00:00+00:00
[2024-09-03T11:38:19.202+0000] {processor.py:208} INFO - Processing /home/airflow/.local/lib/python3.12/site-packages/airflow/example_dags/tutorial.py took 0.143 seconds
[2024-09-03T11:38:49.886+0000] {processor.py:186} INFO - Started process (PID=1488) to work on /home/airflow/.local/lib/python3.12/site-packages/airflow/example_dags/tutorial.py
[2024-09-03T11:38:49.888+0000] {processor.py:914} INFO - Processing file /home/airflow/.local/lib/python3.12/site-packages/airflow/example_dags/tutorial.py for tasks to queue
[2024-09-03T11:38:49.892+0000] {logging_mixin.py:190} INFO - [2024-09-03T11:38:49.891+0000] {dagbag.py:587} INFO - Filling up the DagBag from /home/airflow/.local/lib/python3.12/site-packages/airflow/example_dags/tutorial.py
[2024-09-03T11:38:49.905+0000] {processor.py:925} INFO - DAG(s) 'tutorial' retrieved from /home/airflow/.local/lib/python3.12/site-packages/airflow/example_dags/tutorial.py
[2024-09-03T11:38:49.941+0000] {logging_mixin.py:190} INFO - [2024-09-03T11:38:49.940+0000] {dag.py:3211} INFO - Sync 1 DAGs
[2024-09-03T11:38:49.992+0000] {logging_mixin.py:190} INFO - [2024-09-03T11:38:49.992+0000] {dag.py:4138} INFO - Setting next_dagrun for tutorial to 2024-09-02 00:00:00+00:00, run_after=2024-09-03 00:00:00+00:00
[2024-09-03T11:38:50.037+0000] {processor.py:208} INFO - Processing /home/airflow/.local/lib/python3.12/site-packages/airflow/example_dags/tutorial.py took 0.160 seconds
[2024-09-03T11:39:20.542+0000] {processor.py:186} INFO - Started process (PID=1551) to work on /home/airflow/.local/lib/python3.12/site-packages/airflow/example_dags/tutorial.py
[2024-09-03T11:39:20.544+0000] {processor.py:914} INFO - Processing file /home/airflow/.local/lib/python3.12/site-packages/airflow/example_dags/tutorial.py for tasks to queue
[2024-09-03T11:39:20.548+0000] {logging_mixin.py:190} INFO - [2024-09-03T11:39:20.547+0000] {dagbag.py:587} INFO - Filling up the DagBag from /home/airflow/.local/lib/python3.12/site-packages/airflow/example_dags/tutorial.py
[2024-09-03T11:39:20.562+0000] {processor.py:925} INFO - DAG(s) 'tutorial' retrieved from /home/airflow/.local/lib/python3.12/site-packages/airflow/example_dags/tutorial.py
[2024-09-03T11:39:20.593+0000] {logging_mixin.py:190} INFO - [2024-09-03T11:39:20.593+0000] {dag.py:3211} INFO - Sync 1 DAGs
[2024-09-03T11:39:20.625+0000] {logging_mixin.py:190} INFO - [2024-09-03T11:39:20.624+0000] {dag.py:4138} INFO - Setting next_dagrun for tutorial to 2024-09-02 00:00:00+00:00, run_after=2024-09-03 00:00:00+00:00
[2024-09-03T11:39:20.662+0000] {processor.py:208} INFO - Processing /home/airflow/.local/lib/python3.12/site-packages/airflow/example_dags/tutorial.py took 0.129 seconds
[2024-09-03T11:39:50.899+0000] {processor.py:186} INFO - Started process (PID=1614) to work on /home/airflow/.local/lib/python3.12/site-packages/airflow/example_dags/tutorial.py
[2024-09-03T11:39:50.900+0000] {processor.py:914} INFO - Processing file /home/airflow/.local/lib/python3.12/site-packages/airflow/example_dags/tutorial.py for tasks to queue
[2024-09-03T11:39:50.904+0000] {logging_mixin.py:190} INFO - [2024-09-03T11:39:50.904+0000] {dagbag.py:587} INFO - Filling up the DagBag from /home/airflow/.local/lib/python3.12/site-packages/airflow/example_dags/tutorial.py
[2024-09-03T11:39:50.914+0000] {processor.py:925} INFO - DAG(s) 'tutorial' retrieved from /home/airflow/.local/lib/python3.12/site-packages/airflow/example_dags/tutorial.py
[2024-09-03T11:39:50.945+0000] {logging_mixin.py:190} INFO - [2024-09-03T11:39:50.945+0000] {dag.py:3211} INFO - Sync 1 DAGs
[2024-09-03T11:39:50.975+0000] {logging_mixin.py:190} INFO - [2024-09-03T11:39:50.974+0000] {dag.py:4138} INFO - Setting next_dagrun for tutorial to 2024-09-02 00:00:00+00:00, run_after=2024-09-03 00:00:00+00:00
[2024-09-03T11:39:51.005+0000] {processor.py:208} INFO - Processing /home/airflow/.local/lib/python3.12/site-packages/airflow/example_dags/tutorial.py took 0.113 seconds
[2024-09-03T11:40:21.071+0000] {processor.py:186} INFO - Started process (PID=1677) to work on /home/airflow/.local/lib/python3.12/site-packages/airflow/example_dags/tutorial.py
[2024-09-03T11:40:21.073+0000] {processor.py:914} INFO - Processing file /home/airflow/.local/lib/python3.12/site-packages/airflow/example_dags/tutorial.py for tasks to queue
[2024-09-03T11:40:21.077+0000] {logging_mixin.py:190} INFO - [2024-09-03T11:40:21.077+0000] {dagbag.py:587} INFO - Filling up the DagBag from /home/airflow/.local/lib/python3.12/site-packages/airflow/example_dags/tutorial.py
[2024-09-03T11:40:21.087+0000] {processor.py:925} INFO - DAG(s) 'tutorial' retrieved from /home/airflow/.local/lib/python3.12/site-packages/airflow/example_dags/tutorial.py
[2024-09-03T11:40:21.117+0000] {logging_mixin.py:190} INFO - [2024-09-03T11:40:21.116+0000] {dag.py:3211} INFO - Sync 1 DAGs
[2024-09-03T11:40:21.154+0000] {logging_mixin.py:190} INFO - [2024-09-03T11:40:21.154+0000] {dag.py:4138} INFO - Setting next_dagrun for tutorial to 2024-09-02 00:00:00+00:00, run_after=2024-09-03 00:00:00+00:00
[2024-09-03T11:40:21.188+0000] {processor.py:208} INFO - Processing /home/airflow/.local/lib/python3.12/site-packages/airflow/example_dags/tutorial.py took 0.125 seconds
[2024-09-03T11:40:52.334+0000] {processor.py:186} INFO - Started process (PID=1741) to work on /home/airflow/.local/lib/python3.12/site-packages/airflow/example_dags/tutorial.py
[2024-09-03T11:40:52.364+0000] {processor.py:914} INFO - Processing file /home/airflow/.local/lib/python3.12/site-packages/airflow/example_dags/tutorial.py for tasks to queue
[2024-09-03T11:40:52.374+0000] {logging_mixin.py:190} INFO - [2024-09-03T11:40:52.373+0000] {dagbag.py:587} INFO - Filling up the DagBag from /home/airflow/.local/lib/python3.12/site-packages/airflow/example_dags/tutorial.py
[2024-09-03T11:40:52.398+0000] {processor.py:925} INFO - DAG(s) 'tutorial' retrieved from /home/airflow/.local/lib/python3.12/site-packages/airflow/example_dags/tutorial.py
[2024-09-03T11:40:52.457+0000] {logging_mixin.py:190} INFO - [2024-09-03T11:40:52.456+0000] {dag.py:3211} INFO - Sync 1 DAGs
[2024-09-03T11:40:52.564+0000] {logging_mixin.py:190} INFO - [2024-09-03T11:40:52.563+0000] {dag.py:4138} INFO - Setting next_dagrun for tutorial to 2024-09-02 00:00:00+00:00, run_after=2024-09-03 00:00:00+00:00
[2024-09-03T11:40:52.670+0000] {processor.py:208} INFO - Processing /home/airflow/.local/lib/python3.12/site-packages/airflow/example_dags/tutorial.py took 0.358 seconds
[2024-09-03T11:41:23.312+0000] {processor.py:186} INFO - Started process (PID=1804) to work on /home/airflow/.local/lib/python3.12/site-packages/airflow/example_dags/tutorial.py
[2024-09-03T11:41:23.314+0000] {processor.py:914} INFO - Processing file /home/airflow/.local/lib/python3.12/site-packages/airflow/example_dags/tutorial.py for tasks to queue
[2024-09-03T11:41:23.320+0000] {logging_mixin.py:190} INFO - [2024-09-03T11:41:23.319+0000] {dagbag.py:587} INFO - Filling up the DagBag from /home/airflow/.local/lib/python3.12/site-packages/airflow/example_dags/tutorial.py
[2024-09-03T11:41:23.342+0000] {processor.py:925} INFO - DAG(s) 'tutorial' retrieved from /home/airflow/.local/lib/python3.12/site-packages/airflow/example_dags/tutorial.py
[2024-09-03T11:41:23.406+0000] {logging_mixin.py:190} INFO - [2024-09-03T11:41:23.405+0000] {dag.py:3211} INFO - Sync 1 DAGs
[2024-09-03T11:41:23.512+0000] {logging_mixin.py:190} INFO - [2024-09-03T11:41:23.511+0000] {dag.py:4138} INFO - Setting next_dagrun for tutorial to 2024-09-02 00:00:00+00:00, run_after=2024-09-03 00:00:00+00:00
[2024-09-03T11:41:23.577+0000] {processor.py:208} INFO - Processing /home/airflow/.local/lib/python3.12/site-packages/airflow/example_dags/tutorial.py took 0.283 seconds
[2024-09-03T11:41:54.365+0000] {processor.py:186} INFO - Started process (PID=1867) to work on /home/airflow/.local/lib/python3.12/site-packages/airflow/example_dags/tutorial.py
[2024-09-03T11:41:54.367+0000] {processor.py:914} INFO - Processing file /home/airflow/.local/lib/python3.12/site-packages/airflow/example_dags/tutorial.py for tasks to queue
[2024-09-03T11:41:54.372+0000] {logging_mixin.py:190} INFO - [2024-09-03T11:41:54.371+0000] {dagbag.py:587} INFO - Filling up the DagBag from /home/airflow/.local/lib/python3.12/site-packages/airflow/example_dags/tutorial.py
[2024-09-03T11:41:54.392+0000] {processor.py:925} INFO - DAG(s) 'tutorial' retrieved from /home/airflow/.local/lib/python3.12/site-packages/airflow/example_dags/tutorial.py
[2024-09-03T11:41:54.433+0000] {logging_mixin.py:190} INFO - [2024-09-03T11:41:54.432+0000] {dag.py:3211} INFO - Sync 1 DAGs
[2024-09-03T11:41:54.490+0000] {logging_mixin.py:190} INFO - [2024-09-03T11:41:54.488+0000] {dag.py:4138} INFO - Setting next_dagrun for tutorial to 2024-09-02 00:00:00+00:00, run_after=2024-09-03 00:00:00+00:00
[2024-09-03T11:41:54.536+0000] {processor.py:208} INFO - Processing /home/airflow/.local/lib/python3.12/site-packages/airflow/example_dags/tutorial.py took 0.183 seconds
[2024-09-03T11:42:25.375+0000] {processor.py:186} INFO - Started process (PID=1930) to work on /home/airflow/.local/lib/python3.12/site-packages/airflow/example_dags/tutorial.py
[2024-09-03T11:42:25.377+0000] {processor.py:914} INFO - Processing file /home/airflow/.local/lib/python3.12/site-packages/airflow/example_dags/tutorial.py for tasks to queue
[2024-09-03T11:42:25.381+0000] {logging_mixin.py:190} INFO - [2024-09-03T11:42:25.381+0000] {dagbag.py:587} INFO - Filling up the DagBag from /home/airflow/.local/lib/python3.12/site-packages/airflow/example_dags/tutorial.py
[2024-09-03T11:42:25.398+0000] {processor.py:925} INFO - DAG(s) 'tutorial' retrieved from /home/airflow/.local/lib/python3.12/site-packages/airflow/example_dags/tutorial.py
[2024-09-03T11:42:25.444+0000] {logging_mixin.py:190} INFO - [2024-09-03T11:42:25.443+0000] {dag.py:3211} INFO - Sync 1 DAGs
[2024-09-03T11:42:25.511+0000] {logging_mixin.py:190} INFO - [2024-09-03T11:42:25.510+0000] {dag.py:4138} INFO - Setting next_dagrun for tutorial to 2024-09-02 00:00:00+00:00, run_after=2024-09-03 00:00:00+00:00
[2024-09-03T11:42:25.556+0000] {processor.py:208} INFO - Processing /home/airflow/.local/lib/python3.12/site-packages/airflow/example_dags/tutorial.py took 0.201 seconds
[2024-09-03T11:42:56.020+0000] {processor.py:186} INFO - Started process (PID=1993) to work on /home/airflow/.local/lib/python3.12/site-packages/airflow/example_dags/tutorial.py
[2024-09-03T11:42:56.022+0000] {processor.py:914} INFO - Processing file /home/airflow/.local/lib/python3.12/site-packages/airflow/example_dags/tutorial.py for tasks to queue
[2024-09-03T11:42:56.027+0000] {logging_mixin.py:190} INFO - [2024-09-03T11:42:56.026+0000] {dagbag.py:587} INFO - Filling up the DagBag from /home/airflow/.local/lib/python3.12/site-packages/airflow/example_dags/tutorial.py
[2024-09-03T11:42:56.044+0000] {processor.py:925} INFO - DAG(s) 'tutorial' retrieved from /home/airflow/.local/lib/python3.12/site-packages/airflow/example_dags/tutorial.py
[2024-09-03T11:42:56.084+0000] {logging_mixin.py:190} INFO - [2024-09-03T11:42:56.083+0000] {dag.py:3211} INFO - Sync 1 DAGs
[2024-09-03T11:42:56.129+0000] {logging_mixin.py:190} INFO - [2024-09-03T11:42:56.129+0000] {dag.py:4138} INFO - Setting next_dagrun for tutorial to 2024-09-02 00:00:00+00:00, run_after=2024-09-03 00:00:00+00:00
[2024-09-03T11:42:56.171+0000] {processor.py:208} INFO - Processing /home/airflow/.local/lib/python3.12/site-packages/airflow/example_dags/tutorial.py took 0.160 seconds
[2024-09-03T11:43:26.343+0000] {processor.py:186} INFO - Started process (PID=2055) to work on /home/airflow/.local/lib/python3.12/site-packages/airflow/example_dags/tutorial.py
[2024-09-03T11:43:26.346+0000] {processor.py:914} INFO - Processing file /home/airflow/.local/lib/python3.12/site-packages/airflow/example_dags/tutorial.py for tasks to queue
[2024-09-03T11:43:26.351+0000] {logging_mixin.py:190} INFO - [2024-09-03T11:43:26.350+0000] {dagbag.py:587} INFO - Filling up the DagBag from /home/airflow/.local/lib/python3.12/site-packages/airflow/example_dags/tutorial.py
[2024-09-03T11:43:26.370+0000] {processor.py:925} INFO - DAG(s) 'tutorial' retrieved from /home/airflow/.local/lib/python3.12/site-packages/airflow/example_dags/tutorial.py
[2024-09-03T11:43:26.409+0000] {logging_mixin.py:190} INFO - [2024-09-03T11:43:26.409+0000] {dag.py:3211} INFO - Sync 1 DAGs
[2024-09-03T11:43:26.454+0000] {logging_mixin.py:190} INFO - [2024-09-03T11:43:26.453+0000] {dag.py:4138} INFO - Setting next_dagrun for tutorial to 2024-09-02 00:00:00+00:00, run_after=2024-09-03 00:00:00+00:00
[2024-09-03T11:43:26.492+0000] {processor.py:208} INFO - Processing /home/airflow/.local/lib/python3.12/site-packages/airflow/example_dags/tutorial.py took 0.159 seconds
[2024-09-03T11:43:56.594+0000] {processor.py:186} INFO - Started process (PID=2118) to work on /home/airflow/.local/lib/python3.12/site-packages/airflow/example_dags/tutorial.py
[2024-09-03T11:43:56.595+0000] {processor.py:914} INFO - Processing file /home/airflow/.local/lib/python3.12/site-packages/airflow/example_dags/tutorial.py for tasks to queue
[2024-09-03T11:43:56.599+0000] {logging_mixin.py:190} INFO - [2024-09-03T11:43:56.599+0000] {dagbag.py:587} INFO - Filling up the DagBag from /home/airflow/.local/lib/python3.12/site-packages/airflow/example_dags/tutorial.py
[2024-09-03T11:43:56.609+0000] {processor.py:925} INFO - DAG(s) 'tutorial' retrieved from /home/airflow/.local/lib/python3.12/site-packages/airflow/example_dags/tutorial.py
[2024-09-03T11:43:56.638+0000] {logging_mixin.py:190} INFO - [2024-09-03T11:43:56.638+0000] {dag.py:3211} INFO - Sync 1 DAGs
[2024-09-03T11:43:56.672+0000] {logging_mixin.py:190} INFO - [2024-09-03T11:43:56.672+0000] {dag.py:4138} INFO - Setting next_dagrun for tutorial to 2024-09-02 00:00:00+00:00, run_after=2024-09-03 00:00:00+00:00
[2024-09-03T11:43:56.703+0000] {processor.py:208} INFO - Processing /home/airflow/.local/lib/python3.12/site-packages/airflow/example_dags/tutorial.py took 0.115 seconds
[2024-09-03T11:44:26.834+0000] {processor.py:186} INFO - Started process (PID=2181) to work on /home/airflow/.local/lib/python3.12/site-packages/airflow/example_dags/tutorial.py
[2024-09-03T11:44:26.835+0000] {processor.py:914} INFO - Processing file /home/airflow/.local/lib/python3.12/site-packages/airflow/example_dags/tutorial.py for tasks to queue
[2024-09-03T11:44:26.838+0000] {logging_mixin.py:190} INFO - [2024-09-03T11:44:26.837+0000] {dagbag.py:587} INFO - Filling up the DagBag from /home/airflow/.local/lib/python3.12/site-packages/airflow/example_dags/tutorial.py
[2024-09-03T11:44:26.846+0000] {processor.py:925} INFO - DAG(s) 'tutorial' retrieved from /home/airflow/.local/lib/python3.12/site-packages/airflow/example_dags/tutorial.py
[2024-09-03T11:44:26.870+0000] {logging_mixin.py:190} INFO - [2024-09-03T11:44:26.870+0000] {dag.py:3211} INFO - Sync 1 DAGs
[2024-09-03T11:44:26.899+0000] {logging_mixin.py:190} INFO - [2024-09-03T11:44:26.898+0000] {dag.py:4138} INFO - Setting next_dagrun for tutorial to 2024-09-02 00:00:00+00:00, run_after=2024-09-03 00:00:00+00:00
[2024-09-03T11:44:26.925+0000] {processor.py:208} INFO - Processing /home/airflow/.local/lib/python3.12/site-packages/airflow/example_dags/tutorial.py took 0.097 seconds
[2024-09-03T11:44:57.025+0000] {processor.py:186} INFO - Started process (PID=2244) to work on /home/airflow/.local/lib/python3.12/site-packages/airflow/example_dags/tutorial.py
[2024-09-03T11:44:57.026+0000] {processor.py:914} INFO - Processing file /home/airflow/.local/lib/python3.12/site-packages/airflow/example_dags/tutorial.py for tasks to queue
[2024-09-03T11:44:57.030+0000] {logging_mixin.py:190} INFO - [2024-09-03T11:44:57.029+0000] {dagbag.py:587} INFO - Filling up the DagBag from /home/airflow/.local/lib/python3.12/site-packages/airflow/example_dags/tutorial.py
[2024-09-03T11:44:57.039+0000] {processor.py:925} INFO - DAG(s) 'tutorial' retrieved from /home/airflow/.local/lib/python3.12/site-packages/airflow/example_dags/tutorial.py
[2024-09-03T11:44:57.065+0000] {logging_mixin.py:190} INFO - [2024-09-03T11:44:57.064+0000] {dag.py:3211} INFO - Sync 1 DAGs
[2024-09-03T11:44:57.090+0000] {logging_mixin.py:190} INFO - [2024-09-03T11:44:57.090+0000] {dag.py:4138} INFO - Setting next_dagrun for tutorial to 2024-09-02 00:00:00+00:00, run_after=2024-09-03 00:00:00+00:00
[2024-09-03T11:44:57.118+0000] {processor.py:208} INFO - Processing /home/airflow/.local/lib/python3.12/site-packages/airflow/example_dags/tutorial.py took 0.099 seconds
[2024-09-03T11:45:27.274+0000] {processor.py:186} INFO - Started process (PID=2307) to work on /home/airflow/.local/lib/python3.12/site-packages/airflow/example_dags/tutorial.py
[2024-09-03T11:45:27.276+0000] {processor.py:914} INFO - Processing file /home/airflow/.local/lib/python3.12/site-packages/airflow/example_dags/tutorial.py for tasks to queue
[2024-09-03T11:45:27.279+0000] {logging_mixin.py:190} INFO - [2024-09-03T11:45:27.278+0000] {dagbag.py:587} INFO - Filling up the DagBag from /home/airflow/.local/lib/python3.12/site-packages/airflow/example_dags/tutorial.py
[2024-09-03T11:45:27.287+0000] {processor.py:925} INFO - DAG(s) 'tutorial' retrieved from /home/airflow/.local/lib/python3.12/site-packages/airflow/example_dags/tutorial.py
[2024-09-03T11:45:27.310+0000] {logging_mixin.py:190} INFO - [2024-09-03T11:45:27.310+0000] {dag.py:3211} INFO - Sync 1 DAGs
[2024-09-03T11:45:27.336+0000] {logging_mixin.py:190} INFO - [2024-09-03T11:45:27.335+0000] {dag.py:4138} INFO - Setting next_dagrun for tutorial to 2024-09-02 00:00:00+00:00, run_after=2024-09-03 00:00:00+00:00
[2024-09-03T11:45:27.361+0000] {processor.py:208} INFO - Processing /home/airflow/.local/lib/python3.12/site-packages/airflow/example_dags/tutorial.py took 0.092 seconds
[2024-09-03T11:45:57.824+0000] {processor.py:186} INFO - Started process (PID=2370) to work on /home/airflow/.local/lib/python3.12/site-packages/airflow/example_dags/tutorial.py
[2024-09-03T11:45:57.825+0000] {processor.py:914} INFO - Processing file /home/airflow/.local/lib/python3.12/site-packages/airflow/example_dags/tutorial.py for tasks to queue
[2024-09-03T11:45:57.829+0000] {logging_mixin.py:190} INFO - [2024-09-03T11:45:57.829+0000] {dagbag.py:587} INFO - Filling up the DagBag from /home/airflow/.local/lib/python3.12/site-packages/airflow/example_dags/tutorial.py
[2024-09-03T11:45:57.840+0000] {processor.py:925} INFO - DAG(s) 'tutorial' retrieved from /home/airflow/.local/lib/python3.12/site-packages/airflow/example_dags/tutorial.py
[2024-09-03T11:45:57.865+0000] {logging_mixin.py:190} INFO - [2024-09-03T11:45:57.865+0000] {dag.py:3211} INFO - Sync 1 DAGs
[2024-09-03T11:45:57.892+0000] {logging_mixin.py:190} INFO - [2024-09-03T11:45:57.892+0000] {dag.py:4138} INFO - Setting next_dagrun for tutorial to 2024-09-02 00:00:00+00:00, run_after=2024-09-03 00:00:00+00:00
[2024-09-03T11:45:57.921+0000] {processor.py:208} INFO - Processing /home/airflow/.local/lib/python3.12/site-packages/airflow/example_dags/tutorial.py took 0.103 seconds
[2024-09-03T11:46:28.161+0000] {processor.py:186} INFO - Started process (PID=2433) to work on /home/airflow/.local/lib/python3.12/site-packages/airflow/example_dags/tutorial.py
[2024-09-03T11:46:28.162+0000] {processor.py:914} INFO - Processing file /home/airflow/.local/lib/python3.12/site-packages/airflow/example_dags/tutorial.py for tasks to queue
[2024-09-03T11:46:28.166+0000] {logging_mixin.py:190} INFO - [2024-09-03T11:46:28.165+0000] {dagbag.py:587} INFO - Filling up the DagBag from /home/airflow/.local/lib/python3.12/site-packages/airflow/example_dags/tutorial.py
[2024-09-03T11:46:28.177+0000] {processor.py:925} INFO - DAG(s) 'tutorial' retrieved from /home/airflow/.local/lib/python3.12/site-packages/airflow/example_dags/tutorial.py
[2024-09-03T11:46:28.207+0000] {logging_mixin.py:190} INFO - [2024-09-03T11:46:28.206+0000] {dag.py:3211} INFO - Sync 1 DAGs
[2024-09-03T11:46:28.240+0000] {logging_mixin.py:190} INFO - [2024-09-03T11:46:28.239+0000] {dag.py:4138} INFO - Setting next_dagrun for tutorial to 2024-09-02 00:00:00+00:00, run_after=2024-09-03 00:00:00+00:00
[2024-09-03T11:46:28.271+0000] {processor.py:208} INFO - Processing /home/airflow/.local/lib/python3.12/site-packages/airflow/example_dags/tutorial.py took 0.117 seconds
[2024-09-03T11:46:58.799+0000] {processor.py:186} INFO - Started process (PID=2497) to work on /home/airflow/.local/lib/python3.12/site-packages/airflow/example_dags/tutorial.py
[2024-09-03T11:46:58.801+0000] {processor.py:914} INFO - Processing file /home/airflow/.local/lib/python3.12/site-packages/airflow/example_dags/tutorial.py for tasks to queue
[2024-09-03T11:46:58.805+0000] {logging_mixin.py:190} INFO - [2024-09-03T11:46:58.804+0000] {dagbag.py:587} INFO - Filling up the DagBag from /home/airflow/.local/lib/python3.12/site-packages/airflow/example_dags/tutorial.py
[2024-09-03T11:46:58.819+0000] {processor.py:925} INFO - DAG(s) 'tutorial' retrieved from /home/airflow/.local/lib/python3.12/site-packages/airflow/example_dags/tutorial.py
[2024-09-03T11:46:58.868+0000] {logging_mixin.py:190} INFO - [2024-09-03T11:46:58.867+0000] {dag.py:3211} INFO - Sync 1 DAGs
[2024-09-03T11:46:58.918+0000] {logging_mixin.py:190} INFO - [2024-09-03T11:46:58.918+0000] {dag.py:4138} INFO - Setting next_dagrun for tutorial to 2024-09-02 00:00:00+00:00, run_after=2024-09-03 00:00:00+00:00
[2024-09-03T11:46:58.973+0000] {processor.py:208} INFO - Processing /home/airflow/.local/lib/python3.12/site-packages/airflow/example_dags/tutorial.py took 0.185 seconds
[2024-09-03T11:47:29.679+0000] {processor.py:186} INFO - Started process (PID=2560) to work on /home/airflow/.local/lib/python3.12/site-packages/airflow/example_dags/tutorial.py
[2024-09-03T11:47:29.682+0000] {processor.py:914} INFO - Processing file /home/airflow/.local/lib/python3.12/site-packages/airflow/example_dags/tutorial.py for tasks to queue
[2024-09-03T11:47:29.687+0000] {logging_mixin.py:190} INFO - [2024-09-03T11:47:29.686+0000] {dagbag.py:587} INFO - Filling up the DagBag from /home/airflow/.local/lib/python3.12/site-packages/airflow/example_dags/tutorial.py
[2024-09-03T11:47:29.705+0000] {processor.py:925} INFO - DAG(s) 'tutorial' retrieved from /home/airflow/.local/lib/python3.12/site-packages/airflow/example_dags/tutorial.py
[2024-09-03T11:47:29.758+0000] {logging_mixin.py:190} INFO - [2024-09-03T11:47:29.757+0000] {dag.py:3211} INFO - Sync 1 DAGs
[2024-09-03T11:47:29.847+0000] {logging_mixin.py:190} INFO - [2024-09-03T11:47:29.846+0000] {dag.py:4138} INFO - Setting next_dagrun for tutorial to 2024-09-02 00:00:00+00:00, run_after=2024-09-03 00:00:00+00:00
[2024-09-03T11:47:29.916+0000] {processor.py:208} INFO - Processing /home/airflow/.local/lib/python3.12/site-packages/airflow/example_dags/tutorial.py took 0.248 seconds
[2024-09-03T11:48:00.393+0000] {processor.py:186} INFO - Started process (PID=2623) to work on /home/airflow/.local/lib/python3.12/site-packages/airflow/example_dags/tutorial.py
[2024-09-03T11:48:00.395+0000] {processor.py:914} INFO - Processing file /home/airflow/.local/lib/python3.12/site-packages/airflow/example_dags/tutorial.py for tasks to queue
[2024-09-03T11:48:00.399+0000] {logging_mixin.py:190} INFO - [2024-09-03T11:48:00.398+0000] {dagbag.py:587} INFO - Filling up the DagBag from /home/airflow/.local/lib/python3.12/site-packages/airflow/example_dags/tutorial.py
[2024-09-03T11:48:00.414+0000] {processor.py:925} INFO - DAG(s) 'tutorial' retrieved from /home/airflow/.local/lib/python3.12/site-packages/airflow/example_dags/tutorial.py
[2024-09-03T11:48:00.461+0000] {logging_mixin.py:190} INFO - [2024-09-03T11:48:00.460+0000] {dag.py:3211} INFO - Sync 1 DAGs
[2024-09-03T11:48:00.505+0000] {logging_mixin.py:190} INFO - [2024-09-03T11:48:00.504+0000] {dag.py:4138} INFO - Setting next_dagrun for tutorial to 2024-09-02 00:00:00+00:00, run_after=2024-09-03 00:00:00+00:00
[2024-09-03T11:48:00.543+0000] {processor.py:208} INFO - Processing /home/airflow/.local/lib/python3.12/site-packages/airflow/example_dags/tutorial.py took 0.160 seconds
[2024-09-03T11:48:31.512+0000] {processor.py:186} INFO - Started process (PID=2686) to work on /home/airflow/.local/lib/python3.12/site-packages/airflow/example_dags/tutorial.py
[2024-09-03T11:48:31.514+0000] {processor.py:914} INFO - Processing file /home/airflow/.local/lib/python3.12/site-packages/airflow/example_dags/tutorial.py for tasks to queue
[2024-09-03T11:48:31.518+0000] {logging_mixin.py:190} INFO - [2024-09-03T11:48:31.518+0000] {dagbag.py:587} INFO - Filling up the DagBag from /home/airflow/.local/lib/python3.12/site-packages/airflow/example_dags/tutorial.py
[2024-09-03T11:48:31.531+0000] {processor.py:925} INFO - DAG(s) 'tutorial' retrieved from /home/airflow/.local/lib/python3.12/site-packages/airflow/example_dags/tutorial.py
[2024-09-03T11:48:31.574+0000] {logging_mixin.py:190} INFO - [2024-09-03T11:48:31.574+0000] {dag.py:3211} INFO - Sync 1 DAGs
[2024-09-03T11:48:31.631+0000] {logging_mixin.py:190} INFO - [2024-09-03T11:48:31.631+0000] {dag.py:4138} INFO - Setting next_dagrun for tutorial to 2024-09-02 00:00:00+00:00, run_after=2024-09-03 00:00:00+00:00
[2024-09-03T11:48:31.679+0000] {processor.py:208} INFO - Processing /home/airflow/.local/lib/python3.12/site-packages/airflow/example_dags/tutorial.py took 0.175 seconds
[2024-09-03T11:49:02.213+0000] {processor.py:186} INFO - Started process (PID=2749) to work on /home/airflow/.local/lib/python3.12/site-packages/airflow/example_dags/tutorial.py
[2024-09-03T11:49:02.215+0000] {processor.py:914} INFO - Processing file /home/airflow/.local/lib/python3.12/site-packages/airflow/example_dags/tutorial.py for tasks to queue
[2024-09-03T11:49:02.220+0000] {logging_mixin.py:190} INFO - [2024-09-03T11:49:02.219+0000] {dagbag.py:587} INFO - Filling up the DagBag from /home/airflow/.local/lib/python3.12/site-packages/airflow/example_dags/tutorial.py
[2024-09-03T11:49:02.239+0000] {processor.py:925} INFO - DAG(s) 'tutorial' retrieved from /home/airflow/.local/lib/python3.12/site-packages/airflow/example_dags/tutorial.py
[2024-09-03T11:49:02.292+0000] {logging_mixin.py:190} INFO - [2024-09-03T11:49:02.291+0000] {dag.py:3211} INFO - Sync 1 DAGs
[2024-09-03T11:49:02.372+0000] {logging_mixin.py:190} INFO - [2024-09-03T11:49:02.372+0000] {dag.py:4138} INFO - Setting next_dagrun for tutorial to 2024-09-02 00:00:00+00:00, run_after=2024-09-03 00:00:00+00:00
[2024-09-03T11:49:02.443+0000] {processor.py:208} INFO - Processing /home/airflow/.local/lib/python3.12/site-packages/airflow/example_dags/tutorial.py took 0.245 seconds
[2024-09-03T11:49:33.575+0000] {processor.py:186} INFO - Started process (PID=2818) to work on /home/airflow/.local/lib/python3.12/site-packages/airflow/example_dags/tutorial.py
[2024-09-03T11:49:33.586+0000] {processor.py:914} INFO - Processing file /home/airflow/.local/lib/python3.12/site-packages/airflow/example_dags/tutorial.py for tasks to queue
[2024-09-03T11:49:33.595+0000] {logging_mixin.py:190} INFO - [2024-09-03T11:49:33.595+0000] {dagbag.py:587} INFO - Filling up the DagBag from /home/airflow/.local/lib/python3.12/site-packages/airflow/example_dags/tutorial.py
[2024-09-03T11:49:33.651+0000] {processor.py:925} INFO - DAG(s) 'tutorial' retrieved from /home/airflow/.local/lib/python3.12/site-packages/airflow/example_dags/tutorial.py
[2024-09-03T11:49:33.736+0000] {logging_mixin.py:190} INFO - [2024-09-03T11:49:33.735+0000] {dag.py:3211} INFO - Sync 1 DAGs
[2024-09-03T11:49:33.849+0000] {logging_mixin.py:190} INFO - [2024-09-03T11:49:33.849+0000] {dag.py:4138} INFO - Setting next_dagrun for tutorial to 2024-09-02 00:00:00+00:00, run_after=2024-09-03 00:00:00+00:00
[2024-09-03T11:49:33.974+0000] {processor.py:208} INFO - Processing /home/airflow/.local/lib/python3.12/site-packages/airflow/example_dags/tutorial.py took 0.424 seconds
[2024-09-03T11:50:04.474+0000] {processor.py:186} INFO - Started process (PID=2880) to work on /home/airflow/.local/lib/python3.12/site-packages/airflow/example_dags/tutorial.py
[2024-09-03T11:50:04.480+0000] {processor.py:914} INFO - Processing file /home/airflow/.local/lib/python3.12/site-packages/airflow/example_dags/tutorial.py for tasks to queue
[2024-09-03T11:50:04.486+0000] {logging_mixin.py:190} INFO - [2024-09-03T11:50:04.485+0000] {dagbag.py:587} INFO - Filling up the DagBag from /home/airflow/.local/lib/python3.12/site-packages/airflow/example_dags/tutorial.py
[2024-09-03T11:50:04.504+0000] {processor.py:925} INFO - DAG(s) 'tutorial' retrieved from /home/airflow/.local/lib/python3.12/site-packages/airflow/example_dags/tutorial.py
[2024-09-03T11:50:04.553+0000] {logging_mixin.py:190} INFO - [2024-09-03T11:50:04.552+0000] {dag.py:3211} INFO - Sync 1 DAGs
[2024-09-03T11:50:04.605+0000] {logging_mixin.py:190} INFO - [2024-09-03T11:50:04.604+0000] {dag.py:4138} INFO - Setting next_dagrun for tutorial to 2024-09-02 00:00:00+00:00, run_after=2024-09-03 00:00:00+00:00
[2024-09-03T11:50:05.099+0000] {processor.py:208} INFO - Processing /home/airflow/.local/lib/python3.12/site-packages/airflow/example_dags/tutorial.py took 0.638 seconds
