[2024-09-03T11:27:30.381+0000] {processor.py:186} INFO - Started process (PID=71) to work on /opt/airflow/dags/ETL.py
[2024-09-03T11:27:30.385+0000] {processor.py:914} INFO - Processing file /opt/airflow/dags/ETL.py for tasks to queue
[2024-09-03T11:27:30.396+0000] {logging_mixin.py:190} INFO - [2024-09-03T11:27:30.395+0000] {dagbag.py:587} INFO - Filling up the DagBag from /opt/airflow/dags/ETL.py
[2024-09-03T11:27:30.511+0000] {processor.py:925} INFO - DAG(s) 'ETL_apache_airflow' retrieved from /opt/airflow/dags/ETL.py
[2024-09-03T11:27:30.653+0000] {logging_mixin.py:190} INFO - [2024-09-03T11:27:30.652+0000] {dag.py:3211} INFO - Sync 1 DAGs
[2024-09-03T11:27:30.739+0000] {logging_mixin.py:190} INFO - [2024-09-03T11:27:30.738+0000] {dag.py:4138} INFO - Setting next_dagrun for ETL_apache_airflow to 2024-09-03 00:00:00+00:00, run_after=2024-09-04 00:00:00+00:00
[2024-09-03T11:27:30.811+0000] {processor.py:208} INFO - Processing /opt/airflow/dags/ETL.py took 0.456 seconds
[2024-09-03T11:28:01.798+0000] {processor.py:186} INFO - Started process (PID=134) to work on /opt/airflow/dags/ETL.py
[2024-09-03T11:28:01.800+0000] {processor.py:914} INFO - Processing file /opt/airflow/dags/ETL.py for tasks to queue
[2024-09-03T11:28:01.804+0000] {logging_mixin.py:190} INFO - [2024-09-03T11:28:01.804+0000] {dagbag.py:587} INFO - Filling up the DagBag from /opt/airflow/dags/ETL.py
[2024-09-03T11:28:01.835+0000] {processor.py:925} INFO - DAG(s) 'ETL_apache_airflow' retrieved from /opt/airflow/dags/ETL.py
[2024-09-03T11:28:01.863+0000] {logging_mixin.py:190} INFO - [2024-09-03T11:28:01.863+0000] {dag.py:3211} INFO - Sync 1 DAGs
[2024-09-03T11:28:01.893+0000] {logging_mixin.py:190} INFO - [2024-09-03T11:28:01.893+0000] {dag.py:4138} INFO - Setting next_dagrun for ETL_apache_airflow to 2024-09-03 00:00:00+00:00, run_after=2024-09-04 00:00:00+00:00
[2024-09-03T11:28:01.922+0000] {processor.py:208} INFO - Processing /opt/airflow/dags/ETL.py took 0.133 seconds
[2024-09-03T11:28:32.400+0000] {processor.py:186} INFO - Started process (PID=205) to work on /opt/airflow/dags/ETL.py
[2024-09-03T11:28:32.401+0000] {processor.py:914} INFO - Processing file /opt/airflow/dags/ETL.py for tasks to queue
[2024-09-03T11:28:32.404+0000] {logging_mixin.py:190} INFO - [2024-09-03T11:28:32.404+0000] {dagbag.py:587} INFO - Filling up the DagBag from /opt/airflow/dags/ETL.py
[2024-09-03T11:28:32.430+0000] {processor.py:925} INFO - DAG(s) 'ETL_apache_airflow' retrieved from /opt/airflow/dags/ETL.py
[2024-09-03T11:28:32.455+0000] {logging_mixin.py:190} INFO - [2024-09-03T11:28:32.455+0000] {dag.py:3211} INFO - Sync 1 DAGs
[2024-09-03T11:28:32.483+0000] {logging_mixin.py:190} INFO - [2024-09-03T11:28:32.482+0000] {dag.py:4138} INFO - Setting next_dagrun for ETL_apache_airflow to 2024-09-03 00:00:00+00:00, run_after=2024-09-04 00:00:00+00:00
[2024-09-03T11:28:32.511+0000] {processor.py:208} INFO - Processing /opt/airflow/dags/ETL.py took 0.117 seconds
[2024-09-03T11:29:02.768+0000] {processor.py:186} INFO - Started process (PID=268) to work on /opt/airflow/dags/ETL.py
[2024-09-03T11:29:02.769+0000] {processor.py:914} INFO - Processing file /opt/airflow/dags/ETL.py for tasks to queue
[2024-09-03T11:29:02.771+0000] {logging_mixin.py:190} INFO - [2024-09-03T11:29:02.771+0000] {dagbag.py:587} INFO - Filling up the DagBag from /opt/airflow/dags/ETL.py
[2024-09-03T11:29:02.794+0000] {processor.py:925} INFO - DAG(s) 'ETL_apache_airflow' retrieved from /opt/airflow/dags/ETL.py
[2024-09-03T11:29:02.819+0000] {logging_mixin.py:190} INFO - [2024-09-03T11:29:02.819+0000] {dag.py:3211} INFO - Sync 1 DAGs
[2024-09-03T11:29:02.842+0000] {logging_mixin.py:190} INFO - [2024-09-03T11:29:02.842+0000] {dag.py:4138} INFO - Setting next_dagrun for ETL_apache_airflow to 2024-09-03 00:00:00+00:00, run_after=2024-09-04 00:00:00+00:00
[2024-09-03T11:29:02.876+0000] {processor.py:208} INFO - Processing /opt/airflow/dags/ETL.py took 0.114 seconds
[2024-09-03T11:29:33.490+0000] {processor.py:186} INFO - Started process (PID=331) to work on /opt/airflow/dags/ETL.py
[2024-09-03T11:29:33.492+0000] {processor.py:914} INFO - Processing file /opt/airflow/dags/ETL.py for tasks to queue
[2024-09-03T11:29:33.494+0000] {logging_mixin.py:190} INFO - [2024-09-03T11:29:33.494+0000] {dagbag.py:587} INFO - Filling up the DagBag from /opt/airflow/dags/ETL.py
[2024-09-03T11:29:33.519+0000] {processor.py:925} INFO - DAG(s) 'ETL_apache_airflow' retrieved from /opt/airflow/dags/ETL.py
[2024-09-03T11:29:33.550+0000] {logging_mixin.py:190} INFO - [2024-09-03T11:29:33.550+0000] {dag.py:3211} INFO - Sync 1 DAGs
[2024-09-03T11:29:33.575+0000] {logging_mixin.py:190} INFO - [2024-09-03T11:29:33.575+0000] {dag.py:4138} INFO - Setting next_dagrun for ETL_apache_airflow to 2024-09-03 00:00:00+00:00, run_after=2024-09-04 00:00:00+00:00
[2024-09-03T11:29:33.604+0000] {processor.py:208} INFO - Processing /opt/airflow/dags/ETL.py took 0.118 seconds
[2024-09-03T11:30:04.263+0000] {processor.py:186} INFO - Started process (PID=394) to work on /opt/airflow/dags/ETL.py
[2024-09-03T11:30:04.264+0000] {processor.py:914} INFO - Processing file /opt/airflow/dags/ETL.py for tasks to queue
[2024-09-03T11:30:04.267+0000] {logging_mixin.py:190} INFO - [2024-09-03T11:30:04.267+0000] {dagbag.py:587} INFO - Filling up the DagBag from /opt/airflow/dags/ETL.py
[2024-09-03T11:30:04.294+0000] {processor.py:925} INFO - DAG(s) 'ETL_apache_airflow' retrieved from /opt/airflow/dags/ETL.py
[2024-09-03T11:30:04.322+0000] {logging_mixin.py:190} INFO - [2024-09-03T11:30:04.321+0000] {dag.py:3211} INFO - Sync 1 DAGs
[2024-09-03T11:30:04.350+0000] {logging_mixin.py:190} INFO - [2024-09-03T11:30:04.350+0000] {dag.py:4138} INFO - Setting next_dagrun for ETL_apache_airflow to 2024-09-03 00:00:00+00:00, run_after=2024-09-04 00:00:00+00:00
[2024-09-03T11:30:04.374+0000] {processor.py:208} INFO - Processing /opt/airflow/dags/ETL.py took 0.118 seconds
[2024-09-03T11:30:34.512+0000] {processor.py:186} INFO - Started process (PID=457) to work on /opt/airflow/dags/ETL.py
[2024-09-03T11:30:34.513+0000] {processor.py:914} INFO - Processing file /opt/airflow/dags/ETL.py for tasks to queue
[2024-09-03T11:30:34.517+0000] {logging_mixin.py:190} INFO - [2024-09-03T11:30:34.517+0000] {dagbag.py:587} INFO - Filling up the DagBag from /opt/airflow/dags/ETL.py
[2024-09-03T11:30:34.543+0000] {processor.py:925} INFO - DAG(s) 'ETL_apache_airflow' retrieved from /opt/airflow/dags/ETL.py
[2024-09-03T11:30:34.567+0000] {logging_mixin.py:190} INFO - [2024-09-03T11:30:34.567+0000] {dag.py:3211} INFO - Sync 1 DAGs
[2024-09-03T11:30:34.591+0000] {logging_mixin.py:190} INFO - [2024-09-03T11:30:34.591+0000] {dag.py:4138} INFO - Setting next_dagrun for ETL_apache_airflow to 2024-09-03 00:00:00+00:00, run_after=2024-09-04 00:00:00+00:00
[2024-09-03T11:30:34.616+0000] {processor.py:208} INFO - Processing /opt/airflow/dags/ETL.py took 0.109 seconds
[2024-09-03T11:31:04.741+0000] {processor.py:186} INFO - Started process (PID=521) to work on /opt/airflow/dags/ETL.py
[2024-09-03T11:31:04.743+0000] {processor.py:914} INFO - Processing file /opt/airflow/dags/ETL.py for tasks to queue
[2024-09-03T11:31:04.748+0000] {logging_mixin.py:190} INFO - [2024-09-03T11:31:04.747+0000] {dagbag.py:587} INFO - Filling up the DagBag from /opt/airflow/dags/ETL.py
[2024-09-03T11:31:04.800+0000] {processor.py:925} INFO - DAG(s) 'ETL_apache_airflow' retrieved from /opt/airflow/dags/ETL.py
[2024-09-03T11:31:04.849+0000] {logging_mixin.py:190} INFO - [2024-09-03T11:31:04.848+0000] {dag.py:3211} INFO - Sync 1 DAGs
[2024-09-03T11:31:04.959+0000] {logging_mixin.py:190} INFO - [2024-09-03T11:31:04.959+0000] {dag.py:4138} INFO - Setting next_dagrun for ETL_apache_airflow to 2024-09-03 00:00:00+00:00, run_after=2024-09-04 00:00:00+00:00
[2024-09-03T11:31:05.018+0000] {processor.py:208} INFO - Processing /opt/airflow/dags/ETL.py took 0.294 seconds
[2024-09-03T11:31:35.148+0000] {processor.py:186} INFO - Started process (PID=584) to work on /opt/airflow/dags/ETL.py
[2024-09-03T11:31:35.149+0000] {processor.py:914} INFO - Processing file /opt/airflow/dags/ETL.py for tasks to queue
[2024-09-03T11:31:35.153+0000] {logging_mixin.py:190} INFO - [2024-09-03T11:31:35.152+0000] {dagbag.py:587} INFO - Filling up the DagBag from /opt/airflow/dags/ETL.py
[2024-09-03T11:31:35.184+0000] {processor.py:925} INFO - DAG(s) 'ETL_apache_airflow' retrieved from /opt/airflow/dags/ETL.py
[2024-09-03T11:31:35.226+0000] {logging_mixin.py:190} INFO - [2024-09-03T11:31:35.226+0000] {dag.py:3211} INFO - Sync 1 DAGs
[2024-09-03T11:31:35.253+0000] {logging_mixin.py:190} INFO - [2024-09-03T11:31:35.253+0000] {dag.py:4138} INFO - Setting next_dagrun for ETL_apache_airflow to 2024-09-03 00:00:00+00:00, run_after=2024-09-04 00:00:00+00:00
[2024-09-03T11:31:35.283+0000] {processor.py:208} INFO - Processing /opt/airflow/dags/ETL.py took 0.141 seconds
[2024-09-03T11:32:05.719+0000] {processor.py:186} INFO - Started process (PID=647) to work on /opt/airflow/dags/ETL.py
[2024-09-03T11:32:05.721+0000] {processor.py:914} INFO - Processing file /opt/airflow/dags/ETL.py for tasks to queue
[2024-09-03T11:32:05.723+0000] {logging_mixin.py:190} INFO - [2024-09-03T11:32:05.723+0000] {dagbag.py:587} INFO - Filling up the DagBag from /opt/airflow/dags/ETL.py
[2024-09-03T11:32:05.750+0000] {processor.py:925} INFO - DAG(s) 'ETL_apache_airflow' retrieved from /opt/airflow/dags/ETL.py
[2024-09-03T11:32:05.782+0000] {logging_mixin.py:190} INFO - [2024-09-03T11:32:05.781+0000] {dag.py:3211} INFO - Sync 1 DAGs
[2024-09-03T11:32:05.812+0000] {logging_mixin.py:190} INFO - [2024-09-03T11:32:05.812+0000] {dag.py:4138} INFO - Setting next_dagrun for ETL_apache_airflow to 2024-09-03 00:00:00+00:00, run_after=2024-09-04 00:00:00+00:00
[2024-09-03T11:32:05.844+0000] {processor.py:208} INFO - Processing /opt/airflow/dags/ETL.py took 0.131 seconds
[2024-09-03T11:32:36.773+0000] {processor.py:186} INFO - Started process (PID=710) to work on /opt/airflow/dags/ETL.py
[2024-09-03T11:32:36.782+0000] {processor.py:914} INFO - Processing file /opt/airflow/dags/ETL.py for tasks to queue
[2024-09-03T11:32:36.785+0000] {logging_mixin.py:190} INFO - [2024-09-03T11:32:36.784+0000] {dagbag.py:587} INFO - Filling up the DagBag from /opt/airflow/dags/ETL.py
[2024-09-03T11:32:36.811+0000] {processor.py:925} INFO - DAG(s) 'ETL_apache_airflow' retrieved from /opt/airflow/dags/ETL.py
[2024-09-03T11:32:36.839+0000] {logging_mixin.py:190} INFO - [2024-09-03T11:32:36.838+0000] {dag.py:3211} INFO - Sync 1 DAGs
[2024-09-03T11:32:36.876+0000] {logging_mixin.py:190} INFO - [2024-09-03T11:32:36.875+0000] {dag.py:4138} INFO - Setting next_dagrun for ETL_apache_airflow to 2024-09-03 00:00:00+00:00, run_after=2024-09-04 00:00:00+00:00
[2024-09-03T11:32:36.905+0000] {processor.py:208} INFO - Processing /opt/airflow/dags/ETL.py took 0.139 seconds
[2024-09-03T11:33:07.730+0000] {processor.py:186} INFO - Started process (PID=773) to work on /opt/airflow/dags/ETL.py
[2024-09-03T11:33:07.731+0000] {processor.py:914} INFO - Processing file /opt/airflow/dags/ETL.py for tasks to queue
[2024-09-03T11:33:07.734+0000] {logging_mixin.py:190} INFO - [2024-09-03T11:33:07.733+0000] {dagbag.py:587} INFO - Filling up the DagBag from /opt/airflow/dags/ETL.py
[2024-09-03T11:33:07.764+0000] {processor.py:925} INFO - DAG(s) 'ETL_apache_airflow' retrieved from /opt/airflow/dags/ETL.py
[2024-09-03T11:33:07.798+0000] {logging_mixin.py:190} INFO - [2024-09-03T11:33:07.797+0000] {dag.py:3211} INFO - Sync 1 DAGs
[2024-09-03T11:33:07.829+0000] {logging_mixin.py:190} INFO - [2024-09-03T11:33:07.829+0000] {dag.py:4138} INFO - Setting next_dagrun for ETL_apache_airflow to 2024-09-03 00:00:00+00:00, run_after=2024-09-04 00:00:00+00:00
[2024-09-03T11:33:07.857+0000] {processor.py:208} INFO - Processing /opt/airflow/dags/ETL.py took 0.135 seconds
[2024-09-03T11:33:38.039+0000] {processor.py:186} INFO - Started process (PID=836) to work on /opt/airflow/dags/ETL.py
[2024-09-03T11:33:38.040+0000] {processor.py:914} INFO - Processing file /opt/airflow/dags/ETL.py for tasks to queue
[2024-09-03T11:33:38.043+0000] {logging_mixin.py:190} INFO - [2024-09-03T11:33:38.043+0000] {dagbag.py:587} INFO - Filling up the DagBag from /opt/airflow/dags/ETL.py
[2024-09-03T11:33:38.067+0000] {processor.py:925} INFO - DAG(s) 'ETL_apache_airflow' retrieved from /opt/airflow/dags/ETL.py
[2024-09-03T11:33:38.091+0000] {logging_mixin.py:190} INFO - [2024-09-03T11:33:38.091+0000] {dag.py:3211} INFO - Sync 1 DAGs
[2024-09-03T11:33:38.115+0000] {logging_mixin.py:190} INFO - [2024-09-03T11:33:38.115+0000] {dag.py:4138} INFO - Setting next_dagrun for ETL_apache_airflow to 2024-09-03 00:00:00+00:00, run_after=2024-09-04 00:00:00+00:00
[2024-09-03T11:33:38.154+0000] {processor.py:208} INFO - Processing /opt/airflow/dags/ETL.py took 0.120 seconds
[2024-09-03T11:34:08.733+0000] {processor.py:186} INFO - Started process (PID=899) to work on /opt/airflow/dags/ETL.py
[2024-09-03T11:34:08.735+0000] {processor.py:914} INFO - Processing file /opt/airflow/dags/ETL.py for tasks to queue
[2024-09-03T11:34:08.738+0000] {logging_mixin.py:190} INFO - [2024-09-03T11:34:08.737+0000] {dagbag.py:587} INFO - Filling up the DagBag from /opt/airflow/dags/ETL.py
[2024-09-03T11:34:08.765+0000] {processor.py:925} INFO - DAG(s) 'ETL_apache_airflow' retrieved from /opt/airflow/dags/ETL.py
[2024-09-03T11:34:08.791+0000] {logging_mixin.py:190} INFO - [2024-09-03T11:34:08.791+0000] {dag.py:3211} INFO - Sync 1 DAGs
[2024-09-03T11:34:08.819+0000] {logging_mixin.py:190} INFO - [2024-09-03T11:34:08.819+0000] {dag.py:4138} INFO - Setting next_dagrun for ETL_apache_airflow to 2024-09-03 00:00:00+00:00, run_after=2024-09-04 00:00:00+00:00
[2024-09-03T11:34:08.856+0000] {processor.py:208} INFO - Processing /opt/airflow/dags/ETL.py took 0.128 seconds
[2024-09-03T11:34:39.234+0000] {processor.py:186} INFO - Started process (PID=962) to work on /opt/airflow/dags/ETL.py
[2024-09-03T11:34:39.237+0000] {processor.py:914} INFO - Processing file /opt/airflow/dags/ETL.py for tasks to queue
[2024-09-03T11:34:39.262+0000] {logging_mixin.py:190} INFO - [2024-09-03T11:34:39.260+0000] {dagbag.py:587} INFO - Filling up the DagBag from /opt/airflow/dags/ETL.py
[2024-09-03T11:34:39.318+0000] {processor.py:925} INFO - DAG(s) 'ETL_apache_airflow' retrieved from /opt/airflow/dags/ETL.py
[2024-09-03T11:34:39.354+0000] {logging_mixin.py:190} INFO - [2024-09-03T11:34:39.353+0000] {dag.py:3211} INFO - Sync 1 DAGs
[2024-09-03T11:34:39.388+0000] {logging_mixin.py:190} INFO - [2024-09-03T11:34:39.388+0000] {dag.py:4138} INFO - Setting next_dagrun for ETL_apache_airflow to 2024-09-03 00:00:00+00:00, run_after=2024-09-04 00:00:00+00:00
[2024-09-03T11:34:39.423+0000] {processor.py:208} INFO - Processing /opt/airflow/dags/ETL.py took 0.209 seconds
[2024-09-03T11:35:09.804+0000] {processor.py:186} INFO - Started process (PID=1025) to work on /opt/airflow/dags/ETL.py
[2024-09-03T11:35:09.806+0000] {processor.py:914} INFO - Processing file /opt/airflow/dags/ETL.py for tasks to queue
[2024-09-03T11:35:09.810+0000] {logging_mixin.py:190} INFO - [2024-09-03T11:35:09.809+0000] {dagbag.py:587} INFO - Filling up the DagBag from /opt/airflow/dags/ETL.py
[2024-09-03T11:35:09.834+0000] {processor.py:925} INFO - DAG(s) 'ETL_apache_airflow' retrieved from /opt/airflow/dags/ETL.py
[2024-09-03T11:35:09.860+0000] {logging_mixin.py:190} INFO - [2024-09-03T11:35:09.860+0000] {dag.py:3211} INFO - Sync 1 DAGs
[2024-09-03T11:35:09.885+0000] {logging_mixin.py:190} INFO - [2024-09-03T11:35:09.884+0000] {dag.py:4138} INFO - Setting next_dagrun for ETL_apache_airflow to 2024-09-03 00:00:00+00:00, run_after=2024-09-04 00:00:00+00:00
[2024-09-03T11:35:09.913+0000] {processor.py:208} INFO - Processing /opt/airflow/dags/ETL.py took 0.117 seconds
[2024-09-03T11:35:40.510+0000] {processor.py:186} INFO - Started process (PID=1088) to work on /opt/airflow/dags/ETL.py
[2024-09-03T11:35:40.512+0000] {processor.py:914} INFO - Processing file /opt/airflow/dags/ETL.py for tasks to queue
[2024-09-03T11:35:40.514+0000] {logging_mixin.py:190} INFO - [2024-09-03T11:35:40.514+0000] {dagbag.py:587} INFO - Filling up the DagBag from /opt/airflow/dags/ETL.py
[2024-09-03T11:35:40.539+0000] {processor.py:925} INFO - DAG(s) 'ETL_apache_airflow' retrieved from /opt/airflow/dags/ETL.py
[2024-09-03T11:35:40.563+0000] {logging_mixin.py:190} INFO - [2024-09-03T11:35:40.563+0000] {dag.py:3211} INFO - Sync 1 DAGs
[2024-09-03T11:35:40.587+0000] {logging_mixin.py:190} INFO - [2024-09-03T11:35:40.587+0000] {dag.py:4138} INFO - Setting next_dagrun for ETL_apache_airflow to 2024-09-03 00:00:00+00:00, run_after=2024-09-04 00:00:00+00:00
[2024-09-03T11:35:40.613+0000] {processor.py:208} INFO - Processing /opt/airflow/dags/ETL.py took 0.109 seconds
[2024-09-03T11:36:11.473+0000] {processor.py:186} INFO - Started process (PID=1151) to work on /opt/airflow/dags/ETL.py
[2024-09-03T11:36:11.474+0000] {processor.py:914} INFO - Processing file /opt/airflow/dags/ETL.py for tasks to queue
[2024-09-03T11:36:11.478+0000] {logging_mixin.py:190} INFO - [2024-09-03T11:36:11.477+0000] {dagbag.py:587} INFO - Filling up the DagBag from /opt/airflow/dags/ETL.py
[2024-09-03T11:36:11.506+0000] {processor.py:925} INFO - DAG(s) 'ETL_apache_airflow' retrieved from /opt/airflow/dags/ETL.py
[2024-09-03T11:36:11.530+0000] {logging_mixin.py:190} INFO - [2024-09-03T11:36:11.530+0000] {dag.py:3211} INFO - Sync 1 DAGs
[2024-09-03T11:36:11.557+0000] {logging_mixin.py:190} INFO - [2024-09-03T11:36:11.557+0000] {dag.py:4138} INFO - Setting next_dagrun for ETL_apache_airflow to 2024-09-03 00:00:00+00:00, run_after=2024-09-04 00:00:00+00:00
[2024-09-03T11:36:11.596+0000] {processor.py:208} INFO - Processing /opt/airflow/dags/ETL.py took 0.130 seconds
[2024-09-03T11:36:42.401+0000] {processor.py:186} INFO - Started process (PID=1214) to work on /opt/airflow/dags/ETL.py
[2024-09-03T11:36:42.402+0000] {processor.py:914} INFO - Processing file /opt/airflow/dags/ETL.py for tasks to queue
[2024-09-03T11:36:42.407+0000] {logging_mixin.py:190} INFO - [2024-09-03T11:36:42.406+0000] {dagbag.py:587} INFO - Filling up the DagBag from /opt/airflow/dags/ETL.py
[2024-09-03T11:36:42.447+0000] {processor.py:925} INFO - DAG(s) 'ETL_apache_airflow' retrieved from /opt/airflow/dags/ETL.py
[2024-09-03T11:36:42.485+0000] {logging_mixin.py:190} INFO - [2024-09-03T11:36:42.485+0000] {dag.py:3211} INFO - Sync 1 DAGs
[2024-09-03T11:36:42.521+0000] {logging_mixin.py:190} INFO - [2024-09-03T11:36:42.521+0000] {dag.py:4138} INFO - Setting next_dagrun for ETL_apache_airflow to 2024-09-03 00:00:00+00:00, run_after=2024-09-04 00:00:00+00:00
[2024-09-03T11:36:42.560+0000] {processor.py:208} INFO - Processing /opt/airflow/dags/ETL.py took 0.169 seconds
[2024-09-03T11:37:13.148+0000] {processor.py:186} INFO - Started process (PID=1277) to work on /opt/airflow/dags/ETL.py
[2024-09-03T11:37:13.150+0000] {processor.py:914} INFO - Processing file /opt/airflow/dags/ETL.py for tasks to queue
[2024-09-03T11:37:13.154+0000] {logging_mixin.py:190} INFO - [2024-09-03T11:37:13.153+0000] {dagbag.py:587} INFO - Filling up the DagBag from /opt/airflow/dags/ETL.py
[2024-09-03T11:37:13.185+0000] {processor.py:925} INFO - DAG(s) 'ETL_apache_airflow' retrieved from /opt/airflow/dags/ETL.py
[2024-09-03T11:37:13.223+0000] {logging_mixin.py:190} INFO - [2024-09-03T11:37:13.222+0000] {dag.py:3211} INFO - Sync 1 DAGs
[2024-09-03T11:37:13.266+0000] {logging_mixin.py:190} INFO - [2024-09-03T11:37:13.266+0000] {dag.py:4138} INFO - Setting next_dagrun for ETL_apache_airflow to 2024-09-03 00:00:00+00:00, run_after=2024-09-04 00:00:00+00:00
[2024-09-03T11:37:13.416+0000] {processor.py:208} INFO - Processing /opt/airflow/dags/ETL.py took 0.275 seconds
[2024-09-03T11:37:44.421+0000] {processor.py:186} INFO - Started process (PID=1340) to work on /opt/airflow/dags/ETL.py
[2024-09-03T11:37:44.423+0000] {processor.py:914} INFO - Processing file /opt/airflow/dags/ETL.py for tasks to queue
[2024-09-03T11:37:44.427+0000] {logging_mixin.py:190} INFO - [2024-09-03T11:37:44.426+0000] {dagbag.py:587} INFO - Filling up the DagBag from /opt/airflow/dags/ETL.py
[2024-09-03T11:37:44.460+0000] {processor.py:925} INFO - DAG(s) 'ETL_apache_airflow' retrieved from /opt/airflow/dags/ETL.py
[2024-09-03T11:37:44.493+0000] {logging_mixin.py:190} INFO - [2024-09-03T11:37:44.492+0000] {dag.py:3211} INFO - Sync 1 DAGs
[2024-09-03T11:37:44.537+0000] {logging_mixin.py:190} INFO - [2024-09-03T11:37:44.537+0000] {dag.py:4138} INFO - Setting next_dagrun for ETL_apache_airflow to 2024-09-03 00:00:00+00:00, run_after=2024-09-04 00:00:00+00:00
[2024-09-03T11:37:44.585+0000] {processor.py:208} INFO - Processing /opt/airflow/dags/ETL.py took 0.173 seconds
[2024-09-03T11:38:14.761+0000] {processor.py:186} INFO - Started process (PID=1403) to work on /opt/airflow/dags/ETL.py
[2024-09-03T11:38:14.763+0000] {processor.py:914} INFO - Processing file /opt/airflow/dags/ETL.py for tasks to queue
[2024-09-03T11:38:14.768+0000] {logging_mixin.py:190} INFO - [2024-09-03T11:38:14.767+0000] {dagbag.py:587} INFO - Filling up the DagBag from /opt/airflow/dags/ETL.py
[2024-09-03T11:38:14.800+0000] {processor.py:925} INFO - DAG(s) 'ETL_apache_airflow' retrieved from /opt/airflow/dags/ETL.py
[2024-09-03T11:38:14.833+0000] {logging_mixin.py:190} INFO - [2024-09-03T11:38:14.832+0000] {dag.py:3211} INFO - Sync 1 DAGs
[2024-09-03T11:38:14.872+0000] {logging_mixin.py:190} INFO - [2024-09-03T11:38:14.872+0000] {dag.py:4138} INFO - Setting next_dagrun for ETL_apache_airflow to 2024-09-03 00:00:00+00:00, run_after=2024-09-04 00:00:00+00:00
[2024-09-03T11:38:14.911+0000] {processor.py:208} INFO - Processing /opt/airflow/dags/ETL.py took 0.161 seconds
[2024-09-03T11:38:45.098+0000] {processor.py:186} INFO - Started process (PID=1466) to work on /opt/airflow/dags/ETL.py
[2024-09-03T11:38:45.100+0000] {processor.py:914} INFO - Processing file /opt/airflow/dags/ETL.py for tasks to queue
[2024-09-03T11:38:45.104+0000] {logging_mixin.py:190} INFO - [2024-09-03T11:38:45.104+0000] {dagbag.py:587} INFO - Filling up the DagBag from /opt/airflow/dags/ETL.py
[2024-09-03T11:38:45.145+0000] {processor.py:925} INFO - DAG(s) 'ETL_apache_airflow' retrieved from /opt/airflow/dags/ETL.py
[2024-09-03T11:38:45.205+0000] {logging_mixin.py:190} INFO - [2024-09-03T11:38:45.204+0000] {dag.py:3211} INFO - Sync 1 DAGs
[2024-09-03T11:38:45.257+0000] {logging_mixin.py:190} INFO - [2024-09-03T11:38:45.257+0000] {dag.py:4138} INFO - Setting next_dagrun for ETL_apache_airflow to 2024-09-03 00:00:00+00:00, run_after=2024-09-04 00:00:00+00:00
[2024-09-03T11:38:45.314+0000] {processor.py:208} INFO - Processing /opt/airflow/dags/ETL.py took 0.227 seconds
[2024-09-03T11:39:15.738+0000] {processor.py:186} INFO - Started process (PID=1529) to work on /opt/airflow/dags/ETL.py
[2024-09-03T11:39:15.740+0000] {processor.py:914} INFO - Processing file /opt/airflow/dags/ETL.py for tasks to queue
[2024-09-03T11:39:15.743+0000] {logging_mixin.py:190} INFO - [2024-09-03T11:39:15.742+0000] {dagbag.py:587} INFO - Filling up the DagBag from /opt/airflow/dags/ETL.py
[2024-09-03T11:39:15.776+0000] {processor.py:925} INFO - DAG(s) 'ETL_apache_airflow' retrieved from /opt/airflow/dags/ETL.py
[2024-09-03T11:39:15.814+0000] {logging_mixin.py:190} INFO - [2024-09-03T11:39:15.813+0000] {dag.py:3211} INFO - Sync 1 DAGs
[2024-09-03T11:39:15.860+0000] {logging_mixin.py:190} INFO - [2024-09-03T11:39:15.860+0000] {dag.py:4138} INFO - Setting next_dagrun for ETL_apache_airflow to 2024-09-03 00:00:00+00:00, run_after=2024-09-04 00:00:00+00:00
[2024-09-03T11:39:15.906+0000] {processor.py:208} INFO - Processing /opt/airflow/dags/ETL.py took 0.177 seconds
[2024-09-03T11:39:46.105+0000] {processor.py:186} INFO - Started process (PID=1592) to work on /opt/airflow/dags/ETL.py
[2024-09-03T11:39:46.107+0000] {processor.py:914} INFO - Processing file /opt/airflow/dags/ETL.py for tasks to queue
[2024-09-03T11:39:46.111+0000] {logging_mixin.py:190} INFO - [2024-09-03T11:39:46.110+0000] {dagbag.py:587} INFO - Filling up the DagBag from /opt/airflow/dags/ETL.py
[2024-09-03T11:39:46.136+0000] {processor.py:925} INFO - DAG(s) 'ETL_apache_airflow' retrieved from /opt/airflow/dags/ETL.py
[2024-09-03T11:39:46.174+0000] {logging_mixin.py:190} INFO - [2024-09-03T11:39:46.174+0000] {dag.py:3211} INFO - Sync 1 DAGs
[2024-09-03T11:39:46.210+0000] {logging_mixin.py:190} INFO - [2024-09-03T11:39:46.210+0000] {dag.py:4138} INFO - Setting next_dagrun for ETL_apache_airflow to 2024-09-03 00:00:00+00:00, run_after=2024-09-04 00:00:00+00:00
[2024-09-03T11:39:46.259+0000] {processor.py:208} INFO - Processing /opt/airflow/dags/ETL.py took 0.163 seconds
[2024-09-03T11:40:16.417+0000] {processor.py:186} INFO - Started process (PID=1655) to work on /opt/airflow/dags/ETL.py
[2024-09-03T11:40:16.419+0000] {processor.py:914} INFO - Processing file /opt/airflow/dags/ETL.py for tasks to queue
[2024-09-03T11:40:16.424+0000] {logging_mixin.py:190} INFO - [2024-09-03T11:40:16.423+0000] {dagbag.py:587} INFO - Filling up the DagBag from /opt/airflow/dags/ETL.py
[2024-09-03T11:40:16.460+0000] {processor.py:925} INFO - DAG(s) 'ETL_apache_airflow' retrieved from /opt/airflow/dags/ETL.py
[2024-09-03T11:40:16.501+0000] {logging_mixin.py:190} INFO - [2024-09-03T11:40:16.501+0000] {dag.py:3211} INFO - Sync 1 DAGs
[2024-09-03T11:40:16.550+0000] {logging_mixin.py:190} INFO - [2024-09-03T11:40:16.549+0000] {dag.py:4138} INFO - Setting next_dagrun for ETL_apache_airflow to 2024-09-03 00:00:00+00:00, run_after=2024-09-04 00:00:00+00:00
[2024-09-03T11:40:16.595+0000] {processor.py:208} INFO - Processing /opt/airflow/dags/ETL.py took 0.187 seconds
[2024-09-03T11:40:46.765+0000] {processor.py:186} INFO - Started process (PID=1719) to work on /opt/airflow/dags/ETL.py
[2024-09-03T11:40:46.766+0000] {processor.py:914} INFO - Processing file /opt/airflow/dags/ETL.py for tasks to queue
[2024-09-03T11:40:46.770+0000] {logging_mixin.py:190} INFO - [2024-09-03T11:40:46.769+0000] {dagbag.py:587} INFO - Filling up the DagBag from /opt/airflow/dags/ETL.py
[2024-09-03T11:40:46.809+0000] {processor.py:925} INFO - DAG(s) 'ETL_apache_airflow' retrieved from /opt/airflow/dags/ETL.py
[2024-09-03T11:40:46.856+0000] {logging_mixin.py:190} INFO - [2024-09-03T11:40:46.855+0000] {dag.py:3211} INFO - Sync 1 DAGs
[2024-09-03T11:40:46.898+0000] {logging_mixin.py:190} INFO - [2024-09-03T11:40:46.898+0000] {dag.py:4138} INFO - Setting next_dagrun for ETL_apache_airflow to 2024-09-03 00:00:00+00:00, run_after=2024-09-04 00:00:00+00:00
[2024-09-03T11:40:46.947+0000] {processor.py:208} INFO - Processing /opt/airflow/dags/ETL.py took 0.192 seconds
[2024-09-03T11:41:17.515+0000] {processor.py:186} INFO - Started process (PID=1782) to work on /opt/airflow/dags/ETL.py
[2024-09-03T11:41:17.518+0000] {processor.py:914} INFO - Processing file /opt/airflow/dags/ETL.py for tasks to queue
[2024-09-03T11:41:17.525+0000] {logging_mixin.py:190} INFO - [2024-09-03T11:41:17.524+0000] {dagbag.py:587} INFO - Filling up the DagBag from /opt/airflow/dags/ETL.py
[2024-09-03T11:41:17.569+0000] {processor.py:925} INFO - DAG(s) 'ETL_apache_airflow' retrieved from /opt/airflow/dags/ETL.py
[2024-09-03T11:41:17.627+0000] {logging_mixin.py:190} INFO - [2024-09-03T11:41:17.626+0000] {dag.py:3211} INFO - Sync 1 DAGs
[2024-09-03T11:41:17.686+0000] {logging_mixin.py:190} INFO - [2024-09-03T11:41:17.686+0000] {dag.py:4138} INFO - Setting next_dagrun for ETL_apache_airflow to 2024-09-03 00:00:00+00:00, run_after=2024-09-04 00:00:00+00:00
[2024-09-03T11:41:17.732+0000] {processor.py:208} INFO - Processing /opt/airflow/dags/ETL.py took 0.231 seconds
[2024-09-03T11:41:48.706+0000] {processor.py:186} INFO - Started process (PID=1845) to work on /opt/airflow/dags/ETL.py
[2024-09-03T11:41:48.709+0000] {processor.py:914} INFO - Processing file /opt/airflow/dags/ETL.py for tasks to queue
[2024-09-03T11:41:48.716+0000] {logging_mixin.py:190} INFO - [2024-09-03T11:41:48.715+0000] {dagbag.py:587} INFO - Filling up the DagBag from /opt/airflow/dags/ETL.py
[2024-09-03T11:41:48.771+0000] {processor.py:925} INFO - DAG(s) 'ETL_apache_airflow' retrieved from /opt/airflow/dags/ETL.py
[2024-09-03T11:41:48.835+0000] {logging_mixin.py:190} INFO - [2024-09-03T11:41:48.834+0000] {dag.py:3211} INFO - Sync 1 DAGs
[2024-09-03T11:41:48.884+0000] {logging_mixin.py:190} INFO - [2024-09-03T11:41:48.884+0000] {dag.py:4138} INFO - Setting next_dagrun for ETL_apache_airflow to 2024-09-03 00:00:00+00:00, run_after=2024-09-04 00:00:00+00:00
[2024-09-03T11:41:48.945+0000] {processor.py:208} INFO - Processing /opt/airflow/dags/ETL.py took 0.249 seconds
[2024-09-03T11:42:19.490+0000] {processor.py:186} INFO - Started process (PID=1908) to work on /opt/airflow/dags/ETL.py
[2024-09-03T11:42:19.492+0000] {processor.py:914} INFO - Processing file /opt/airflow/dags/ETL.py for tasks to queue
[2024-09-03T11:42:19.500+0000] {logging_mixin.py:190} INFO - [2024-09-03T11:42:19.499+0000] {dagbag.py:587} INFO - Filling up the DagBag from /opt/airflow/dags/ETL.py
[2024-09-03T11:42:19.563+0000] {processor.py:925} INFO - DAG(s) 'ETL_apache_airflow' retrieved from /opt/airflow/dags/ETL.py
[2024-09-03T11:42:19.629+0000] {logging_mixin.py:190} INFO - [2024-09-03T11:42:19.628+0000] {dag.py:3211} INFO - Sync 1 DAGs
[2024-09-03T11:42:19.707+0000] {logging_mixin.py:190} INFO - [2024-09-03T11:42:19.706+0000] {dag.py:4138} INFO - Setting next_dagrun for ETL_apache_airflow to 2024-09-03 00:00:00+00:00, run_after=2024-09-04 00:00:00+00:00
[2024-09-03T11:42:19.770+0000] {processor.py:208} INFO - Processing /opt/airflow/dags/ETL.py took 0.299 seconds
[2024-09-03T11:42:50.132+0000] {processor.py:186} INFO - Started process (PID=1971) to work on /opt/airflow/dags/ETL.py
[2024-09-03T11:42:50.134+0000] {processor.py:914} INFO - Processing file /opt/airflow/dags/ETL.py for tasks to queue
[2024-09-03T11:42:50.138+0000] {logging_mixin.py:190} INFO - [2024-09-03T11:42:50.137+0000] {dagbag.py:587} INFO - Filling up the DagBag from /opt/airflow/dags/ETL.py
[2024-09-03T11:42:50.170+0000] {processor.py:925} INFO - DAG(s) 'ETL_apache_airflow' retrieved from /opt/airflow/dags/ETL.py
[2024-09-03T11:42:50.215+0000] {logging_mixin.py:190} INFO - [2024-09-03T11:42:50.214+0000] {dag.py:3211} INFO - Sync 1 DAGs
[2024-09-03T11:42:50.263+0000] {logging_mixin.py:190} INFO - [2024-09-03T11:42:50.263+0000] {dag.py:4138} INFO - Setting next_dagrun for ETL_apache_airflow to 2024-09-03 00:00:00+00:00, run_after=2024-09-04 00:00:00+00:00
[2024-09-03T11:42:50.303+0000] {processor.py:208} INFO - Processing /opt/airflow/dags/ETL.py took 0.177 seconds
[2024-09-03T11:43:20.599+0000] {processor.py:186} INFO - Started process (PID=2034) to work on /opt/airflow/dags/ETL.py
[2024-09-03T11:43:20.601+0000] {processor.py:914} INFO - Processing file /opt/airflow/dags/ETL.py for tasks to queue
[2024-09-03T11:43:20.605+0000] {logging_mixin.py:190} INFO - [2024-09-03T11:43:20.604+0000] {dagbag.py:587} INFO - Filling up the DagBag from /opt/airflow/dags/ETL.py
[2024-09-03T11:43:20.642+0000] {processor.py:925} INFO - DAG(s) 'ETL_apache_airflow' retrieved from /opt/airflow/dags/ETL.py
[2024-09-03T11:43:20.690+0000] {logging_mixin.py:190} INFO - [2024-09-03T11:43:20.689+0000] {dag.py:3211} INFO - Sync 1 DAGs
[2024-09-03T11:43:20.734+0000] {logging_mixin.py:190} INFO - [2024-09-03T11:43:20.733+0000] {dag.py:4138} INFO - Setting next_dagrun for ETL_apache_airflow to 2024-09-03 00:00:00+00:00, run_after=2024-09-04 00:00:00+00:00
[2024-09-03T11:43:20.778+0000] {processor.py:208} INFO - Processing /opt/airflow/dags/ETL.py took 0.187 seconds
[2024-09-03T11:43:51.226+0000] {processor.py:186} INFO - Started process (PID=2097) to work on /opt/airflow/dags/ETL.py
[2024-09-03T11:43:51.228+0000] {processor.py:914} INFO - Processing file /opt/airflow/dags/ETL.py for tasks to queue
[2024-09-03T11:43:51.239+0000] {logging_mixin.py:190} INFO - [2024-09-03T11:43:51.238+0000] {dagbag.py:587} INFO - Filling up the DagBag from /opt/airflow/dags/ETL.py
[2024-09-03T11:43:51.282+0000] {processor.py:925} INFO - DAG(s) 'ETL_apache_airflow' retrieved from /opt/airflow/dags/ETL.py
[2024-09-03T11:43:51.344+0000] {logging_mixin.py:190} INFO - [2024-09-03T11:43:51.343+0000] {dag.py:3211} INFO - Sync 1 DAGs
[2024-09-03T11:43:51.398+0000] {logging_mixin.py:190} INFO - [2024-09-03T11:43:51.398+0000] {dag.py:4138} INFO - Setting next_dagrun for ETL_apache_airflow to 2024-09-03 00:00:00+00:00, run_after=2024-09-04 00:00:00+00:00
[2024-09-03T11:43:51.436+0000] {processor.py:208} INFO - Processing /opt/airflow/dags/ETL.py took 0.228 seconds
[2024-09-03T11:44:21.895+0000] {processor.py:186} INFO - Started process (PID=2160) to work on /opt/airflow/dags/ETL.py
[2024-09-03T11:44:21.896+0000] {processor.py:914} INFO - Processing file /opt/airflow/dags/ETL.py for tasks to queue
[2024-09-03T11:44:21.899+0000] {logging_mixin.py:190} INFO - [2024-09-03T11:44:21.898+0000] {dagbag.py:587} INFO - Filling up the DagBag from /opt/airflow/dags/ETL.py
[2024-09-03T11:44:21.928+0000] {processor.py:925} INFO - DAG(s) 'ETL_apache_airflow' retrieved from /opt/airflow/dags/ETL.py
[2024-09-03T11:44:21.953+0000] {logging_mixin.py:190} INFO - [2024-09-03T11:44:21.952+0000] {dag.py:3211} INFO - Sync 1 DAGs
[2024-09-03T11:44:21.982+0000] {logging_mixin.py:190} INFO - [2024-09-03T11:44:21.982+0000] {dag.py:4138} INFO - Setting next_dagrun for ETL_apache_airflow to 2024-09-03 00:00:00+00:00, run_after=2024-09-04 00:00:00+00:00
[2024-09-03T11:44:22.021+0000] {processor.py:208} INFO - Processing /opt/airflow/dags/ETL.py took 0.132 seconds
[2024-09-03T11:44:52.198+0000] {processor.py:186} INFO - Started process (PID=2223) to work on /opt/airflow/dags/ETL.py
[2024-09-03T11:44:52.199+0000] {processor.py:914} INFO - Processing file /opt/airflow/dags/ETL.py for tasks to queue
[2024-09-03T11:44:52.203+0000] {logging_mixin.py:190} INFO - [2024-09-03T11:44:52.202+0000] {dagbag.py:587} INFO - Filling up the DagBag from /opt/airflow/dags/ETL.py
[2024-09-03T11:44:52.228+0000] {processor.py:925} INFO - DAG(s) 'ETL_apache_airflow' retrieved from /opt/airflow/dags/ETL.py
[2024-09-03T11:44:52.258+0000] {logging_mixin.py:190} INFO - [2024-09-03T11:44:52.257+0000] {dag.py:3211} INFO - Sync 1 DAGs
[2024-09-03T11:44:52.285+0000] {logging_mixin.py:190} INFO - [2024-09-03T11:44:52.285+0000] {dag.py:4138} INFO - Setting next_dagrun for ETL_apache_airflow to 2024-09-03 00:00:00+00:00, run_after=2024-09-04 00:00:00+00:00
[2024-09-03T11:44:52.314+0000] {processor.py:208} INFO - Processing /opt/airflow/dags/ETL.py took 0.122 seconds
[2024-09-03T11:45:23.168+0000] {processor.py:186} INFO - Started process (PID=2286) to work on /opt/airflow/dags/ETL.py
[2024-09-03T11:45:23.170+0000] {processor.py:914} INFO - Processing file /opt/airflow/dags/ETL.py for tasks to queue
[2024-09-03T11:45:23.182+0000] {logging_mixin.py:190} INFO - [2024-09-03T11:45:23.181+0000] {dagbag.py:587} INFO - Filling up the DagBag from /opt/airflow/dags/ETL.py
[2024-09-03T11:45:23.260+0000] {processor.py:925} INFO - DAG(s) 'ETL_apache_airflow' retrieved from /opt/airflow/dags/ETL.py
[2024-09-03T11:45:23.298+0000] {logging_mixin.py:190} INFO - [2024-09-03T11:45:23.297+0000] {dag.py:3211} INFO - Sync 1 DAGs
[2024-09-03T11:45:23.330+0000] {logging_mixin.py:190} INFO - [2024-09-03T11:45:23.330+0000] {dag.py:4138} INFO - Setting next_dagrun for ETL_apache_airflow to 2024-09-03 00:00:00+00:00, run_after=2024-09-04 00:00:00+00:00
[2024-09-03T11:45:23.370+0000] {processor.py:208} INFO - Processing /opt/airflow/dags/ETL.py took 0.226 seconds
[2024-09-03T11:45:53.667+0000] {processor.py:186} INFO - Started process (PID=2349) to work on /opt/airflow/dags/ETL.py
[2024-09-03T11:45:53.735+0000] {processor.py:914} INFO - Processing file /opt/airflow/dags/ETL.py for tasks to queue
[2024-09-03T11:45:53.739+0000] {logging_mixin.py:190} INFO - [2024-09-03T11:45:53.738+0000] {dagbag.py:587} INFO - Filling up the DagBag from /opt/airflow/dags/ETL.py
[2024-09-03T11:45:53.789+0000] {processor.py:925} INFO - DAG(s) 'ETL_apache_airflow' retrieved from /opt/airflow/dags/ETL.py
[2024-09-03T11:45:53.835+0000] {logging_mixin.py:190} INFO - [2024-09-03T11:45:53.834+0000] {dag.py:3211} INFO - Sync 1 DAGs
[2024-09-03T11:45:53.923+0000] {logging_mixin.py:190} INFO - [2024-09-03T11:45:53.923+0000] {dag.py:4138} INFO - Setting next_dagrun for ETL_apache_airflow to 2024-09-03 00:00:00+00:00, run_after=2024-09-04 00:00:00+00:00
[2024-09-03T11:45:53.968+0000] {processor.py:208} INFO - Processing /opt/airflow/dags/ETL.py took 0.315 seconds
[2024-09-03T11:46:24.323+0000] {processor.py:186} INFO - Started process (PID=2412) to work on /opt/airflow/dags/ETL.py
[2024-09-03T11:46:24.324+0000] {processor.py:914} INFO - Processing file /opt/airflow/dags/ETL.py for tasks to queue
[2024-09-03T11:46:24.327+0000] {logging_mixin.py:190} INFO - [2024-09-03T11:46:24.327+0000] {dagbag.py:587} INFO - Filling up the DagBag from /opt/airflow/dags/ETL.py
[2024-09-03T11:46:24.356+0000] {processor.py:925} INFO - DAG(s) 'ETL_apache_airflow' retrieved from /opt/airflow/dags/ETL.py
[2024-09-03T11:46:24.385+0000] {logging_mixin.py:190} INFO - [2024-09-03T11:46:24.385+0000] {dag.py:3211} INFO - Sync 1 DAGs
[2024-09-03T11:46:24.409+0000] {logging_mixin.py:190} INFO - [2024-09-03T11:46:24.409+0000] {dag.py:4138} INFO - Setting next_dagrun for ETL_apache_airflow to 2024-09-03 00:00:00+00:00, run_after=2024-09-04 00:00:00+00:00
[2024-09-03T11:46:24.433+0000] {processor.py:208} INFO - Processing /opt/airflow/dags/ETL.py took 0.115 seconds
[2024-09-03T11:46:54.732+0000] {processor.py:186} INFO - Started process (PID=2476) to work on /opt/airflow/dags/ETL.py
[2024-09-03T11:46:54.734+0000] {processor.py:914} INFO - Processing file /opt/airflow/dags/ETL.py for tasks to queue
[2024-09-03T11:46:54.739+0000] {logging_mixin.py:190} INFO - [2024-09-03T11:46:54.738+0000] {dagbag.py:587} INFO - Filling up the DagBag from /opt/airflow/dags/ETL.py
[2024-09-03T11:46:54.773+0000] {processor.py:925} INFO - DAG(s) 'ETL_apache_airflow' retrieved from /opt/airflow/dags/ETL.py
[2024-09-03T11:46:54.812+0000] {logging_mixin.py:190} INFO - [2024-09-03T11:46:54.812+0000] {dag.py:3211} INFO - Sync 1 DAGs
[2024-09-03T11:46:54.846+0000] {logging_mixin.py:190} INFO - [2024-09-03T11:46:54.846+0000] {dag.py:4138} INFO - Setting next_dagrun for ETL_apache_airflow to 2024-09-03 00:00:00+00:00, run_after=2024-09-04 00:00:00+00:00
[2024-09-03T11:46:54.896+0000] {processor.py:208} INFO - Processing /opt/airflow/dags/ETL.py took 0.173 seconds
[2024-09-03T11:47:25.240+0000] {processor.py:186} INFO - Started process (PID=2539) to work on /opt/airflow/dags/ETL.py
[2024-09-03T11:47:25.243+0000] {processor.py:914} INFO - Processing file /opt/airflow/dags/ETL.py for tasks to queue
[2024-09-03T11:47:25.247+0000] {logging_mixin.py:190} INFO - [2024-09-03T11:47:25.247+0000] {dagbag.py:587} INFO - Filling up the DagBag from /opt/airflow/dags/ETL.py
[2024-09-03T11:47:25.295+0000] {processor.py:925} INFO - DAG(s) 'ETL_apache_airflow' retrieved from /opt/airflow/dags/ETL.py
[2024-09-03T11:47:25.356+0000] {logging_mixin.py:190} INFO - [2024-09-03T11:47:25.355+0000] {dag.py:3211} INFO - Sync 1 DAGs
[2024-09-03T11:47:25.409+0000] {logging_mixin.py:190} INFO - [2024-09-03T11:47:25.409+0000] {dag.py:4138} INFO - Setting next_dagrun for ETL_apache_airflow to 2024-09-03 00:00:00+00:00, run_after=2024-09-04 00:00:00+00:00
[2024-09-03T11:47:25.458+0000] {processor.py:208} INFO - Processing /opt/airflow/dags/ETL.py took 0.229 seconds
[2024-09-03T11:47:55.608+0000] {processor.py:186} INFO - Started process (PID=2602) to work on /opt/airflow/dags/ETL.py
[2024-09-03T11:47:55.611+0000] {processor.py:914} INFO - Processing file /opt/airflow/dags/ETL.py for tasks to queue
[2024-09-03T11:47:55.621+0000] {logging_mixin.py:190} INFO - [2024-09-03T11:47:55.620+0000] {dagbag.py:587} INFO - Filling up the DagBag from /opt/airflow/dags/ETL.py
[2024-09-03T11:47:55.695+0000] {processor.py:925} INFO - DAG(s) 'ETL_apache_airflow' retrieved from /opt/airflow/dags/ETL.py
[2024-09-03T11:47:55.757+0000] {logging_mixin.py:190} INFO - [2024-09-03T11:47:55.756+0000] {dag.py:3211} INFO - Sync 1 DAGs
[2024-09-03T11:47:55.826+0000] {logging_mixin.py:190} INFO - [2024-09-03T11:47:55.815+0000] {dag.py:4138} INFO - Setting next_dagrun for ETL_apache_airflow to 2024-09-03 00:00:00+00:00, run_after=2024-09-04 00:00:00+00:00
[2024-09-03T11:47:55.894+0000] {processor.py:208} INFO - Processing /opt/airflow/dags/ETL.py took 0.297 seconds
[2024-09-03T11:48:26.232+0000] {processor.py:186} INFO - Started process (PID=2665) to work on /opt/airflow/dags/ETL.py
[2024-09-03T11:48:26.234+0000] {processor.py:914} INFO - Processing file /opt/airflow/dags/ETL.py for tasks to queue
[2024-09-03T11:48:26.239+0000] {logging_mixin.py:190} INFO - [2024-09-03T11:48:26.238+0000] {dagbag.py:587} INFO - Filling up the DagBag from /opt/airflow/dags/ETL.py
[2024-09-03T11:48:26.281+0000] {processor.py:925} INFO - DAG(s) 'ETL_apache_airflow' retrieved from /opt/airflow/dags/ETL.py
[2024-09-03T11:48:26.332+0000] {logging_mixin.py:190} INFO - [2024-09-03T11:48:26.332+0000] {dag.py:3211} INFO - Sync 1 DAGs
[2024-09-03T11:48:26.378+0000] {logging_mixin.py:190} INFO - [2024-09-03T11:48:26.377+0000] {dag.py:4138} INFO - Setting next_dagrun for ETL_apache_airflow to 2024-09-03 00:00:00+00:00, run_after=2024-09-04 00:00:00+00:00
[2024-09-03T11:48:26.423+0000] {processor.py:208} INFO - Processing /opt/airflow/dags/ETL.py took 0.201 seconds
[2024-09-03T11:48:56.569+0000] {processor.py:186} INFO - Started process (PID=2728) to work on /opt/airflow/dags/ETL.py
[2024-09-03T11:48:56.571+0000] {processor.py:914} INFO - Processing file /opt/airflow/dags/ETL.py for tasks to queue
[2024-09-03T11:48:56.576+0000] {logging_mixin.py:190} INFO - [2024-09-03T11:48:56.575+0000] {dagbag.py:587} INFO - Filling up the DagBag from /opt/airflow/dags/ETL.py
[2024-09-03T11:48:56.620+0000] {processor.py:925} INFO - DAG(s) 'ETL_apache_airflow' retrieved from /opt/airflow/dags/ETL.py
[2024-09-03T11:48:56.671+0000] {logging_mixin.py:190} INFO - [2024-09-03T11:48:56.670+0000] {dag.py:3211} INFO - Sync 1 DAGs
[2024-09-03T11:48:56.719+0000] {logging_mixin.py:190} INFO - [2024-09-03T11:48:56.717+0000] {dag.py:4138} INFO - Setting next_dagrun for ETL_apache_airflow to 2024-09-03 00:00:00+00:00, run_after=2024-09-04 00:00:00+00:00
[2024-09-03T11:48:56.771+0000] {processor.py:208} INFO - Processing /opt/airflow/dags/ETL.py took 0.212 seconds
[2024-09-03T11:49:27.748+0000] {processor.py:186} INFO - Started process (PID=2791) to work on /opt/airflow/dags/ETL.py
[2024-09-03T11:49:27.752+0000] {processor.py:914} INFO - Processing file /opt/airflow/dags/ETL.py for tasks to queue
[2024-09-03T11:49:27.756+0000] {logging_mixin.py:190} INFO - [2024-09-03T11:49:27.756+0000] {dagbag.py:587} INFO - Filling up the DagBag from /opt/airflow/dags/ETL.py
[2024-09-03T11:49:27.872+0000] {processor.py:925} INFO - DAG(s) 'ETL_apache_airflow' retrieved from /opt/airflow/dags/ETL.py
[2024-09-03T11:49:27.970+0000] {logging_mixin.py:190} INFO - [2024-09-03T11:49:27.970+0000] {dag.py:3211} INFO - Sync 1 DAGs
[2024-09-03T11:49:28.064+0000] {logging_mixin.py:190} INFO - [2024-09-03T11:49:28.064+0000] {dag.py:4138} INFO - Setting next_dagrun for ETL_apache_airflow to 2024-09-03 00:00:00+00:00, run_after=2024-09-04 00:00:00+00:00
[2024-09-03T11:49:28.180+0000] {processor.py:208} INFO - Processing /opt/airflow/dags/ETL.py took 0.450 seconds
[2024-09-03T11:49:58.941+0000] {processor.py:186} INFO - Started process (PID=2854) to work on /opt/airflow/dags/ETL.py
[2024-09-03T11:49:58.943+0000] {processor.py:914} INFO - Processing file /opt/airflow/dags/ETL.py for tasks to queue
[2024-09-03T11:49:58.948+0000] {logging_mixin.py:190} INFO - [2024-09-03T11:49:58.947+0000] {dagbag.py:587} INFO - Filling up the DagBag from /opt/airflow/dags/ETL.py
[2024-09-03T11:49:58.995+0000] {processor.py:925} INFO - DAG(s) 'ETL_apache_airflow' retrieved from /opt/airflow/dags/ETL.py
[2024-09-03T11:49:59.039+0000] {logging_mixin.py:190} INFO - [2024-09-03T11:49:59.039+0000] {dag.py:3211} INFO - Sync 1 DAGs
[2024-09-03T11:49:59.103+0000] {logging_mixin.py:190} INFO - [2024-09-03T11:49:59.103+0000] {dag.py:4138} INFO - Setting next_dagrun for ETL_apache_airflow to 2024-09-03 00:00:00+00:00, run_after=2024-09-04 00:00:00+00:00
[2024-09-03T11:49:59.173+0000] {processor.py:208} INFO - Processing /opt/airflow/dags/ETL.py took 0.245 seconds
[2024-09-03T11:50:29.305+0000] {processor.py:186} INFO - Started process (PID=2917) to work on /opt/airflow/dags/ETL.py
[2024-09-03T11:50:29.308+0000] {processor.py:914} INFO - Processing file /opt/airflow/dags/ETL.py for tasks to queue
[2024-09-03T11:50:29.313+0000] {logging_mixin.py:190} INFO - [2024-09-03T11:50:29.312+0000] {dagbag.py:587} INFO - Filling up the DagBag from /opt/airflow/dags/ETL.py
[2024-09-03T11:50:29.364+0000] {processor.py:925} INFO - DAG(s) 'ETL_apache_airflow' retrieved from /opt/airflow/dags/ETL.py
[2024-09-03T11:50:29.422+0000] {logging_mixin.py:190} INFO - [2024-09-03T11:50:29.421+0000] {dag.py:3211} INFO - Sync 1 DAGs
[2024-09-03T11:50:29.542+0000] {logging_mixin.py:190} INFO - [2024-09-03T11:50:29.542+0000] {dag.py:4138} INFO - Setting next_dagrun for ETL_apache_airflow to 2024-09-03 00:00:00+00:00, run_after=2024-09-04 00:00:00+00:00
[2024-09-03T11:50:29.637+0000] {processor.py:208} INFO - Processing /opt/airflow/dags/ETL.py took 0.344 seconds
